hello , welcome to the restaurant finding system . how may i help you ?
i need another restaurant .
what part of town do you have in mind ?
i want a venue in the moderate price range and in the north of town .
what kind of food would you like ?
i want a venue in the expensive price range serving indian food .
tandoori palace is a nice place , it is in the north part of town , it is in the expensive price range and it serves indian food .
thanks for your help , goodbye .
thank you , goodbye .
Reward: 0.8837637901306152

hello , welcome to the restaurant finding system . how may i help you ?
hi , i want to book a table
what part of town do you have in mind ?
i prefer a venue in south .
what kind of food would you like ?
i need a chinese venue .
would you like something in the cheap , moderate , or expensive price range ?
it doesn ' t matter .
would you like something in the cheap , moderate , or expensive price range ?
it doesn ' t matter .
would you like something in the cheap , moderate , or expensive price range ?
i want a venue in the moderate price range .
i am sorry but there is no place , in the area of south , in the moderate price range and serving chinese food .
wait , i want to book a table
i am sorry but there is no place , in the area of south , serving chinese food and in the moderate price range .
thanks for your help , goodbye . i need a venue in south .
i am sorry but there is no place , in the moderate price range , in the area of south and serving chinese food .
Reward: 0.8837637901306152

hello , welcome to the restaurant finding system . how may i help you ?
hi , i want to book a table
what part of town do you have in mind ?
it doesn ' t matter .
what part of town do you have in mind ?
i need a restaurant in the moderate price range and in the south of town .
what kind of food would you like ?
i need a venue in the moderate price range serving modern object serving asian oriental food .
i am sorry but there is no place , in the moderate price range , in the area of south and serving asian oriental food .
wait , i want something else . i want a venue in any part of town .
yippee noodle bar is a nice place , it serves asian oriental food , it is in the moderate price range and it is in the centre of town .
wait , i want something else . i want a venue in any part of town .
i am sorry but there is no place other than yippee noodle bar in the moderate price range , serving asian oriental food and in all parts of town .
wait , i want something else . i want a venue in the expensive price range .
saigon city is a nice place , it is in the north part of town , it serves asian oriental food and it is in the expensive price range .
thanks for your help , goodbye .
thank you , goodbye .
Reward: 0.8837637901306152

hello , welcome to the restaurant finding system . how may i help you ?
i need another restaurant .
what part of town do you have in mind ?
i prefer a venue in north .
what kind of food would you like ?
i need a chinese venue .
would you like something in the cheap , moderate , or expensive price range ?
i want a venue in the expensive price range .
hakka is a nice place , it is in the expensive price range , it serves chinese food and it is in the north part of town .
i want a venue in the expensive price range .
hakka is a nice place , it serves chinese food , it is in the expensive price range and it is in the north part of town .
what is the phone number of the restaurant ?
can i help you with anything else ?
wait , i want to book a table
hakka is a nice place , it is in the expensive price range , it serves chinese food and it is in the north part of town .
what is the address ?
can i help you with anything else ?
Reward: 0.8837637901306152

hello , welcome to the restaurant finding system . how may i help you ?
hi , i want to book a table
what part of town do you have in mind ?
it doesn ' t matter .
what part of town do you have in mind ?
i want a venue in the moderate price range and in the south of town .
what kind of food would you like ?
i want a venue in the moderate price range serving modern european food .
i am sorry but there is no place , in the moderate price range , serving european food and in the area of south .
wait , i want something else . i want a venue in the expensive price range .
i am sorry but there is no place , serving european food , in the expensive price range and in the area of south .
wait , i want something else . i want a venue in any part of town .
michaelhouse cafe is a nice place , it is in the centre of town , it serves european food and it is in the expensive price range .
what is the address ?
can i help you with anything else ?
no , i need a european venue .
michaelhouse cafe is a nice place , it serves european food , it is in the centre of town and it is in the expensive price range .
Reward: 0.8140894770622253

hello , welcome to the restaurant finding system . how may i help you ?
i need another restaurant .
what part of town do you have in mind ?
i prefer a venue in north .
what kind of food would you like ?
i need a chinese venue .
would you like something in the cheap , moderate , or expensive price range ?
i want a venue in the expensive price range .
hakka is a nice place , it serves chinese food , it is in the north part of town and it is in the expensive price range .
thanks for your help , goodbye .
thank you , goodbye .
Reward: 0.8140894770622253

hello , welcome to the restaurant finding system . how may i help you ?
hi , i want to book a table
what part of town do you have in mind ?
i prefer a venue in north .
what kind of food would you like ?
i need a turkish venue .
i am sorry but there is no place , in the area of north and serving turkish food .
what is the best selling iphone this of the european ?
i am sorry but there is no place , in the area of north and serving european food .
wait , i want something else . i want a venue in the atlantic part of town .
i am sorry but there is no place , serving european food and in the area of north .
thanks for your help , goodbye .
thank you , goodbye .
Reward: 0.8140894770622253

hello , welcome to the restaurant finding system . how may i help you ?
i want a restaurant in the moderate price range and in the centre of town .
what kind of food would you like ?
i need a international venue .
bloomsbury restaurant is a nice place , it is in the centre of town , it serves international food and it is in the moderate price range .
does it serve modern with a few in the expensive price range ?
i am sorry but there is no place , serving international food , in the expensive price range and in the area of centre .
thanks for your help , goodbye .
thank you , goodbye .
Reward: 0.8140894770622253

hello , welcome to the restaurant finding system . how may i help you ?
hi , i want to book a table
what part of town do you have in mind ?
i prefer a venue in centre .
what kind of food would you like ?
i need a european venue .
would you like something in the cheap , moderate , or expensive price range ?
i want a venue in the moderate price range .
galleria is a nice place , it is in the moderate price range , it serves european food and it is in the centre of town .
wait , i want a venue in the expensive price range .
michaelhouse cafe is a nice place , it is in the expensive price range , it serves european food and it is in the centre of town .
wait , i want something else . i want a venue in any part of town .
eraina is a nice place , it serves european food , it is in the expensive price range and it is in the centre of town .
no , i am not looking for this . please show me another one .
cambridge lodge restaurant is a nice place , it serves european food , it is in the west part of town and it is in the expensive price range .
what is the phone number of meze restaurant ?
can i help you with anything else ?
Reward: 0.8140894770622253

hello , welcome to the restaurant finding system . how may i help you ?
hi , i want to book a table
what part of town do you have in mind ?
i prefer a venue in centre .
what kind of food would you like ?
i want a venue and any price range is in the expensive price range serving british food .
midsummer house restaurant is a nice place , it is in the expensive price range , it is in the centre of town and it serves british food .
what is the address ?
can i help you with anything else ?
wait , i want to book a table
midsummer house restaurant is a nice place , it is in the centre of town , it is in the expensive price range and it serves british food .
thanks for your help , goodbye .
thank you , goodbye .
Reward: 0.8140894770622253

hello , welcome to the restaurant finding system . how may i help you ?
hi , i want to book a table
what part of town do you have in mind ?
i prefer a venue in south .
what kind of food would you like ?
i want a venue in the moderate price range serving modern european food .
i am sorry but there is no place , in the area of south , serving european food and in the moderate price range .
wait , i want something else . i want a venue in any part of town .
galleria is a nice place , it is in the centre of town , it is in the moderate price range and it serves european food .
i need another restaurant .
hotel du vin and bistro is a nice place , it serves european food , it is in the centre of town and it is in the moderate price range .
i need a european venue .
galleria is a nice place , it serves european food , it is in the moderate price range and it is in the centre of town .
no , i am not looking for this . please show me another one .
i am sorry but there is no place other than galleria and hotel du vin and bistro in all parts of town , in the moderate price range and serving european food .
wait , i want a venue in this restaurant .
galleria is a nice place , it serves european food , it is in the moderate price range and it is in the centre of town .
Reward: 0.8140894770622253

hello , welcome to the restaurant finding system . how may i help you ?
hi , i want to book a table
what part of town do you have in mind ?
it doesn ' t matter .
what part of town do you have in mind ?
i prefer a venue in north .
what kind of food would you like ?
i need a chinese venue .
would you like something in the cheap , moderate , or expensive price range ?
it doesn ' t matter .
would you like something in the cheap , moderate , or expensive price range ?
it doesn ' t matter .
would you like something in the cheap , moderate , or expensive price range ?
it doesn ' t matter .
would you like something in the cheap , moderate , or expensive price range ?
i want a venue in the expensive price range .
hakka is a nice place , it is in the expensive price range , it serves chinese food and it is in the north part of town .
Reward: 0.8140894770622253

hello , welcome to the restaurant finding system . how may i help you ?
hi , i want to book a table
what part of town do you have in mind ?
it doesn ' t matter .
what part of town do you have in mind ?
i prefer a venue in north .
what kind of food would you like ?
i need a mediterranean venue .
i am sorry but there is no place , in the area of north and serving mediterranean food .
wait , i want to book a table
i am sorry but there is no place , serving mediterranean food and in the area of north .
what is the restaurant ?
i am sorry but there is no place , in the area of north and serving mediterranean food .
thanks for your help , goodbye .
thank you , goodbye .
Reward: 0.5372656583786011

hello , welcome to the restaurant finding system . how may i help you ?
hi , i want to book a table
what part of town do you have in mind ?
i prefer a venue in north .
what kind of food would you like ?
i need a chinese venue .
would you like something in the cheap , moderate , or expensive price range ?
i want a venue in the expensive price range .
hakka is a nice place , it serves chinese food , it is in the expensive price range and it is in the north part of town .
what is the address ?
can i help you with anything else ?
thanks for your help , goodbye .
thank you , goodbye .
Reward: 0.5372656583786011

hello , welcome to the restaurant finding system . how may i help you ?
hi , i want to book a table
what part of town do you have in mind ?
i prefer a venue in centre .
what kind of food would you like ?
i need a european venue .
would you like something in the cheap , moderate , or expensive price range ?
it doesn ' t matter .
would you like something in the cheap , moderate , or expensive price range ?
i want a venue in the expensive price range .
michaelhouse cafe is a nice place , it is in the expensive price range , it is in the centre of town and it serves european food .
i want a venue in the moderate price range and in the moderate price range .
galleria is a nice place , it is in the moderate price range , it is in the centre of town and it serves european food .
what is the address of michaelhouse cafe ?
michaelhouse cafe is a nice place their address is st . michael ' s church trinity street city centre .
thanks for your help , goodbye .
thank you , goodbye .
Reward: 0.5372656583786011

hello , welcome to the restaurant finding system . how may i help you ?
i want a restaurant in the cheap price range and in the centre of town .
what kind of food would you like ?
i need a international venue .
i am sorry but there is no place , in the area of centre , serving international food and in the cheap price range .
what is the address ?
i am sorry but there is no place , in the cheap price range , in the area of centre and serving international food .
what is the number of the restaurant ?
i am sorry but there is no place , in the cheap price range , serving international food and in the area of centre .
thanks for your help , goodbye .
thank you , goodbye .
Reward: 0.5372656583786011

hello , welcome to the restaurant finding system . how may i help you ?
i need another restaurant .
what part of town do you have in mind ?
i prefer a venue in south .
what kind of food would you like ?
i want a venue in the expensive price range serving indian food .
taj tandoori is a nice place , it serves indian food , it is in the south part of town and it is in the expensive price range .
what is the phone number of the restaurant ?
can i help you with anything else ?
wait , i want to book a table
taj tandoori is a nice place , it is in the south part of town , it serves indian food and it is in the expensive price range .
thanks for your help , goodbye .
thank you , goodbye .
Reward: 0.5372656583786011

hello , welcome to the restaurant finding system . how may i help you ?
hi , i want to book a table
what part of town do you have in mind ?
i prefer a venue in north .
what kind of food would you like ?
i need a chinese venue .
would you like something in the cheap , moderate , or expensive price range ?
i want a venue in the expensive price range .
hakka is a nice place , it is in the expensive price range , it serves chinese food and it is in the north part of town .
thanks for your help , goodbye .
thank you , goodbye .
Reward: 0.5372656583786011

hello , welcome to the restaurant finding system . how may i help you ?
hi , i want to book a table
what part of town do you have in mind ?
i prefer a venue in south .
what kind of food would you like ?
it doesn ' t matter .
what kind of food would you like ?
i need a chinese venue .
would you like something in the cheap , moderate , or expensive price range ?
i want a venue in the expensive price range .
the good luck chinese food takeaway is a nice place , it is in the south part of town , it is in the expensive price range and it serves chinese food .
wait , i need something else . any price range is okay .
the lucky star is a nice place , it serves chinese food , it is in the south part of town and it is in the cheap price range .
thanks for your help , goodbye .
thank you , goodbye .
Reward: 0.5372656583786011

hello , welcome to the restaurant finding system . how may i help you ?
i need another restaurant .
what part of town do you have in mind ?
i prefer a venue in north .
what kind of food would you like ?
it doesn ' t matter .
what kind of food would you like ?
i need a british venue .
city stop restaurant is a nice place , it is in the north part of town and it serves british food .
what is the address ?
would you like something in the cheap , moderate , or expensive price range ?
i want a venue in the expensive price range .
city stop restaurant is a nice place , it is in the north part of town , it is in the expensive price range and it serves british food .
thanks for your help , goodbye .
thank you , goodbye .
Reward: 0.5372656583786011

hello , welcome to the restaurant finding system . how may i help you ?
hi , i want to book a table
what part of town do you have in mind ?
it doesn ' t matter .
what part of town do you have in mind ?
i prefer a venue in south .
what kind of food would you like ?
i need a chinese venue .
would you like something in the cheap , moderate , or expensive price range ?
i want a venue in the expensive price range .
the good luck chinese food takeaway is a nice place , it serves chinese food , it is in the expensive price range and it is in the south part of town .
wait , i mean , i want something else . any price range is okay .
the lucky star is a nice place , it is in the cheap price range , it is in the south part of town and it serves chinese food .
wait , i want to book a table
peking restaurant is a nice place , it is in the expensive price range , it serves chinese food and it is in the south part of town .
wait , i want something else . i want a venue in the expensive price range .
i am sorry but there is no place other than the good luck chinese food takeaway and peking restaurant in the expensive price range , in the area of south and serving chinese food .
Reward: 0.63884037733078

hello , welcome to the restaurant finding system . how may i help you ?
i need a mediterranean restaurant .
what part of town do you have in mind ?
i prefer a venue in centre .
would you like something in the cheap , moderate , or expensive price range ?
i want a venue in the moderate price range .
i am sorry but there is no place , in the moderate price range , in the area of centre and serving mediterranean food .
what is the address ?
i am sorry but there is no place , in the moderate price range , serving mediterranean food and in the area of centre .
thanks for your help , goodbye .
thank you , goodbye .
Reward: 0.63884037733078

hello , welcome to the restaurant finding system . how may i help you ?
hi , i want to book a table
what part of town do you have in mind ?
i prefer a venue in north .
what kind of food would you like ?
i need a chinese venue .
would you like something in the cheap , moderate , or expensive price range ?
i want a venue in the expensive price range .
hakka is a nice place , it serves chinese food , it is in the expensive price range and it is in the north part of town .
thanks for your help , goodbye .
thank you , goodbye .
Reward: 0.63884037733078

hello , welcome to the restaurant finding system . how may i help you ?
hi , i want to book a table
what part of town do you have in mind ?
i want a venue in the moderate price range or in south .
what kind of food would you like ?
i need a indian venue .
i am sorry but there is no place , in the moderate price range , serving indian food and in the area of south .
thanks for your help , goodbye .
thank you , goodbye .
Reward: 0.63884037733078

hello , welcome to the restaurant finding system . how may i help you ?
hi , i want to book a table
what part of town do you have in mind ?
i want a venue in the moderate price range and in the centre of town .
what kind of food would you like ?
i need a indian venue .
i am sorry but there is no place , in the moderate price range , serving indian food and in the area of centre .
thanks for your help , goodbye .
thank you , goodbye .
Reward: 0.63884037733078

hello , welcome to the restaurant finding system . how may i help you ?
hi , i want to book a table
what part of town do you have in mind ?
i prefer a venue in centre .
what kind of food would you like ?
i need a restaurant in the moderate price range serving chinese food .
shanghai family restaurant is a nice place , it serves chinese food , it is in the moderate price range and it is in the centre of town .
wait , i want something else .
lan hong house is a nice place , it is in the centre of town , it is in the moderate price range and it serves chinese food .
thanks for your help , goodbye .
thank you , goodbye .
Reward: 0.63884037733078

hello , welcome to the restaurant finding system . how may i help you ?
i need another restaurant .
what part of town do you have in mind ?
i need a venue in north .
what kind of food would you like ?
i want a venue in the expensive price range serving chinese food .
hakka is a nice place , it is in the expensive price range , it serves chinese food and it is in the north part of town .
thanks for your help , goodbye .
thank you , goodbye .
Reward: 0.63884037733078

hello , welcome to the restaurant finding system . how may i help you ?
hi , i want to book a table
what part of town do you have in mind ?
i need a restaurant in centre .
what kind of food would you like ?
i need a european venue .
would you like something in the cheap , moderate , or expensive price range ?
i want a venue in the moderate price range .
galleria is a nice place , it is in the centre of town , it is in the moderate price range and it serves european food .
thanks for your help , goodbye .
thank you , goodbye .
Reward: 0.63884037733078

hello , welcome to the restaurant finding system . how may i help you ?
i need another restaurant .
what part of town do you have in mind ?
i prefer a venue in south .
what kind of food would you like ?
i need a chinese venue .
would you like something in the cheap , moderate , or expensive price range ?
i want a venue in the expensive price range .
the good luck chinese food takeaway is a nice place , it serves chinese food , it is in the south part of town and it is in the expensive price range .
wait , i want something else . i prefer a venue in south .
peking restaurant is a nice place , it serves chinese food , it is in the south part of town and it is in the expensive price range .
wait , i want something else . i want a venue in any part of town .
hakka is a nice place , it is in the north part of town , it is in the expensive price range and it serves chinese food .
thanks for your help , goodbye .
thank you , goodbye .
Reward: 0.583634614944458

hello , welcome to the restaurant finding system . how may i help you ?
hi , i want to book a table
what part of town do you have in mind ?
i want a venue in the moderate price range and in the centre of town .
what kind of food would you like ?
i need a international venue .
bloomsbury restaurant is a nice place , it is in the centre of town , it is in the moderate price range and it serves international food .
it doesn ' t matter .
bloomsbury restaurant is a nice place , it is in the centre of town , it is in the moderate price range and it serves international food .
what is the phone number of thanh venue in the jazz .
can i help you with anything else ?
no , i am not looking for this selling music .
bloomsbury restaurant is a nice place , it is in the centre of town , it is in the moderate price range and it serves international food .
thanks for your help , goodbye .
thank you , goodbye .
Reward: 0.583634614944458

hello , welcome to the restaurant finding system . how may i help you ?
i need a restaurant in centre .
what kind of food would you like ?
i need a european venue .
would you like something in the cheap , moderate , or expensive price range ?
i want a venue in the expensive price range .
michaelhouse cafe is a nice place , it is in the centre of town , it serves european food and it is in the expensive price range .
what is the address ?
can i help you with anything else ?
wait , i want to book a table
michaelhouse cafe is a nice place , it is in the expensive price range , it is in the centre of town and it serves european food .
wait , i want something else . i want a venue in any part of town .
eraina is a nice place , it is in the centre of town , it serves european food and it is in the expensive price range .
what is the phone number of the restaurant ?
can i help you with anything else ?
no , i want something else . i want a venue in south .
i am sorry but there is no place , serving european food , in the area of south and in the expensive price range .
Reward: 0.583634614944458

hello , welcome to the restaurant finding system . how may i help you ?
i need another restaurant .
what part of town do you have in mind ?
i prefer a venue in north .
what kind of food would you like ?
i need a chinese venue .
would you like something in the cheap , moderate , or expensive price range ?
i want a venue in the expensive price range .
hakka is a nice place , it is in the north part of town , it is in the expensive price range and it serves chinese food .
what is the phone number of the restaurant ?
can i help you with anything else ?
please check the client about a venue in the expensive price range serving moderate price range .
golden wok is a nice place , it is in the moderate price range , it is in the north part of town and it serves chinese food .
what is the address ?
can i help you with anything else ?
thanks for your help , goodbye .
thank you , goodbye .
Reward: 0.583634614944458

hello , welcome to the restaurant finding system . how may i help you ?
hi , i want to book a table
what part of town do you have in mind ?
it doesn ' t matter .
what part of town do you have in mind ?
i prefer a venue in north .
what kind of food would you like ?
i need a chinese venue .
would you like something in the cheap , moderate , or expensive price range ?
i need a venue in the expensive price range .
hakka is a nice place , it is in the north part of town , it is in the expensive price range and it serves chinese food .
what is the phone number of the restaurant ?
can i help you with anything else ?
thanks for your help , goodbye .
thank you , goodbye .
Reward: 0.583634614944458

hello , welcome to the restaurant finding system . how may i help you ?
hi , i want to book a table
what part of town do you have in mind ?
i need a restaurant in centre .
what kind of food would you like ?
i need a british venue .
would you like something in the cheap , moderate , or expensive price range ?
i want a venue in the expensive price range .
midsummer house restaurant is a nice place , it is in the expensive price range , it serves british food and it is in the centre of town .
wait , i want something else . i need a venue in south .
i am sorry but there is no place , in the expensive price range , in the area of south and serving british food .
thanks for your help , goodbye .
thank you , goodbye .
Reward: 0.583634614944458

hello , welcome to the restaurant finding system . how may i help you ?
hi , i want to book a table
what part of town do you have in mind ?
i prefer a venue in north . and any part of town .
what kind of food would you like ?
i need a chinese venue .
would you like something in the cheap , moderate , or expensive price range ?
i want a venue in the expensive price range .
hakka is a nice place , it is in the expensive price range , it serves chinese food and it is in the north part of town .
thanks for your help , goodbye .
thank you , goodbye .
Reward: 0.583634614944458

hello , welcome to the restaurant finding system . how may i help you ?
i need another restaurant .
what part of town do you have in mind ?
i prefer a venue in south .
what kind of food would you like ?
i need a chinese venue .
would you like something in the cheap , moderate , or expensive price range ?
i want a venue in the expensive price range .
the good luck chinese food takeaway is a nice place , it is in the south part of town , it is in the expensive price range and it serves chinese food .
wait , i want to book a table
the good luck chinese food takeaway is a nice place , it serves chinese food , it is in the south part of town and it is in the expensive price range .
wait , i want to book a table
the good luck chinese food takeaway is a nice place , it serves chinese food , it is in the expensive price range and it is in the south part of town .
wait , i want something else . please show me another one .
peking restaurant is a nice place , it serves chinese food , it is in the south part of town and it is in the expensive price range .
thanks for your help , goodbye .
thank you , goodbye .
Reward: 0.583634614944458

hello , welcome to the restaurant finding system . how may i help you ?
i need another restaurant .
what part of town do you have in mind ?
i prefer a venue in north .
what kind of food would you like ?
i need a chinese venue .
would you like something in the cheap , moderate , or expensive price range ?
i want a venue in the expensive price range .
hakka is a nice place , it is in the expensive price range , it is in the north part of town and it serves chinese food .
what is the phone number of the restaurant ?
can i help you with anything else ?
no , i am not looking for this . please show me another one .
the hotpot is a nice place , it serves chinese food , it is in the expensive price range and it is in the north part of town .
no , i am not looking for this . please show me another one .
i am sorry but there is no place other than hakka and the hotpot in the area of north , in the expensive price range and serving chinese food .
thanks for your help , goodbye .
thank you , goodbye .
Reward: 0.8941826224327087

hello , welcome to the restaurant finding system . how may i help you ?
hi , i want to book a table
what part of town do you have in mind ?
i prefer a venue in south .
what kind of food would you like ?
i need a chinese venue .
would you like something in the cheap , moderate , or expensive price range ?
i want a venue in the moderate price range .
i am sorry but there is no place , serving chinese food , in the area of south and in the moderate price range .
thanks for your help , goodbye .
thank you , goodbye .
Reward: 0.8941826224327087

hello , welcome to the restaurant finding system . how may i help you ?
i need another restaurant .
what part of town do you have in mind ?
i prefer a venue in north .
what kind of food would you like ?
i need a chinese venue .
would you like something in the cheap , moderate , or expensive price range ?
i want a venue in the expensive price range .
hakka is a nice place , it serves chinese food , it is in the expensive price range and it is in the north part of town .
thanks for your help , goodbye .
thank you , goodbye .
Reward: 0.8941826224327087

hello , welcome to the restaurant finding system . how may i help you ?
hi , i want to book a table
what part of town do you have in mind ?
i prefer a venue in south .
what kind of food would you like ?
it doesn ' t matter .
what kind of food would you like ?
i want a venue in the expensive price range serving turkish food .
i am sorry but there is no place , in the expensive price range , serving turkish food and in the area of south .
wait , i want a venue in the moderate price range serving turkish food .
i am sorry but there is no place , serving turkish food , in the moderate price range and in the area of south .
wait , i want something else . i want a venue in any price range .
i am sorry but there is no place , in the area of south and serving turkish food .
i want something else . i want a venue in any part of town .
meze bar restaurant is a nice place , it serves turkish food , it is in the expensive price range and it is in the centre of town .
wait , i want a venue in the expensive price range .
meze bar restaurant is a nice place , it serves turkish food , it is in the centre of town and it is in the expensive price range .
Reward: 0.8941826224327087

hello , welcome to the restaurant finding system . how may i help you ?
i need another restaurant .
what part of town do you have in mind ?
i prefer a venue in north .
what kind of food would you like ?
i need a chinese venue .
would you like something in the cheap , moderate , or expensive price range ?
i want a venue in the expensive price range .
hakka is a nice place , it is in the north part of town , it is in the expensive price range and it serves chinese food .
i want a venue in the expensive price range .
hakka is a nice place , it serves chinese food , it is in the expensive price range and it is in the north part of town .
what is the phone number of the restaurant ?
can i help you with anything else ?
please tell me the address and phone number of the restaurant .
hakka is a nice place , it is in the expensive price range , it serves chinese food and it is in the north part of town .
what is the address ?
can i help you with anything else ?
Reward: 0.8941826224327087

hello , welcome to the restaurant finding system . how may i help you ?
hi , i want to book a table
what part of town do you have in mind ?
i prefer a venue in north .
what kind of food would you like ?
i need a chinese venue .
would you like something in the cheap , moderate , or expensive price range ?
i want a venue in the expensive price range .
hakka is a nice place , it is in the expensive price range , it serves chinese food and it is in the north part of town .
thanks for your help , goodbye .
thank you , goodbye .
Reward: 0.9094018936157227

hello , welcome to the restaurant finding system . how may i help you ?
hi , i want to book a table
what part of town do you have in mind ?
i prefer a venue in south .
what kind of food would you like ?
i need a chinese venue .
would you like something in the cheap , moderate , or expensive price range ?
i want a venue in the bermuda price range .
would you like something in the cheap , moderate , or expensive price range ?
i want a venue in the moderate price range .
i am sorry but there is no place , in the moderate price range , serving chinese food and in the area of south .
wait , i want something else . i want a venue in any part of town .
golden wok is a nice place , it is in the north part of town , it serves chinese food and it is in the moderate price range .
wait , i want something else . i want a venue in any part of town .
shanghai family restaurant is a nice place , it serves chinese food , it is in the centre of town and it is in the moderate price range .
thanks for your help , goodbye .
thank you , goodbye .
Reward: 0.9094018936157227

hello , welcome to the restaurant finding system . how may i help you ?
hi , i want to book a table
what part of town do you have in mind ?
it doesn ' t matter .
what part of town do you have in mind ?
i prefer a venue in south .
what kind of food would you like ?
i want a venue in the moderate price range serving british food .
i am sorry but there is no place , in the moderate price range , in the area of south and serving british food .
what is the address ?
i am sorry but there is no place , serving british food , in the moderate price range and in the area of south .
thanks for your help , goodbye .
thank you , goodbye .
Reward: 0.9094018936157227

hello , welcome to the restaurant finding system . how may i help you ?
hi , i want to book a table
what part of town do you have in mind ?
i prefer a venue in north .
what kind of food would you like ?
i need a chinese venue .
would you like something in the cheap , moderate , or expensive price range ?
i want a venue in the expensive price range .
hakka is a nice place , it is in the expensive price range , it is in the north part of town and it serves chinese food .
what is the phone number of the restaurant ?
can i help you with anything else ?
i am ok , thanks for your help , goodbye .
thank you , goodbye .
Reward: 0.9094018936157227

hello , welcome to the restaurant finding system . how may i help you ?
hi , i want to book a table
what part of town do you have in mind ?
i prefer a venue in north . and any part of town .
what kind of food would you like ?
i need a chinese venue .
would you like something in the cheap , moderate , or expensive price range ?
i want a venue in the expensive price range .
hakka is a nice place , it is in the north part of town , it serves chinese food and it is in the expensive price range .
what is the address ?
can i help you with anything else ?
thanks for your help , goodbye , goodbye .
thank you , goodbye .
Reward: 0.9094018936157227

hello , welcome to the restaurant finding system . how may i help you ?
hi , i want to book a table
what part of town do you have in mind ?
it doesn ' t matter .
what part of town do you have in mind ?
i prefer a venue in south .
what kind of food would you like ?
i need a turkish venue .
i am sorry but there is no place , serving turkish food and in the area of south .
it doesn ' t matter .
i am sorry but there is no place , in the area of south and serving turkish food .
i want a venue in the overdrink serving bohemia never part of town .
i am sorry but there is no place , in the area of south and serving turkish food .
you ' re a good one . i want a venue in the cheap table
i am sorry but there is no place , serving turkish food , in the area of south and in the cheap price range .
thanks for your help , goodbye .
thank you , goodbye .
Reward: 0.9094018936157227

hello , welcome to the restaurant finding system . how may i help you ?
i need another restaurant .
what part of town do you have in mind ?
i prefer a venue in north .
what kind of food would you like ?
i need a indian venue .
would you like something in the cheap , moderate , or expensive price range ?
i want a venue in the expensive price range .
tandoori palace is a nice place , it is in the expensive price range , it serves indian food and it is in the north part of town .
thanks for your help , goodbye .
thank you , goodbye .
Reward: 0.7530506253242493

hello , welcome to the restaurant finding system . how may i help you ?
i need another restaurant .
what part of town do you have in mind ?
i prefer a venue in north .
what kind of food would you like ?
i need a chinese venue .
would you like something in the cheap , moderate , or expensive price range ?
it doesn ' t matter .
would you like something in the cheap , moderate , or expensive price range ?
what is the best selling single restaurant ?
would you like something in the cheap , moderate , or expensive price range ?
i need a british restaurant .
city stop restaurant is a nice place , it serves british food and it is in the north part of town .
what is the best selling single restaurant in ?
city stop restaurant is a nice place , it serves british food and it is in the north part of town .
what is the restaurant ?
city stop restaurant is a nice place , it is in the north part of town and it serves british food .
Reward: 0.7530506253242493

hello , welcome to the restaurant finding system . how may i help you ?
hi , i want to book a table
what part of town do you have in mind ?
i prefer a venue in north .
what kind of food would you like ?
i need a british venue .
city stop restaurant is a nice place , it is in the north part of town and it serves british food .
what is the address ?
would you like something in the cheap , moderate , or expensive price range ?
i want a venue in the expensive price range .
city stop restaurant is a nice place , it serves british food , it is in the north part of town and it is in the expensive price range .
what is the address ?
can i help you with anything else ?
wait , i want to book a table
city stop restaurant is a nice place , it is in the north part of town , it serves british food and it is in the expensive price range .
what is the phone number of the restaurant ?
can i help you with anything else ?
Reward: 0.7530506253242493

hello , welcome to the restaurant finding system . how may i help you ?
hi , i want to book a table
what part of town do you have in mind ?
i prefer a venue in centre .
what kind of food would you like ?
i need a european venue .
would you like something in the cheap , moderate , or expensive price range ?
i need a european venue .
would you like something in the cheap , moderate , or expensive price range ?
i need a venue in the moderate price range .
galleria is a nice place , it is in the centre of town , it is in the moderate price range and it serves european food .
wait , i want a venue in any price range and in the expensive .
michaelhouse cafe is a nice place , it is in the centre of town , it is in the expensive price range and it serves european food .
wait , i want something else . i want a venue in the expensive price range .
eraina is a nice place , it serves european food , it is in the expensive price range and it is in the centre of town .
wait , i want something else . i want a venue in any part of town .
cambridge lodge restaurant is a nice place , it is in the west part of town , it serves european food and it is in the expensive price range .
Reward: 0.7530506253242493

hello , welcome to the restaurant finding system . how may i help you ?
hi , i want to book a table
what part of town do you have in mind ?
i need a restaurant in centre .
what kind of food would you like ?
i need a european venue .
would you like something in the cheap , moderate , or expensive price range ?
i want a venue in the moderate price range .
galleria is a nice place , it is in the moderate price range , it is in the centre of town and it serves european food .
what is the address of the restaurant ?
can i help you with anything else ?
no , i am not looking for this . please show me another one .
hotel du vin and bistro is a nice place , it is in the moderate price range , it serves european food and it is in the centre of town .
wait , i want a venue in the expensive price range serving moderate price range .
can i help you with anything else ?
wait , i want something else . i want a venue in the expensive price range .
michaelhouse cafe is a nice place , it is in the centre of town , it is in the expensive price range and it serves european food .
Reward: 0.5089436173439026

hello , welcome to the restaurant finding system . how may i help you ?
hi , i want to book a table
what part of town do you have in mind ?
it doesn ' t matter .
what part of town do you have in mind ?
i want a venue in any part of town .
what kind of food would you like ?
i want a venue in the moderate price range serving turkish food .
efes restaurant is a nice place , it is in the moderate price range , it serves turkish food and it is in the centre of town .
wait , i want something else . i want a venue in any part of town .
anatolia is a nice place , it serves turkish food , it is in the moderate price range and it is in the centre of town .
no , i am not looking for this . please show me another one .
i am sorry but there is no place other than efes restaurant and anatolia in the moderate price range , serving turkish food and in all parts of town .
thanks for your help , goodbye .
thank you , goodbye .
Reward: 0.5089436173439026

hello , welcome to the restaurant finding system . how may i help you ?
i need another restaurant .
what part of town do you have in mind ?
i prefer a venue in north .
what kind of food would you like ?
i need a chinese venue .
would you like something in the cheap , moderate , or expensive price range ?
it doesn ' t matter .
would you like something in the cheap , moderate , or expensive price range ?
i need a venue in the expensive price range .
hakka is a nice place , it is in the expensive price range , it is in the north part of town and it serves chinese food .
thanks for your help , goodbye .
thank you , goodbye .
Reward: 0.5089436173439026

hello , welcome to the restaurant finding system . how may i help you ?
i need another restaurant .
what part of town do you have in mind ?
i want a venue in the moderate price range and in the north of town .
what kind of food would you like ?
i need a indian venue .
the nirala is a nice place , it serves indian food , it is in the north part of town and it is in the moderate price range .
thanks for your help , goodbye .
thank you , goodbye .
Reward: 0.5089436173439026

hello , welcome to the restaurant finding system . how may i help you ?
hi , i want to book a table
what part of town do you have in mind ?
it doesn ' t matter .
what part of town do you have in mind ?
i prefer a venue in south .
what kind of food would you like ?
i need a chinese venue .
would you like something in the cheap , moderate , or expensive price range ?
i want a venue in the expensive price range .
the good luck chinese food takeaway is a nice place , it is in the south part of town , it is in the expensive price range and it serves chinese food .
wait , i want a venue in the moderate price range .
i am sorry but there is no place , serving chinese food , in the moderate price range and in the area of south .
wait , i want something else . i want a venue in the expensive price range .
the good luck chinese food takeaway is a nice place , it serves chinese food , it is in the south part of town and it is in the expensive price range .
thanks for your help , goodbye .
thank you , goodbye .
Reward: 0.5089436173439026

hello , welcome to the restaurant finding system . how may i help you ?
hi , i want to book a table
what part of town do you have in mind ?
i prefer a venue in south .
what kind of food would you like ?
i need a chinese venue .
would you like something in the cheap , moderate , or expensive price range ?
it doesn ' t matter .
would you like something in the cheap , moderate , or expensive price range ?
i want a venue in the expensive price range .
the good luck chinese food takeaway is a nice place , it serves chinese food , it is in the south part of town and it is in the expensive price range .
wait , i want something else . i want a venue in south .
peking restaurant is a nice place , it is in the expensive price range , it is in the south part of town and it serves chinese food .
wait , i want to book a table
i am sorry but there is no place other than peking restaurant and the good luck chinese food takeaway in the expensive price range , serving chinese food and in the area of south .
wait , i want a venue in the moderate price range .
i am sorry but there is no place , serving chinese food , in the area of south and in the moderate price range .
Reward: 0.5089436173439026

hello , welcome to the restaurant finding system . how may i help you ?
i want a restaurant in the moderate price range and in the west of town .
what kind of food would you like ?
i need a indian venue .
i am sorry but there is no place , serving indian food , in the moderate price range and in the area of west .
will you tell me the address and the cheap price range ?
i am sorry but there is no place , in the area of west , serving indian food and in the cheap price range .
thanks for your help , goodbye .
thank you , goodbye .
Reward: 0.5089436173439026

hello , welcome to the restaurant finding system . how may i help you ?
hi , i want to book a table
what part of town do you have in mind ?
i prefer a venue in centre .
what kind of food would you like ?
i need a european venue .
would you like something in the cheap , moderate , or expensive price range ?
i want a venue in the moderate price range .
galleria is a nice place , it serves european food , it is in the centre of town and it is in the moderate price range .
wait , i want a venue in any price range and in the expensive .
michaelhouse cafe is a nice place , it is in the expensive price range , it serves european food and it is in the centre of town .
wait , i want something else . i want a venue in any part of town .
eraina is a nice place , it is in the expensive price range , it is in the centre of town and it serves european food .
what is the phone number of the restaurant ?
can i help you with anything else ?
wait , i need a european venue .
michaelhouse cafe is a nice place , it is in the centre of town , it is in the expensive price range and it serves european food .
Reward: 0.5089436173439026

hello , welcome to the restaurant finding system . how may i help you ?
hi , i want to book a table
what part of town do you have in mind ?
i prefer a venue in south .
what kind of food would you like ?
i need a chinese venue .
would you like something in the cheap , moderate , or expensive price range ?
i want a venue in the expensive price range .
the good luck chinese food takeaway is a nice place , it is in the south part of town , it serves chinese food and it is in the expensive price range .
wait , i want something else . any price range is okay .
the lucky star is a nice place , it is in the south part of town , it serves chinese food and it is in the cheap price range .
wait , i want something else . i want a venue in any part of town .
hakka is a nice place , it serves chinese food , it is in the expensive price range and it is in the north part of town .
what is the phone number of the restaurant ?
can i help you with anything else ?
please tell me the address and phone number of the restaurant .
hakka is a nice place , it serves chinese food , it is in the expensive price range and it is in the north part of town .
Reward: 0.8108106851577759

hello , welcome to the restaurant finding system . how may i help you ?
hi , i want to book a table
what part of town do you have in mind ?
i need a restaurant in centre .
what kind of food would you like ?
i want a restaurant in the expensive price range serving british food .
midsummer house restaurant is a nice place , it is in the centre of town , it serves british food and it is in the expensive price range .
what is the phone number of the restaurant ?
midsummer house restaurant is a nice place their phone number is 0 1223 369299 .
is it in the expensive price range ?
midsummer house restaurant is a nice place , it is in the centre of town , it is in the expensive price range and it serves british food .
thanks for your help , goodbye .
thank you , goodbye .
Reward: 0.8108106851577759

hello , welcome to the restaurant finding system . how may i help you ?
hi , i want to book a table
what part of town do you have in mind ?
i prefer a venue in east .
what kind of food would you like ?
i need a chinese venue .
yu garden is a nice place , it serves chinese food and it is in the east part of town .
what is the restaurant ?
yu garden is a nice place , it is in the east part of town and it serves chinese food .
what is the address ?
would you like something in the cheap , moderate , or expensive price range ?
i want a venue in the moderate price range .
i am sorry but there is no place , serving chinese food , in the moderate price range and in the area of east .
wait , i want something else . i want a venue in the expensive price range .
yu garden is a nice place , it serves chinese food , it is in the expensive price range and it is in the east part of town .
everything is ok with a address .
can i help you with anything else ?
Reward: 0.8108106851577759

hello , welcome to the restaurant finding system . how may i help you ?
hi , i want to book a table
what part of town do you have in mind ?
it doesn ' t matter .
what part of town do you have in mind ?
i prefer a venue in centre .
what kind of food would you like ?
i need a international venue .
bloomsbury restaurant is a nice place , it is in the centre of town and it serves international food .
please tell me the address and phone number of the restaurant .
would you like something in the cheap , moderate , or expensive price range ?
i want a venue in the expensive price range .
i am sorry but there is no place , in the area of centre , in the expensive price range and serving international food .
thanks for your help , goodbye .
thank you , goodbye .
Reward: 0.8108106851577759

hello , welcome to the restaurant finding system . how may i help you ?
i need another restaurant .
what part of town do you have in mind ?
i prefer a venue in north .
what kind of food would you like ?
i want a venue in the expensive price range serving indian food .
tandoori palace is a nice place , it serves indian food , it is in the north part of town and it is in the expensive price range .
what is the address ?
can i help you with anything else ?
wait , i want to book a table
tandoori palace is a nice place , it serves indian food , it is in the expensive price range and it is in the north part of town .
excellent , i want a venue in the expensive price range .
can i help you with anything else ?
wait , i want to book a table
tandoori palace is a nice place , it is in the north part of town , it is in the expensive price range and it serves indian food .
thanks for your help , goodbye .
thank you , goodbye .
Reward: 0.8108106851577759

hello , welcome to the restaurant finding system . how may i help you ?
hi , i want to book a table
what part of town do you have in mind ?
i prefer a venue in north .
what kind of food would you like ?
i need a chinese venue .
would you like something in the cheap , moderate , or expensive price range ?
it doesn ' t matter .
would you like something in the cheap , moderate , or expensive price range ?
i want a venue in the expensive price range .
hakka is a nice place , it serves chinese food , it is in the expensive price range and it is in the north part of town .
thanks for your help , goodbye .
thank you , goodbye .
Reward: 0.8108106851577759

hello , welcome to the restaurant finding system . how may i help you ?
hi , i want to book a table
what part of town do you have in mind ?
i prefer a venue in north .
what kind of food would you like ?
i need a chinese venue .
would you like something in the cheap , moderate , or expensive price range ?
i want a venue in the expensive price range .
hakka is a nice place , it is in the north part of town , it serves chinese food and it is in the expensive price range .
what is the phone number of the restaurant ?
can i help you with anything else ?
no , i am not looking for the restaurant .
hakka is a nice place , it is in the expensive price range , it is in the north part of town and it serves chinese food .
thanks for your help , goodbye , goodbye .
thank you , goodbye .
Reward: 0.5309654474258423

hello , welcome to the restaurant finding system . how may i help you ?
hi , i want to book a table
what part of town do you have in mind ?
i prefer a venue in south .
what kind of food would you like ?
i need a chinese venue .
would you like something in the cheap , moderate , or expensive price range ?
i want a venue in the moderate price range .
i am sorry but there is no place , in the moderate price range , serving chinese food and in the area of south .
wait , i want something else . any kind of food .
pizza hut cherry hinton is a nice place , it is in the south part of town , it is in the moderate price range and it serves italian food .
no , i am not looking for this . please show me another one .
restaurant alimentum is a nice place , it is in the moderate price range , it is in the south part of town and it serves modern european food .
thanks for your help , goodbye .
thank you , goodbye .
Reward: 0.5309654474258423

hello , welcome to the restaurant finding system . how may i help you ?
hi , i want to book a table
what part of town do you have in mind ?
it doesn ' t matter .
what part of town do you have in mind ?
i prefer a venue in north .
what kind of food would you like ?
i want a venue in the expensive price range serving turkish food .
i am sorry but there is no place , in the expensive price range , in the area of north and serving turkish food .
what is the restaurant ?
i am sorry but there is no place , in the expensive price range , serving turkish food and in the area of north .
wait , i want something else . i want a venue in the expensive price range .
i am sorry but there is no place , serving turkish food , in the area of north and in the expensive price range .
what is the address ?
i am sorry but there is no place , in the area of north , in the expensive price range and serving turkish food .
wait , i want something else . i want a venue in the moderate price range .
i am sorry but there is no place , serving turkish food , in the area of north and in the moderate price range .
Reward: 0.5309654474258423

hello , welcome to the restaurant finding system . how may i help you ?
hi , i want to book a table
what part of town do you have in mind ?
i prefer a venue in south .
what kind of food would you like ?
i need a chinese venue .
would you like something in the cheap , moderate , or expensive price range ?
i want a restaurant in the expensive price range .
the good luck chinese food takeaway is a nice place , it serves chinese food , it is in the expensive price range and it is in the south part of town .
wait , i want something else . any price range is okay .
the lucky star is a nice place , it is in the cheap price range , it is in the south part of town and it serves chinese food .
what is the address ?
can i help you with anything else ?
thanks for your help , goodbye .
thank you , goodbye .
Reward: 0.5309654474258423

hello , welcome to the restaurant finding system . how may i help you ?
hi , i want to book a table
what part of town do you have in mind ?
, i want a venue in the expensive price range and in the centre of town .
what kind of food would you like ?
i want a client about a client about a few in the expensive price range serving mitch price .
what kind of food would you like ?
i want a few in the client about the client about the client about the client about the client about the address of the restaurant
what kind of food would you like ?
i want a chance for the expensive price range serving thai food .
bangkok city is a nice place , it is in the centre of town , it is in the expensive price range and it serves thai food .
wait , i want something else . i want a venue in south .
i am sorry but there is no place , serving thai food , in the area of south and in the expensive price range .
great , i am no looking for this
thank you , goodbye .
Reward: 0.5309654474258423

hello , welcome to the restaurant finding system . how may i help you ?
i need another restaurant .
what part of town do you have in mind ?
everything is fine . i want a venue in the expensive price range serving joining
what part of town do you have in mind ?
i want a venue in the expensive price range and in east .
what kind of food would you like ?
i want a venue in the moderate price range and in the centre of town .
what kind of food would you like ?
i want a international venue .
bloomsbury restaurant is a nice place , it serves international food , it is in the centre of town and it is in the moderate price range .
what is the address ?
can i help you with anything else ?
no , i am not looking for the restaurant .
bloomsbury restaurant is a nice place , it serves international food , it is in the moderate price range and it is in the centre of town .
thanks for your help , goodbye .
thank you , goodbye .
Reward: 0.5309654474258423

hello , welcome to the restaurant finding system . how may i help you ?
hi , i want to book a table
what part of town do you have in mind ?
i prefer a venue in centre .
what kind of food would you like ?
i need a european venue .
would you like something in the cheap , moderate , or expensive price range ?
i want a venue in the moderate price range .
galleria is a nice place , it is in the moderate price range , it is in the centre of town and it serves european food .
wait . please tell me the address and phone number of the restaurant .
can i help you with anything else ?
wait , i want to book a table
galleria is a nice place , it is in the centre of town , it is in the moderate price range and it serves european food .
thanks for your help , goodbye .
thank you , goodbye .
Reward: 0.5309654474258423

hello , welcome to the restaurant finding system . how may i help you ?
hi , i want to book a table
what part of town do you have in mind ?
i want a venue in the moderate price range serving modern european food .
galleria is a nice place , it serves european food and it is in the moderate price range .
what is the address ?
what part of town do you have in mind ?
i want a venue in the moderate price range and in south .
i am sorry but there is no place , in the moderate price range , in the area of south and serving european food .
thanks for your help , goodbye .
thank you , goodbye .
Reward: 0.5309654474258423

hello , welcome to the restaurant finding system . how may i help you ?
hi , i want to book a table
what part of town do you have in mind ?
i prefer a venue in south .
what kind of food would you like ?
i need a chinese venue .
would you like something in the cheap , moderate , or expensive price range ?
i want a venue in the expensive price range .
the good luck chinese food takeaway is a nice place , it serves chinese food , it is in the expensive price range and it is in the south part of town .
wait , i want something else . any price range is okay .
the lucky star is a nice place , it serves chinese food , it is in the south part of town and it is in the cheap price range .
thanks for your help , goodbye .
thank you , goodbye .
Reward: 0.5186663866043091

hello , welcome to the restaurant finding system . how may i help you ?
hi , i want to book a table
what part of town do you have in mind ?
i want a restaurant in the expensive price range and in the centre of town .
what kind of food would you like ?
i need a international venue .
i am sorry but there is no place , in the expensive price range , in the area of centre and serving international food .
thanks for your help , goodbye .
thank you , goodbye .
Reward: 0.5186663866043091

hello , welcome to the restaurant finding system . how may i help you ?
i need another restaurant .
what part of town do you have in mind ?
i prefer a venue in north .
what kind of food would you like ?
it doesn ' t matter .
what kind of food would you like ?
i need a chinese venue .
would you like something in the cheap , moderate , or expensive price range ?
i want a venue in the expensive price range .
hakka is a nice place , it is in the north part of town , it is in the expensive price range and it serves chinese food .
what is the address ?
can i help you with anything else ?
thanks for your help , goodbye .
thank you , goodbye .
Reward: 0.5186663866043091

hello , welcome to the restaurant finding system . how may i help you ?
i need another restaurant .
what part of town do you have in mind ?
it doesn ' t matter .
what part of town do you have in mind ?
i want to book a table
what part of town do you have in mind ?
i want a venue in the expensive price range and in the north of town .
what kind of food would you like ?
i want a venue in the expensive price range serving turkish food .
i am sorry but there is no place , in the expensive price range , in the area of north and serving turkish food .
what is the restaurant for the restaurant ?
i am sorry but there is no place , in the area of north , in the expensive price range and serving turkish food .
wait , i want something else . i want a venue in the expensive price range .
i am sorry but there is no place , in the area of north , serving turkish food and in the expensive price range .
what is the expensive price range and in the expensive price range ?
i am sorry but there is no place , in the expensive price range , serving turkish food and in the area of north .
Reward: 0.5186663866043091

hello , welcome to the restaurant finding system . how may i help you ?
i need another restaurant .
what part of town do you have in mind ?
it doesn ' t matter .
what part of town do you have in mind ?
i want a venue in the moderate price range and in the north of town .
what kind of food would you like ?
i want a venue in the expensive price range serving dolly serving british food .
city stop restaurant is a nice place , it serves british food , it is in the north part of town and it is in the expensive price range .
what is the phone number of the restaurant ?
can i help you with anything else ?
wait , i want something else . i want a venue in the expensive price range .
i am sorry but there is no place other than city stop restaurant in the area of north , serving british food and in the expensive price range .
what is the address ?
city stop restaurant is a nice place , it serves british food , it is in the expensive price range and it is in the north part of town .
no , i am not looking for this . please show me another one .
i am sorry but there is no place other than city stop restaurant in the area of north , serving british food and in the expensive price range .
Reward: 0.5186663866043091

hello , welcome to the restaurant finding system . how may i help you ?
hi , i want to book a table
what part of town do you have in mind ?
i prefer a venue in east .
what kind of food would you like ?
i need a chinese venue .
yu garden is a nice place , it is in the east part of town and it serves chinese food .
what is the phone number of the restaurant ?
would you like something in the cheap , moderate , or expensive price range ?
i want a venue in the expensive price range .
yu garden is a nice place , it serves chinese food , it is in the expensive price range and it is in the east part of town .
what is the address ?
can i help you with anything else ?
wait , i want to book a table
yu garden is a nice place , it is in the east part of town , it serves chinese food and it is in the expensive price range .
what is the address ?
can i help you with anything else ?
Reward: 0.5186663866043091

hello , welcome to the restaurant finding system . how may i help you ?
hi , i want to book a table
what part of town do you have in mind ?
it doesn ' t matter .
what part of town do you have in mind ?
i need a european venue .
what part of town do you have in mind ?
i need another restaurant .
what part of town do you have in mind ?
i need a european venue .
what part of town do you have in mind ?
i need a european venue .
what part of town do you have in mind ?
i prefer a venue in south .
i am sorry but there is no place , in the area of south and serving european food .
what is the best selling single restaurant in the same part of town ?
i am sorry but there is no place , serving european food and in the area of south .
Reward: 0.5186663866043091

hello , welcome to the restaurant finding system . how may i help you ?
hi , i want to book a table
what part of town do you have in mind ?
i prefer a venue in south .
what kind of food would you like ?
i need a chinese venue .
would you like something in the cheap , moderate , or expensive price range ?
i want a venue in the moderate price range .
i am sorry but there is no place , in the moderate price range , in the area of south and serving chinese food .
wait , i want to book a table
i am sorry but there is no place , in the area of south , serving chinese food and in the moderate price range .
wait , i want to book a table
i am sorry but there is no place , in the moderate price range , serving chinese food and in the area of south .
wait , i want a venue in the moderate price range and in the moderate price range ?
i am sorry but there is no place , in the area of south , in the moderate price range and serving chinese food .
wait , i want to book a table
i am sorry but there is no place , in the moderate price range , serving chinese food and in the area of south .
Reward: 0.5186663866043091

hello , welcome to the restaurant finding system . how may i help you ?
hi , i want to book a table
what part of town do you have in mind ?
i prefer a venue in centre .
what kind of food would you like ?
i need a european venue .
would you like something in the cheap , moderate , or expensive price range ?
i want a venue in the expensive price range .
michaelhouse cafe is a nice place , it serves european food , it is in the centre of town and it is in the expensive price range .
what is the phone number of nandos city centre ? hello ?
nandos is a nice place their phone number is 0 1223 327908 .
thanks for your help , goodbye .
thank you , goodbye .
Reward: 0.6991468667984009

hello , welcome to the restaurant finding system . how may i help you ?
hi , i want to book a table
what part of town do you have in mind ?
i prefer a venue in north .
what kind of food would you like ?
i need a chinese venue .
would you like something in the cheap , moderate , or expensive price range ?
i want a venue in the expensive price range .
hakka is a nice place , it is in the expensive price range , it is in the north part of town and it serves chinese food .
okay , i want a venue in the expensive price range .
hakka is a nice place , it is in the north part of town , it serves chinese food and it is in the expensive price range .
thanks for your help , goodbye .
thank you , goodbye .
Reward: 0.6991468667984009

hello , welcome to the restaurant finding system . how may i help you ?
hi , i need a european restaurant .
what part of town do you have in mind ?
i prefer a venue in centre .
would you like something in the cheap , moderate , or expensive price range ?
i want a venue in the expensive price range .
michaelhouse cafe is a nice place , it serves european food , it is in the centre of town and it is in the expensive price range .
what is the phone number of shiraz restaurant ?
shiraz restaurant is a nice place their phone number is 0 1223 307581 .
what is the phone number of michaelhouse cafe ?
michaelhouse cafe is a nice place their phone number is 0 1223 309147 .
thanks for your help , goodbye .
thank you , goodbye .
Reward: 0.6991468667984009

hello , welcome to the restaurant finding system . how may i help you ?
hi , i want to book a table
what part of town do you have in mind ?
i prefer a venue in south .
what kind of food would you like ?
i need a chinese venue .
would you like something in the cheap , moderate , or expensive price range ?
i want a venue in the moderate price range .
i am sorry but there is no place , serving chinese food , in the area of south and in the moderate price range .
wait , i want something else . any price range is okay .
the good luck chinese food takeaway is a nice place , it serves chinese food , it is in the south part of town and it is in the expensive price range .
thanks for your help , goodbye .
thank you , goodbye .
Reward: 0.6991468667984009

hello , welcome to the restaurant finding system . how may i help you ?
hi , i want to book a table
what part of town do you have in mind ?
i prefer a venue in south .
what kind of food would you like ?
i need a chinese venue .
would you like something in the cheap , moderate , or expensive price range ?
i want a venue in the moderate price range .
i am sorry but there is no place , serving chinese food , in the moderate price range and in the area of south .
wait , i need a venue in the moderate price range .
i am sorry but there is no place , serving chinese food , in the area of south and in the moderate price range .
wait , i want something else . i need a european venue .
i am sorry but there is no place , in the moderate price range , serving european food and in the area of south .
tx you , i want to book a table
i am sorry but there is no place , in the moderate price range , serving european food and in the area of south .
wait , i want a venue in the moderate price range .
i am sorry but there is no place , in the moderate price range , serving european food and in the area of south .
Reward: 0.6991468667984009

hello , welcome to the restaurant finding system . how may i help you ?
hi , i want to book a table
what part of town do you have in mind ?
everything is fine . i need a restaurant in east .
what kind of food would you like ?
i need a indian venue .
would you like something in the cheap , moderate , or expensive price range ?
i want a venue in the moderate price range .
rajmahal is a nice place , it is in the moderate price range , it is in the east part of town and it serves indian food .
thanks for your help , goodbye .
thank you , goodbye .
Reward: 0.6991468667984009

hello , welcome to the restaurant finding system . how may i help you ?
hi , i want to book a table
what part of town do you have in mind ?
i want a venue in the expensive price range and in the centre of town .
what kind of food would you like ?
i want a few in the expensive price range serving british food .
midsummer house restaurant is a nice place , it is in the expensive price range , it serves british food and it is in the centre of town .
what is the phone number of the restaurant ?
can i help you with anything else ?
thanks for your help , goodbye .
thank you , goodbye .
Reward: 0.6991468667984009

hello , welcome to the restaurant finding system . how may i help you ?
hi , i want to book a table
what part of town do you have in mind ?
i prefer a venue in south .
what kind of food would you like ?
i need a chinese venue .
would you like something in the cheap , moderate , or expensive price range ?
i want a venue in the moderate price range .
i am sorry but there is no place , in the moderate price range , in the area of south and serving chinese food .
thanks for your help , goodbye .
thank you , goodbye .
Reward: 0.7903637290000916

hello , welcome to the restaurant finding system . how may i help you ?
hi , i want to book a table
what part of town do you have in mind ?
i prefer a venue in centre .
what kind of food would you like ?
i need a european venue .
would you like something in the cheap , moderate , or expensive price range ?
i want a venue in the moderate price range .
galleria is a nice place , it serves european food , it is in the moderate price range and it is in the centre of town .
no , i am not looking for this . please show me another one .
hotel du vin and bistro is a nice place , it is in the centre of town , it is in the moderate price range and it serves european food .
what is the phone number of the restaurant ?
can i help you with anything else ?
wait , i want to book a table
galleria is a nice place , it is in the centre of town , it is in the moderate price range and it serves european food .
no , i want a venue in the moderate price range .
can i help you with anything else ?
Reward: 0.7903637290000916

hello , welcome to the restaurant finding system . how may i help you ?
hi , i want to book a table
what part of town do you have in mind ?
i need a restaurant in centre .
what kind of food would you like ?
i need a european venue .
would you like something in the cheap , moderate , or expensive price range ?
i want a venue in the expensive price range .
michaelhouse cafe is a nice place , it serves european food , it is in the centre of town and it is in the expensive price range .
what is the phone number of the restaurant ?
can i help you with anything else ?
thanks for your help , goodbye .
thank you , goodbye .
Reward: 0.7903637290000916

hello , welcome to the restaurant finding system . how may i help you ?
hi , i want to book a table
what part of town do you have in mind ?
i prefer a venue in south .
what kind of food would you like ?
i need a chinese venue .
would you like something in the cheap , moderate , or expensive price range ?
i want a venue in the expensive price range .
the good luck chinese food takeaway is a nice place , it serves chinese food , it is in the south part of town and it is in the expensive price range .
wait , i want something else . any price range does what is the address ?
the lucky star is a nice place , it is in the south part of town , it is in the cheap price range and it serves chinese food .
no , i am not looking for this . please show me another one .
peking restaurant is a nice place , it is in the expensive price range , it is in the south part of town and it serves chinese food .
wait , i want something else . i want a venue in the expensive price range .
i am sorry but there is no place other than the good luck chinese food takeaway and peking restaurant in the expensive price range , serving chinese food and in the area of south .
wait , i want something else . i want a venue in any part of town .
hakka is a nice place , it serves chinese food , it is in the expensive price range and it is in the north part of town .
Reward: 0.7903637290000916

hello , welcome to the restaurant finding system . how may i help you ?
hi , i want to book a table
what part of town do you have in mind ?
i prefer a venue in north .
what kind of food would you like ?
i need a chinese venue .
would you like something in the cheap , moderate , or expensive price range ?
i want a venue in the expensive price range .
hakka is a nice place , it is in the expensive price range , it is in the north part of town and it serves chinese food .
please book a table
hakka is a nice place , it is in the expensive price range , it serves chinese food and it is in the north part of town .
what is the phone number of the restaurant ?
can i help you with anything else ?
no , i am not looking for this . please show me another one .
the hotpot is a nice place , it is in the north part of town , it is in the expensive price range and it serves chinese food .
wait , i want to book a table
i am sorry but there is no place other than hakka and the hotpot serving chinese food , in the expensive price range and in the area of north .
Reward: 0.7903637290000916

hello , welcome to the restaurant finding system . how may i help you ?
hi , i want to book a table
what part of town do you have in mind ?
i prefer a venue in south .
what kind of food would you like ?
everything is fine . i need a chinese venue .
would you like something in the cheap , moderate , or expensive price range ?
it doesn ' t matter .
would you like something in the cheap , moderate , or expensive price range ?
it doesn ' t matter .
would you like something in the cheap , moderate , or expensive price range ?
i want a venue in the expensive price range .
the good luck chinese food takeaway is a nice place , it serves chinese food , it is in the expensive price range and it is in the south part of town .
wait , i want something else . i want a venue in any part of town .
hakka is a nice place , it serves chinese food , it is in the expensive price range and it is in the north part of town .
what is the address ?
can i help you with anything else ?
Reward: 0.7903637290000916

hello , welcome to the restaurant finding system . how may i help you ?
i need a restaurant in centre .
what kind of food would you like ?
i need a european venue .
would you like something in the cheap , moderate , or expensive price range ?
i want a venue in the moderate price range .
galleria is a nice place , it is in the centre of town , it serves european food and it is in the moderate price range .
what is the address of the restaurant ?
can i help you with anything else ?
wait , i want to book a table
galleria is a nice place , it is in the centre of town , it serves european food and it is in the moderate price range .
thanks for your help , goodbye .
thank you , goodbye .
Reward: 0.7833753228187561

hello , welcome to the restaurant finding system . how may i help you ?
hi , i want to book a table
what part of town do you have in mind ?
i prefer a venue in south .
what kind of food would you like ?
i want a venue in the expensive price range serving chinese food .
the good luck chinese food takeaway is a nice place , it is in the expensive price range , it is in the south part of town and it serves chinese food .
what is the phone number of the restaurant ?
can i help you with anything else ?
thanks for your help , goodbye .
thank you , goodbye .
Reward: 0.7833753228187561

hello , welcome to the restaurant finding system . how may i help you ?
hi , i want to book a table
what part of town do you have in mind ?
it doesn ' t matter .
what part of town do you have in mind ?
i need a restaurant in centre .
what kind of food would you like ?
i need a international venue .
bloomsbury restaurant is a nice place , it serves international food and it is in the centre of town .
is it in any part of town .
would you like something in the cheap , moderate , or expensive price range ?
i want a venue in the moderate price range .
bloomsbury restaurant is a nice place , it is in the moderate price range , it is in the centre of town and it serves international food .
please tell me the address and phone number of the restaurant .
can i help you with anything else ?
no , i want a venue in the moderate price range .
bloomsbury restaurant is a nice place , it is in the moderate price range , it is in the centre of town and it serves international food .
Reward: 0.7833753228187561

hello , welcome to the restaurant finding system . how may i help you ?
hi , i want to book a table
what part of town do you have in mind ?
i want a venue in the moderate price range and in the centre of town .
what kind of food would you like ?
i need a international venue .
bloomsbury restaurant is a nice place , it serves international food , it is in the moderate price range and it is in the centre of town .
what is the phone number of the restaurant ?
can i help you with anything else ?
thanks for your help , goodbye .
thank you , goodbye .
Reward: 0.7833753228187561

hello , welcome to the restaurant finding system . how may i help you ?
hi , i want to book a table
what part of town do you have in mind ?
i prefer a venue in north .
what kind of food would you like ?
i need a chinese venue .
would you like something in the cheap , moderate , or expensive price range ?
i want a venue in the expensive price range .
hakka is a nice place , it serves chinese food , it is in the expensive price range and it is in the north part of town .
thanks for your help , goodbye .
thank you , goodbye .
Reward: 0.7833753228187561

hello , welcome to the restaurant finding system . how may i help you ?
hi , i want to book a table
what part of town do you have in mind ?
i prefer a venue in south .
what kind of food would you like ?
i need a chinese venue .
would you like something in the cheap , moderate , or expensive price range ?
i want a venue in the moderate price range .
i am sorry but there is no place , in the moderate price range , serving chinese food and in the area of south .
wait , i want something else . any price range is okay .
the good luck chinese food takeaway is a nice place , it serves chinese food , it is in the expensive price range and it is in the south part of town .
wait , i want something else . i want a venue in the moderate price range .
i am sorry but there is no place , serving chinese food , in the moderate price range and in the area of south .
wait , i want a venue in the moderate price range .
i am sorry but there is no place , serving chinese food , in the moderate price range and in the area of south .
wait , i want part of the restaurant .
i am sorry but there is no place , in the area of south , in the moderate price range and serving chinese food .
Reward: 0.7833753228187561

