hello , welcome to the restaurant finding system . how may i help you ?
i need another restaurant .
what part of town do you have in mind ?
i want a venue in the moderate price range and in the south .
what kind of food would you like ?
i need a indian venue .
i am sorry but there is no place , in the area of south , serving indian food and in the moderate price range .
thanks for your help , goodbye .
thank you , goodbye .
Reward: 0.8930782675743103

hello , welcome to the restaurant finding system . how may i help you ?
hi , i want to book a table
what part of town do you have in mind ?
i prefer a venue in south .
what kind of food would you like ?
i need a chinese venue .
would you like something in the cheap , moderate , or expensive price range ?
i want a venue in the expensive price range .
the good luck chinese food takeaway is a nice place , it is in the expensive price range , it is in the south part of town and it serves chinese food .
wait , i want to book a table
the good luck chinese food takeaway is a nice place , it serves chinese food , it is in the south part of town and it is in the expensive price range .
wait , i want a venue in the expensive price range .
the good luck chinese food takeaway is a nice place , it serves chinese food , it is in the south part of town and it is in the expensive price range .
Reward: 0.8552297353744507

hello , welcome to the restaurant finding system . how may i help you ?
hi , i want to book a table
what part of town do you have in mind ?
i prefer a venue in south .
what kind of food would you like ?
i want a venue in the moderate price range serving modern european food .
i am sorry but there is no place , in the moderate price range , serving european food and in the area of south .
thanks for your help , goodbye .
thank you , goodbye .
Reward: 0.8922480940818787

hello , welcome to the restaurant finding system . how may i help you ?
i want a restaurant in the same restaurant .
what part of town do you have in mind ?
i prefer a venue in south .
what kind of food would you like ?
i need a chinese venue .
would you like something in the cheap , moderate , or expensive price range ?
i want a venue in the moderate price range .
i am sorry but there is no place , in the moderate price range , serving chinese food and in the area of south .
ah no , i am not looking for the best selling single restaurant in the expensive price .
the good luck chinese food takeaway is a nice place , it serves chinese food , it is in the expensive price range and it is in the south part of town .
wait , i want a restaurant in the expensive price range .
the good luck chinese food takeaway is a nice place , it serves chinese food , it is in the south part of town and it is in the expensive price range .
Reward: 0.787823498249054

hello , welcome to the restaurant finding system . how may i help you ?
hi , i want to book a table
what part of town do you have in mind ?
i prefer something big . i want a venue in the moderate price range and in the south of town .
what kind of food would you like ?
i want a venue in the moderate price range serving oriental food .
i am sorry but there is no place , serving asian oriental food , in the area of south and in the moderate price range .
thanks for your help , goodbye .
thank you , goodbye .
Reward: 0.893057644367218

hello , welcome to the restaurant finding system . how may i help you ?
hi , i want to book a table
what part of town do you have in mind ?
i want a venue in the moderate price range and in the centre of town .
what kind of food would you like ?
i want a venue in the moderate price range serving modern client part of town .
what kind of food would you like ?
i want a client about a few in the moderate price range .
what kind of food would you like ?
i want a venue please .
what kind of food would you like ?
i want a venue in the moderate price range .
what kind of food would you like ?
Reward: 0.45405489206314087

hello , welcome to the restaurant finding system . how may i help you ?
i need another restaurant .
what part of town do you have in mind ?
i prefer a venue in centre .
what kind of food would you like ?
i want a venue in the expensive price range serving british food .
midsummer house restaurant is a nice place , it serves british food , it is in the centre of town and it is in the expensive price range .
what is the address ?
can i help you with anything else ?
thanks for your help , goodbye .
thank you , goodbye .
Reward: 0.8290305733680725

hello , welcome to the restaurant finding system . how may i help you ?
i need another restaurant .
what part of town do you have in mind ?
i prefer a venue in north .
what kind of food would you like ?
i want a venue in the moderate price range serving chinese food .
golden wok is a nice place , it is in the moderate price range , it serves chinese food and it is in the north part of town .
what is the address ?
can i help you with anything else ?
thanks for your help , goodbye .
thank you , goodbye .
Reward: 0.8200254440307617

hello , welcome to the restaurant finding system . how may i help you ?
hi , i want to book a table
what part of town do you have in mind ?
i prefer a venue in south .
what kind of food would you like ?
i need a chinese venue .
would you like something in the cheap , moderate , or expensive price range ?
i want a venue in the moderate price range .
i am sorry but there is no place , in the area of south , in the moderate price range and serving chinese food .
wait , i want something else . any price range is okay .
the good luck chinese food takeaway is a nice place , it is in the south part of town , it is in the expensive price range and it serves chinese food .
wait , i want a venue in the expensive price range . please .
the good luck chinese food takeaway is a nice place , it is in the south part of town , it serves chinese food and it is in the expensive price range .
Reward: 0.8657085299491882

hello , welcome to the restaurant finding system . how may i help you ?
i need a restaurant in centre .
what kind of food would you like ?
i need a indian venue .
would you like something in the cheap , moderate , or expensive price range ?
i want a venue in the moderate price range .
i am sorry but there is no place , serving indian food , in the moderate price range and in the area of centre .
thanks for your help , goodbye .
thank you , goodbye .
Reward: 0.8313924074172974

hello , welcome to the restaurant finding system . how may i help you ?
hi , i want to book a table
what part of town do you have in mind ?
i prefer a venue in centre .
what kind of food would you like ?
i need a european venue .
would you like something in the cheap , moderate , or expensive price range ?
i want a venue in the expensive price range .
michaelhouse cafe is a nice place , it serves european food , it is in the expensive price range and it is in the centre of town .
no , i am not looking for this . please show me another one .
eraina is a nice place , it is in the expensive price range , it is in the centre of town and it serves european food .
wait , i want another restaurant .
i am sorry but there is no place other than eraina and michaelhouse cafe serving european food , in the area of centre and in the expensive price range .
Reward: 0.8659700751304626

hello , welcome to the restaurant finding system . how may i help you ?
i need another restaurant .
what part of town do you have in mind ?
it doesn ' t matter .
what part of town do you have in mind ?
i want to live .
what part of town do you have in mind ?
i prefer a venue in centre .
what kind of food would you like ?
i need a european venue .
would you like something in the cheap , moderate , or expensive price range ?
i want a venue in the expensive price range .
michaelhouse cafe is a nice place , it is in the centre of town , it serves european food and it is in the expensive price range .
Reward: 0.5279131531715393

hello , welcome to the restaurant finding system . how may i help you ?
hi , i want to book a table
what part of town do you have in mind ?
i prefer a venue in south .
what kind of food would you like ?
i need a british restaurant .
i am sorry but there is no place , serving british food and in the area of south .
okay , i need a chinese restaurant .
would you like something in the cheap , moderate , or expensive price range ?
i want a venue in the expensive price range .
the good luck chinese food takeaway is a nice place , it is in the south part of town , it serves chinese food and it is in the expensive price range .
wait , i want something else . i want a venue in the venue serving moderate price range .
i am sorry but there is no place , serving chinese food , in the moderate price range and in the area of south .
Reward: 0.8666317462921143

hello , welcome to the restaurant finding system . how may i help you ?
hi , i want to book a table
what part of town do you have in mind ?
i want a venue in the moderate price range and in the centre of town .
what kind of food would you like ?
i need a international venue .
bloomsbury restaurant is a nice place , it serves international food , it is in the moderate price range and it is in the centre of town .
what is the address ?
can i help you with anything else ?
thanks for your help , goodbye .
thank you , goodbye .
Reward: 0.8273757100105286

hello , welcome to the restaurant finding system . how may i help you ?
i need another restaurant .
what part of town do you have in mind ?
i prefer a venue in north .
what kind of food would you like ?
i need a chinese venue .
would you like something in the cheap , moderate , or expensive price range ?
i want a venue in the expensive price range .
hakka is a nice place , it is in the north part of town , it serves chinese food and it is in the expensive price range .
thanks for your help , goodbye .
thank you , goodbye .
Reward: 0.9092357158660889

hello , welcome to the restaurant finding system . how may i help you ?
i need another restaurant .
what part of town do you have in mind ?
it doesn ' t matter .
what part of town do you have in mind ?
i want to live .
what part of town do you have in mind ?
i prefer a venue in north .
what kind of food would you like ?
i need a indian venue .
would you like something in the cheap , moderate , or expensive price range ?
i want a venue in the expensive price range .
tandoori palace is a nice place , it is in the expensive price range , it is in the north part of town and it serves indian food .
Reward: 0.5279938578605652

hello , welcome to the restaurant finding system . how may i help you ?
hi , i want to book a table
what part of town do you have in mind ?
i prefer a venue in centre .
what kind of food would you like ?
i need a european venue .
would you like something in the cheap , moderate , or expensive price range ?
i want a venue in the moderate price range .
galleria is a nice place , it serves european food , it is in the centre of town and it is in the moderate price range .
thanks for your help , goodbye .
thank you , goodbye .
Reward: 0.9080955982208252

hello , welcome to the restaurant finding system . how may i help you ?
i need a european restaurant .
what part of town do you have in mind ?
i prefer a venue in south .
i am sorry but there is no place , in the area of south and serving european food .
what is the best selling restaurant in the cheap price range of this ?
i am sorry but there is no place , in the cheap price range , in the area of south and serving european food .
what is the restaurant can you tell me something ?
i am sorry but there is no place , in the cheap price range , in the area of south and serving european food .
thanks for your help , goodbye .
thank you , goodbye .
Reward: 0.8758372068405151

hello , welcome to the restaurant finding system . how may i help you ?
hi , i want to book a table
what part of town do you have in mind ?
i prefer a venue in south .
what kind of food would you like ?
i need a chinese venue .
would you like something in the cheap , moderate , or expensive price range ?
i want a venue in the expensive price range .
the good luck chinese food takeaway is a nice place , it is in the expensive price range , it serves chinese food and it is in the south part of town .
wait , i want something else . any price range is ok .
the lucky star is a nice place , it is in the cheap price range , it is in the south part of town and it serves chinese food .
wait , i want to book a table
peking restaurant is a nice place , it serves chinese food , it is in the expensive price range and it is in the south part of town .
Reward: 0.8482494354248047

hello , welcome to the restaurant finding system . how may i help you ?
hi , i want to book a table
what part of town do you have in mind ?
i prefer a venue in centre .
what kind of food would you like ?
i need a european venue .
would you like something in the cheap , moderate , or expensive price range ?
i want a venue in the moderate price range .
galleria is a nice place , it is in the moderate price range , it serves european food and it is in the centre of town .
what is the address ?
can i help you with anything else ?
bye
thank you , goodbye .
Reward: 0.7958985567092896

hello , welcome to the restaurant finding system . how may i help you ?
hi , i want to book a table
what part of town do you have in mind ?
i prefer a venue in north .
what kind of food would you like ?
i need a chinese venue .
would you like something in the cheap , moderate , or expensive price range ?
it doesn ' t matter .
would you like something in the cheap , moderate , or expensive price range ?
it doesn ' t matter .
would you like something in the cheap , moderate , or expensive price range ?
i want a venue in the expensive price range .
hakka is a nice place , it is in the north part of town , it serves chinese food and it is in the expensive price range .
Reward: 0.8687180876731873

hello , welcome to the restaurant finding system . how may i help you ?
i need a mediterranean restaurant .
what part of town do you have in mind ?
i prefer a venue in centre .
would you like something in the cheap , moderate , or expensive price range ?
i want a venue in the moderate price range .
i am sorry but there is no place , in the area of centre , in the moderate price range and serving mediterranean food .
what is the address for letting me scene ?
i am sorry but there is no place , in the moderate price range , serving mediterranean food and in the area of centre .
thanks for your help a lot . i need another restaurant .
thank you , goodbye .
Reward: 0.8497259020805359

hello , welcome to the restaurant finding system . how may i help you ?
hi , i want to book a table
what part of town do you have in mind ?
i prefer a venue in centre .
what kind of food would you like ?
i need a international venue .
bloomsbury restaurant is a nice place , it is in the centre of town and it serves international food .
it doesn ' t matter .
bloomsbury restaurant is a nice place , it is in the centre of town and it serves international food .
thanks for your help , goodbye .
thank you , goodbye .
Reward: 0.911869466304779

hello , welcome to the restaurant finding system . how may i help you ?
i need another restaurant .
what part of town do you have in mind ?
i prefer a venue in south .
what kind of food would you like ?
i need a chinese venue .
would you like something in the cheap , moderate , or expensive price range ?
i want a venue in the moderate price range .
i am sorry but there is no place , serving chinese food , in the area of south and in the moderate price range .
thanks for your help , goodbye .
thank you , goodbye .
Reward: 0.9092564582824707

hello , welcome to the restaurant finding system . how may i help you ?
hi , i want to book a table
what part of town do you have in mind ?
i want a venue in the expensive price range serving asian oriental food .
what part of town do you have in mind ?
i want a venue in the moderate price range and in the north of town .
i am sorry but there is no place , in the moderate price range , serving asian oriental food and in the area of north .
thanks for your help , goodbye .
thank you , goodbye .
Reward: 0.8852213025093079

hello , welcome to the restaurant finding system . how may i help you ?
hi , i want to book a table
what part of town do you have in mind ?
i prefer a venue in centre .
what kind of food would you like ?
i want a venue in the expensive price range serving chinese food .
hk fusion is a nice place , it is in the expensive price range , it is in the centre of town and it serves chinese food .
what is the phone number of the restaurant ?
can i help you with anything else ?
wait , i want something else . i want a venue in the expensive price range .
tang chinese is a nice place , it is in the expensive price range , it is in the centre of town and it serves chinese food .
wait , i want to book a table
sesame restaurant and bar is a nice place , it is in the centre of town , it serves chinese food and it is in the expensive price range .
Reward: 0.7301428318023682

hello , welcome to the restaurant finding system . how may i help you ?
i need another restaurant .
what part of town do you have in mind ?
i prefer a venue in north .
what kind of food would you like ?
i want a venue in the expensive price range serving indian food .
tandoori palace is a nice place , it serves indian food , it is in the expensive price range and it is in the north part of town .
what is the address ?
can i help you with anything else ?
thanks for your help , goodbye .
thank you , goodbye .
Reward: 0.8273459076881409

hello , welcome to the restaurant finding system . how may i help you ?
hi , i want to book a table
what part of town do you have in mind ?
i prefer a venue in west .
what kind of food would you like ?
i need a chinese venue .
i am sorry but there is no place , serving chinese food and in the area of west .
what is the phone number of the restaurant ?
i am sorry but there is no place , in the area of west and serving chinese food .
thanks for your help , goodbye .
thank you , goodbye .
Reward: 0.9075864553451538

hello , welcome to the restaurant finding system . how may i help you ?
hi , i want to book a table
what part of town do you have in mind ?
i prefer a venue in centre .
what kind of food would you like ?
i want a venue in the moderate price range serving chinese food .
shanghai family restaurant is a nice place , it serves chinese food , it is in the centre of town and it is in the moderate price range .
wait , i want something else . please give me another one .
lan hong house is a nice place , it serves chinese food , it is in the moderate price range and it is in the centre of town .
thanks for your help , goodbye .
thank you , goodbye .
Reward: 0.9086437821388245

hello , welcome to the restaurant finding system . how may i help you ?
i need another restaurant .
what part of town do you have in mind ?
i need a restaurant in east .
what kind of food would you like ?
i need a authentic to book a table
what kind of food would you like ?
i want a venue in the expensive price range serving chinese food .
yu garden is a nice place , it serves chinese food , it is in the expensive price range and it is in the east part of town .
no , i am not looking for this . please show me another one .
i am sorry but there is no place other than yu garden in the area of east , in the expensive price range and serving chinese food .
thanks for your help , goodbye !
thank you , goodbye .
Reward: 0.8133047223091125

hello , welcome to the restaurant finding system . how may i help you ?
hi , i want to book a table
what part of town do you have in mind ?
i prefer a venue in centre .
what kind of food would you like ?
i want a venue in the moderate price range serving chinese food .
shanghai family restaurant is a nice place , it is in the moderate price range , it is in the centre of town and it serves chinese food .
wait , i want something else . i need a indian venue .
i am sorry but there is no place , serving indian food , in the moderate price range and in the area of centre .
thanks for your help , goodbye .
thank you , goodbye .
Reward: 0.9133539795875549

hello , welcome to the restaurant finding system . how may i help you ?
i want a restaurant in the moderate price range .
what part of town do you have in mind ?
i prefer a venue in west .
what kind of food would you like ?
i need a european venue .
i am sorry but there is no place , in the area of west , in the moderate price range and serving european food .
what is the address of nandos restaurant ?
nandos is a nice place their address is cambridge leisure park clifton way .
thanks for your help , goodbye .
thank you , goodbye .
Reward: 0.9133440852165222

hello , welcome to the restaurant finding system . how may i help you ?
hi , i want to book a table
what part of town do you have in mind ?
i prefer a venue in south .
what kind of food would you like ?
it ' s a venue in the moderate price range .
what kind of food would you like ?
i need a indian venue .
i am sorry but there is no place , in the moderate price range , serving indian food and in the area of south .
thanks for your help , goodbye .
thank you , goodbye .
Reward: 0.8100202679634094

hello , welcome to the restaurant finding system . how may i help you ?
i need another restaurant .
what part of town do you have in mind ?
it doesn ' t matter .
what part of town do you have in mind ?
i need another restaurant .
what part of town do you have in mind ?
i just want to book a table
what part of town do you have in mind ?
i prefer a venue in north .
what kind of food would you like ?
i want a venue in the moderate price range serving indian food .
the nirala is a nice place , it is in the moderate price range , it is in the north part of town and it serves indian food .
Reward: 0.5199767351150513

hello , welcome to the restaurant finding system . how may i help you ?
hi , i want to book a table
what part of town do you have in mind ?
i prefer a venue in centre .
what kind of food would you like ?
i want a venue in the expensive price range serving turkish .
meze bar restaurant is a nice place , it is in the centre of town , it serves turkish food and it is in the expensive price range .
what is the phone number of shiraz restaurant ?
shiraz restaurant is a nice place their phone number is 0 1223 307581 .
thanks for your help , goodbye .
thank you , goodbye .
Reward: 0.9081803560256958

hello , welcome to the restaurant finding system . how may i help you ?
i need a restaurant in centre .
what kind of food would you like ?
i need a british venue .
would you like something in the cheap , moderate , or expensive price range ?
i want a venue in the cheap price range .
i am sorry but there is no place , in the cheap price range , serving british food and in the area of centre .
thanks for your help especially
thank you , goodbye .
Reward: 0.8211071491241455

hello , welcome to the restaurant finding system . how may i help you ?
i need another restaurant .
what part of town do you have in mind ?
i prefer a venue in north .
what kind of food would you like ?
i need a chinese venue .
would you like something in the cheap , moderate , or expensive price range ?
i want a venue in the expensive price range .
hakka is a nice place , it is in the expensive price range , it serves chinese food and it is in the north part of town .
thanks for your help , goodbye .
thank you , goodbye .
Reward: 0.9092317819595337

hello , welcome to the restaurant finding system . how may i help you ?
i need another restaurant .
what part of town do you have in mind ?
i prefer a venue in north .
what kind of food would you like ?
i want a venue in the expensive price range serving turkish food .
i am sorry but there is no place , in the expensive price range , serving turkish food and in the area of north .
what is the address ?
i am sorry but there is no place , serving turkish food , in the expensive price range and in the area of north .
no , i chicago to asia . i want a venue in the expensive price range .
i am sorry but there is no place , in the area of north , in the expensive price range and serving turkish food .
what ' s the best selling single restaurant in my local website ?
i am sorry but there is no place , in the expensive price range , serving turkish food and in the area of north .
Reward: 0.9194464683532715

hello , welcome to the restaurant finding system . how may i help you ?
i need another restaurant .
what part of town do you have in mind ?
i prefer a venue in east .
what kind of food would you like ?
i want a venue in the expensive price range serving indian food .
pipasha restaurant is a nice place , it serves indian food , it is in the expensive price range and it is in the east part of town .
what is the address ?
can i help you with anything else ?
thanks for your help , goodbye .
thank you , goodbye .
Reward: 0.8290543556213379

hello , welcome to the restaurant finding system . how may i help you ?
i need a restaurant in centre .
what kind of food would you like ?
i want a restaurant in the chinese price .
would you like something in the cheap , moderate , or expensive price range ?
i want a venue in the moderate price range .
shanghai family restaurant is a nice place , it is in the moderate price range , it serves chinese food and it is in the centre of town .
thanks for your help , goodbye .
thank you , goodbye .
Reward: 0.8647979497909546

hello , welcome to the restaurant finding system . how may i help you ?
hi , i want to book a table
what part of town do you have in mind ?
i want a venue in the moderate price range and in the centre of town .
what kind of food would you like ?
i need a indian venue .
i am sorry but there is no place , in the moderate price range , in the area of centre and serving indian food .
thanks for your help , goodbye .
thank you , goodbye .
Reward: 0.894096851348877

hello , welcome to the restaurant finding system . how may i help you ?
i need a mediterranean restaurant .
what part of town do you have in mind ?
i prefer a venue in centre .
would you like something in the cheap , moderate , or expensive price range ?
i want a venue in the expensive price range .
la mimosa is a nice place , it is in the expensive price range , it is in the centre of town and it serves mediterranean food .
what is the address ?
can i help you with anything else ?
no , i want something else . i want a venue in any part of town .
shiraz restaurant is a nice place , it is in the expensive price range , it is in the centre of town and it serves mediterranean food .
what is the phone number of shiraz restaurant ?
shiraz restaurant is a nice place , their phone number is 0 1223 307581 and their address is 84 regent street city centre .
Reward: 0.8241568803787231

hello , welcome to the restaurant finding system . how may i help you ?
hi , i want to book a table
what part of town do you have in mind ?
it doesn ' t matter .
what part of town do you have in mind ?
i want a venue in the moderate price range and is the same part of town .
what part of town do you have in mind ?
i want a venue in the expensive price range .
what part of town do you have in mind ?
i want a venue in the expensive price range serving moderate price range .
what part of town do you have in mind ?
i want a venue in the moderate price range and in the north of town .
what kind of food would you like ?
Reward: 0.4565882086753845

hello , welcome to the restaurant finding system . how may i help you ?
hi , i want to book a table
what part of town do you have in mind ?
i prefer a venue in south .
what kind of food would you like ?
it doesn ' t matter .
what kind of food would you like ?
i ' m not trying to book a table
what kind of food would you like ?
i need a mediterranean venue .
i am sorry but there is no place , serving mediterranean food and in the area of south .
it doesn ' t matter .
i am sorry but there is no place , serving mediterranean food and in the area of south .
Reward: 0.5420252680778503

hello , welcome to the restaurant finding system . how may i help you ?
i need a mediterranean restaurant .
what part of town do you have in mind ?
i prefer a venue in centre .
would you like something in the cheap , moderate , or expensive price range ?
i want a venue in the expensive price range .
la mimosa is a nice place , it is in the centre of town , it serves mediterranean food and it is in the expensive price range .
thanks for your help , goodbye
thank you , goodbye .
Reward: 0.890140950679779

hello , welcome to the restaurant finding system . how may i help you ?
hi , i want to book a table
what part of town do you have in mind ?
i want a venue in the moderate price range and in the centre of town .
what kind of food would you like ?
i need a client about a international venue .
bloomsbury restaurant is a nice place , it is in the moderate price range , it serves international food and it is in the centre of town .
what is the phone number of the restaurant ?
can i help you with anything else ?
no , i want part of the moderate price range food .
bloomsbury restaurant is a nice place , it serves international food , it is in the centre of town and it is in the moderate price range .
thanks for your help , goodbye .
thank you , goodbye .
Reward: 0.8544273972511292

hello , welcome to the restaurant finding system . how may i help you ?
i need a restaurant in centre .
what kind of food would you like ?
i need a chinese venue .
would you like something in the cheap , moderate , or expensive price range ?
i want a venue in the expensive price range .
hk fusion is a nice place , it is in the expensive price range , it serves chinese food and it is in the centre of town .
what is the phone number of the restaurant ?
can i help you with anything else ?
thanks for your help , goodbye .
thank you , goodbye .
Reward: 0.7403547763824463

hello , welcome to the restaurant finding system . how may i help you ?
hi , i want to book a table
what part of town do you have in mind ?
i want a venue in the moderate price range serving modern european food .
galleria is a nice place , it is in the moderate price range and it serves european food .
what is the phone number of the restaurant in the expensive price range serving modern european ?
what part of town do you have in mind ?
i want to i want a venue in the expensive price range serving workshop food .
what part of town do you have in mind ?
i want a venue in any part of town .
michaelhouse cafe is a nice place , it is in the centre of town , it serves european food and it is in the expensive price range .
what is the address ?
can i help you with anything else ?
Reward: 0.6147602200508118

hello , welcome to the restaurant finding system . how may i help you ?
i decide to east .
i ' m having trouble understanding what you want . could you please rephrase it ?
should i want to book a table
what part of town do you have in mind ?
i want a venue in the expensive price range serving moderate price range .
what part of town do you have in mind ?
i want a venue in the expensive price range serving moderate price range .
what part of town do you have in mind ?
i want a venue in the moderate price range .
what part of town do you have in mind ?
i want a venue in the moderate price range and in the centre of town .
what kind of food would you like ?
Reward: 0.052274588495492935

hello , welcome to the restaurant finding system . how may i help you ?
hi , i want to book a table
what part of town do you have in mind ?
i prefer a venue in centre .
what kind of food would you like ?
i need a european venue .
would you like something in the cheap , moderate , or expensive price range ?
i want a restaurant in the expensive price range .
michaelhouse cafe is a nice place , it is in the expensive price range , it serves european food and it is in the centre of town .
no , it doesn ' t matter .
michaelhouse cafe is a nice place , it serves european food , it is in the centre of town and it is in the expensive price range .
thanks for your help , goodbye .
thank you , goodbye .
Reward: 0.9079694151878357

hello , welcome to the restaurant finding system . how may i help you ?
i need another restaurant .
what part of town do you have in mind ?
i am still taking a few , i want to book a table
what part of town do you have in mind ?
i prefer a venue in centre .
what kind of food would you like ?
i need a indian venue .
would you like something in the cheap , moderate , or expensive price range ?
i want a venue in the expensive price range .
curry garden is a nice place , it is in the centre of town , it is in the expensive price range and it serves indian food .
wait , i want a venue in the expensive price range .
curry garden is a nice place , it serves indian food , it is in the centre of town and it is in the expensive price range .
Reward: 0.6033366322517395

hello , welcome to the restaurant finding system . how may i help you ?
hi , i want to book a table
what part of town do you have in mind ?
i want a venue in the moderate price range serving asian oriental food .
yippee noodle bar is a nice place , it is in the moderate price range and it serves asian oriental food .
thanks for your help , goodbye .
thank you , goodbye .
Reward: 0.8227090835571289

hello , welcome to the restaurant finding system . how may i help you ?
i need a mediterranean restaurant .
what part of town do you have in mind ?
i prefer a venue in south .
i am sorry but there is no place , serving mediterranean food and in the area of south .
what is the best selling single restaurant in the same part of town ?
i am sorry but there is no place , serving mediterranean food and in the area of south .
what is the best selling single restaurant in any restaurant ?
i am sorry but there is no place , in the area of south and serving mediterranean food .
i guess i need a european restaurant .
i am sorry but there is no place , serving european food and in the area of south .
what is the best selling single restaurant in ?
i am sorry but there is no place , serving european food and in the area of south .
Reward: 0.895881712436676

hello , welcome to the restaurant finding system . how may i help you ?
hi , i want to book a table
what part of town do you have in mind ?
it doesn ' t matter .
what part of town do you have in mind ?
i want a venue in the moderate price range and in the centre of town .
what kind of food would you like ?
i want a client about a client about a few in the same part of town .
what kind of food would you like ?
it doesn ' t matter .
what kind of food would you like ?
i want a earth in the juggernaut .
what kind of food would you like ?
Reward: 0.45235171914100647

hello , welcome to the restaurant finding system . how may i help you ?
i want a restaurant in the moderate price range .
what part of town do you have in mind ?
i need another restaurant .
what part of town do you have in mind ?
i want a venue in the moderate price range and in the centre of town .
what kind of food would you like ?
i want a few in the expensive price range serving indian food .
curry garden is a nice place , it is in the centre of town , it is in the expensive price range and it serves indian food .
thanks for your help , goodbye .
thank you , goodbye .
Reward: 0.8126274943351746

hello , welcome to the restaurant finding system . how may i help you ?
i need a mediterranean restaurant .
what part of town do you have in mind ?
i prefer a venue in north . of course .
i am sorry but there is no place , in the area of north and serving mediterranean food .
wait , i want a venue in the expensive price range serving chinese food .
hakka is a nice place , it serves chinese food , it is in the north part of town and it is in the expensive price range .
thanks for your help , goodbye .
thank you , goodbye .
Reward: 0.8822073340415955

hello , welcome to the restaurant finding system . how may i help you ?
i need another restaurant .
what part of town do you have in mind ?
i prefer a venue in north .
what kind of food would you like ?
i need a chinese venue .
would you like something in the cheap , moderate , or expensive price range ?
i want a venue in the expensive price range .
hakka is a nice place , it is in the north part of town , it serves chinese food and it is in the expensive price range .
thanks for your help , goodbye .
thank you , goodbye .
Reward: 0.9092357158660889

hello , welcome to the restaurant finding system . how may i help you ?
hi , i want to book a table
what part of town do you have in mind ?
i prefer a venue in centre .
what kind of food would you like ?
i need a european venue .
would you like something in the cheap , moderate , or expensive price range ?
i want a venue in the expensive price range .
michaelhouse cafe is a nice place , it serves european food , it is in the centre of town and it is in the expensive price range .
what is the address ?
can i help you with anything else ?
thanks for your help , goodbye .
thank you , goodbye .
Reward: 0.8084018230438232

hello , welcome to the restaurant finding system . how may i help you ?
hi , i want to book a table
what part of town do you have in mind ?
i prefer a venue in centre .
what kind of food would you like ?
i want a venue in the moderate price range serving chinese food .
shanghai family restaurant is a nice place , it is in the moderate price range , it serves chinese food and it is in the centre of town .
thanks for your help , goodbye .
thank you , goodbye .
Reward: 0.8934457898139954

hello , welcome to the restaurant finding system . how may i help you ?
i need another restaurant .
what part of town do you have in mind ?
i prefer a venue in north .
what kind of food would you like ?
i want to book a table
what kind of food would you like ?
i need a chinese restaurant .
would you like something in the cheap , moderate , or expensive price range ?
i want a venue in the expensive price range .
hakka is a nice place , it is in the expensive price range , it is in the north part of town and it serves chinese food .
how about the moderate price range ?
golden wok is a nice place , it is in the moderate price range , it serves chinese food and it is in the north part of town .
Reward: 0.7174062728881836

hello , welcome to the restaurant finding system . how may i help you ?
i need a restaurant in centre .
what kind of food would you like ?
i need a european venue .
would you like something in the cheap , moderate , or expensive price range ?
i want a venue in the expensive price range .
michaelhouse cafe is a nice place , it is in the expensive price range , it serves european food and it is in the centre of town .
thanks for your help , goodbye .
thank you , goodbye .
Reward: 0.8734633922576904

hello , welcome to the restaurant finding system . how may i help you ?
hi , i want to book a table
what part of town do you have in mind ?
i prefer a venue in centre .
what kind of food would you like ?
i need a international venue .
bloomsbury restaurant is a nice place , it is in the centre of town and it serves international food .
what is the phone number of the restaurant ?
would you like something in the cheap , moderate , or expensive price range ?
i want a venue in the expensive price range .
i am sorry but there is no place , in the area of centre , in the expensive price range and serving international food .
wait , i want another restaurant .
i am sorry but there is no place , in the expensive price range , serving international food and in the area of centre .
Reward: 0.8657907843589783

hello , welcome to the restaurant finding system . how may i help you ?
hi , i want to book a table
what part of town do you have in mind ?
i prefer a venue in centre .
what kind of food would you like ?
i want a venue in the moderate price range serving chinese food .
shanghai family restaurant is a nice place , it is in the moderate price range , it is in the centre of town and it serves chinese food .
wait , i want something else . i want a venue in the moderate price range .
lan hong house is a nice place , it is in the moderate price range , it is in the centre of town and it serves chinese food .
wait , i need another one .
jinling noodle bar is a nice place , it serves chinese food , it is in the moderate price range and it is in the centre of town .
thanks for your help , goodbye .
thank you , goodbye .
Reward: 0.9106179475784302

hello , welcome to the restaurant finding system . how may i help you ?
i want a european restaurant .
what part of town do you have in mind ?
i prefer a venue in north .
i am sorry but there is no place , serving european food and in the area of north .
what is the restaurant ?
i am sorry but there is no place , in the area of north and serving european food .
wait , i want something else . i want a european venue .
i am sorry but there is no place , in the area of north and serving european food .
i didn ' t understand . what ' s the best selling single restaurant in ?
i am sorry but there is no place , in the area of north and serving european food .
thanks for your help , goodbye .
thank you , goodbye .
Reward: 0.8374622464179993

hello , welcome to the restaurant finding system . how may i help you ?
i need a european restaurant .
what part of town do you have in mind ?
i prefer a venue in centre .
would you like something in the cheap , moderate , or expensive price range ?
i want a venue in the moderate price range .
galleria is a nice place , it is in the moderate price range , it serves european food and it is in the centre of town .
wait , i want to book a table
galleria is a nice place , it is in the centre of town , it is in the moderate price range and it serves european food .
wait , i want a venue in the expensive price range .
michaelhouse cafe is a nice place , it is in the expensive price range , it is in the centre of town and it serves european food .
wait , i want to book a table
michaelhouse cafe is a nice place , it is in the expensive price range , it serves european food and it is in the centre of town .
Reward: 0.8398960828781128

hello , welcome to the restaurant finding system . how may i help you ?
i need another restaurant .
what part of town do you have in mind ?
i want a venue in the moderate price range and in the north of town .
what kind of food would you like ?
i need a client of the expensive price range serving asian oriental food .
saigon city is a nice place , it serves asian oriental food , it is in the expensive price range and it is in the north part of town .
thanks for your help , goodbye .
thank you , goodbye .
Reward: 0.8931602835655212

hello , welcome to the restaurant finding system . how may i help you ?
i need another restaurant .
what part of town do you have in mind ?
i prefer a venue in north .
what kind of food would you like ?
i want a venue in the expensive price range serving chinese food .
hakka is a nice place , it is in the expensive price range , it is in the north part of town and it serves chinese food .
thanks for your help , goodbye .
thank you , goodbye .
Reward: 0.8927982449531555

hello , welcome to the restaurant finding system . how may i help you ?
hi , i want to book a table
what part of town do you have in mind ?
i want a venue in the moderate price range too .
what part of town do you have in mind ?
i prefer a venue in south .
what kind of food would you like ?
it doesn ' t matter . i want a venue in the 36 the same part of town .
what kind of food would you like ?
i need a chinese venue .
i am sorry but there is no place , in the moderate price range , serving chinese food and in the area of south .
what is the address of the restaurant please ?
i am sorry but there is no place , serving chinese food , in the moderate price range and in the area of south .
Reward: 0.68541419506073

hello , welcome to the restaurant finding system . how may i help you ?
hi , i want to book a table
what part of town do you have in mind ?
i prefer a venue in south .
what kind of food would you like ?
it doesn ' t matter .
what kind of food would you like ?
i want a mediterranean venue .
i am sorry but there is no place , serving mediterranean food and in the area of south .
what is the best selling single club in the best selling single restaurant ?
i am sorry but there is no place , in the area of south and serving mediterranean food .
ah , that isn ' t you fine . i want a restaurant in the modern european band .
i am sorry but there is no place , in the area of south and serving european food .
Reward: 0.7181721329689026

hello , welcome to the restaurant finding system . how may i help you ?
i need another restaurant .
what part of town do you have in mind ?
i didn ' t understand what i am part of town .
what part of town do you have in mind ?
i prefer a venue in north .
what kind of food would you like ?
i need a chinese venue .
would you like something in the cheap , moderate , or expensive price range ?
i want a venue in the expensive price range .
hakka is a nice place , it serves chinese food , it is in the expensive price range and it is in the north part of town .
thanks for your help , goodbye .
thank you , goodbye .
Reward: 0.7234922647476196

hello , welcome to the restaurant finding system . how may i help you ?
i need another restaurant .
what part of town do you have in mind ?
i prefer a venue in north .
what kind of food would you like ?
i need a chinese venue .
would you like something in the cheap , moderate , or expensive price range ?
i want a venue in the expensive price range .
hakka is a nice place , it serves chinese food , it is in the north part of town and it is in the expensive price range .
thanks for your help , goodbye .
thank you , goodbye .
Reward: 0.9091892242431641

hello , welcome to the restaurant finding system . how may i help you ?
i need another restaurant .
what part of town do you have in mind ?
i want a venue in the moderate price range and in the centre of town .
what kind of food would you like ?
i need a client if everything is fine .
what kind of food would you like ?
i want a client about a few ?
what kind of food would you like ?
i want a european club .
galleria is a nice place , it is in the centre of town , it is in the moderate price range and it serves european food .
yes , i want to book a table
galleria is a nice place , it serves european food , it is in the moderate price range and it is in the centre of town .
Reward: 0.5174761414527893

hello , welcome to the restaurant finding system . how may i help you ?
hi , i want to book a table
what part of town do you have in mind ?
it doesn ' t matter .
what part of town do you have in mind ?
i prefer a venue in south .
what kind of food would you like ?
it doesn ' t matter .
what kind of food would you like ?
i want a venue in the expensive price range serving chinese food .
the good luck chinese food takeaway is a nice place , it serves chinese food , it is in the expensive price range and it is in the south part of town .
wait , that doesn ' t matter thanks for your help , goodbye .
thank you , goodbye .
Reward: 0.5301011800765991

hello , welcome to the restaurant finding system . how may i help you ?
i need another restaurant .
what part of town do you have in mind ?
i prefer a venue in south .
what kind of food would you like ?
i want a venue in the moderate price range serving chinese food .
i am sorry but there is no place , in the moderate price range , in the area of south and serving chinese food .
wait , i want something else . i want a venue in the moderate price range .
i am sorry but there is no place , serving chinese food , in the area of south and in the moderate price range .
thanks for your help , goodbye .
thank you , goodbye .
Reward: 0.9099730253219604

hello , welcome to the restaurant finding system . how may i help you ?
i need another restaurant .
what part of town do you have in mind ?
it doesn ' t matter .
what part of town do you have in mind ?
i want a venue in the moderate price range and in the centre of town .
what kind of food would you like ?
i want a venue in the expensive price range serving indian food .
curry garden is a nice place , it serves indian food , it is in the centre of town and it is in the expensive price range .
thanks for your help , goodbye .
thank you , goodbye .
Reward: 0.8138644099235535

hello , welcome to the restaurant finding system . how may i help you ?
i need another restaurant .
what part of town do you have in mind ?
it doesn ' t matter .
what part of town do you have in mind ?
i want a venue serving mediterranean food ) in the moderate price range and and in the centre of town .
i am sorry but there is no place , in the area of centre , serving mediterranean food and in the moderate price range .
thanks for your help , goodbye ,
thank you , goodbye .
Reward: 0.8898187279701233

hello , welcome to the restaurant finding system . how may i help you ?
i need another restaurant .
what part of town do you have in mind ?
i prefer a venue in south .
what kind of food would you like ?
i need a chinese venue .
would you like something in the cheap , moderate , or expensive price range ?
i want a venue in the expensive price range .
the good luck chinese food takeaway is a nice place , it is in the expensive price range , it is in the south part of town and it serves chinese food .
wait , i want a venue in the expensive price range .
the good luck chinese food takeaway is a nice place , it is in the south part of town , it serves chinese food and it is in the expensive price range .
wait , thanks for your help , goodbye .
thank you , goodbye .
Reward: 0.9127079844474792

hello , welcome to the restaurant finding system . how may i help you ?
hi , i want to book a table
what part of town do you have in mind ?
it doesn ' t matter .
what part of town do you have in mind ?
i prefer a venue in west .
what kind of food would you like ?
i need a chinese venue .
i am sorry but there is no place , serving chinese food and in the area of west .
okay , what is the address ?
i am sorry but there is no place , serving chinese food and in the area of west .
okay , thanks for your help , goodbye .
thank you , goodbye .
Reward: 0.8148732781410217

hello , welcome to the restaurant finding system . how may i help you ?
hi , i want to book a table
what part of town do you have in mind ?
i need a restaurant in centre .
what kind of food would you like ?
i need a european venue .
would you like something in the cheap , moderate , or expensive price range ?
i want a restaurant in the expensive price range .
michaelhouse cafe is a nice place , it is in the centre of town , it is in the expensive price range and it serves european food .
which is the address ?
can i help you with anything else ?
thanks for your help , goodbye .
thank you , goodbye .
Reward: 0.8080458045005798

hello , welcome to the restaurant finding system . how may i help you ?
hi , i want to book a table
what part of town do you have in mind ?
i want a venue in the moderate price range and in the centre of town .
what kind of food would you like ?
i want a venue in the moderate price range .
what kind of food would you like ?
i want a venue in the moderate price range serving modern indian phone .
i am sorry but there is no place , in the moderate price range , in the area of centre and serving indian food .
wait , i want something else . i need a european venue .
galleria is a nice place , it is in the centre of town , it serves european food and it is in the moderate price range .
thanks for your help , goodbye .
thank you , goodbye .
Reward: 0.8078715801239014

hello , welcome to the restaurant finding system . how may i help you ?
i need another restaurant .
what part of town do you have in mind ?
i want a venue in the moderate price range and in the centre of town .
what kind of food would you like ?
i need a client about a few in the west of town .
what kind of food would you like ?
i want a few in the client in the expensive price range serving moderate price range .
what kind of food would you like ?
i want a venue in the expensive price range serving moderate price range .
what kind of food would you like ?
i want a venue in the moderate price range and in the expensive price range .
what kind of food would you like ?
Reward: 0.45688456296920776

hello , welcome to the restaurant finding system . how may i help you ?
hi , i want to book a table
what part of town do you have in mind ?
i prefer a venue in west .
what kind of food would you like ?
i want a restaurant in the moderate price range serving oriental food .
i am sorry but there is no place , in the moderate price range , serving asian oriental food and in the area of west .
wait , i want one . i want a venue priced .
i am sorry but there is no place , in the moderate price range , serving asian oriental food and in the area of west .
thanks for your help , goodbye .
thank you , goodbye .
Reward: 0.9113205075263977

hello , welcome to the restaurant finding system . how may i help you ?
i want a restaurant in the moderate price range .
what part of town do you have in mind ?
i prefer a venue in south .
what kind of food would you like ?
i need a european venue .
i am sorry but there is no place , in the area of south , in the moderate price range and serving european food .
that doesn ' t matter .
i am sorry but there is no place , in the area of south , serving european food and in the moderate price range .
you doesn ' t matter .
i am sorry but there is no place , in the moderate price range , serving european food and in the area of south .
thanks for your help , goodbye .
thank you , goodbye .
Reward: 0.91362065076828

hello , welcome to the restaurant finding system . how may i help you ?
i need a restaurant in centre .
what kind of food would you like ?
i need a indian venue .
would you like something in the cheap , moderate , or expensive price range ?
i want a venue in the expensive price range .
curry garden is a nice place , it is in the centre of town , it serves indian food and it is in the expensive price range .
thanks for your help , goodbye .
thank you , goodbye .
Reward: 0.8298730254173279

hello , welcome to the restaurant finding system . how may i help you ?
i am looking for a restaurant in south .
what kind of food would you like ?
it doesn ' t matter .
what kind of food would you like ?
i need a tie my local tabby .
what kind of food would you like ?
i need a mediterranean venue .
i am sorry but there is no place , in the area of south and serving mediterranean food .
what is the address ?
i am sorry but there is no place , serving mediterranean food and in the area of south .
what is a restaurant after this ?
i am sorry but there is no place , serving mediterranean food and in the area of south .
Reward: 0.4250497817993164

hello , welcome to the restaurant finding system . how may i help you ?
hi , i want to book a table
what part of town do you have in mind ?
i prefer a venue in centre .
what kind of food would you like ?
i want a few in the client about my local cat .
what kind of food would you like ?
i want a chinese venue .
would you like something in the cheap , moderate , or expensive price range ?
i want a venue in the moderate price range .
shanghai family restaurant is a nice place , it is in the centre of town , it serves chinese food and it is in the moderate price range .
thanks for your help , goodbye .
thank you , goodbye .
Reward: 0.8050985932350159

hello , welcome to the restaurant finding system . how may i help you ?
wait , i want to book a table
what part of town do you have in mind ?
i prefer a venue in north .
what kind of food would you like ?
i need a indian restaurant .
would you like something in the cheap , moderate , or expensive price range ?
i need a venue in the expensive price range .
tandoori palace is a nice place , it is in the expensive price range , it is in the north part of town and it serves indian food .
thanks for your help , goodbye .
thank you , goodbye .
Reward: 0.9082004427909851

hello , welcome to the restaurant finding system . how may i help you ?
i need a restaurant in centre .
what kind of food would you like ?
i want a venue in the moderate price range serving indian food .
i am sorry but there is no place , in the area of centre , serving indian food and in the moderate price range .
thanks for your help , goodbye .
thank you , goodbye .
Reward: 0.7549172043800354

hello , welcome to the restaurant finding system . how may i help you ?
i need a mediterranean restaurant .
what part of town do you have in mind ?
i need a mediterranean venue .
what part of town do you have in mind ?
i prefer a venue in centre .
would you like something in the cheap , moderate , or expensive price range ?
i want a venue in the expensive price range .
la mimosa is a nice place , it serves mediterranean food , it is in the centre of town and it is in the expensive price range .
what is the address ?
can i help you with anything else ?
wait , i want to book a table
la mimosa is a nice place , it is in the centre of town , it is in the expensive price range and it serves mediterranean food .
Reward: 0.7378016114234924

hello , welcome to the restaurant finding system . how may i help you ?
i need another restaurant .
what part of town do you have in mind ?
i want a venue in the moderate price range and in the centre of town .
what kind of food would you like ?
i need a british venue .
cotto is a nice place , it is in the moderate price range , it serves british food and it is in the centre of town .
what is the phone number of the restaurant ?
can i help you with anything else ?
thanks for your help , goodbye .
thank you , goodbye .
Reward: 0.8448470830917358

hello , welcome to the restaurant finding system . how may i help you ?
hi , i want to book a table
what part of town do you have in mind ?
i prefer a venue in centre .
what kind of food would you like ?
i need a italian venue .
would you like something in the cheap , moderate , or expensive price range ?
i want a venue in the expensive price range .
clowns cafe is a nice place , it is in the centre of town , it is in the expensive price range and it serves italian food .
no , i am not looking for this . please show me another one .
stazione restaurant and coffee bar is a nice place , it is in the centre of town , it is in the expensive price range and it serves italian food .
thanks for your help , goodbye .
thank you , goodbye .
Reward: 0.9131641387939453

hello , welcome to the restaurant finding system . how may i help you ?
i need a mediterranean restaurant .
what part of town do you have in mind ?
i prefer a venue in centre .
would you like something in the cheap , moderate , or expensive price range ?
i want a venue in the moderate price range .
i am sorry but there is no place , in the moderate price range , serving mediterranean food and in the area of centre .
what is the address ?
i am sorry but there is no place , in the moderate price range , in the area of centre and serving mediterranean food .
thanks for your help , goodbye .
thank you , goodbye .
Reward: 0.9058951735496521

hello , welcome to the restaurant finding system . how may i help you ?
hi , i want to book a table
what part of town do you have in mind ?
i prefer a venue in south .
what kind of food would you like ?
it doesn ' t matter .
what kind of food would you like ?
i want a venue in the cheap price range serving chinese food .
the lucky star is a nice place , it serves chinese food , it is in the south part of town and it is in the cheap price range .
thanks for your help , goodbye .
thank you , goodbye .
Reward: 0.8121649622917175

hello , welcome to the restaurant finding system . how may i help you ?
i need another restaurant .
what part of town do you have in mind ?
i prefer a venue in centre .
what kind of food would you like ?
i want a venue in the moderate price range serving chinese food .
shanghai family restaurant is a nice place , it serves chinese food , it is in the centre of town and it is in the moderate price range .
i am looking for a few in the moderate price range ?
shanghai family restaurant is a nice place , it serves chinese food , it is in the centre of town and it is in the moderate price range .
wait , i want something else . i want a venue in the moderate price range . , darn doing .
lan hong house is a nice place , it is in the centre of town , it is in the moderate price range and it serves chinese food .
thanks for your help , goodbye .
thank you , goodbye .
Reward: 0.9189467430114746

hello , welcome to the restaurant finding system . how may i help you ?
i need another restaurant .
what part of town do you have in mind ?
i want a venue in the moderate price range serving asian oriental food .
yippee noodle bar is a nice place , it is in the moderate price range and it serves asian oriental food .
thanks for your help , goodbye .
thank you , goodbye .
Reward: 0.8232236504554749

hello , welcome to the restaurant finding system . how may i help you ?
hi , i want to book a table
what part of town do you have in mind ?
i prefer a venue in south .
what kind of food would you like ?
i need a chinese venue .
would you like something in the cheap , moderate , or expensive price range ?
i want a venue in the south of winter .
would you like something in the cheap , moderate , or expensive price range ?
i want a venue in the expensive price range .
the good luck chinese food takeaway is a nice place , it serves chinese food , it is in the south part of town and it is in the expensive price range .
thanks for your help , goodbye .
thank you , goodbye .
Reward: 0.9008583426475525

hello , welcome to the restaurant finding system . how may i help you ?
i need a mediterranean restaurant .
what part of town do you have in mind ?
i want a restaurant in the moderate price range serving turkish food .
efes restaurant is a nice place , it is in the moderate price range and it serves turkish food .
i want a venue in the moderate price range and in the centre of town .
efes restaurant is a nice place , it is in the moderate price range , it serves turkish food and it is in the centre of town .
thanks for your help , goodbye .
thank you , goodbye .
Reward: 0.8435863852500916

hello , welcome to the restaurant finding system . how may i help you ?
hi , i want to book a table
what part of town do you have in mind ?
i prefer a venue in centre .
what kind of food would you like ?
i want a venue in 5 minutes in the expensive price range serving asian oriental food .
kymmoy is a nice place , it is in the expensive price range , it serves asian oriental food and it is in the centre of town .
it has a venue in this . i want a club in the moderate price range .
yippee noodle bar is a nice place , it is in the centre of town , it is in the moderate price range and it serves asian oriental food .
thanks for your help , goodbye .
thank you , goodbye .
Reward: 0.9083929061889648

hello , welcome to the restaurant finding system . how may i help you ?
would i need a restaurant in centre .
what kind of food would you like ?
i need a european venue .
would you like something in the cheap , moderate , or expensive price range ?
i want a venue in the moderate price range .
galleria is a nice place , it is in the moderate price range , it serves european food and it is in the centre of town .
what is the phone number of the restaurant ?
can i help you with anything else ?
thanks for your help , goodbye .
thank you , goodbye .
Reward: 0.8106696605682373

hello , welcome to the restaurant finding system . how may i help you ?
i need another restaurant .
what part of town do you have in mind ?
i prefer a venue in north .
what kind of food would you like ?
i need a chinese venue .
would you like something in the cheap , moderate , or expensive price range ?
i want a venue in the expensive price range .
hakka is a nice place , it serves chinese food , it is in the north part of town and it is in the expensive price range .
thanks for your help , goodbye .
thank you , goodbye .
Reward: 0.9091892242431641

