hello , welcome to the restaurant finding system . how may i help you ?
i need another restaurant .
what part of town do you have in mind ?
i want a restaurant in the south of town .
what kind of food would you like ?
Reward: 0.7741011381149292

hello , welcome to the restaurant finding system . how may i help you ?
hi , i want to book a table
what part of town do you have in mind ?
i ' m trying to make a table
what part of town do you have in mind ?
Reward: 0.7741011381149292

hello , welcome to the restaurant finding system . how may i help you ?
i need another restaurant .
what part of town do you have in mind ?
i prefer a venue in north .
what kind of food would you like ?
Reward: 0.7647860646247864

hello , welcome to the restaurant finding system . how may i help you ?
well i want to know who when i do about the weather
what part of town do you have in mind ?
is it still happening at my local website .
what part of town do you have in mind ?
Reward: 0.7647860646247864

hello , welcome to the restaurant finding system . how may i help you ?
i need another restaurant .
what part of town do you have in mind ?
i want to know what the address of the cheap range price range .
what part of town do you have in mind ?
Reward: 0.7740934491157532

hello , welcome to the restaurant finding system . how may i help you ?
hi , i want to book a table
what part of town do you have in mind ?
any price range is this .
what part of town do you have in mind ?
Reward: 0.7740934491157532

hello , welcome to the restaurant finding system . how may i help you ?
hi , i want to book a table
what part of town do you have in mind ?
i prefer a venue in centre .
what kind of food would you like ?
Reward: 0.23618297278881073

hello , welcome to the restaurant finding system . how may i help you ?
hi , i want to book a table
what part of town do you have in mind ?
i prefer a venue in north .
what kind of food would you like ?
Reward: 0.23618297278881073

hello , welcome to the restaurant finding system . how may i help you ?
i need another restaurant .
what part of town do you have in mind ?
i want to book a table
what part of town do you have in mind ?
Reward: 0.6803604960441589

hello , welcome to the restaurant finding system . how may i help you ?
i need another restaurant .
what part of town do you have in mind ?
well i want to book a table
what part of town do you have in mind ?
Reward: 0.6803604960441589

hello , welcome to the restaurant finding system . how may i help you ?
i need another restaurant .
what part of town do you have in mind ?
i am not , i don ' t understand . what ' s a good conversation with a spot .
what part of town do you have in mind ?
Reward: 0.7649037837982178

hello , welcome to the restaurant finding system . how may i help you ?
i need another restaurant .
what part of town do you have in mind ?
i want a venue in the moderate price range and in the west of town .
what kind of food would you like ?
Reward: 0.7649037837982178

hello , welcome to the restaurant finding system . how may i help you ?
hi , i want to book a table
what part of town do you have in mind ?
i don ' t understand . what is a table
what part of town do you have in mind ?
Reward: 0.7749462127685547

hello , welcome to the restaurant finding system . how may i help you ?
hi , i want to book a table
what part of town do you have in mind ?
i ' m taking a few , i want to book a table
what part of town do you have in mind ?
Reward: 0.7749462127685547

hello , welcome to the restaurant finding system . how may i help you ?
hi , i want to book a table
what part of town do you have in mind ?
well i want to fit a restaurant in the moderate price range and in the centre of town .
what kind of food would you like ?
Reward: 0.7749477028846741

hello , welcome to the restaurant finding system . how may i help you ?
i want a european park .
i ' m having trouble understanding what you want . could you please rephrase it ?
i need a european website .
i ' m having trouble understanding what you want . could you please rephrase it ?
Reward: 0.7749477028846741

hello , welcome to the restaurant finding system . how may i help you ?
i need another restaurant .
what part of town do you have in mind ?
i prefer a venue in centre .
what kind of food would you like ?
Reward: 0.7635557055473328

hello , welcome to the restaurant finding system . how may i help you ?
hi , i want to book a table
what part of town do you have in mind ?
it doesn ' t matter .
what part of town do you have in mind ?
Reward: 0.7635557055473328

hello , welcome to the restaurant finding system . how may i help you ?
i need another restaurant .
what part of town do you have in mind ?
i want to book a table
what part of town do you have in mind ?
Reward: 0.7635585069656372

hello , welcome to the restaurant finding system . how may i help you ?
hi , i want to book a table
what part of town do you have in mind ?
i ' m like recently . i want to book a table
what part of town do you have in mind ?
Reward: 0.7635585069656372

hello , welcome to the restaurant finding system . how may i help you ?
i need another restaurant .
what part of town do you have in mind ?
i am i vacation . i want to book a table
what part of town do you have in mind ?
Reward: 0.7636007070541382

hello , welcome to the restaurant finding system . how may i help you ?
i need another restaurant .
what part of town do you have in mind ?
i need a restaurant in centre .
what kind of food would you like ?
Reward: 0.7636007070541382

hello , welcome to the restaurant finding system . how may i help you ?
hi , i want to book a table
what part of town do you have in mind ?
i don
what part of town do you have in mind ?
Reward: 0.7741087079048157

hello , welcome to the restaurant finding system . how may i help you ?
i need another restaurant .
what part of town do you have in mind ?
i want a venue in the moderate price range and in the centre of town , i can ' t fit angeles
what kind of food would you like ?
Reward: 0.7741087079048157

hello , welcome to the restaurant finding system . how may i help you ?
i need another restaurant .
what part of town do you have in mind ?
i want to know who is my best selling single restaurant in ?
what part of town do you have in mind ?
Reward: 0.7648978233337402

hello , welcome to the restaurant finding system . how may i help you ?
i need another restaurant .
what part of town do you have in mind ?
sadly , i want to book a table
what part of town do you have in mind ?
Reward: 0.7648978233337402

hello , welcome to the restaurant finding system . how may i help you ?
would you compare an above in what i ' s happening for my local part of town .
i ' m having trouble understanding what you want . could you please rephrase it ?
i want a few with a restaurant in the moderate price range and memphis .
what part of town do you have in mind ?
Reward: 0.7649337649345398

hello , welcome to the restaurant finding system . how may i help you ?
hi , i want to book a table
what part of town do you have in mind ?
yes , i want to book a table
what part of town do you have in mind ?
Reward: 0.7649337649345398

hello , welcome to the restaurant finding system . how may i help you ?
i need another restaurant .
what part of town do you have in mind ?
i prefer a venue in north .
what kind of food would you like ?
Reward: 0.7749047875404358

hello , welcome to the restaurant finding system . how may i help you ?
hi , i want to book a table
what part of town do you have in mind ?
i prefer the address .
what part of town do you have in mind ?
Reward: 0.7749047875404358

hello , welcome to the restaurant finding system . how may i help you ?
i need another restaurant .
what part of town do you have in mind ?
i want a venue in the moderate price range and in the centre of town .
what kind of food would you like ?
Reward: 0.1139981672167778

hello , welcome to the restaurant finding system . how may i help you ?
hi , i want to book a table
what part of town do you have in mind ?
i ' m trying to enjoy .
what part of town do you have in mind ?
Reward: 0.1139981672167778

hello , welcome to the restaurant finding system . how may i help you ?
hi , i want to book a table
what part of town do you have in mind ?
what is the restaurant that i do ?
what part of town do you have in mind ?
Reward: 0.774097740650177

hello , welcome to the restaurant finding system . how may i help you ?
i need another restaurant .
what part of town do you have in mind ?
i want to book a table
what part of town do you have in mind ?
Reward: 0.774097740650177

hello , welcome to the restaurant finding system . how may i help you ?
hi , i want to book a table
what part of town do you have in mind ?
i want a table
what part of town do you have in mind ?
Reward: 0.7648768424987793

hello , welcome to the restaurant finding system . how may i help you ?
hi , i want to book a table
what part of town do you have in mind ?
i need a venue in the moderate price range and in the south of town .
what kind of food would you like ?
Reward: 0.7648768424987793

hello , welcome to the restaurant finding system . how may i help you ?
i want a restaurant in the cheap price range and in the west of town of town .
what kind of food would you like ?
any price range are there any price range are there any price range please
what kind of food would you like ?
Reward: 0.7635557055473328

hello , welcome to the restaurant finding system . how may i help you ?
hi , i want to book a table
what part of town do you have in mind ?
i am not bad , i want a restaurant in the moderate price range and in the memphis .
what part of town do you have in mind ?
Reward: 0.7635557055473328

hello , welcome to the restaurant finding system . how may i help you ?
i ' ' m trying to tell with a few , i prefer part of town .
i ' m having trouble understanding what you want . could you please rephrase it ?
i figured them an furniture for me . does not make a website .
i ' m having trouble understanding what you want . could you please rephrase it ?
Reward: 0.7648951411247253

hello , welcome to the restaurant finding system . how may i help you ?
hi , i want to book a table
what part of town do you have in mind ?
i want a restaurant in a venue .
what part of town do you have in mind ?
Reward: 0.7648951411247253

hello , welcome to the restaurant finding system . how may i help you ?
how do i book a table
what part of town do you have in mind ?
i want a restaurant in the moderate price range and in the centre of town .
what kind of food would you like ?
Reward: 0.7634990215301514

hello , welcome to the restaurant finding system . how may i help you ?
i need another restaurant .
what part of town do you have in mind ?
i want a venue in the moderate price range and in the centre of town .
what kind of food would you like ?
Reward: 0.7634990215301514

hello , welcome to the restaurant finding system . how may i help you ?
i need another restaurant .
what part of town do you have in mind ?
it doesn ' t matter .
what part of town do you have in mind ?
Reward: 0.774079442024231

hello , welcome to the restaurant finding system . how may i help you ?
hi , i want to book a table
what part of town do you have in mind ?
i don ' t want a table
what part of town do you have in mind ?
Reward: 0.774079442024231

hello , welcome to the restaurant finding system . how may i help you ?
i need another restaurant .
what part of town do you have in mind ?
i want to book a table
what part of town do you have in mind ?
Reward: 0.7648026943206787

hello , welcome to the restaurant finding system . how may i help you ?
i need a restaurant in any part of town .
what kind of food would you like ?
i ' m a restaurant .
what kind of food would you like ?
Reward: 0.7648026943206787

hello , welcome to the restaurant finding system . how may i help you ?
i want a restaurant in the moderate price range .
what part of town do you have in mind ?
i want to book a table
what part of town do you have in mind ?
Reward: 0.7741180062294006

hello , welcome to the restaurant finding system . how may i help you ?
hi , i want to book a table
what part of town do you have in mind ?
i want a venue in the moderate price range and in the centre of town .
what kind of food would you like ?
Reward: 0.7741180062294006

hello , welcome to the restaurant finding system . how may i help you ?
hi , i want to book a table
what part of town do you have in mind ?
i would like to know what the best selling single restaurant in the berlin .
what part of town do you have in mind ?
Reward: 0.6742385029792786

hello , welcome to the restaurant finding system . how may i help you ?
i want a restaurant in the moderate price range and in the centre of town .
what kind of food would you like ?
i want a client of my local cat .
what kind of food would you like ?
Reward: 0.6742385029792786

hello , welcome to the restaurant finding system . how may i help you ?
i ' d like to know where i ' m family and with above any part of town .
i ' m having trouble understanding what you want . could you please rephrase it ?
hi , i want to book a table
what part of town do you have in mind ?
Reward: 0.76356440782547

hello , welcome to the restaurant finding system . how may i help you ?
hi , i want to book a table
what part of town do you have in mind ?
i already know , i don ' t seem to i want to book a table
what part of town do you have in mind ?
Reward: 0.76356440782547

hello , welcome to the restaurant finding system . how may i help you ?
hi , i want to book a table
what part of town do you have in mind ?
i want to change an music in my local website .
what part of town do you have in mind ?
Reward: 0.18271300196647644

hello , welcome to the restaurant finding system . how may i help you ?
hi , i want to book a table
what part of town do you have in mind ?
i think i want to book a table
what part of town do you have in mind ?
Reward: 0.18271300196647644

hello , welcome to the restaurant finding system . how may i help you ?
i need a restaurant in the moderate price range and in the west of town of town after .
what kind of food would you like ?
i need another restaurant .
what kind of food would you like ?
Reward: 0.7648431062698364

hello , welcome to the restaurant finding system . how may i help you ?
i need another restaurant .
what part of town do you have in mind ?
i don ' t know . what ' s the best selling single restaurant in .
what part of town do you have in mind ?
Reward: 0.7648431062698364

hello , welcome to the restaurant finding system . how may i help you ?
hi , i want to book a table
what part of town do you have in mind ?
it doesn ' t matter .
what part of town do you have in mind ?
Reward: 0.7740934491157532

hello , welcome to the restaurant finding system . how may i help you ?
i need another restaurant .
what part of town do you have in mind ?
i need another restaurant .
what part of town do you have in mind ?
Reward: 0.7740934491157532

hello , welcome to the restaurant finding system . how may i help you ?
hi , i want to book a table
what part of town do you have in mind ?
i want to book a table
what part of town do you have in mind ?
Reward: 0.7648738026618958

hello , welcome to the restaurant finding system . how may i help you ?
hi , i want to book a table
what part of town do you have in mind ?
i want a venue in the moderate price range and in the west of town after .
what kind of food would you like ?
Reward: 0.7648738026618958

hello , welcome to the restaurant finding system . how may i help you ?
hi , i want to book a table
what part of town do you have in mind ?
it doesn ' t matter .
what part of town do you have in mind ?
Reward: 0.7741075754165649

hello , welcome to the restaurant finding system . how may i help you ?
hi , i want to book a table
what part of town do you have in mind ?
well i want to know what part of the week of town part of town is after school .
what part of town do you have in mind ?
Reward: 0.7741075754165649

hello , welcome to the restaurant finding system . how may i help you ?
hi , i want to book 4 for a restaurant .
what part of town do you have in mind ?
if i am there . i ' m always live .
what part of town do you have in mind ?
Reward: 0.7570862174034119

hello , welcome to the restaurant finding system . how may i help you ?
i need another restaurant .
what part of town do you have in mind ?
i want to book a table
what part of town do you have in mind ?
Reward: 0.7570862174034119

hello , welcome to the restaurant finding system . how may i help you ?
i need another restaurant .
what part of town do you have in mind ?
i want to know where the earliest is , i want to book a table
what part of town do you have in mind ?
Reward: 0.7646769881248474

hello , welcome to the restaurant finding system . how may i help you ?
hi , i want to book a table
what part of town do you have in mind ?
i want a restaurant in the cheap price range and in it .
what part of town do you have in mind ?
Reward: 0.7646769881248474

hello , welcome to the restaurant finding system . how may i help you ?
i want a restaurant in the moderate price range , in the moderate price range and in the west of town .
what kind of food would you like ?
i want to book a table
what kind of food would you like ?
Reward: 0.7635557055473328

hello , welcome to the restaurant finding system . how may i help you ?
i need another restaurant .
what part of town do you have in mind ?
i need another restaurant .
what part of town do you have in mind ?
Reward: 0.7635557055473328

hello , welcome to the restaurant finding system . how may i help you ?
hi , i want to book a table
what part of town do you have in mind ?
i prefer a venue in centre .
what kind of food would you like ?
Reward: 0.7648252248764038

hello , welcome to the restaurant finding system . how may i help you ?
i want a venue in the moderate price range was .
i ' m having trouble understanding what you want . could you please rephrase it ?
i want a table
what part of town do you have in mind ?
Reward: 0.7648252248764038

hello , welcome to the restaurant finding system . how may i help you ?
i need another restaurant .
what part of town do you have in mind ?
i am what i want info with to help with .
what part of town do you have in mind ?
Reward: 0.7749242186546326

hello , welcome to the restaurant finding system . how may i help you ?
i need another restaurant .
what part of town do you have in mind ?
i ' m looking for a venue in north .
what kind of food would you like ?
Reward: 0.7749242186546326

hello , welcome to the restaurant finding system . how may i help you ?
hi , i want to book a table
what part of town do you have in mind ?
i don ' t understand . what ' s the best selling single best selling single plane go in the same part
what part of town do you have in mind ?
Reward: 0.7724065184593201

hello , welcome to the restaurant finding system . how may i help you ?
i need another restaurant .
what part of town do you have in mind ?
i ' m looking for a venue in north school .
what kind of food would you like ?
Reward: 0.7724065184593201

hello , welcome to the restaurant finding system . how may i help you ?
i need another restaurant .
what part of town do you have in mind ?
i prefer a venue in centre .
what kind of food would you like ?
Reward: 0.7648407220840454

hello , welcome to the restaurant finding system . how may i help you ?
i need another restaurant .
what part of town do you have in mind ?
i want to book a table
what part of town do you have in mind ?
Reward: 0.7648407220840454

hello , welcome to the restaurant finding system . how may i help you ?
hi , i want to book a table
what part of town do you have in mind ?
everything is fine . i want a table
what part of town do you have in mind ?
Reward: 0.07687924057245255

hello , welcome to the restaurant finding system . how may i help you ?
hi , i want to book a table
what part of town do you have in mind ?
i prefer a venue in south .
what kind of food would you like ?
Reward: 0.07687924057245255

hello , welcome to the restaurant finding system . how may i help you ?
i need another restaurant .
what part of town do you have in mind ?
i want to book a table is .
what part of town do you have in mind ?
Reward: 0.7649001479148865

hello , welcome to the restaurant finding system . how may i help you ?
i need another restaurant .
what part of town do you have in mind ?
i want a venue in the cheap price range and in the memphis .
what part of town do you have in mind ?
Reward: 0.7649001479148865

hello , welcome to the restaurant finding system . how may i help you ?
hi , i want to book a table
what part of town do you have in mind ?
i want a venue in the cheap price range and in the memphis .
what part of town do you have in mind ?
Reward: 0.7742834687232971

hello , welcome to the restaurant finding system . how may i help you ?
hi , i want to book a table
what part of town do you have in mind ?
i need another restaurant .
what part of town do you have in mind ?
Reward: 0.7742834687232971

hello , welcome to the restaurant finding system . how may i help you ?
hi , i want to book a table
what part of town do you have in mind ?
i want a restaurant in the moderate price range and in the west of town .
what kind of food would you like ?
Reward: 0.7741075754165649

hello , welcome to the restaurant finding system . how may i help you ?
i ' m looking for a european restaurant .
what part of town do you have in mind ?
i ' m looking for an authentic i ' m really like to enjoy .
what part of town do you have in mind ?
Reward: 0.7741075754165649

hello , welcome to the restaurant finding system . how may i help you ?
i want a restaurant in the cheap price range and in the west of town cap .
what kind of food would you like ?
it doesn ' t matter .
what kind of food would you like ?
Reward: 0.7635290026664734

hello , welcome to the restaurant finding system . how may i help you ?
hi , i want to book a table
what part of town do you have in mind ?
i need a restaurant in centre .
what kind of food would you like ?
Reward: 0.7635290026664734

hello , welcome to the restaurant finding system . how may i help you ?
please i need another restaurant .
what part of town do you have in mind ?
i want a venue in the moderate price range .
what part of town do you have in mind ?
Reward: 0.7648632526397705

hello , welcome to the restaurant finding system . how may i help you ?
i want a restaurant in the moderate price range .
what part of town do you have in mind ?
i prefer a venue in south .
what kind of food would you like ?
Reward: 0.7648632526397705

hello , welcome to the restaurant finding system . how may i help you ?
well i want to know who the best conversation will you
i ' m having trouble understanding what you want . could you please rephrase it ?
you ' remind me a venue in my local cat . lastly i ' ll take a few for my pickup .
i ' m having trouble understanding what you want . could you please rephrase it ?
Reward: 0.7635557055473328

hello , welcome to the restaurant finding system . how may i help you ?
i want a restaurant in any price range and then .
what part of town do you have in mind ?
i prefer a venue in east .
what kind of food would you like ?
Reward: 0.7635557055473328

hello , welcome to the restaurant finding system . how may i help you ?
hi , i want to book a table
what part of town do you have in mind ?
i don ' t understand . what is the best selling single restaurant in the cheap price range and italy ?
what part of town do you have in mind ?
Reward: 0.7646944522857666

hello , welcome to the restaurant finding system . how may i help you ?
hi , i want to book a table
what part of town do you have in mind ?
sadly . i want the resto the best selling single few in the same week
what part of town do you have in mind ?
Reward: 0.7646944522857666

hello , welcome to the restaurant finding system . how may i help you ?
hi , i want to book a table
what part of town do you have in mind ?
i prefer a venue in south .
what kind of food would you like ?
Reward: 0.7655676603317261

hello , welcome to the restaurant finding system . how may i help you ?
i need another restaurant .
what part of town do you have in mind ?
i prefer a venue in centre .
what kind of food would you like ?
Reward: 0.7655676603317261

hello , welcome to the restaurant finding system . how may i help you ?
i need another restaurant .
what part of town do you have in mind ?
i don ' t understand . what ' s the best selling single restaurant in my local website .
what part of town do you have in mind ?
Reward: 0.7749075293540955

hello , welcome to the restaurant finding system . how may i help you ?
i need another restaurant .
what part of town do you have in mind ?
she doesn ' t matter .
what part of town do you have in mind ?
Reward: 0.7749075293540955

hello , welcome to the restaurant finding system . how may i help you ?
well i want to know what is my best selling single restaurant in the same week
what part of town do you have in mind ?
i prefer a few in no .
what part of town do you have in mind ?
Reward: 0.6019207835197449

hello , welcome to the restaurant finding system . how may i help you ?
i want a restaurant in the moderate price range and in the west of town after home ?
what kind of food would you like ?
i want to book a table
what kind of food would you like ?
Reward: 0.6019207835197449

hello , welcome to the restaurant finding system . how may i help you ?
i need another restaurant .
what part of town do you have in mind ?
i want a venue in the moderate price range and in the memphis .
what part of town do you have in mind ?
Reward: 0.6840419173240662

hello , welcome to the restaurant finding system . how may i help you ?
hi , i want to book a table
what part of town do you have in mind ?
i want to book a table
what part of town do you have in mind ?
Reward: 0.6840419173240662

