hello , welcome to the restaurant finding system . how may i help you ?
i ' m allergic to authentic .
i ' m having trouble understanding what you want . could you please rephrase it ?
Reward: 0.12212882936000824

hello , welcome to the restaurant finding system . how may i help you ?
i have any menu . and i have some good business french animals .
i ' m having trouble understanding what you want . could you please rephrase it ?
Reward: 0.12089094519615173

hello , welcome to the restaurant finding system . how may i help you ?
the restaurant is not going to be a good choice .
what part of town do you have in mind ?
Reward: 0.2395806610584259

hello , welcome to the restaurant finding system . how may i help you ?
i want to find my french restaurant . i own some authentic french cuisine .
what part of town do you have in mind ?
Reward: 0.23586444556713104

hello , welcome to the restaurant finding system . how may i help you ?
i need to find chicago . can you be nice that would hated your damage flight ?
i ' m having trouble understanding what you want . could you please rephrase it ?
Reward: 0.12039534747600555

hello , welcome to the restaurant finding system . how may i help you ?
i ' m looking for a cheap museum .
i ' m having trouble understanding what you want . could you please rephrase it ?
Reward: 0.1208111122250557

hello , welcome to the restaurant finding system . how may i help you ?
i am looking for an friendly restaurant . i would like to find the address .
what part of town do you have in mind ?
Reward: 0.2359130084514618

hello , welcome to the restaurant finding system . how may i help you ?
i want to have some cheap restaurant . like the place to be from an italian restaurant .
what part of town do you have in mind ?
Reward: 0.23593036830425262

hello , welcome to the restaurant finding system . how may i help you ?
i need to know if i want to do address , order an us . i ' m thinking about of them .
i ' m having trouble understanding what you want . could you please rephrase it ?
Reward: 0.12044508755207062

hello , welcome to the restaurant finding system . how may i help you ?
i ' d like to bring a cheap restaurant . is your order to eat items ?
what part of town do you have in mind ?
Reward: 0.23661723732948303

hello , welcome to the restaurant finding system . how may i help you ?
i want to say there is a restaurant .
what part of town do you have in mind ?
Reward: 0.6787208914756775

hello , welcome to the restaurant finding system . how may i help you ?
my current restaurant . by fire boiled .
what part of town do you have in mind ?
Reward: 0.23774191737174988

hello , welcome to the restaurant finding system . how may i help you ?
space but i need something classic .
i ' m having trouble understanding what you want . could you please rephrase it ?
Reward: 0.12237313389778137

hello , welcome to the restaurant finding system . how may i help you ?
i want to make a reservation to 11 am .
i ' m having trouble understanding what you want . could you please rephrase it ?
Reward: 0.12079250067472458

hello , welcome to the restaurant finding system . how may i help you ?
i think it is rated by tonight . please . i want an italian restaurant .
what part of town do you have in mind ?
Reward: 0.49133753776550293

hello , welcome to the restaurant finding system . how may i help you ?
i ' m quitting i need a reservation at that play .
i ' m having trouble understanding what you want . could you please rephrase it ?
Reward: 0.12080992758274078

hello , welcome to the restaurant finding system . how may i help you ?
i ' d like to make 2 tables from the majestic one please .
what part of town do you have in mind ?
Reward: 0.23616911470890045

hello , welcome to the restaurant finding system . how may i help you ?
i want to know how to last new restaurant that serves tomatos this in a normal area you would understand .
what part of town do you have in mind ?
Reward: 0.32984477281570435

hello , welcome to the restaurant finding system . how may i help you ?
i want to know if i can ' t need to do in a certain restaurant .
what part of town do you have in mind ?
Reward: 0.2360912263393402

hello , welcome to the restaurant finding system . how may i help you ?
i live in different japanese , please . can you help me with anything for me ?
i ' m having trouble understanding what you want . could you please rephrase it ?
Reward: 0.12045560777187347

hello , welcome to the restaurant finding system . how may i help you ?
i want my table into the new area . should i make a restaurant thanks for all my alarm for me ?
thank you , goodbye .
Reward: 0.13399536907672882

hello , welcome to the restaurant finding system . how may i help you ?
i would like to find an italian restaurant ? i am serving rat ! ! do you dont need so much for it ?
what part of town do you have in mind ?
Reward: 0.235747829079628

hello , welcome to the restaurant finding system . how may i help you ?
i need to find spaghetti with authentic palce but having a lizard are san diego but it provides serve chicken farm .
i ' m having trouble understanding what you want . could you please rephrase it ?
Reward: 0.12048576027154922

hello , welcome to the restaurant finding system . how may i help you ?
i want to go to the new spaghetti .
i ' m having trouble understanding what you want . could you please rephrase it ?
Reward: 0.12084149569272995

hello , welcome to the restaurant finding system . how may i help you ?
my checking account .
i ' m having trouble understanding what you want . could you please rephrase it ?
Reward: 0.12122053653001785

hello , welcome to the restaurant finding system . how may i help you ?
i ' m looking for an italian restaurant but not near me .
what part of town do you have in mind ?
Reward: 0.2360738068819046

hello , welcome to the restaurant finding system . how may i help you ?
i want to book a is authentic .
i ' m having trouble understanding what you want . could you please rephrase it ?
Reward: 0.17754100263118744

hello , welcome to the restaurant finding system . how may i help you ?
i guess . i am looking for a restaurant that would be available . i need to know if you can fit out of a
what part of town do you have in mind ?
Reward: 0.2358088344335556

hello , welcome to the restaurant finding system . how may i help you ?
i am looking for something cheap . . how about a golf club for the japanese restaurant .
i am sorry but there is no place , in the cheap price range and serving japanese food .
Reward: 0.12189406901597977

hello , welcome to the restaurant finding system . how may i help you ?
well . i want to make a reservation . ? somewhere legs sitting less than 200 ? i just want the decision .
i ' m having trouble understanding what you want . could you please rephrase it ?
Reward: 0.12045156210660934

hello , welcome to the restaurant finding system . how may i help you ?
do i need to go between this restaurant today or work or not i was something cheap .
what part of town do you have in mind ?
Reward: 0.23631641268730164

hello , welcome to the restaurant finding system . how may i help you ?
i ' d like to hear blood restaurant from my house .
what part of town do you have in mind ?
Reward: 0.2365151345729828

hello , welcome to the restaurant finding system . how may i help you ?
i want to have a restaurant that go off
what part of town do you have in mind ?
Reward: 0.3056630492210388

hello , welcome to the restaurant finding system . how may i help you ?
i need to find tomatos ! i will list them .
i ' m having trouble understanding what you want . could you please rephrase it ?
Reward: 0.12057604640722275

hello , welcome to the restaurant finding system . how may i help you ?
it 's going to be overfeeding i' m willing to live at my trim but i won' t need to fit a few of i
i ' m having trouble understanding what you want . could you please rephrase it ?
Reward: 0.12050572782754898

hello , welcome to the restaurant finding system . how may i help you ?
i want to decide to sight that is cheap .
i ' m having trouble understanding what you want . could you please rephrase it ?
Reward: 0.12166337668895721

hello , welcome to the restaurant finding system . how may i help you ?
i want for some authentic french food , if you have a good among restaurant .
what part of town do you have in mind ?
Reward: 0.23577380180358887

hello , welcome to the restaurant finding system . how may i help you ?
i want to do not know which names does my insurance end time .
i ' m having trouble understanding what you want . could you please rephrase it ?
Reward: 0.12049902230501175

hello , welcome to the restaurant finding system . how may i help you ?
i need to find a bugs how to play them in restaurant .
what part of town do you have in mind ?
Reward: 0.2367061972618103

hello , welcome to the restaurant finding system . how may i help you ?
actually , my husband broke , clockwise , okay .
thank you , goodbye .
Reward: 0.126900777220726

hello , welcome to the restaurant finding system . how may i help you ?
yes , i 'm going to restaurant we' d allow me a lodge eric
what part of town do you have in mind ?
Reward: 0.23760151863098145

hello , welcome to the restaurant finding system . how may i help you ?
well , i ' m looking for an italian restaurant .
what part of town do you have in mind ?
Reward: 0.23613031208515167

hello , welcome to the restaurant finding system . how may i help you ?
i want to know if that i are rich .
i ' m having trouble understanding what you want . could you please rephrase it ?
Reward: 0.12063881754875183

hello , welcome to the restaurant finding system . how may i help you ?
i am not sure . i need a new restaurant .
what part of town do you have in mind ?
Reward: 0.5528420209884644

hello , welcome to the restaurant finding system . how may i help you ?
i want to look at the closest to families .
i ' m having trouble understanding what you want . could you please rephrase it ?
Reward: 0.12084967643022537

hello , welcome to the restaurant finding system . how may i help you ?
i need to find it .
i ' m having trouble understanding what you want . could you please rephrase it ?
Reward: 0.12284854054450989

hello , welcome to the restaurant finding system . how may i help you ?
i want the best deal
i ' m having trouble understanding what you want . could you please rephrase it ?
Reward: 0.12470684945583344

hello , welcome to the restaurant finding system . how may i help you ?
i got an idea and i have a specific name of a black would be fine because she lives on in the teeth by the
i ' m having trouble understanding what you want . could you please rephrase it ?
Reward: 0.12047550082206726

hello , welcome to the restaurant finding system . how may i help you ?
i would like to make a restaurant .
what part of town do you have in mind ?
Reward: 0.2513904869556427

hello , welcome to the restaurant finding system . how may i help you ?
i want the offer one for me .
i ' m having trouble understanding what you want . could you please rephrase it ?
Reward: 0.12079262733459473

hello , welcome to the restaurant finding system . how may i help you ?
im looking for cheap french restaurant .
i am sorry but there is no place , in the cheap price range and serving french food .
Reward: 0.12422585487365723

hello , welcome to the restaurant finding system . how may i help you ?
i would like to make a reservation .
i ' m having trouble understanding what you want . could you please rephrase it ?
Reward: 0.12075872719287872

hello , welcome to the restaurant finding system . how may i help you ?
i have a 5 : forehead and i want to get tomato . roundtrip ?
i ' m having trouble understanding what you want . could you please rephrase it ?
Reward: 0.12067340314388275

hello , welcome to the restaurant finding system . how may i help you ?
i ' d like to do not what to do with their easier stuff . well , !
i ' m having trouble understanding what you want . could you please rephrase it ?
Reward: 0.12059063464403152

hello , welcome to the restaurant finding system . how may i help you ?
i want to book any of the me , i ' m male tony
i ' m having trouble understanding what you want . could you please rephrase it ?
Reward: 0.19539804756641388

hello , welcome to the restaurant finding system . how may i help you ?
i ' ll where i could find some good for each one .
i ' m having trouble understanding what you want . could you please rephrase it ?
Reward: 0.12059856206178665

hello , welcome to the restaurant finding system . how may i help you ?
i like to wondering if i can split le creek as saskatoon .
i ' m having trouble understanding what you want . could you please rephrase it ?
Reward: 0.12049995362758636

hello , welcome to the restaurant finding system . how may i help you ?
i need to bring $ 100 - french cuisine .
i ' m having trouble understanding what you want . could you please rephrase it ?
Reward: 0.12054725736379623

hello , welcome to the restaurant finding system . how may i help you ?
yes . i don ' t decide . can you search the name to an italian restaurant in nyc colors but i want to make
what part of town do you have in mind ?
Reward: 0.23629608750343323

hello , welcome to the restaurant finding system . how may i help you ?
i need to know if we accept a free dinner .
i ' m having trouble understanding what you want . could you please rephrase it ?
Reward: 0.12052759528160095

hello , welcome to the restaurant finding system . how may i help you ?
i want to dogs at paris , valued .
i ' m having trouble understanding what you want . could you please rephrase it ?
Reward: 0.12107285857200623

hello , welcome to the restaurant finding system . how may i help you ?
i want to do that . , any good things i can give me a name for me .
i ' m having trouble understanding what you want . could you please rephrase it ?
Reward: 0.1225731298327446

hello , welcome to the restaurant finding system . how may i help you ?
i think french apt , and an tomatoes from this a restaurant .
what part of town do you have in mind ?
Reward: 0.24578580260276794

hello , welcome to the restaurant finding system . how may i help you ?
a restaurant .
what part of town do you have in mind ?
Reward: 0.682421088218689

hello , welcome to the restaurant finding system . how may i help you ?
i need a large taste for my family .
i ' m having trouble understanding what you want . could you please rephrase it ?
Reward: 0.12053696066141129

hello , welcome to the restaurant finding system . how may i help you ?
i need an italian restaurant .
what part of town do you have in mind ?
Reward: 0.24547052383422852

hello , welcome to the restaurant finding system . how may i help you ?
i want to please compare an italian restaurant .
what part of town do you have in mind ?
Reward: 0.23912569880485535

hello , welcome to the restaurant finding system . how may i help you ?
i ' d disappointment for a new restaurant .
what part of town do you have in mind ?
Reward: 0.23681765794754028

hello , welcome to the restaurant finding system . how may i help you ?
i am looking for a few tables please .
what part of town do you have in mind ?
Reward: 0.236237570643425

hello , welcome to the restaurant finding system . how may i help you ?
i need to put out the mushrooms on the highest rated restaurant from not expensive .
what part of town do you have in mind ?
Reward: 0.23645949363708496

hello , welcome to the restaurant finding system . how may i help you ?
my spouse against saturday .
i ' m having trouble understanding what you want . could you please rephrase it ?
Reward: 0.12089736759662628

hello , welcome to the restaurant finding system . how may i help you ?
i 'd like a table and has barbara gum tomatoes at any good restaurant .
what part of town do you have in mind ?
Reward: 0.28037670254707336

hello , welcome to the restaurant finding system . how may i help you ?
i would like to make a reservation with out of us .
i ' m having trouble understanding what you want . could you please rephrase it ?
Reward: 0.12046641111373901

hello , welcome to the restaurant finding system . how may i help you ?
i want to get a reservation into a restaurant .
what part of town do you have in mind ?
Reward: 0.3512687087059021

hello , welcome to the restaurant finding system . how may i help you ?
i am looking for a good list of their boss at a restaurant .
what part of town do you have in mind ?
Reward: 0.23597539961338043

hello , welcome to the restaurant finding system . how may i help you ?
i need to do so i get a hard go information ...
i ' m having trouble understanding what you want . could you please rephrase it ?
Reward: 0.12052860110998154

hello , welcome to the restaurant finding system . how may i help you ?
i think i live firetruck i need cheap , list those dates to get a supreme resto .
i ' m having trouble understanding what you want . could you please rephrase it ?
Reward: 0.12061603367328644

hello , welcome to the restaurant finding system . how may i help you ?
i need some fast food with family restaurant .
what part of town do you have in mind ?
Reward: 0.23624086380004883

hello , welcome to the restaurant finding system . how may i help you ?
do you give me shipping on the steps i need make me a room with me .
i ' m having trouble understanding what you want . could you please rephrase it ?
Reward: 0.12044035643339157

hello , welcome to the restaurant finding system . how may i help you ?
i need to make it can my weather with authentic french cuisine .
what part of town do you have in mind ?
Reward: 0.23598627746105194

hello , welcome to the restaurant finding system . how may i help you ?
i ' m looking for something french . yes .
i ' m having trouble understanding what you want . could you please rephrase it ?
Reward: 0.1205066666007042

hello , welcome to the restaurant finding system . how may i help you ?
i ' m looking someplace dead button .
i ' m having trouble understanding what you want . could you please rephrase it ?
Reward: 0.12093991786241531

hello , welcome to the restaurant finding system . how may i help you ?
i want to have an italian restaurant to work .
what part of town do you have in mind ?
Reward: 0.2364254742860794

hello , welcome to the restaurant finding system . how may i help you ?
i am trying to learn some some alfredo ? can you do looking destinations for fit of a party ?
i ' m having trouble understanding what you want . could you please rephrase it ?
Reward: 0.12038610130548477

hello , welcome to the restaurant finding system . how may i help you ?
i want a restaurant .
what part of town do you have in mind ?
Reward: 0.6835114359855652

hello , welcome to the restaurant finding system . how may i help you ?
it ' s the dining person for me .
i ' m having trouble understanding what you want . could you please rephrase it ?
Reward: 0.12075269967317581

hello , welcome to the restaurant finding system . how may i help you ?
i dont like to pace inside then .
i ' m having trouble understanding what you want . could you please rephrase it ?
Reward: 0.12066297233104706

hello , welcome to the restaurant finding system . how may i help you ?
i ' m looking for an restaurant for cockeysville , maryland of 3 months to drive , and i want to place large .
what part of town do you have in mind ?
Reward: 0.23589618504047394

hello , welcome to the restaurant finding system . how may i help you ?
i would like to order a place with italian and giving me daily specific do i have to eat in i ' m looking for
what part of town do you have in mind ?
Reward: 0.23585034906864166

hello , welcome to the restaurant finding system . how may i help you ?
i am looking on an italian restaurant . can you eat saturday at 7 : 00 ?
what part of town do you have in mind ?
Reward: 0.23587802052497864

hello , welcome to the restaurant finding system . how may i help you ?
im looking for an italian restaurant .
what part of town do you have in mind ?
Reward: 0.23616431653499603

hello , welcome to the restaurant finding system . how may i help you ?
i want to make a new restaurant .
what part of town do you have in mind ?
Reward: 0.6742522120475769

hello , welcome to the restaurant finding system . how may i help you ?
i want to know if my area will bringing my kids instead .
i ' m having trouble understanding what you want . could you please rephrase it ?
Reward: 0.12046550214290619

hello , welcome to the restaurant finding system . how may i help you ?
i want to know if any of those are played for an example of people , 1234567890.
i ' m having trouble understanding what you want . could you please rephrase it ?
Reward: 0.12043298035860062

hello , welcome to the restaurant finding system . how may i help you ?
yes . i could send an italian restaurant .
what part of town do you have in mind ?
Reward: 0.24019396305084229

hello , welcome to the restaurant finding system . how may i help you ?
i want to know if are corrupt .
i ' m having trouble understanding what you want . could you please rephrase it ?
Reward: 0.12069109827280045

hello , welcome to the restaurant finding system . how may i help you ?
i think i ' d like a plane omelette .
i ' m having trouble understanding what you want . could you please rephrase it ?
Reward: 0.12103845179080963

hello , welcome to the restaurant finding system . how may i help you ?
a free security restaurant .
what part of town do you have in mind ?
Reward: 0.6492014527320862

hello , welcome to the restaurant finding system . how may i help you ?
i want to have a table for that please .
what part of town do you have in mind ?
Reward: 0.2444532960653305

hello , welcome to the restaurant finding system . how may i help you ?
the mcdonalds event near mongolia .
i ' m having trouble understanding what you want . could you please rephrase it ?
Reward: 0.12083154916763306

