hello , welcome to the restaurant finding system . how may i help you ?
i need another restaurant .
what part of town do you have in mind ?
i prefer a venue in north .
what kind of food would you like ?
i need a chinese venue .
would you like something in the cheap , moderate , or expensive price range ?
i want a restaurant in the expensive price range .
hakka is a nice place , it is in the north part of town , it is in the expensive price range and it serves chinese food .
thanks for your help , goodbye .
thank you , goodbye .
Reward: 0.888929545879364

hello , welcome to the restaurant finding system . how may i help you ?
i want a european restaurant .
what part of town do you have in mind ?
i prefer a venue in centre .
would you like something in the cheap , moderate , or expensive price range ?
i want a venue in the expensive price range .
michaelhouse cafe is a nice place , it is in the expensive price range , it serves european food and it is in the centre of town .
i need another restaurant .
michaelhouse cafe is a nice place , it serves european food , it is in the expensive price range and it is in the centre of town .
wait , i want something else . i want a venue in any price range .
galleria is a nice place , it is in the centre of town , it is in the moderate price range and it serves european food .
thanks for your help , goodbye .
thank you , goodbye .
Reward: 0.888929545879364

hello , welcome to the restaurant finding system . how may i help you ?
i need another restaurant .
what part of town do you have in mind ?
i prefer a venue in north .
what kind of food would you like ?
i need a chinese venue .
would you like something in the cheap , moderate , or expensive price range ?
i want a venue in the expensive price range .
hakka is a nice place , it serves chinese food , it is in the north part of town and it is in the expensive price range .
thanks for your help , goodbye .
thank you , goodbye .
Reward: 0.888929545879364

hello , welcome to the restaurant finding system . how may i help you ?
i need another restaurant .
what part of town do you have in mind ?
i prefer a venue in north .
what kind of food would you like ?
i need a indian venue .
would you like something in the cheap , moderate , or expensive price range ?
i want a venue in the expensive price range .
tandoori palace is a nice place , it is in the north part of town , it is in the expensive price range and it serves indian food .
thanks for your help , goodbye .
thank you , goodbye .
Reward: 0.888929545879364

hello , welcome to the restaurant finding system . how may i help you ?
hi , i want to book a table
what part of town do you have in mind ?
i prefer a venue in south .
what kind of food would you like ?
it doesn ' t matter .
what kind of food would you like ?
i want a venue in the expensive price range serving british food .
i am sorry but there is no place , in the expensive price range , serving british food and in the area of south .
okay , i am not looking for this . please tell me the address .
i am sorry but there is no place , in the expensive price range , in the area of south and serving british food .
thanks for your help , goodbye .
thank you , goodbye .
Reward: 0.888929545879364

hello , welcome to the restaurant finding system . how may i help you ?
i need another restaurant .
what part of town do you have in mind ?
i prefer a venue in north .
what kind of food would you like ?
i want a venue in the expensive price range serving chinese food .
hakka is a nice place , it serves chinese food , it is in the expensive price range and it is in the north part of town .
thanks for your help , goodbye .
thank you , goodbye .
Reward: 0.8889926671981812

hello , welcome to the restaurant finding system . how may i help you ?
hi , i want to book a table
what part of town do you have in mind ?
i prefer a venue in centre .
what kind of food would you like ?
i need a restaurant in the moderate price range serving chinese food .
shanghai family restaurant is a nice place , it is in the moderate price range , it serves chinese food and it is in the centre of town .
wait , i want something else . is there another one instead of all ?
lan hong house is a nice place , it is in the moderate price range , it is in the centre of town and it serves chinese food .
wait , i want something else .
jinling noodle bar is a nice place , it is in the moderate price range , it serves chinese food and it is in the centre of town .
thanks for your help , goodbye .
thank you , goodbye .
Reward: 0.8889926671981812

hello , welcome to the restaurant finding system . how may i help you ?
i need another restaurant .
what part of town do you have in mind ?
i prefer a venue in centre .
what kind of food would you like ?
everything is fine . i need a european venue .
would you like something in the cheap , moderate , or expensive price range ?
i want a venue in the expensive price range .
michaelhouse cafe is a nice place , it is in the centre of town , it serves european food and it is in the expensive price range .
thanks for your help , goodbye .
thank you , goodbye .
Reward: 0.8889926671981812

hello , welcome to the restaurant finding system . how may i help you ?
i need another restaurant .
what part of town do you have in mind ?
i prefer a venue in north .
what kind of food would you like ?
i want a venue in the expensive price range serving chinese food .
hakka is a nice place , it is in the expensive price range , it serves chinese food and it is in the north part of town .
no , i am not looking for this . please show me another one .
the hotpot is a nice place , it is in the north part of town , it is in the expensive price range and it serves chinese food .
what is the phone number of the restaurant ?
can i help you with anything else ?
wait , i am not looking for this . please show me another one .
i am sorry but there is no place other than hakka and the hotpot serving chinese food , in the expensive price range and in the area of north .
Reward: 0.8889926671981812

hello , welcome to the restaurant finding system . how may i help you ?
i need another restaurant .
what part of town do you have in mind ?
i prefer a venue in north .
what kind of food would you like ?
i need a chinese venue .
would you like something in the cheap , moderate , or expensive price range ?
i want a venue in the expensive price range .
hakka is a nice place , it is in the expensive price range , it serves chinese food and it is in the north part of town .
thanks for your help , goodbye .
thank you , goodbye .
Reward: 0.8889926671981812

hello , welcome to the restaurant finding system . how may i help you ?
i need another restaurant .
what part of town do you have in mind ?
i prefer a venue in north .
what kind of food would you like ?
everything is fine . i need a name of the tabby .
what kind of food would you like ?
i need a mediterranean venue .
i am sorry but there is no place , serving mediterranean food and in the area of north .
thanks for your help , goodbye .
thank you , goodbye .
Reward: 0.8889926671981812

hello , welcome to the restaurant finding system . how may i help you ?
i need another restaurant .
what part of town do you have in mind ?
it doesn ' t matter .
what part of town do you have in mind ?
i prefer a venue in north .
what kind of food would you like ?
i want a venue in the expensive price range serving smiling .
what kind of food would you like ?
i want a venue in the moderate price range .
what kind of food would you like ?
i want another restaurant .
what kind of food would you like ?
Reward: 0.8880636096000671

hello , welcome to the restaurant finding system . how may i help you ?
i need another restaurant .
what part of town do you have in mind ?
i prefer a venue in north .
what kind of food would you like ?
i need a chinese ones .
would you like something in the cheap , moderate , or expensive price range ?
it doesn ' t matter .
would you like something in the cheap , moderate , or expensive price range ?
i want a venue in the moderate price range .
golden wok is a nice place , it serves chinese food , it is in the moderate price range and it is in the north part of town .
what is the address ?
can i help you with anything else ?
Reward: 0.8880636096000671

hello , welcome to the restaurant finding system . how may i help you ?
i want a restaurant in any price range and in any part of town .
what kind of food would you like ?
i need a venue in the expensive price range serving expensive .
what kind of food would you like ?
i want a venue in the expensive price range serving moderate price range .
what kind of food would you like ?
i ' m something that i want to book a table
what kind of food would you like ?
i want a venue in the moderate price range serving moderate price range .
what kind of food would you like ?
i want a venue in the expensive price range serving moderate price range ?
what kind of food would you like ?
Reward: 0.8880636096000671

hello , welcome to the restaurant finding system . how may i help you ?
hi , i want to book a table
what part of town do you have in mind ?
i prefer a venue in centre .
what kind of food would you like ?
i need a european venue .
would you like something in the cheap , moderate , or expensive price range ?
i want a venue in the moderate price range .
galleria is a nice place , it is in the centre of town , it is in the moderate price range and it serves european food .
what is my phone number of the restaurant ?
can i help you with anything else ?
that ' s all
galleria is a nice place , it serves european food , it is in the centre of town and it is in the moderate price range .
Reward: 0.8880636096000671

hello , welcome to the restaurant finding system . how may i help you ?
i need another restaurant .
what part of town do you have in mind ?
i prefer a venue in north .
what kind of food would you like ?
it doesn ' t matter .
what kind of food would you like ?
i need a chinese venue .
would you like something in the cheap , moderate , or expensive price range ?
the expensive price range .
hakka is a nice place , it serves chinese food , it is in the north part of town and it is in the expensive price range .
what is the address please ?
can i help you with anything else ?
Reward: 0.8880636096000671

hello , welcome to the restaurant finding system . how may i help you ?
i need a mediterranean restaurant .
what part of town do you have in mind ?
i prefer a venue in centre .
would you like something in the cheap , moderate , or expensive price range ?
i want a venue in the moderate price range .
i am sorry but there is no place , in the area of centre , serving mediterranean food and in the moderate price range .
wait , i want something else . i want a venue in any part of town .
i am sorry but there is no place , serving mediterranean food and in the moderate price range .
no , i am not looking for this . please show me another restaurant .
i am sorry but there is no place , in the moderate price range and serving mediterranean food .
thanks for your help , goodbye .
thank you , goodbye .
Reward: 0.8885157704353333

hello , welcome to the restaurant finding system . how may i help you ?
hi , i want to book a table
what part of town do you have in mind ?
i want a venue in south .
what kind of food would you like ?
they say what the best selling single restaurant in the same part of town .
what kind of food would you like ?
i want a restaurant in the modern european food .
i am sorry but there is no place , serving european food and in the area of south .
great , i ' m fine . i want a european club . please show me a restaurant .
i am sorry but there is no place , in the area of south and serving european food .
wait african price range and any price range is modern , who is a restaurant in any price range ?
i am sorry but there is no place , in the area of south and serving african food .
Reward: 0.8885157704353333

hello , welcome to the restaurant finding system . how may i help you ?
i need another restaurant .
what part of town do you have in mind ?
i prefer a venue in north .
what kind of food would you like ?
i prefer a venue in south .
what kind of food would you like ?
i need a chinese venue .
would you like something in the cheap , moderate , or expensive price range ?
i want a venue in the expensive price range .
the good luck chinese food takeaway is a nice place , it is in the south part of town , it serves chinese food and it is in the expensive price range .
wait , i want something else . i prefer a venue in the expensive . i want a venue in the expensive price range .
peking restaurant is a nice place , it is in the expensive price range , it serves chinese food and it is in the south part of town .
Reward: 0.8885157704353333

hello , welcome to the restaurant finding system . how may i help you ?
i need another restaurant .
what part of town do you have in mind ?
it doesn ' t matter .
what part of town do you have in mind ?
i prefer a venue in centre .
what kind of food would you like ?
i need a international venue .
bloomsbury restaurant is a nice place , it serves international food and it is in the centre of town .
what is the phone number of the restaurant ?
would you like something in the cheap , moderate , or expensive price range ?
i want a venue in the moderate price range .
bloomsbury restaurant is a nice place , it serves international food , it is in the moderate price range and it is in the centre of town .
Reward: 0.8885157704353333

hello , welcome to the restaurant finding system . how may i help you ?
hi , i want to book a table
what part of town do you have in mind ?
i prefer a venue in centre .
what kind of food would you like ?
i need a european venue .
would you like something in the cheap , moderate , or expensive price range ?
i want a venue in the expensive price range .
michaelhouse cafe is a nice place , it is in the expensive price range , it is in the centre of town and it serves european food .
what is the address >
can i help you with anything else ?
thanks for your help , goodbye .
thank you , goodbye .
Reward: 0.8885157704353333

hello , welcome to the restaurant finding system . how may i help you ?
i want a restaurant in any price range and in any part of town .
what kind of food would you like ?
i want a venue in the moderate price range .
what kind of food would you like ?
i need a indian venue .
the nirala is a nice place , it is in the north part of town , it serves indian food and it is in the moderate price range .
no , i am not looking for this . please show me another one .
meghna is a nice place , it is in the moderate price range , it is in the north part of town and it serves indian food .
ok , i am not looking for this . please show me another one .
thank you , goodbye .
Reward: 0.779117226600647

hello , welcome to the restaurant finding system . how may i help you ?
hi , i want to book a table
what part of town do you have in mind ?
i prefer a venue in centre .
what kind of food would you like ?
i need a european venue .
would you like something in the cheap , moderate , or expensive price range ?
i want a venue in the expensive price range .
michaelhouse cafe is a nice place , it serves european food , it is in the expensive price range and it is in the centre of town .
what is the phone number of the restaurant ?
can i help you with anything else ?
thanks for your help , goodbye .
thank you , goodbye .
Reward: 0.779117226600647

hello , welcome to the restaurant finding system . how may i help you ?
hi , i want to book a table
what part of town do you have in mind ?
i prefer a venue in south .
what kind of food would you like ?
i need a chinese venue .
would you like something in the cheap , moderate , or expensive price range ?
i want a venue in the moderate price range .
i am sorry but there is no place , in the area of south , in the moderate price range and serving chinese food .
wait , i want to book a table
i am sorry but there is no place , in the moderate price range , in the area of south and serving chinese food .
thanks for your help , goodbye .
thank you , goodbye .
Reward: 0.779117226600647

hello , welcome to the restaurant finding system . how may i help you ?
i need another restaurant .
what part of town do you have in mind ?
i want to live .
what part of town do you have in mind ?
i prefer a venue in south .
what kind of food would you like ?
i want a venue in the moderate price range .
what kind of food would you like ?
i need another restaurant .
what kind of food would you like ?
i want a venue in the moderate price range serving interactive food .
what kind of food would you like ?
Reward: 0.779117226600647

hello , welcome to the restaurant finding system . how may i help you ?
hi , i want to book a table
what part of town do you have in mind ?
i need a restaurant in centre .
what kind of food would you like ?
i need a european venue .
would you like something in the cheap , moderate , or expensive price range ?
i want a venue in the expensive price range .
michaelhouse cafe is a nice place , it serves european food , it is in the centre of town and it is in the expensive price range .
what is the address ?
can i help you with anything else ?
thanks for your help , goodbye .
thank you , goodbye .
Reward: 0.779117226600647

hello , welcome to the restaurant finding system . how may i help you ?
i need another restaurant .
what part of town do you have in mind ?
i prefer a venue in north .
what kind of food would you like ?
i need a european venue .
i am sorry but there is no place , in the area of north and serving european food .
what is the restaurant ?
i am sorry but there is no place , serving european food and in the area of north .
thanks for your help , goodbye .
thank you , goodbye .
Reward: 0.779117226600647

hello , welcome to the restaurant finding system . how may i help you ?
hi , i want to book a table
what part of town do you have in mind ?
i prefer a venue in centre .
what kind of food would you like ?
i need a restaurant said set .
what kind of food would you like ?
i ' m taking a few , i want to book a table
what kind of food would you like ?
i want a venue in the moderate price range serving chinese food .
shanghai family restaurant is a nice place , it serves chinese food , it is in the moderate price range and it is in the centre of town .
thanks for your help , goodbye .
thank you , goodbye .
Reward: 0.8814448714256287

hello , welcome to the restaurant finding system . how may i help you ?
i want a restaurant in the moderate price range .
what part of town do you have in mind ?
i prefer a venue in south .
what kind of food would you like ?
i need a venue in the moderate price range .
what kind of food would you like ?
i need another restaurant .
what kind of food would you like ?
i need a client of the restaurant in the same part of town .
what kind of food would you like ?
i need a client venue .
what kind of food would you like ?
Reward: 0.8814448714256287

hello , welcome to the restaurant finding system . how may i help you ?
i need another restaurant .
what part of town do you have in mind ?
i prefer a venue in north .
what kind of food would you like ?
i need a chinese venue .
would you like something in the cheap , moderate , or expensive price range ?
i want a venue in the expensive price range .
hakka is a nice place , it is in the north part of town , it is in the expensive price range and it serves chinese food .
thanks for your help , goodbye .
thank you , goodbye .
Reward: 0.8814448714256287

hello , welcome to the restaurant finding system . how may i help you ?
i need another restaurant .
what part of town do you have in mind ?
i prefer a venue in north .
what kind of food would you like ?
it doesn ' t matter .
what kind of food would you like ?
i want a food in the moderate price range .
what kind of food would you like ?
i want a venue serving moderate price range , please ,
what kind of food would you like ?
i want a venue in the moderate price range serving indian food .
the nirala is a nice place , it serves indian food , it is in the moderate price range and it is in the north part of town .
Reward: 0.8814448714256287

hello , welcome to the restaurant finding system . how may i help you ?
hi , i want to book a table
what part of town do you have in mind ?
i prefer a venue in south .
what kind of food would you like ?
i want a venue in the moderate price range .
what kind of food would you like ?
i need a client of the moderate price range .
what kind of food would you like ?
i want a venue in the expensive price range serving moderate price range .
what kind of food would you like ?
i want a venue in the moderate price range range serving moderate price range .
what kind of food would you like ?
Reward: 0.8927534222602844

hello , welcome to the restaurant finding system . how may i help you ?
i need another restaurant .
what part of town do you have in mind ?
i prefer a venue in north .
what kind of food would you like ?
i need a chinese venue .
would you like something in the cheap , moderate , or expensive price range ?
i want a venue in the expensive price range .
hakka is a nice place , it serves chinese food , it is in the north part of town and it is in the expensive price range .
thanks for your help , goodbye .
thank you , goodbye .
Reward: 0.8927534222602844

hello , welcome to the restaurant finding system . how may i help you ?
i want a restaurant in the moderate price range .
what part of town do you have in mind ?
i prefer a venue in south .
what kind of food would you like ?
i need a indian venue .
i am sorry but there is no place , in the moderate price range , serving indian food and in the area of south .
thanks for your help , goodbye .
thank you , goodbye .
Reward: 0.8927534222602844

hello , welcome to the restaurant finding system . how may i help you ?
i need another restaurant .
what part of town do you have in mind ?
i prefer a venue in north .
what kind of food would you like ?
i want a venue in the moderate price range .
what kind of food would you like ?
i need a client venue in the expensive price range serving moderate price range .
what kind of food would you like ?
i want a venue in the expensive price range serving moderate price range .
what kind of food would you like ?
i need another restaurant .
what kind of food would you like ?
Reward: 0.8927534222602844

hello , welcome to the restaurant finding system . how may i help you ?
hi , i want to book a table
what part of town do you have in mind ?
everything is fine . i want a venue in the expensive price range serving me. not matter , i want a portuguese part of my
i am sorry but there is no place , serving portuguese food and in the expensive price range .
no , i am not trying to sleep too . please show me another restaurant .
i am sorry but there is no place , in the expensive price range and serving portuguese food .
wait , i want something else . i want a venue in a venue .
i am sorry but there is no place , in the expensive price range and serving portuguese food .
thanks for your help , goodbye .
thank you , goodbye .
Reward: 0.8927534222602844

hello , welcome to the restaurant finding system . how may i help you ?
i need another restaurant .
what part of town do you have in mind ?
i prefer a venue in north .
what kind of food would you like ?
i need a chinese venue .
would you like something in the cheap , moderate , or expensive price range ?
i want a venue in the expensive price range .
hakka is a nice place , it is in the north part of town , it is in the expensive price range and it serves chinese food .
okay , i want a venue in the expensive price range .
hakka is a nice place , it is in the north part of town , it is in the expensive price range and it serves chinese food .
thanks for your help , goodbye .
thank you , goodbye .
Reward: 0.8927534222602844

hello , welcome to the restaurant finding system . how may i help you ?
hi , i want to book a table
what part of town do you have in mind ?
i prefer a venue in south .
what kind of food would you like ?
i want a venue in the moderate price range .
what kind of food would you like ?
i want a venue in the moderate price range .
what kind of food would you like ?
i want a venue in the moderate price range serving moderate price range .
what kind of food would you like ?
i want a venue in the moderate price range serving moderate price range .
what kind of food would you like ?
Reward: 0.8887368440628052

hello , welcome to the restaurant finding system . how may i help you ?
i need another restaurant .
what part of town do you have in mind ?
i want a venue in the moderate price range and in the centre of town .
what kind of food would you like ?
i need a indian venue .
i am sorry but there is no place , serving indian food , in the area of centre and in the moderate price range .
thanks for your help , goodbye .
thank you , goodbye .
Reward: 0.8887368440628052

hello , welcome to the restaurant finding system . how may i help you ?
i need a restaurant in centre .
what kind of food would you like ?
i need a european venue .
would you like something in the cheap , moderate , or expensive price range ?
i want a venue in the moderate price range .
galleria is a nice place , it is in the moderate price range , it is in the centre of town and it serves european food .
what is the address of the restaurant ?
can i help you with anything else ?
wait , i want to book a table
galleria is a nice place , it is in the moderate price range , it is in the centre of town and it serves european food .
please help me order another one of a few in the same part of town .
hotel du vin and bistro is a nice place , it is in the moderate price range , it serves european food and it is in the centre of town .
Reward: 0.8887368440628052

hello , welcome to the restaurant finding system . how may i help you ?
i need another restaurant .
what part of town do you have in mind ?
i prefer a venue in north .
what kind of food would you like ?
i need a chinese venue .
would you like something in the cheap , moderate , or expensive price range ?
i want a venue in the expensive price range .
hakka is a nice place , it is in the north part of town , it serves chinese food and it is in the expensive price range .
thanks for your help , goodbye .
thank you , goodbye .
Reward: 0.8887368440628052

hello , welcome to the restaurant finding system . how may i help you ?
hi , i want to book a table
what part of town do you have in mind ?
i prefer a venue in centre .
what kind of food would you like ?
i need a european venue .
would you like something in the cheap , moderate , or expensive price range ?
i want a venue in the expensive price range .
michaelhouse cafe is a nice place , it is in the centre of town , it serves european food and it is in the expensive price range .
what is the address ?
can i help you with anything else ?
thanks for your help , goodbye .
thank you , goodbye .
Reward: 0.8887368440628052

hello , welcome to the restaurant finding system . how may i help you ?
i need another restaurant .
what part of town do you have in mind ?
i want a venue in the moderate price range and in any part of town .
what kind of food would you like ?
i want a business venue .
what kind of food would you like ?
i want a venue in the expensive price range serving indian food .
tandoori palace is a nice place , it is in the north part of town , it is in the expensive price range and it serves indian food .
wait , i want a venue in the expensive price range .
tandoori palace is a nice place , it is in the north part of town , it is in the expensive price range and it serves indian food .
okay . i want a venue in the expensive price range serving moderate price range .
the nirala is a nice place , it is in the moderate price range , it is in the north part of town and it serves indian food .
Reward: 0.789389431476593

hello , welcome to the restaurant finding system . how may i help you ?
hi , i want to book a table
what part of town do you have in mind ?
i prefer a venue in centre .
what kind of food would you like ?
i need a european venue .
would you like something in the cheap , moderate , or expensive price range ?
i want a venue in the moderate price range .
galleria is a nice place , it is in the centre of town , it is in the moderate price range and it serves european food .
thanks for your help , goodbye .
thank you , goodbye .
Reward: 0.789389431476593

hello , welcome to the restaurant finding system . how may i help you ?
hi , i want to book a table
what part of town do you have in mind ?
everything is fine . i need a portuguese venue .
what part of town do you have in mind ?
i prefer a venue in centre .
nandos city centre is a nice place , it serves portuguese food and it is in the centre of town .
no , i am not looking for this . please . i '
nandos city centre is a nice place , it is in the centre of town and it serves portuguese food .
what is the address ?
would you like something in the cheap , moderate , or expensive price range ?
i want a venue in the moderate price range .
i am sorry but there is no place , serving portuguese food , in the area of centre and in the moderate price range .
Reward: 0.789389431476593

hello , welcome to the restaurant finding system . how may i help you ?
any some restaurant serving cuisine .
what part of town do you have in mind ?
i prefer a venue in south .
what kind of food would you like ?
i want a venue in the moderate price range .
what kind of food would you like ?
i want a venue in the expensive price range serving expensive . do i live in south .
what kind of food would you like ?
i want a venue in the expensive price range serving moderate price range .
what kind of food would you like ?
i want a venue in the moderate price range serving moderate price range . it doesn ' t matter ,
what kind of food would you like ?
Reward: 0.789389431476593

hello , welcome to the restaurant finding system . how may i help you ?
i need another restaurant .
what part of town do you have in mind ?
i prefer a venue in north .
what kind of food would you like ?
i need a chinese venue .
would you like something in the cheap , moderate , or expensive price range ?
i want a venue in the expensive price range .
hakka is a nice place , it is in the expensive price range , it serves chinese food and it is in the north part of town .
thanks for your help , goodbye .
thank you , goodbye .
Reward: 0.789389431476593

hello , welcome to the restaurant finding system . how may i help you ?
hi , i want to book a table
what part of town do you have in mind ?
i prefer a venue in south .
what kind of food would you like ?
i need a chinese venue .
would you like something in the cheap , moderate , or expensive price range ?
i want a venue in the expensive price range .
the good luck chinese food takeaway is a nice place , it is in the south part of town , it is in the expensive price range and it serves chinese food .
wait , i want to book a table
the good luck chinese food takeaway is a nice place , it serves chinese food , it is in the south part of town and it is in the expensive price range .
wait , i want something else . i want a venue in south .
peking restaurant is a nice place , it is in the south part of town , it serves chinese food and it is in the expensive price range .
Reward: 0.789389431476593

hello , welcome to the restaurant finding system . how may i help you ?
hi , i want to book a table
what part of town do you have in mind ?
i want a restaurant in the cheap price range and in the centre of town .
what kind of food would you like ?
i need a indian venue .
the gandhi is a nice place , it is in the centre of town , it serves indian food and it is in the cheap price range .
thanks for your help , goodbye .
thank you , goodbye .
Reward: 0.8887876272201538

hello , welcome to the restaurant finding system . how may i help you ?
i need another restaurant .
what part of town do you have in mind ?
i prefer a venue in north .
what kind of food would you like ?
i need a indian venue .
would you like something in the cheap , moderate , or expensive price range ?
i want a venue in the expensive price range .
tandoori palace is a nice place , it is in the north part of town , it is in the expensive price range and it serves indian food .
thanks for your help , goodbye .
thank you , goodbye .
Reward: 0.8887876272201538

hello , welcome to the restaurant finding system . how may i help you ?
i want a restaurant in any price range and the same part of town .
what part of town do you have in mind ?
i prefer a venue in south .
what kind of food would you like ?
i want a venue in the moderate price range .
what kind of food would you like ?
i need a indian venue . anyway .
i am sorry but there is no place , serving indian food , in the moderate price range and in the area of south .
thanks for your help , goodbye .
thank you , goodbye .
Reward: 0.8887876272201538

hello , welcome to the restaurant finding system . how may i help you ?
i need another restaurant .
what part of town do you have in mind ?
i prefer a venue in north .
what kind of food would you like ?
i need a turkish venue .
i am sorry but there is no place , serving turkish food and in the area of north .
what is the best selling single restaurant in the same part of town ?
i am sorry but there is no place , in the area of north and serving turkish food .
wait , i want something else . i would like to give a restaurant in the moderate price range .
i am sorry but there is no place , in the moderate price range , in the area of north and serving turkish food .
i want a restaurant in russia .
i am sorry but there is no place , in the area of north , serving turkish food and in the moderate price range .
Reward: 0.8887876272201538

hello , welcome to the restaurant finding system . how may i help you ?
hi , i want to book a table
what part of town do you have in mind ?
i prefer a venue in south .
what kind of food would you like ?
i want a venue in the moderate price range serving turkish food .
i am sorry but there is no place , in the moderate price range , in the area of south and serving turkish food .
i prefer a venue in south .
i am sorry but there is no place , in the moderate price range , in the area of south and serving turkish food .
i prefer a venue in the moderate price range .
i am sorry but there is no place , serving turkish food , in the moderate price range and in the area of south .
no , i am the best selling single restaurant in the same .
i am sorry but there is no place , serving turkish food , in the area of south and in the moderate price range .
Reward: 0.8887876272201538

hello , welcome to the restaurant finding system . how may i help you ?
hi , i want to book a table
what part of town do you have in mind ?
i prefer a venue in south .
what kind of food would you like ?
i need a chinese venue .
would you like something in the cheap , moderate , or expensive price range ?
i want a venue in the expensive price range .
the good luck chinese food takeaway is a nice place , it is in the expensive price range , it serves chinese food and it is in the south part of town .
wait , any price range is okay .
the good luck chinese food takeaway is a nice place , it is in the south part of town , it is in the expensive price range and it serves chinese food .
wait , i want to book a table
the good luck chinese food takeaway is a nice place , it is in the expensive price range , it serves chinese food and it is in the south part of town .
Reward: 0.7674258947372437

hello , welcome to the restaurant finding system . how may i help you ?
i need another restaurant .
what part of town do you have in mind ?
i prefer a venue in north .
what kind of food would you like ?
i need a chinese venue .
would you like something in the cheap , moderate , or expensive price range ?
i prefer a venue in north .
would you like something in the cheap , moderate , or expensive price range ?
it doesn ' t matter .
would you like something in the cheap , moderate , or expensive price range ?
i want a venue in the expensive price range .
hakka is a nice place , it is in the expensive price range , it is in the north part of town and it serves chinese food .
Reward: 0.7674258947372437

hello , welcome to the restaurant finding system . how may i help you ?
hi , i want to book a table
what part of town do you have in mind ?
i prefer a venue in south .
what kind of food would you like ?
i need a chinese venue .
would you like something in the cheap , moderate , or expensive price range ?
i want a venue in the moderate price range .
i am sorry but there is no place , in the moderate price range , in the area of south and serving chinese food .
wait , i want to book a table
i am sorry but there is no place , serving chinese food , in the moderate price range and in the area of south .
you doesn ' t matter , i ' m hard to be a venue in south .
i am sorry but there is no place , in the moderate price range , in the area of south and serving chinese food .
Reward: 0.7674258947372437

hello , welcome to the restaurant finding system . how may i help you ?
i need a restaurant in centre .
what kind of food would you like ?
i need a european venue .
would you like something in the cheap , moderate , or expensive price range ?
it doesn ' t matter .
would you like something in the cheap , moderate , or expensive price range ?
i want a venue in the moderate price range .
galleria is a nice place , it serves european food , it is in the centre of town and it is in the moderate price range .
thanks for your help , goodbye .
thank you , goodbye .
Reward: 0.7674258947372437

hello , welcome to the restaurant finding system . how may i help you ?
hi , i want to book a table
what part of town do you have in mind ?
i want a venue in the moderate price range and in the north of town .
what kind of food would you like ?
any price range is got any . please tell me the address for my restaurant for me .
what kind of food would you like ?
i want a venue in the expensive price range serving moderate price range .
what kind of food would you like ?
i want a venue in the moderate price range serving moderate price range .
what kind of food would you like ?
i want a venue in any price range serving thai food .
i am sorry but there is no place , serving thai food and in the area of north .
Reward: 0.7674258947372437

hello , welcome to the restaurant finding system . how may i help you ?
hi , i want to book a table
what part of town do you have in mind ?
i want a venue in the moderate price range and in the centre of town .
what kind of food would you like ?
i need a indian venue .
i am sorry but there is no place , in the area of centre , in the moderate price range and serving indian food .
i will probably a few taking a few , i want to book a few , i want to book a table
i am sorry but there is no place , in the moderate price range , in the area of centre and serving indian food .
thanks for your help , goodbye .
thank you , goodbye .
Reward: 0.4178771674633026

hello , welcome to the restaurant finding system . how may i help you ?
hi , i want to book a table
what part of town do you have in mind ?
i am fine . i want a restaurant in the moderate price range .
what part of town do you have in mind ?
i prefer a venue in south .
what kind of food would you like ?
it doesn ' t matter . make a table
what kind of food would you like ?
i need a british restaurant .
i am sorry but there is no place , serving british food , in the area of south and in the moderate price range .
thanks for your help , goodbye , goodbye .
thank you , goodbye .
Reward: 0.4178771674633026

hello , welcome to the restaurant finding system . how may i help you ?
i need a mediterranean restaurant .
what part of town do you have in mind ?
it doesn ' t matter .
what part of town do you have in mind ?
i prefer a venue in centre .
would you like something in the cheap , moderate , or expensive price range ?
it doesn ' t matter .
would you like something in the cheap , moderate , or expensive price range ?
i want a venue in the expensive price range .
la mimosa is a nice place , it is in the expensive price range , it serves mediterranean food and it is in the centre of town .
wait , i want something else . i want a venue in any part of town .
shiraz restaurant is a nice place , it is in the centre of town , it serves mediterranean food and it is in the expensive price range .
Reward: 0.4178771674633026

hello , welcome to the restaurant finding system . how may i help you ?
hi , i want to book a table
what part of town do you have in mind ?
it doesn ' t matter .
what part of town do you have in mind ?
i prefer a venue in north .
what kind of food would you like ?
i need a indian venue .
would you like something in the cheap , moderate , or expensive price range ?
i want a venue in the expensive price range .
tandoori palace is a nice place , it serves indian food , it is in the north part of town and it is in the expensive price range .
thanks a spot .
thank you , goodbye .
Reward: 0.4178771674633026

hello , welcome to the restaurant finding system . how may i help you ?
hi , i want to book a table
what part of town do you have in mind ?
it doesn ' t matter .
what part of town do you have in mind ?
i want a venue in the moderate price range .
what part of town do you have in mind ?
i want a venue in the moderate price range and in south .
what kind of food would you like ?
take a few , i want to book a table
what kind of food would you like ?
i want to book a table
what kind of food would you like ?
Reward: 0.4178771674633026

hello , welcome to the restaurant finding system . how may i help you ?
i need another restaurant .
what part of town do you have in mind ?
i prefer a venue in north .
what kind of food would you like ?
i need a chinese venue .
would you like something in the cheap , moderate , or expensive price range ?
i want a venue in the moderate price range .
golden wok is a nice place , it is in the moderate price range , it serves chinese food and it is in the north part of town .
wait , i want something else . i want a venue in the expensive price range .
hakka is a nice place , it serves chinese food , it is in the north part of town and it is in the expensive price range .
can you another one ?
the hotpot is a nice place , it is in the north part of town , it serves chinese food and it is in the expensive price range .
Reward: 0.4178771674633026

hello , welcome to the restaurant finding system . how may i help you ?
i need another restaurant .
what part of town do you have in mind ?
i prefer a venue in south .
what kind of food would you like ?
it doesn ' t matter .
what kind of food would you like ?
i need something else . i want a venue in the expensive price range .
the good luck chinese food takeaway is a nice place , it is in the expensive price range and it is in the south part of town .
wait , i want something else . i want a venue serving any price range .
taj tandoori is a nice place , it is in the expensive price range and it is in the south part of town .
what is the address ?
what kind of food would you like ?
Reward: 0.7913216948509216

hello , welcome to the restaurant finding system . how may i help you ?
hi , i want to book a table
what part of town do you have in mind ?
i prefer a venue in north .
what kind of food would you like ?
i need a chinese venue .
would you like something in the cheap , moderate , or expensive price range ?
i want a venue in the expensive price range .
hakka is a nice place , it is in the expensive price range , it is in the north part of town and it serves chinese food .
thanks for your help , goodbye .
thank you , goodbye .
Reward: 0.7913216948509216

hello , welcome to the restaurant finding system . how may i help you ?
i need another restaurant .
what part of town do you have in mind ?
i want a venue in the moderate price range and in the centre of town .
what kind of food would you like ?
i need a european venue .
galleria is a nice place , it serves european food , it is in the moderate price range and it is in the centre of town .
what is the address ?
can i help you with anything else ?
thanks for your help , goodbye .
thank you , goodbye .
Reward: 0.7913216948509216

hello , welcome to the restaurant finding system . how may i help you ?
i need another restaurant .
what part of town do you have in mind ?
i prefer a venue in south .
what kind of food would you like ?
i need a chinese venue .
would you like something in the cheap , moderate , or expensive price range ?
i want a venue in the expensive price range .
the good luck chinese food takeaway is a nice place , it is in the expensive price range , it serves chinese food and it is in the south part of town .
wait , i want something else . i need a european venue .
i am sorry but there is no place , serving european food , in the area of south and in the expensive price range .
thanks for your help , goodbye .
thank you , goodbye .
Reward: 0.7913216948509216

hello , welcome to the restaurant finding system . how may i help you ?
hi , i want to book a table
what part of town do you have in mind ?
i prefer a venue in north .
what kind of food would you like ?
i need a chinese venue .
would you like something in the cheap , moderate , or expensive price range ?
i want a venue in the expensive price range .
hakka is a nice place , it is in the expensive price range , it is in the north part of town and it serves chinese food .
wait , i am , i am not looking for this . please show me another one .
the hotpot is a nice place , it is in the north part of town , it serves chinese food and it is in the expensive price range .
what is the address ?
can i help you with anything else ?
Reward: 0.7913216948509216

hello , welcome to the restaurant finding system . how may i help you ?
i need another restaurant .
what part of town do you have in mind ?
it doesn is a venue serving spanish
what part of town do you have in mind ?
i prefer a venue in south .
i am sorry but there is no place , in the area of south and serving spanish food .
what is the address ?
i am sorry but there is no place , in the area of south and serving spanish food .
thanks thanks for your help , goodbye .
thank you , goodbye .
Reward: 0.7913216948509216

hello , welcome to the restaurant finding system . how may i help you ?
i need another restaurant .
what part of town do you have in mind ?
i prefer a venue in north .
what kind of food would you like ?
i want a venue in the expensive price range serving indian food .
tandoori palace is a nice place , it serves indian food , it is in the north part of town and it is in the expensive price range .
thanks for your help , goodbye .
thank you , goodbye .
Reward: 0.4302375614643097

hello , welcome to the restaurant finding system . how may i help you ?
hi , i want to book a table
what part of town do you have in mind ?
i want a venue in the moderate price range and in the centre of town .
what kind of food would you like ?
i want a client about a few in the expensive cat .
what kind of food would you like ?
i want a few in the client about a client of the european in centre .
michaelhouse cafe is a nice place , it is in the expensive price range , it serves european food and it is in the centre of town .
what is the phone number of the restaurant ?
can i help you with anything else ?
wait , i want to book a table
michaelhouse cafe is a nice place , it serves european food , it is in the centre of town and it is in the expensive price range .
Reward: 0.4302375614643097

hello , welcome to the restaurant finding system . how may i help you ?
hi , i want to book a table
what part of town do you have in mind ?
i prefer a venue in south .
what kind of food would you like ?
i need a chinese venue .
would you like something in the cheap , moderate , or expensive price range ?
i want a venue in the expensive price range .
the good luck chinese food takeaway is a nice place , it is in the south part of town , it serves chinese food and it is in the expensive price range .
wait , i want information for the restaurant .
the good luck chinese food takeaway is a nice place , it serves chinese food , it is in the expensive price range and it is in the south part of town .
wait , i need a restaurant in any price range and any price range is okay .
the good luck chinese food takeaway is a nice place , it serves chinese food , it is in the expensive price range and it is in the south part of town .
Reward: 0.4302375614643097

hello , welcome to the restaurant finding system . how may i help you ?
i need another restaurant .
what part of town do you have in mind ?
i prefer a venue in north .
what kind of food would you like ?
i need a indian venue .
would you like something in the cheap , moderate , or expensive price range ?
i want a venue in the expensive price range .
tandoori palace is a nice place , it serves indian food , it is in the north part of town and it is in the expensive price range .
thanks for your help , goodbye .
thank you , goodbye .
Reward: 0.4302375614643097

hello , welcome to the restaurant finding system . how may i help you ?
i need a restaurant in centre .
what kind of food would you like ?
i want a venue in the moderate price range serving chinese food .
shanghai family restaurant is a nice place , it is in the moderate price range , it is in the centre of town and it serves chinese food .
thanks for your help , goodbye .
thank you , goodbye .
Reward: 0.4302375614643097

hello , welcome to the restaurant finding system . how may i help you ?
i want a restaurant in the moderate price range .
what part of town do you have in mind ?
i prefer a venue in south .
what kind of food would you like ?
i need a indian venue .
i am sorry but there is no place , serving indian food , in the moderate price range and in the area of south .
what is the best selling single restaurant in the same part of town and it ' s ?
i am sorry but there is no place , in the moderate price range , serving indian food and in the area of south .
thanks for your help , goodbye .
thank you , goodbye .
Reward: 0.4302375614643097

hello , welcome to the restaurant finding system . how may i help you ?
hi , i want to book a table
what part of town do you have in mind ?
i prefer a venue in south .
what kind of food would you like ?
i need a chinese venue .
would you like something in the cheap , moderate , or expensive price range ?
i want a venue in the moderate price range .
i am sorry but there is no place , in the moderate price range , serving chinese food and in the area of south .
thanks for your help , goodbye .
thank you , goodbye .
Reward: 0.8388408422470093

hello , welcome to the restaurant finding system . how may i help you ?
i need another restaurant .
what part of town do you have in mind ?
i prefer a venue in centre .
what kind of food would you like ?
i need a european venue .
would you like something in the cheap , moderate , or expensive price range ?
i want a venue in the expensive price range .
michaelhouse cafe is a nice place , it serves european food , it is in the expensive price range and it is in the centre of town .
wow . i want a venue in the expensive price range .
michaelhouse cafe is a nice place , it serves european food , it is in the expensive price range and it is in the centre of town .
wait , i want something else . i need another restaurant .
eraina is a nice place , it is in the centre of town , it is in the expensive price range and it serves european food .
Reward: 0.8388408422470093

hello , welcome to the restaurant finding system . how may i help you ?
i need another restaurant .
what part of town do you have in mind ?
i prefer a venue in north .
what kind of food would you like ?
i need a chinese venue .
would you like something in the cheap , moderate , or expensive price range ?
i want a venue in the expensive price range .
hakka is a nice place , it is in the north part of town , it serves chinese food and it is in the expensive price range .
thanks for your help , goodbye .
thank you , goodbye .
Reward: 0.8388408422470093

hello , welcome to the restaurant finding system . how may i help you ?
hi , i want to book a table
what part of town do you have in mind ?
i am ok with everything . i want a venue serving portuguese food of town .
what part of town do you have in mind ?
i don ' t understand . i want a venue in the cheap price range .
what part of town do you have in mind ?
it doesn ' t matter .
what part of town do you have in mind ?
i already prefer part of town .
what part of town do you have in mind ?
i need a international venue .
the missing sock is a nice place , it serves international food and it is in the cheap price range .
Reward: 0.8388408422470093

hello , welcome to the restaurant finding system . how may i help you ?
hi , i want to book a table
what part of town do you have in mind ?
i prefer a venue in south .
what kind of food would you like ?
i need a chinese venue .
would you like something in the cheap , moderate , or expensive price range ?
i want a venue in the moderate price range .
i am sorry but there is no place , in the moderate price range , in the area of south and serving chinese food .
wait , i want to book a table
i am sorry but there is no place , in the moderate price range , in the area of south and serving chinese food .
thanks for your help , goodbye .
thank you , goodbye .
Reward: 0.8388408422470093

hello , welcome to the restaurant finding system . how may i help you ?
i need another restaurant .
what part of town do you have in mind ?
i want a venue in the moderate price range and in the north of town .
what kind of food would you like ?
i want a venue in the expensive price range serving moderate price range .
what kind of food would you like ?
i want a venue in the expensive price range serving indian food .
tandoori palace is a nice place , it is in the expensive price range , it serves indian food and it is in the north part of town .
wait , i want something else . i want a venue in the expensive price range .
i am sorry but there is no place other than tandoori palace in the area of north , in the expensive price range and serving indian food .
thanks for your help , goodbye .
thank you , goodbye .
Reward: 0.8388408422470093

hello , welcome to the restaurant finding system . how may i help you ?
hi , i want to book a table
what part of town do you have in mind ?
i prefer a venue in centre .
what kind of food would you like ?
i need a european venue .
would you like something in the cheap , moderate , or expensive price range ?
i want a venue in the expensive price range .
michaelhouse cafe is a nice place , it is in the expensive price range , it serves european food and it is in the centre of town .
what is the phone number of the restaurant ?
can i help you with anything else ?
thanks for your help , goodbye .
thank you , goodbye .
Reward: 0.6215030550956726

hello , welcome to the restaurant finding system . how may i help you ?
i need a restaurant in centre .
what kind of food would you like ?
i need a indian venue .
would you like something in the cheap , moderate , or expensive price range ?
i want a venue in the moderate price range .
i am sorry but there is no place , in the area of centre , in the moderate price range and serving indian food .
i am not looking for this one . please tell me another one .
i am sorry but there is no place , in the moderate price range , in the area of centre and serving indian food .
thanks for your help , goodbye .
thank you , goodbye .
Reward: 0.6215030550956726

hello , welcome to the restaurant finding system . how may i help you ?
i need another restaurant .
what part of town do you have in mind ?
i want a venue in the moderate price range and in the centre of town .
what kind of food would you like ?
i want a client about a few in the tabby .
what kind of food would you like ?
i want a client about a client about a few in this .
what kind of food would you like ?
i want a few in the client of the client about the client about this .
what kind of food would you like ?
i want a time in fahrenheit is fine .
what kind of food would you like ?
Reward: 0.6215030550956726

hello , welcome to the restaurant finding system . how may i help you ?
hi , i want to book a table
what part of town do you have in mind ?
i want a venue in any part of town .
what kind of food would you like ?
i need a chinese venue .
would you like something in the cheap , moderate , or expensive price range ?
it doesn ' t matter .
would you like something in the cheap , moderate , or expensive price range ?
it doesn ' t matter .
would you like something in the cheap , moderate , or expensive price range ?
i want a venue in the expensive price range .
hakka is a nice place , it serves chinese food , it is in the north part of town and it is in the expensive price range .
Reward: 0.6215030550956726

hello , welcome to the restaurant finding system . how may i help you ?
i need another restaurant .
what part of town do you have in mind ?
i prefer a venue in south .
what kind of food would you like ?
i can ' t matter .
what kind of food would you like ?
i want a venue in the moderate price range .
what kind of food would you like ?
everything is fine . i want a venue serving moderate price part of town .
what kind of food would you like ?
i want a venue in the moderate price range serving chinese food .
i am sorry but there is no place , in the moderate price range , serving chinese food and in the area of south .
Reward: 0.6215030550956726

hello , welcome to the restaurant finding system . how may i help you ?
i need another restaurant .
what part of town do you have in mind ?
i prefer a venue in north .
what kind of food would you like ?
i want a venue in the expensive price range serving indian food .
tandoori palace is a nice place , it is in the expensive price range , it is in the north part of town and it serves indian food .
thanks for your help , goodbye .
thank you , goodbye .
Reward: 0.6215030550956726

hello , welcome to the restaurant finding system . how may i help you ?
hi , i want to book a table
what part of town do you have in mind ?
i need a restaurant in centre .
what kind of food would you like ?
i need a international venue .
bloomsbury restaurant is a nice place , it is in the centre of town and it serves international food .
thanks for your help , goodbye .
thank you , goodbye .
Reward: 0.8979278206825256

hello , welcome to the restaurant finding system . how may i help you ?
i need another restaurant .
what part of town do you have in mind ?
i prefer a venue in south .
what kind of food would you like ?
i need a chinese venue .
would you like something in the cheap , moderate , or expensive price range ?
i want a venue in the expensive price range .
the good luck chinese food takeaway is a nice place , it is in the south part of town , it serves chinese food and it is in the expensive price range .
wait , i want a venue in the expensive price range .
the good luck chinese food takeaway is a nice place , it is in the expensive price range , it serves chinese food and it is in the south part of town .
thanks for your help , goodbye .
thank you , goodbye .
Reward: 0.8979278206825256

hello , welcome to the restaurant finding system . how may i help you ?
i need a mediterranean venue .
i ' m having trouble understanding what you want . could you please rephrase it ?
i need a restaurant in centre .
what kind of food would you like ?
i need a european venue .
would you like something in the cheap , moderate , or expensive price range ?
i want a venue in the expensive price range .
michaelhouse cafe is a nice place , it is in the expensive price range , it serves european food and it is in the centre of town .
wait , i want something else . i need a european venue .
eraina is a nice place , it serves european food , it is in the centre of town and it is in the expensive price range .
what is the address ?
can i help you with anything else ?
Reward: 0.8979278206825256

hello , welcome to the restaurant finding system . how may i help you ?
i need another restaurant .
what part of town do you have in mind ?
everything is fine . i want a venue in the expensive price range serving cheap .
what part of town do you have in mind ?
i prefer a venue in south .
what kind of food would you like ?
it doesn ' t matter .
what kind of food would you like ?
i need a indian venue .
i am sorry but there is no place , in the cheap price range , in the area of south and serving indian food .
thanks for your help , goodbye .
thank you , goodbye .
Reward: 0.8979278206825256

hello , welcome to the restaurant finding system . how may i help you ?
hi , i want to book a table
what part of town do you have in mind ?
i prefer a venue in south .
what kind of food would you like ?
i need a chinese venue .
would you like something in the cheap , moderate , or expensive price range ?
i want a venue in the expensive price range .
the good luck chinese food takeaway is a nice place , it serves chinese food , it is in the south part of town and it is in the expensive price range .
wait , i need something else . i want a venue in the expensive price range .
peking restaurant is a nice place , it is in the expensive price range , it serves chinese food and it is in the south part of town .
wait , i want something else . i want a venue in the expensive price range .
i am sorry but there is no place other than peking restaurant and the good luck chinese food takeaway serving chinese food , in the expensive price range and in the area of south .
Reward: 0.8979278206825256

hello , welcome to the restaurant finding system . how may i help you ?
hi , i want to book a table
what part of town do you have in mind ?
i want a venue in the moderate price range and in the centre of town .
what kind of food would you like ?
i need a international venue .
bloomsbury restaurant is a nice place , it serves international food , it is in the centre of town and it is in the moderate price range .
what is the address ?
can i help you with anything else ?
thanks for your help , goodbye .
thank you , goodbye .
Reward: 0.8979278206825256

hello , welcome to the restaurant finding system . how may i help you ?
hi , i want to book a table
what part of town do you have in mind ?
it doesn ' t matter .
what part of town do you have in mind ?
i prefer a venue in north .
what kind of food would you like ?
i need a turkish venue .
i am sorry but there is no place , serving turkish food and in the area of north .
thank you for your help , goodbye .
thank you , goodbye .
Reward: 0.6417248249053955

hello , welcome to the restaurant finding system . how may i help you ?
i need another restaurant .
what part of town do you have in mind ?
i prefer a venue in north .
what kind of food would you like ?
i need a chinese venue .
would you like something in the cheap , moderate , or expensive price range ?
i want a venue in the expensive price range .
hakka is a nice place , it is in the expensive price range , it is in the north part of town and it serves chinese food .
, i ' m bad . who is the expensive price range ?
hakka is a nice place , it is in the expensive price range , it serves chinese food and it is in the north part of town .
thanks for your help , goodbye .
thank you , goodbye .
Reward: 0.6417248249053955

hello , welcome to the restaurant finding system . how may i help you ?
i need another restaurant .
what part of town do you have in mind ?
i prefer a venue in north .
what kind of food would you like ?
i want a venue in the expensive price range serving chinese food .
hakka is a nice place , it is in the north part of town , it is in the expensive price range and it serves chinese food .
thanks for your help , goodbye .
thank you , goodbye .
Reward: 0.6417248249053955

hello , welcome to the restaurant finding system . how may i help you ?
hi , i want to book a table
what part of town do you have in mind ?
i prefer a venue in centre .
what kind of food would you like ?
i need a european venue .
would you like something in the cheap , moderate , or expensive price range ?
i want a venue in the moderate price range .
galleria is a nice place , it serves european food , it is in the moderate price range and it is in the centre of town .
wait , i want a venue in south .
i am sorry but there is no place , serving european food , in the moderate price range and in the area of south .
i has a venue in any part of town .
galleria is a nice place , it is in the centre of town , it is in the moderate price range and it serves european food .
Reward: 0.6417248249053955

hello , welcome to the restaurant finding system . how may i help you ?
i need a restaurant in centre .
what kind of food would you like ?
any price range is okay .
what kind of food would you like ?
i need a indian venue .
the gandhi is a nice place , it is in the cheap price range , it is in the centre of town and it serves indian food .
thanks for your help , goodbye .
thank you , goodbye .
Reward: 0.6417248249053955

hello , welcome to the restaurant finding system . how may i help you ?
i need another restaurant .
what part of town do you have in mind ?
everything is fine . i need a european venue .
what part of town do you have in mind ?
i am not looking for the cheap price range .
i am sorry but there is no place , serving european food and in the cheap price range .
no , i am not looking for this . please show me another one .
i am sorry but there is no place , in the cheap price range and serving european food .
what is the best selling single restaurant in the same part of town ?
i am sorry but there is no place , serving european food and in the cheap price range .
okay , i want a european restaurant .
i am sorry but there is no place , serving european food and in the cheap price range .
Reward: 0.6417248249053955

