hello , welcome to the restaurant finding system . how may i help you ?
hi , i want to book a table
what part of town do you have in mind ?
well i don ' t understand . what is the best selling single restaurant in ?
what part of town do you have in mind ?
i prefer a european club .
what part of town do you have in mind ?
everything is fine . i want to book a table
what part of town do you have in mind ?
Reward: 0.5909317135810852

hello , welcome to the restaurant finding system . how may i help you ?
i need another restaurant .
what part of town do you have in mind ?
i want a venue in the expensive price range serving brain .
what part of town do you have in mind ?
i want a venue in south .
what kind of food would you like ?
i want a lot of chinese in a girls . maybe there any price range any price range is fine . any price range is
the good luck chinese food takeaway is a nice place , it is in the south part of town , it serves chinese food and it is in the expensive price range .
Reward: 0.7635857462882996

hello , welcome to the restaurant finding system . how may i help you ?
i need another restaurant .
what part of town do you have in mind ?
i need a european venue .
what part of town do you have in mind ?
it doesn ' t matter .
what part of town do you have in mind ?
i want to book a table
what part of town do you have in mind ?
Reward: 0.646460771560669

hello , welcome to the restaurant finding system . how may i help you ?
hi , i want to book a table
what part of town do you have in mind ?
any price range is okay .
what part of town do you have in mind ?
i want a venue in the expensive price range serving learning do . .
what part of town do you have in mind ?
i want another one .
city stop restaurant is a nice place it is in the expensive price range .
Reward: 0.7633245587348938

hello , welcome to the restaurant finding system . how may i help you ?
hi , i want to book a table
what part of town do you have in mind ?
i prefer a venue in centre .
what kind of food would you like ?
i need a european venue .
would you like something in the cheap , moderate , or expensive price range ?
any price range is okay .
galleria is a nice place , it serves european food , it is in the centre of town and it is in the moderate price range .
Reward: 0.8936228156089783

hello , welcome to the restaurant finding system . how may i help you ?
hi , i want to book a table
what part of town do you have in mind ?
i prefer a venue in centre .
what kind of food would you like ?
i need a european venue .
would you like something in the cheap , moderate , or expensive price range ?
any price range is any considered a good locations .
galleria is a nice place , it serves european food , it is in the centre of town and it is in the moderate price range .
Reward: 0.8933728337287903

hello , welcome to the restaurant finding system . how may i help you ?
hi , i want to book a table
what part of town do you have in mind ?
i want a venue in the moderate price range and in the west of town .
what kind of food would you like ?
i want to book a table
what kind of food would you like ?
i want to book a table
what kind of food would you like ?
Reward: 0.6503961086273193

hello , welcome to the restaurant finding system . how may i help you ?
hi , i want to book a table
what part of town do you have in mind ?
its fine . i want to book a table
what part of town do you have in mind ?
it doesn ' t matter .
what part of town do you have in mind ?
it doesn ' t matter .
what part of town do you have in mind ?
Reward: 0.6482481360435486

hello , welcome to the restaurant finding system . how may i help you ?
hi , i want to book a table
what part of town do you have in mind ?
it doesn ' t matter .
what part of town do you have in mind ?
i want a venue in the moderate price range and in the centre of town .
what kind of food would you like ?
a few , i want to book a table
what kind of food would you like ?
Reward: 0.6501191854476929

hello , welcome to the restaurant finding system . how may i help you ?
i need another restaurant .
what part of town do you have in mind ?
i prefer a venue in south .
what kind of food would you like ?
i want a venue in the expensive price range serving chinese food .
the good luck chinese food takeaway is a nice place , it serves chinese food , it is in the expensive price range and it is in the south part of town .
what is the address ?
can i help you with anything else ?
Reward: 0.8162181973457336

hello , welcome to the restaurant finding system . how may i help you ?
hi , i want to book a table
what part of town do you have in mind ?
i ' m trying to book a table
what part of town do you have in mind ?
i forgot to book a table
what part of town do you have in mind ?
i want a venue in the expensive price range serving moderate price range .
what part of town do you have in mind ?
Reward: 0.6488418579101562

hello , welcome to the restaurant finding system . how may i help you ?
hi , i want to book a table
what part of town do you have in mind ?
i want a venue in the moderate price range and in the centre of town .
what kind of food would you like ?
i want a few for a venue
what kind of food would you like ?
i want a venue in the indian venue
i am sorry but there is no place , in the area of centre , in the moderate price range and serving indian food .
Reward: 0.7633088231086731

hello , welcome to the restaurant finding system . how may i help you ?
hi , i want to book a table
what part of town do you have in mind ?
i want a venue in the modern european part of town .
what part of town do you have in mind ?
i prefer a venue europe in south .
i am sorry but there is no place , serving european food and in the area of south .
what is the address of real largest ?
i am sorry but there is no place , serving european food and in the area of south .
Reward: 0.8959755301475525

hello , welcome to the restaurant finding system . how may i help you ?
hi , i want to book a table
what part of town do you have in mind ?
it doesn ' t matter .
what part of town do you have in mind ?
i want a venue in the moderate price range and in the centre of town .
what kind of food would you like ?
got a great few selling single apt in my local website .
thank you , goodbye .
Reward: 0.7617201805114746

hello , welcome to the restaurant finding system . how may i help you ?
i need another restaurant .
what part of town do you have in mind ?
i prefer a venue in centre .
what kind of food would you like ?
i want a venue in the local cat .
what kind of food would you like ?
i want a client about a few in the 27 .
what kind of food would you like ?
Reward: 0.6491552591323853

hello , welcome to the restaurant finding system . how may i help you ?
hi , i want to book a table
what part of town do you have in mind ?
i want a venue in the moderate price range and in the centre of town .
what kind of food would you like ?
i need a client of my local cat .
what kind of food would you like ?
i want a few in the client of my local cat .
what kind of food would you like ?
Reward: 0.6513060927391052

hello , welcome to the restaurant finding system . how may i help you ?
i know what the restaurant ?
what part of town do you have in mind ?
what is the best selling single restaurant in the moderate price range ?
what part of town do you have in mind ?
i prefer a european restaurant .
galleria is a nice place , it serves european food and it is in the moderate price range .
what is a table
galleria is a nice place , it serves european food and it is in the moderate price range .
Reward: 0.7005811929702759

hello , welcome to the restaurant finding system . how may i help you ?
i need another restaurant .
what part of town do you have in mind ?
i prefer part of town .
what part of town do you have in mind ?
i prefer a venue in centre .
what kind of food would you like ?
i want a venue in the indian price range serving chinese food .
would you like something in the cheap , moderate , or expensive price range ?
Reward: 0.7632064819335938

hello , welcome to the restaurant finding system . how may i help you ?
hi , i want to book a table
what part of town do you have in mind ?
it doesn ' t matter .
what part of town do you have in mind ?
it doesn ' t matter .
what part of town do you have in mind ?
i don ' t understand thanks for a few
thank you , goodbye .
Reward: 0.7615099549293518

hello , welcome to the restaurant finding system . how may i help you ?
i need another restaurant .
what part of town do you have in mind ?
i prefer a venue in centre .
what kind of food would you like ?
i need a european venue .
would you like something in the cheap , moderate , or expensive price range ?
my local cat .
would you like something in the cheap , moderate , or expensive price range ?
Reward: 0.8963890671730042

hello , welcome to the restaurant finding system . how may i help you ?
hi , i want to book a table
what part of town do you have in mind ?
i need a turkish venue .
what part of town do you have in mind ?
i want a venue in the moderate price range and in the centre of town .
efes restaurant is a nice place , it serves turkish food , it is in the centre of town and it is in the moderate price range .
alright , i am fine . i want a venue in the best price range and in the north of town .
i am sorry but there is no place , in the moderate price range , in the area of north and serving turkish food .
Reward: 0.8596028685569763

hello , welcome to the restaurant finding system . how may i help you ?
i need another restaurant .
what part of town do you have in mind ?
i want to book a table
what part of town do you have in mind ?
it doesn ' t matter .
what part of town do you have in mind ?
i want a venue in the moderate price range and in south .
what kind of food would you like ?
Reward: 0.6493459939956665

hello , welcome to the restaurant finding system . how may i help you ?
hi , i want to book a table
what part of town do you have in mind ?
i want a venue in the cheap price range and in the centre of town .
what kind of food would you like ?
i need a indian venue .
the gandhi is a nice place , it is in the cheap price range , it is in the centre of town and it serves indian food .
thanks for your help , sara ' me dates for your help , goodbye .
thank you , goodbye .
Reward: 0.894697368144989

hello , welcome to the restaurant finding system . how may i help you ?
hi , i want to book a table
what part of town do you have in mind ?
i prefer a venue in centre .
what kind of food would you like ?
i want a few in a few for a few in lark .
what kind of food would you like ?
i prefer a venue in my local cat .
what kind of food would you like ?
Reward: 0.650553822517395

hello , welcome to the restaurant finding system . how may i help you ?
hi , i want to book a table
what part of town do you have in mind ?
i prefer a venue in centre .
what kind of food would you like ?
i want a venue in any restaurant .
what kind of food would you like ?
i need a indian restaurant .
would you like something in the cheap , moderate , or expensive price range ?
Reward: 0.7650901675224304

hello , welcome to the restaurant finding system . how may i help you ?
i need another restaurant .
what part of town do you have in mind ?
i need a european venue .
what part of town do you have in mind ?
i prefer a venue in centre .
would you like something in the cheap , moderate , or expensive price range ?
i want a venue in the expensive price range .
michaelhouse cafe is a nice place , it is in the centre of town , it is in the expensive price range and it serves european food .
Reward: 0.8800126910209656

hello , welcome to the restaurant finding system . how may i help you ?
hi , i want to book a table
what part of town do you have in mind ?
i want a venue in the moderate price range and in south .
what kind of food would you like ?
it doesn ' t matter .
what kind of food would you like ?
i want to book a table
what kind of food would you like ?
Reward: 0.6504014730453491

hello , welcome to the restaurant finding system . how may i help you ?
i need a restaurant in east .
what kind of food would you like ?
i need a european restaurant .
i am sorry but there is no place , serving european food and in the area of east .
how about mozart .
i am sorry but there is no place , in the area of east and serving european food .
thanks for your help question .
thank you , goodbye .
Reward: 0.8545669913291931

hello , welcome to the restaurant finding system . how may i help you ?
i need a mediterranean restaurant .
what part of town do you have in mind ?
i prefer a venue in centre .
would you like something in the cheap , moderate , or expensive price range ?
i want a venue in the expensive price range .
la mimosa is a nice place , it serves mediterranean food , it is in the expensive price range and it is in the centre of town .
no , i live in south .
i am sorry but there is no place , in the area of south , serving mediterranean food and in the expensive price range .
Reward: 0.8909785747528076

hello , welcome to the restaurant finding system . how may i help you ?
i need another restaurant .
what part of town do you have in mind ?
i want a venue in the moderate price range and in the north of town .
what kind of food would you like ?
i want to book a table
what kind of food would you like ?
i want to book a table
what kind of food would you like ?
Reward: 0.6493811011314392

hello , welcome to the restaurant finding system . how may i help you ?
i need another restaurant .
what part of town do you have in mind ?
any price range is okay .
what part of town do you have in mind ?
i prefer a venue in south .
what kind of food would you like ?
i want to book a table
what kind of food would you like ?
Reward: 0.6487442255020142

hello , welcome to the restaurant finding system . how may i help you ?
i want a restaurant in the moderate price range and in the centre of town .
what kind of food would you like ?
i want a indian venue .
i am sorry but there is no place , serving indian food , in the moderate price range and in the area of centre .
thanks for your help , goodbye .
thank you , goodbye .
Reward: 0.7433592081069946

hello , welcome to the restaurant finding system . how may i help you ?
hi , i want to book a table
what part of town do you have in mind ?
it doesn ' t matter .
what part of town do you have in mind ?
i ' m trying this few and want to book a table
what part of town do you have in mind ?
well i want to book a table
what part of town do you have in mind ?
Reward: 0.6485695242881775

hello , welcome to the restaurant finding system . how may i help you ?
hi , i want to book a table
what part of town do you have in mind ?
i want a venue in the expensive price range serving moderate price range .
what part of town do you have in mind ?
i prefer a venue in centre .
what kind of food would you like ?
i need a daughter in the moderate price range serving indian food .
i am sorry but there is no place , in the moderate price range , serving indian food and in the area of centre .
Reward: 0.7633495330810547

hello , welcome to the restaurant finding system . how may i help you ?
hi , i want to book a table
what part of town do you have in mind ?
i prefer a venue in east .
what kind of food would you like ?
i need a indian venue .
would you like something in the cheap , moderate , or expensive price range ?
any price range is super okay .
rajmahal is a nice place , it is in the moderate price range , it is in the east part of town and it serves indian food .
Reward: 0.893705427646637

hello , welcome to the restaurant finding system . how may i help you ?
hi , i want to book a table
what part of town do you have in mind ?
i want a venue in any part of town .
what kind of food would you like ?
i want a venue in the expensive price range serving american food .
gourmet burger kitchen is a nice place , it is in the expensive price range , it serves north american food and it is in the centre of town .
no , i want this one . i want a venue in the indian price range .
tandoori palace is a nice place , it is in the expensive price range , it serves indian food and it is in the north part of town .
Reward: 0.8933996558189392

hello , welcome to the restaurant finding system . how may i help you ?
hi i want to book a table
what part of town do you have in mind ?
i need a venue in the moderate price range and in the centre of town .
what kind of food would you like ?
i need a indian price range ,
i am sorry but there is no place , in the moderate price range , in the area of centre and serving indian food .
thanks for your help
thank you , goodbye .
Reward: 0.8937400579452515

hello , welcome to the restaurant finding system . how may i help you ?
hi , i want to book a table
what part of town do you have in mind ?
i prefer a venue in centre .
what kind of food would you like ?
i want a few in my local cat .
what kind of food would you like ?
i want a venue in the problem . please tell a 2 bedroom for a single club ai in work .
what kind of food would you like ?
Reward: 0.650564968585968

hello , welcome to the restaurant finding system . how may i help you ?
i need a restaurant in centre .
what kind of food would you like ?
i want a restaurant in north .
what kind of food would you like ?
i want a venue in the expensive price range serving steak .
what kind of food would you like ?
i want a european food .
i am sorry but there is no place , serving european food , in the area of north and in the expensive price range .
Reward: 0.7641918063163757

hello , welcome to the restaurant finding system . how may i help you ?
hi , i want to book a table
what part of town do you have in mind ?
it doesn ' t matter .
what part of town do you have in mind ?
i prefer a venue in centre .
what kind of food would you like ?
i need a european venue .
would you like something in the cheap , moderate , or expensive price range ?
Reward: 0.764769434928894

hello , welcome to the restaurant finding system . how may i help you ?
hi , i want to book a table
what part of town do you have in mind ?
i prefer a venue in centre .
what kind of food would you like ?
i want a few in any day .
what kind of food would you like ?
any price range should i take any of my local website .
what kind of food would you like ?
Reward: 0.6504010558128357

hello , welcome to the restaurant finding system . how may i help you ?
hi , i want to book a table
what part of town do you have in mind ?
i want a venue in the cheap table
what part of town do you have in mind ?
it doesn ' t matter .
what part of town do you have in mind ?
it doesn ' t matter . i want a venue in south .
what kind of food would you like ?
Reward: 0.6502811312675476

hello , welcome to the restaurant finding system . how may i help you ?
hi , i want to book a table
what part of town do you have in mind ?
i need a mediterranean venue .
what part of town do you have in mind ?
i want a venue in the moderate price range , he doesn ' t matter .
i am sorry but there is no place , in the moderate price range and serving mediterranean food .
no , i morbid for your something thanks for your help .
thank you , goodbye .
Reward: 0.8946565389633179

hello , welcome to the restaurant finding system . how may i help you ?
hi , i want to book a table
what part of town do you have in mind ?
any best selling single restaurant in the moderate price range and in the centre of town .
what kind of food would you like ?
i want a venue in the client of town is .
what kind of food would you like ?
i want a greek hill .
i am sorry but there is no place , in the moderate price range , serving greek food and in the area of centre .
Reward: 0.7621771693229675

hello , welcome to the restaurant finding system . how may i help you ?
i would like to know what is the best selling single restaurant in the moderate price range and in the same part
what part of town do you have in mind ?
i want to book a table
what part of town do you have in mind ?
i prefer a venue in centre .
what kind of food would you like ?
i want a venue on a venue in the local cat .
what kind of food would you like ?
Reward: 0.23673497140407562

hello , welcome to the restaurant finding system . how may i help you ?
hi , i want to book a table
what part of town do you have in mind ?
it doesn ' t matter .
what part of town do you have in mind ?
i want a venue in the moderate price range serving modern european part of town .
galleria is a nice place , it serves european food and it is in the moderate price range .
what is the address ?
what part of town do you have in mind ?
Reward: 0.8150544762611389

hello , welcome to the restaurant finding system . how may i help you ?
hi , i want to book a table
what part of town do you have in mind ?
i am not , i want a venue in the moderate price range and in the centre of town .
what kind of food would you like ?
i want a venue in the indian price range and in the downtown part of town .
i am sorry but there is no place , in the moderate price range , serving indian food and in the area of centre .
thanks for your help , goodbye .
thank you , goodbye .
Reward: 0.8932696580886841

hello , welcome to the restaurant finding system . how may i help you ?
hi , i want to book a table
what part of town do you have in mind ?
i want a venue in the moderate price range and in the centre of town .
what kind of food would you like ?
i want a venue in the first one day .
what kind of food would you like ?
i want a venue in the client about a international mall .
bloomsbury restaurant is a nice place , it serves international food , it is in the centre of town and it is in the moderate price range .
Reward: 0.7654933333396912

hello , welcome to the restaurant finding system . how may i help you ?
hi , i want to book a table
what part of town do you have in mind ?
i don ' t understand . what ' s the best selling single restaurant in
what part of town do you have in mind ?
i ' m trying to ask statue .
ask is a nice place their address is 12 bridge street city centre .
thanks for your help , i want to book a table
thank you , goodbye .
Reward: 0.856225848197937

hello , welcome to the restaurant finding system . how may i help you ?
hi , i want to book a table
what part of town do you have in mind ?
i want a venue in the moderate price range and in the west of town .
what kind of food would you like ?
i don should be a few , i want to book a table
what kind of food would you like ?
i want to book a table
what kind of food would you like ?
Reward: 0.6503910422325134

hello , welcome to the restaurant finding system . how may i help you ?
i need a mediterranean restaurant .
what part of town do you have in mind ?
i prefer a venue in centre .
would you like something in the cheap , moderate , or expensive price range ?
i want a venue in the expensive price range .
la mimosa is a nice place , it is in the centre of town , it is in the expensive price range and it serves mediterranean food .
what are the earliest ohh ?
la mimosa is a nice place , it is in the expensive price range , it serves mediterranean food and it is in the centre of town .
Reward: 0.8942648768424988

hello , welcome to the restaurant finding system . how may i help you ?
hi , i want to book a table
what part of town do you have in mind ?
everything is fine . i need a restaurant in the moderate price range and in the centre of town .
what kind of food would you like ?
i want a few in my local a client of my local cat .
what kind of food would you like ?
i want a venue at the international price range serving moderate food .
bloomsbury restaurant is a nice place , it is in the moderate price range , it is in the centre of town and it serves international food .
Reward: 0.7563180327415466

hello , welcome to the restaurant finding system . how may i help you ?
i want a restaurant in the moderate price range and in the centre of town .
what kind of food would you like ?
i want a venue in my local cat .
what kind of food would you like ?
i want a venue in the client of my local cat .
what kind of food would you like ?
i want to book a table
what kind of food would you like ?
Reward: 0.623536229133606

hello , welcome to the restaurant finding system . how may i help you ?
hi , i want to book a table
what part of town do you have in mind ?
what is the best selling single restaurant ?
what part of town do you have in mind ?
i prefer a da jazz .
what part of town do you have in mind ?
i prefer an above
what part of town do you have in mind ?
Reward: 0.5134572982788086

hello , welcome to the restaurant finding system . how may i help you ?
hi , i want to book a table
what part of town do you have in mind ?
i want a venue in the expensive price range and in the centre of town .
what kind of food would you like ?
i want a few in a client of the operation
what kind of food would you like ?
i want a few in the client of my local a few
what kind of food would you like ?
Reward: 0.6504735350608826

hello , welcome to the restaurant finding system . how may i help you ?
i need another restaurant .
what part of town do you have in mind ?
i want a venue in the moderate price range and in the centre of town .
what kind of food would you like ?
i need a international venue .
bloomsbury restaurant is a nice place , it serves international food , it is in the moderate price range and it is in the centre of town .
what is the address ?
can i help you with anything else ?
Reward: 0.8153631091117859

hello , welcome to the restaurant finding system . how may i help you ?
i need another restaurant .
what part of town do you have in mind ?
i prefer a venue in north .
what kind of food would you like ?
i need a european venue .
i am sorry but there is no place , serving european food and in the area of north .
what is the address ?
i am sorry but there is no place , serving european food and in the area of north .
Reward: 0.8957116603851318

hello , welcome to the restaurant finding system . how may i help you ?
hi , i want to book a table
what part of town do you have in mind ?
i prefer a venue in centre .
what kind of food would you like ?
i want a venue in the expensive price range serving british food .
midsummer house restaurant is a nice place , it is in the expensive price range , it is in the centre of town and it serves british food .
what is the address ?
can i help you with anything else ?
Reward: 0.8122056722640991

hello , welcome to the restaurant finding system . how may i help you ?
i need a restaurant in east .
what kind of food would you like ?
i need a restaurant in centre .
what kind of food would you like ?
hi , i want to book a table
what kind of food would you like ?
i want a european venue .
would you like something in the cheap , moderate , or expensive price range ?
Reward: 0.7638053297996521

hello , welcome to the restaurant finding system . how may i help you ?
hi , i want to book a table
what part of town do you have in mind ?
i want a venue in any part of town .
what kind of food would you like ?
i need a turkish venue .
would you like something in the cheap , moderate , or expensive price range ?
everything is fine . i think i want a venue .
would you like something in the cheap , moderate , or expensive price range ?
Reward: 0.895535409450531

hello , welcome to the restaurant finding system . how may i help you ?
hi , i want to book a table
what part of town do you have in mind ?
i want a tank in any price range and in south .
what kind of food would you like ?
any price range is okay .
what kind of food would you like ?
i need a indian venue .
taj tandoori is a nice place , it is in the south part of town , it serves indian food and it is in the expensive price range .
Reward: 0.7654045820236206

hello , welcome to the restaurant finding system . how may i help you ?
i need another restaurant for me .
what part of town do you have in mind ?
it doesn ' t matter .
what part of town do you have in mind ?
well thankfully beyonce is fine .
what part of town do you have in mind ?
i don ' t understand , not . i ' ll take a venue
what part of town do you have in mind ?
Reward: 0.34331321716308594

hello , welcome to the restaurant finding system . how may i help you ?
hi , i want to book a table
what part of town do you have in mind ?
i want a venue in the moderate price range and in the centre of town .
what kind of food would you like ?
i need a international venue .
bloomsbury restaurant is a nice place , it serves international food , it is in the moderate price range and it is in the centre of town .
what part of the restaurant ?
bloomsbury restaurant is a nice place , it serves international food , it is in the centre of town and it is in the moderate price range .
Reward: 0.8964869976043701

hello , welcome to the restaurant finding system . how may i help you ?
hi , i want to book a table
what part of town do you have in mind ?
it doesn ' t matter .
what part of town do you have in mind ?
i want a venue in the moderate price range and in the centre of town .
what kind of food would you like ?
i want a few in my local a few for my local website .
what kind of food would you like ?
Reward: 0.645890474319458

hello , welcome to the restaurant finding system . how may i help you ?
i need a european restaurant .
what part of town do you have in mind ?
i prefer a venue in centre .
would you like something in the cheap , moderate , or expensive price range ?
i want a venue in the moderate price range .
galleria is a nice place , it is in the moderate price range , it is in the centre of town and it serves european food .
okay , i need a british venue .
cotto is a nice place , it is in the moderate price range , it serves british food and it is in the centre of town .
Reward: 0.8926523923873901

hello , welcome to the restaurant finding system . how may i help you ?
hi , i want to book a table
what part of town do you have in mind ?
i prefer a venue in centre .
what kind of food would you like ?
i want a venue in my local vacation .
what kind of food would you like ?
i need a few in the local appointment . thanks for your help , goodbye .
thank you , goodbye .
Reward: 0.7832183241844177

hello , welcome to the restaurant finding system . how may i help you ?
i need another restaurant .
what part of town do you have in mind ?
it doesn ' t matter .
what part of town do you have in mind ?
i want a venue in the moderate price range and in the centre of town .
what kind of food would you like ?
i want a international venue .
bloomsbury restaurant is a nice place , it is in the centre of town , it serves international food and it is in the moderate price range .
Reward: 0.7638192772865295

hello , welcome to the restaurant finding system . how may i help you ?
i want a restaurant in the moderate price range .
what part of town do you have in mind ?
i want to book a table
what part of town do you have in mind ?
i don ' t mind about any price range is okay .
what part of town do you have in mind ?
i prefer a venue in south .
what kind of food would you like ?
Reward: 0.6500069499015808

hello , welcome to the restaurant finding system . how may i help you ?
i need another restaurant .
what part of town do you have in mind ?
i want to change an above in the moderate price range and in the centre of town .
what kind of food would you like ?
i want a few in for my local cat .
what kind of food would you like ?
i want a venue in the client of my one few , i prefer a few
what kind of food would you like ?
Reward: 0.6498216390609741

hello , welcome to the restaurant finding system . how may i help you ?
i need a restaurant in any price range and in any part of town .
what kind of food would you like ?
i need a indian venue .
the nirala is a nice place , it is in the moderate price range , it serves indian food and it is in the north part of town .
thanks for your help , goodbye .
thank you , goodbye .
Reward: 0.7469803690910339

hello , welcome to the restaurant finding system . how may i help you ?
hi , i want to book a table
what part of town do you have in mind ?
i want a greek tank .
i am sorry but there is no place serving greek food .
thanks for your help , goodbye .
thank you , goodbye .
Reward: 0.7445703744888306

hello , welcome to the restaurant finding system . how may i help you ?
hi , i want to book a table
what part of town do you have in mind ?
i want a venue in the moderate price range and in the centre of town .
what kind of food would you like ?
i want a venue in any few , i want to book a table
what kind of food would you like ?
i want a few for my local alarm .
what kind of food would you like ?
Reward: 0.6504377126693726

hello , welcome to the restaurant finding system . how may i help you ?
i need a venue in the moderate price range .
i ' m having trouble understanding what you want . could you please rephrase it ?
i need a british price range and entertainment to .
i ' m having trouble understanding what you want . could you please rephrase it ?
i want a venue in the moderate price range and in the west of town after .
i ' m having trouble understanding what you want . could you please rephrase it ?
well i want to book a table
what part of town do you have in mind ?
Reward: 0.08065115660429001

hello , welcome to the restaurant finding system . how may i help you ?
i need another restaurant .
what part of town do you have in mind ?
everything is fine . i want a venue in the cheap price range .
what part of town do you have in mind ?
i prefer a venue in south .
what kind of food would you like ?
i need a indian venue .
i am sorry but there is no place , in the cheap price range , in the area of south and serving indian food .
Reward: 0.7222273945808411

hello , welcome to the restaurant finding system . how may i help you ?
hi , i want to book a table
what part of town do you have in mind ?
, i want to book a table
what part of town do you have in mind ?
i want a venue in the moderate price range and in the centre of town .
what kind of food would you like ?
i want a indian venue serving the a few in a few people because i didn ' t understand what time then ?
i am sorry but there is no place , serving indian food , in the moderate price range and in the area of centre .
Reward: 0.7647538185119629

hello , welcome to the restaurant finding system . how may i help you ?
hi , i want to book a table
what part of town do you have in mind ?
i prefer a venue in centre .
what kind of food would you like ?
i want a venue in any price range and any price range is cool , any price range is there any price range is there
what kind of food would you like ?
i want a venue in the moderate price range serving thai food . !
i am sorry but there is no place , in the area of centre , in the moderate price range and serving thai food .
Reward: 0.7629159688949585

hello , welcome to the restaurant finding system . how may i help you ?
i need another restaurant .
what part of town do you have in mind ?
i prefer a venue in centre .
what kind of food would you like ?
i want a hotel in the moderate price range serving british food .
cotto is a nice place , it is in the moderate price range , it serves british food and it is in the centre of town .
wait . any price range is what the best selling single restaurant in to school .
cotto is a nice place , it is in the centre of town , it serves british food and it is in the moderate price range .
Reward: 0.892684280872345

hello , welcome to the restaurant finding system . how may i help you ?
hi , i want to book a table
what part of town do you have in mind ?
i want a venue in the moderate price range serving rap food .
what part of town do you have in mind ?
i want a venue in the moderate price range and in south .
what kind of food would you like ?
i want a few in the moderate price range and in this .
what kind of food would you like ?
Reward: 0.6502721309661865

hello , welcome to the restaurant finding system . how may i help you ?
hi , i want to book a table
what part of town do you have in mind ?
it doesn ' t matter .
what part of town do you have in mind ?
i want to find a restaurant in the moderate price range .
what part of town do you have in mind ?
i want a venue in the moderate price range and in the centre of town .
what kind of food would you like ?
Reward: 0.6501120924949646

hello , welcome to the restaurant finding system . how may i help you ?
hi , i want to book a table
what part of town do you have in mind ?
i really want a venue in the expensive price range and in the centre of town .
what kind of food would you like ?
i want a few in my local cat .
what kind of food would you like ?
i want a few for my local 16 th for my local website .
what kind of food would you like ?
Reward: 0.6458181142807007

hello , welcome to the restaurant finding system . how may i help you ?
i need another restaurant .
what part of town do you have in mind ?
i want a venue in the expensive price range shops
what part of town do you have in mind ?
i really need a few in the moderate price range and in any part of town .
what kind of food would you like ?
i want to book a table
what kind of food would you like ?
Reward: 0.6460673213005066

hello , welcome to the restaurant finding system . how may i help you ?
hi , i want to book a table
what part of town do you have in mind ?
i prefer a venue in centre .
what kind of food would you like ?
i want a venue in the indian price range serving rma .
would you like something in the cheap , moderate , or expensive price range ?
i am ok in south .
taj tandoori is a nice place , it serves indian food and it is in the south part of town .
Reward: 0.8939172625541687

hello , welcome to the restaurant finding system . how may i help you ?
i want a european restaurant .
what part of town do you have in mind ?
i prefer a venue in centre . .
would you like something in the cheap , moderate , or expensive price range ?
it doesn ' t matter .
would you like something in the cheap , moderate , or expensive price range ?
i want a few in the moderate price range and in the centre of town .
galleria is a nice place , it is in the moderate price range , it is in the centre of town and it serves european food .
Reward: 0.890192449092865

hello , welcome to the restaurant finding system . how may i help you ?
hi , i want to book a table
what part of town do you have in mind ?
it doesn ' t matter .
what part of town do you have in mind ?
everything is fine . i also want a venue in the moderate price range and in the centre of town .
what kind of food would you like ?
i need a client of my local cat .
what kind of food would you like ?
Reward: 0.64994215965271

hello , welcome to the restaurant finding system . how may i help you ?
i need another restaurant .
what part of town do you have in mind ?
i prefer a venue in centre .
what kind of food would you like ?
i want a venue in a club happening in north .
what kind of food would you like ?
i want a venue in the client of my local cat .
what kind of food would you like ?
Reward: 0.6491679549217224

hello , welcome to the restaurant finding system . how may i help you ?
hi , i want to book a table
what part of town do you have in mind ?
i prefer a venue in centre .
what kind of food would you like ?
i want a venue in the 1990 ' s .
what kind of food would you like ?
i want a name "birch in the indian time .
would you like something in the cheap , moderate , or expensive price range ?
Reward: 0.7652520537376404

hello , welcome to the restaurant finding system . how may i help you ?
i need a mediterranean restaurant .
what part of town do you have in mind ?
i prefer a venue in centre .
would you like something in the cheap , moderate , or expensive price range ?
i want a venue in the expensive price range .
la mimosa is a nice place , it serves mediterranean food , it is in the centre of town and it is in the expensive price range .
what is the address ?
can i help you with anything else ?
Reward: 0.8128616809844971

hello , welcome to the restaurant finding system . how may i help you ?
i need another restaurant .
what part of town do you have in mind ?
i prefer a venue in north .
what kind of food would you like ?
i want a venue in the moderate price range and in the west of town .
what kind of food would you like ?
i want to book a table
what kind of food would you like ?
Reward: 0.6494129300117493

hello , welcome to the restaurant finding system . how may i help you ?
hi , i want to book a table
what part of town do you have in mind ?
i prefer a venue in centre .
what kind of food would you like ?
i want a venue in the local restaurant .
what kind of food would you like ?
i want a venue in the local cat .
what kind of food would you like ?
Reward: 0.6504403948783875

hello , welcome to the restaurant finding system . how may i help you ?
i need another restaurant .
what part of town do you have in mind ?
i prefer a venue in centre .
what kind of food would you like ?
i need a few in a few for my local website .
what kind of food would you like ?
i want a venue in the apartment . i want a venue in a few , i want a few
what kind of food would you like ?
Reward: 0.6330676078796387

hello , welcome to the restaurant finding system . how may i help you ?
hi , i want to book a table
what part of town do you have in mind ?
well i want a venue in the expensive price range and in the centre of town .
what kind of food would you like ?
i want a venue in the abigails club happening in a few in the same week .
what kind of food would you like ?
i want a venue in the moderate price range serving nah with the client about the indian venue .
i am sorry but there is no place , in the area of centre , in the moderate price range and serving indian food .
Reward: 0.7626818418502808

hello , welcome to the restaurant finding system . how may i help you ?
hi , i want to book a table
what part of town do you have in mind ?
it doesn ' t matter .
what part of town do you have in mind ?
the expensive part of town .
what part of town do you have in mind ?
i prefer a venue in north .
what kind of food would you like ?
Reward: 0.6499768495559692

hello , welcome to the restaurant finding system . how may i help you ?
hi , i want to book a table
what part of town do you have in mind ?
i want a venue in the moderate price range and in the centre of town .
what kind of food would you like ?
i want a client about an bed of a few with a few
what kind of food would you like ?
i want a venue in the above in the client of my 3 rd .
what kind of food would you like ?
Reward: 0.6484905481338501

hello , welcome to the restaurant finding system . how may i help you ?
i need another restaurant .
what part of town do you have in mind ?
i prefer a venue in north .
what kind of food would you like ?
please make the restaurant with a cheap price range .
what kind of food would you like ?
i want to book a table
what kind of food would you like ?
Reward: 0.649261474609375

hello , welcome to the restaurant finding system . how may i help you ?
hi , i want to book a table
what part of town do you have in mind ?
i prefer a venue in centre .
what kind of food would you like ?
i need a room near a restaurant .
what kind of food would you like ?
i need a daughter a venue in the expensive price range serving spanish food .
i am sorry but there is no place , in the area of centre , in the expensive price range and serving spanish food .
Reward: 0.764247477054596

hello , welcome to the restaurant finding system . how may i help you ?
hi , i want to book a table
what part of town do you have in mind ?
i don ' t understand . what is a table
what part of town do you have in mind ?
i like a venue in centre .
what kind of food would you like ?
i need a european venue .
would you like something in the cheap , moderate , or expensive price range ?
Reward: 0.764866054058075

hello , welcome to the restaurant finding system . how may i help you ?
i need another restaurant .
what part of town do you have in mind ?
i want a venue in the expensive price range serving thai club .
what part of town do you have in mind ?
i want a venue in the moderate price range and in south .
i am sorry but there is no place , in the moderate price range , in the area of south and serving thai food .
i never want to change an above in my local website .
i am sorry but there is no place , in the area of south , in the moderate price range and serving thai food .
Reward: 0.8816558122634888

hello , welcome to the restaurant finding system . how may i help you ?
hi , i want to book a table
what part of town do you have in mind ?
i prefer a venue in centre .
what kind of food would you like ?
i need a venue on my local a few
what kind of food would you like ?
i want a venue in the indian venue .
would you like something in the cheap , moderate , or expensive price range ?
Reward: 0.7652353644371033

hello , welcome to the restaurant finding system . how may i help you ?
hi , i want to book a table
what part of town do you have in mind ?
i prefer a venue in south .
what kind of food would you like ?
i want a venue in the moderate price range serving modern story in the same part .
what kind of food would you like ?
it doesn ' t matter .
what kind of food would you like ?
Reward: 0.6503857970237732

hello , welcome to the restaurant finding system . how may i help you ?
well i want a restaurant in the moderate price range and in the west of town after .
what kind of food would you like ?
i want to book a table
what kind of food would you like ?
i need a indian venue .
i am sorry but there is no place , in the moderate price range , serving indian food and in the area of west .
you is what the best selling single restaurant in something as safe .
i am sorry but there is no place , in the moderate price range , in the area of west and serving indian food .
Reward: 0.8987098932266235

