hello , welcome to the restaurant finding system . how may i help you ?
hi , i want to book a table
what part of town do you have in mind ?
i prefer a venue in south .
what kind of food would you like ?
i want to book a table
what kind of food would you like ?
Reward: 0.7155203819274902

hello , welcome to the restaurant finding system . how may i help you ?
i need another restaurant .
what part of town do you have in mind ?
i ' m taking a few , i want to book a table
what part of town do you have in mind ?
i want a venue in the moderate price range and in the north of town .
what kind of food would you like ?
Reward: 0.7155203819274902

hello , welcome to the restaurant finding system . how may i help you ?
i need another restaurant .
what part of town do you have in mind ?
i want a venue in the moderate price range and in the centre of town .
what kind of food would you like ?
i want the indian venue .
i am sorry but there is no place , serving indian food , in the moderate price range and in the area of centre .
Reward: 0.7155203819274902

hello , welcome to the restaurant finding system . how may i help you ?
hi , i want to book a table
what part of town do you have in mind ?
i want a venue in any part of town .
what kind of food would you like ?
i need a restaurant in the moderate price range and in any part of town .
what kind of food would you like ?
Reward: 0.713053286075592

hello , welcome to the restaurant finding system . how may i help you ?
i need a restaurant in east .
what kind of food would you like ?
well i want to book a table
what kind of food would you like ?
i want a venue in the moderate price range serving modern restaurant .
what kind of food would you like ?
Reward: 0.713053286075592

hello , welcome to the restaurant finding system . how may i help you ?
i need another restaurant .
what part of town do you have in mind ?
i prefer a venue in north .
what kind of food would you like ?
i need a european venue .
i am sorry but there is no place , in the area of north and serving european food .
Reward: 0.713053286075592

hello , welcome to the restaurant finding system . how may i help you ?
i need another restaurant .
what part of town do you have in mind ?
it doesn ' t matter .
what part of town do you have in mind ?
i really need a venue in well and i want to book a table
what part of town do you have in mind ?
Reward: 0.8363476991653442

hello , welcome to the restaurant finding system . how may i help you ?
i need another restaurant .
what part of town do you have in mind ?
i need a european venue .
what part of town do you have in mind ?
i prefer a venue in south .
i am sorry but there is no place , serving european food and in the area of south .
Reward: 0.8363476991653442

hello , welcome to the restaurant finding system . how may i help you ?
i need another restaurant .
what part of town do you have in mind ?
i want a venue in the cheap price range and in the north of town .
what kind of food would you like ?
it doesn ' t matter .
what kind of food would you like ?
Reward: 0.8363476991653442

hello , welcome to the restaurant finding system . how may i help you ?
hi , i want to book a table
what part of town do you have in mind ?
i prefer a venue in centre .
what kind of food would you like ?
i need a venue in south .
what kind of food would you like ?
Reward: 0.7153816819190979

hello , welcome to the restaurant finding system . how may i help you ?
hi , i want to book a table
what part of town do you have in mind ?
i prefer a venue in centre .
what kind of food would you like ?
i want a venue in a venue .
what kind of food would you like ?
Reward: 0.7153816819190979

hello , welcome to the restaurant finding system . how may i help you ?
hi , i want to book a table
what part of town do you have in mind ?
what is the best selling single restaurant in my local website .
what part of town do you have in mind ?
i prefer a few in the modern few in any part of town .
what kind of food would you like ?
Reward: 0.7153816819190979

hello , welcome to the restaurant finding system . how may i help you ?
i want a restaurant in the moderate price range .
what part of town do you have in mind ?
i want a venue in the moderate price range and in the centre of town .
what kind of food would you like ?
i want a venue in the european venue .
galleria is a nice place , it is in the moderate price range , it is in the centre of town and it serves european food .
Reward: 0.7063419222831726

hello , welcome to the restaurant finding system . how may i help you ?
hi , i want to book a table
what part of town do you have in mind ?
i doesn ' t understand . what is a table
what part of town do you have in mind ?
its fine . i want a venue in the cheap table
what part of town do you have in mind ?
Reward: 0.7063419222831726

hello , welcome to the restaurant finding system . how may i help you ?
i need another restaurant .
what part of town do you have in mind ?
i really want to change an above in the moderate price range and in the centre of town .
what kind of food would you like ?
i need a indian venue .
i am sorry but there is no place , in the area of centre , in the moderate price range and serving indian food .
Reward: 0.7063419222831726

hello , welcome to the restaurant finding system . how may i help you ?
hi , i want to book a table
what part of town do you have in mind ?
i want a venue in south .
what kind of food would you like ?
any price range is any , what is the best selling single restaurant in ?
what kind of food would you like ?
Reward: 0.8420813083648682

hello , welcome to the restaurant finding system . how may i help you ?
hi , i want to book a table
what part of town do you have in mind ?
what is the best selling single restaurant in the moderate price range ?
what part of town do you have in mind ?
i want a restaurant in the moderate price range and in the centre of town .
what kind of food would you like ?
Reward: 0.8420813083648682

hello , welcome to the restaurant finding system . how may i help you ?
hi , i want to book a table
what part of town do you have in mind ?
i prefer a venue in centre .
what kind of food would you like ?
if i feed a team venue .
what kind of food would you like ?
Reward: 0.8420813083648682

hello , welcome to the restaurant finding system . how may i help you ?
i want a venue serving modern list of conversation with authentic .
i ' m having trouble understanding what you want . could you please rephrase it ?
everything is fine . i want a venue in the expensive price range serving bravery .
i ' m having trouble understanding what you want . could you please rephrase it ?
i need a hipster venue serving chinese food and white food sr .
what part of town do you have in mind ?
Reward: 0.7074421644210815

hello , welcome to the restaurant finding system . how may i help you ?
i need another restaurant .
what part of town do you have in mind ?
i prefer a venue in north .
what kind of food would you like ?
i want to book a table
what kind of food would you like ?
Reward: 0.7074421644210815

hello , welcome to the restaurant finding system . how may i help you ?
i need another restaurant .
what part of town do you have in mind ?
i want a venue in the moderate price range and in the north of town .
what kind of food would you like ?
i don ' t understand . what is the best selling single restaurant in last week
what kind of food would you like ?
Reward: 0.7074421644210815

hello , welcome to the restaurant finding system . how may i help you ?
i need another restaurant .
what part of town do you have in mind ?
i prefer a venue in centre .
what kind of food would you like ?
i need a european venue .
would you like something in the cheap , moderate , or expensive price range ?
Reward: 0.8395472764968872

hello , welcome to the restaurant finding system . how may i help you ?
hi , i want to book a table
what part of town do you have in mind ?
i prefer a venue in south .
what kind of food would you like ?
i want a venue in the expensive price range serving steak .
what kind of food would you like ?
Reward: 0.8395472764968872

hello , welcome to the restaurant finding system . how may i help you ?
hi , i want to book a table
what part of town do you have in mind ?
i prefer a venue in centre .
what kind of food would you like ?
i need a venue in my local cat .
what kind of food would you like ?
Reward: 0.8395472764968872

hello , welcome to the restaurant finding system . how may i help you ?
hi , i want to book a table
what part of town do you have in mind ?
i want a venue in the moderate price range and in the centre of town .
what kind of food would you like ?
just a few , i want to book a table
what kind of food would you like ?
Reward: 0.7132328152656555

hello , welcome to the restaurant finding system . how may i help you ?
hi , i want to book a table
what part of town do you have in mind ?
i want a venue in the moderate price range and in the west of town .
what kind of food would you like ?
i want to book a table
what kind of food would you like ?
Reward: 0.7132328152656555

hello , welcome to the restaurant finding system . how may i help you ?
i need another restaurant .
what part of town do you have in mind ?
i want a venue in the moderate price range serving thai food .
i am sorry but there is no place , in the moderate price range and serving thai food .
i don ' t understand . what ' s the best selling single club temperature in the restaurant serving asian food or japanese ?
yippee noodle bar is a nice place , it is in the moderate price range and it serves asian oriental food .
Reward: 0.7132328152656555

hello , welcome to the restaurant finding system . how may i help you ?
i want a european restaurant .
what part of town do you have in mind ?
i prefer a venue in centre .
would you like something in the cheap , moderate , or expensive price range ?
i want a venue in the expensive price range serving wifes food .
michaelhouse cafe is a nice place , it is in the expensive price range , it serves european food and it is in the centre of town .
Reward: 0.7155454754829407

hello , welcome to the restaurant finding system . how may i help you ?
hi , i want to book a table
what part of town do you have in mind ?
i want a greek tank .
i am sorry but there is no place serving greek food .
okay . could you tell me which is the same restaurant in my local website .
thank you , goodbye .
Reward: 0.7155454754829407

hello , welcome to the restaurant finding system . how may i help you ?
i want a restaurant in the moderate price range .
what part of town do you have in mind ?
i want to book a table
what part of town do you have in mind ?
i prefer a venue in south .
what kind of food would you like ?
Reward: 0.7155454754829407

hello , welcome to the restaurant finding system . how may i help you ?
i need a mediterranean restaurant .
what part of town do you have in mind ?
i prefer a venue in centre .
would you like something in the cheap , moderate , or expensive price range ?
any price range is there this enough for a restaurant .
la mimosa is a nice place , it is in the centre of town , it is in the expensive price range and it serves mediterranean food .
Reward: 0.715569019317627

hello , welcome to the restaurant finding system . how may i help you ?
i need another restaurant .
what part of town do you have in mind ?
i prefer a venue in centre .
what kind of food would you like ?
i need a european venue .
would you like something in the cheap , moderate , or expensive price range ?
Reward: 0.715569019317627

hello , welcome to the restaurant finding system . how may i help you ?
hi , i want to book 4 locations for my restaurant for me .
what part of town do you have in mind ?
i prefer a venue in centre .
what kind of food would you like ?
i want a venue in my local yes .
what kind of food would you like ?
Reward: 0.715569019317627

hello , welcome to the restaurant finding system . how may i help you ?
hi , i want to book a table
what part of town do you have in mind ?
i want a venue in the moderate price range in the centre of town .
what kind of food would you like ?
i want a few for my local 16 th for my local website .
what kind of food would you like ?
Reward: 0.5754311084747314

hello , welcome to the restaurant finding system . how may i help you ?
i need another restaurant .
what part of town do you have in mind ?
any price range is no . any price range is there any price range is okay .
what part of town do you have in mind ?
i need a venue in the moderate price range and in the memphis .
what part of town do you have in mind ?
Reward: 0.5754311084747314

hello , welcome to the restaurant finding system . how may i help you ?
hi , i want to book a table
what part of town do you have in mind ?
how about a restaurant in the same part of town if i ' d like to book a table
what part of town do you have in mind ?
i don ' t understand . what is the best selling single restaurant in the cheap price range and in the centre of town and
what kind of food would you like ?
Reward: 0.5754311084747314

hello , welcome to the restaurant finding system . how may i help you ?
i think i want to book a table
what part of town do you have in mind ?
it doesn ' t matter .
what part of town do you have in mind ?
i ' m trying to enjoy .
what part of town do you have in mind ?
Reward: 0.8376891016960144

hello , welcome to the restaurant finding system . how may i help you ?
hi , i want to book a table
what part of town do you have in mind ?
well i prefer a venue in centre .
what kind of food would you like ?
i want a location in the bermuda cat .
what kind of food would you like ?
Reward: 0.8376891016960144

hello , welcome to the restaurant finding system . how may i help you ?
i need another restaurant .
what part of town do you have in mind ?
any price range is there any price range is maybe okay , i want a restaurant in east .
what kind of food would you like ?
i want to book a table
what kind of food would you like ?
Reward: 0.8376891016960144

hello , welcome to the restaurant finding system . how may i help you ?
hi , i want to book a table
what part of town do you have in mind ?
i prefer a venue in centre .
what kind of food would you like ?
i want a few in a venue .
what kind of food would you like ?
Reward: 0.705065131187439

hello , welcome to the restaurant finding system . how may i help you ?
i need a restaurant in centre .
what kind of food would you like ?
i need a european venue .
would you like something in the cheap , moderate , or expensive price range ?
any price range is there .
galleria is a nice place , it is in the centre of town , it is in the moderate price range and it serves european food .
Reward: 0.705065131187439

hello , welcome to the restaurant finding system . how may i help you ?
i need another restaurant .
what part of town do you have in mind ?
i want a venue in the moderate price range and in the centre of town .
what kind of food would you like ?
i need a client about a few in the engineer
what kind of food would you like ?
Reward: 0.705065131187439

hello , welcome to the restaurant finding system . how may i help you ?
i need another restaurant .
what part of town do you have in mind ?
i don ' t understand what this the best selling single restaurant in the moderate price range and in the north of town .
what kind of food would you like ?
i want to book a table
what kind of food would you like ?
Reward: 0.8407449722290039

hello , welcome to the restaurant finding system . how may i help you ?
hi , i want to book a table
what part of town do you have in mind ?
i want a venue in the moderate price range and in the south of town .
what kind of food would you like ?
thanks for two
thank you , goodbye .
Reward: 0.8407449722290039

hello , welcome to the restaurant finding system . how may i help you ?
hi , i want to book a table
what part of town do you have in mind ?
i need a restaurant in east .
what kind of food would you like ?
i want a venue in the cheap price range .
the missing sock is a nice place , it is in the east part of town and it is in the cheap price range .
Reward: 0.8407449722290039

hello , welcome to the restaurant finding system . how may i help you ?
hi , i want to book a table
what part of town do you have in mind ?
it doesn ' t matter .
what part of town do you have in mind ?
i prefer a venue in centre .
what kind of food would you like ?
Reward: 0.7154359221458435

hello , welcome to the restaurant finding system . how may i help you ?
i need a restaurant in centre .
what kind of food would you like ?
i want a european number .
would you like something in the cheap , moderate , or expensive price range ?
i want a venue in the moderate price range .
galleria is a nice place , it is in the moderate price range , it is in the centre of town and it serves european food .
Reward: 0.7154359221458435

hello , welcome to the restaurant finding system . how may i help you ?
i need another restaurant .
what part of town do you have in mind ?
i prefer a venue in centre .
what kind of food would you like ?
i want a venue in the local cat .
what kind of food would you like ?
Reward: 0.7154359221458435

hello , welcome to the restaurant finding system . how may i help you ?
hi , i want to book a table
what part of town do you have in mind ?
it doesn ' t matter .
what part of town do you have in mind ?
i want a venue in the cheap price range and in the centre of town .
what kind of food would you like ?
Reward: 0.5765370726585388

hello , welcome to the restaurant finding system . how may i help you ?
hi , i want to book a table
what part of town do you have in mind ?
i want a venue in the moderate price range serving modern european part of town .
galleria is a nice place , it serves european food and it is in the moderate price range .
what is the address ?
what part of town do you have in mind ?
Reward: 0.5765370726585388

hello , welcome to the restaurant finding system . how may i help you ?
hi , i want to book a table
what part of town do you have in mind ?
i want a venue in the moderate price range and in the centre of town .
what kind of food would you like ?
i want a few in the client about a few in them .
what kind of food would you like ?
Reward: 0.5765370726585388

hello , welcome to the restaurant finding system . how may i help you ?
hi , i want to book a table
what part of town do you have in mind ?
i prefer a venue in centre .
what kind of food would you like ?
i want a venue in the indian price range serving chinese food .
would you like something in the cheap , moderate , or expensive price range ?
Reward: 0.7156805396080017

hello , welcome to the restaurant finding system . how may i help you ?
i need a restaurant in centre .
what kind of food would you like ?
i need a restaurant in the important price range .
what kind of food would you like ?
i want a venue in my local website .
what kind of food would you like ?
Reward: 0.7156805396080017

hello , welcome to the restaurant finding system . how may i help you ?
i need a mediterranean restaurant .
what part of town do you have in mind ?
i prefer a venue in south .
i am sorry but there is no place , serving mediterranean food and in the area of south .
what is a lot of rental inches ?
i am sorry but there is no place , in the area of south and serving mediterranean food .
Reward: 0.7156805396080017

hello , welcome to the restaurant finding system . how may i help you ?
hi , i want to book a table
what part of town do you have in mind ?
i prefer a venue in south .
what kind of food would you like ?
i just want to book a table
what kind of food would you like ?
Reward: 0.05544641241431236

hello , welcome to the restaurant finding system . how may i help you ?
hi , i want to book a table
what part of town do you have in mind ?
i prefer a venue in north .
what kind of food would you like ?
it doesn ' t matter .
what kind of food would you like ?
Reward: 0.05544641241431236

hello , welcome to the restaurant finding system . how may i help you ?
i need a mediterranean restaurant .
what part of town do you have in mind ?
i want to book a table
what part of town do you have in mind ?
i prefer a venue in south .
i am sorry but there is no place , serving mediterranean food and in the area of south .
Reward: 0.05544641241431236

hello , welcome to the restaurant finding system . how may i help you ?
i want a restaurant in the cheap price range .
what part of town do you have in mind ?
east . what is a spot ?
the missing sock is a nice place , it is in the cheap price range and it is in the east part of town .
is it fine , i still play on a part of town ?
the missing sock is a nice place , it is in the east part of town and it is in the cheap price range .
Reward: 0.7132003307342529

hello , welcome to the restaurant finding system . how may i help you ?
hi , i want to book a table
what part of town do you have in mind ?
everything is fine . i want a venue in my local website .
what part of town do you have in mind ?
i prefer a venue in centre .
what kind of food would you like ?
Reward: 0.7132003307342529

hello , welcome to the restaurant finding system . how may i help you ?
i should have a best great track .
thank you , goodbye .
Reward: 0.7132003307342529

hello , welcome to the restaurant finding system . how may i help you ?
hi , i want to book a table
what part of town do you have in mind ?
i want a venue in the cheap price range serving chinese food .
what part of town do you have in mind ?
it doesn ' t matter .
what part of town do you have in mind ?
Reward: 0.7132251262664795

hello , welcome to the restaurant finding system . how may i help you ?
i need another restaurant .
what part of town do you have in mind ?
i prefer a venue in north .
what kind of food would you like ?
i want to book a table
what kind of food would you like ?
Reward: 0.7132251262664795

hello , welcome to the restaurant finding system . how may i help you ?
hi , i want to book a table
what part of town do you have in mind ?
it doesn ' t matter .
what part of town do you have in mind ?
i want a venue in the expensive price range serving elmo .
what part of town do you have in mind ?
Reward: 0.7132251262664795

hello , welcome to the restaurant finding system . how may i help you ?
hi , i want to book a table
what part of town do you have in mind ?
i need a portuguese venue .
what part of town do you have in mind ?
i prefer a venue in north .
i am sorry but there is no place , in the area of north and serving portuguese food .
Reward: 0.8351723551750183

hello , welcome to the restaurant finding system . how may i help you ?
i need another restaurant .
what part of town do you have in mind ?
i want a venue in the moderate price range and in the centre of town .
what kind of food would you like ?
i need a venue a few in a client of my local cat .
what kind of food would you like ?
Reward: 0.8351723551750183

hello , welcome to the restaurant finding system . how may i help you ?
hi , i want to book a table
what part of town do you have in mind ?
i prefer a venue in west .
what kind of food would you like ?
i need a chinese venue .
i am sorry but there is no place , in the area of west and serving chinese food .
Reward: 0.8351723551750183

hello , welcome to the restaurant finding system . how may i help you ?
i want a restaurant in the moderate price range , in the moderate price range and in the west of town .
what kind of food would you like ?
i want to book a table
what kind of food would you like ?
i want to book a table
what kind of food would you like ?
Reward: 0.7154954075813293

hello , welcome to the restaurant finding system . how may i help you ?
hi , i want to book a table
what part of town do you have in mind ?
i prefer a venue in centre .
what kind of food would you like ?
i don ' t want a few at a few
what kind of food would you like ?
Reward: 0.7154954075813293

hello , welcome to the restaurant finding system . how may i help you ?
i need another restaurant .
what part of town do you have in mind ?
i want a venue in the moderate price range serving feat .
what part of town do you have in mind ?
i prefer a venue in south .
what kind of food would you like ?
Reward: 0.7154954075813293

hello , welcome to the restaurant finding system . how may i help you ?
hi , i want to book a table
what part of town do you have in mind ?
i want a restaurant in the moderate price range and in the centre of town .
what kind of food would you like ?
i want a address to the 10 pm
what kind of food would you like ?
Reward: 0.7157107591629028

hello , welcome to the restaurant finding system . how may i help you ?
i need another restaurant .
what part of town do you have in mind ?
i prefer a venue in north .
what kind of food would you like ?
i need a chinese venue .
would you like something in the cheap , moderate , or expensive price range ?
Reward: 0.7157107591629028

hello , welcome to the restaurant finding system . how may i help you ?
hi , i want to book a table
what part of town do you have in mind ?
i want a venue in the expensive price range and in the west of town .
what kind of food would you like ?
i need a european venue .
cambridge lodge restaurant is a nice place , it is in the west part of town , it serves european food and it is in the expensive price range .
Reward: 0.7157107591629028

hello , welcome to the restaurant finding system . how may i help you ?
hi , i want to book a table
what part of town do you have in mind ?
i want a venue in the moderate price range and in the centre of town .
what kind of food would you like ?
i want a client about up to my 3 p .
what kind of food would you like ?
Reward: 0.7153459191322327

hello , welcome to the restaurant finding system . how may i help you ?
hi , i want to book a table
what part of town do you have in mind ?
i don ' t understand . what is the best selling single restaurant in the moderate price range and in the centre of town .
what kind of food would you like ?
i need a client of my local cat .
what kind of food would you like ?
Reward: 0.7153459191322327

hello , welcome to the restaurant finding system . how may i help you ?
i need another restaurant .
what part of town do you have in mind ?
i want a venue in the expensive price range and in the west of town .
what kind of food would you like ?
i want to book a table
what kind of food would you like ?
Reward: 0.7153459191322327

hello , welcome to the restaurant finding system . how may i help you ?
hi , i want to book a table
what part of town do you have in mind ?
i prefer a venue in centre .
what kind of food would you like ?
i want a venue in the local cat .
what kind of food would you like ?
Reward: 0.7153936624526978

hello , welcome to the restaurant finding system . how may i help you ?
i need a mediterranean restaurant .
what part of town do you have in mind ?
i want to live in west .
i am sorry but there is no place , serving mediterranean food and in the area of west .
i see . what is a restaurant that i prefer part ?
i am sorry but there is no place , serving mediterranean food and in the area of west .
Reward: 0.7153936624526978

hello , welcome to the restaurant finding system . how may i help you ?
hi , i want to book a table
what part of town do you have in mind ?
i want a venue in the moderate price range is on .
what part of town do you have in mind ?
, i want to book a table
what part of town do you have in mind ?
Reward: 0.7153936624526978

hello , welcome to the restaurant finding system . how may i help you ?
i need another restaurant .
what part of town do you have in mind ?
i prefer a venue of town .
what part of town do you have in mind ?
i prefer a venue in north .
what kind of food would you like ?
Reward: 0.8018196821212769

hello , welcome to the restaurant finding system . how may i help you ?
i need a restaurant in centre .
what kind of food would you like ?
i want a venue in any locations .
what kind of food would you like ?
i need a indian venue .
would you like something in the cheap , moderate , or expensive price range ?
Reward: 0.8018196821212769

hello , welcome to the restaurant finding system . how may i help you ?
hi , i want to book a table
what part of town do you have in mind ?
i prefer a venue in centre .
what kind of food would you like ?
i want a client of a restaurant in my local .
what kind of food would you like ?
Reward: 0.8018196821212769

hello , welcome to the restaurant finding system . how may i help you ?
i need another restaurant .
what part of town do you have in mind ?
i prefer a venue in south .
what kind of food would you like ?
it doesn ' t matter .
what kind of food would you like ?
Reward: 0.8353347182273865

hello , welcome to the restaurant finding system . how may i help you ?
i want a restaurant in the moderate price range and in the west of town .
what kind of food would you like ?
i prefer a venue in the moderate price range and in the west of town .
what kind of food would you like ?
i want to book a table
what kind of food would you like ?
Reward: 0.8353347182273865

hello , welcome to the restaurant finding system . how may i help you ?
hi , i want to book a table
what part of town do you have in mind ?
i want a venue in south in the expensive price range serving baja this .
what kind of food would you like ?
it doesn ' t matter .
what kind of food would you like ?
Reward: 0.8353347182273865

hello , welcome to the restaurant finding system . how may i help you ?
hi , i want to time to 6 pm
i ' m having trouble understanding what you want . could you please rephrase it ?
i want to book a table
what part of town do you have in mind ?
i prefer a venue in west .
what kind of food would you like ?
Reward: 0.7658930420875549

hello , welcome to the restaurant finding system . how may i help you ?
i need another restaurant .
what part of town do you have in mind ?
it doesn ' t matter .
what part of town do you have in mind ?
sometime north .
what kind of food would you like ?
Reward: 0.7658930420875549

hello , welcome to the restaurant finding system . how may i help you ?
i want a restaurant in the moderate price range and in the west of town after .
what kind of food would you like ?
i want to book a table
what kind of food would you like ?
i want a venue in the moderate price range serving moderate price range and in the centre of town .
what kind of food would you like ?
Reward: 0.7658930420875549

hello , welcome to the restaurant finding system . how may i help you ?
i need another restaurant .
what part of town do you have in mind ?
i need a european venue .
what part of town do you have in mind ?
i need a european venue .
what part of town do you have in mind ?
Reward: 0.7158545851707458

hello , welcome to the restaurant finding system . how may i help you ?
i want a restaurant in the moderate price range and in the west of town .
what kind of food would you like ?
i need a venue in the expensive price range serving moderate price range .
what kind of food would you like ?
i need another restaurant .
what kind of food would you like ?
Reward: 0.7158545851707458

hello , welcome to the restaurant finding system . how may i help you ?
hi , i want to book a table
what part of town do you have in mind ?
i prefer a venue in centre .
what kind of food would you like ?
i want a venue in the client of my local cat .
what kind of food would you like ?
Reward: 0.7158545851707458

hello , welcome to the restaurant finding system . how may i help you ?
hi , i want to book a table
what part of town do you have in mind ?
i want a venue in the moderate price range and in the west of town .
what kind of food would you like ?
i want to book a table
what kind of food would you like ?
Reward: 0.8349589109420776

hello , welcome to the restaurant finding system . how may i help you ?
hi , i want to book a table
what part of town do you have in mind ?
i don ' t understand . what is a table
what part of town do you have in mind ?
i ' m trying to book a table
what part of town do you have in mind ?
Reward: 0.8349589109420776

hello , welcome to the restaurant finding system . how may i help you ?
i need another restaurant .
what part of town do you have in mind ?
i want to know who is the best selling single restaurant in the same part of town .
what part of town do you have in mind ?
that doesn ' t matter .
what part of town do you have in mind ?
Reward: 0.8349589109420776

hello , welcome to the restaurant finding system . how may i help you ?
i want a restaurant in the moderate price range and in the centre of town .
what kind of food would you like ?
i want a venue in my local a client of my - 30 one .
what kind of food would you like ?
i want a meeting in the bull . please and
what kind of food would you like ?
Reward: 0.8351723551750183

hello , welcome to the restaurant finding system . how may i help you ?
hi , i want to book a table
what part of town do you have in mind ?
i prefer a venue in centre .
what kind of food would you like ?
i want a outdoor venue .
what kind of food would you like ?
Reward: 0.8351723551750183

hello , welcome to the restaurant finding system . how may i help you ?
i need another restaurant .
what part of town do you have in mind ?
it doesn ' t matter .
what part of town do you have in mind ?
i want a venue in the cheap price range and in the centre of town .
what kind of food would you like ?
Reward: 0.8351723551750183

hello , welcome to the restaurant finding system . how may i help you ?
hi , i want to book a table
what part of town do you have in mind ?
i prefer a venue in centre .
what kind of food would you like ?
i want a venue in any price range and nothing without a .
what kind of food would you like ?
Reward: 0.2870160937309265

hello , welcome to the restaurant finding system . how may i help you ?
hi , i want to book a table
what part of town do you have in mind ?
i need a restaurant in east .
what kind of food would you like ?
i need a european restaurant .
i am sorry but there is no place , serving european food and in the area of east .
Reward: 0.2870160937309265

hello , welcome to the restaurant finding system . how may i help you ?
i need a restaurant in centre .
what kind of food would you like ?
i want a venue at the indian venue .
would you like something in the cheap , moderate , or expensive price range ?
any price range involved what ' s the best selling single restaurant in
the gandhi is a nice place , it is in the cheap price range , it is in the centre of town and it serves indian food .
Reward: 0.2870160937309265

hello , welcome to the restaurant finding system . how may i help you ?
hi , i want to book a table
what part of town do you have in mind ?
i need a portuguese part of town .
what part of town do you have in mind ?
i want a venue in the moderate price range and in south .
i am sorry but there is no place , serving portuguese food , in the moderate price range and in the area of south .
Reward: 0.6970643997192383

