hello , welcome to the restaurant finding system . how may i help you ?
i need another restaurant .
what part of town do you have in mind ?
i need a venue in the north of town .
what kind of food would you like ?
i need a chinese venue .
would you like something in the cheap , moderate , or expensive price range ?
it doesn ' t matter .
would you like something in the cheap , moderate , or expensive price range ?
i want a venue in the expensive price range .
hakka is a nice place , it serves chinese food , it is in the north part of town and it is in the expensive price range .
thanks for your help , goodbye .
thank you , goodbye .
Reward: 0.8490189909934998

hello , welcome to the restaurant finding system . how may i help you ?
hi , i want to book a table
what part of town do you have in mind ?
i prefer a venue in north .
what kind of food would you like ?
i need a chinese venue .
would you like something in the cheap , moderate , or expensive price range ?
i want a venue in the expensive price range .
hakka is a nice place , it is in the north part of town , it serves chinese food and it is in the expensive price range .
what is the address ?
can i help you with anything else ?
thanks for your help , goodbye .
thank you , goodbye .
Reward: 0.8490189909934998

hello , welcome to the restaurant finding system . how may i help you ?
i need another restaurant .
what part of town do you have in mind ?
i prefer a venue in east .
what kind of food would you like ?
i need a indian venue .
would you like something in the cheap , moderate , or expensive price range ?
i want a venue in the moderate price range .
rajmahal is a nice place , it is in the moderate price range , it is in the east part of town and it serves indian food .
what is the address ?
can i help you with anything else ?
thanks for your help , goodbye .
thank you , goodbye .
Reward: 0.8490189909934998

hello , welcome to the restaurant finding system . how may i help you ?
hi , i want to book a table .
what part of town do you have in mind ?
i prefer a venue in centre .
what kind of food would you like ?
i need a italian venue .
would you like something in the cheap , moderate , or expensive price range ?
i want a venue in the moderate price range .
pizza express fen ditton is a nice place , it is in the moderate price range , it serves italian food and it is in the centre of town .
i need a venue in the moderate price range .
pizza express fen ditton is a nice place , it is in the moderate price range , it is in the centre of town and it serves italian food .
please tell me the address and rooms to me please .
can i help you with anything else ?
thanks for your help , goodbye .
thank you , goodbye .
Reward: 0.8490189909934998

hello , welcome to the restaurant finding system . how may i help you ?
i need another restaurant .
what part of town do you have in mind ?
i prefer a venue in north .
what kind of food would you like ?
i need a british venue .
city stop restaurant is a nice place , it serves british food and it is in the north part of town .
what is the address ?
would you like something in the cheap , moderate , or expensive price range ?
i want a venue in the expensive price range .
city stop restaurant is a nice place , it is in the expensive price range , it serves british food and it is in the north part of town .
please give me another one .
i am sorry but there is no place other than city stop restaurant in the area of north , serving british food and in the expensive price range .
what is the phone number of the restaurant ?
city stop restaurant is a nice place , it is in the expensive price range , it serves british food and it is in the north part of town .
no , i am not looking for this . please show me another one .
i am sorry but there is no place other than city stop restaurant serving british food , in the area of north and in the expensive price range .
thanks for your help , goodbye .
thank you , goodbye .
Reward: 0.8490189909934998

hello , welcome to the restaurant finding system . how may i help you ?
i need another restaurant .
what part of town do you have in mind ?
i prefer a venue in north .
what kind of food would you like ?
i need a indian venue .
would you like something in the cheap , moderate , or expensive price range ?
everything is fine . i want a venue in the expensive price range .
tandoori palace is a nice place , it serves indian food , it is in the expensive price range and it is in the north part of town .
what is the address ?
can i help you with anything else ?
thanks for your help , goodbye .
thank you , goodbye .
Reward: 0.8490189909934998

hello , welcome to the restaurant finding system . how may i help you ?
i need another restaurant .
what part of town do you have in mind ?
i prefer a venue in north .
what kind of food would you like ?
i need a indian venue .
would you like something in the cheap , moderate , or expensive price range ?
i want a venue in the expensive price range .
tandoori palace is a nice place , it serves indian food , it is in the north part of town and it is in the expensive price range .
thanks for your help , goodbye .
thank you , goodbye .
Reward: 0.7811639904975891

hello , welcome to the restaurant finding system . how may i help you ?
hi , i want to book a table
what part of town do you have in mind ?
it doesn ' t matter .
what part of town do you have in mind ?
i prefer a venue in north .
what kind of food would you like ?
i need a turkish venue .
i am sorry but there is no place , in the area of north and serving turkish food .
what is the best selling music and the united states any the ?
i am sorry but there is no place , in the area of north and serving turkish food .
what is the restaurant ?
i am sorry but there is no place , serving turkish food and in the area of north .
thanks for your help , goodbye .
thank you , goodbye .
Reward: 0.7811639904975891

hello , welcome to the restaurant finding system . how may i help you ?
hi , i want to book a table
what part of town do you have in mind ?
i prefer a venue in centre .
what kind of food would you like ?
i want a restaurant and the cheap price range serving turkish food .
i am sorry but there is no place , serving turkish food , in the area of centre and in the cheap price range .
i want a venue in the expensive price range serving indian food .
curry garden is a nice place , it serves indian food , it is in the expensive price range and it is in the centre of town .
what is the address ?
can i help you with anything else ?
thanks for your help , goodbye .
thank you , goodbye .
Reward: 0.7811639904975891

hello , welcome to the restaurant finding system . how may i help you ?
hi , i want to book a table
what part of town do you have in mind ?
i prefer a venue in north .
what kind of food would you like ?
it doesn ' t matter .
what kind of food would you like ?
i need a chinese venue .
would you like something in the cheap , moderate , or expensive price range ?
i want a venue in the expensive price range .
hakka is a nice place , it is in the north part of town , it is in the expensive price range and it serves chinese food .
thanks for your help , goodbye .
thank you , goodbye .
Reward: 0.7811639904975891

hello , welcome to the restaurant finding system . how may i help you ?
hi , i want to book a table
what part of town do you have in mind ?
i prefer a venue in north .
what kind of food would you like ?
i need a chinese venue .
would you like something in the cheap , moderate , or expensive price range ?
i want a venue in the expensive price range .
hakka is a nice place , it serves chinese food , it is in the expensive price range and it is in the north part of town .
thanks for your help , goodbye .
thank you , goodbye .
Reward: 0.7811639904975891

hello , welcome to the restaurant finding system . how may i help you ?
hi , i want to book a table
what part of town do you have in mind ?
i prefer a venue in west .
what kind of food would you like ?
i need a chinese venue .
i am sorry but there is no place , in the area of west and serving chinese food .
thanks for your help , goodbye .
thank you , goodbye .
Reward: 0.7811639904975891

hello , welcome to the restaurant finding system . how may i help you ?
i need another restaurant .
what part of town do you have in mind ?
i prefer a venue in north .
what kind of food would you like ?
i want a venue in the expensive price range serving british food .
city stop restaurant is a nice place , it serves british food , it is in the expensive price range and it is in the north part of town .
what is the address ?
can i help you with anything else ?
thanks for your help , goodbye .
thank you , goodbye .
Reward: 0.7786323428153992

hello , welcome to the restaurant finding system . how may i help you ?
hi , i want to book a table
what part of town do you have in mind ?
it doesn ' t matter .
what part of town do you have in mind ?
i prefer a venue in north .
what kind of food would you like ?
i need a turkish venue .
i am sorry but there is no place , serving turkish food and in the area of north .
what is the best selling single restaurant in the same part of town ?
i am sorry but there is no place , serving turkish food and in the area of north .
wait , i want something else . i want a restaurant in the cheap price range .
i am sorry but there is no place , in the area of north , in the cheap price range and serving turkish food .
what is the best selling single restaurant in the modern restaurant ?
i am sorry but there is no place , in the area of north , serving turkish food and in the cheap price range .
no , i want a restaurant in the expensive price range .
i am sorry but there is no place , in the area of north , serving turkish food and in the expensive price range .
everything is fine . i want a restaurant in the expensive price range .
i am sorry but there is no place , serving turkish food , in the area of north and in the expensive price range .
what is the address ?
i am sorry but there is no place , in the expensive price range , serving turkish food and in the area of north .
Reward: 0.7786323428153992

hello , welcome to the restaurant finding system . how may i help you ?
i need another restaurant .
what part of town do you have in mind ?
it doesn ' t matter .
what part of town do you have in mind ?
i prefer a venue in north .
what kind of food would you like ?
i need a turkish venue .
i am sorry but there is no place , in the area of north and serving turkish food .
what is the best selling chasing the music ?
i am sorry but there is no place , serving turkish food and in the area of north .
thanks for your help , goodbye .
thank you , goodbye .
Reward: 0.7786323428153992

hello , welcome to the restaurant finding system . how may i help you ?
hi , i want to book a table
what part of town do you have in mind ?
i prefer a venue in centre .
what kind of food would you like ?
i need a international venue .
bloomsbury restaurant is a nice place , it serves international food and it is in the centre of town .
what is the phone number of the restaurant ?
would you like something in the cheap , moderate , or expensive price range ?
i want a venue in the expensive price range .
i am sorry but there is no place , serving international food , in the area of centre and in the expensive price range .
what is the address ?
i am sorry but there is no place , serving international food , in the area of centre and in the expensive price range .
thanks for your help , goodbye .
thank you , goodbye .
Reward: 0.7786323428153992

hello , welcome to the restaurant finding system . how may i help you ?
hi , i want to book a table
what part of town do you have in mind ?
i prefer a venue in south .
what kind of food would you like ?
i need a chinese venue .
would you like something in the cheap , moderate , or expensive price range ?
i want a restaurant in the expensive price range .
the good luck chinese food takeaway is a nice place , it is in the south part of town , it is in the expensive price range and it serves chinese food .
thanks for your help , goodbye .
thank you , goodbye .
Reward: 0.7786323428153992

hello , welcome to the restaurant finding system . how may i help you ?
hi , i want to book a table
what part of town do you have in mind ?
i prefer a venue in south .
what kind of food would you like ?
i need a chinese venue .
would you like something in the cheap , moderate , or expensive price range ?
i want a venue in the expensive price range .
the good luck chinese food takeaway is a nice place , it serves chinese food , it is in the south part of town and it is in the expensive price range .
wait , i want something else . any price range is okay .
the lucky star is a nice place , it serves chinese food , it is in the cheap price range and it is in the south part of town .
thanks for your help , goodbye .
thank you , goodbye .
Reward: 0.7786323428153992

hello , welcome to the restaurant finding system . how may i help you ?
i want a restaurant in the cheap price range and in the centre of town .
what kind of food would you like ?
i need a indian venue .
the gandhi is a nice place , it is in the centre of town , it serves indian food and it is in the cheap price range .
thanks for your help , goodbye .
thank you , goodbye .
Reward: 0.5819659233093262

hello , welcome to the restaurant finding system . how may i help you ?
hi , i want to book a table
what part of town do you have in mind ?
i prefer a venue in north .
what kind of food would you like ?
i need a chinese venue .
would you like something in the cheap , moderate , or expensive price range ?
i want a venue in the expensive price range .
hakka is a nice place , it is in the north part of town , it is in the expensive price range and it serves chinese food .
please tell me the phone number of the restaurant .
can i help you with anything else ?
thanks for your help , goodbye .
thank you , goodbye .
Reward: 0.5819659233093262

hello , welcome to the restaurant finding system . how may i help you ?
hi , i want to book a table
what part of town do you have in mind ?
it doesn ' t matter .
what part of town do you have in mind ?
i want a venue in the moderate price range and in the north of town .
what kind of food would you like ?
i need a venue in the expensive price range serving indian food .
tandoori palace is a nice place , it serves indian food , it is in the north part of town and it is in the expensive price range .
thanks for your help , goodbye .
thank you , goodbye .
Reward: 0.5819659233093262

hello , welcome to the restaurant finding system . how may i help you ?
hi , i want to book a table
what part of town do you have in mind ?
i prefer a venue in centre .
what kind of food would you like ?
i need a international venue .
bloomsbury restaurant is a nice place , it serves international food and it is in the centre of town .
is it in the moderate price range .
bloomsbury restaurant is a nice place , it serves international food , it is in the moderate price range and it is in the centre of town .
what is the phone number of the restaurant ?
can i help you with anything else ?
thanks for your help , goodbye .
thank you , goodbye .
Reward: 0.5819659233093262

hello , welcome to the restaurant finding system . how may i help you ?
i need another restaurant .
what part of town do you have in mind ?
i prefer a venue in south .
what kind of food would you like ?
i want a venue in the moderate price range serving british food .
i am sorry but there is no place , serving british food , in the moderate price range and in the area of south .
what is the address ?
i am sorry but there is no place , serving british food , in the moderate price range and in the area of south .
thanks for your help , goodbye .
thank you , goodbye .
Reward: 0.5819659233093262

hello , welcome to the restaurant finding system . how may i help you ?
i need another restaurant .
what part of town do you have in mind ?
i prefer a venue in north .
what kind of food would you like ?
i need a indian venue .
would you like something in the cheap , moderate , or expensive price range ?
i want a venue in the expensive price range .
tandoori palace is a nice place , it serves indian food , it is in the expensive price range and it is in the north part of town .
no , i am not looking for this . please show me another one .
i am sorry but there is no place other than tandoori palace in the area of north , in the expensive price range and serving indian food .
thanks for your help , goodbye .
thank you , goodbye .
Reward: 0.5819659233093262

hello , welcome to the restaurant finding system . how may i help you ?
hi , i want to book a table
what part of town do you have in mind ?
i prefer a venue in north .
what kind of food would you like ?
i need a chinese venue .
would you like something in the cheap , moderate , or expensive price range ?
i want a venue in the expensive price range .
hakka is a nice place , it is in the expensive price range , it serves chinese food and it is in the north part of town .
thanks for your help , goodbye .
thank you , goodbye .
Reward: 0.5819659233093262

hello , welcome to the restaurant finding system . how may i help you ?
hi , i want to book a table
what part of town do you have in mind ?
i prefer a venue in west .
what kind of food would you like ?
i need a chinese venue .
i am sorry but there is no place , in the area of west and serving chinese food .
what is the address ?
i am sorry but there is no place , in the area of west and serving chinese food .
thanks for your help , goodbye .
thank you , goodbye .
Reward: 0.7673099040985107

hello , welcome to the restaurant finding system . how may i help you ?
i need another restaurant .
what part of town do you have in mind ?
i prefer a venue in north .
what kind of food would you like ?
i need a indian venue .
would you like something in the cheap , moderate , or expensive price range ?
i want a venue in the expensive price range .
tandoori palace is a nice place , it is in the expensive price range , it serves indian food and it is in the north part of town .
thanks for your help , goodbye .
thank you , goodbye .
Reward: 0.7673099040985107

hello , welcome to the restaurant finding system . how may i help you ?
hi , i want to book a table
what part of town do you have in mind ?
i need a restaurant in centre .
what kind of food would you like ?
i need a international venue .
bloomsbury restaurant is a nice place , it is in the centre of town and it serves international food .
what is the address ?
would you like something in the cheap , moderate , or expensive price range ?
i want a venue in the expensive price range .
i am sorry but there is no place , in the area of centre , serving international food and in the expensive price range .
does it serve best selling single restaurant in the same part of town ?
i am sorry but there is no place , serving international food , in the area of centre and in the expensive price range .
thanks for your help , goodbye .
thank you , goodbye .
Reward: 0.7673099040985107

hello , welcome to the restaurant finding system . how may i help you ?
hi , i want to book a table
what part of town do you have in mind ?
i prefer a venue in west .
what kind of food would you like ?
everything is fine . any price range is okay .
what kind of food would you like ?
i need a venue in the moderate price range .
what kind of food would you like ?
i need a venue in the moderate price range serving moderate price range .
what kind of food would you like ?
i need a indian venue .
i am sorry but there is no place , serving indian food , in the area of west and in the moderate price range .
thanks for your help , goodbye .
thank you , goodbye .
Reward: 0.7673099040985107

hello , welcome to the restaurant finding system . how may i help you ?
hi , i want to book a table
what part of town do you have in mind ?
i prefer a venue in south .
what kind of food would you like ?
i need a chinese venue .
would you like something in the cheap , moderate , or expensive price range ?
i want a venue in the moderate price range .
i am sorry but there is no place , in the area of south , serving chinese food and in the moderate price range .
thanks for your help , goodbye .
thank you , goodbye .
Reward: 0.7673099040985107

hello , welcome to the restaurant finding system . how may i help you ?
hi , i want to book a table
what part of town do you have in mind ?
i prefer a venue in north .
what kind of food would you like ?
i need a british restaurant .
city stop restaurant is a nice place , it serves british food and it is in the north part of town .
what is the address ?
would you like something in the cheap , moderate , or expensive price range ?
i would like to book a table
city stop restaurant is a nice place , it serves british food and it is in the north part of town .
no , i am not looking for this . please show me another one .
i am sorry but there is no place other than city stop restaurant in the area of north and serving british food .
thanks for your help , goodbye .
thank you , goodbye .
Reward: 0.7673099040985107

hello , welcome to the restaurant finding system . how may i help you ?
hi , i want to book a table
what part of town do you have in mind ?
i prefer a venue in north .
what kind of food would you like ?
i want a venue in the expensive price range serving chinese food .
hakka is a nice place , it is in the north part of town , it is in the expensive price range and it serves chinese food .
thanks for your help , goodbye .
thank you , goodbye .
Reward: 0.7673099040985107

hello , welcome to the restaurant finding system . how may i help you ?
hi , i want to book a table
what part of town do you have in mind ?
i prefer a venue in east .
what kind of food would you like ?
i want a venue in the cheap price range .
the missing sock is a nice place , it is in the east part of town and it is in the cheap price range .
what is the address ?
what kind of food would you like ?
i want a venue in the expensive price range serving modern european food .
i am sorry but there is no place , in the area of east , serving european food and in the expensive price range .
thanks for your help , goodbye .
thank you , goodbye .
Reward: 0.7673099040985107

hello , welcome to the restaurant finding system . how may i help you ?
hi , i want to book a table
what part of town do you have in mind ?
i prefer a venue in centre .
what kind of food would you like ?
i need a european venue .
would you like something in the cheap , moderate , or expensive price range ?
i want a venue in the moderate price range .
galleria is a nice place , it is in the centre of town , it serves european food and it is in the moderate price range .
what is the address ?
can i help you with anything else ?
thanks for your help , goodbye .
thank you , goodbye .
Reward: 0.7673099040985107

hello , welcome to the restaurant finding system . how may i help you ?
hi , i want to book a table
what part of town do you have in mind ?
i prefer a venue in south .
what kind of food would you like ?
i need a chinese venue .
would you like something in the cheap , moderate , or expensive price range ?
i want a venue in the moderate price range .
i am sorry but there is no place , serving chinese food , in the area of south and in the moderate price range .
thanks for your help , goodbye .
thank you , goodbye .
Reward: 0.7788341045379639

hello , welcome to the restaurant finding system . how may i help you ?
hi , i want to book a table
what part of town do you have in mind ?
i prefer a venue in centre .
what kind of food would you like ?
i want a venue in the cheap price range serving chinese food .
golden house is a nice place , it is in the cheap price range , it is in the centre of town and it serves chinese food .
what is the address ?
can i help you with anything else ?
thanks for your help , goodbye .
thank you , goodbye .
Reward: 0.7788341045379639

hello , welcome to the restaurant finding system . how may i help you ?
hi , i want to book a table
what part of town do you have in mind ?
i prefer a venue in east .
what kind of food would you like ?
i want a venue in the moderate price range serving food .
what kind of food would you like ?
i want a venue in the expensive price range serving indian food .
pipasha restaurant is a nice place , it is in the expensive price range , it is in the east part of town and it serves indian food .
thanks for your help , goodbye .
thank you , goodbye .
Reward: 0.7788341045379639

hello , welcome to the restaurant finding system . how may i help you ?
hi , i want to book a table
what part of town do you have in mind ?
i prefer a venue in north .
what kind of food would you like ?
i need a british venue .
city stop restaurant is a nice place , it is in the north part of town and it serves british food .
what is the address ?
would you like something in the cheap , moderate , or expensive price range ?
i want a venue in the expensive price range .
city stop restaurant is a nice place , it is in the north part of town , it is in the expensive price range and it serves british food .
what is the address ?
can i help you with anything else ?
thanks for your help , goodbye .
thank you , goodbye .
Reward: 0.7788341045379639

hello , welcome to the restaurant finding system . how may i help you ?
hi , i want to book a table
what part of town do you have in mind ?
i prefer a venue in west .
what kind of food would you like ?
i want a venue in the moderate price range serving asian oriental food .
i am sorry but there is no place , serving asian oriental food , in the moderate price range and in the area of west .
what is the address ?
i am sorry but there is no place , in the area of west , in the moderate price range and serving asian oriental food .
thanks for your help , goodbye .
thank you , goodbye .
Reward: 0.7788341045379639

hello , welcome to the restaurant finding system . how may i help you ?
i need another restaurant .
what part of town do you have in mind ?
i prefer a venue in north .
what kind of food would you like ?
i need a chinese venue .
would you like something in the cheap , moderate , or expensive price range ?
i want a venue in the expensive price range .
hakka is a nice place , it serves chinese food , it is in the north part of town and it is in the expensive price range .
thanks for your help , goodbye .
thank you , goodbye .
Reward: 0.7788341045379639

hello , welcome to the restaurant finding system . how may i help you ?
hi , i want to book a table
what part of town do you have in mind ?
i prefer a venue in south .
what kind of food would you like ?
i need a chinese venue .
would you like something in the cheap , moderate , or expensive price range ?
i want a venue in the moderate price range .
i am sorry but there is no place , in the moderate price range , serving chinese food and in the area of south .
thanks for your help , goodbye .
thank you , goodbye .
Reward: 0.8712526559829712

hello , welcome to the restaurant finding system . how may i help you ?
hi , i want to book a table
what part of town do you have in mind ?
i prefer a venue in south .
what kind of food would you like ?
i need a chinese venue .
would you like something in the cheap , moderate , or expensive price range ?
i want a venue in the moderate price range .
i am sorry but there is no place , in the moderate price range , serving chinese food and in the area of south .
thanks for your help , goodbye .
thank you , goodbye .
Reward: 0.8712526559829712

hello , welcome to the restaurant finding system . how may i help you ?
i need another restaurant .
what part of town do you have in mind ?
i prefer a venue in north .
what kind of food would you like ?
i need a british venue .
city stop restaurant is a nice place , it serves british food and it is in the north part of town .
what is the address ?
would you like something in the cheap , moderate , or expensive price range ?
i want a venue in the expensive price range .
city stop restaurant is a nice place , it is in the expensive price range , it is in the north part of town and it serves british food .
well i know what is the address ?
can i help you with anything else ?
no , i am not looking for this . please show me another one .
i am sorry but there is no place other than city stop restaurant in the area of north , serving british food and in the expensive price range .
thanks for your help , goodbye .
thank you , goodbye .
Reward: 0.8712526559829712

hello , welcome to the restaurant finding system . how may i help you ?
i want a restaurant in the cheap price range and in the centre of town .
what kind of food would you like ?
i need a european venue .
i am sorry but there is no place , serving european food , in the cheap price range and in the area of centre .
thanks for your help , goodbye .
thank you , goodbye .
Reward: 0.8712526559829712

hello , welcome to the restaurant finding system . how may i help you ?
hi , i want to book a table
what part of town do you have in mind ?
i prefer a venue in south .
what kind of food would you like ?
i need a chinese venue .
would you like something in the cheap , moderate , or expensive price range ?
i want a venue in the moderate price range .
i am sorry but there is no place , serving chinese food , in the area of south and in the moderate price range .
thanks for your help , goodbye .
thank you , goodbye .
Reward: 0.8712526559829712

hello , welcome to the restaurant finding system . how may i help you ?
hi , i want to book a table
what part of town do you have in mind ?
i prefer a venue in north .
what kind of food would you like ?
it doesn ' t matter .
what kind of food would you like ?
i need a chinese venue .
would you like something in the cheap , moderate , or expensive price range ?
the expensive price range .
hakka is a nice place , it is in the expensive price range , it serves chinese food and it is in the north part of town .
thanks for your help , goodbye .
thank you , goodbye .
Reward: 0.6626679301261902

hello , welcome to the restaurant finding system . how may i help you ?
hi , i want to book a table
what part of town do you have in mind ?
it doesn ' t matter .
what part of town do you have in mind ?
i prefer a venue in north .
what kind of food would you like ?
i need a british venue .
city stop restaurant is a nice place , it is in the north part of town and it serves british food .
what is the address ?
would you like something in the cheap , moderate , or expensive price range ?
i want a venue in the expensive price range .
city stop restaurant is a nice place , it serves british food , it is in the north part of town and it is in the expensive price range .
no , i am not looking for this . please show me another one .
i am sorry but there is no place other than city stop restaurant in the expensive price range , serving british food and in the area of north .
thanks for your help , goodbye .
thank you , goodbye .
Reward: 0.6626679301261902

hello , welcome to the restaurant finding system . how may i help you ?
i want a restaurant in the moderate price range and in the centre of town .
what kind of food would you like ?
i need a international venue .
bloomsbury restaurant is a nice place , it is in the moderate price range , it is in the centre of town and it serves international food .
please tell me the address and the address .
can i help you with anything else ?
no , i want a venue in the expensive price range .
i am sorry but there is no place , in the area of centre , in the expensive price range and serving international food .
ok , i want a venue in the moderate price range .
bloomsbury restaurant is a nice place , it is in the centre of town , it is in the moderate price range and it serves international food .
what is the address ?
can i help you with anything else ?
thanks for your help , goodbye .
thank you , goodbye .
Reward: 0.6626679301261902

hello , welcome to the restaurant finding system . how may i help you ?
hi , i want to book a table
what part of town do you have in mind ?
i prefer a venue in north .
what kind of food would you like ?
it doesn ' t matter .
what kind of food would you like ?
i want a venue in the expensive price range serving chinese food .
hakka is a nice place , it is in the north part of town , it serves chinese food and it is in the expensive price range .
thanks for your help , goodbye .
thank you , goodbye .
Reward: 0.6626679301261902

hello , welcome to the restaurant finding system . how may i help you ?
hi , i want to book a table
what part of town do you have in mind ?
i prefer a venue in centre .
what kind of food would you like ?
i need a european venue .
would you like something in the cheap , moderate , or expensive price range ?
i want a venue in the moderate price range .
galleria is a nice place , it is in the centre of town , it serves european food and it is in the moderate price range .
please tell me the address and phone number of the restaurant .
can i help you with anything else ?
thanks for your help , goodbye .
thank you , goodbye .
Reward: 0.6626679301261902

hello , welcome to the restaurant finding system . how may i help you ?
hi , i want to book a table
what part of town do you have in mind ?
i prefer a venue in south .
what kind of food would you like ?
i need a chinese venue .
would you like something in the cheap , moderate , or expensive price range ?
i want a venue in the moderate price range .
i am sorry but there is no place , in the moderate price range , serving chinese food and in the area of south .
wait , i want a restaurant in the expensive price range .
the good luck chinese food takeaway is a nice place , it is in the expensive price range , it is in the south part of town and it serves chinese food .
thanks for your help , goodbye .
thank you , goodbye .
Reward: 0.6626679301261902

hello , welcome to the restaurant finding system . how may i help you ?
hi , i want to book a table
what part of town do you have in mind ?
it doesn ' t matter .
what part of town do you have in mind ?
i prefer a venue in north .
what kind of food would you like ?
i want a venue in the european other .
i am sorry but there is no place , serving european food and in the area of north .
what is the address ?
i am sorry but there is no place , in the area of north and serving european food .
what is the address of the restaurant ?
i am sorry but there is no place , serving european food and in the area of north .
thanks for your help , goodbye .
thank you , goodbye .
Reward: 0.6626679301261902

hello , welcome to the restaurant finding system . how may i help you ?
hi , i want to book a table
what part of town do you have in mind ?
i prefer a venue in south .
what kind of food would you like ?
i need a chinese venue .
would you like something in the cheap , moderate , or expensive price range ?
i want a restaurant in the expensive price range .
the good luck chinese food takeaway is a nice place , it is in the south part of town , it is in the expensive price range and it serves chinese food .
wait , i want to book a table
the good luck chinese food takeaway is a nice place , it serves chinese food , it is in the expensive price range and it is in the south part of town .
thanks for your help , goodbye .
thank you , goodbye .
Reward: 0.7729550004005432

hello , welcome to the restaurant finding system . how may i help you ?
hi , i want to book a table
what part of town do you have in mind ?
everything is fine . i want a venue in the expensive price range serving tomatoes .
what part of town do you have in mind ?
i prefer a venue in south .
what kind of food would you like ?
i need a venue in the moderate price range .
what kind of food would you like ?
i want a venue in the expensive price range serving british food .
i am sorry but there is no place , in the expensive price range , in the area of south and serving british food .
what is the address ?
i am sorry but there is no place , in the area of south , in the expensive price range and serving british food .
thanks for your help , goodbye .
thank you , goodbye .
Reward: 0.7729550004005432

hello , welcome to the restaurant finding system . how may i help you ?
hi , i want to book a table
what part of town do you have in mind ?
i want a venue in the moderate price range and in the centre of town .
what kind of food would you like ?
i need a international venue .
bloomsbury restaurant is a nice place , it is in the centre of town , it is in the moderate price range and it serves international food .
i want a venue in the moderate price range .
bloomsbury restaurant is a nice place , it serves international food , it is in the moderate price range and it is in the centre of town .
what is the phone number of the restaurant ?
can i help you with anything else ?
thanks for your help , goodbye .
thank you , goodbye .
Reward: 0.7729550004005432

hello , welcome to the restaurant finding system . how may i help you ?
hi , i want to book a table
what part of town do you have in mind ?
i prefer a venue in south .
what kind of food would you like ?
i need a chinese venue .
would you like something in the cheap , moderate , or expensive price range ?
it doesn ' t matter .
would you like something in the cheap , moderate , or expensive price range ?
i want a venue in the expensive price range .
the good luck chinese food takeaway is a nice place , it is in the expensive price range , it is in the south part of town and it serves chinese food .
thanks for your help , goodbye .
thank you , goodbye .
Reward: 0.7729550004005432

hello , welcome to the restaurant finding system . how may i help you ?
hi , i want to book a table
what part of town do you have in mind ?
i prefer a venue in west .
what kind of food would you like ?
i need a british venue .
would you like something in the cheap , moderate , or expensive price range ?
i want a venue in the expensive price range .
graffiti is a nice place , it is in the expensive price range , it is in the west part of town and it serves british food .
what is the address ?
can i help you with anything else ?
thanks for your help , goodbye .
thank you , goodbye .
Reward: 0.7729550004005432

hello , welcome to the restaurant finding system . how may i help you ?
i need a restaurant in centre .
what kind of food would you like ?
i want a restaurant in the expensive price range serving british food .
midsummer house restaurant is a nice place , it serves british food , it is in the centre of town and it is in the expensive price range .
what is the address ?
midsummer house restaurant is a nice place their address is midsummer common .
thanks for your help , goodbye .
thank you , goodbye .
Reward: 0.7729550004005432

hello , welcome to the restaurant finding system . how may i help you ?
hi , i want to book a table
what part of town do you have in mind ?
i prefer a venue in west .
what kind of food would you like ?
i need a chinese venue .
i am sorry but there is no place , in the area of west and serving chinese food .
what is the address ?
i am sorry but there is no place , serving chinese food and in the area of west .
thanks a few , i need a turkish venue .
i am sorry but there is no place , in the area of west and serving turkish food .
goodbye .
thank you , goodbye .
Reward: 0.6859639286994934

hello , welcome to the restaurant finding system . how may i help you ?
hi , i want to book a table
what part of town do you have in mind ?
i want a venue in the moderate price range and in the south of town .
what kind of food would you like ?
i need a indian venue .
i am sorry but there is no place , in the moderate price range , serving indian food and in the area of south .
thanks for your help , goodbye .
thank you , goodbye .
Reward: 0.6859639286994934

hello , welcome to the restaurant finding system . how may i help you ?
hi , i want to book a table
what part of town do you have in mind ?
i prefer a venue in centre .
what kind of food would you like ?
i want a venue in the expensive price range serving british food .
midsummer house restaurant is a nice place , it is in the expensive price range , it is in the centre of town and it serves british food .
what is the address ?
can i help you with anything else ?
thanks for your help , goodbye .
thank you , goodbye .
Reward: 0.6859639286994934

hello , welcome to the restaurant finding system . how may i help you ?
hi , i want to book a table
what part of town do you have in mind ?
i prefer a venue in south .
what kind of food would you like ?
i want a venue in the moderate price range serving chinese food .
i am sorry but there is no place , in the area of south , serving chinese food and in the moderate price range .
thanks for the help , goodbye .
thank you , goodbye .
Reward: 0.6859639286994934

hello , welcome to the restaurant finding system . how may i help you ?
hi , i want to book a table
what part of town do you have in mind ?
i prefer a venue in west .
what kind of food would you like ?
i need a chinese venue .
i am sorry but there is no place , serving chinese food and in the area of west .
what is the restaurant no ?
i am sorry but there is no place , in the area of west and serving chinese food .
thanks for your help , goodbye .
thank you , goodbye .
Reward: 0.6859639286994934

hello , welcome to the restaurant finding system . how may i help you ?
hi , i want to book a table
what part of town do you have in mind ?
i want a venue in the moderate price range and in the centre of town .
what kind of food would you like ?
i need a international venue .
bloomsbury restaurant is a nice place , it serves international food , it is in the moderate price range and it is in the centre of town .
what is the address ?
can i help you with anything else ?
thanks for your help , goodbye .
thank you , goodbye .
Reward: 0.6859639286994934

hello , welcome to the restaurant finding system . how may i help you ?
hi , i want to book a table
what part of town do you have in mind ?
it doesn ' t matter .
what part of town do you have in mind ?
i prefer a venue in north .
what kind of food would you like ?
i need a mediterranean venue .
i am sorry but there is no place , in the area of north and serving mediterranean food .
what is the address ?
i am sorry but there is no place , serving mediterranean food and in the area of north .
what is the address ?
i am sorry but there is no place , in the area of north and serving mediterranean food .
thanks for your help , goodbye .
thank you , goodbye .
Reward: 0.8646740913391113

hello , welcome to the restaurant finding system . how may i help you ?
hi , i want to book a table
what part of town do you have in mind ?
i prefer a venue in centre .
what kind of food would you like ?
i need a international venue .
bloomsbury restaurant is a nice place , it is in the centre of town and it serves international food .
what is the address ?
would you like something in the cheap , moderate , or expensive price range ?
i want a venue in the moderate price range .
bloomsbury restaurant is a nice place , it serves international food , it is in the moderate price range and it is in the centre of town .
what is the address of those restaurant ?
can i help you with anything else ?
thanks for your help , goodbye .
thank you , goodbye .
Reward: 0.8646740913391113

hello , welcome to the restaurant finding system . how may i help you ?
hi , i want to book a table
what part of town do you have in mind ?
it doesn ' t matter .
what part of town do you have in mind ?
i prefer a venue in centre .
what kind of food would you like ?
i need a restaurant in the moderate price range serving chinese food .
shanghai family restaurant is a nice place , it serves chinese food , it is in the moderate price range and it is in the centre of town .
thanks for your help , goodbye .
thank you , goodbye .
Reward: 0.8646740913391113

hello , welcome to the restaurant finding system . how may i help you ?
i need another restaurant .
what part of town do you have in mind ?
i prefer a venue in north .
what kind of food would you like ?
i need a indian venue .
would you like something in the cheap , moderate , or expensive price range ?
i want a restaurant in the cheap price range .
royal spice is a nice place , it serves indian food , it is in the cheap price range and it is in the north part of town .
no , i am not looking for this . please show me another one .
i am sorry but there is no place other than royal spice in the cheap price range , serving indian food and in the area of north .
wait , i am not looking for this . please show me another one .
royal spice is a nice place , it is in the cheap price range , it is in the north part of town and it serves indian food .
thanks for your help , goodbye .
thank you , goodbye .
Reward: 0.8646740913391113

hello , welcome to the restaurant finding system . how may i help you ?
hi , i want to book a table
what part of town do you have in mind ?
i prefer a venue in south .
what kind of food would you like ?
i need a chinese venue .
would you like something in the cheap , moderate , or expensive price range ?
i want a venue in the moderate price range .
i am sorry but there is no place , in the moderate price range , in the area of south and serving chinese food .
thanks for your help , goodbye .
thank you , goodbye .
Reward: 0.8646740913391113

hello , welcome to the restaurant finding system . how may i help you ?
hi , i want to book a table
what part of town do you have in mind ?
i prefer a venue in east .
what kind of food would you like ?
i need a chinese venue .
yu garden is a nice place , it serves chinese food and it is in the east part of town .
what is the address ?
would you like something in the cheap , moderate , or expensive price range ?
any price range is okay .
yu garden is a nice place , it is in the east part of town , it serves chinese food and it is in the expensive price range .
what is the address ?
can i help you with anything else ?
thanks for your help , goodbye .
thank you , goodbye .
Reward: 0.8789021372795105

hello , welcome to the restaurant finding system . how may i help you ?
i need another restaurant .
what part of town do you have in mind ?
i prefer a venue in centre .
what kind of food would you like ?
i need a european venue .
would you like something in the cheap , moderate , or expensive price range ?
i want a restaurant in the expensive price range .
michaelhouse cafe is a nice place , it is in the expensive price range , it serves european food and it is in the centre of town .
thanks for your help , goodbye .
thank you , goodbye .
Reward: 0.8789021372795105

hello , welcome to the restaurant finding system . how may i help you ?
hi , i want to book a table
what part of town do you have in mind ?
i prefer a venue in centre .
what kind of food would you like ?
i want a restaurant in the moderate price range serving chinese food .
shanghai family restaurant is a nice place , it is in the centre of town , it is in the moderate price range and it serves chinese food .
thanks for your help , goodbye .
thank you , goodbye .
Reward: 0.8789021372795105

hello , welcome to the restaurant finding system . how may i help you ?
hi , i want to book a table
what part of town do you have in mind ?
i prefer a venue in south .
what kind of food would you like ?
it doesn ' t matter .
what kind of food would you like ?
i want a venue in the expensive price range serving chinese food .
the good luck chinese food takeaway is a nice place , it serves chinese food , it is in the south part of town and it is in the expensive price range .
thanks for your help , goodbye .
thank you , goodbye .
Reward: 0.8789021372795105

hello , welcome to the restaurant finding system . how may i help you ?
hi , i want to book a table
what part of town do you have in mind ?
i prefer a venue in north .
what kind of food would you like ?
i need a british restaurant .
city stop restaurant is a nice place , it serves british food and it is in the north part of town .
what is the address ?
would you like something in the cheap , moderate , or expensive price range ?
i want a restaurant in the expensive price range .
city stop restaurant is a nice place , it serves british food , it is in the north part of town and it is in the expensive price range .
thanks for your help , goodbye .
thank you , goodbye .
Reward: 0.7602553963661194

hello , welcome to the restaurant finding system . how may i help you ?
hi , i want to book a table
what part of town do you have in mind ?
i prefer a venue in centre .
what kind of food would you like ?
i need a international venue .
bloomsbury restaurant is a nice place , it is in the centre of town and it serves international food .
what is the address ?
would you like something in the cheap , moderate , or expensive price range ?
i want a venue in the moderate price range .
bloomsbury restaurant is a nice place , it is in the centre of town , it is in the moderate price range and it serves international food .
i want a venue in the moderate price range .
can i help you with anything else ?
no , thanks for your help , goodbye .
thank you , goodbye .
Reward: 0.7602553963661194

hello , welcome to the restaurant finding system . how may i help you ?
hi , i want to book a table
what part of town do you have in mind ?
i want a venue in the moderate price range and in the centre of town .
what kind of food would you like ?
i need a international venue .
bloomsbury restaurant is a nice place , it serves international food , it is in the moderate price range and it is in the centre of town .
what is the phone number of the restaurant ?
can i help you with anything else ?
thanks for your help , goodbye .
thank you , goodbye .
Reward: 0.7602553963661194

hello , welcome to the restaurant finding system . how may i help you ?
hi , i want to book a table
what part of town do you have in mind ?
i want a venue in the cheap price range and in the centre of town .
what kind of food would you like ?
i need a international venue .
i am sorry but there is no place , in the cheap price range , in the area of centre and serving international food .
what is the phone number of the restaurant ?
i am sorry but there is no place , in the cheap price range , serving international food and in the area of centre .
thanks for your help , goodbye .
thank you , goodbye .
Reward: 0.7602553963661194

hello , welcome to the restaurant finding system . how may i help you ?
hi , i want to book a table
what part of town do you have in mind ?
i prefer a venue in west .
what kind of food would you like ?
i want a venue in the cheap price range serving turkish food .
i am sorry but there is no place , in the cheap price range , serving turkish food and in the area of west .
what is the address ?
i am sorry but there is no place , in the cheap price range , serving turkish food and in the area of west .
what is the phone number of the restaurant ?
i am sorry but there is no place , serving turkish food , in the cheap price range and in the area of west .
what is the best selling another one ?
i am sorry but there is no place , in the cheap price range , serving turkish food and in the area of west .
wait , i want something else . i want a venue serving any kind of food .
la margherita is a nice place , it serves italian food , it is in the cheap price range and it is in the west part of town .
thanks for your help , goodbye .
thank you , goodbye .
Reward: 0.7602553963661194

hello , welcome to the restaurant finding system . how may i help you ?
i want a restaurant in the moderate price range and in the west of town .
what kind of food would you like ?
i want a venue in the moderate price range .
what kind of food would you like ?
i need a indian venue .
i am sorry but there is no place , in the moderate price range , in the area of west and serving indian food .
thanks for your help , goodbye .
thank you , goodbye .
Reward: 0.3796321153640747

hello , welcome to the restaurant finding system . how may i help you ?
i need another restaurant .
what part of town do you have in mind ?
i prefer a venue in north .
what kind of food would you like ?
i need a chinese venue .
would you like something in the cheap , moderate , or expensive price range ?
i want a venue in the moderate price range .
golden wok is a nice place , it is in the moderate price range , it is in the north part of town and it serves chinese food .
what is the address ?
can i help you with anything else ?
wait , i want a venue in the expensive price range and in the expensive .
hakka is a nice place , it is in the north part of town , it serves chinese food and it is in the expensive price range .
thanks for your help , goodbye .
thank you , goodbye .
Reward: 0.3796321153640747

hello , welcome to the restaurant finding system . how may i help you ?
hi , i want to book a table
what part of town do you have in mind ?
i prefer a venue in north .
what kind of food would you like ?
i need a chinese venue .
would you like something in the cheap , moderate , or expensive price range ?
i want a venue in the expensive price range .
hakka is a nice place , it is in the north part of town , it serves chinese food and it is in the expensive price range .
thanks for your help , goodbye .
thank you , goodbye .
Reward: 0.3796321153640747

hello , welcome to the restaurant finding system . how may i help you ?
hi , i want to book a table
what part of town do you have in mind ?
i prefer a venue in south .
what kind of food would you like ?
i need a chinese venue .
would you like something in the cheap , moderate , or expensive price range ?
i want a restaurant in the moderate price range .
i am sorry but there is no place , serving chinese food , in the moderate price range and in the area of south .
thanks for your help , goodbye .
thank you , goodbye .
Reward: 0.3796321153640747

hello , welcome to the restaurant finding system . how may i help you ?
hi , i want to book a table
what part of town do you have in mind ?
i prefer a venue in north .
what kind of food would you like ?
i need a chinese venue .
would you like something in the cheap , moderate , or expensive price range ?
i want a venue in the expensive price range .
hakka is a nice place , it is in the north part of town , it is in the expensive price range and it serves chinese food .
what is the phone number of the restaurant ?
can i help you with anything else ?
please tell me another one and the cheap price range .
i am sorry but there is no place , in the area of north , serving chinese food and in the cheap price range .
thanks for your help , goodbye .
thank you , goodbye .
Reward: 0.3796321153640747

hello , welcome to the restaurant finding system . how may i help you ?
hi , i want to book a table
what part of town do you have in mind ?
i prefer a venue in south .
what kind of food would you like ?
i need a chinese venue .
would you like something in the cheap , moderate , or expensive price range ?
it doesn ' t matter .
would you like something in the cheap , moderate , or expensive price range ?
i want a venue in the expensive price range .
the good luck chinese food takeaway is a nice place , it serves chinese food , it is in the south part of town and it is in the expensive price range .
thanks for your help , goodbye .
thank you , goodbye .
Reward: 0.3796321153640747

hello , welcome to the restaurant finding system . how may i help you ?
hi , i want to book a table
what part of town do you have in mind ?
i want a venue in the moderate price range and in the centre of town .
what kind of food would you like ?
i need a british venue .
cotto is a nice place , it serves british food , it is in the moderate price range and it is in the centre of town .
what is the address ?
can i help you with anything else ?
no , i am not looking for this . please show me another one .
restaurant one seven is a nice place , it serves british food , it is in the centre of town and it is in the moderate price range .
thanks for your help , goodbye .
thank you , goodbye .
Reward: 0.3796321153640747

hello , welcome to the restaurant finding system . how may i help you ?
hi , i want to book a table
what part of town do you have in mind ?
i prefer a venue in centre .
what kind of food would you like ?
i need a international venue .
bloomsbury restaurant is a nice place , it is in the centre of town and it serves international food .
what is the phone number of the restaurant ?
would you like something in the cheap , moderate , or expensive price range ?
i want a venue in the moderate price range .
bloomsbury restaurant is a nice place , it is in the centre of town , it is in the moderate price range and it serves international food .
i want a venue in the expensive price range .
can i help you with anything else ?
thanks for your help , goodbye .
thank you , goodbye .
Reward: 0.3796321153640747

hello , welcome to the restaurant finding system . how may i help you ?
hi , i want to book a table
what part of town do you have in mind ?
i prefer a venue in south .
what kind of food would you like ?
it doesn ' t matter .
what kind of food would you like ?
i want a venue in the moderate price range serving turkish food .
i am sorry but there is no place , serving turkish food , in the area of south and in the moderate price range .
i need something else . i want something else . i want a venue serving any kind of food .
pizza hut cherry hinton is a nice place , it serves italian food , it is in the moderate price range and it is in the south part of town .
no , i am not looking for this . please show me another one .
restaurant alimentum is a nice place , it serves modern european food , it is in the south part of town and it is in the moderate price range .
thanks for your help , goodbye .
thank you , goodbye .
Reward: 0.3796321153640747

hello , welcome to the restaurant finding system . how may i help you ?
hi , i want to book a table
what part of town do you have in mind ?
i prefer a venue in centre .
what kind of food would you like ?
i need a european venue .
would you like something in the cheap , moderate , or expensive price range ?
i want a venue in the moderate price range .
galleria is a nice place , it is in the moderate price range , it serves european food and it is in the centre of town .
thanks for your help , goodbye .
thank you , goodbye .
Reward: 0.3796321153640747

hello , welcome to the restaurant finding system . how may i help you ?
hi , i want to book a table
what part of town do you have in mind ?
i prefer a venue in centre .
what kind of food would you like ?
i want a venue in the expensive price range serving british food .
midsummer house restaurant is a nice place , it is in the expensive price range , it serves british food and it is in the centre of town .
what is the phone number of the restaurant ?
can i help you with anything else ?
thanks for your help , goodbye .
thank you , goodbye .
Reward: 0.6715643405914307

hello , welcome to the restaurant finding system . how may i help you ?
hi , i want to book a table
what part of town do you have in mind ?
i want a venue in any part of town .
what kind of food would you like ?
i want a venue in the moderate price range serving food .
what kind of food would you like ?
i want a venue in the moderate price range serving cheap food .
what kind of food would you like ?
i need a indian venue .
the gandhi is a nice place , it serves indian food , it is in the centre of town and it is in the cheap price range .
thanks for your help , goodbye .
thank you , goodbye .
Reward: 0.6715643405914307

hello , welcome to the restaurant finding system . how may i help you ?
hi , i want to book a table
what part of town do you have in mind ?
i prefer a venue in centre .
what kind of food would you like ?
i need a italian venue .
would you like something in the cheap , moderate , or expensive price range ?
i want a venue in the moderate price range .
pizza express fen ditton is a nice place , it is in the moderate price range , it serves italian food and it is in the centre of town .
i need another restaurant .
pizza express fen ditton is a nice place , it is in the moderate price range , it is in the centre of town and it serves italian food .
thanks for your help , goodbye .
thank you , goodbye .
Reward: 0.6715643405914307

hello , welcome to the restaurant finding system . how may i help you ?
hi , i want to book a table
what part of town do you have in mind ?
i prefer a venue in north .
what kind of food would you like ?
i need a chinese venue .
would you like something in the cheap , moderate , or expensive price range ?
i want a venue in the expensive price range .
hakka is a nice place , it serves chinese food , it is in the expensive price range and it is in the north part of town .
thanks for your help , goodbye .
thank you , goodbye .
Reward: 0.6715643405914307

hello , welcome to the restaurant finding system . how may i help you ?
hi , i want to book a table
what part of town do you have in mind ?
i prefer a venue in west .
what kind of food would you like ?
i need a turkish venue .
i am sorry but there is no place , serving turkish food and in the area of west .
what is the best selling 35 monsters in ?
i am sorry but there is no place , in the area of west and serving turkish food .
i want a venue in the moderate price range serving modern european food .
i am sorry but there is no place , in the area of west , in the moderate price range and serving european food .
wait , i want something else . i want a venue in any part of town .
galleria is a nice place , it is in the moderate price range , it is in the centre of town and it serves european food .
please tell me the address and phone number of the restaurant .
can i help you with anything else ?
no , i am not looking for this . please show me another one .
hotel du vin and bistro is a nice place , it is in the centre of town , it is in the moderate price range and it serves european food .
thanks for your help , goodbye .
thank you , goodbye .
Reward: 0.6715643405914307

hello , welcome to the restaurant finding system . how may i help you ?
i need another restaurant .
what part of town do you have in mind ?
it doesn ' t matter .
what part of town do you have in mind ?
i prefer a venue in north .
what kind of food would you like ?
i need a mediterranean venue .
i am sorry but there is no place , serving mediterranean food and in the area of north .
what is the best selling single restaurant in the same part of town ?
i am sorry but there is no place , in the area of north and serving mediterranean food .
what is the best selling shiraz restaurant ?
shiraz restaurant is a nice place it is in the centre of town .
thanks for your help , goodbye .
thank you , goodbye .
Reward: 0.6715643405914307

hello , welcome to the restaurant finding system . how may i help you ?
hi , i want to book a table
what part of town do you have in mind ?
i want a venue in the moderate price range and in the centre of town .
what kind of food would you like ?
i need a international venue .
bloomsbury restaurant is a nice place , it serves international food , it is in the centre of town and it is in the moderate price range .
what is the address ?
can i help you with anything else ?
thanks for your help , goodbye .
thank you , goodbye .
Reward: 0.7895146012306213

hello , welcome to the restaurant finding system . how may i help you ?
hi , i want to book a table
what part of town do you have in mind ?
it doesn ' t matter .
what part of town do you have in mind ?
i prefer a venue in north .
what kind of food would you like ?
i need a turkish venue .
i am sorry but there is no place , in the area of north and serving turkish food .
what is the best selling this in the same restaurant .
i am sorry but there is no place , serving turkish food and in the area of north .
what is the address ?
i am sorry but there is no place , in the area of north and serving turkish food .
i need a european restaurant .
i am sorry but there is no place , serving european food and in the area of north .
thanks for your help , goodbye .
thank you , goodbye .
Reward: 0.7895146012306213

hello , welcome to the restaurant finding system . how may i help you ?
hi , i want to book a table
what part of town do you have in mind ?
i prefer a venue in north .
what kind of food would you like ?
i need a chinese venue .
would you like something in the cheap , moderate , or expensive price range ?
i want a restaurant in the expensive price range .
hakka is a nice place , it serves chinese food , it is in the north part of town and it is in the expensive price range .
thanks for your help , goodbye .
thank you , goodbye .
Reward: 0.7895146012306213

hello , welcome to the restaurant finding system . how may i help you ?
hi , i want to book a table
what part of town do you have in mind ?
i prefer a venue in centre .
what kind of food would you like ?
i need a italian venue .
would you like something in the cheap , moderate , or expensive price range ?
i want a venue in the moderate price range .
pizza express fen ditton is a nice place , it serves italian food , it is in the moderate price range and it is in the centre of town .
i need another restaurant .
pizza express fen ditton is a nice place , it is in the moderate price range , it serves italian food and it is in the centre of town .
please tell me the address damaged
can i help you with anything else ?
thanks for your help , goodbye .
thank you , goodbye .
Reward: 0.7895146012306213

hello , welcome to the restaurant finding system . how may i help you ?
hi , i want to book a table
what part of town do you have in mind ?
i prefer a venue in centre .
what kind of food would you like ?
i need a european venue .
would you like something in the cheap , moderate , or expensive price range ?
i want a venue in the moderate price range .
galleria is a nice place , it is in the centre of town , it is in the moderate price range and it serves european food .
please tell me the address and phone number of the restaurant .
can i help you with anything else ?
thanks for your help , goodbye .
thank you , goodbye .
Reward: 0.7895146012306213

hello , welcome to the restaurant finding system . how may i help you ?
hi , i want to book a table
what part of town do you have in mind ?
i prefer a venue in centre .
what kind of food would you like ?
i need a british venue .
would you like something in the cheap , moderate , or expensive price range ?
i want a venue in the expensive price range .
midsummer house restaurant is a nice place , it serves british food , it is in the centre of town and it is in the expensive price range .
what is the phone number of the restaurant ?
can i help you with anything else ?
thanks for your help , goodbye .
thank you , goodbye .
Reward: 0.7895146012306213

