hello , welcome to the restaurant finding system . how may i help you ?
hi , i want to book a table
what part of town do you have in mind ?
i prefer a venue in north .
what kind of food would you like ?
i want a venue in the moderate price range serving chinese food .
golden wok is a nice place , it serves chinese food , it is in the north part of town and it is in the moderate price range .
what is the address ?
can i help you with anything else ?
wait , i want something else . thanks for your help , goodbye .
thank you , goodbye .
Reward: 0.8145650029182434

hello , welcome to the restaurant finding system . how may i help you ?
hi , i want to book a table
what part of town do you have in mind ?
i prefer a venue in centre .
what kind of food would you like ?
i need a european venue .
would you like something in the cheap , moderate , or expensive price range ?
i want a venue in the moderate price range .
galleria is a nice place , it is in the moderate price range , it is in the centre of town and it serves european food .
what is the address of my restaurant ?
can i help you with anything else ?
Reward: 0.8145650029182434

hello , welcome to the restaurant finding system . how may i help you ?
hi , i want to book a table
what part of town do you have in mind ?
i prefer a venue in centre .
what kind of food would you like ?
i need a indian venue .
would you like something in the cheap , moderate , or expensive price range ?
i want a venue in the moderate price range .
i am sorry but there is no place , serving indian food , in the moderate price range and in the area of centre .
thanks for your help , goodbye .
thank you , goodbye .
Reward: 0.8145650029182434

hello , welcome to the restaurant finding system . how may i help you ?
i need a european restaurant .
what part of town do you have in mind ?
i prefer a venue in centre .
would you like something in the cheap , moderate , or expensive price range ?
i want a venue in any price range and in any part of town .
galleria is a nice place , it serves european food , it is in the centre of town and it is in the moderate price range .
thanks for your help , goodbye .
thank you , goodbye .
Reward: 0.8145650029182434

hello , welcome to the restaurant finding system . how may i help you ?
i need another restaurant .
what part of town do you have in mind ?
i need a restaurant in centre .
what kind of food would you like ?
i need a indian venue .
would you like something in the cheap , moderate , or expensive price range ?
i want a venue in the expensive price range and in the expensive .
curry garden is a nice place , it is in the centre of town , it serves indian food and it is in the expensive price range .
thanks for your help , goodbye .
thank you , goodbye .
Reward: 0.8145650029182434

hello , welcome to the restaurant finding system . how may i help you ?
hi , i want to book a table
what part of town do you have in mind ?
i am ok with everything . i want a restaurant in the moderate price range .
what part of town do you have in mind ?
i prefer a venue in centre .
what kind of food would you like ?
i ' m a few , i want to book a table
what kind of food would you like ?
i want a restaurant in the moderate price range serving chinese food .
shanghai family restaurant is a nice place , it is in the centre of town , it is in the moderate price range and it serves chinese food .
Reward: 0.8402365446090698

hello , welcome to the restaurant finding system . how may i help you ?
i need another restaurant .
what part of town do you have in mind ?
everything is fine . i want a venue serving restaurant .
what part of town do you have in mind ?
i prefer a venue in centre .
what kind of food would you like ?
i need a indian venue .
would you like something in the cheap , moderate , or expensive price range ?
i want a venue in the moderate price range .
i am sorry but there is no place , in the moderate price range , serving indian food and in the area of centre .
Reward: 0.8402365446090698

hello , welcome to the restaurant finding system . how may i help you ?
hi , i want to book a table
what part of town do you have in mind ?
i prefer a venue in centre .
what kind of food would you like ?
i need a european venue .
would you like something in the cheap , moderate , or expensive price range ?
i want a venue in the moderate price range .
galleria is a nice place , it serves european food , it is in the moderate price range and it is in the centre of town .
thanks for your help , goodbye .
thank you , goodbye .
Reward: 0.8402365446090698

hello , welcome to the restaurant finding system . how may i help you ?
hi , i want to book a table
what part of town do you have in mind ?
i prefer a venue in centre .
what kind of food would you like ?
i need a european venue .
would you like something in the cheap , moderate , or expensive price range ?
it doesn ' t matter .
would you like something in the cheap , moderate , or expensive price range ?
i want a venue in the expensive price range .
michaelhouse cafe is a nice place , it is in the expensive price range , it is in the centre of town and it serves european food .
Reward: 0.8402365446090698

hello , welcome to the restaurant finding system . how may i help you ?
hi , i want to book a table
what part of town do you have in mind ?
i prefer a part of town .
what part of town do you have in mind ?
i want a venue in the moderate price range .
what part of town do you have in mind ?
i want a venue in the moderate price range .
what part of town do you have in mind ?
i want a venue in the moderate price range of town .
what part of town do you have in mind ?
Reward: 0.8402365446090698

hello , welcome to the restaurant finding system . how may i help you ?
i need another restaurant .
what part of town do you have in mind ?
i prefer a venue in south .
what kind of food would you like ?
i want a venue in the moderate price range serving labrador .
what kind of food would you like ?
i want a venue in the expensive price range serving moderate price range .
what kind of food would you like ?
i want a venue in the moderate price range .
what kind of food would you like ?
Reward: 0.9003887176513672

hello , welcome to the restaurant finding system . how may i help you ?
hi , i want to book a table
what part of town do you have in mind ?
i prefer a venue in south .
what kind of food would you like ?
i need a chinese venue .
would you like something in the cheap , moderate , or expensive price range ?
i want a venue in the moderate price range .
i am sorry but there is no place , in the moderate price range , serving chinese food and in the area of south .
you doesn ' t matter .
i am sorry but there is no place , in the area of south , serving chinese food and in the moderate price range .
Reward: 0.9003887176513672

hello , welcome to the restaurant finding system . how may i help you ?
hi , i want to book a table
what part of town do you have in mind ?
i prefer a venue in centre .
what kind of food would you like ?
i need a european venue .
would you like something in the cheap , moderate , or expensive price range ?
i want a venue in the moderate price range .
galleria is a nice place , it is in the moderate price range , it is in the centre of town and it serves european food .
i need a restaurant in the moderate price range .
galleria is a nice place , it is in the centre of town , it is in the moderate price range and it serves european food .
Reward: 0.9003887176513672

hello , welcome to the restaurant finding system . how may i help you ?
i want a restaurant in the moderate price range and in the centre of town .
what kind of food would you like ?
i need a client about a few in the west of town .
what kind of food would you like ?
i want a few in the expensive price range serving moderate price range .
what kind of food would you like ?
i need another restaurant .
what kind of food would you like ?
i want a restaurant serving tomatoes, . * goodbye .
thank you , goodbye .
Reward: 0.9003887176513672

hello , welcome to the restaurant finding system . how may i help you ?
hi , i want to book a table
what part of town do you have in mind ?
i prefer a venue in centre .
what kind of food would you like ?
i need a european venue .
would you like something in the cheap , moderate , or expensive price range ?
i need a european venue .
would you like something in the cheap , moderate , or expensive price range ?
i want a venue in the expensive price range .
michaelhouse cafe is a nice place , it is in the centre of town , it serves european food and it is in the expensive price range .
Reward: 0.9003887176513672

hello , welcome to the restaurant finding system . how may i help you ?
i need a restaurant in centre .
what kind of food would you like ?
i need a turkish venue .
would you like something in the cheap , moderate , or expensive price range ?
i want a venue in the moderate price range .
efes restaurant is a nice place , it serves turkish food , it is in the moderate price range and it is in the centre of town .
wait , i want something else . i want a venue in the expensive price range .
meze bar restaurant is a nice place , it serves turkish food , it is in the expensive price range and it is in the centre of town .
wait , i want a venue in the expensive price range .
meze bar restaurant is a nice place , it serves turkish food , it is in the expensive price range and it is in the centre of town .
Reward: 0.8065826296806335

hello , welcome to the restaurant finding system . how may i help you ?
i need a restaurant in centre .
what kind of food would you like ?
i want a venue in the moderate price range serving german food .
i am sorry but there is no place , in the moderate price range , in the area of centre and serving german food .
thanks for your help , goodbye .
thank you , goodbye .
Reward: 0.8065826296806335

hello , welcome to the restaurant finding system . how may i help you ?
i want a restaurant in any restaurant .
what part of town do you have in mind ?
i prefer a venue in north .
what kind of food would you like ?
i need a chinese venue .
would you like something in the cheap , moderate , or expensive price range ?
i want a venue in the expensive price range .
hakka is a nice place , it serves chinese food , it is in the expensive price range and it is in the north part of town .
that is what it is in the expensive price range .
hakka is a nice place , it is in the north part of town , it is in the expensive price range and it serves chinese food .
Reward: 0.8065826296806335

hello , welcome to the restaurant finding system . how may i help you ?
i need a mediterranean restaurant .
what part of town do you have in mind ?
i am not looking for a restaurant in east .
i am sorry but there is no place , in the area of east and serving mediterranean food .
oh , i ' m a few , i want to book a table
i am sorry but there is no place , in the area of east and serving mediterranean food .
what is the phone number of shiraz restaurant ?
shiraz restaurant is a nice place their phone number is 0 1223 307581 .
what is the address ?
shiraz restaurant is a nice place their address is 84 regent street city centre .
Reward: 0.8065826296806335

hello , welcome to the restaurant finding system . how may i help you ?
hi , i want to book a table
what part of town do you have in mind ?
i prefer a venue in south .
what kind of food would you like ?
you , i want to book a table
what kind of food would you like ?
i want a restaurant in the expensive price range serving chinese food .
the good luck chinese food takeaway is a nice place , it serves chinese food , it is in the south part of town and it is in the expensive price range .
wait , i want something else . i want a venue in what part of the food ?
peking restaurant is a nice place , it serves chinese food , it is in the expensive price range and it is in the south part of town .
Reward: 0.9030495882034302

hello , welcome to the restaurant finding system . how may i help you ?
hi , i want to book a table
what part of town do you have in mind ?
i prefer a venue in centre .
what kind of food would you like ?
i need a european venue .
would you like something in the cheap , moderate , or expensive price range ?
i want a venue in the expensive price range .
michaelhouse cafe is a nice place , it is in the centre of town , it is in the expensive price range and it serves european food .
what is the address in the expensive price range instead ?
can i help you with anything else ?
Reward: 0.9030495882034302

hello , welcome to the restaurant finding system . how may i help you ?
i need a mediterranean restaurant .
what part of town do you have in mind ?
i prefer a venue in centre .
would you like something in the cheap , moderate , or expensive price range ?
i want a venue in the expensive price range .
la mimosa is a nice place , it serves mediterranean food , it is in the centre of town and it is in the expensive price range .
what is the address ?
can i help you with anything else ?
thanks for your help , goodbye .
thank you , goodbye .
Reward: 0.9030495882034302

hello , welcome to the restaurant finding system . how may i help you ?
hi , i want to book a table
what part of town do you have in mind ?
i prefer a venue in centre .
what kind of food would you like ?
i need a international venue .
bloomsbury restaurant is a nice place , it is in the centre of town and it serves international food .
what is the phone number of the restaurant ?
would you like something in the cheap , moderate , or expensive price range ?
i need a european venue .
would you like something in the cheap , moderate , or expensive price range ?
Reward: 0.9030495882034302

hello , welcome to the restaurant finding system . how may i help you ?
hi , i want to book a table
what part of town do you have in mind ?
i prefer a venue in centre .
what kind of food would you like ?
i need a european venue .
would you like something in the cheap , moderate , or expensive price range ?
i want a venue in the expensive price range . any price range is this .
michaelhouse cafe is a nice place , it serves european food , it is in the centre of town and it is in the expensive price range .
how about a venue in my local website .
michaelhouse cafe is a nice place , it serves european food , it is in the expensive price range and it is in the centre of town .
Reward: 0.9030495882034302

hello , welcome to the restaurant finding system . how may i help you ?
hi , i want to book a table
what part of town do you have in mind ?
i want a venue in the moderate price range serving asian oriental food .
yippee noodle bar is a nice place , it is in the moderate price range and it serves asian oriental food .
thanks for your help , goodbye .
thank you , goodbye .
Reward: 0.48827818036079407

hello , welcome to the restaurant finding system . how may i help you ?
hi , i want to book a table
what part of town do you have in mind ?
i prefer a venue in south .
what kind of food would you like ?
i need a chinese venue .
would you like something in the cheap , moderate , or expensive price range ?
i want a venue in the moderate price range .
i am sorry but there is no place , in the area of south , in the moderate price range and serving chinese food .
wait , i want a venue in the moderate price range .
i am sorry but there is no place , in the area of south , in the moderate price range and serving chinese food .
Reward: 0.48827818036079407

hello , welcome to the restaurant finding system . how may i help you ?
hi , i want to book a table
what part of town do you have in mind ?
i prefer a venue serving elmo .
what part of town do you have in mind ?
i want a venue serving mediterranean food and any price range is okay .
la mimosa is a nice place , it serves mediterranean food and it is in the expensive price range .
no , i am not looking for this . please show me another one .
shiraz restaurant is a nice place , it serves mediterranean food and it is in the expensive price range .
thanks for your help , goodbye , goodbye .
thank you , goodbye .
Reward: 0.48827818036079407

hello , welcome to the restaurant finding system . how may i help you ?
i need another restaurant .
what part of town do you have in mind ?
i prefer a venue in south .
what kind of food would you like ?
i want a venue in the moderate price range .
what kind of food would you like ?
i want a venue in the moderate price range .
what kind of food would you like ?
i want to book a table
what kind of food would you like ?
Reward: 0.48827818036079407

hello , welcome to the restaurant finding system . how may i help you ?
hi , i want to book a table
what part of town do you have in mind ?
i prefer a venue in south .
what kind of food would you like ?
it doesn ' t matter .
what kind of food would you like ?
i want a mediterranean venue .
i am sorry but there is no place , serving mediterranean food and in the area of south .
it doesn ' t matter .
i am sorry but there is no place , serving mediterranean food and in the area of south .
Reward: 0.48827818036079407

hello , welcome to the restaurant finding system . how may i help you ?
i need another restaurant .
what part of town do you have in mind ?
i prefer a venue in north .
what kind of food would you like ?
i need a chinese venue .
would you like something in the cheap , moderate , or expensive price range ?
i want a venue in the expensive price range .
hakka is a nice place , it serves chinese food , it is in the north part of town and it is in the expensive price range .
thanks for your help , goodbye .
thank you , goodbye .
Reward: 0.7695276141166687

hello , welcome to the restaurant finding system . how may i help you ?
i need another restaurant .
what part of town do you have in mind ?
i prefer a venue in centre .
what kind of food would you like ?
i need a british venue .
would you like something in the cheap , moderate , or expensive price range ?
i want a venue in the expensive price range .
midsummer house restaurant is a nice place , it is in the expensive price range , it is in the centre of town and it serves british food .
wait , i want a restaurant in the moderate price range .
cotto is a nice place , it is in the centre of town , it is in the moderate price range and it serves british food .
Reward: 0.7695276141166687

hello , welcome to the restaurant finding system . how may i help you ?
hi , i want to book a table
what part of town do you have in mind ?
i need a restaurant in centre .
what kind of food would you like ?
i need a european venue .
would you like something in the cheap , moderate , or expensive price range ?
everything is fine . i want a venue in the expensive price range .
michaelhouse cafe is a nice place , it serves european food , it is in the centre of town and it is in the expensive price range .
thanks for your help , goodbye .
thank you , goodbye .
Reward: 0.7695276141166687

hello , welcome to the restaurant finding system . how may i help you ?
i need another restaurant .
what part of town do you have in mind ?
i prefer a venue in centre .
what kind of food would you like ?
i need a indian venue .
would you like something in the cheap , moderate , or expensive price range ?
i want a venue in the moderate price range .
i am sorry but there is no place , in the moderate price range , in the area of centre and serving indian food .
thanks for your help , goodbye .
thank you , goodbye .
Reward: 0.7695276141166687

hello , welcome to the restaurant finding system . how may i help you ?
hi , i want to book a table
what part of town do you have in mind ?
i prefer a venue in centre .
what kind of food would you like ?
i need a international venue .
bloomsbury restaurant is a nice place , it serves international food and it is in the centre of town .
. lastly , i want to book a table
bloomsbury restaurant is a nice place , it is in the centre of town and it serves international food .
sure , i want a venue in the moderate price range .
bloomsbury restaurant is a nice place , it is in the moderate price range , it is in the centre of town and it serves international food .
Reward: 0.7695276141166687

hello , welcome to the restaurant finding system . how may i help you ?
hi , i want to book a table
what part of town do you have in mind ?
i prefer a venue in south .
what kind of food would you like ?
i want a venue in the moderate price range serving bar .
what kind of food would you like ?
i need another restaurant .
what kind of food would you like ?
it doesn ' t matter .
what kind of food would you like ?
Reward: 0.9001334309577942

hello , welcome to the restaurant finding system . how may i help you ?
hi , i want to book a table
what part of town do you have in mind ?
i prefer a venue in south .
what kind of food would you like ?
i need a chinese venue .
would you like something in the cheap , moderate , or expensive price range ?
everything is fine . i need a portuguese venue .
nandos is a nice place , it serves portuguese food and it is in the south part of town .
thanks for your help , goodbye .
thank you , goodbye .
Reward: 0.9001334309577942

hello , welcome to the restaurant finding system . how may i help you ?
i need another restaurant .
what part of town do you have in mind ?
i prefer a venue in north .
what kind of food would you like ?
i need a chinese venue .
would you like something in the cheap , moderate , or expensive price range ?
i want a restaurant in the expensive price range .
hakka is a nice place , it is in the north part of town , it is in the expensive price range and it serves chinese food .
thanks for your help , goodbye .
thank you , goodbye .
Reward: 0.9001334309577942

hello , welcome to the restaurant finding system . how may i help you ?
hi , i want to book a table
what part of town do you have in mind ?
i want a venue in any part of town .
what kind of food would you like ?
i want a venue in the moderate price range and in the centre and of town .
what kind of food would you like ?
i want a few in my local cat .
what kind of food would you like ?
i want a client about a client of the best club in the tabby .
what kind of food would you like ?
Reward: 0.9001334309577942

hello , welcome to the restaurant finding system . how may i help you ?
hi , i want to book a table
what part of town do you have in mind ?
i prefer a venue in centre .
what kind of food would you like ?
i need a international venue .
bloomsbury restaurant is a nice place , it serves international food and it is in the centre of town .
what is the address ?
would you like something in the cheap , moderate , or expensive price range ?
i want a venue in the expensive price range .
i am sorry but there is no place , serving international food , in the expensive price range and in the area of centre .
Reward: 0.9001334309577942

hello , welcome to the restaurant finding system . how may i help you ?
hi , i want to book a table
what part of town do you have in mind ?
it doesn ' t matter .
what part of town do you have in mind ?
i want a venue in the moderate price range and in the centre of town .
what kind of food would you like ?
i want a venue in the client about the client about a few in the same part of town .
what kind of food would you like ?
any price range is what i want to be a date of the cheap price range .
what kind of food would you like ?
Reward: 0.8876139521598816

hello , welcome to the restaurant finding system . how may i help you ?
hi , i want to book a table
what part of town do you have in mind ?
i want a restaurant in the moderate price range serving asian oriental food .
yippee noodle bar is a nice place , it serves asian oriental food and it is in the moderate price range .
thanks for your help , goodbye .
thank you , goodbye .
Reward: 0.8876139521598816

hello , welcome to the restaurant finding system . how may i help you ?
hi , i want to book a table
what part of town do you have in mind ?
i want a venue in the moderate price range and in the centre of town .
what kind of food would you like ?
i need a client about a few in my 45
what kind of food would you like ?
i want a few in the bull .
what kind of food would you like ?
everything is fine . i need a italian tv show
pizza express fen ditton is a nice place , it is in the centre of town , it is in the moderate price range and it serves italian food .
Reward: 0.8876139521598816

hello , welcome to the restaurant finding system . how may i help you ?
i need a mediterranean restaurant .
what part of town do you have in mind ?
i prefer a venue in centre .
would you like something in the cheap , moderate , or expensive price range ?
i want a venue in the expensive price range .
la mimosa is a nice place , it is in the expensive price range , it is in the centre of town and it serves mediterranean food .
what is the phone number of the restaurant ?
can i help you with anything else ?
thanks , i want a venue in the moderate price range serving moderate price range .
i am sorry but there is no place , in the moderate price range , in the area of centre and serving mediterranean food .
Reward: 0.8876139521598816

hello , welcome to the restaurant finding system . how may i help you ?
i need another restaurant .
what part of town do you have in mind ?
i want a venue in any part of town .
what kind of food would you like ?
i need a chinese venue .
would you like something in the cheap , moderate , or expensive price range ?
i want a venue in the expensive price range .
hakka is a nice place , it serves chinese food , it is in the expensive price range and it is in the north part of town .
thanks for your help , goodbye .
thank you , goodbye .
Reward: 0.8876139521598816

hello , welcome to the restaurant finding system . how may i help you ?
i need another restaurant .
what part of town do you have in mind ?
i want a venue in the moderate price range and in the centre of town .
what kind of food would you like ?
i need a client of the client about a few in the same part of town .
what kind of food would you like ?
i want a few in the client about a few in the same part of town .
what kind of food would you like ?
i need a mediterranean venue .
i am sorry but there is no place , in the area of centre , serving mediterranean food and in the moderate price range .
Reward: 0.5258758664131165

hello , welcome to the restaurant finding system . how may i help you ?
i need another restaurant .
what part of town do you have in mind ?
i want a venue in the moderate price range and in the centre of town .
what kind of food would you like ?
i need a international venue .
bloomsbury restaurant is a nice place , it is in the moderate price range , it serves international food and it is in the centre of town .
what is the phone number of the restaurant ?
can i help you with anything else ?
no , i am not looking for this one . please show me another one .
the varsity restaurant is a nice place , it serves international food , it is in the moderate price range and it is in the centre of town .
Reward: 0.5258758664131165

hello , welcome to the restaurant finding system . how may i help you ?
hi , i want to book a table
what part of town do you have in mind ?
i prefer a venue in east .
what kind of food would you like ?
i want a venue in the moderate price range serving chinese food .
i am sorry but there is no place , in the moderate price range , in the area of east and serving chinese food .
wait , i want something else . i want a venue in the moderate price range .
i am sorry but there is no place , in the moderate price range , in the area of east and serving chinese food .
thanks for your help , goodbye .
thank you , goodbye .
Reward: 0.5258758664131165

hello , welcome to the restaurant finding system . how may i help you ?
hi , i want to book a table
what part of town do you have in mind ?
i prefer a venue in south .
what kind of food would you like ?
i need a chinese venue .
would you like something in the cheap , moderate , or expensive price range ?
i want a venue in the expensive price range .
the good luck chinese food takeaway is a nice place , it serves chinese food , it is in the south part of town and it is in the expensive price range .
wait , , i want a venue in the expensive price range .
the good luck chinese food takeaway is a nice place , it is in the expensive price range , it is in the south part of town and it serves chinese food .
Reward: 0.5258758664131165

hello , welcome to the restaurant finding system . how may i help you ?
hi , i want to book a table
what part of town do you have in mind ?
i live serving mediterranean food and any price range is okay .
la mimosa is a nice place , it is in the expensive price range and it serves mediterranean food .
ok . i want a venue serving south
i am sorry but there is no place , in the area of south and serving mediterranean food .
wait , i want to book a table
i am sorry but there is no place , in the area of south and serving mediterranean food .
thanks for your best help , goodbye .
thank you , goodbye .
Reward: 0.5258758664131165

hello , welcome to the restaurant finding system . how may i help you ?
hi , i want to book a table
what part of town do you have in mind ?
i need a restaurant in centre .
what kind of food would you like ?
i need a european venue .
would you like something in the cheap , moderate , or expensive price range ?
i want a venue in the moderate price range .
galleria is a nice place , it is in the centre of town , it serves european food and it is in the moderate price range .
what is the client of the restaurant in the same part of town and a few ?
galleria is a nice place , it is in the centre of town , it serves european food and it is in the moderate price range .
Reward: 0.5271404385566711

hello , welcome to the restaurant finding system . how may i help you ?
hi , i want to book a table
what part of town do you have in mind ?
i prefer a venue in centre .
what kind of food would you like ?
i want a restaurant in the cheap price range serving chinese food .
golden house is a nice place , it is in the centre of town , it serves chinese food and it is in the cheap price range .
thanks for your help , goodbye .
thank you , goodbye .
Reward: 0.5271404385566711

hello , welcome to the restaurant finding system . how may i help you ?
i need another restaurant .
what part of town do you have in mind ?
i prefer a venue in north .
what kind of food would you like ?
i need a chinese venue .
would you like something in the cheap , moderate , or expensive price range ?
i want a venue in the expensive price range .
hakka is a nice place , it serves chinese food , it is in the north part of town and it is in the expensive price range .
thanks for your help , goodbye .
thank you , goodbye .
Reward: 0.5271404385566711

hello , welcome to the restaurant finding system . how may i help you ?
hi , i want to book a table
what part of town do you have in mind ?
i prefer a venue in centre .
what kind of food would you like ?
i want a venue in any restaurant .
what kind of food would you like ?
i need a european venue .
would you like something in the cheap , moderate , or expensive price range ?
it doesn ' t matter .
would you like something in the cheap , moderate , or expensive price range ?
Reward: 0.5271404385566711

hello , welcome to the restaurant finding system . how may i help you ?
i need a restaurant in centre .
what kind of food would you like ?
i need a european venue .
would you like something in the cheap , moderate , or expensive price range ?
i want a venue in the expensive price range .
michaelhouse cafe is a nice place , it is in the centre of town , it serves european food and it is in the expensive price range .
what is the address ?
can i help you with anything else ?
thanks for your help , goodbye .
thank you , goodbye .
Reward: 0.5271404385566711

hello , welcome to the restaurant finding system . how may i help you ?
hi , i want to book a table
what part of town do you have in mind ?
i prefer a venue in centre .
what kind of food would you like ?
i want a restaurant in the moderate price range serving chinese food .
shanghai family restaurant is a nice place , it serves chinese food , it is in the moderate price range and it is in the centre of town .
thanks for your help , goodbye .
thank you , goodbye .
Reward: 0.8902393579483032

hello , welcome to the restaurant finding system . how may i help you ?
i need a restaurant in centre .
what kind of food would you like ?
i need a venue a few in my local pet .
what kind of food would you like ?
it doesn ' t matter .
what kind of food would you like ?
i need a chinese venue .
would you like something in the cheap , moderate , or expensive price range ?
i want a venue in the moderate price range .
shanghai family restaurant is a nice place , it is in the centre of town , it is in the moderate price range and it serves chinese food .
Reward: 0.8902393579483032

hello , welcome to the restaurant finding system . how may i help you ?
hi , i want to book a table
what part of town do you have in mind ?
i prefer a venue in centre .
what kind of food would you like ?
i want a restaurant in the expensive price range serving asian oriental food .
kymmoy is a nice place , it is in the expensive price range , it is in the centre of town and it serves asian oriental food .
thanks for your help , goodbye .
thank you , goodbye .
Reward: 0.8902393579483032

hello , welcome to the restaurant finding system . how may i help you ?
hi , i want to book a table
what part of town do you have in mind ?
i prefer a venue in centre .
what kind of food would you like ?
i want a spot . i want a venue in the moderate price range .
what kind of food would you like ?
i need a international venue .
bloomsbury restaurant is a nice place , it serves international food , it is in the centre of town and it is in the moderate price range .
what is the address ?
can i help you with anything else ?
Reward: 0.8902393579483032

hello , welcome to the restaurant finding system . how may i help you ?
i want a restaurant in the moderate price range .
what part of town do you have in mind ?
i prefer a venue in south .
what kind of food would you like ?
i need a restaurant in the moderate price range .
what kind of food would you like ?
i want a venue in the moderate price range serving moderate price range .
what kind of food would you like ?
i want a venue in the moderate price range serving modern european food .
i am sorry but there is no place , in the area of south , serving european food and in the moderate price range .
Reward: 0.8902393579483032

hello , welcome to the restaurant finding system . how may i help you ?
hi , i want to book a table
what part of town do you have in mind ?
i need a restaurant in centre .
what kind of food would you like ?
i need a venue a few in my local cat .
what kind of food would you like ?
i need a chinese venue .
would you like something in the cheap , moderate , or expensive price range ?
it doesn ' t matter , i ' m too expensive . i want a club in the expensive price range .
hk fusion is a nice place , it serves chinese food , it is in the expensive price range and it is in the centre of town .
Reward: 0.8800984621047974

hello , welcome to the restaurant finding system . how may i help you ?
i need another restaurant .
what part of town do you have in mind ?
i prefer a venue in north .
what kind of food would you like ?
i want a venue in the moderate price range .
what kind of food would you like ?
i need a indian venue .
the nirala is a nice place , it is in the north part of town , it is in the moderate price range and it serves indian food .
i want a venue in the expensive price range .
tandoori palace is a nice place , it serves indian food , it is in the north part of town and it is in the expensive price range .
Reward: 0.8800984621047974

hello , welcome to the restaurant finding system . how may i help you ?
hi , i want to book a table
what part of town do you have in mind ?
i prefer a venue in centre .
what kind of food would you like ?
i need a list of a restaurant in the east .
what kind of food would you like ?
i need a indian venue .
would you like something in the cheap , moderate , or expensive price range ?
i want a venue in the moderate price range .
rajmahal is a nice place , it serves indian food , it is in the moderate price range and it is in the east part of town .
Reward: 0.8800984621047974

hello , welcome to the restaurant finding system . how may i help you ?
i need a mediterranean restaurant .
what part of town do you have in mind ?
i prefer a venue in south .
i am sorry but there is no place , serving mediterranean food and in the area of south .
what is the best selling american restaurant in the same part of town ?
i am sorry but there is no place , serving north american food and in the area of south .
ah okay , i am not looking for this . please tell me another one .
thank you , goodbye .
Reward: 0.8800984621047974

hello , welcome to the restaurant finding system . how may i help you ?
hi , i want to book a table
what part of town do you have in mind ?
i prefer a venue in south .
what kind of food would you like ?
i want a venue in the moderate price range serving chinese food .
i am sorry but there is no place , in the area of south , in the moderate price range and serving chinese food .
wait , i need a turkish venue .
i am sorry but there is no place , serving turkish food , in the moderate price range and in the area of south .
i doesn ' t matter . thanks for your phone , goodbye .
i am sorry but there is no place , serving turkish food , in the area of south and in the moderate price range .
Reward: 0.8800984621047974

hello , welcome to the restaurant finding system . how may i help you ?
i need a restaurant in centre .
what kind of food would you like ?
i need a european venue .
would you like something in the cheap , moderate , or expensive price range ?
i want a venue in the expensive price range .
michaelhouse cafe is a nice place , it is in the expensive price range , it is in the centre of town and it serves european food .
how about the best price range serving health a restaurant .
michaelhouse cafe is a nice place , it serves european food , it is in the expensive price range and it is in the centre of town .
no , i want something else . i want a venue in any part of town .
eraina is a nice place , it is in the centre of town , it is in the expensive price range and it serves european food .
Reward: 0.5489131212234497

hello , welcome to the restaurant finding system . how may i help you ?
i need a european restaurant .
what part of town do you have in mind ?
i want a venue in the moderate price range and in the centre of town .
galleria is a nice place , it is in the moderate price range , it serves european food and it is in the centre of town .
what is the phone number of the restaurant ?
can i help you with anything else ?
thanks for your help , goodbye .
thank you , goodbye .
Reward: 0.5489131212234497

hello , welcome to the restaurant finding system . how may i help you ?
hi , i want to book a table
what part of town do you have in mind ?
i need a restaurant in centre .
what kind of food would you like ?
i want a venue in the moderate price range serving chinese food .
shanghai family restaurant is a nice place , it is in the moderate price range , it is in the centre of town and it serves chinese food .
ah no , i am not looking for this one .
shanghai family restaurant is a nice place , it is in the centre of town , it serves chinese food and it is in the moderate price range .
thanks for your help , goodbye .
thank you , goodbye .
Reward: 0.5489131212234497

hello , welcome to the restaurant finding system . how may i help you ?
hi , i want to book a table
what part of town do you have in mind ?
i prefer a venue in the cheap price range and in the centre of town .
what kind of food would you like ?
i need a indian venue .
the gandhi is a nice place , it is in the centre of town , it serves indian food and it is in the cheap price range .
thanks for your help , goodbye .
thank you , goodbye .
Reward: 0.5489131212234497

hello , welcome to the restaurant finding system . how may i help you ?
hi , i want to book a table
what part of town do you have in mind ?
i prefer a venue in south .
what kind of food would you like ?
it doesn ' t matter .
what kind of food would you like ?
i want a venue in the moderate price range serving chinese food .
i am sorry but there is no place , in the area of south , in the moderate price range and serving chinese food .
thanks for your help , goodbye .
thank you , goodbye .
Reward: 0.5489131212234497

hello , welcome to the restaurant finding system . how may i help you ?
i need another restaurant .
what part of town do you have in mind ?
i want a venue in the moderate price range and in the centre of town .
what kind of food would you like ?
i want a client about a few in the same part of town .
what kind of food would you like ?
i want a venue in the client about a few in the same part .
what kind of food would you like ?
i want a few in the attendees about the client about the book is this .
what kind of food would you like ?
Reward: 0.8717501163482666

hello , welcome to the restaurant finding system . how may i help you ?
hi , i want to book a table
what part of town do you have in mind ?
i prefer a venue in centre .
what kind of food would you like ?
i want a european venue .
would you like something in the cheap , moderate , or expensive price range ?
i want a venue in the expensive price range .
michaelhouse cafe is a nice place , it is in the centre of town , it serves european food and it is in the expensive price range .
which is the address ?
can i help you with anything else ?
Reward: 0.8717501163482666

hello , welcome to the restaurant finding system . how may i help you ?
hi , i want to book a table
what part of town do you have in mind ?
i want a venue in the moderate price range and in the centre of town .
what kind of food would you like ?
i want a client about a few in my local website .
what kind of food would you like ?
i want a venue in the expensive price range serving indian food .
curry garden is a nice place , it is in the expensive price range , it is in the centre of town and it serves indian food .
thanks for your help , goodbye .
thank you , goodbye .
Reward: 0.8717501163482666

hello , welcome to the restaurant finding system . how may i help you ?
i need a mediterranean restaurant .
what part of town do you have in mind ?
i prefer a venue in south .
i am sorry but there is no place , in the area of south and serving mediterranean food .
what is the best selling single restaurant in the same part of town ?
i am sorry but there is no place , serving mediterranean food and in the area of south .
what is the best selling single restaurant in the tricycle the restaurant ?
i am sorry but there is no place , in the area of south and serving mediterranean food .
i guess i ' ll be everything i need a european club . what is the best selling single restaurant in ?
i am sorry but there is no place , in the area of south and serving european food .
Reward: 0.8717501163482666

hello , welcome to the restaurant finding system . how may i help you ?
hi , i want to book a table
what part of town do you have in mind ?
i prefer a venue in centre .
what kind of food would you like ?
i want a european venue .
would you like something in the cheap , moderate , or expensive price range ?
i want a restaurant in the moderate price range .
galleria is a nice place , it serves european food , it is in the moderate price range and it is in the centre of town .
thanks for your help , goodbye .
thank you , goodbye .
Reward: 0.8717501163482666

hello , welcome to the restaurant finding system . how may i help you ?
i need a restaurant in centre .
what kind of food would you like ?
i need a british venue .
would you like something in the cheap , moderate , or expensive price range ?
i want a venue in the expensive price range .
midsummer house restaurant is a nice place , it serves british food , it is in the centre of town and it is in the expensive price range .
what is the phone number of the restaurant ?
can i help you with anything else ?
no , i want a venue in the expensive price range serving moderate price range .
cotto is a nice place , it serves british food , it is in the centre of town and it is in the moderate price range .
Reward: 0.8114240169525146

hello , welcome to the restaurant finding system . how may i help you ?
hi , i want to book a table
what part of town do you have in mind ?
i prefer a venue in north .
what kind of food would you like ?
i need a chinese venue .
would you like something in the cheap , moderate , or expensive price range ?
i want a venue in the moderate price range .
golden wok is a nice place , it is in the north part of town , it serves chinese food and it is in the moderate price range .
what is the address ?
can i help you with anything else ?
Reward: 0.8114240169525146

hello , welcome to the restaurant finding system . how may i help you ?
i need another restaurant .
what part of town do you have in mind ?
i prefer a venue in north .
what kind of food would you like ?
i want a venue in the expensive price range serving chinese food .
hakka is a nice place , it is in the expensive price range , it serves chinese food and it is in the north part of town .
thanks for your help , goodbye .
thank you , goodbye .
Reward: 0.8114240169525146

hello , welcome to the restaurant finding system . how may i help you ?
hi , i want to book a table
what part of town do you have in mind ?
i prefer a venue in south .
what kind of food would you like ?
i need a chinese venue .
would you like something in the cheap , moderate , or expensive price range ?
i want a restaurant in the expensive price range .
the good luck chinese food takeaway is a nice place , it is in the south part of town , it serves chinese food and it is in the expensive price range .
wait , please show me a restaurant when i i want to be something i prefer a venue in any part of town .
hakka is a nice place , it is in the north part of town , it serves chinese food and it is in the expensive price range .
Reward: 0.8114240169525146

hello , welcome to the restaurant finding system . how may i help you ?
i need another restaurant .
what part of town do you have in mind ?
i prefer a venue in north .
what kind of food would you like ?
i need a chinese venue .
would you like something in the cheap , moderate , or expensive price range ?
i want a venue in the expensive price range .
hakka is a nice place , it serves chinese food , it is in the north part of town and it is in the expensive price range .
thanks for your help , goodbye .
thank you , goodbye .
Reward: 0.8114240169525146

hello , welcome to the restaurant finding system . how may i help you ?
hi , i am not looking for this restaurant .
what part of town do you have in mind ?
i goof a venue in centre .
what kind of food would you like ?
i need a european venue .
would you like something in the cheap , moderate , or expensive price range ?
i need a venue in the expensive price range .
michaelhouse cafe is a nice place , it serves european food , it is in the centre of town and it is in the expensive price range .
what is the address ?
can i help you with anything else ?
Reward: 0.8054419755935669

hello , welcome to the restaurant finding system . how may i help you ?
hi , i want to book a table
what part of town do you have in mind ?
i want a venue in the moderate price range and in the south of town .
what kind of food would you like ?
i need a indian restaurant .
i am sorry but there is no place , in the area of south , serving indian food and in the moderate price range .
i ' ll take a venue .
i am sorry but there is no place , serving indian food , in the moderate price range and in the area of south .
thanks for your help , goodbye .
thank you , goodbye .
Reward: 0.8054419755935669

hello , welcome to the restaurant finding system . how may i help you ?
hi , i want to book a table
what part of town do you have in mind ?
i prefer a venue in centre .
what kind of food would you like ?
i need a indian venue .
would you like something in the cheap , moderate , or expensive price range ?
i am ok taking a few , i want a restaurant in any price range .
the gandhi is a nice place , it serves indian food , it is in the cheap price range and it is in the centre of town .
thanks for your help , goodbye .
thank you , goodbye .
Reward: 0.8054419755935669

hello , welcome to the restaurant finding system . how may i help you ?
hi , i want to book a table
what part of town do you have in mind ?
i prefer a venue in centre .
what kind of food would you like ?
i need a european venue .
would you like something in the cheap , moderate , or expensive price range ?
i want a venue in the expensive price range .
michaelhouse cafe is a nice place , it is in the expensive price range , it is in the centre of town and it serves european food .
what is the address of the restaurant ?
can i help you with anything else ?
Reward: 0.8641610145568848

hello , welcome to the restaurant finding system . how may i help you ?
who is the moderate price range ?
i ' m having trouble understanding what you want . could you please rephrase it ?
i want to book a table
what part of town do you have in mind ?
i want a venue in the moderate price range and in the centre of town .
what kind of food would you like ?
i want a venue a few in the client about a few in my local .
what kind of food would you like ?
i want a restaurant in the moderate price range and in the west of town .
what kind of food would you like ?
Reward: 0.8641610145568848

hello , welcome to the restaurant finding system . how may i help you ?
i need another restaurant .
what part of town do you have in mind ?
i prefer a venue in west .
what kind of food would you like ?
i need a chinese venue .
i am sorry but there is no place , serving chinese food and in the area of west .
ah , what is the restaurant could you need another restaurant ?
i am sorry but there is no place , in the area of west and serving chinese food .
okay , that ' s fine . i need a chinese restaurant .
i am sorry but there is no place , serving chinese food and in the area of west .
Reward: 0.8641610145568848

hello , welcome to the restaurant finding system . how may i help you ?
i need another restaurant .
what part of town do you have in mind ?
i prefer a venue in east .
what kind of food would you like ?
i want a venue in the expensive price range serving indian food .
pipasha restaurant is a nice place , it is in the expensive price range , it serves indian food and it is in the east part of town .
wait , what ' s the address ?
can i help you with anything else ?
i want a venue in the moderate price range .
rajmahal is a nice place , it serves indian food , it is in the moderate price range and it is in the east part of town .
Reward: 0.8641610145568848

hello , welcome to the restaurant finding system . how may i help you ?
i need another restaurant .
what part of town do you have in mind ?
i prefer a venue in north .
what kind of food would you like ?
i need a chinese venue .
would you like something in the cheap , moderate , or expensive price range ?
i want a venue in the moderate price range .
golden wok is a nice place , it serves chinese food , it is in the north part of town and it is in the moderate price range .
wait , i want a venue in the expensive price range .
hakka is a nice place , it is in the expensive price range , it is in the north part of town and it serves chinese food .
Reward: 0.8641610145568848

hello , welcome to the restaurant finding system . how may i help you ?
i need another restaurant .
what part of town do you have in mind ?
i prefer a venue in north .
what kind of food would you like ?
i want to book a table
what kind of food would you like ?
i need a chinese venue .
would you like something in the cheap , moderate , or expensive price range ?
i want a price range .
would you like something in the cheap , moderate , or expensive price range ?
Reward: 0.8005530834197998

hello , welcome to the restaurant finding system . how may i help you ?
i need another restaurant .
what part of town do you have in mind ?
i prefer a venue in south .
what kind of food would you like ?
i want a venue in the moderate price range serving indian food .
i am sorry but there is no place , serving indian food , in the area of south and in the moderate price range .
thanks for your help , goodbye .
thank you , goodbye .
Reward: 0.8005530834197998

hello , welcome to the restaurant finding system . how may i help you ?
hi , i need a restaurant in centre .
what kind of food would you like ?
i want a venue in the moderate price range serving chinese food .
shanghai family restaurant is a nice place , it serves chinese food , it is in the moderate price range and it is in the centre of town .
wait , i want something else . i want a venue in the availbale at 8 pm
lan hong house is a nice place , it serves chinese food , it is in the moderate price range and it is in the centre of town .
thanks for your help , goodbye .
thank you , goodbye .
Reward: 0.8005530834197998

hello , welcome to the restaurant finding system . how may i help you ?
i need another restaurant .
what part of town do you have in mind ?
i prefer a venue in north .
what kind of food would you like ?
i want a venue in the moderate price range .
what kind of food would you like ?
i need a spot .
what kind of food would you like ?
i want a venue in the moderate price range .
what kind of food would you like ?
Reward: 0.8005530834197998

hello , welcome to the restaurant finding system . how may i help you ?
hi , i want to book a table
what part of town do you have in mind ?
i want a venue in the moderate price range .
what part of town do you have in mind ?
i need a venue in the expensive price range serving 32 rd number ,
what part of town do you have in mind ?
i want a venue in the moderate price range and in centre .
what kind of food would you like ?
i want a a reminder fee .
what kind of food would you like ?
Reward: 0.8005530834197998

hello , welcome to the restaurant finding system . how may i help you ?
i need another restaurant .
what part of town do you have in mind ?
i prefer a venue in north .
what kind of food would you like ?
i need another restaurant .
what kind of food would you like ?
i want a venue in the expensive price range serving indian food .
tandoori palace is a nice place , it is in the north part of town , it serves indian food and it is in the expensive price range .
thanks for your help , goodbye .
thank you , goodbye .
Reward: 0.7440909147262573

hello , welcome to the restaurant finding system . how may i help you ?
i want a restaurant in the moderate price range .
what part of town do you have in mind ?
i prefer a venue in south .
what kind of food would you like ?
i need a european venue .
i am sorry but there is no place , serving european food , in the moderate price range and in the area of south .
what is the best selling single restaurant in the same part of town ?
i am sorry but there is no place , serving european food , in the area of south and in the moderate price range .
thanks for your help , goodbye .
thank you , goodbye .
Reward: 0.7440909147262573

hello , welcome to the restaurant finding system . how may i help you ?
hi , i want to book a table
what part of town do you have in mind ?
i prefer a venue in centre .
what kind of food would you like ?
i want a venue in my local cat .
what kind of food would you like ?
i need a indian venue .
would you like something in the cheap , moderate , or expensive price range ?
i want a venue in the expensive price range .
curry garden is a nice place , it is in the centre of town , it is in the expensive price range and it serves indian food .
Reward: 0.7440909147262573

hello , welcome to the restaurant finding system . how may i help you ?
hi , i want to book a table
what part of town do you have in mind ?
i prefer a venue in south .
what kind of food would you like ?
i want a restaurant in the moderate price range .
what kind of food would you like ?
i need a indian venue .
i am sorry but there is no place , in the moderate price range , serving indian food and in the area of south .
thanks for your help , goodbye .
thank you , goodbye .
Reward: 0.7440909147262573

hello , welcome to the restaurant finding system . how may i help you ?
i need a restaurant in centre .
what kind of food would you like ?
i need a european venue .
would you like something in the cheap , moderate , or expensive price range ?
i want a venue in the moderate price range .
galleria is a nice place , it serves european food , it is in the moderate price range and it is in the centre of town .
wait , i need a venue in the moderate price range .
galleria is a nice place , it serves european food , it is in the centre of town and it is in the moderate price range .
wait , i want a venue in the expensive price range .
michaelhouse cafe is a nice place , it serves european food , it is in the centre of town and it is in the expensive price range .
Reward: 0.7440909147262573

hello , welcome to the restaurant finding system . how may i help you ?
i need another restaurant .
what part of town do you have in mind ?
it doesn ' t matter .
what part of town do you have in mind ?
i prefer a venue in south .
what kind of food would you like ?
i need a chinese venue .
would you like something in the cheap , moderate , or expensive price range ?
i want a venue in any part of town .
would you like something in the cheap , moderate , or expensive price range ?
Reward: 0.816680371761322

hello , welcome to the restaurant finding system . how may i help you ?
hi , i want to book a table
what part of town do you have in mind ?
i prefer a venue in centre .
what kind of food would you like ?
i need a indian venue .
would you like something in the cheap , moderate , or expensive price range ?
i need a european venue .
would you like something in the cheap , moderate , or expensive price range ?
i want a venue in the moderate price range .
galleria is a nice place , it is in the moderate price range , it serves european food and it is in the centre of town .
Reward: 0.816680371761322

hello , welcome to the restaurant finding system . how may i help you ?
hi , i want to book a table
what part of town do you have in mind ?
i prefer a venue in centre .
what kind of food would you like ?
i need a european venue .
would you like something in the cheap , moderate , or expensive price range ?
i want a venue in the expensive price range .
michaelhouse cafe is a nice place , it serves european food , it is in the centre of town and it is in the expensive price range .
i see . i need a international venue .
i am sorry but there is no place , serving international food , in the expensive price range and in the area of centre .
Reward: 0.816680371761322

