hello , welcome to the restaurant finding system . how may i help you ?
hi , i want to book a table
what part of town do you have in mind ?
i want to book a table
what part of town do you have in mind ?
Reward: 0.7716590166091919

hello , welcome to the restaurant finding system . how may i help you ?
i need another restaurant .
what part of town do you have in mind ?
i ' m referring to a restaurant in memphis .
what part of town do you have in mind ?
Reward: 0.7702625393867493

hello , welcome to the restaurant finding system . how may i help you ?
hi , i want to book a table
what part of town do you have in mind ?
well i want to book a table
what part of town do you have in mind ?
Reward: 0.7716533541679382

hello , welcome to the restaurant finding system . how may i help you ?
hi , i want to book a table
what part of town do you have in mind ?
i need a restaurant in a few , i prefer part of town .
what part of town do you have in mind ?
Reward: 0.7716984748840332

hello , welcome to the restaurant finding system . how may i help you ?
i need another restaurant ,
what part of town do you have in mind ?
i want to know where its located
what part of town do you have in mind ?
Reward: 0.7291153073310852

hello , welcome to the restaurant finding system . how may i help you ?
i need another restaurant .
what part of town do you have in mind ?
i need another restaurant .
what part of town do you have in mind ?
Reward: 0.7703009843826294

hello , welcome to the restaurant finding system . how may i help you ?
i need to tell me what if it ' s got an italian restaurant into that website ?
what part of town do you have in mind ?
i want to book a table
what part of town do you have in mind ?
Reward: 0.3547542989253998

hello , welcome to the restaurant finding system . how may i help you ?
i want a restaurant in the moderate price range and in the west of the huh .
what kind of food would you like ?
well i want to place another one
prezzo is a nice place , it is in the moderate price range and it is in the west part of town .
Reward: 0.7540507912635803

hello , welcome to the restaurant finding system . how may i help you ?
i need another restaurant .
what part of town do you have in mind ?
i want a restaurant in centre .
what kind of food would you like ?
Reward: 0.7796444892883301

hello , welcome to the restaurant finding system . how may i help you ?
i need another restaurant .
what part of town do you have in mind ?
i want a restaurant in the west of town after .
what kind of food would you like ?
Reward: 0.7796168327331543

hello , welcome to the restaurant finding system . how may i help you ?
hi , i want to book a table
what part of town do you have in mind ?
i want one part of town after 14 , 5
what part of town do you have in mind ?
Reward: 0.6997895240783691

hello , welcome to the restaurant finding system . how may i help you ?
i want a restaurant in the moderate price range .
what part of town do you have in mind ?
beach price of town after a few .
what part of town do you have in mind ?
Reward: 0.6886081099510193

hello , welcome to the restaurant finding system . how may i help you ?
i like a restaurant in that summer .
what part of town do you have in mind ?
i ' ll take a few a few when i can get a reservation in there .
what part of town do you have in mind ?
Reward: 0.6534495949745178

hello , welcome to the restaurant finding system . how may i help you ?
i don ' t understand . what if i get an one in the same week
i ' m having trouble understanding what you want . could you please rephrase it ?
i want to book a table
what part of town do you have in mind ?
Reward: 0.18958207964897156

hello , welcome to the restaurant finding system . how may i help you ?
i need another restaurant .
what part of town do you have in mind ?
i need another restaurant .
what part of town do you have in mind ?
Reward: 0.7703009843826294

hello , welcome to the restaurant finding system . how may i help you ?
hi , i want to book a table
what part of town do you have in mind ?
i need a table in the cheap price range and couple of dog
what part of town do you have in mind ?
Reward: 0.771714448928833

hello , welcome to the restaurant finding system . how may i help you ?
i need another restaurant .
what part of town do you have in mind ?
i want a restaurant in the west of town .
what kind of food would you like ?
Reward: 0.779624879360199

hello , welcome to the restaurant finding system . how may i help you ?
i need another restaurant .
what part of town do you have in mind ?
i want a restaurant in the brown part of town .
what part of town do you have in mind ?
Reward: 0.7702840566635132

hello , welcome to the restaurant finding system . how may i help you ?
i need a restaurant in any price range and
what part of town do you have in mind ?
i want to book a table
what part of town do you have in mind ?
Reward: 0.7732771635055542

hello , welcome to the restaurant finding system . how may i help you ?
i want a restaurant in the cheap price range and in in the west of town .
what kind of food would you like ?
possible , i want a lot of conversation after because of town after budget .
what kind of food would you like ?
Reward: 0.6891633868217468

hello , welcome to the restaurant finding system . how may i help you ?
well i want to book a table
what part of town do you have in mind ?
i don ' t know , anything else
india house is nice
Reward: 0.7330214381217957

hello , welcome to the restaurant finding system . how may i help you ?
hi , i want to book a table
what part of town do you have in mind ?
i want a restaurant in the cheap price range and in the west of town .
what kind of food would you like ?
Reward: 0.7804738283157349

hello , welcome to the restaurant finding system . how may i help you ?
hi , i want to book a table
what part of town do you have in mind ?
i want to book a table
what part of town do you have in mind ?
Reward: 0.7716590166091919

hello , welcome to the restaurant finding system . how may i help you ?
i want a restaurant in the cheap is booking 100 .
what part of town do you have in mind ?
i want to see a place in a few locations .
what part of town do you have in mind ?
Reward: 0.769050121307373

hello , welcome to the restaurant finding system . how may i help you ?
hi , i want to book a table
what part of town do you have in mind ?
i want a restaurant in the moderate price range and in the west of town , in the west of town after .
what kind of food would you like ?
Reward: 0.7804688811302185

hello , welcome to the restaurant finding system . how may i help you ?
i want to know how to make a table
what part of town do you have in mind ?
i want a restaurant in the moderate price range and in the west of town .
what kind of food would you like ?
Reward: 0.7689817547798157

hello , welcome to the restaurant finding system . how may i help you ?
i want a editing
i ' m having trouble understanding what you want . could you please rephrase it ?
i need to check if i feed an deaf them . what if i is ordering from my customers i .
i ' m having trouble understanding what you want . could you please rephrase it ?
Reward: 0.08548328280448914

hello , welcome to the restaurant finding system . how may i help you ?
hi , i want to book a table
what part of town do you have in mind ?
atlanta , i want a restaurant in the moderate price range and in the west of town , and in the west of town after
what kind of food would you like ?
Reward: 0.7804899215698242

hello , welcome to the restaurant finding system . how may i help you ?
hi , i want to book a table
what part of town do you have in mind ?
i want to book a table
what part of town do you have in mind ?
Reward: 0.7716590166091919

hello , welcome to the restaurant finding system . how may i help you ?
i need another restaurant .
what part of town do you have in mind ?
i ' m looking for a few in memphis . and through the same town .
what part of town do you have in mind ?
Reward: 0.6822013258934021

hello , welcome to the restaurant finding system . how may i help you ?
hi , i want to book a table
what part of town do you have in mind ?
i want a few in a few in the moderate price range and in my local part of town .
what part of town do you have in mind ?
Reward: 0.7715741991996765

hello , welcome to the restaurant finding system . how may i help you ?
i want a restaurant in the same date of birth .
what part of town do you have in mind ?
well i want to tell me which does it ' s fit in the west of town ?
what kind of food would you like ?
Reward: 0.25894811749458313

hello , welcome to the restaurant finding system . how may i help you ?
hi , i want to book a table
what part of town do you have in mind ?
well i want to book a table
what part of town do you have in mind ?
Reward: 0.7716533541679382

hello , welcome to the restaurant finding system . how may i help you ?
hi , i want to book a table
what part of town do you have in mind ?
hi , i want to book a table
what part of town do you have in mind ?
Reward: 0.7716475129127502

hello , welcome to the restaurant finding system . how may i help you ?
hi , i want to book a table
what part of town do you have in mind ?
i ' m really offered to a restaurant .
what part of town do you have in mind ?
Reward: 0.6972609758377075

hello , welcome to the restaurant finding system . how may i help you ?
i need another restaurant .
what part of town do you have in mind ?
i ' ll take a few for a few , i ' ll take a few if i ' d like to book a table
what part of town do you have in mind ?
Reward: 0.5964998006820679

hello , welcome to the restaurant finding system . how may i help you ?
i ' m looking for a place on an italian restaurant .
what part of town do you have in mind ?
i would like to know if its an cheap authentic french restaurant .
i am sorry but there is no place , in the cheap price range and serving french food .
Reward: 0.1053486242890358

hello , welcome to the restaurant finding system . how may i help you ?
hi , i want to book a table
what part of town do you have in mind ?
i want a table
what part of town do you have in mind ?
Reward: 0.771641731262207

hello , welcome to the restaurant finding system . how may i help you ?
i want to know where i do in a few ahead .
i ' m having trouble understanding what you want . could you please rephrase it ?
i want to book a table
what part of town do you have in mind ?
Reward: 0.18938778340816498

hello , welcome to the restaurant finding system . how may i help you ?
i am looking for an italian restaurant .
what part of town do you have in mind ?
i want a place in the cheap price range and in the west of town .
la margherita is a nice place , it serves italian food , it is in the west part of town and it is in the cheap price range .
Reward: 0.35274389386177063

hello , welcome to the restaurant finding system . how may i help you ?
i want a restaurant in my local price .
what part of town do you have in mind ?
i want a restaurant in any price range and in any part of town after .
what kind of food would you like ?
Reward: 0.7555422186851501

hello , welcome to the restaurant finding system . how may i help you ?
i need a list on a restaurant near me and they motivated me to be a a few
what part of town do you have in mind ?
i ' m already actually then its motivated at that .
what part of town do you have in mind ?
Reward: 0.2414846420288086

hello , welcome to the restaurant finding system . how may i help you ?
i need another restaurant .
what part of town do you have in mind ?
i need another restaurant .
what part of town do you have in mind ?
Reward: 0.7703009843826294

hello , welcome to the restaurant finding system . how may i help you ?
hi , i want to book a table
what part of town do you have in mind ?
i want to book a table
what part of town do you have in mind ?
Reward: 0.7716590166091919

hello , welcome to the restaurant finding system . how may i help you ?
i ' m looking for a few with a few to bed i ' m really interested in the moderate price range and in the
i ' m having trouble understanding what you want . could you please rephrase it ?
i need a reservation in my local entry insurance . do i need to book a table
what part of town do you have in mind ?
Reward: 0.10264986753463745

hello , welcome to the restaurant finding system . how may i help you ?
i need another restaurant .
what part of town do you have in mind ?
i want my restaurant for my local .
what part of town do you have in mind ?
Reward: 0.6843262910842896

hello , welcome to the restaurant finding system . how may i help you ?
hi , i want to book a table
what part of town do you have in mind ?
i need them to be a cheap 2. when is the best than a restaurant hmm hotmail . idaho , hi
what part of town do you have in mind ?
Reward: 0.6709322333335876

hello , welcome to the restaurant finding system . how may i help you ?
hi , i want to book a table
what part of town do you have in mind ?
i want a restaurant in the cheap price range and in the west of town .
what kind of food would you like ?
Reward: 0.7804738283157349

hello , welcome to the restaurant finding system . how may i help you ?
i need another restaurant .
what part of town do you have in mind ?
i need a trapezoid price range in my local part of town .
what part of town do you have in mind ?
Reward: 0.6851304769515991

hello , welcome to the restaurant finding system . how may i help you ?
i need another restaurant .
what part of town do you have in mind ?
i need a place with cheap 1000 for the same week
what part of town do you have in mind ?
Reward: 0.6830745339393616

hello , welcome to the restaurant finding system . how may i help you ?
i want to know the best selling single restaurant in the moderate price .
what part of town do you have in mind ?
i don ' understand , sadly .
what part of town do you have in mind ?
Reward: 0.35129785537719727

hello , welcome to the restaurant finding system . how may i help you ?
i need another restaurant .
what part of town do you have in mind ?
i remember thinking of an entry . what ' s the closest one
what part of town do you have in mind ?
Reward: 0.6777093410491943

hello , welcome to the restaurant finding system . how may i help you ?
hi , i want to book a table
what part of town do you have in mind ?
i want to book a table
what part of town do you have in mind ?
Reward: 0.7716590166091919

hello , welcome to the restaurant finding system . how may i help you ?
i ' ll take the customers i want to book a table
what part of town do you have in mind ?
i don ' t understand . what part of town about home or and boost a spot .
what part of town do you have in mind ?
Reward: 0.4181794226169586

hello , welcome to the restaurant finding system . how may i help you ?
i need another restaurant .
what part of town do you have in mind ?
i ' m really really searching for my local birthday .
what part of town do you have in mind ?
Reward: 0.5891355872154236

hello , welcome to the restaurant finding system . how may i help you ?
hi , i want to book a table
what part of town do you have in mind ?
i want to book a table
what part of town do you have in mind ?
Reward: 0.7716590166091919

hello , welcome to the restaurant finding system . how may i help you ?
i need another restaurant .
what part of town do you have in mind ?
i want to see what is my best selling single hotel
what part of town do you have in mind ?
Reward: 0.6841834783554077

hello , welcome to the restaurant finding system . how may i help you ?
i need a restaurant in the moderate price range and in the centre of town after .
what kind of food would you like ?
the choose 2 in i want to book a great have a lot of cat .
thank you , goodbye .
Reward: 0.6497930884361267

hello , welcome to the restaurant finding system . how may i help you ?
hi , i want to book a table
what part of town do you have in mind ?
i ' m referring to a table
what part of town do you have in mind ?
Reward: 0.7716928720474243

hello , welcome to the restaurant finding system . how may i help you ?
i ' m trying to tell me
i ' m having trouble understanding what you want . could you please rephrase it ?
well i want to know how to do the decision .
i ' m having trouble understanding what you want . could you please rephrase it ?
Reward: 0.07952363044023514

hello , welcome to the restaurant finding system . how may i help you ?
hi , i want to book a table
what part of town do you have in mind ?
i need a reservation in a moderate price range and in the centre of town after .
what kind of food would you like ?
Reward: 0.7805088758468628

hello , welcome to the restaurant finding system . how may i help you ?
i need a mediterranean restaurant .
what part of town do you have in mind ?
i want to book a table
what part of town do you have in mind ?
Reward: 0.7680088877677917

hello , welcome to the restaurant finding system . how may i help you ?
hi , i want to book a table
what part of town do you have in mind ?
i don ' t understand . what ' s the best selling single few only
what part of town do you have in mind ?
Reward: 0.6877716779708862

hello , welcome to the restaurant finding system . how may i help you ?
hi , i want to book a table
what part of town do you have in mind ?
pirates of $ drugs . any clever , .
what part of town do you have in mind ?
Reward: 0.6874645352363586

hello , welcome to the restaurant finding system . how may i help you ?
i want a place on a restaurant on a few about businesses in the nose . any clever price range and . right now .
what part of town do you have in mind ?
i want to i want a place for a restaurant in the moderate price range and in the memphis .
what part of town do you have in mind ?
Reward: 0.7763187289237976

hello , welcome to the restaurant finding system . how may i help you ?
hi , i want to book a table
what part of town do you have in mind ?
i want to book a table
what part of town do you have in mind ?
Reward: 0.7716590166091919

hello , welcome to the restaurant finding system . how may i help you ?
i don ' t understand . what ' s it , i ' d like to go with an italian restaurant and now
what part of town do you have in mind ?
i ' m very happy . i ' ll take a restaurant and i ' ll take a few
what part of town do you have in mind ?
Reward: 0.5073398947715759

hello , welcome to the restaurant finding system . how may i help you ?
i need another restaurant .
what part of town do you have in mind ?
i don ' t understand . how about denver , go to place
what part of town do you have in mind ?
Reward: 0.7686452865600586

hello , welcome to the restaurant finding system . how may i help you ?
i don ' t understand . how about an decision .
i ' m having trouble understanding what you want . could you please rephrase it ?
i need a restaurant in my private . when are the clever place on a restaurant or as well , i prefer part of town
what part of town do you have in mind ?
Reward: 0.1042155772447586

hello , welcome to the restaurant finding system . how may i help you ?
i would like to know if i need to book a table
what part of town do you have in mind ?
well i want to book a table
what part of town do you have in mind ?
Reward: 0.35544025897979736

hello , welcome to the restaurant finding system . how may i help you ?
i want a restaurant in the moderate price range and in
what part of town do you have in mind ?
i want the restaurant cause of town
what part of town do you have in mind ?
Reward: 0.7747324109077454

hello , welcome to the restaurant finding system . how may i help you ?
hi , i want to book a table
what part of town do you have in mind ?
i want to book a table
what part of town do you have in mind ?
Reward: 0.7716590166091919

hello , welcome to the restaurant finding system . how may i help you ?
i remember a restaurant i ' m really really to go with .
what part of town do you have in mind ?
i don ' t understand . are you using a few in any part of town after .
what kind of food would you like ?
Reward: 0.3211146891117096

hello , welcome to the restaurant finding system . how may i help you ?
i need another restaurant .
what part of town do you have in mind ?
i would like to book a table
what part of town do you have in mind ?
Reward: 0.7702831029891968

hello , welcome to the restaurant finding system . how may i help you ?
hi , i want to book a table
what part of town do you have in mind ?
i want a table
what part of town do you have in mind ?
Reward: 0.771641731262207

hello , welcome to the restaurant finding system . how may i help you ?
well i need to book a table
what part of town do you have in mind ?
well i figured at what i ' m also using to the best .
what part of town do you have in mind ?
Reward: 0.6852250695228577

hello , welcome to the restaurant finding system . how may i help you ?
i want to know what is my best selling single restaurant in each jazz .
what part of town do you have in mind ?
newer date of birth at each jazz .
what part of town do you have in mind ?
Reward: 0.23995092511177063

hello , welcome to the restaurant finding system . how may i help you ?
hi , i want to book a table
what part of town do you have in mind ?
i need another restaurant .
what part of town do you have in mind ?
Reward: 0.7716844081878662

hello , welcome to the restaurant finding system . how may i help you ?
hi , i want to book a table
what part of town do you have in mind ?
i want to book a table
what part of town do you have in mind ?
Reward: 0.7716590166091919

hello , welcome to the restaurant finding system . how may i help you ?
i would like to know how to do about it .
i ' m having trouble understanding what you want . could you please rephrase it ?
i need to know how to do about it . i ' ve thought it has a great restaurant .
thank you , goodbye .
Reward: 0.09533149003982544

hello , welcome to the restaurant finding system . how may i help you ?
well i need to know if i to go to a few at the same date of birth and how do i want to book
i ' m having trouble understanding what you want . could you please rephrase it ?
i want to buy a few
i ' m having trouble understanding what you want . could you please rephrase it ?
Reward: 0.08001386374235153

hello , welcome to the restaurant finding system . how may i help you ?
i need another restaurant .
what part of town do you have in mind ?
i want to book a table
what part of town do you have in mind ?
Reward: 0.7703215479850769

hello , welcome to the restaurant finding system . how may i help you ?
i need another restaurant .
what part of town do you have in mind ?
i need another restaurant .
what part of town do you have in mind ?
Reward: 0.7703009843826294

hello , welcome to the restaurant finding system . how may i help you ?
hi , i want to book a table
what part of town do you have in mind ?
i ' d like to know how to make a table
what part of town do you have in mind ?
Reward: 0.6850415468215942

hello , welcome to the restaurant finding system . how may i help you ?
i need another restaurant .
what part of town do you have in mind ?
i need another restaurant .
what part of town do you have in mind ?
Reward: 0.7703009843826294

hello , welcome to the restaurant finding system . how may i help you ?
i ' ll take a few if what ' s the closest a restaurant , i ' d like to book a table
what part of town do you have in mind ?
well i don ' t understand . i figured for my customers i need to book one night
what part of town do you have in mind ?
Reward: 0.23876236379146576

hello , welcome to the restaurant finding system . how may i help you ?
hi , i want to book a table
what part of town do you have in mind ?
i want to book a table
what part of town do you have in mind ?
Reward: 0.7716590166091919

hello , welcome to the restaurant finding system . how may i help you ?
i need another restaurant .
what part of town do you have in mind ?
im referring to a restaurant price ,
what part of town do you have in mind ?
Reward: 0.7702494859695435

hello , welcome to the restaurant finding system . how may i help you ?
i need another restaurant .
what part of town do you have in mind ?
i ' m a go .
what part of town do you have in mind ?
Reward: 0.7701274752616882

hello , welcome to the restaurant finding system . how may i help you ?
i want a restaurant in the family price .
what part of town do you have in mind ?
i would like to book a table
what part of town do you have in mind ?
Reward: 0.7658808827400208

hello , welcome to the restaurant finding system . how may i help you ?
i want a restaurant in the cheap price range and in
what part of town do you have in mind ?
i want to book a table
what part of town do you have in mind ?
Reward: 0.77480149269104

hello , welcome to the restaurant finding system . how may i help you ?
hi , i prefer part of town .
i ' m having trouble understanding what you want . could you please rephrase it ?
i need to book a table
what part of town do you have in mind ?
Reward: 0.19594532251358032

hello , welcome to the restaurant finding system . how may i help you ?
i need another restaurant .
what part of town do you have in mind ?
i want a restaurant in the west of town .
what kind of food would you like ?
Reward: 0.779624879360199

hello , welcome to the restaurant finding system . how may i help you ?
i need another restaurant .
what part of town do you have in mind ?
i dont know if i ' d like to book a few
what kind of food would you like ?
Reward: 0.6770658493041992

hello , welcome to the restaurant finding system . how may i help you ?
hi , i want to book a table
what part of town do you have in mind ?
i want a restaurant in the west of town ?
what kind of food would you like ?
Reward: 0.7805195450782776

hello , welcome to the restaurant finding system . how may i help you ?
i need a restaurant in the moderate price range and in my local .
what part of town do you have in mind ?
i want to book a table
what part of town do you have in mind ?
Reward: 0.7733872532844543

hello , welcome to the restaurant finding system . how may i help you ?
i want a restaurant in the cheap price range and in the west of town .
what kind of food would you like ?
i want a place with authentic . i ' ll take some a spot .
what kind of food would you like ?
Reward: 0.6888625025749207

hello , welcome to the restaurant finding system . how may i help you ?
i would like to know what is the best conversation with authentic .
i ' m having trouble understanding what you want . could you please rephrase it ?
i need a few in an client of my pickup , i don ' t understand . the beach . is the beach .
i ' m having trouble understanding what you want . could you please rephrase it ?
Reward: 0.07887127250432968

hello , welcome to the restaurant finding system . how may i help you ?
yes , i want to book a table
what part of town do you have in mind ?
i want a restaurant in the moderate price range and in the west of town after .
what kind of food would you like ?
Reward: 0.7799100279808044

hello , welcome to the restaurant finding system . how may i help you ?
i want to know what can i do to book a table
what part of town do you have in mind ?
i want a table
what part of town do you have in mind ?
Reward: 0.6488866209983826

