hello , welcome to the restaurant finding system . how may i help you ?
i need another restaurant .
what part of town do you have in mind ?
i need a european venue .
what part of town do you have in mind ?
sadly . i want to know what ?
what part of town do you have in mind ?
Reward: 0.7057327032089233

hello , welcome to the restaurant finding system . how may i help you ?
i need another restaurant .
what part of town do you have in mind ?
i prefer a venue in centre .
what kind of food would you like ?
i just need a local location .
what kind of food would you like ?
Reward: 0.712831974029541

hello , welcome to the restaurant finding system . how may i help you ?
hi , i want to book a table
what part of town do you have in mind ?
i prefer a venue in centre .
what kind of food would you like ?
it ' s a fit a venue .
what kind of food would you like ?
Reward: 0.7146226763725281

hello , welcome to the restaurant finding system . how may i help you ?
hi , i want to book a table
what part of town do you have in mind ?
i want a restaurant in the cheap price range and in the memphis .
what part of town do you have in mind ?
i prefer memphis .
what part of town do you have in mind ?
Reward: 0.7090204358100891

hello , welcome to the restaurant finding system . how may i help you ?
i need another restaurant .
what part of town do you have in mind ?
i prefer a venue in centre .
what kind of food would you like ?
i want a squared client of a few .
what kind of food would you like ?
Reward: 0.712809681892395

hello , welcome to the restaurant finding system . how may i help you ?
hi , i want to book a table
what part of town do you have in mind ?
i ' m trying to enjoy .
what part of town do you have in mind ?
i would like to know what if i want to book a table
what part of town do you have in mind ?
Reward: 0.6215648651123047

hello , welcome to the restaurant finding system . how may i help you ?
i need another restaurant .
what part of town do you have in mind ?
i prefer a venue at home ?
what part of town do you have in mind ?
i am not bad , sadly . i want a european venue .
what part of town do you have in mind ?
Reward: 0.7067771553993225

hello , welcome to the restaurant finding system . how may i help you ?
hi , i want to book a table
what part of town do you have in mind ?
sadly . i want a restaurant in the cheap price range and in the west of town
what kind of food would you like ?
i need a restaurant in the moderate price range and in centre .
what kind of food would you like ?
Reward: 0.7144269943237305

hello , welcome to the restaurant finding system . how may i help you ?
hi , i want to book a table
what part of town do you have in mind ?
i don have a restaurant . what is the expensive ticket to do that ?
what part of town do you have in mind ?
i prefer a venue in north .
what kind of food would you like ?
Reward: 0.5791059732437134

hello , welcome to the restaurant finding system . how may i help you ?
i need another restaurant .
what part of town do you have in mind ?
i want a venue in the moderate price range and in the memphis .
what part of town do you have in mind ?
i am , sadly . i want to book a table
what part of town do you have in mind ?
Reward: 0.7074233889579773

hello , welcome to the restaurant finding system . how may i help you ?
i want to know what for the best selling single restaurant in please .
what part of town do you have in mind ?
i don ' t prefer a fan of town .
what part of town do you have in mind ?
i prefer the cheap price range serving modern bryan .
what part of town do you have in mind ?
Reward: 0.28064385056495667

hello , welcome to the restaurant finding system . how may i help you ?
i need another restaurant .
what part of town do you have in mind ?
i don ' t understand . what ' s the best selling single restaurant in any part of town ?
what kind of food would you like ?
please tell them my best selling single restaurant .
what kind of food would you like ?
Reward: 0.7112884521484375

hello , welcome to the restaurant finding system . how may i help you ?
i need another restaurant .
what part of town do you have in mind ?
i want a restaurant in the cheap price range and in the centre of town .
what kind of food would you like ?
any venue
what kind of food would you like ?
Reward: 0.7128749489784241

hello , welcome to the restaurant finding system . how may i help you ?
i need a venue in centre .
i ' m having trouble understanding what you want . could you please rephrase it ?
i want a venue in the local for my local cat . are you using an client of a room if i ' m best
i ' m having trouble understanding what you want . could you please rephrase it ?
i need another restaurant .
what part of town do you have in mind ?
Reward: 0.057914458215236664

hello , welcome to the restaurant finding system . how may i help you ?
hi , i want to book a table
what part of town do you have in mind ?
i want a restaurant in any price range and any price range is no . i ' m really cliche to i need a spot
what part of town do you have in mind ?
i want to book a table
what part of town do you have in mind ?
Reward: 0.7090176343917847

hello , welcome to the restaurant finding system . how may i help you ?
hi , i want to book a table
what part of town do you have in mind ?
i want a restaurant in the moderate price range and in the centre of town .
what kind of food would you like ?
i want a client of my local cat ,
what kind of food would you like ?
Reward: 0.7145475745201111

hello , welcome to the restaurant finding system . how may i help you ?
i need another restaurant .
what part of town do you have in mind ?
everything is fine . i need a restaurant in centre .
what kind of food would you like ?
i want a few a single venue in the 21 2019
what kind of food would you like ?
Reward: 0.6879060864448547

hello , welcome to the restaurant finding system . how may i help you ?
hi , i want to book a table
what part of town do you have in mind ?
i prefer a venue in south .
what kind of food would you like ?
i want to book a table
what kind of food would you like ?
Reward: 0.7145958542823792

hello , welcome to the restaurant finding system . how may i help you ?
i want a restaurant in the moderate price range and in the west of town and in the west of town .
what kind of food would you like ?
i want to book a table
what kind of food would you like ?
i need a venue in any price range and then .
what kind of food would you like ?
Reward: 0.7161015272140503

hello , welcome to the restaurant finding system . how may i help you ?
i need another restaurant .
what part of town do you have in mind ?
i want a venue in the expensive price range and in the memphis .
what part of town do you have in mind ?
i prefer a venue in west .
what kind of food would you like ?
Reward: 0.7127100229263306

hello , welcome to the restaurant finding system . how may i help you ?
hi , i want to book 4 for a restaurant .
what part of town do you have in mind ?
i prefer a venue in south .
what kind of food would you like ?
i want to book a table
what kind of food would you like ?
Reward: 0.7115553021430969

hello , welcome to the restaurant finding system . how may i help you ?
hi , i want to book a table
what part of town do you have in mind ?
i am no with everything . i want a venue in the moderate price range and in the memphis .
what part of town do you have in mind ?
i want the audience for the future rd weather .
what part of town do you have in mind ?
Reward: 0.5479782223701477

hello , welcome to the restaurant finding system . how may i help you ?
hi , i want to book a table
what part of town do you have in mind ?
i want a restaurant in the cheap price range and in the centre of town .
what kind of food would you like ?
any price range is there any price range please
what kind of food would you like ?
Reward: 0.7144379019737244

hello , welcome to the restaurant finding system . how may i help you ?
i need another restaurant .
what part of town do you have in mind ?
it doesn ' t matter .
what part of town do you have in mind ?
i ' m matter with you , i want to book a table
what part of town do you have in mind ?
Reward: 0.7071914076805115

hello , welcome to the restaurant finding system . how may i help you ?
well i want a restaurant in the moderate price range and in the west of town .
what kind of food would you like ?
i want to book a table
what kind of food would you like ?
i need a venue in the moderate price range and in the memphis .
what kind of food would you like ?
Reward: 0.7158215641975403

hello , welcome to the restaurant finding system . how may i help you ?
i would like to know what the restaurant i do .
what part of town do you have in mind ?
i want to book a table
what part of town do you have in mind ?
it doesn ' t matter .
what part of town do you have in mind ?
Reward: 0.2808915078639984

hello , welcome to the restaurant finding system . how may i help you ?
hi , i want to book a table
what part of town do you have in mind ?
i want a venue in the moderate price range and in the centre of town .
what kind of food would you like ?
the earliest if i have my local cat .
what kind of food would you like ?
Reward: 0.7001734972000122

hello , welcome to the restaurant finding system . how may i help you ?
i need another restaurant .
what part of town do you have in mind ?
it doesn ' t matter .
what part of town do you have in mind ?
i am not a spot .
what part of town do you have in mind ?
Reward: 0.7069547176361084

hello , welcome to the restaurant finding system . how may i help you ?
i need another restaurant .
what part of town do you have in mind ?
sadly . i want to know what that is in the moderate price range and in the memphis .
what part of town do you have in mind ?
i prefer a venue ?
what part of town do you have in mind ?
Reward: 0.6119281053543091

hello , welcome to the restaurant finding system . how may i help you ?
i need another restaurant .
what part of town do you have in mind ?
i ' m looking for a venue in east .
what kind of food would you like ?
i ' m trying to enjoy .
what kind of food would you like ?
Reward: 0.5746906399726868

hello , welcome to the restaurant finding system . how may i help you ?
i need another restaurant .
what part of town do you have in mind ?
i don ' t understand . what is a table
what part of town do you have in mind ?
everything is fine . another without me ?
what part of town do you have in mind ?
Reward: 0.7071292996406555

hello , welcome to the restaurant finding system . how may i help you ?
hi , i want to book a table
what part of town do you have in mind ?
everything is fine . i want a venue in the moderate price range and both in the memphis .
what part of town do you have in mind ?
it doesn ' t matter .
what part of town do you have in mind ?
Reward: 0.7084887623786926

hello , welcome to the restaurant finding system . how may i help you ?
hi , i want to book a table
what part of town do you have in mind ?
i decide to it
what part of town do you have in mind ?
i already know .
what part of town do you have in mind ?
Reward: 0.7088128328323364

hello , welcome to the restaurant finding system . how may i help you ?
hi , i want to book a table
what part of town do you have in mind ?
i want a venue in the moderate price range and in the centre of town .
what kind of food would you like ?
any address there ?
what kind of food would you like ?
Reward: 0.7145102024078369

hello , welcome to the restaurant finding system . how may i help you ?
hi , i want to book a table
what part of town do you have in mind ?
i prefer a venue in centre .
what kind of food would you like ?
i want a venue in my local cat .
what kind of food would you like ?
Reward: 0.7146990299224854

hello , welcome to the restaurant finding system . how may i help you ?
hi , i want to book a table
what part of town do you have in mind ?
i ' m taking a lot of camping and then . i need a portuguese venue .
what part of town do you have in mind ?
i already know . what is the best selling single ticket ?
what part of town do you have in mind ?
Reward: 0.53914475440979

hello , welcome to the restaurant finding system . how may i help you ?
hi , i want to book a table
what part of town do you have in mind ?
well i want a restaurant in the cheap price range and in the memphis .
what part of town do you have in mind ?
a venue in south .
what kind of food would you like ?
Reward: 0.7144391536712646

hello , welcome to the restaurant finding system . how may i help you ?
hi , i want to book a table
what part of town do you have in mind ?
i ' m trying to get a table
what part of town do you have in mind ?
i already know . what is it ?
what part of town do you have in mind ?
Reward: 0.7082560062408447

hello , welcome to the restaurant finding system . how may i help you ?
hi , i want to book a table
what part of town do you have in mind ?
what is the best selling single restaurant in the cheap price range and in the centre of town ?
what kind of food would you like ?
any clever with my local cat .
what kind of food would you like ?
Reward: 0.5808733701705933

hello , welcome to the restaurant finding system . how may i help you ?
i need another restaurant .
what part of town do you have in mind ?
i am not bad . what ' s the best selling single restaurant in everything .
what part of town do you have in mind ?
i knew i want to book a table
what part of town do you have in mind ?
Reward: 0.5720443725585938

hello , welcome to the restaurant finding system . how may i help you ?
i need another restaurant .
what part of town do you have in mind ?
it doesn ' t matter .
what part of town do you have in mind ?
i want to book a table
what part of town do you have in mind ?
Reward: 0.7070367336273193

hello , welcome to the restaurant finding system . how may i help you ?
i need another restaurant .
what part of town do you have in mind ?
i prefer an client of any venue
what part of town do you have in mind ?
what is the address of the same week
what part of town do you have in mind ?
Reward: 0.7061706185340881

hello , welcome to the restaurant finding system . how may i help you ?
i need another restaurant .
what part of town do you have in mind ?
i need a restaurant in centre .
what kind of food would you like ?
i need a european restaurant .
would you like something in the cheap , moderate , or expensive price range ?
Reward: 0.8342115879058838

hello , welcome to the restaurant finding system . how may i help you ?
hi , i want to book a table
what part of town do you have in mind ?
i am so about what time is the best selling single prompts for my costs .
what part of town do you have in mind ?
i am the smartest person off . when i do that
what part of town do you have in mind ?
Reward: 0.3244822025299072

hello , welcome to the restaurant finding system . how may i help you ?
i need another restaurant .
what part of town do you have in mind ?
i ' m taking a few , i want to book a table
what part of town do you have in mind ?
what is the cheap price range when i do in ?
what part of town do you have in mind ?
Reward: 0.7072427272796631

hello , welcome to the restaurant finding system . how may i help you ?
i need another restaurant .
what part of town do you have in mind ?
i guess i want a venue in the moderate price range and in the memphis .
what part of town do you have in mind ?
i prefer the address .
what part of town do you have in mind ?
Reward: 0.7073919773101807

hello , welcome to the restaurant finding system . how may i help you ?
i need another restaurant .
what part of town do you have in mind ?
i want to book a table
what part of town do you have in mind ?
i prefer a venue in south .
what kind of food would you like ?
Reward: 0.7127709984779358

hello , welcome to the restaurant finding system . how may i help you ?
i need another restaurant .
what part of town do you have in mind ?
it doesn ' t matter .
what part of town do you have in mind ?
it doesn ' t matter .
what part of town do you have in mind ?
Reward: 0.7070233225822449

hello , welcome to the restaurant finding system . how may i help you ?
hi , i want to book a table
what part of town do you have in mind ?
everything is fine . i need a restaurant in centre .
what kind of food would you like ?
i want a venue in the catering . i need a tent .
what kind of food would you like ?
Reward: 0.6905127763748169

hello , welcome to the restaurant finding system . how may i help you ?
i need another restaurant .
what part of town do you have in mind ?
it doesn ' t matter .
what part of town do you have in mind ?
i want a venue in the moderate price range and in the north of town .
what kind of food would you like ?
Reward: 0.712649405002594

hello , welcome to the restaurant finding system . how may i help you ?
i want a restaurant in the moderate price range .
what part of town do you have in mind ?
i don ' t know , sadly . i want to book a table
what part of town do you have in mind ?
i don ' t understand . what is the best selling single restaurant in my local website .
what part of town do you have in mind ?
Reward: 0.7097920775413513

hello , welcome to the restaurant finding system . how may i help you ?
i want a restaurant in the moderate price range and in the centre of town .
what kind of food would you like ?
i want a schedule for a client of my local cat .
what kind of food would you like ?
i want a client in any part of town part of town ' s after my local website .
what kind of food would you like ?
Reward: 0.57491534948349

hello , welcome to the restaurant finding system . how may i help you ?
i need another restaurant .
what part of town do you have in mind ?
i prefer a venue in north .
what kind of food would you like ?
i think i want to book a table
what kind of food would you like ?
Reward: 0.7128694653511047

hello , welcome to the restaurant finding system . how may i help you ?
i need another restaurant .
what part of town do you have in mind ?
i want a venue in the moderate price range and in the south of town .
what kind of food would you like ?
i want a venue in the moderate price range and in any part of town .
what kind of food would you like ?
Reward: 0.7129502892494202

hello , welcome to the restaurant finding system . how may i help you ?
hi , i want to book a table
what part of town do you have in mind ?
i want a restaurant in the moderate price range and in the centre of town .
what kind of food would you like ?
any price range and any price range when i do not .
what kind of food would you like ?
Reward: 0.7144321203231812

hello , welcome to the restaurant finding system . how may i help you ?
i need another restaurant .
what part of town do you have in mind ?
i really want a venue in any part of town .
what kind of food would you like ?
it doesn ' t matter .
what kind of food would you like ?
Reward: 0.7127277851104736

hello , welcome to the restaurant finding system . how may i help you ?
i want a restaurant in the moderate price range .
what part of town do you have in mind ?
i prefer a venue near thai , sadly .
i am sorry but there is no place , serving thai food and in the moderate price range .
i am ok with any clever of everything . i want to book a table
thank you , goodbye .
Reward: 0.7018941640853882

hello , welcome to the restaurant finding system . how may i help you ?
hi , i want to book a table
what part of town do you have in mind ?
i want a venue in the moderate price range and in the centre of town .
what kind of food would you like ?
i want a client of my client of this meeting is dad" in north .
what kind of food would you like ?
Reward: 0.7015362977981567

hello , welcome to the restaurant finding system . how may i help you ?
i need another restaurant .
what part of town do you have in mind ?
i want to book a table
what part of town do you have in mind ?
i prefer a venue in south .
what kind of food would you like ?
Reward: 0.7127709984779358

hello , welcome to the restaurant finding system . how may i help you ?
hi , i want to book a table
what part of town do you have in mind ?
i don ' t want a table
what part of town do you have in mind ?
i prefer a venue in centre .
what kind of food would you like ?
Reward: 0.7144669890403748

hello , welcome to the restaurant finding system . how may i help you ?
i need another restaurant .
what part of town do you have in mind ?
i need another restaurant .
what part of town do you have in mind ?
i don ' t know , i need another restaurant .
what part of town do you have in mind ?
Reward: 0.7072252035140991

hello , welcome to the restaurant finding system . how may i help you ?
i need another restaurant .
what part of town do you have in mind ?
i want to know where the earliest is .
what part of town do you have in mind ?
i prefer a venue in centre .
what kind of food would you like ?
Reward: 0.5751473903656006

hello , welcome to the restaurant finding system . how may i help you ?
i want a restaurant in the cheap price range and in the centre of town .
what kind of food would you like ?
i need a indian venue .
the gandhi is a nice place , it is in the centre of town , it serves indian food and it is in the cheap price range .
where is everything is there ?
the gandhi is a nice place , it serves indian food , it is in the centre of town and it is in the cheap price range .
Reward: 0.7578530311584473

hello , welcome to the restaurant finding system . how may i help you ?
i want a restaurant in a restaurant .
what part of town do you have in mind ?
i want a venue in any part of town .
what kind of food would you like ?
any price range is okay .
what kind of food would you like ?
Reward: 0.7147569060325623

hello , welcome to the restaurant finding system . how may i help you ?
hi , i want to book a table
what part of town do you have in mind ?
i want a venue in the moderate price range and in the west of town after .
what kind of food would you like ?
i want to book a table
what kind of food would you like ?
Reward: 0.7145087122917175

hello , welcome to the restaurant finding system . how may i help you ?
i need another restaurant .
what part of town do you have in mind ?
i prefer a venue in north .
what kind of food would you like ?
it doesn ' t matter .
what kind of food would you like ?
Reward: 0.7128572463989258

hello , welcome to the restaurant finding system . how may i help you ?
i need a restaurant in centre , i don ' t understand . . i prefer bad .
what kind of food would you like ?
i want a venue in my local cat .
what kind of food would you like ?
i want a restaurant in centre .
what kind of food would you like ?
Reward: 0.6580343246459961

hello , welcome to the restaurant finding system . how may i help you ?
i don ' t understand . how do the customers i want a table
what part of town do you have in mind ?
i prefer a venue in north .
what kind of food would you like ?
i figured out. st . where is 1234 .
what kind of food would you like ?
Reward: 0.713627815246582

hello , welcome to the restaurant finding system . how may i help you ?
hi , i want to book a table
what part of town do you have in mind ?
i prefer a venue in east .
what kind of food would you like ?
i am everything where i want to book a table
what kind of food would you like ?
Reward: 0.714728057384491

hello , welcome to the restaurant finding system . how may i help you ?
hi , i want to book a table
what part of town do you have in mind ?
i want a cheap restaurant in the moderate price range and in the memphis .
what part of town do you have in mind ?
saturday and they' ll need a restaurant later .
what part of town do you have in mind ?
Reward: 0.7090364098548889

hello , welcome to the restaurant finding system . how may i help you ?
i need another restaurant .
what part of town do you have in mind ?
i go the above in centre .
what kind of food would you like ?
i need a restaurant in the cheap price range and in the centre of the room, .
what kind of food would you like ?
Reward: 0.7060781121253967

hello , welcome to the restaurant finding system . how may i help you ?
hi , i want to book a table
what part of town do you have in mind ?
i want a restaurant in the cheap price range and in the centre of town .
what kind of food would you like ?
it i don ' t matter .
what kind of food would you like ?
Reward: 0.7144770622253418

hello , welcome to the restaurant finding system . how may i help you ?
hi , i want to book a table
what part of town do you have in mind ?
i need a portuguese class .
what part of town do you have in mind ?
i want a venue in the moderate price range and in it .
i am sorry but there is no place , serving portuguese food and in the moderate price range .
Reward: 0.8308355808258057

hello , welcome to the restaurant finding system . how may i help you ?
hi , i want to book a table
what part of town do you have in mind ?
i am in the memphis .
what part of town do you have in mind ?
i am got another .
what part of town do you have in mind ?
Reward: 0.6352791786193848

hello , welcome to the restaurant finding system . how may i help you ?
hi , i want to book a table
what part of town do you have in mind ?
i don ' t understand . what ' s the best selling single decision .
what part of town do you have in mind ?
the moderate price range serving modern family of china .
what part of town do you have in mind ?
Reward: 0.575688362121582

hello , welcome to the restaurant finding system . how may i help you ?
hi , i want to book a table
what part of town do you have in mind ?
i want a restaurant in the cheap price range and in the centre of town .
what kind of food would you like ?
i need a indian venue .
the gandhi is a nice place , it is in the centre of town , it is in the cheap price range and it serves indian food .
Reward: 0.8363673686981201

hello , welcome to the restaurant finding system . how may i help you ?
i do not know who is an above in , it doesn ' t matter .
i ' m having trouble understanding what you want . could you please rephrase it ?
hi , i want to book a table
what part of town do you have in mind ?
i ' m taking an extra part of town . how is the best selling single plane please .
what part of town do you have in mind ?
Reward: 0.11045233905315399

hello , welcome to the restaurant finding system . how may i help you ?
i need another restaurant .
what part of town do you have in mind ?
i want a venue in the moderate price range and in the centre of town .
what kind of food would you like ?
i need a client of my local cat .
what kind of food would you like ?
Reward: 0.7073348760604858

hello , welcome to the restaurant finding system . how may i help you ?
hi , i want to book a table
what part of town do you have in mind ?
i prefer a venue in south .
what kind of food would you like ?
i want to book a table
what kind of food would you like ?
Reward: 0.7145958542823792

hello , welcome to the restaurant finding system . how may i help you ?
hi , i want to book a table
what part of town do you have in mind ?
i want a restaurant in the cheap price range and in the memphis .
what part of town do you have in mind ?
it doesn ' t matter .
what part of town do you have in mind ?
Reward: 0.7090067267417908

hello , welcome to the restaurant finding system . how may i help you ?
i want a restaurant in the moderate price range .
what part of town do you have in mind ?
i prefer a venue in north .
what kind of food would you like ?
i want to book a table
what kind of food would you like ?
Reward: 0.7153422832489014

hello , welcome to the restaurant finding system . how may i help you ?
hi , i want to book a table
what part of town do you have in mind ?
i prefer a venue in north .
what kind of food would you like ?
any restaurant , i don ' t know .
what kind of food would you like ?
Reward: 0.7145879864692688

hello , welcome to the restaurant finding system . how may i help you ?
i need another restaurant .
what part of town do you have in mind ?
i prefer a venue in north .
what kind of food would you like ?
any restaurant i was about .
what kind of food would you like ?
Reward: 0.712854266166687

hello , welcome to the restaurant finding system . how may i help you ?
hi , i want to book a table
what part of town do you have in mind ?
i want a restaurant in the moderate price range and in the west of town after home part
what kind of food would you like ?
i want to book a table
what kind of food would you like ?
Reward: 0.714502215385437

hello , welcome to the restaurant finding system . how may i help you ?
hi , i want to book a table
what part of town do you have in mind ?
i don ' t understand . what ' s the best selling single table
what part of town do you have in mind ?
i prefer a venue in west .
what kind of food would you like ?
Reward: 0.6062876582145691

hello , welcome to the restaurant finding system . how may i help you ?
hi , i want to book a table
what part of town do you have in mind ?
everything is fine . i want a venue in any price range and * home
what part of town do you have in mind ?
it doesn ' t matter .
what part of town do you have in mind ?
Reward: 0.7089361548423767

hello , welcome to the restaurant finding system . how may i help you ?
hi , i want to book a table
what part of town do you have in mind ?
how about a restaurant in a part of town .
what part of town do you have in mind ?
i don ' t understand . what is my best selling single restaurant in it .
what part of town do you have in mind ?
Reward: 0.706965446472168

hello , welcome to the restaurant finding system . how may i help you ?
i need a european restaurant .
what part of town do you have in mind ?
i prefer a venue in centre .
would you like something in the cheap , moderate , or expensive price range ?
it is 2 up .
would you like something in the cheap , moderate , or expensive price range ?
Reward: 0.8391592502593994

hello , welcome to the restaurant finding system . how may i help you ?
hi , i want to book a table
what part of town do you have in mind ?
i am using a venue
what part of town do you have in mind ?
i am right at the moment .
what part of town do you have in mind ?
Reward: 0.6756937503814697

hello , welcome to the restaurant finding system . how may i help you ?
hi , i want to book a table
what part of town do you have in mind ?
i prefer a venue in centre .
what kind of food would you like ?
i want a venue in the client of my bank .
what kind of food would you like ?
Reward: 0.714720606803894

hello , welcome to the restaurant finding system . how may i help you ?
hi , i want to book a table
what part of town do you have in mind ?
i am what the address of the closest one right at the moment .
what part of town do you have in mind ?
i want a restaurant in the south of town .
what kind of food would you like ?
Reward: 0.5733804702758789

hello , welcome to the restaurant finding system . how may i help you ?
hi , i want to book a table
what part of town do you have in mind ?
i need a portuguese venue .
what part of town do you have in mind ?
well i want to know if i book a table
what part of town do you have in mind ?
Reward: 0.6597468852996826

hello , welcome to the restaurant finding system . how may i help you ?
hi , i want to book a table
what part of town do you have in mind ?
i want a venue in the moderate price range and in the centre of town .
what kind of food would you like ?
i want a venue for my local cat .
what kind of food would you like ?
Reward: 0.7085542678833008

hello , welcome to the restaurant finding system . how may i help you ?
i need another restaurant .
what part of town do you have in mind ?
i don ' t ' t need another restaurant .
what part of town do you have in mind ?
i ' m really bad . what is the weather
what part of town do you have in mind ?
Reward: 0.7064110636711121

hello , welcome to the restaurant finding system . how may i help you ?
i want a restaurant in the cheap price range and in the centre of town .
what kind of food would you like ?
the indian bike , catering
the gandhi is a nice place , it is in the centre of town , it is in the cheap price range and it serves indian food .
december so , i may fit for my local website .
the gandhi is a nice place , it serves indian food , it is in the centre of town and it is in the cheap price range .
Reward: 0.6921104788780212

hello , welcome to the restaurant finding system . how may i help you ?
i need another restaurant .
what part of town do you have in mind ?
i need another restaurant .
what part of town do you have in mind ?
i want to book a table
what part of town do you have in mind ?
Reward: 0.7071829438209534

hello , welcome to the restaurant finding system . how may i help you ?
hi , i want to book a table
what part of town do you have in mind ?
i want a venue in the moderate price range and in there .
what part of town do you have in mind ?
it doesn ' t matter .
what part of town do you have in mind ?
Reward: 0.7090175151824951

hello , welcome to the restaurant finding system . how may i help you ?
i need another restaurant .
what part of town do you have in mind ?
i want a venue in the moderate price range and in the centre of town .
what kind of food would you like ?
i have a venue in west of town part of town .
what kind of food would you like ?
Reward: 0.7128539085388184

hello , welcome to the restaurant finding system . how may i help you ?
i need another restaurant .
what part of town do you have in mind ?
i am this right now .
what part of town do you have in mind ?
i am . i want a venue serving thai food .
what part of town do you have in mind ?
Reward: 0.6402050852775574

hello , welcome to the restaurant finding system . how may i help you ?
i need another restaurant .
what part of town do you have in mind ?
i want to book a table
what part of town do you have in mind ?
well i want to book a table
what part of town do you have in mind ?
Reward: 0.707359254360199

