hello , welcome to the restaurant finding system . how may i help you ?
i need another restaurant .
what part of town do you have in mind ?
i want a venue in the moderate price range and in the centre of town .
what kind of food would you like ?
i want a table
what kind of food would you like ?
i ' m a client if it doesn ' t matter .
what kind of food would you like ?
Reward: 0.6420467495918274

hello , welcome to the restaurant finding system . how may i help you ?
i need another restaurant .
what part of town do you have in mind ?
it doesn ' t matter .
what part of town do you have in mind ?
i need a restaurant in centre .
what kind of food would you like ?
i need a european venue .
would you like something in the cheap , moderate , or expensive price range ?
Reward: 0.6420467495918274

hello , welcome to the restaurant finding system . how may i help you ?
i need another restaurant .
what part of town do you have in mind ?
i need a restaurant in centre .
what kind of food would you like ?
i need a venue a spot .
what kind of food would you like ?
i need a indian venue .
would you like something in the cheap , moderate , or expensive price range ?
Reward: 0.6420467495918274

hello , welcome to the restaurant finding system . how may i help you ?
i want a restaurant in the moderate price range .
what part of town do you have in mind ?
i prefer a venue in west .
what kind of food would you like ?
i need a restaurant in the expensive price range serving interactive food .
what kind of food would you like ?
i ' m something there . i prefer a venue serving obligated to family restaurant .
what kind of food would you like ?
Reward: 0.6420467495918274

hello , welcome to the restaurant finding system . how may i help you ?
i need another restaurant .
what part of town do you have in mind ?
i prefer a venue in north .
what kind of food would you like ?
i need a chinese venue .
would you like something in the cheap , moderate , or expensive price range ?
i want a venue in the moderate price range .
golden wok is a nice place , it is in the moderate price range , it serves chinese food and it is in the north part of town .
Reward: 0.755591869354248

hello , welcome to the restaurant finding system . how may i help you ?
hi , i want to book a table
what part of town do you have in mind ?
i want a venue in any part of town .
what kind of food would you like ?
i ' m taking a few without a few , i want a venue serving elmo .
what kind of food would you like ?
i would like to change another restaurant .
what kind of food would you like ?
Reward: 0.755591869354248

hello , welcome to the restaurant finding system . how may i help you ?
hi , i want to book a table
what part of town do you have in mind ?
i prefer a venue in centre .
what kind of food would you like ?
i want a restaurant near a few ?
what kind of food would you like ?
i need a european venue .
would you like something in the cheap , moderate , or expensive price range ?
Reward: 0.755591869354248

hello , welcome to the restaurant finding system . how may i help you ?
i need another restaurant .
what part of town do you have in mind ?
they say ok . i want a venue in the expensive price range serving drones .
what part of town do you have in mind ?
i prefer a venue in west .
what kind of food would you like ?
i want to book a table
what kind of food would you like ?
Reward: 0.755591869354248

hello , welcome to the restaurant finding system . how may i help you ?
i need another restaurant .
what part of town do you have in mind ?
i want a venue in the moderate price range and in the north of town .
what kind of food would you like ?
i want to book a table
what kind of food would you like ?
i want a greek tank .
i am sorry but there is no place , in the area of north , in the moderate price range and serving greek food .
Reward: 0.7561267614364624

hello , welcome to the restaurant finding system . how may i help you ?
hi , i need another restaurant .
what part of town do you have in mind ?
i need a restaurant in centre .
what kind of food would you like ?
i need a european venue .
would you like something in the cheap , moderate , or expensive price range ?
i need a indian price range .
would you like something in the cheap , moderate , or expensive price range ?
Reward: 0.7561267614364624

hello , welcome to the restaurant finding system . how may i help you ?
i need a restaurant in centre .
what kind of food would you like ?
i want a venue in a venue .
what kind of food would you like ?
i want a venue any restaurant in a few .
what kind of food would you like ?
i need a chinese restaurant .
would you like something in the cheap , moderate , or expensive price range ?
Reward: 0.7561267614364624

hello , welcome to the restaurant finding system . how may i help you ?
i need another restaurant .
what part of town do you have in mind ?
i want a venue in the moderate price range serving a venue in south .
what kind of food would you like ?
i want i do about it . what is the best selling single restaurant in the same part of town for this part of town
what kind of food would you like ?
i want a restaurant in the moderate price range and in the west of town .
what kind of food would you like ?
Reward: 0.7561267614364624

hello , welcome to the restaurant finding system . how may i help you ?
hi , i want to book a table
what part of town do you have in mind ?
i need a european restaurant .
what part of town do you have in mind ?
i prefer a venue in centre .
would you like something in the cheap , moderate , or expensive price range ?
i want a venue in the expensive price range .
michaelhouse cafe is a nice place , it is in the expensive price range , it serves european food and it is in the centre of town .
Reward: 0.6430819630622864

hello , welcome to the restaurant finding system . how may i help you ?
hi , i want to book a table
what part of town do you have in mind ?
i prefer a venue in centre .
what kind of food would you like ?
i want a venue in my local adopted a few , i want a table
what kind of food would you like ?
i want a venue in the indian price range serving chinese food .
would you like something in the cheap , moderate , or expensive price range ?
Reward: 0.6430819630622864

hello , welcome to the restaurant finding system . how may i help you ?
hi , i want to book a table
what part of town do you have in mind ?
i prefer a venue in centre .
what kind of food would you like ?
i need a european venue .
would you like something in the cheap , moderate , or expensive price range ?
it doesn ' t matter .
would you like something in the cheap , moderate , or expensive price range ?
Reward: 0.6430819630622864

hello , welcome to the restaurant finding system . how may i help you ?
hi , i want to book a table
what part of town do you have in mind ?
i want a venue in the moderate price range and in the centre of town .
what kind of food would you like ?
i need a indian venue .
i am sorry but there is no place , in the moderate price range , serving indian food and in the area of centre .
thanks for your help . i ' m hard .
thank you , goodbye .
Reward: 0.6430819630622864

hello , welcome to the restaurant finding system . how may i help you ?
i need another restaurant .
what part of town do you have in mind ?
i want a venue in the moderate price range and in the centre of town .
what kind of food would you like ?
i need a indian venue .
i am sorry but there is no place , in the moderate price range , in the area of centre and serving indian food .
thanks for your help , goodbye .
thank you , goodbye .
Reward: 0.889811635017395

hello , welcome to the restaurant finding system . how may i help you ?
hi , i want to book a table
what part of town do you have in mind ?
i prefer a venue in centre .
what kind of food would you like ?
i need a restaurant in my local .
what kind of food would you like ?
i need a monkey venue .
what kind of food would you like ?
Reward: 0.889811635017395

hello , welcome to the restaurant finding system . how may i help you ?
hi , i want to book a table
what part of town do you have in mind ?
i want a restaurant in the expensive price range and in the centre of town .
what kind of food would you like ?
i need a client about a venue in my local website .
what kind of food would you like ?
i want a venue in the client about a client about a few , i can' need a spot .
what kind of food would you like ?
Reward: 0.889811635017395

hello , welcome to the restaurant finding system . how may i help you ?
i need a restaurant in centre .
what kind of food would you like ?
i want a venue in the moderate price range serving chinese food .
shanghai family restaurant is a nice place , it serves chinese food , it is in the centre of town and it is in the moderate price range .
thanks for your help , goodbye .
thank you , goodbye .
Reward: 0.889811635017395

hello , welcome to the restaurant finding system . how may i help you ?
hi , i want to book a table
what part of town do you have in mind ?
it doesn ' t matter .
what part of town do you have in mind ?
i want a venue in the expensive price range serving asian un .
what part of town do you have in mind ?
i need a chinese venue .
what part of town do you have in mind ?
Reward: 0.6436564922332764

hello , welcome to the restaurant finding system . how may i help you ?
hi , i want to book a table
what part of town do you have in mind ?
it doesn ' t matter .
what part of town do you have in mind ?
i don ' t understand . what is the best selling single restaurant in the same part of town .
what part of town do you have in mind ?
i prefer a restaurant in any part of town .
what kind of food would you like ?
Reward: 0.6436564922332764

hello , welcome to the restaurant finding system . how may i help you ?
hi , i want to book a table
what part of town do you have in mind ?
i prefer a venue in centre .
what kind of food would you like ?
i need a european venue .
would you like something in the cheap , moderate , or expensive price range ?
any price range is a reasonable price range .
galleria is a nice place , it is in the centre of town , it serves european food and it is in the moderate price range .
Reward: 0.6436564922332764

hello , welcome to the restaurant finding system . how may i help you ?
hi , i want to book a table
what part of town do you have in mind ?
i prefer a venue in centre .
what kind of food would you like ?
i need a european venue .
would you like something in the cheap , moderate , or expensive price range ?
i want a venue in the moderate price range .
galleria is a nice place , it is in the centre of town , it is in the moderate price range and it serves european food .
Reward: 0.6436564922332764

hello , welcome to the restaurant finding system . how may i help you ?
hi , i want to book a table
what part of town do you have in mind ?
i want a venue in any part of town .
what kind of food would you like ?
i want a venue serving deadlift ebay .
what kind of food would you like ?
i want something else . i want a venue in the expensive price range .
city stop restaurant is a nice place , it is in the expensive price range and it is in the north part of town .
Reward: 0.7572962641716003

hello , welcome to the restaurant finding system . how may i help you ?
hi , i want to book a table
what part of town do you have in mind ?
i want a venue in the moderate price range and in the centre of town .
what kind of food would you like ?
i need a indian venue .
i am sorry but there is no place , serving indian food , in the moderate price range and in the area of centre .
thanks for your help , goodbye .
thank you , goodbye .
Reward: 0.7572962641716003

hello , welcome to the restaurant finding system . how may i help you ?
i need another restaurant .
what part of town do you have in mind ?
i want to live .
what part of town do you have in mind ?
i prefer a venue in south .
what kind of food would you like ?
i need a chinese venue .
would you like something in the cheap , moderate , or expensive price range ?
Reward: 0.7572962641716003

hello , welcome to the restaurant finding system . how may i help you ?
hi , i want to book a table
what part of town do you have in mind ?
i prefer a venue in west .
what kind of food would you like ?
i need a chinese venue .
i am sorry but there is no place , in the area of west and serving chinese food .
ah , not big . i didn ' t understand . how about the restaurant in the same part of town .
i am sorry but there is no place , serving chinese food and in the area of west .
Reward: 0.7572962641716003

hello , welcome to the restaurant finding system . how may i help you ?
i need a restaurant in east .
what kind of food would you like ?
i need a turkish venue .
i am sorry but there is no place , serving turkish food and in the area of east .
what is the best selling single restaurant in my restaurant ?
i am sorry but there is no place , serving turkish food and in the area of east .
ok , with any entry of your restaurant , i want a club another restaurant .
thank you , goodbye .
Reward: 0.4984494149684906

hello , welcome to the restaurant finding system . how may i help you ?
hi , i want to book a table
what part of town do you have in mind ?
it doesn ' t matter .
what part of town do you have in mind ?
i want a venue in the moderate price range and in south .
what kind of food would you like ?
i need a venue in the moderate price range and in the extreme .
what kind of food would you like ?
Reward: 0.4984494149684906

hello , welcome to the restaurant finding system . how may i help you ?
hi , i want to book a table
what part of town do you have in mind ?
could you tell me what the best selling single restaurant in the moderate price range and in the centre of town ?
what kind of food would you like ?
i want a venue in the moderate price range serving modern european music .
galleria is a nice place , it serves european food , it is in the moderate price range and it is in the centre of town .
wait , i want something else . i want a venue in centre .
hotel du vin and bistro is a nice place , it is in the centre of town , it is in the moderate price range and it serves european food .
Reward: 0.4984494149684906

hello , welcome to the restaurant finding system . how may i help you ?
i need another restaurant .
what part of town do you have in mind ?
i prefer a venue in west .
what kind of food would you like ?
i need a chinese venue .
i am sorry but there is no place , serving chinese food and in the area of west .
what is the restaurant for the italian of few in the united states then ?
would you like something in the cheap , moderate , or expensive price range ?
Reward: 0.4984494149684906

hello , welcome to the restaurant finding system . how may i help you ?
hi , i want to book a table
what part of town do you have in mind ?
i prefer a venue in centre .
what kind of food would you like ?
i need a international venue .
bloomsbury restaurant is a nice place , it is in the centre of town and it serves international food .
i need a european venue .
would you like something in the cheap , moderate , or expensive price range ?
Reward: 0.7547624111175537

hello , welcome to the restaurant finding system . how may i help you ?
hi , i want to book a table
what part of town do you have in mind ?
i want a venue in the moderate price range and in any part of town .
what kind of food would you like ?
i want to book a table
what kind of food would you like ?
i want a venue in the moderate price range serving mysterious her in any part of town .
what kind of food would you like ?
Reward: 0.7547624111175537

hello , welcome to the restaurant finding system . how may i help you ?
i need another restaurant .
what part of town do you have in mind ?
i prefer a venue in north .
what kind of food would you like ?
i need a chinese venue .
would you like something in the cheap , moderate , or expensive price range ?
i want a venue in what is the best selling single restaurant in russia is .
would you like something in the cheap , moderate , or expensive price range ?
Reward: 0.7547624111175537

hello , welcome to the restaurant finding system . how may i help you ?
hi , i want to book a table
what part of town do you have in mind ?
i need a restaurant in centre .
what kind of food would you like ?
i want a few in the moderate price range serving chinese food .
shanghai family restaurant is a nice place , it serves chinese food , it is in the moderate price range and it is in the centre of town .
wait , i want something else . i want a venue in the moderate price range .
lan hong house is a nice place , it is in the moderate price range , it is in the centre of town and it serves chinese food .
Reward: 0.7547624111175537

hello , welcome to the restaurant finding system . how may i help you ?
hi , i want to book a table
what part of town do you have in mind ?
i want a venue in the moderate price range serving modern european food .
galleria is a nice place , it is in the moderate price range and it serves european food .
what is the address of the instances where south of someone world is with ?
can i help you with anything else ?
wait , i want a bundle conversation serving fire .
i am sorry but there is no place , serving world food , in the moderate price range and in the area of south .
Reward: 0.8910413980484009

hello , welcome to the restaurant finding system . how may i help you ?
hi , i want to book a table
what part of town do you have in mind ?
i prefer a venue in centre .
what kind of food would you like ?
i need a chinese venue .
would you like something in the cheap , moderate , or expensive price range ?
i want a venue in the expensive price range .
hk fusion is a nice place , it serves chinese food , it is in the centre of town and it is in the expensive price range .
Reward: 0.8910413980484009

hello , welcome to the restaurant finding system . how may i help you ?
hi , i want to book a table
what part of town do you have in mind ?
it doesn ' t matter .
what part of town do you have in mind ?
i need a restaurant in centre .
what kind of food would you like ?
i need a european venue .
would you like something in the cheap , moderate , or expensive price range ?
Reward: 0.8910413980484009

hello , welcome to the restaurant finding system . how may i help you ?
my restaurant .
what part of town do you have in mind ?
i want a venue serving mediterranean food and any price range is okay .
la mimosa is a nice place , it serves mediterranean food and it is in the expensive price range .
what is the address ?
what part of town do you have in mind ?
i want something else , i live , i want a venue serving lisa .
shiraz restaurant is a nice place , it serves mediterranean food and it is in the expensive price range .
Reward: 0.8910413980484009

hello , welcome to the restaurant finding system . how may i help you ?
i need a restaurant in centre .
what kind of food would you like ?
i decide to the client of my local the lot .
what kind of food would you like ?
i am not looking for a restaurant in the west of town .
what kind of food would you like ?
i want a restaurant in the moderate price range serving chinese food .
i am sorry but there is no place , serving chinese food , in the moderate price range and in the area of west .
Reward: 0.7573816180229187

hello , welcome to the restaurant finding system . how may i help you ?
hi , i want to book a table
what part of town do you have in mind ?
i want a restaurant in the moderate price range and in the centre of town .
what kind of food would you like ?
i need a indian venue .
i am sorry but there is no place , serving indian food , in the moderate price range and in the area of centre .
thanks for your help , goodbye .
thank you , goodbye .
Reward: 0.7573816180229187

hello , welcome to the restaurant finding system . how may i help you ?
i need another restaurant .
what part of town do you have in mind ?
i need a european venue .
what part of town do you have in mind ?
i prefer a venue in north .
i am sorry but there is no place , in the area of north and serving european food .
what is the best selling single restaurant in the beach . miami ?
i am sorry but there is no place , in the area of north and serving european food .
Reward: 0.7573816180229187

hello , welcome to the restaurant finding system . how may i help you ?
i need another restaurant .
what part of town do you have in mind ?
i want a venue in the moderate price range and in the centre of town .
what kind of food would you like ?
i need a indian venue .
i am sorry but there is no place , serving indian food , in the area of centre and in the moderate price range .
thanks for your help , goodbye .
thank you , goodbye .
Reward: 0.7573816180229187

hello , welcome to the restaurant finding system . how may i help you ?
hi , i want a restaurant in any price range and in any part of town .
what kind of food would you like ?
i need a indian venue .
the nirala is a nice place , it is in the moderate price range , it is in the north part of town and it serves indian food .
i want a venue in the expensive price range .
tandoori palace is a nice place , it serves indian food , it is in the north part of town and it is in the expensive price range .
what is the address ?
can i help you with anything else ?
Reward: 0.6422773003578186

hello , welcome to the restaurant finding system . how may i help you ?
i need a mediterranean restaurant .
what part of town do you have in mind ?
i prefer a venue in centre .
would you like something in the cheap , moderate , or expensive price range ?
i want a venue in the expensive price range .
la mimosa is a nice place , it is in the centre of town , it serves mediterranean food and it is in the expensive price range .
that is what i want a restaurant in the expensive price range serving moderate price range .
i am sorry but there is no place , in the area of centre , serving mediterranean food and in the moderate price range .
Reward: 0.6422773003578186

hello , welcome to the restaurant finding system . how may i help you ?
hi , i want to book a table
what part of town do you have in mind ?
i prefer a venue in centre .
what kind of food would you like ?
i need a restaurant in any part of town .
what kind of food would you like ?
i need a indian venue .
would you like something in the cheap , moderate , or expensive price range ?
Reward: 0.6422773003578186

hello , welcome to the restaurant finding system . how may i help you ?
hi , i want to book a table
what part of town do you have in mind ?
it doesn ' t matter .
what part of town do you have in mind ?
i prefer a venue in north .
what kind of food would you like ?
i need a indian venue .
would you like something in the cheap , moderate , or expensive price range ?
Reward: 0.6422773003578186

hello , welcome to the restaurant finding system . how may i help you ?
i need a restaurant in centre .
what kind of food would you like ?
i need a european venue .
would you like something in the cheap , moderate , or expensive price range ?
i need a client venue serving enemies" in south .
i am sorry but there is no place , serving european food and in the area of south .
what is a restaurant in the cheap price range .
i am sorry but there is no place , serving european food , in the cheap price range and in the area of south .
Reward: 0.8840141296386719

hello , welcome to the restaurant finding system . how may i help you ?
hi , i want to book a table
what part of town do you have in mind ?
i want a venue in the moderate price range and in any part of town .
what kind of food would you like ?
i want a venue in the moderate price range serving range food .
what kind of food would you like ?
i want a few in the moderate price range serving moderate price range .
what kind of food would you like ?
Reward: 0.8840141296386719

hello , welcome to the restaurant finding system . how may i help you ?
i need another restaurant .
what part of town do you have in mind ?
i need a european venue .
what part of town do you have in mind ?
any price range is there ok .
what part of town do you have in mind ?
i prefer a venue in south .
i am sorry but there is no place , serving european food and in the area of south .
Reward: 0.8840141296386719

hello , welcome to the restaurant finding system . how may i help you ?
hi , i want to book a table
what part of town do you have in mind ?
i prefer a venue in south .
what kind of food would you like ?
i want a venue in the moderate price range serving modern turkish .
i am sorry but there is no place , in the area of south , serving turkish food and in the moderate price range .
what is the best selling single restaurant in the same part of town ?
i am sorry but there is no place , in the area of south , in the moderate price range and serving turkish food .
Reward: 0.8840141296386719

hello , welcome to the restaurant finding system . how may i help you ?
hi , i want to book a table
what part of town do you have in mind ?
i want a venue in the traditional restaurant .
i am sorry but there is no place serving traditional food .
what is the best selling single restaurant in the same restaurant .
i am sorry but there is no place serving traditional food .
ok , thanks for your help you , goodbye .
thank you , goodbye .
Reward: 0.7574165463447571

hello , welcome to the restaurant finding system . how may i help you ?
i need a mediterranean restaurant .
what part of town do you have in mind ?
i want a restaurant in the expensive price range and in the centre of town .
la mimosa is a nice place , it is in the centre of town , it is in the expensive price range and it serves mediterranean food .
what ' s the address ?
la mimosa is a nice place their address is thompsons lane fen ditton .
thanks for your help , goodbye .
thank you , goodbye .
Reward: 0.7574165463447571

hello , welcome to the restaurant finding system . how may i help you ?
hi , i want to book a table
what part of town do you have in mind ?
i prefer a venue in centre .
what kind of food would you like ?
i ' m a venue if it is a few in the north .
what kind of food would you like ?
i need a european venue .
i am sorry but there is no place , in the area of north and serving european food .
Reward: 0.7574165463447571

hello , welcome to the restaurant finding system . how may i help you ?
hi , i want to book a table
what part of town do you have in mind ?
it doesn ' t matter .
what part of town do you have in mind ?
i need a restaurant in centre .
what kind of food would you like ?
i need a international venue .
bloomsbury restaurant is a nice place , it serves international food and it is in the centre of town .
Reward: 0.7574165463447571

hello , welcome to the restaurant finding system . how may i help you ?
hi , i want to book a table
what part of town do you have in mind ?
i prefer a venue in south . please .
what kind of food would you like ?
i need a chinese venue .
would you like something in the cheap , moderate , or expensive price range ?
i want a venue in the moderate price range .
i am sorry but there is no place , in the moderate price range , in the area of south and serving chinese food .
Reward: 0.8911831378936768

hello , welcome to the restaurant finding system . how may i help you ?
hi , that ' s what i want to book a table
what part of town do you have in mind ?
i couldn ' t matter .
what part of town do you have in mind ?
i prefer a venue in the moderate price range and in the centre of town .
what kind of food would you like ?
i ' m trying to help me with . please show me another one .
pizza express fen ditton is a nice place , it is in the centre of town and it is in the moderate price range .
Reward: 0.8911831378936768

hello , welcome to the restaurant finding system . how may i help you ?
hi , i want to book a table
what part of town do you have in mind ?
i think i want a restaurant in the expensive price range serving asian oriental food .
what part of town do you have in mind ?
i am not bad , i am that a venue in centre .
kymmoy is a nice place , it is in the centre of town , it is in the expensive price range and it serves asian oriental food .
what is the address ?
can i help you with anything else ?
Reward: 0.8911831378936768

hello , welcome to the restaurant finding system . how may i help you ?
hi , i want to book a table
what part of town do you have in mind ?
i prefer a venue in centre .
what kind of food would you like ?
i need a indian venue .
would you like something in the cheap , moderate , or expensive price range ?
i want a venue in the moderate price range .
i am sorry but there is no place , serving indian food , in the area of centre and in the moderate price range .
Reward: 0.8911831378936768

hello , welcome to the restaurant finding system . how may i help you ?
hi , i want to book a table
what part of town do you have in mind ?
i prefer a venue in centre .
what kind of food would you like ?
i want a european venue .
would you like something in the cheap , moderate , or expensive price range ?
i want a venue in it .
would you like something in the cheap , moderate , or expensive price range ?
Reward: 0.8913241028785706

hello , welcome to the restaurant finding system . how may i help you ?
hi , i want to book a table
what part of town do you have in mind ?
i need a venue in the expensive price range serving modern european ?
what part of town do you have in mind ?
i prefer a venue in south .
i am sorry but there is no place , serving european food , in the expensive price range and in the area of south .
what is the restaurant ?
i am sorry but there is no place , in the expensive price range , serving european food and in the area of south .
Reward: 0.8913241028785706

hello , welcome to the restaurant finding system . how may i help you ?
i need another restaurant .
what part of town do you have in mind ?
i prefer a venue in north .
what kind of food would you like ?
it doesn ' t matter .
what kind of food would you like ?
i need another restaurant .
what kind of food would you like ?
Reward: 0.8913241028785706

hello , welcome to the restaurant finding system . how may i help you ?
hi , i want to book a table
what part of town do you have in mind ?
i prefer a venue in west .
what kind of food would you like ?
i need a indian venue .
cocum is a nice place , it serves indian food and it is in the west part of town .
what part of america is another ?
cocum is a nice place , it serves indian food and it is in the west part of town .
Reward: 0.8913241028785706

hello , welcome to the restaurant finding system . how may i help you ?
hi , i want to book a table
what part of town do you have in mind ?
i need a restaurant in centre .
what kind of food would you like ?
i need a european venue .
would you like something in the cheap , moderate , or expensive price range ?
i prefer a venue in south .
i am sorry but there is no place , serving european food and in the area of south .
Reward: 0.8901256322860718

hello , welcome to the restaurant finding system . how may i help you ?
i want a restaurant in the moderate price range serving 1400 home .
what part of town do you have in mind ?
i want a venue in any part of town .
what kind of food would you like ?
i want a venue in the moderate price range .
what kind of food would you like ?
i need a indian venue .
the nirala is a nice place , it serves indian food , it is in the north part of town and it is in the moderate price range .
Reward: 0.8901256322860718

hello , welcome to the restaurant finding system . how may i help you ?
i need another restaurant .
what part of town do you have in mind ?
i prefer a venue in south .
what kind of food would you like ?
it doesn ' t matter .
what kind of food would you like ?
i need a indian venue .
taj tandoori is a nice place , it is in the south part of town and it serves indian food .
Reward: 0.8901256322860718

hello , welcome to the restaurant finding system . how may i help you ?
i need another restaurant .
what part of town do you have in mind ?
i prefer a venue in south .
what kind of food would you like ?
i need a chinese venue .
would you like something in the cheap , moderate , or expensive price range ?
i want a venue in the moderate price range .
i am sorry but there is no place , serving chinese food , in the moderate price range and in the area of south .
Reward: 0.8901256322860718

hello , welcome to the restaurant finding system . how may i help you ?
i need another restaurant .
what part of town do you have in mind ?
i want a venue in the local venue /
what part of town do you have in mind ?
i prefer a venue in south .
what kind of food would you like ?
it doesn ' t matter , i can' t understand what they the best selling single restaurant in my local website .
what kind of food would you like ?
Reward: 0.6433470845222473

hello , welcome to the restaurant finding system . how may i help you ?
hi , i want to book a table
what part of town do you have in mind ?
it doesn ' t matter .
what part of town do you have in mind ?
i want a venue in the moderate price range and in the centre of town .
what kind of food would you like ?
i want a venue in my local cat .
what kind of food would you like ?
Reward: 0.6433470845222473

hello , welcome to the restaurant finding system . how may i help you ?
hi , i want a restaurant in the moderate price range .
what part of town do you have in mind ?
i need a restaurant in centre .
what kind of food would you like ?
i want a venue in the moderate price range serving moderate price range .
what kind of food would you like ?
i want a venue in the expensive price range serving thai food .
bangkok city is a nice place , it serves thai food , it is in the centre of town and it is in the expensive price range .
Reward: 0.6433470845222473

hello , welcome to the restaurant finding system . how may i help you ?
i need another restaurant .
what part of town do you have in mind ?
i prefer a venue in north .
what kind of food would you like ?
i want a venue in the expensive price range serving fun food .
what kind of food would you like ?
i want a venue in russia .
what kind of food would you like ?
Reward: 0.6433470845222473

hello , welcome to the restaurant finding system . how may i help you ?
hi , i want to book a table
what part of town do you have in mind ?
i need a restaurant in the moderate price range and in the north of town .
what kind of food would you like ?
i want to book a table
what kind of food would you like ?
i need a indian venue .
the nirala is a nice place , it is in the moderate price range , it is in the north part of town and it serves indian food .
Reward: 0.6433851718902588

hello , welcome to the restaurant finding system . how may i help you ?
hi , i want to book a table
what part of town do you have in mind ?
i need a restaurant in centre .
what kind of food would you like ?
i need a european venue .
would you like something in the cheap , moderate , or expensive price range ?
any price range is there , any price range is cool .
galleria is a nice place , it is in the moderate price range , it serves european food and it is in the centre of town .
Reward: 0.6433851718902588

hello , welcome to the restaurant finding system . how may i help you ?
hi , i want to book a table
what part of town do you have in mind ?
i prefer a venue in north .
what kind of food would you like ?
i need a indian venue .
would you like something in the cheap , moderate , or expensive price range ?
everything is fine . i need a client about everything in russia .
would you like something in the cheap , moderate , or expensive price range ?
Reward: 0.6433851718902588

hello , welcome to the restaurant finding system . how may i help you ?
hi , i want to book a table
what part of town do you have in mind ?
i prefer a venue in centre .
what kind of food would you like ?
i want a venue in the local cat .
what kind of food would you like ?
i want a tables in my local cat .
what kind of food would you like ?
Reward: 0.6433851718902588

hello , welcome to the restaurant finding system . how may i help you ?
hi , i want to book a table
what part of town do you have in mind ?
i prefer a venue in west .
what kind of food would you like ?
everything doesn ' t matter .
what kind of food would you like ?
i , i want to book a table
what kind of food would you like ?
Reward: 0.8223051428794861

hello , welcome to the restaurant finding system . how may i help you ?
i need another restaurant .
what part of town do you have in mind ?
i prefer a venue in centre .
what kind of food would you like ?
i want a venue in the tabby .
what kind of food would you like ?
i need a international venue .
bloomsbury restaurant is a nice place , it serves international food and it is in the centre of town .
Reward: 0.8223051428794861

hello , welcome to the restaurant finding system . how may i help you ?
hi , i want to book a table
what part of town do you have in mind ?
i want a venue in the expensive price range serving thai food .
what part of town do you have in mind ?
i prefer something nicer .
what part of town do you have in mind ?
i want a venue in the moderate price range serving chinese food .
what part of town do you have in mind ?
Reward: 0.8223051428794861

hello , welcome to the restaurant finding system . how may i help you ?
hi , i want to book a table
what part of town do you have in mind ?
i want a venue in the moderate price range of town .
what part of town do you have in mind ?
i need a venue in the moderate price range and in the centre of town .
what kind of food would you like ?
i want a different venue in the indian price range serving moderate price range .
i am sorry but there is no place , serving indian food , in the area of centre and in the moderate price range .
Reward: 0.6411976218223572

hello , welcome to the restaurant finding system . how may i help you ?
hi , i want to book a table
what part of town do you have in mind ?
i prefer a venue in south .
what kind of food would you like ?
i need a indian venue .
taj tandoori is a nice place , it serves indian food and it is in the south part of town .
what is the phone number of the cheap indian of town ?
can i help you with anything else ?
Reward: 0.6411976218223572

hello , welcome to the restaurant finding system . how may i help you ?
i need another restaurant .
what part of town do you have in mind ?
i prefer a venue in north .
what kind of food would you like ?
i need a indian venue .
would you like something in the cheap , moderate , or expensive price range ?
i prefer a venue in north .
would you like something in the cheap , moderate , or expensive price range ?
Reward: 0.6411976218223572

hello , welcome to the restaurant finding system . how may i help you ?
hi , i want to book a table
what part of town do you have in mind ?
i want a venue in the moderate price range and in the west of town .
what kind of food would you like ?
i want to book a table
what kind of food would you like ?
i need a indian venue . please show me another one please .
i am sorry but there is no place , in the moderate price range , serving indian food and in the area of west .
Reward: 0.6411976218223572

hello , welcome to the restaurant finding system . how may i help you ?
hi , i want to book a table
what part of town do you have in mind ?
i prefer a venue in east .
what kind of food would you like ?
i need a chinese venue .
yu garden is a nice place , it is in the east part of town and it serves chinese food .
what is the address ?
would you like something in the cheap , moderate , or expensive price range ?
Reward: 0.6428185105323792

hello , welcome to the restaurant finding system . how may i help you ?
hi , i want to book a table
what part of town do you have in mind ?
it doesn ' t matter .
what part of town do you have in mind ?
i prefer a venue in centre .
what kind of food would you like ?
i need a british venue .
would you like something in the cheap , moderate , or expensive price range ?
Reward: 0.6428185105323792

hello , welcome to the restaurant finding system . how may i help you ?
hi , i want to book a table
what part of town do you have in mind ?
i prefer a venue in south .
what kind of food would you like ?
i need a restaurant in my local website .
what kind of food would you like ?
i need a chinese venue .
would you like something in the cheap , moderate , or expensive price range ?
Reward: 0.6428185105323792

hello , welcome to the restaurant finding system . how may i help you ?
i need another restaurant .
what part of town do you have in mind ?
i would like to book a table
what part of town do you have in mind ?
i prefer a venue in south .
what kind of food would you like ?
it doesn ' t matter .
what kind of food would you like ?
Reward: 0.6428185105323792

hello , welcome to the restaurant finding system . how may i help you ?
hi , i want to book a table
what part of town do you have in mind ?
i want a venue in the cheap price range .
what part of town do you have in mind ?
it doesn ' t matter .
what part of town do you have in mind ?
i prefer a venue in south .
what kind of food would you like ?
Reward: 0.8899840116500854

hello , welcome to the restaurant finding system . how may i help you ?
i ' m trying to book a table
what part of town do you have in mind ?
i guess i ' m looking for a restaurant in the moderate price range and in the centre of town .
what kind of food would you like ?
i want a few in the client of the phone is in the same part of town .
what kind of food would you like ?
i need a client of the date of my 45
what kind of food would you like ?
Reward: 0.8899840116500854

hello , welcome to the restaurant finding system . how may i help you ?
hi , i want to book a table
what part of town do you have in mind ?
it doesn ' t matter .
what part of town do you have in mind ?
i want a venue in the cheap price range and in the centre of town .
what kind of food would you like ?
i want a venue in the local cat .
what kind of food would you like ?
Reward: 0.8899840116500854

hello , welcome to the restaurant finding system . how may i help you ?
i need another restaurant .
what part of town do you have in mind ?
i prefer a venue in west .
what kind of food would you like ?
i need a indian venue .
cocum is a nice place , it serves indian food and it is in the west part of town .
what is the address of the restaurant ?
would you like something in the cheap , moderate , or expensive price range ?
Reward: 0.8899840116500854

hello , welcome to the restaurant finding system . how may i help you ?
i need a restaurant in centre .
what kind of food would you like ?
i need a international venue .
bloomsbury restaurant is a nice place , it is in the centre of town and it serves international food .
what is the phone number of the restaurant ?
would you like something in the cheap , moderate , or expensive price range ?
i need a daughter in the moderate price range .
bloomsbury restaurant is a nice place , it is in the centre of town , it is in the moderate price range and it serves international food .
Reward: 0.8898390531539917

hello , welcome to the restaurant finding system . how may i help you ?
i want a restaurant in the moderate price range and in the west of town .
what kind of food would you like ?
i need another restaurant .
what kind of food would you like ?
i want to book a table
what kind of food would you like ?
i need a european venue .
i am sorry but there is no place , serving european food , in the moderate price range and in the area of west .
Reward: 0.8898390531539917

hello , welcome to the restaurant finding system . how may i help you ?
i want a restaurant in the moderate price range .
what part of town do you have in mind ?
i prefer a venue in centre .
what kind of food would you like ?
i need a european venue .
galleria is a nice place , it is in the moderate price range , it is in the centre of town and it serves european food .
what is the address
can i help you with anything else ?
Reward: 0.8898390531539917

hello , welcome to the restaurant finding system . how may i help you ?
i need another restaurant .
what part of town do you have in mind ?
i don ' t quite good to enjoy . i want a venue in the expensive price range serving furnace .
what part of town do you have in mind ?
i prefer a venue in north .
what kind of food would you like ?
i need a chinese venue .
hakka is a nice place , it is in the expensive price range , it serves chinese food and it is in the north part of town .
Reward: 0.8898390531539917

hello , welcome to the restaurant finding system . how may i help you ?
hi , i want to book a table
what part of town do you have in mind ?
i prefer a venue in north .
what kind of food would you like ?
i need a indian restaurant .
would you like something in the cheap , moderate , or expensive price range ?
i want a venue in the expensive price range .
tandoori palace is a nice place , it is in the north part of town , it serves indian food and it is in the expensive price range .
Reward: 0.7553312182426453

hello , welcome to the restaurant finding system . how may i help you ?
i need another restaurant .
what part of town do you have in mind ?
i want a venue ?
what part of town do you have in mind ?
i want a venue in the moderate price range and in the centre of town .
what kind of food would you like ?
i want a venue in the client about a few in my local .
what kind of food would you like ?
Reward: 0.7553312182426453

hello , welcome to the restaurant finding system . how may i help you ?
hi , i want to book a table
what part of town do you have in mind ?
i prefer a venue in centre .
what kind of food would you like ?
i want a venue in the expensive price range serving accountant .
what kind of food would you like ?
i need a european venue .
michaelhouse cafe is a nice place , it serves european food , it is in the expensive price range and it is in the centre of town .
Reward: 0.7553312182426453

hello , welcome to the restaurant finding system . how may i help you ?
i need another restaurant .
what part of town do you have in mind ?
it doesn ' t matter .
what part of town do you have in mind ?
i prefer a venue in north .
what kind of food would you like ?
i need a chinese venue .
would you like something in the cheap , moderate , or expensive price range ?
Reward: 0.7553312182426453

hello , welcome to the restaurant finding system . how may i help you ?
i need a restaurant in the moderate price range .
what part of town do you have in mind ?
i prefer a venue in west of town .
what kind of food would you like ?
i want to book a table
what kind of food would you like ?
i need a chinese venue .
i am sorry but there is no place , in the moderate price range , serving chinese food and in the area of west .
Reward: 0.8907930254936218

