hello , welcome to the restaurant finding system . how may i help you ?
i need another restaurant .
what part of town do you have in mind ?
everything is fine . i want a venue in the cheap price range and in the north of town .
what kind of food would you like ?
i need a turkish sounds .
i am sorry but there is no place , in the cheap price range , in the area of north and serving turkish food .
what is the restaurant ?
i am sorry but there is no place , in the cheap price range , in the area of north and serving turkish food .
what is the address ?
i am sorry but there is no place , serving turkish food , in the area of north and in the cheap price range .
Reward: 0.9098102450370789

hello , welcome to the restaurant finding system . how may i help you ?
hi , i want to book a table
what part of town do you have in mind ?
i need a european venue .
what part of town do you have in mind ?
i prefer a venue in centre .
would you like something in the cheap , moderate , or expensive price range ?
i want a venue in the expensive price range .
michaelhouse cafe is a nice place , it is in the expensive price range , it serves european food and it is in the centre of town .
what is the phone number of the restaurant ?
can i help you with anything else ?
Reward: 0.8241720199584961

hello , welcome to the restaurant finding system . how may i help you ?
hi , i want to book a table
what part of town do you have in mind ?
i want a venue in the moderate price range and in the centre of town .
what kind of food would you like ?
i want a venue in the corner of the walnut .
what kind of food would you like ?
it doesn ' t matter .
what kind of food would you like ?
i want a venue in the extreme where i am in the west of town .
what kind of food would you like ?
Reward: 0.5427088737487793

hello , welcome to the restaurant finding system . how may i help you ?
i want a restaurant in the expensive price range and in in any part of town .
what kind of food would you like ?
i need a chinese venue .
hakka is a nice place , it serves chinese food , it is in the expensive price range and it is in the north part of town .
ok , i want the address . please show me another one .
yu garden is a nice place , it is in the east part of town , it is in the expensive price range and it serves chinese food .
no , i am not looking for this . please show me another one .
the good luck chinese food takeaway is a nice place , it serves chinese food , it is in the expensive price range and it is in the south part of town .
thanks for your help , goodbye .
thank you , goodbye .
Reward: 0.8389153480529785

hello , welcome to the restaurant finding system . how may i help you ?
hi , i want to book a table
what part of town do you have in mind ?
i prefer a venue in north .
what kind of food would you like ?
i want a venue in the expensive price range serving chinese food .
hakka is a nice place , it is in the expensive price range , it serves chinese food and it is in the north part of town .
great , i ' m always live .
thank you , goodbye .
Reward: 0.8922726511955261

hello , welcome to the restaurant finding system . how may i help you ?
hi , i want to book a table
what part of town do you have in mind ?
i prefer a venue in centre .
what kind of food would you like ?
i need a international venue .
bloomsbury restaurant is a nice place , it is in the centre of town and it serves international food .
what is the phone number of the restaurant ?
would you like something in the cheap , moderate , or expensive price range ?
i want a restaurant in that one .
bloomsbury restaurant is a nice place , it is in the centre of town and it serves international food .
Reward: 0.8886123299598694

hello , welcome to the restaurant finding system . how may i help you ?
hi , i want to book a table
what part of town do you have in mind ?
i need a restaurant in centre .
what kind of food would you like ?
i want a venue in the expensive price range serving thai food .
bangkok city is a nice place , it serves thai food , it is in the expensive price range and it is in the centre of town .
wait , i want something else . i want a venue serving spanish food .
i am sorry but there is no place , in the area of centre , serving spanish food and in the expensive price range .
what is the phone number of centre ?
i am sorry but there is no place , serving spanish food , in the expensive price range and in the area of centre .
Reward: 0.9047322273254395

hello , welcome to the restaurant finding system . how may i help you ?
hi , i want to book a table
what part of town do you have in mind ?
i prefer a venue in centre .
what kind of food would you like ?
i need a european venue .
would you like something in the cheap , moderate , or expensive price range ?
it doesn ' t matter .
would you like something in the cheap , moderate , or expensive price range ?
please tell me what the address of those restaurant .
would you like something in the cheap , moderate , or expensive price range ?
Reward: 0.8860489130020142

hello , welcome to the restaurant finding system . how may i help you ?
i need another restaurant .
what part of town do you have in mind ?
i prefer a venue in north .
what kind of food would you like ?
i ' m a restaurant , i want a venue in south .
what kind of food would you like ?
i ' m a venue in north .
what kind of food would you like ?
i need a chinese venue .
would you like something in the cheap , moderate , or expensive price range ?
Reward: 0.6111054420471191

hello , welcome to the restaurant finding system . how may i help you ?
i need another restaurant .
what part of town do you have in mind ?
i want a venue in the expensive price range and in the centre of town .
what kind of food would you like ?
i need a indian venue .
curry garden is a nice place , it serves indian food , it is in the centre of town and it is in the expensive price range .
what is the phone number of the restaurant ?
can i help you with anything else ?
no , i am not looking for this bank .
curry garden is a nice place , it is in the expensive price range , it is in the centre of town and it serves indian food .
Reward: 0.8101921081542969

hello , welcome to the restaurant finding system . how may i help you ?
hi , i want to book a table
what part of town do you have in mind ?
i want a venue in the moderate price range and in the north of town .
what kind of food would you like ?
i need a indian venue .
the nirala is a nice place , it is in the north part of town , it is in the moderate price range and it serves indian food .
i want a venue in the expensive price range .
tandoori palace is a nice place , it is in the expensive price range , it is in the north part of town and it serves indian food .
no , i am not looking for this . what is the phone number of the restaurant ?
can i help you with anything else ?
Reward: 0.8310402631759644

hello , welcome to the restaurant finding system . how may i help you ?
i need a mediterranean restaurant .
what part of town do you have in mind ?
i prefer a venue in centre .
would you like something in the cheap , moderate , or expensive price range ?
i need a european club .
would you like something in the cheap , moderate , or expensive price range ?
i need a suitable opening a few in the best .
would you like something in the cheap , moderate , or expensive price range ?
thanks for your help , goodbye .
thank you , goodbye .
Reward: 0.9148929119110107

hello , welcome to the restaurant finding system . how may i help you ?
hi , i want to book a table
what part of town do you have in mind ?
i prefer a venue in south .
what kind of food would you like ?
i need a indian venue .
taj tandoori is a nice place , it serves indian food and it is in the south part of town .
what is the phone number of the country of town in the sun more ?
would you like something in the cheap , moderate , or expensive price range ?
everything is ok . i think i am a venue in last part of town .
taj tandoori is a nice place , it is in the south part of town and it serves indian food .
Reward: 0.8777816891670227

hello , welcome to the restaurant finding system . how may i help you ?
i need a restaurant in any price range and in any part of town .
what kind of food would you like ?
i want a venue in the moderate price range .
what kind of food would you like ?
i want a venue in the moderate price range serving modern indian price .
the nirala is a nice place , it serves indian food , it is in the moderate price range and it is in the north part of town .
what is the address ?
can i help you with anything else ?
no , thanks for your help , goodbye .
thank you , goodbye .
Reward: 0.8346789479255676

hello , welcome to the restaurant finding system . how may i help you ?
i need another restaurant .
what part of town do you have in mind ?
i prefer a venue in north .
what kind of food would you like ?
i need a indian venue .
would you like something in the cheap , moderate , or expensive price range ?
we wanted a venue in russia .
would you like something in the cheap , moderate , or expensive price range ?
i want a venue in write .
would you like something in the cheap , moderate , or expensive price range ?
Reward: 0.8886330127716064

hello , welcome to the restaurant finding system . how may i help you ?
hi , i want to book a table
what part of town do you have in mind ?
i want a venue in the moderate price range and in the centre of town .
what kind of food would you like ?
i want a european venue .
galleria is a nice place , it is in the moderate price range , it serves european food and it is in the centre of town .
what is a phone number of the restaurant ?
can i help you with anything else ?
no , i want it . i want a venue in the expensive price range .
michaelhouse cafe is a nice place , it is in the centre of town , it serves european food and it is in the expensive price range .
Reward: 0.7788533568382263

hello , welcome to the restaurant finding system . how may i help you ?
hi , i want to book a table
what part of town do you have in mind ?
i want a venue in the expensive price range serving asian oriental food .
what part of town do you have in mind ?
i prefer a venue in centre .
kymmoy is a nice place , it is in the expensive price range , it serves asian oriental food and it is in the centre of town .
what is the address ?
can i help you with anything else ?
no , i am not looking for the 2 hrs .
kymmoy is a nice place , it is in the expensive price range , it serves asian oriental food and it is in the centre of town .
Reward: 0.7394742965698242

hello , welcome to the restaurant finding system . how may i help you ?
i need another restaurant .
what part of town do you have in mind ?
i prefer a venue in north .
what kind of food would you like ?
i need a chinese venue .
would you like something in the cheap , moderate , or expensive price range ?
i want a venue in the expensive price range .
hakka is a nice place , it serves chinese food , it is in the expensive price range and it is in the north part of town .
no , i am not looking for this . please show me another one .
the hotpot is a nice place , it serves chinese food , it is in the expensive price range and it is in the north part of town .
Reward: 0.8853528499603271

hello , welcome to the restaurant finding system . how may i help you ?
hi , i want to book a table
what part of town do you have in mind ?
i prefer a venue in centre .
what kind of food would you like ?
i need a restaurant in west .
what kind of food would you like ?
i want a venue in the moderate price range serving chinese food .
i am sorry but there is no place , in the moderate price range , serving chinese food and in the area of west .
ah , i am not bad , i want another restaurant . please show me another one .
i am sorry but there is no place , serving chinese food , in the area of west and in the moderate price range .
Reward: 0.784912645816803

hello , welcome to the restaurant finding system . how may i help you ?
hi , i want to book a table
what part of town do you have in mind ?
i prefer a venue in centre .
what kind of food would you like ?
i want a venue in any price range and , any price range is okay .
what kind of food would you like ?
i need a apartment in my local .
what kind of food would you like ?
i want a venue in the moderate price range serving moderate price range .
what kind of food would you like ?
Reward: 0.5428160429000854

hello , welcome to the restaurant finding system . how may i help you ?
hi , i want to book a table
what part of town do you have in mind ?
i prefer a venue in north .
what kind of food would you like ?
i need a indian venue .
would you like something in the cheap , moderate , or expensive price range ?
i want a venue in the expensive price range .
tandoori palace is a nice place , it serves indian food , it is in the expensive price range and it is in the north part of town .
what part of the restaurant in the part of town is ?
tandoori palace is a nice place , it is in the north part of town , it is in the expensive price range and it serves indian food .
Reward: 0.8819999694824219

hello , welcome to the restaurant finding system . how may i help you ?
hi , i want to book a table
what part of town do you have in mind ?
i prefer a venue in south .
what kind of food would you like ?
i need a indian venue .
taj tandoori is a nice place , it is in the south part of town and it serves indian food .
it doesn ' t matter .
taj tandoori is a nice place , it serves indian food and it is in the south part of town .
what is the phone number of clouds part of town ?
would you like something in the cheap , moderate , or expensive price range ?
Reward: 0.8791289329528809

hello , welcome to the restaurant finding system . how may i help you ?
hi , i want to book a table
what part of town do you have in mind ?
i described . i want a venue in the moderate price range and in the centre of town .
what kind of food would you like ?
i need a indian venue .
i am sorry but there is no place , in the area of centre , in the moderate price range and serving indian food .
thanks for your help , goodbye .
thank you , goodbye .
Reward: 0.894054651260376

hello , welcome to the restaurant finding system . how may i help you ?
i need a restaurant in centre .
what kind of food would you like ?
i need a european venue .
would you like something in the cheap , moderate , or expensive price range ?
i want a venue in the moderate price range .
galleria is a nice place , it serves european food , it is in the centre of town and it is in the moderate price range .
thanks for your help , goodbye .
thank you , goodbye .
Reward: 0.8730868101119995

hello , welcome to the restaurant finding system . how may i help you ?
hi , i want to book a table
what part of town do you have in mind ?
i want a venue in the moderate price range and in the centre of town .
what kind of food would you like ?
i need a indian venue .
i am sorry but there is no place , in the moderate price range , in the area of centre and serving indian food .
okay . i am ok . i am not looking for this . please show me another one .
thank you , goodbye .
Reward: 0.8945020437240601

hello , welcome to the restaurant finding system . how may i help you ?
i need a restaurant in centre .
what kind of food would you like ?
i need a european venue .
would you like something in the cheap , moderate , or expensive price range ?
i want a venue in any part of town .
would you like something in the cheap , moderate , or expensive price range ?
i need a restaurant in the moderate price range .
galleria is a nice place , it is in the moderate price range , it serves european food and it is in the centre of town .
ok , i want another restaurant .
thank you , goodbye .
Reward: 0.882166862487793

hello , welcome to the restaurant finding system . how may i help you ?
hi , i want to book a table
what part of town do you have in mind ?
i need a restaurant in west .
what kind of food would you like ?
i want a venue in the moderate price range serving cheap food .
what kind of food would you like ?
i need another restaurant .
what kind of food would you like ?
i want a venue serving best selling single restaurant in any part of town .
what kind of food would you like ?
Reward: 0.5428043007850647

hello , welcome to the restaurant finding system . how may i help you ?
hi , i want to book a table
what part of town do you have in mind ?
i prefer a venue in centre .
what kind of food would you like ?
i need a european venue .
would you like something in the cheap , moderate , or expensive price range ?
i want a venue in the expensive price range .
michaelhouse cafe is a nice place , it serves european food , it is in the expensive price range and it is in the centre of town .
what is a restaurant in the expensive price range .
michaelhouse cafe is a nice place , it is in the centre of town , it serves european food and it is in the expensive price range .
Reward: 0.8849349617958069

hello , welcome to the restaurant finding system . how may i help you ?
hi , i want to book a table
what part of town do you have in mind ?
i couldn ' t matter .
what part of town do you have in mind ?
i prefer a venue in centre .
what kind of food would you like ?
i want a venue in the expensive price range serving bravery .
what kind of food would you like ?
i want a venue okay , i want a few in any part of my local website .
what kind of food would you like ?
Reward: 0.5414540767669678

hello , welcome to the restaurant finding system . how may i help you ?
hi , i want to book a table
what part of town do you have in mind ?
i ' m trying to book a table
what part of town do you have in mind ?
i want a venue in the moderate price range and in the centre of town .
what kind of food would you like ?
i need a british venue .
cotto is a nice place , it serves british food , it is in the centre of town and it is in the moderate price range .
thanks for your help , goodbye .
thank you , goodbye .
Reward: 0.8103983998298645

hello , welcome to the restaurant finding system . how may i help you ?
hi , i want to book a table
what part of town do you have in mind ?
i want a venue in the cheap price range and in the north of town .
what kind of food would you like ?
i want a venue in the expensive price range serving deadlift .
what kind of food would you like ?
it doesn ' t matter .
what kind of food would you like ?
i want a venue in the expensive price range serving moderate price range .
what kind of food would you like ?
Reward: 0.54283607006073

hello , welcome to the restaurant finding system . how may i help you ?
if i feed a restaurant in the moderate price range .
what part of town do you have in mind ?
i want a venue in the moderate price range and in the west of town .
what kind of food would you like ?
i want to book a table
what kind of food would you like ?
i want a venue in the moderate price range serving modern earlier price range .
what kind of food would you like ?
i want a venue serving allo successful
what kind of food would you like ?
Reward: 0.2894818186759949

hello , welcome to the restaurant finding system . how may i help you ?
hi , i want to book a table
what part of town do you have in mind ?
i prefer a venue in south .
what kind of food would you like ?
it doesn ' t matter .
what kind of food would you like ?
i need a indian destination .
taj tandoori is a nice place , it is in the south part of town and it serves indian food .
what is the best selling single restaurant in the same part of town ?
taj tandoori is a nice place , it serves indian food and it is in the south part of town .
Reward: 0.6410709023475647

hello , welcome to the restaurant finding system . how may i help you ?
i need another restaurant .
what part of town do you have in mind ?
i prefer a venue in north .
what kind of food would you like ?
i need a indian venue .
would you like something in the cheap , moderate , or expensive price range ?
the expensive price range .
tandoori palace is a nice place , it serves indian food , it is in the expensive price range and it is in the north part of town .
what is it , the venue ?
tandoori palace is a nice place , it serves indian food , it is in the expensive price range and it is in the north part of town .
Reward: 0.8869913220405579

hello , welcome to the restaurant finding system . how may i help you ?
i need another restaurant .
what part of town do you have in mind ?
i prefer a venue in south .
what kind of food would you like ?
it doesn ' t matter .
what kind of food would you like ?
i need another restaurant .
what kind of food would you like ?
i need a chinese restaurant .
would you like something in the cheap , moderate , or expensive price range ?
Reward: 0.5948506593704224

hello , welcome to the restaurant finding system . how may i help you ?
hi , i want to book a table
what part of town do you have in mind ?
i prefer a venue in centre .
what kind of food would you like ?
i need a venue a venue in it .
what kind of food would you like ?
i need a european venue .
would you like something in the cheap , moderate , or expensive price range ?
i want a venue in the moderate price range .
galleria is a nice place , it serves european food , it is in the centre of town and it is in the moderate price range .
Reward: 0.7603403329849243

hello , welcome to the restaurant finding system . how may i help you ?
hi , i want to book a table
what part of town do you have in mind ?
i need a restaurant in centre .
what kind of food would you like ?
i need a international venue .
bloomsbury restaurant is a nice place , it serves international food and it is in the centre of town .
is it in the moderate price range .
bloomsbury restaurant is a nice place , it serves international food , it is in the moderate price range and it is in the centre of town .
is it in any part of town ?
bloomsbury restaurant is a nice place , it is in the centre of town , it is in the moderate price range and it serves international food .
Reward: 0.8992127180099487

hello , welcome to the restaurant finding system . how may i help you ?
hi , i want to book a table
what part of town do you have in mind ?
it doesn ' t matter .
what part of town do you have in mind ?
i prefer a venue in south .
what kind of food would you like ?
i prefer a venue in south .
what kind of food would you like ?
it doesn ' t matter .
what kind of food would you like ?
Reward: 0.5425477623939514

hello , welcome to the restaurant finding system . how may i help you ?
i need a restaurant in centre .
what kind of food would you like ?
i want a venue in the expensive price range serving british food .
midsummer house restaurant is a nice place , it serves british food , it is in the expensive price range and it is in the centre of town .
what is the phone number of the restaurant ?
can i help you with anything else ?
no , i show ' m a venue in south .
i am sorry but there is no place , in the expensive price range , serving british food and in the area of south .
it is fine . i want a venue in the expensive price range .
i am sorry but there is no place , in the area of south , serving british food and in the expensive price range .
Reward: 0.7167832255363464

hello , welcome to the restaurant finding system . how may i help you ?
hi , i want to book a table
what part of town do you have in mind ?
it doesn ' t matter .
what part of town do you have in mind ?
i prefer a venue in north .
what kind of food would you like ?
it doesn ' t matter .
what kind of food would you like ?
i need a indian venue .
would you like something in the cheap , moderate , or expensive price range ?
Reward: 0.5830451250076294

hello , welcome to the restaurant finding system . how may i help you ?
i want a restaurant in the moderate price range serving chinese food .
what part of town do you have in mind ?
i prefer a venue in both , serving moderate price range
what part of town do you have in mind ?
i want a venue in the moderate price range serving venue .
what part of town do you have in mind ?
i prefer a venue in north .
golden wok is a nice place , it is in the moderate price range , it is in the north part of town and it serves chinese food .
what is the address ?
can i help you with anything else ?
Reward: 0.6330744624137878

hello , welcome to the restaurant finding system . how may i help you ?
i need a restaurant in west .
what kind of food would you like ?
i need a chinese venue .
i am sorry but there is no place , serving chinese food and in the area of west .
wait , i want something else . i want a restaurant in the moderate price range .
i am sorry but there is no place , in the area of west , in the moderate price range and serving chinese food .
wait , i want something else . i ' m looking for a restaurant in the moderate price range .
i am sorry but there is no place , serving chinese food , in the area of west and in the moderate price range .
thanks for your help , goodbye .
thank you , goodbye .
Reward: 0.8430641889572144

hello , welcome to the restaurant finding system . how may i help you ?
hi , i want to book a table
what part of town do you have in mind ?
i prefer a venue in centre .
what kind of food would you like ?
i want a venue in the expensive price range serving british food .
midsummer house restaurant is a nice place , it is in the centre of town , it serves british food and it is in the expensive price range .
what is the address ?
can i help you with anything else ?
thanks for your help , goodbye .
thank you , goodbye .
Reward: 0.8300952315330505

hello , welcome to the restaurant finding system . how may i help you ?
hi , i want to book a table
what part of town do you have in mind ?
i prefer a venue in west .
what kind of food would you like ?
i need a chinese venue .
i am sorry but there is no place , in the area of west and serving chinese food .
thanks for your help , goodbye .
thank you , goodbye .
Reward: 0.8941228985786438

hello , welcome to the restaurant finding system . how may i help you ?
i need another restaurant .
what part of town do you have in mind ?
i think i want a venue serving mediterranean food and any price range is okay .
la mimosa is a nice place , it serves mediterranean food and it is in the expensive price range .
well i didn ' t understand what you with this . i want a venue serving turkish food .
meze bar restaurant is a nice place , it is in the expensive price range and it serves turkish food .
i prefer a venue in west .
i am sorry but there is no place , serving turkish food and in the area of west .
what is the address ?
i am sorry but there is no place , serving turkish food and in the area of west .
Reward: 0.8749082088470459

hello , welcome to the restaurant finding system . how may i help you ?
hi , i want to book a table
what part of town do you have in mind ?
i want a venue in the expensive price range serving thai food .
what part of town do you have in mind ?
i want a venue in the moderate price range and in the centre of town is .
i am sorry but there is no place , serving thai food , in the moderate price range and in the area of centre .
wait , i am not looking for this . please show me another a few
i am sorry but there is no place , in the moderate price range , serving thai food and in the area of centre .
i ' m looking for a few in this . i want a venue by my local website .
i am sorry but there is no place , serving thai food , in the area of centre and in the moderate price range .
Reward: 0.8423244953155518

hello , welcome to the restaurant finding system . how may i help you ?
i need another restaurant .
what part of town do you have in mind ?
i prefer a venue in south .
what kind of food would you like ?
i need a european venue .
i am sorry but there is no place , in the area of south and serving european food .
what is the restaurant ?
i am sorry but there is no place , in the area of south and serving european food .
what is the restaurant ?
i am sorry but there is no place , in the area of south and serving european food .
Reward: 0.9200332760810852

hello , welcome to the restaurant finding system . how may i help you ?
hi , i want to book a table
what part of town do you have in mind ?
i prefer a venue in west .
what kind of food would you like ?
i need a chinese venue .
i am sorry but there is no place , in the area of west and serving chinese food .
ohh , i am just looking for this one . what is the restaurant is okay .
thank you , goodbye .
Reward: 0.8945008516311646

hello , welcome to the restaurant finding system . how may i help you ?
i need another restaurant .
what part of town do you have in mind ?
i need a restaurant in centre .
what kind of food would you like ?
i need a restaurant in the moderate price range serving chinese food .
shanghai family restaurant is a nice place , it is in the centre of town , it is in the moderate price range and it serves chinese food .
okay , i want something else .
thank you , goodbye .
Reward: 0.8908728361129761

hello , welcome to the restaurant finding system . how may i help you ?
hi , i want to book a table
what part of town do you have in mind ?
i prefer a venue in centre .
what kind of food would you like ?
i need a european venue .
would you like something in the cheap , moderate , or expensive price range ?
i want a restaurant in the expensive price range serving american food .
gourmet burger kitchen is a nice place , it serves north american food , it is in the centre of town and it is in the expensive price range .
what is the phone number of the restaurant ?
can i help you with anything else ?
Reward: 0.8310409188270569

hello , welcome to the restaurant finding system . how may i help you ?
i need another restaurant .
what part of town do you have in mind ?
i prefer a venue in south .
what kind of food would you like ?
i want a venue in the moderate price range serving chinese food .
i am sorry but there is no place , in the moderate price range , serving chinese food and in the area of south .
wait , i want something else . i want a restaurant in the moderate price range .
i am sorry but there is no place , in the moderate price range , serving chinese food and in the area of south .
i need another restaurant .
i am sorry but there is no place , in the area of south , in the moderate price range and serving chinese food .
Reward: 0.9141209125518799

hello , welcome to the restaurant finding system . how may i help you ?
hi , i want to book a table
what part of town do you have in mind ?
i prefer a venue in centre .
what kind of food would you like ?
i need a indian venue .
would you like something in the cheap , moderate , or expensive price range ?
i want a venue in the moderate price range .
i am sorry but there is no place , serving indian food , in the area of centre and in the moderate price range .
thanks for your help for your help , goodbye .
thank you , goodbye .
Reward: 0.8550065755844116

hello , welcome to the restaurant finding system . how may i help you ?
hi , i want to book a table
what part of town do you have in mind ?
i prefer a venue in east .
what kind of food would you like ?
i want a venue in the expensive price range serving seeking .
what kind of food would you like ?
i am any proud of this , i want a venue in canada though .
what kind of food would you like ?
i want a venue in any part of town .
what kind of food would you like ?
Reward: 0.5429131984710693

hello , welcome to the restaurant finding system . how may i help you ?
hi , i want to book a table
what part of town do you have in mind ?
i want a venue in the cheap price range and of town .
what part of town do you have in mind ?
it doesn ' t matter .
what part of town do you have in mind ?
i want a venue in the expensive price range and in south .
what kind of food would you like ?
i want a venue in the moderate price range and in the centre of town .
what kind of food would you like ?
Reward: 0.5428671836853027

hello , welcome to the restaurant finding system . how may i help you ?
hi , i want to book a table
what part of town do you have in mind ?
it doesn ' t matter .
what part of town do you have in mind ?
i want a venue in my local website .
what part of town do you have in mind ?
i didn ' t understand . what is the best selling single restaurant in the same part of town .
what part of town do you have in mind ?
i ' m trying to book a table
what part of town do you have in mind ?
Reward: 0.5432220697402954

hello , welcome to the restaurant finding system . how may i help you ?
hi , i want to book a table
what part of town do you have in mind ?
i prefer a venue in centre .
what kind of food would you like ?
i want a venue in the expensive price range serving indian food .
curry garden is a nice place , it is in the expensive price range , it is in the centre of town and it serves indian food .
thanks for your help , goodbye .
thank you , goodbye .
Reward: 0.8938926458358765

hello , welcome to the restaurant finding system . how may i help you ?
hi , i want to book a table
what part of town do you have in mind ?
i need a restaurant in centre .
what kind of food would you like ?
i want a european venue .
would you like something in the cheap , moderate , or expensive price range ?
i want a venue in the moderate price range .
galleria is a nice place , it serves european food , it is in the centre of town and it is in the moderate price range .
thanks . did he live , i ' m a venue in north .
i am sorry but there is no place , serving european food , in the moderate price range and in the area of north .
Reward: 0.9064860939979553

hello , welcome to the restaurant finding system . how may i help you ?
hi , i want to book a table
what part of town do you have in mind ?
i want a venue in the moderate price range serving modern european ,
galleria is a nice place , it is in the moderate price range and it serves european food .
what is the address of reccomendations
what part of town do you have in mind ?
i am fine . i want a venue in the expensive price range .
what part of town do you have in mind ?
thanks
thank you , goodbye .
Reward: 0.6347628831863403

hello , welcome to the restaurant finding system . how may i help you ?
i want a restaurant in the gmail .
what part of town do you have in mind ?
i need a venue in the moderate price range and in the centre of town .
what kind of food would you like ?
i want a venue in the expensive price range serving asian oriental food .
kymmoy is a nice place , it serves asian oriental food , it is in the centre of town and it is in the expensive price range .
great , thanks for your help , goodbye .
thank you , goodbye .
Reward: 0.891940176486969

hello , welcome to the restaurant finding system . how may i help you ?
hi , i want l to best restaurant .
what part of town do you have in mind ?
i need a european venue .
what part of town do you have in mind ?
i want a venue in the moderate price range .
galleria is a nice place , it serves european food and it is in the moderate price range .
thanks for the help , goodbye .
thank you , goodbye .
Reward: 0.889481246471405

hello , welcome to the restaurant finding system . how may i help you ?
hi , i want to book a table
what part of town do you have in mind ?
i prefer a venue in north .
what kind of food would you like ?
i need a chinese venue .
would you like something in the cheap , moderate , or expensive price range ?
i want a venue in the expensive price range .
hakka is a nice place , it is in the expensive price range , it serves chinese food and it is in the north part of town .
wait , i want a venue in the expensive price range .
hakka is a nice place , it is in the north part of town , it is in the expensive price range and it serves chinese food .
Reward: 0.8796470761299133

hello , welcome to the restaurant finding system . how may i help you ?
hi , i want to book a table
what part of town do you have in mind ?
i want a venue in the cheap price range and in the centre of town .
what kind of food would you like ?
i need a indian venue .
the gandhi is a nice place , it serves indian food , it is in the centre of town and it is in the cheap price range .
thanks for your help , goodbye .
thank you , goodbye .
Reward: 0.8934445977210999

hello , welcome to the restaurant finding system . how may i help you ?
i need another restaurant .
what part of town do you have in mind ?
i want a venue in the moderate price range and in the centre of town .
what kind of food would you like ?
i want a venue in the palmer serving moderate price range .
what kind of food would you like ?
i want a venue in the client about my local website .
what kind of food would you like ?
i want a venue in the expensive price range serving an indian part .
curry garden is a nice place , it is in the expensive price range , it is in the centre of town and it serves indian food .
Reward: 0.6483416557312012

hello , welcome to the restaurant finding system . how may i help you ?
i want a restaurant in the cheap price range .
what part of town do you have in mind ?
it doesn ' t matter .
what part of town do you have in mind ?
i prefer a venue in south .
what kind of food would you like ?
i need a chinese venue .
the lucky star is a nice place , it serves chinese food , it is in the south part of town and it is in the cheap price range .
thanks for your help , goodbye .
thank you , goodbye .
Reward: 0.8102708458900452

hello , welcome to the restaurant finding system . how may i help you ?
hi , i want to book a table
what part of town do you have in mind ?
this doesn ' t matter .
what part of town do you have in mind ?
i prefer a venue in centre .
what kind of food would you like ?
hi , i want a venue in any part of town .
what kind of food would you like ?
i need a international venue .
would you like something in the cheap , moderate , or expensive price range ?
Reward: 0.5906221270561218

hello , welcome to the restaurant finding system . how may i help you ?
i need another restaurant .
what part of town do you have in mind ?
i prefer a venue in north .
what kind of food would you like ?
i need a indian venue .
would you like something in the cheap , moderate , or expensive price range ?
i want a venue in the moderate price range .
the nirala is a nice place , it is in the north part of town , it serves indian food and it is in the moderate price range .
what is the address ?
can i help you with anything else ?
Reward: 0.8180899620056152

hello , welcome to the restaurant finding system . how may i help you ?
i need another restaurant .
what part of town do you have in mind ?
i need a restaurant in north .
what kind of food would you like ?
i need a international venue .
i am sorry but there is no place , in the area of north and serving international food .
what is the best selling single restaurant in the same part of town ?
i am sorry but there is no place , in the area of north and serving international food .
wait , it doesn ' t matter .
i am sorry but there is no place , in the area of north and serving international food .
Reward: 0.9198570847511292

hello , welcome to the restaurant finding system . how may i help you ?
hi , i want to book a table
what part of town do you have in mind ?
i prefer a venue in south .
what kind of food would you like ?
i need a indian venue .
taj tandoori is a nice place , it serves indian food and it is in the south part of town .
what is the phone number of the cheap wings .
can i help you with anything else ?
thanks for the help , goodbye .
thank you , goodbye .
Reward: 0.8913370370864868

hello , welcome to the restaurant finding system . how may i help you ?
hi , i want to book a table
what part of town do you have in mind ?
i prefer a venue in centre .
what kind of food would you like ?
i need a european venue .
would you like something in the cheap , moderate , or expensive price range ?
any price range is okay .
galleria is a nice place , it is in the moderate price range , it serves european food and it is in the centre of town .
wait , i want a venue in the expensive price range .
michaelhouse cafe is a nice place , it serves european food , it is in the expensive price range and it is in the centre of town .
Reward: 0.8852538466453552

hello , welcome to the restaurant finding system . how may i help you ?
hi , i want to book a table
what part of town do you have in mind ?
i prefer a venue in centre .
what kind of food would you like ?
i want a restaurant in the moderate price range .
what kind of food would you like ?
i need a mediterranean venue .
i am sorry but there is no place , in the area of centre , serving mediterranean food and in the moderate price range .
i ' m looking for a venue serving opening food , .
i am sorry but there is no place , in the area of centre , serving mediterranean food and in the moderate price range .
Reward: 0.7113576531410217

hello , welcome to the restaurant finding system . how may i help you ?
hi , i want to book a table
what part of town do you have in mind ?
i want a venue in the moderate price range and in the centre of town .
what kind of food would you like ?
i want a venue in the tabby .
what kind of food would you like ?
i want a venue in the client of the few in my local . is there any price range is okay .
what kind of food would you like ?
i need a indian venue .
the gandhi is a nice place , it is in the centre of town , it serves indian food and it is in the cheap price range .
Reward: 0.5710660219192505

hello , welcome to the restaurant finding system . how may i help you ?
i want a restaurant in the moderate price range .
what part of town do you have in mind ?
i need a venue in any part of town .
what kind of food would you like ?
i need a venue in the moderate price range serving moderate price range .
what kind of food would you like ?
i need another restaurant .
what kind of food would you like ?
i want a venue serving another venue .
what kind of food would you like ?
Reward: 0.5427970886230469

hello , welcome to the restaurant finding system . how may i help you ?
hi , i want to book a table
what part of town do you have in mind ?
i prefer a venue in centre .
what kind of food would you like ?
i need a a few in my local a lot of town .
what kind of food would you like ?
i need a international venue .
bloomsbury restaurant is a nice place , it serves international food and it is in the centre of town .
is it in the moderate price range .
bloomsbury restaurant is a nice place , it is in the moderate price range , it is in the centre of town and it serves international food .
Reward: 0.8041985034942627

hello , welcome to the restaurant finding system . how may i help you ?
hi , i want to book a table
what part of town do you have in mind ?
i need a restaurant in centre .
what kind of food would you like ?
i need a international venue .
bloomsbury restaurant is a nice place , it is in the centre of town and it serves international food .
what is the phone number of the restaurant ?
would you like something in the cheap , moderate , or expensive price range ?
a venue in it .
bloomsbury restaurant is a nice place , it serves international food and it is in the centre of town .
Reward: 0.8811307549476624

hello , welcome to the restaurant finding system . how may i help you ?
hi , i want to book a table
what part of town do you have in mind ?
i prefer a venue in west .
what kind of food would you like ?
i want a venue in the tabby .
what kind of food would you like ?
i need a indian venue .
cocum is a nice place , it serves indian food and it is in the west part of town .
does it prefer a venue .
cocum is a nice place , it serves indian food and it is in the west part of town .
Reward: 0.7530193328857422

hello , welcome to the restaurant finding system . how may i help you ?
hi , i want to book a table
what part of town do you have in mind ?
i prefer a venue in centre .
what kind of food would you like ?
i need a european venue .
would you like something in the cheap , moderate , or expensive price range ?
i want a venue in the moderate price range .
galleria is a nice place , it is in the centre of town , it is in the moderate price range and it serves european food .
what is the address of the restaurant ?
can i help you with anything else ?
Reward: 0.8248316645622253

hello , welcome to the restaurant finding system . how may i help you ?
hi , i want to book a table
what part of town do you have in mind ?
i prefer a venue in centre .
what kind of food would you like ?
i am a venue in the local cat .
what kind of food would you like ?
i need a indian venue .
would you like something in the cheap , moderate , or expensive price range ?
i want a venue in the expensive price range .
curry garden is a nice place , it serves indian food , it is in the expensive price range and it is in the centre of town .
Reward: 0.7553094029426575

hello , welcome to the restaurant finding system . how may i help you ?
hi , i want to book a table
what part of town do you have in mind ?
i want a venue in the expensive price range and in the centre of town .
what kind of food would you like ?
i need a indian venue .
curry garden is a nice place , it is in the expensive price range , it serves indian food and it is in the centre of town .
what is the phone number of the restaurant ?
can i help you with anything else ?
no , i am all , i want to book a table .
curry garden is a nice place , it is in the expensive price range , it serves indian food and it is in the centre of town .
Reward: 0.8104791045188904

hello , welcome to the restaurant finding system . how may i help you ?
i need another restaurant .
what part of town do you have in mind ?
it doesn ' t matter .
what part of town do you have in mind ?
i want a venue in the expensive price range serving modern european food .
what part of town do you have in mind ?
i prefer a venue in south .
i am sorry but there is no place , in the expensive price range , serving european food and in the area of south .
what is the restaurant ?
i am sorry but there is no place , in the area of south , serving european food and in the expensive price range .
Reward: 0.813387393951416

hello , welcome to the restaurant finding system . how may i help you ?
hi , i want to book a table
what part of town do you have in mind ?
i prefer a venue in north .
what kind of food would you like ?
it doesn .
what kind of food would you like ?
i need a indian venue .
would you like something in the cheap , moderate , or expensive price range ?
i want a venue in the expensive price range .
tandoori palace is a nice place , it is in the north part of town , it is in the expensive price range and it serves indian food .
Reward: 0.7591241598129272

hello , welcome to the restaurant finding system . how may i help you ?
i need another restaurant .
what part of town do you have in mind ?
i prefer a venue in north .
what kind of food would you like ?
i need a indian venue .
would you like something in the cheap , moderate , or expensive price range ?
i want a venue in the expensive price range .
tandoori palace is a nice place , it is in the expensive price range , it is in the north part of town and it serves indian food .
thanks for your help , goodbye .
thank you , goodbye .
Reward: 0.9091863632202148

hello , welcome to the restaurant finding system . how may i help you ?
hi , i want to book a table
what part of town do you have in mind ?
i want a venue in the moderate price range and in the centre of town .
what kind of food would you like ?
i want a venue in the bull restaurant .
what kind of food would you like ?
i want a kawaii venue food serving indian food .
i am sorry but there is no place , in the area of centre , serving indian food and in the moderate price range .
wait , a chinese restaurant .
shanghai family restaurant is a nice place , it serves chinese food , it is in the moderate price range and it is in the centre of town .
Reward: 0.761061429977417

hello , welcome to the restaurant finding system . how may i help you ?
hi , i want to book a table
what part of town do you have in mind ?
i need a restaurant in centre .
what kind of food would you like ?
i need a indian venue .
would you like something in the cheap , moderate , or expensive price range ?
i want a venue in the expensive price range and in the expensive .
curry garden is a nice place , it serves indian food , it is in the expensive price range and it is in the centre of town .
thanks for your help , goodbye .
thank you , goodbye .
Reward: 0.9085948467254639

hello , welcome to the restaurant finding system . how may i help you ?
hi , i want to book a table
what part of town do you have in mind ?
it doesn ' t matter .
what part of town do you have in mind ?
i want a restaurant in the expensive price range and in the centre of town .
what kind of food would you like ?
i need a international venue .
i am sorry but there is no place , in the area of centre , serving international food and in the expensive price range .
what is the client of it is in this part of town .
i am sorry but there is no place , in the expensive price range , in the area of centre and serving international food .
Reward: 0.8038733005523682

hello , welcome to the restaurant finding system . how may i help you ?
i need another restaurant .
what part of town do you have in mind ?
i want a venue in the moderate price range and in the south of town .
what kind of food would you like ?
i need a indian venue .
i am sorry but there is no place , in the area of south , in the moderate price range and serving indian food .
i want a venue in the expensive price range .
taj tandoori is a nice place , it serves indian food , it is in the south part of town and it is in the expensive price range .
i think i ' ll
taj tandoori is a nice place , it is in the expensive price range , it is in the south part of town and it serves indian food .
Reward: 0.8919165730476379

hello , welcome to the restaurant finding system . how may i help you ?
hi , i want to book a table
what part of town do you have in mind ?
i like a venue in any part of town .
what kind of food would you like ?
i want a venue serving portuguese any part of town .
nandos city centre is a nice place , it is in the centre of town and it serves portuguese food .
what is the address ?
would you like something in the cheap , moderate , or expensive price range ?
i want a venue in the expensive price range .
i am sorry but there is no place , serving portuguese food and in the expensive price range .
Reward: 0.9102400541305542

hello , welcome to the restaurant finding system . how may i help you ?
hi , i want to book a table
what part of town do you have in mind ?
i need a restaurant in east .
what kind of food would you like ?
i want a venue in the moderate price range serving modern european food .
i am sorry but there is no place , in the moderate price range , serving european food and in the area of east .
what is the address ?
i am sorry but there is no place , in the moderate price range , in the area of east and serving european food .
thanks for your help , goodbye .
thank you , goodbye .
Reward: 0.9106966257095337

hello , welcome to the restaurant finding system . how may i help you ?
hi , i want to book a table
what part of town do you have in mind ?
i prefer a venue in centre .
what kind of food would you like ?
i want a venue in the expensive price range serving british food .
midsummer house restaurant is a nice place , it is in the expensive price range , it serves british food and it is in the centre of town .
what is the phone number of the restaurant ?
can i help you with anything else ?
no , i want another a few in the expensive price range serving indian food .
curry garden is a nice place , it serves indian food , it is in the centre of town and it is in the expensive price range .
Reward: 0.770235538482666

hello , welcome to the restaurant finding system . how may i help you ?
hi , i want to book a table
what part of town do you have in mind ?
i need a restaurant in west .
what kind of food would you like ?
i want a venue in any part of town .
what kind of food would you like ?
i need a smiling in west .
what kind of food would you like ?
i want a venue in the expensive price range serving chinese food .
i am sorry but there is no place , serving chinese food , in the expensive price range and in the area of west .
Reward: 0.6131347417831421

hello , welcome to the restaurant finding system . how may i help you ?
hi , i want to book a table
what part of town do you have in mind ?
i want a venue in south .
what kind of food would you like ?
i want a venue in the expensive price range serving chinese food .
the good luck chinese food takeaway is a nice place , it is in the expensive price range , it is in the south part of town and it serves chinese food .
wait , i want something else . i need a indian venue .
taj tandoori is a nice place , it serves indian food , it is in the south part of town and it is in the expensive price range .
what is the address ?
can i help you with anything else ?
Reward: 0.8197600245475769

hello , welcome to the restaurant finding system . how may i help you ?
hi , i want a restaurant in the moderate price range and in the west of town .
what kind of food would you like ?
i need a reservation in the moderate price range and in the memphis .
what kind of food would you like ?
i need a indian venue .
i am sorry but there is no place , in the area of west , serving indian food and in the moderate price range .
thanks for your help , goodbye .
thank you , goodbye .
Reward: 0.8981227278709412

hello , welcome to the restaurant finding system . how may i help you ?
hi , i want to book a table
what part of town do you have in mind ?
i want a venue in any part of town .
what kind of food would you like ?
i want a venue in my local cat .
what kind of food would you like ?
i want a indian venue .
would you like something in the cheap , moderate , or expensive price range ?
the expensive price range .
tandoori palace is a nice place , it is in the expensive price range , it is in the north part of town and it serves indian food .
Reward: 0.7636085748672485

hello , welcome to the restaurant finding system . how may i help you ?
hi , i want to book a table
what part of town do you have in mind ?
i prefer a venue in centre .
what kind of food would you like ?
i want a venue in my local cat .
what kind of food would you like ?
i need a european venue .
would you like something in the cheap , moderate , or expensive price range ?
it doesn ' t matter .
would you like something in the cheap , moderate , or expensive price range ?
Reward: 0.7592284679412842

hello , welcome to the restaurant finding system . how may i help you ?
hi , i want to book a table
what part of town do you have in mind ?
everything is fine . i need a european restaurant .
what part of town do you have in mind ?
i prefer a venue in centre .
would you like something in the cheap , moderate , or expensive price range ?
i want a venue in the moderate price range .
galleria is a nice place , it is in the moderate price range , it is in the centre of town and it serves european food .
thanks for your help , goodbye .
thank you , goodbye .
Reward: 0.8856629133224487

hello , welcome to the restaurant finding system . how may i help you ?
i need another restaurant .
what part of town do you have in mind ?
it doesn ' t matter .
what part of town do you have in mind ?
i need a european venue .
what part of town do you have in mind ?
i live . i want a venue in the compared of town .
what part of town do you have in mind ?
i prefer a venue in south .
i am sorry but there is no place , serving european food and in the area of south .
Reward: 0.721413791179657

hello , welcome to the restaurant finding system . how may i help you ?
hi , i want to book a table
what part of town do you have in mind ?
i prefer a venue in north .
what kind of food would you like ?
i need a chinese venue .
would you like something in the cheap , moderate , or expensive price range ?
i want a venue in the expensive price range .
hakka is a nice place , it is in the north part of town , it serves chinese food and it is in the expensive price range .
thanks for your help , goodbye .
thank you , goodbye .
Reward: 0.9080107808113098

hello , welcome to the restaurant finding system . how may i help you ?
i need another restaurant .
what part of town do you have in mind ?
it doesn ' t matter .
what part of town do you have in mind ?
i need a european venue .
what part of town do you have in mind ?
i can do about a venue , i live .
what part of town do you have in mind ?
i prefer an indian question .
what part of town do you have in mind ?
Reward: 0.540325939655304

hello , welcome to the restaurant finding system . how may i help you ?
hi , i want to book a table
what part of town do you have in mind ?
i prefer a venue in south .
what kind of food would you like ?
i want a venue in the expensive price range serving chinese food .
the good luck chinese food takeaway is a nice place , it serves chinese food , it is in the expensive price range and it is in the south part of town .
wait , i want something else . i want a venue in the expensive price range .
peking restaurant is a nice place , it is in the south part of town , it serves chinese food and it is in the expensive price range .
wait , i am fine with this . goodbye .
thank you , goodbye .
Reward: 0.9087784886360168

hello , welcome to the restaurant finding system . how may i help you ?
i need a restaurant in any part of town .
what kind of food would you like ?
i need a chinese venue .
would you like something in the cheap , moderate , or expensive price range ?
i need a restaurant in the moderate price range .
golden wok is a nice place , it serves chinese food , it is in the north part of town and it is in the moderate price range .
what is the address ?
can i help you with anything else ?
no , i want a venue in the expensive price range and in any part of town .
hakka is a nice place , it serves chinese food , it is in the north part of town and it is in the expensive price range .
Reward: 0.5778446197509766

hello , welcome to the restaurant finding system . how may i help you ?
hi , i want to book a table
what part of town do you have in mind ?
it doesn ' t matter .
what part of town do you have in mind ?
it doesn ' t matter .
what part of town do you have in mind ?
i ' m really too slow with a few , i want to book a table
what part of town do you have in mind ?
i am ok with everything . i want a restaurant in the moderate price range and in the centre of town .
what kind of food would you like ?
Reward: 0.5298647880554199

