hello , welcome to the restaurant finding system . how may i help you ?
hi , i want to book a table
what part of town do you have in mind ?
Reward: 0.6829309463500977

hello , welcome to the restaurant finding system . how may i help you ?
i need to tell me any restaurant that i ' m really offered to i need to please .
what part of town do you have in mind ?
Reward: 0.6657247543334961

hello , welcome to the restaurant finding system . how may i help you ?
i want to know about conversation with authentic . when do i do the decision ?
i ' m having trouble understanding what you want . could you please rephrase it ?
Reward: 0.11797741055488586

hello , welcome to the restaurant finding system . how may i help you ?
i would like to look for my local apartment .
i ' m having trouble understanding what you want . could you please rephrase it ?
Reward: 0.1180342361330986

hello , welcome to the restaurant finding system . how may i help you ?
i have a problem up for baseball .
i ' m having trouble understanding what you want . could you please rephrase it ?
Reward: 0.11816823482513428

hello , welcome to the restaurant finding system . how may i help you ?
i need another restaurant .
what part of town do you have in mind ?
Reward: 0.6808508038520813

hello , welcome to the restaurant finding system . how may i help you ?
hi . it ' s from an italian restaurant .
what part of town do you have in mind ?
Reward: 0.2617233693599701

hello , welcome to the restaurant finding system . how may i help you ?
i do not understand what the closest one is . i can ' t fit ordering away ,
i ' m having trouble understanding what you want . could you please rephrase it ?
Reward: 0.11843955516815186

hello , welcome to the restaurant finding system . how may i help you ?
i need another restaurant .
what part of town do you have in mind ?
Reward: 0.6808508038520813

hello , welcome to the restaurant finding system . how may i help you ?
i need a trapezoid restaurant in place with 2 rd on a tv show .
what part of town do you have in mind ?
Reward: 0.23291043937206268

hello , welcome to the restaurant finding system . how may i help you ?
i need some so sad . how about a club happening at the beach .
i ' m having trouble understanding what you want . could you please rephrase it ?
Reward: 0.11805004626512527

hello , welcome to the restaurant finding system . how may i help you ?
hi , i want to book a table
what part of town do you have in mind ?
Reward: 0.6829309463500977

hello , welcome to the restaurant finding system . how may i help you ?
i would like to change an italian restaurant into the nose . any other suggestion if i could never need to know about the weather
what part of town do you have in mind ?
Reward: 0.23215802013874054

hello , welcome to the restaurant finding system . how may i help you ?
i want a restaurant in there . i ' ll take the customers i need to book a table
what part of town do you have in mind ?
Reward: 0.6905581951141357

hello , welcome to the restaurant finding system . how may i help you ?
i need a restaurant after the beach . and beach menu always live .
what part of town do you have in mind ?
Reward: 0.2332017570734024

hello , welcome to the restaurant finding system . how may i help you ?
i need another restaurant .
what part of town do you have in mind ?
Reward: 0.6808508038520813

hello , welcome to the restaurant finding system . how may i help you ?
i need another restaurant .
what part of town do you have in mind ?
Reward: 0.6808508038520813

hello , welcome to the restaurant finding system . how may i help you ?
i want to buy an italian restaurant .
what part of town do you have in mind ?
Reward: 0.23413164913654327

hello , welcome to the restaurant finding system . how may i help you ?
hi , i need to eat equal to the nearest restaurant in centre .
what kind of food would you like ?
Reward: 0.23779211938381195

hello , welcome to the restaurant finding system . how may i help you ?
i need another restaurant .
what part of town do you have in mind ?
Reward: 0.6808508038520813

hello , welcome to the restaurant finding system . how may i help you ?
i would like to know a name for an extra restaurant .
what part of town do you have in mind ?
Reward: 0.23220548033714294

hello , welcome to the restaurant finding system . how may i help you ?
i would like to know what the restaurant ?
what part of town do you have in mind ?
Reward: 0.23273518681526184

hello , welcome to the restaurant finding system . how may i help you ?
i want to listen to the italian cuisine .
i ' m having trouble understanding what you want . could you please rephrase it ?
Reward: 0.11828724294900894

hello , welcome to the restaurant finding system . how may i help you ?
i decide to be a restaurant that has a awesome dill prompts for me .
what part of town do you have in mind ?
Reward: 0.23225079476833344

hello , welcome to the restaurant finding system . how may i help you ?
well i need to buy a table
what part of town do you have in mind ?
Reward: 0.6779917478561401

hello , welcome to the restaurant finding system . how may i help you ?
i goof to have an nearest table
what part of town do you have in mind ?
Reward: 0.2685503363609314

hello , welcome to the restaurant finding system . how may i help you ?
i ' m thinking to japanese .
i ' m having trouble understanding what you want . could you please rephrase it ?
Reward: 0.11951549351215363

hello , welcome to the restaurant finding system . how may i help you ?
i need to book a table
what part of town do you have in mind ?
Reward: 0.6812476515769958

hello , welcome to the restaurant finding system . how may i help you ?
nothing , but i want to book a table
what part of town do you have in mind ?
Reward: 0.6845598220825195

hello , welcome to the restaurant finding system . how may i help you ?
i want to book a table
what part of town do you have in mind ?
Reward: 0.6822980046272278

hello , welcome to the restaurant finding system . how may i help you ?
97 ? what joint ?
i ' m having trouble understanding what you want . could you please rephrase it ?
Reward: 0.11868537217378616

hello , welcome to the restaurant finding system . how may i help you ?
i would like to know how i do using my card on short .
i ' m having trouble understanding what you want . could you please rephrase it ?
Reward: 0.11806362867355347

hello , welcome to the restaurant finding system . how may i help you ?
i have a restaurant to i don ' t know .
what part of town do you have in mind ?
Reward: 0.6632620096206665

hello , welcome to the restaurant finding system . how may i help you ?
i ' ll check . who has a restaurant priced
what part of town do you have in mind ?
Reward: 0.2369091957807541

hello , welcome to the restaurant finding system . how may i help you ?
i ' ll get an above in a few , i prefer first , entering now .
i ' m having trouble understanding what you want . could you please rephrase it ?
Reward: 0.11843480914831161

hello , welcome to the restaurant finding system . how may i help you ?
i ' m trying to eat at the moment . what ' s the nearest a lot of dog food ?
what part of town do you have in mind ?
Reward: 0.23232418298721313

hello , welcome to the restaurant finding system . how may i help you ?
i ' m looking for a restaurant that said miami .
what part of town do you have in mind ?
Reward: 0.2325405329465866

hello , welcome to the restaurant finding system . how may i help you ?
hi , i want to book a table
what part of town do you have in mind ?
Reward: 0.6829309463500977

hello , welcome to the restaurant finding system . how may i help you ?
i ' m looking for a restaurant in denver , go to a spot .
what part of town do you have in mind ?
Reward: 0.23227205872535706

hello , welcome to the restaurant finding system . how may i help you ?
hi , i want to book a table
what part of town do you have in mind ?
Reward: 0.6829309463500977

hello , welcome to the restaurant finding system . how may i help you ?
i want a restaurant in the trips played .
what part of town do you have in mind ?
Reward: 0.643269419670105

hello , welcome to the restaurant finding system . how may i help you ?
i ' ve would like to tell me where the nearest restaurant is in my local cat .
what part of town do you have in mind ?
Reward: 0.2324371337890625

hello , welcome to the restaurant finding system . how may i help you ?
i want to know the closest one time to cedar of rest of the week in centre .
i ' m having trouble understanding what you want . could you please rephrase it ?
Reward: 0.11801909655332565

hello , welcome to the restaurant finding system . how may i help you ?
hi , i want to book some table
what part of town do you have in mind ?
Reward: 0.6810071468353271

hello , welcome to the restaurant finding system . how may i help you ?
hi , i want to book a lot of slopes it wanted a lot of yorkie .
i ' m having trouble understanding what you want . could you please rephrase it ?
Reward: 0.13334928452968597

hello , welcome to the restaurant finding system . how may i help you ?
i would like to need another restaurant .
what part of town do you have in mind ?
Reward: 0.6226688623428345

hello , welcome to the restaurant finding system . how may i help you ?
i ' m looking for a restaurant .
what part of town do you have in mind ?
Reward: 0.23534941673278809

hello , welcome to the restaurant finding system . how may i help you ?
i need a great restaurant in new york .
thank you , goodbye .
Reward: 0.1580478399991989

hello , welcome to the restaurant finding system . how may i help you ?
i ' m an italian restaurant .
what part of town do you have in mind ?
Reward: 0.24664965271949768

hello , welcome to the restaurant finding system . how may i help you ?
i need another restaurant .
what part of town do you have in mind ?
Reward: 0.6808508038520813

hello , welcome to the restaurant finding system . how may i help you ?
hi , i want to book a table
what part of town do you have in mind ?
Reward: 0.6829309463500977

hello , welcome to the restaurant finding system . how may i help you ?
i need some places for me and recipes .
i ' m having trouble understanding what you want . could you please rephrase it ?
Reward: 0.11810136586427689

hello , welcome to the restaurant finding system . how may i help you ?
i need a restaurant for each of camping .
what part of town do you have in mind ?
Reward: 0.23263245820999146

hello , welcome to the restaurant finding system . how may i help you ?
i bought a restaurant that i prefer not . .
what part of town do you have in mind ?
Reward: 0.682695209980011

hello , welcome to the restaurant finding system . how may i help you ?
i ' m looking for a european restaurant .
what part of town do you have in mind ?
Reward: 0.23717956244945526

hello , welcome to the restaurant finding system . how may i help you ?
i need another restaurant .
what part of town do you have in mind ?
Reward: 0.6808508038520813

hello , welcome to the restaurant finding system . how may i help you ?
i just need some cheap authentic french cuisine .
i ' m having trouble understanding what you want . could you please rephrase it ?
Reward: 0.11814245581626892

hello , welcome to the restaurant finding system . how may i help you ?
i ' m for an italian restaurant joe .
what part of town do you have in mind ?
Reward: 0.23243552446365356

hello , welcome to the restaurant finding system . how may i help you ?
i ' d like to provide a spot for me for two people
i ' m having trouble understanding what you want . could you please rephrase it ?
Reward: 0.11797221004962921

hello , welcome to the restaurant finding system . how may i help you ?
the best restaurant .
what part of town do you have in mind ?
Reward: 0.6349265575408936

hello , welcome to the restaurant finding system . how may i help you ?
i ' m referring to a restaurant i want to book a table
what part of town do you have in mind ?
Reward: 0.685386061668396

hello , welcome to the restaurant finding system . how may i help you ?
this one in the moderate price range and
i ' m having trouble understanding what you want . could you please rephrase it ?
Reward: 0.2541032135486603

hello , welcome to the restaurant finding system . how may i help you ?
i want to book a table
what part of town do you have in mind ?
Reward: 0.6822980046272278

hello , welcome to the restaurant finding system . how may i help you ?
well i figured at the earliest i ' d like to know if i ' ve figured it and them silence right now .
i ' m having trouble understanding what you want . could you please rephrase it ?
Reward: 0.11801178753376007

hello , welcome to the restaurant finding system . how may i help you ?
i ' d like to know if i ' d like to book a table
what part of town do you have in mind ?
Reward: 0.23220238089561462

hello , welcome to the restaurant finding system . how may i help you ?
i want an european restaurant .
what part of town do you have in mind ?
Reward: 0.680429220199585

hello , welcome to the restaurant finding system . how may i help you ?
i ' d like to remove a prompt of the health apartments .
i ' m having trouble understanding what you want . could you please rephrase it ?
Reward: 0.11808731406927109

hello , welcome to the restaurant finding system . how may i help you ?
i want to do booking a few for my grandma to have a different restaurant .
j restaurant is nice
Reward: 0.1213492602109909

hello , welcome to the restaurant finding system . how may i help you ?
i need a restaurant in the moderate price range and in the moderate price .
what part of town do you have in mind ?
Reward: 0.6878805160522461

hello , welcome to the restaurant finding system . how may i help you ?
i need another restaurant .
what part of town do you have in mind ?
Reward: 0.6808508038520813

hello , welcome to the restaurant finding system . how may i help you ?
i want to know the best price to go in memphis .
i ' m having trouble understanding what you want . could you please rephrase it ?
Reward: 0.1181168183684349

hello , welcome to the restaurant finding system . how may i help you ?
i know . if i want to eat ordering ebay .
what part of town do you have in mind ?
Reward: 0.23254969716072083

hello , welcome to the restaurant finding system . how may i help you ?
i am looking for an italian restaurant on my kawaii system .
what part of town do you have in mind ?
Reward: 0.23213467001914978

hello , welcome to the restaurant finding system . how may i help you ?
i want the restaurant they need to be a few ?
what part of town do you have in mind ?
Reward: 0.23341159522533417

hello , welcome to the restaurant finding system . how may i help you ?
i need another restaurant .
what part of town do you have in mind ?
Reward: 0.6808508038520813

hello , welcome to the restaurant finding system . how may i help you ?
i need a restaurant in it .
what part of town do you have in mind ?
Reward: 0.6819412708282471

hello , welcome to the restaurant finding system . how may i help you ?
i want to book a table
what part of town do you have in mind ?
Reward: 0.6822980046272278

hello , welcome to the restaurant finding system . how may i help you ?
i need a restaurant in some vacation .
what part of town do you have in mind ?
Reward: 0.2843223810195923

hello , welcome to the restaurant finding system . how may i help you ?
i would like to have one week from a restaurant .
what part of town do you have in mind ?
Reward: 0.23257902264595032

hello , welcome to the restaurant finding system . how may i help you ?
i think i ' ll ask with a list of of them . i ' d like to tell me which is blown . i
i ' m having trouble understanding what you want . could you please rephrase it ?
Reward: 0.11800932884216309

hello , welcome to the restaurant finding system . how may i help you ?
i don ' t understand . the beach . of course , i are not bad . . . . i ' ll be system
i ' m having trouble understanding what you want . could you please rephrase it ?
Reward: 0.118235282599926

hello , welcome to the restaurant finding system . how may i help you ?
i need to another one at the george f theatre around 3 rd service .
pizza express is nice
Reward: 0.1275523602962494

hello , welcome to the restaurant finding system . how may i help you ?
hi , i want to book a table
what part of town do you have in mind ?
Reward: 0.6829309463500977

hello , welcome to the restaurant finding system . how may i help you ?
i need another restaurant .
what part of town do you have in mind ?
Reward: 0.6808508038520813

hello , welcome to the restaurant finding system . how may i help you ?
i ' m thinking of an italian restaurant .
what part of town do you have in mind ?
Reward: 0.23278097808361053

hello , welcome to the restaurant finding system . how may i help you ?
i need a reservation in the george f theatre friday at the george f theatre around 1 pm
what part of town do you have in mind ?
Reward: 0.23246201872825623

hello , welcome to the restaurant finding system . how may i help you ?
i want to see what is my best selling single restaurant in the same date of birth at each jazz .
what part of town do you have in mind ?
Reward: 0.23225528001785278

hello , welcome to the restaurant finding system . how may i help you ?
i need another restaurant .
what part of town do you have in mind ?
Reward: 0.6808508038520813

hello , welcome to the restaurant finding system . how may i help you ?
i have my restaurant , can i buy one night ?
what part of town do you have in mind ?
Reward: 0.23291021585464478

hello , welcome to the restaurant finding system . how may i help you ?
i would like to know where its why i am taking an decision .
i ' m having trouble understanding what you want . could you please rephrase it ?
Reward: 0.11802535504102707

hello , welcome to the restaurant finding system . how may i help you ?
i have a group of customers at the beach . miami sr .
i ' m having trouble understanding what you want . could you please rephrase it ?
Reward: 0.11805732548236847

hello , welcome to the restaurant finding system . how may i help you ?
i remember looking for a few with a mower and i forgot to find something .
i ' m having trouble understanding what you want . could you please rephrase it ?
Reward: 0.11802282184362411

hello , welcome to the restaurant finding system . how may i help you ?
i need some veggies
i ' m having trouble understanding what you want . could you please rephrase it ?
Reward: 0.1188606545329094

hello , welcome to the restaurant finding system . how may i help you ?
i move anything with quite old .
i ' m having trouble understanding what you want . could you please rephrase it ?
Reward: 0.11830979585647583

hello , welcome to the restaurant finding system . how may i help you ?
i need another restaurant .
what part of town do you have in mind ?
Reward: 0.6808508038520813

hello , welcome to the restaurant finding system . how may i help you ?
i want to eat in an italian restaurant .
what part of town do you have in mind ?
Reward: 0.2364068180322647

hello , welcome to the restaurant finding system . how may i help you ?
what is my best selling life in here ?
i ' m having trouble understanding what you want . could you please rephrase it ?
Reward: 0.11810442805290222

hello , welcome to the restaurant finding system . how may i help you ?
well i want to know who is the best selling hour of my work for me .
i ' m having trouble understanding what you want . could you please rephrase it ?
Reward: 0.11799979954957962

hello , welcome to the restaurant finding system . how may i help you ?
hi , i want to be a european restaurant .
what part of town do you have in mind ?
Reward: 0.6807378530502319

hello , welcome to the restaurant finding system . how may i help you ?
hi , i want to book a table
what part of town do you have in mind ?
Reward: 0.6829309463500977

