hello , welcome to the restaurant finding system . how may i help you ?
i need another restaurant .
what part of town do you have in mind ?
i prefer a venue in north .
what kind of food would you like ?
everything is fine . i want a venue in the cheap price range .
what kind of food would you like ?
i want a venue in the moderate price range and in the west of town .
what kind of food would you like ?
i want a venue in the north of town . i want a venue in any part is this .
what kind of food would you like ?
i want a venue in the south of town .
what kind of food would you like ?
i need a chinese venue .
i am sorry but there is no place , in the area of south , in the moderate price range and serving chinese food .
i want a restaurant in the expensive price range .
the good luck chinese food takeaway is a nice place , it serves chinese food , it is in the south part of town and it is in the expensive price range .
thanks for your help , goodbye .
thank you , goodbye .
Reward: 0.9742915630340576

hello , welcome to the restaurant finding system . how may i help you ?
i need another restaurant .
what part of town do you have in mind ?
it doesn ' t matter .
what part of town do you have in mind ?
i prefer a venue in north .
what kind of food would you like ?
i need a indian venue .
would you like something in the cheap , moderate , or expensive price range ?
i want a venue in the expensive price range .
tandoori palace is a nice place , it is in the expensive price range , it is in the north part of town and it serves indian food .
what is the address ?
tandoori palace is a nice place their address is 68 histon road chesterton .
thanks for your help , goodbye .
thank you , goodbye .
Reward: 0.9742915630340576

hello , welcome to the restaurant finding system . how may i help you ?
hi , i want to book a table
what part of town do you have in mind ?
i prefer a venue in south .
what kind of food would you like ?
i need a chinese venue .
would you like something in the cheap , moderate , or expensive price range ?
it doesn ' t matter .
would you like something in the cheap , moderate , or expensive price range ?
it doesn ' t matter .
would you like something in the cheap , moderate , or expensive price range ?
i want a venue in the moderate price range .
i am sorry but there is no place , in the area of south , serving chinese food and in the moderate price range .
what is the phone number of the restaurant ?
i am sorry but there is no place , in the area of south , serving chinese food and in the moderate price range .
thanks for your help , goodbye .
thank you , goodbye .
Reward: 0.9742915630340576

hello , welcome to the restaurant finding system . how may i help you ?
i need another restaurant .
what part of town do you have in mind ?
i prefer a venue in north .
what kind of food would you like ?
i want a venue in the moderate price range serving chinese food .
golden wok is a nice place , it is in the north part of town , it is in the moderate price range and it serves chinese food .
thanks for your help , goodbye .
thank you , goodbye .
Reward: 0.9742915630340576

hello , welcome to the restaurant finding system . how may i help you ?
hi , can you tell me the restaurant in the centre of the restaurant .
what kind of food would you like ?
i need a indian venue .
would you like something in the cheap , moderate , or expensive price range ?
i want a venue in the moderate price range .
i am sorry but there is no place , serving indian food , in the moderate price range and in the area of centre .
thanks for your help , goodbye .
thank you , goodbye .
Reward: 0.9742915630340576

hello , welcome to the restaurant finding system . how may i help you ?
hi , i want a venue in the moderate price range .
i ' m having trouble understanding what you want . could you please rephrase it ?
i need a mediterranean restaurant .
what part of town do you have in mind ?
i prefer a venue in centre .
would you like something in the cheap , moderate , or expensive price range ?
i want a venue in the expensive price range .
la mimosa is a nice place , it serves mediterranean food , it is in the centre of town and it is in the expensive price range .
what is the address ?
la mimosa is a nice place their address is thompsons lane fen ditton .
is it in the expensive price range ?
la mimosa is a nice place , it serves mediterranean food , it is in the centre of town and it is in the expensive price range .
thanks for your help , goodbye .
thank you , goodbye .
Reward: 0.9742915630340576

hello , welcome to the restaurant finding system . how may i help you ?
hi , i want to book a table
what part of town do you have in mind ?
i prefer a venue in centre .
what kind of food would you like ?
i want a venue in the expensive price range serving indian food .
curry garden is a nice place , it is in the centre of town , it serves indian food and it is in the expensive price range .
thanks for your help , goodbye .
thank you , goodbye .
Reward: 0.9742915630340576

hello , welcome to the restaurant finding system . how may i help you ?
i need a restaurant in centre .
what kind of food would you like ?
i need a indian venue .
would you like something in the cheap , moderate , or expensive price range ?
i want a venue in the moderate price range .
i am sorry but there is no place , in the area of centre , in the moderate price range and serving indian food .
what is the phone number of the restaurant ?
i am sorry but there is no place , serving indian food , in the moderate price range and in the area of centre .
thanks for your help , goodbye .
thank you , goodbye .
Reward: 0.9742915630340576

hello , welcome to the restaurant finding system . how may i help you ?
hi , i want to book a table
what part of town do you have in mind ?
i want a venue in the moderate price range and in the north of town .
what kind of food would you like ?
i want a venue in the south of town .
what kind of food would you like ?
i want a venue in the south of town . i want a venue in the north of town .
what kind of food would you like ?
i need a indian venue .
the nirala is a nice place , it serves indian food , it is in the moderate price range and it is in the north part of town .
what is the phone number of the restaurant ?
the nirala is a nice place their phone number is 0 1223 360966 .
what is the address ?
the nirala is a nice place , it is in the north part of town , it is in the moderate price range and it serves indian food .
what is the address ?
the nirala is a nice place , their address is 7 milton road chesterton and their phone number is 0 1223 360966 .
thanks for your help , goodbye .
thank you , goodbye .
Reward: 0.9742915630340576

hello , welcome to the restaurant finding system . how may i help you ?
i need another restaurant .
what part of town do you have in mind ?
it doesn ' t matter .
what part of town do you have in mind ?
i want a venue in the moderate price range and in the north of town .
what kind of food would you like ?
i need a indian venue .
the nirala is a nice place , it serves indian food , it is in the north part of town and it is in the moderate price range .
thanks for your help , goodbye .
thank you , goodbye .
Reward: 0.9698646664619446

hello , welcome to the restaurant finding system . how may i help you ?
hi , i want to book a table
what part of town do you have in mind ?
i want a venue in the moderate price range and in the north of town .
what kind of food would you like ?
i want a venue in the south of town .
what kind of food would you like ?
i want a venue in the south of town . i want a venue in the south of town .
what kind of food would you like ?
i want a venue in the south of town . i want a venue in the north of town . i want a venue in
what kind of food would you like ?
i need a indian venue .
the nirala is a nice place , it serves indian food , it is in the moderate price range and it is in the north part of town .
what is the phone number of the restaurant ?
the nirala is a nice place their phone number is 0 1223 360966 .
what is the address ?
the nirala is a nice place , it is in the north part of town , it serves indian food and it is in the moderate price range .
what is the address of the restaurant ?
the nirala is a nice place , their address is 7 milton road chesterton and their phone number is 0 1223 360966 .
thanks for your help , goodbye .
thank you , goodbye .
Reward: 0.9698646664619446

hello , welcome to the restaurant finding system . how may i help you ?
i need another restaurant .
what part of town do you have in mind ?
i prefer a venue in north .
what kind of food would you like ?
i need a chinese venue .
would you like something in the cheap , moderate , or expensive price range ?
i want a venue in the expensive price range .
hakka is a nice place , it is in the expensive price range , it serves chinese food and it is in the north part of town .
what is the phone number of the restaurant ?
hakka is a nice place their phone number is 0 1223 568988 .
thanks for your help , goodbye .
thank you , goodbye .
Reward: 0.9698646664619446

hello , welcome to the restaurant finding system . how may i help you ?
hi , i want to book a table
what part of town do you have in mind ?
i want a venue in the moderate price range and in the north of town .
what kind of food would you like ?
i need a indian venue .
the nirala is a nice place , it is in the moderate price range , it serves indian food and it is in the north part of town .
thanks for your help , goodbye .
thank you , goodbye .
Reward: 0.9698646664619446

hello , welcome to the restaurant finding system . how may i help you ?
i need another restaurant .
what part of town do you have in mind ?
i prefer a venue in south .
what kind of food would you like ?
i need a indian venue .
taj tandoori is a nice place , it is in the south part of town and it serves indian food .
what is the address of the restaurant ?
taj tandoori is a nice place their address is 64 cherry hinton road cherry hinton .
thanks for your help , goodbye .
thank you , goodbye .
Reward: 0.9698646664619446

hello , welcome to the restaurant finding system . how may i help you ?
i need a restaurant in centre .
what kind of food would you like ?
i need a indian venue .
would you like something in the cheap , moderate , or expensive price range ?
i want a venue in the expensive price range .
curry garden is a nice place , it serves indian food , it is in the expensive price range and it is in the centre of town .
thanks for your help , goodbye .
thank you , goodbye .
Reward: 0.9698646664619446

hello , welcome to the restaurant finding system . how may i help you ?
i need another restaurant .
what part of town do you have in mind ?
i want a venue in the moderate price range and in the centre of town .
what kind of food would you like ?
it doesn ' t matter .
what kind of food would you like ?
i want a venue in the expensive price range serving british food .
midsummer house restaurant is a nice place , it serves british food , it is in the expensive price range and it is in the centre of town .
what is the phone number of the restaurant ?
midsummer house restaurant is a nice place their phone number is 0 1223 369299 .
is this months ?
midsummer house restaurant is a nice place , it serves british food , it is in the centre of town and it is in the expensive price range .
thanks for your help , goodbye .
thank you , goodbye .
Reward: 0.9698646664619446

hello , welcome to the restaurant finding system . how may i help you ?
hi , i want to book a table
what part of town do you have in mind ?
i serves a venue in centre .
what kind of food would you like ?
i need a indian venue .
would you like something in the cheap , moderate , or expensive price range ?
i want a venue in the moderate price range .
i am sorry but there is no place , in the moderate price range , in the area of centre and serving indian food .
what is the phone number of the restaurant ?
i am sorry but there is no place , in the moderate price range , in the area of centre and serving indian food .
what is the address of the restaurant ?
i am sorry but there is no place , in the area of centre , in the moderate price range and serving indian food .
thanks for your help , goodbye .
thank you , goodbye .
Reward: 0.9625451564788818

hello , welcome to the restaurant finding system . how may i help you ?
hi , i want to book a table
what part of town do you have in mind ?
it doesn ' t matter .
what part of town do you have in mind ?
i want a venue in the moderate price range .
what part of town do you have in mind ?
i want a venue in the moderate price range and in the centre of town .
what kind of food would you like ?
i want a venue in the expensive price range and in the north of town .
what kind of food would you like ?
i want a venue in the south of town .
what kind of food would you like ?
i need a indian venue .
taj tandoori is a nice place , it serves indian food , it is in the expensive price range and it is in the south part of town .
what is the address of the restaurant ?
taj tandoori is a nice place their address is 64 cherry hinton road cherry hinton .
thanks for your help , goodbye .
thank you , goodbye .
Reward: 0.9625451564788818

hello , welcome to the restaurant finding system . how may i help you ?
hi , i want to book a table
what part of town do you have in mind ?
i prefer a venue in centre .
what kind of food would you like ?
i need a italian venue .
would you like something in the cheap , moderate , or expensive price range ?
i need a european venue .
would you like something in the cheap , moderate , or expensive price range ?
i want a venue in the west of town .
cambridge lodge restaurant is a nice place , it serves european food and it is in the west part of town .
what is the address ?
cambridge lodge restaurant is a nice place their address is cambridge lodge hotel 139 huntingdon road city centre .
thanks for your help , goodbye .
thank you , goodbye .
Reward: 0.9625451564788818

hello , welcome to the restaurant finding system . how may i help you ?
hi , i want to book a table
what part of town do you have in mind ?
i want a venue in the moderate price range and in the centre of town .
what kind of food would you like ?
i need a indian venue .
i am sorry but there is no place , serving indian food , in the area of centre and in the moderate price range .
thanks for your help , goodbye .
thank you , goodbye .
Reward: 0.9625451564788818

hello , welcome to the restaurant finding system . how may i help you ?
hi , i want to book a table
what part of town do you have in mind ?
it doesn ' t matter .
what part of town do you have in mind ?
i prefer a venue in centre .
what kind of food would you like ?
i want a venue in the expensive price range and in the north of town .
what kind of food would you like ?
i need a chinese venue .
hakka is a nice place , it is in the expensive price range , it serves chinese food and it is in the north part of town .
no , i am not looking for this . please show me another one .
the hotpot is a nice place , it is in the north part of town , it is in the expensive price range and it serves chinese food .
what is the phone number of the restaurant ?
the hotpot is a nice place their phone number is 0 1223 366552 .
thanks for your help , goodbye .
thank you , goodbye .
Reward: 0.9625451564788818

hello , welcome to the restaurant finding system . how may i help you ?
hi , i want to book a table
what part of town do you have in mind ?
i prefer a venue in south .
what kind of food would you like ?
i need a turkish venue .
i am sorry but there is no place , in the area of south and serving turkish food .
i want a european venue .
i am sorry but there is no place , serving european food and in the area of south .
please tell me how the restaurant in any part of town . i want a european venue .
would you like something in the cheap , moderate , or expensive price range ?
it doesn ' t matter .
would you like something in the cheap , moderate , or expensive price range ?
i want a venue in the moderate price range .
galleria is a nice place , it serves european food , it is in the moderate price range and it is in the centre of town .
wait , i want something else . i want a venue in any part of town .
hotel du vin and bistro is a nice place , it serves european food , it is in the moderate price range and it is in the centre of town .
wait , i want something else . i want a venue in any part of town .
i am sorry but there is no place other than galleria and hotel du vin and bistro in all parts of town , in the moderate price range and serving european food .
i want a venue in any part of town . i want a venue in the moderate price range .
galleria is a nice place , it serves european food , it is in the moderate price range and it is in the centre of town .
Reward: 0.9625451564788818

hello , welcome to the restaurant finding system . how may i help you ?
hi , i want to book a table
what part of town do you have in mind ?
i prefer a venue in west .
what kind of food would you like ?
everything is fine . i want a venue in the cheap price range .
what kind of food would you like ?
i want a venue in the moderate price range and in the centre of town .
what kind of food would you like ?
i need a indian venue .
i am sorry but there is no place , in the moderate price range , in the area of centre and serving indian food .
thanks for your help , goodbye .
thank you , goodbye .
Reward: 0.9625451564788818

hello , welcome to the restaurant finding system . how may i help you ?
hi , i want to book a table
what part of town do you have in mind ?
i want a venue in the moderate price range and in the centre of town .
what kind of food would you like ?
i want a venue in the moderate price range serving chinese food .
shanghai family restaurant is a nice place , it serves chinese food , it is in the centre of town and it is in the moderate price range .
thanks for your help , goodbye .
thank you , goodbye .
Reward: 0.9625451564788818

hello , welcome to the restaurant finding system . how may i help you ?
hi , i want to book a table
what part of town do you have in mind ?
i want a venue in the moderate price range and in the west of town .
what kind of food would you like ?
i want a venue in the south of town .
what kind of food would you like ?
i want a venue in the north of town . i want a venue in the south of town . i want help , civilization
what kind of food would you like ?
i want a venue in the north of town . it doesn ' t matter
what kind of food would you like ?
i want a venue in the expensive price range serving indian food .
tandoori palace is a nice place , it serves indian food , it is in the north part of town and it is in the expensive price range .
thanks for your help , goodbye .
thank you , goodbye .
Reward: 0.9761738181114197

hello , welcome to the restaurant finding system . how may i help you ?
hi , i want to book a table
what part of town do you have in mind ?
i prefer a venue in south .
what kind of food would you like ?
i need a chinese venue .
would you like something in the cheap , moderate , or expensive price range ?
it doesn ' t matter .
would you like something in the cheap , moderate , or expensive price range ?
i want a venue in the moderate price range .
i am sorry but there is no place , in the area of south , in the moderate price range and serving chinese food .
what is the phone number of the restaurant ?
i am sorry but there is no place , in the area of south , in the moderate price range and serving chinese food .
please tell me the address and the address of the members of the restaurant .
i am sorry but there is no place , serving chinese food , in the moderate price range and in the area of south .
thanks for your help , goodbye .
thank you , goodbye .
Reward: 0.9761738181114197

hello , welcome to the restaurant finding system . how may i help you ?
i need another restaurant .
what part of town do you have in mind ?
i prefer a venue in north .
what kind of food would you like ?
everything is fine . i want a venue in the expensive price range .
what kind of food would you like ?
i want a venue in the moderate price range and in the centre of town .
what kind of food would you like ?
i need a indian venue .
i am sorry but there is no place , serving indian food , in the moderate price range and in the area of centre .
thanks for your help , goodbye .
thank you , goodbye .
Reward: 0.9761738181114197

hello , welcome to the restaurant finding system . how may i help you ?
i need another restaurant .
what part of town do you have in mind ?
i prefer a venue in east .
what kind of food would you like ?
i need a chinese venue .
yu garden is a nice place , it is in the east part of town and it serves chinese food .
what is the address ?
yu garden is a nice place their address is 529 newmarket road fen ditton .
thanks for your help , goodbye .
thank you , goodbye .
Reward: 0.9761738181114197

hello , welcome to the restaurant finding system . how may i help you ?
hi , i want to book a table
what part of town do you have in mind ?
i prefer a venue in centre .
what kind of food would you like ?
i need a indian venue .
would you like something in the cheap , moderate , or expensive price range ?
i want a venue in the moderate price range .
i am sorry but there is no place , in the area of centre , in the moderate price range and serving indian food .
what is the phone venue ?
i am sorry but there is no place , in the area of centre , serving indian food and in the moderate price range .
thanks for your help , goodbye .
thank you , goodbye .
Reward: 0.9087356328964233

hello , welcome to the restaurant finding system . how may i help you ?
hi , i want to book a table
what part of town do you have in mind ?
i want a venue in the moderate price range and in the centre of town .
what kind of food would you like ?
i need a indian venue .
i am sorry but there is no place , in the area of centre , in the moderate price range and serving indian food .
thanks for your help , goodbye .
thank you , goodbye .
Reward: 0.9087356328964233

hello , welcome to the restaurant finding system . how may i help you ?
i need another restaurant .
what part of town do you have in mind ?
it doesn ' t matter .
what part of town do you have in mind ?
i prefer a venue in north .
what kind of food would you like ?
i need a mediterranean venue .
i am sorry but there is no place , in the area of north and serving mediterranean food .
thanks for your help , goodbye .
thank you , goodbye .
Reward: 0.9087356328964233

hello , welcome to the restaurant finding system . how may i help you ?
hi , i want to book a table
what part of town do you have in mind ?
i prefer a venue in south .
what kind of food would you like ?
i want a venue in the expensive price range serving indian food .
taj tandoori is a nice place , it is in the expensive price range , it serves indian food and it is in the south part of town .
thanks for your help , goodbye .
thank you , goodbye .
Reward: 0.9087356328964233

hello , welcome to the restaurant finding system . how may i help you ?
hi , i want to book a table
what part of town do you have in mind ?
i prefer a venue in centre .
what kind of food would you like ?
i need a european venue .
would you like something in the cheap , moderate , or expensive price range ?
i want a venue in the moderate price range .
galleria is a nice place , it is in the moderate price range , it serves european food and it is in the centre of town .
no , i am not looking for this . please show me another one .
hotel du vin and bistro is a nice place , it is in the centre of town , it is in the moderate price range and it serves european food .
what is the phone number of the restaurant ?
hotel du vin and bistro is a nice place their phone number is 0 1223 227330 .
thanks for your help , goodbye .
thank you , goodbye .
Reward: 0.41211873292922974

hello , welcome to the restaurant finding system . how may i help you ?
i need another restaurant .
what part of town do you have in mind ?
i prefer a venue in north .
what kind of food would you like ?
i need a indian venue .
would you like something in the cheap , moderate , or expensive price range ?
i want a venue in the expensive price range .
tandoori palace is a nice place , it serves indian food , it is in the north part of town and it is in the expensive price range .
thanks for your help , goodbye .
thank you , goodbye .
Reward: 0.41211873292922974

hello , welcome to the restaurant finding system . how may i help you ?
i need another restaurant .
what part of town do you have in mind ?
i want a venue in the moderate price range and in the west of town .
what kind of food would you like ?
i need a chinese venue .
i am sorry but there is no place , in the area of west , in the moderate price range and serving chinese food .
thanks for your help , goodbye .
thank you , goodbye .
Reward: 0.41211873292922974

hello , welcome to the restaurant finding system . how may i help you ?
hi , i want to book a table
what part of town do you have in mind ?
it doesn ' t matter .
what part of town do you have in mind ?
i prefer a venue in centre .
what kind of food would you like ?
i want a venue in the expensive price range serving british food .
midsummer house restaurant is a nice place , it is in the expensive price range , it serves british food and it is in the centre of town .
thanks for your help , goodbye .
thank you , goodbye .
Reward: 0.41211873292922974

hello , welcome to the restaurant finding system . how may i help you ?
hi , i want to book a table
what part of town do you have in mind ?
i prefer a venue in north .
what kind of food would you like ?
i need a indian venue .
would you like something in the cheap , moderate , or expensive price range ?
i want a venue in the moderate price range .
the nirala is a nice place , it serves indian food , it is in the moderate price range and it is in the north part of town .
no , i am not looking for this . please show me another one .
meghna is a nice place , it is in the north part of town , it is in the moderate price range and it serves indian food .
no , i am not looking for this . please show me another one .
i am sorry but there is no place other than meghna and the nirala in the area of north , in the moderate price range and serving indian food .
what is the phone number of the restaurant ?
the nirala is a nice place , it is in the moderate price range , it serves indian food and it is in the north part of town .
what is the address ?
the nirala is a nice place , their address is 7 milton road chesterton and their phone number is 0 1223 360966 .
thanks for your help , goodbye .
thank you , goodbye .
Reward: 0.41211873292922974

hello , welcome to the restaurant finding system . how may i help you ?
i want a restaurant in the centre of town .
what kind of food would you like ?
i need a indian venue .
would you like something in the cheap , moderate , or expensive price range ?
i want a venue in the expensive price range .
curry garden is a nice place , it is in the centre of town , it is in the expensive price range and it serves indian food .
what is the address ?
curry garden is a nice place their address is 106 regent street city centre .
thanks for your help , goodbye .
thank you , goodbye .
Reward: 0.41211873292922974

hello , welcome to the restaurant finding system . how may i help you ?
hi , i want to book a table
what part of town do you have in mind ?
i need a venue in centre .
what kind of food would you like ?
i need a international venue .
bloomsbury restaurant is a nice place , it is in the centre of town and it serves international food .
i want a restaurant and any price range is okay .
bloomsbury restaurant is a nice place , it serves international food , it is in the moderate price range and it is in the centre of town .
please show me the address and phone number of the restaurant .
bloomsbury restaurant is a nice place , their address is crowne plaza hotel 20 downing street and their phone number is 0 871 942 9180 .
thanks for your help , goodbye .
thank you , goodbye .
Reward: 0.41211873292922974

hello , welcome to the restaurant finding system . how may i help you ?
hi , i want to book a table
what part of town do you have in mind ?
i want a venue in the moderate price range and in the north of town .
what kind of food would you like ?
i want a venue in the south of town .
what kind of food would you like ?
i want a venue in the south of town . i want a venue in the north of town . i want a venue in
what kind of food would you like ?
i need a turkish venue .
i am sorry but there is no place , serving turkish food , in the moderate price range and in the area of north .
wait , i want something else . i want a venue in the west of town .
i am sorry but there is no place , serving turkish food , in the moderate price range and in the area of west .
great , thanks for your help , goodbye .
thank you , goodbye .
Reward: 0.9762025475502014

hello , welcome to the restaurant finding system . how may i help you ?
i need a restaurant in centre .
what kind of food would you like ?
i want a restaurant the indian venue .
would you like something in the cheap , moderate , or expensive price range ?
i want a venue in the expensive price range .
curry garden is a nice place , it is in the expensive price range , it is in the centre of town and it serves indian food .
thanks for your help , goodbye .
thank you , goodbye .
Reward: 0.9762025475502014

hello , welcome to the restaurant finding system . how may i help you ?
hi , i want to book a table
what part of town do you have in mind ?
it doesn ' t matter .
what part of town do you have in mind ?
i prefer a venue in north .
what kind of food would you like ?
i want a venue in the north of town . i want a venue in the north of town .
what kind of food would you like ?
i need a indian venue .
would you like something in the cheap , moderate , or expensive price range ?
i want a venue in the north of town .
would you like something in the cheap , moderate , or expensive price range ?
i want a venue in the expensive price range .
tandoori palace is a nice place , it serves indian food , it is in the north part of town and it is in the expensive price range .
thanks for your help , goodbye .
thank you , goodbye .
Reward: 0.9762025475502014

hello , welcome to the restaurant finding system . how may i help you ?
i need another restaurant .
what part of town do you have in mind ?
i prefer a venue in north .
what kind of food would you like ?
i need a indian venue .
would you like something in the cheap , moderate , or expensive price range ?
i want a venue in the moderate price range .
the nirala is a nice place , it is in the moderate price range , it serves indian food and it is in the north part of town .
what is the phone number of the restaurant ?
the nirala is a nice place their phone number is 0 1223 360966 .
what is the address ?
the nirala is a nice place , it is in the moderate price range , it is in the north part of town and it serves indian food .
what is the address of the restaurant ?
the nirala is a nice place , their phone number is 0 1223 360966 and their address is 7 milton road chesterton .
thanks for your help , goodbye .
thank you , goodbye .
Reward: 0.9762025475502014

hello , welcome to the restaurant finding system . how may i help you ?
hi , i want to book a table
what part of town do you have in mind ?
i prefer a venue in centre .
what kind of food would you like ?
i need a international venue .
bloomsbury restaurant is a nice place , it is in the centre of town and it serves international food .
i want a restaurant and any price range is okay .
bloomsbury restaurant is a nice place , it is in the moderate price range , it is in the centre of town and it serves international food .
i want a restaurant and any price range is okay .
bloomsbury restaurant is a nice place , it is in the moderate price range , it serves international food and it is in the centre of town .
wait , i want a restaurant in the moderate price range .
bloomsbury restaurant is a nice place , it is in the moderate price range , it serves international food and it is in the centre of town .
thanks for your help , goodbye .
thank you , goodbye .
Reward: 0.9144238829612732

hello , welcome to the restaurant finding system . how may i help you ?
hi , i want to book a table
what part of town do you have in mind ?
i prefer a venue in centre .
what kind of food would you like ?
i need a turkish venue .
would you like something in the cheap , moderate , or expensive price range ?
i want a venue in the moderate price range .
efes restaurant is a nice place , it serves turkish food , it is in the centre of town and it is in the moderate price range .
wait , i want something everywhere . any price range is okay .
meze bar restaurant is a nice place , it is in the centre of town , it serves turkish food and it is in the expensive price range .
what is the phone number of meze bar restaurant ?
meze bar restaurant is a nice place i don ' t know their phone number .
thanks for your help , goodbye .
thank you , goodbye .
Reward: 0.9144238829612732

hello , welcome to the restaurant finding system . how may i help you ?
i need another restaurant .
what part of town do you have in mind ?
i prefer a venue in north .
what kind of food would you like ?
i need a indian venue .
would you like something in the cheap , moderate , or expensive price range ?
i want a venue in the expensive price range .
tandoori palace is a nice place , it is in the expensive price range , it serves indian food and it is in the north part of town .
thanks for your help , goodbye .
thank you , goodbye .
Reward: 0.9144238829612732

hello , welcome to the restaurant finding system . how may i help you ?
hi , i want to book a table
what part of town do you have in mind ?
i want a venue in the moderate price range serving thai food .
i am sorry but there is no place , in the moderate price range and serving thai food .
it doesn ' t matter .
i am sorry but there is no place , in the moderate price range and serving thai food .
i want a chinese venue .
what part of town do you have in mind ?
i want a restaurant in the moderate price range .
what part of town do you have in mind ?
i prefer a restaurant in centre .
shanghai family restaurant is a nice place , it is in the moderate price range , it is in the centre of town and it serves chinese food .
thanks for your help , goodbye .
thank you , goodbye .
Reward: 0.9144238829612732

hello , welcome to the restaurant finding system . how may i help you ?
hi , i want to book a table
what part of town do you have in mind ?
i want a venue in the moderate price range and in the centre of town .
what kind of food would you like ?
i need a indian venue .
i am sorry but there is no place , in the moderate price range , serving indian food and in the area of centre .
thanks for your help , goodbye .
thank you , goodbye .
Reward: 0.9144238829612732

hello , welcome to the restaurant finding system . how may i help you ?
i need another restaurant .
what part of town do you have in mind ?
i prefer a venue in east .
what kind of food would you like ?
i want a venue in the expensive price range serving indian food .
pipasha restaurant is a nice place , it is in the expensive price range , it serves indian food and it is in the east part of town .
wait , i want something else . i want a venue in any part of town .
tandoori palace is a nice place , it is in the north part of town , it serves indian food and it is in the expensive price range .
thanks for your help , goodbye .
thank you , goodbye .
Reward: 0.976634681224823

hello , welcome to the restaurant finding system . how may i help you ?
hi , i want to book a table
what part of town do you have in mind ?
i prefer a venue in west .
what kind of food would you like ?
everything is fine . i want a venue in the cheap price range .
what kind of food would you like ?
i need a chinese venue .
i am sorry but there is no place , serving chinese food , in the cheap price range and in the area of west .
what is the phone number of the restaurant ?
i am sorry but there is no place , in the area of west , in the cheap price range and serving chinese food .
what is the address of the restaurant ?
i am sorry but there is no place , in the area of west , serving chinese food and in the cheap price range .
thanks for your help , goodbye .
thank you , goodbye .
Reward: 0.976634681224823

hello , welcome to the restaurant finding system . how may i help you ?
hi , i want to book a table
what part of town do you have in mind ?
i want a venue in the moderate price range and in the centre of town .
what kind of food would you like ?
i need a international venue .
bloomsbury restaurant is a nice place , it serves international food , it is in the moderate price range and it is in the centre of town .
wait , i want something else . i want a restaurant in the moderate price range .
the varsity restaurant is a nice place , it is in the centre of town , it is in the moderate price range and it serves international food .
wait , i want a restaurant in the thai price range .
i am sorry but there is no place , in the area of centre , in the moderate price range and serving thai food .
show me the restaurant in the expensive price range .
bangkok city is a nice place , it serves thai food , it is in the expensive price range and it is in the centre of town .
no , i am not looking for this . please show me another one .
i am sorry but there is no place other than bangkok city serving thai food , in the expensive price range and in the area of centre .
what is the phone number of the restaurant ?
bangkok city is a nice place , it is in the centre of town , it serves thai food and it is in the expensive price range .
what is the address ?
bangkok city is a nice place , their phone number is 0 1223 354382 and their address is 24 green street city centre .
thanks for your help , goodbye .
thank you , goodbye .
Reward: 0.976634681224823

hello , welcome to the restaurant finding system . how may i help you ?
hi , i want to book a table
what part of town do you have in mind ?
i prefer a venue in centre .
what kind of food would you like ?
i want a restaurant in the moderate price range serving chinese food .
shanghai family restaurant is a nice place , it is in the moderate price range , it is in the centre of town and it serves chinese food .
thanks for your help , goodbye .
thank you , goodbye .
Reward: 0.976634681224823

hello , welcome to the restaurant finding system . how may i help you ?
i need another restaurant .
what part of town do you have in mind ?
i prefer a venue in north .
what kind of food would you like ?
i need a indian venue .
would you like something in the cheap , moderate , or expensive price range ?
i want a venue in the moderate price range .
the nirala is a nice place , it is in the moderate price range , it is in the north part of town and it serves indian food .
no , i am not looking for this . please show me another one .
meghna is a nice place , it serves indian food , it is in the north part of town and it is in the moderate price range .
no is it in the north of town . i want a venue in the south of town .
the nirala is a nice place , it is in the moderate price range , it is in the north part of town and it serves indian food .
what is the address ?
the nirala is a nice place their address is 7 milton road chesterton .
thanks for your help , goodbye .
thank you , goodbye .
Reward: 0.976634681224823

hello , welcome to the restaurant finding system . how may i help you ?
i need a restaurant in centre .
what kind of food would you like ?
i need a indian venue .
would you like something in the cheap , moderate , or expensive price range ?
i want a venue in the moderate price range .
i am sorry but there is no place , in the moderate price range , in the area of centre and serving indian food .
i want a venue in the expensive price range .
curry garden is a nice place , it serves indian food , it is in the centre of town and it is in the expensive price range .
thanks for your help , goodbye .
thank you , goodbye .
Reward: 0.976634681224823

hello , welcome to the restaurant finding system . how may i help you ?
hi , i want to book a table
what part of town do you have in mind ?
i prefer a venue in west .
what kind of food would you like ?
i need a indian venue .
cocum is a nice place , it serves indian food and it is in the west part of town .
thanks for your help , goodbye .
thank you , goodbye .
Reward: 0.976634681224823

hello , welcome to the restaurant finding system . how may i help you ?
hi , i want to book a table
what part of town do you have in mind ?
i am not looking for this . please check if i want a venue serving mediterranean food and any price range is okay .
la mimosa is a nice place , it is in the expensive price range and it serves mediterranean food .
thanks for your help , goodbye .
thank you , goodbye .
Reward: 0.976634681224823

hello , welcome to the restaurant finding system . how may i help you ?
i need a restaurant in east .
what kind of food would you like ?
i want a restaurant in the cheap price range and in the centre of town .
what kind of food would you like ?
i need a indian venue .
the gandhi is a nice place , it is in the centre of town , it serves indian food and it is in the cheap price range .
thanks for your help , goodbye .
thank you , goodbye .
Reward: 0.976634681224823

hello , welcome to the restaurant finding system . how may i help you ?
i need another restaurant .
what part of town do you have in mind ?
it doesn ' t matter .
what part of town do you have in mind ?
i want a venue in the moderate price range and in the centre of town .
what kind of food would you like ?
i need a international venue .
bloomsbury restaurant is a nice place , it serves international food , it is in the moderate price range and it is in the centre of town .
what is the phone number of the restaurant ?
bloomsbury restaurant is a nice place their phone number is 0 871 942 9180 .
is it in the centre of town ?
bloomsbury restaurant is a nice place , it is in the centre of town , it is in the moderate price range and it serves international food .
wait , i want a restaurant in the moderate price range .
can i help you with anything else ?
thanks for your help , goodbye .
thank you , goodbye .
Reward: 0.9742660522460938

hello , welcome to the restaurant finding system . how may i help you ?
hi , i want to book a table
what part of town do you have in mind ?
i prefer a venue in west .
what kind of food would you like ?
everything is fine . i want a venue in the cheap price range .
what kind of food would you like ?
i want a venue in the moderate price range and in the centre of town .
what kind of food would you like ?
i need a indian venue .
i am sorry but there is no place , in the moderate price range , serving indian food and in the area of centre .
thanks for your help , goodbye .
thank you , goodbye .
Reward: 0.9742660522460938

hello , welcome to the restaurant finding system . how may i help you ?
hi , i want to book a table
what part of town do you have in mind ?
i want a venue in the moderate price range and in the centre of town .
what kind of food would you like ?
i need a indian venue .
i am sorry but there is no place , in the moderate price range , in the area of centre and serving indian food .
thanks for your help , goodbye .
thank you , goodbye .
Reward: 0.9742660522460938

hello , welcome to the restaurant finding system . how may i help you ?
i need another restaurant .
what part of town do you have in mind ?
i prefer a venue in north .
what kind of food would you like ?
i want a venue in the moderate price range serving chinese food .
golden wok is a nice place , it is in the moderate price range , it is in the north part of town and it serves chinese food .
what is the address of the restaurant ?
golden wok is a nice place their address is 191 histon road chesterton .
thanks for your help , goodbye .
thank you , goodbye .
Reward: 0.9742660522460938

hello , welcome to the restaurant finding system . how may i help you ?
hi , i want to book a table
what part of town do you have in mind ?
i need a restaurant in centre .
what kind of food would you like ?
i need a european venue .
would you like something in the cheap , moderate , or expensive price range ?
i want a venue in the moderate price range .
galleria is a nice place , it serves european food , it is in the centre of town and it is in the moderate price range .
wait , i want something else . i want a venue in any part of town .
hotel du vin and bistro is a nice place , it is in the centre of town , it serves european food and it is in the moderate price range .
what is the phone number of the restaurant ?
hotel du vin and bistro is a nice place their phone number is 0 1223 227330 .
thanks for your help , goodbye .
thank you , goodbye .
Reward: 0.9742660522460938

hello , welcome to the restaurant finding system . how may i help you ?
i need another restaurant .
what part of town do you have in mind ?
i prefer a venue in south .
what kind of food would you like ?
i want a venue in the moderate price range serving chinese food .
i am sorry but there is no place , serving chinese food , in the moderate price range and in the area of south .
thanks for your help , goodbye .
thank you , goodbye .
Reward: 0.9791449904441833

hello , welcome to the restaurant finding system . how may i help you ?
hi , i want to book a table
what part of town do you have in mind ?
it doesn ' t matter .
what part of town do you have in mind ?
i prefer a venue in centre .
what kind of food would you like ?
i need a chinese venue .
would you like something in the cheap , moderate , or expensive price range ?
i want a venue in the expensive price range .
hk fusion is a nice place , it is in the expensive price range , it is in the centre of town and it serves chinese food .
please tell me the address and phone phone number of the restaurant .
hk fusion is a nice place , their phone number is 0 1223 355909 and their address is 21 burleigh street city centre .
thanks for your help , goodbye .
thank you , goodbye .
Reward: 0.9791449904441833

hello , welcome to the restaurant finding system . how may i help you ?
i need another restaurant .
what part of town do you have in mind ?
i want a venue in the moderate price range and in the centre of town .
what kind of food would you like ?
i want a venue in the expensive price range and in the north of town .
what kind of food would you like ?
i want a venue in the south of town .
what kind of food would you like ?
i need a indian venue .
taj tandoori is a nice place , it serves indian food , it is in the expensive price range and it is in the south part of town .
what is the address ?
taj tandoori is a nice place their address is 64 cherry hinton road cherry hinton .
thanks for your help , goodbye .
thank you , goodbye .
Reward: 0.9791449904441833

hello , welcome to the restaurant finding system . how may i help you ?
hi , i want to book a table
what part of town do you have in mind ?
i prefer a venue in centre .
what kind of food would you like ?
i need a international venue .
bloomsbury restaurant is a nice place , it is in the centre of town and it serves international food .
i want a restaurant and any price range is okay .
bloomsbury restaurant is a nice place , it is in the moderate price range , it is in the centre of town and it serves international food .
wait , i want something else . i want a restaurant in the cheap price range .
i am sorry but there is no place , in the cheap price range , serving international food and in the area of centre .
wait , i want something else . i want a restaurant in the moderate price range .
bloomsbury restaurant is a nice place , it is in the centre of town , it serves international food and it is in the moderate price range .
thanks for your help , goodbye .
thank you , goodbye .
Reward: 0.9791449904441833

hello , welcome to the restaurant finding system . how may i help you ?
hi , i want to book a table
what part of town do you have in mind ?
i prefer a venue in north .
what kind of food would you like ?
i want a venue in the moderate price range serving chinese food .
golden wok is a nice place , it is in the moderate price range , it serves chinese food and it is in the north part of town .
thanks for your help , goodbye .
thank you , goodbye .
Reward: 0.9791449904441833

hello , welcome to the restaurant finding system . how may i help you ?
hi , i want to book a table
what part of town do you have in mind ?
i prefer a venue in centre .
what kind of food would you like ?
i need a indian venue .
would you like something in the cheap , moderate , or expensive price range ?
i want a venue in the moderate price range .
i am sorry but there is no place , serving indian food , in the area of centre and in the moderate price range .
thanks for your help , goodbye .
thank you , goodbye .
Reward: 0.9791449904441833

hello , welcome to the restaurant finding system . how may i help you ?
hi , i want to book a table
what part of town do you have in mind ?
i need a restaurant in centre .
what kind of food would you like ?
i need a indian venue .
would you like something in the cheap , moderate , or expensive price range ?
i want a venue in the expensive price range .
curry garden is a nice place , it serves indian food , it is in the centre of town and it is in the expensive price range .
thanks for your help , goodbye .
thank you , goodbye .
Reward: 0.9791449904441833

hello , welcome to the restaurant finding system . how may i help you ?
hi , i want to book a table
what part of town do you have in mind ?
i prefer a venue in centre .
what kind of food would you like ?
i need a european venue .
would you like something in the cheap , moderate , or expensive price range ?
i want a venue in the moderate price range .
galleria is a nice place , it is in the centre of town , it serves european food and it is in the moderate price range .
please tell me the address and lunch . please show me something .
galleria is a nice place their address is 33 bridge street .
thanks for your help , goodbye .
thank you , goodbye .
Reward: 0.9791449904441833

hello , welcome to the restaurant finding system . how may i help you ?
i 'm thinking of my restaurant . i want a venue in the cheap price range .
what part of town do you have in mind ?
i want a venue in the moderate price range and in the west of town .
what kind of food would you like ?
i want a venue in the north of town . i want a venue in the expensive price range .
what kind of food would you like ?
i need a chinese venue .
hakka is a nice place , it is in the north part of town , it is in the expensive price range and it serves chinese food .
what is the phone number of the restaurant ?
hakka is a nice place their phone number is 0 1223 568988 .
thanks for your help , goodbye .
thank you , goodbye .
Reward: 0.9791449904441833

hello , welcome to the restaurant finding system . how may i help you ?
hi , i want to book a table
what part of town do you have in mind ?
i prefer a venue in north .
what kind of food would you like ?
i need a chinese venue .
would you like something in the cheap , moderate , or expensive price range ?
it doesn ' t matter .
would you like something in the cheap , moderate , or expensive price range ?
i want a venue in the moderate price range .
golden wok is a nice place , it is in the moderate price range , it serves chinese food and it is in the north part of town .
thanks for your help , goodbye .
thank you , goodbye .
Reward: 0.9791449904441833

hello , welcome to the restaurant finding system . how may i help you ?
hi , i want to book a table
what part of town do you have in mind ?
i want a venue in the moderate price range and in the centre of town .
what kind of food would you like ?
i need a indian venue .
i am sorry but there is no place , in the moderate price range , serving indian food and in the area of centre .
thanks for your help , goodbye .
thank you , goodbye .
Reward: 0.9662639498710632

hello , welcome to the restaurant finding system . how may i help you ?
hi , i want to book a table
what part of town do you have in mind ?
i want a venue in the moderate price range and in the centre of town .
what kind of food would you like ?
i need a indian venue .
i am sorry but there is no place , in the moderate price range , in the area of centre and serving indian food .
thanks of your help , goodbye .
thank you , goodbye .
Reward: 0.9662639498710632

hello , welcome to the restaurant finding system . how may i help you ?
hi , i want to book a table
what part of town do you have in mind ?
i want a venue in the moderate price range and in the centre of town .
what kind of food would you like ?
i need a indian venue .
i am sorry but there is no place , in the moderate price range , serving indian food and in the area of centre .
thanks for your help , goodbye .
thank you , goodbye .
Reward: 0.9662639498710632

hello , welcome to the restaurant finding system . how may i help you ?
hi , i want to book a table
what part of town do you have in mind ?
i want a venue in the moderate price range and in the centre of town .
what kind of food would you like ?
i need a international venue .
bloomsbury restaurant is a nice place , it is in the centre of town , it is in the moderate price range and it serves international food .
i want a restaurant in the moderate price range .
bloomsbury restaurant is a nice place , it serves international food , it is in the centre of town and it is in the moderate price range .
thanks for your help , goodbye .
thank you , goodbye .
Reward: 0.9662639498710632

hello , welcome to the restaurant finding system . how may i help you ?
i want a restaurant in the moderate price range .
what part of town do you have in mind ?
i prefer a venue in north .
what kind of food would you like ?
i need a indian venue .
the nirala is a nice place , it serves indian food , it is in the moderate price range and it is in the north part of town .
thanks for your help , goodbye .
thank you , goodbye .
Reward: 0.9662639498710632

hello , welcome to the restaurant finding system . how may i help you ?
hi , i want to book a table
what part of town do you have in mind ?
it doesn ' t matter .
what part of town do you have in mind ?
i prefer a venue in centre .
what kind of food would you like ?
i want a venue in the moderate price range serving oriental food .
yippee noodle bar is a nice place , it is in the moderate price range , it serves asian oriental food and it is in the centre of town .
thanks for your help , goodbye .
thank you , goodbye .
Reward: 0.9662639498710632

hello , welcome to the restaurant finding system . how may i help you ?
hi . i want a restaurant in the cheap price range .
what part of town do you have in mind ?
i want a venue in the moderate price range serving thai food .
i am sorry but there is no place , in the moderate price range and serving thai food .
i want a venue in the moderate price range and in the west of town .
i am sorry but there is no place , in the area of west , serving thai food and in the moderate price range .
please tell me the address and the north of town .
i am sorry but there is no place , serving thai food , in the moderate price range and in the area of north .
please tell me the phone number of the restaurant . please show me another one .
i am sorry but there is no place , in the area of north , serving thai food and in the moderate price range .
thanks for your help , goodbye .
thank you , goodbye .
Reward: 0.9761921763420105

hello , welcome to the restaurant finding system . how may i help you ?
hi , i want to book a table
what part of town do you have in mind ?
i want a venue in the moderate price range and in the centre of town .
what kind of food would you like ?
i need a international venue .
bloomsbury restaurant is a nice place , it serves international food , it is in the moderate price range and it is in the centre of town .
what is the phone number of the restaurant ?
bloomsbury restaurant is a nice place their phone number is 0 871 942 9180 .
what is the address ?
bloomsbury restaurant is a nice place , it is in the centre of town , it is in the moderate price range and it serves international food .
i want a restaurant in the moderate price range and in the west of town .
can i help you with anything else ?
thanks for your help , goodbye .
thank you , goodbye .
Reward: 0.9761921763420105

hello , welcome to the restaurant finding system . how may i help you ?
hi , i want to book a table
what part of town do you have in mind ?
i prefer a venue in in centre .
what kind of food would you like ?
i need a indian venue .
would you like something in the cheap , moderate , or expensive price range ?
i prefer a venue in the expensive price range .
curry garden is a nice place , it is in the expensive price range , it is in the centre of town and it serves indian food .
thanks for your help , goodbye .
thank you , goodbye .
Reward: 0.9761921763420105

hello , welcome to the restaurant finding system . how may i help you ?
i need another restaurant .
what part of town do you have in mind ?
i prefer a venue in north .
what kind of food would you like ?
i need a chinese venue .
would you like something in the cheap , moderate , or expensive price range ?
it doesn ' t matter .
would you like something in the cheap , moderate , or expensive price range ?
it doesn ' t matter .
would you like something in the cheap , moderate , or expensive price range ?
i want a venue in the moderate price range .
golden wok is a nice place , it is in the north part of town , it serves chinese food and it is in the moderate price range .
wait , i want something else . i want a venue in any part of town .
shanghai family restaurant is a nice place , it is in the centre of town , it serves chinese food and it is in the moderate price range .
thanks for your help , goodbye .
thank you , goodbye .
Reward: 0.9761921763420105

hello , welcome to the restaurant finding system . how may i help you ?
hi , i want to book a table
what part of town do you have in mind ?
i want a venue in the moderate price range and in the centre of town .
what kind of food would you like ?
i need a indian venue .
i am sorry but there is no place , in the moderate price range , serving indian food and in the area of centre .
thanks for your help , goodbye .
thank you , goodbye .
Reward: 0.9765384793281555

hello , welcome to the restaurant finding system . how may i help you ?
i need another restaurant .
what part of town do you have in mind ?
i prefer a venue in north .
what kind of food would you like ?
i want a venue in the moderate price range and in the north of town .
what kind of food would you like ?
i need a chinese venue .
golden wok is a nice place , it is in the moderate price range , it is in the north part of town and it serves chinese food .
thanks for your help , goodbye .
thank you , goodbye .
Reward: 0.9765384793281555

hello , welcome to the restaurant finding system . how may i help you ?
hi , i want to book a table
what part of town do you have in mind ?
i prefer a venue in west .
what kind of food would you like ?
hi , i want a venue in the moderate price range .
what kind of food would you like ?
i want a venue in the expensive price range serving asian oriental food .
i am sorry but there is no place , in the area of west , serving asian oriental food and in the expensive price range .
thanks for your help , goodbye .
thank you , goodbye .
Reward: 0.9765384793281555

hello , welcome to the restaurant finding system . how may i help you ?
hi , i want to book a table
what part of town do you have in mind ?
i prefer a venue in centre .
what kind of food would you like ?
i need a indian venue .
would you like something in the cheap , moderate , or expensive price range ?
i want a venue in the moderate price range .
i am sorry but there is no place , serving indian food , in the area of centre and in the moderate price range .
thanks for your help , goodbye .
thank you , goodbye .
Reward: 0.9765384793281555

hello , welcome to the restaurant finding system . how may i help you ?
hi , i want to book a table
what part of town do you have in mind ?
it doesn ' t matter .
what part of town do you have in mind ?
i prefer a venue in centre .
what kind of food would you like ?
i need a british venue .
would you like something in the cheap , moderate , or expensive price range ?
i want a venue in the moderate price range .
cotto is a nice place , it serves british food , it is in the moderate price range and it is in the centre of town .
what is the phone number of the restaurant ?
cotto is a nice place their phone number is 0 1223 302010 .
thanks for your help , goodbye .
thank you , goodbye .
Reward: 0.9765384793281555

hello , welcome to the restaurant finding system . how may i help you ?
hi , i want to book a table
what part of town do you have in mind ?
i prefer a venue in south .
what kind of food would you like ?
i need a turkish venue .
i am sorry but there is no place , serving turkish food and in the area of south .
thanks for your help , goodbye .
thank you , goodbye .
Reward: 0.8953302502632141

hello , welcome to the restaurant finding system . how may i help you ?
hi , i want to book a table
what part of town do you have in mind ?
i want a venue in the moderate price range and in the centre of town .
what kind of food would you like ?
it doesn ' t matter .
what kind of food would you like ?
i need a indian venue .
i am sorry but there is no place , serving indian food , in the moderate price range and in the area of centre .
thanks for your help , goodbye .
thank you , goodbye .
Reward: 0.8953302502632141

hello , welcome to the restaurant finding system . how may i help you ?
i need another restaurant .
what part of town do you have in mind ?
i prefer a venue in south .
what kind of food would you like ?
i need a indian venue .
taj tandoori is a nice place , it serves indian food and it is in the south part of town .
what is the address of the restaurant ?
taj tandoori is a nice place their address is 64 cherry hinton road cherry hinton .
thanks for your help , goodbye .
thank you , goodbye .
Reward: 0.8953302502632141

hello , welcome to the restaurant finding system . how may i help you ?
hi , i want to book a table
what part of town do you have in mind ?
i prefer a venue in centre .
what kind of food would you like ?
i need a european venue .
would you like something in the cheap , moderate , or expensive price range ?
any price range is okay .
galleria is a nice place , it is in the centre of town , it serves european food and it is in the moderate price range .
what is the address of the restaurant ?
galleria is a nice place their address is 33 bridge street .
thanks for your help , goodbye .
thank you , goodbye .
Reward: 0.8953302502632141

hello , welcome to the restaurant finding system . how may i help you ?
hi , i want to book a table
what part of town do you have in mind ?
i need a restaurant in centre .
what kind of food would you like ?
i want a venue in the catering centre .
what kind of food would you like ?
i need a european venue .
would you like something in the cheap , moderate , or expensive price range ?
i need a european venue .
would you like something in the cheap , moderate , or expensive price range ?
hi , i want something else . i want noise .
galleria is a nice place , it is in the centre of town and it serves european food .
i want a restaurant in the moderate price range .
galleria is a nice place , it serves european food , it is in the centre of town and it is in the moderate price range .
i need a european venue .
galleria is a nice place , it is in the moderate price range , it serves european food and it is in the centre of town .
what is the phone number of the restaurant ?
galleria is a nice place their phone number is 0 1223 362054 .
thanks for your help , goodbye .
thank you , goodbye .
Reward: 0.9703839421272278

hello , welcome to the restaurant finding system . how may i help you ?
i need another restaurant .
what part of town do you have in mind ?
i prefer a venue in north .
what kind of food would you like ?
i need a indian venue .
would you like something in the cheap , moderate , or expensive price range ?
i want a venue in the expensive price range .
tandoori palace is a nice place , it is in the north part of town , it serves indian food and it is in the expensive price range .
thanks for your help , goodbye .
thank you , goodbye .
Reward: 0.9703839421272278

hello , welcome to the restaurant finding system . how may i help you ?
i need another restaurant .
what part of town do you have in mind ?
i prefer a venue in north .
what kind of food would you like ?
i want a venue in the expensive price range serving indian food .
tandoori palace is a nice place , it serves indian food , it is in the expensive price range and it is in the north part of town .
thanks for your help , goodbye .
thank you , goodbye .
Reward: 0.9703839421272278

hello , welcome to the restaurant finding system . how may i help you ?
hi , i want to book a table
what part of town do you have in mind ?
i want a venue in the moderate price range and in the centre of town .
what kind of food would you like ?
i need a indian venue .
i am sorry but there is no place , serving indian food , in the moderate price range and in the area of centre .
thanks for your help , goodbye .
thank you , goodbye .
Reward: 0.9703839421272278

hello , welcome to the restaurant finding system . how may i help you ?
i need another restaurant .
what part of town do you have in mind ?
i prefer a venue in east .
what kind of food would you like ?
i want a venue in the moderate price range serving chinese food .
i am sorry but there is no place , in the area of east , in the moderate price range and serving chinese food .
please tell me the address of the restaurant .
i am sorry but there is no place , in the area of east , in the moderate price range and serving chinese food .
thanks for your help , goodbye .
thank you , goodbye .
Reward: 0.9703839421272278

hello , welcome to the restaurant finding system . how may i help you ?
hi , i want to book a table
what part of town do you have in mind ?
i prefer a venue in centre .
what kind of food would you like ?
i want a restaurant in the moderate price range serving food .
what kind of food would you like ?
i want a venue in the expensive price range serving chinese food .
hk fusion is a nice place , it serves chinese food , it is in the centre of town and it is in the expensive price range .
thanks for your help , goodbye .
thank you , goodbye .
Reward: 0.9703839421272278

hello , welcome to the restaurant finding system . how may i help you ?
i need another restaurant .
what part of town do you have in mind ?
i prefer a venue in north .
what kind of food would you like ?
i need a indian venue .
would you like something in the cheap , moderate , or expensive price range ?
i want a venue in the moderate price range .
the nirala is a nice place , it is in the moderate price range , it serves indian food and it is in the north part of town .
no , i am not looking for this . please show me another one .
meghna is a nice place , it is in the north part of town , it serves indian food and it is in the moderate price range .
thanks for your help , goodbye .
thank you , goodbye .
Reward: 0.9703839421272278

hello , welcome to the restaurant finding system . how may i help you ?
hi , i want to book a table
what part of town do you have in mind ?
it doesn ' t matter .
what part of town do you have in mind ?
i want a venue serving thai food . any price range is okay .
what part of town do you have in mind ?
i prefer a venue in east .
i am sorry but there is no place , serving thai food and in the area of east .
what is the phone number of the restaurant ?
i am sorry but there is no place , in the area of east and serving thai food .
please tell me the address and phone number of the restaurant .
i am sorry but there is no place , serving thai food and in the area of east .
what is the address of the restaurant ?
i am sorry but there is no place , in the area of east and serving thai food .
what is the address ?
i am sorry but there is no place , in the area of east and serving thai food .
's what i can fly to the wind
i am sorry but there is no place , serving thai food and in the area of east .
thanks for your help
thank you , goodbye .
Reward: 0.9685131311416626

hello , welcome to the restaurant finding system . how may i help you ?
i need another restaurant .
what part of town do you have in mind ?
it doesn ' t matter .
what part of town do you have in mind ?
i want a venue in the moderate price range and in the north of town .
what kind of food would you like ?
i need a indian venue .
the nirala is a nice place , it is in the moderate price range , it is in the north part of town and it serves indian food .
what is the phone number of the restaurant ?
the nirala is a nice place their phone number is 0 1223 360966 .
i am in the cincinnati south of town .
i am sorry but there is no place , in the area of south , in the moderate price range and serving indian food .
thanks for your help , goodbye .
thank you , goodbye .
Reward: 0.9685131311416626

