hello , welcome to the restaurant finding system . how may i help you ?
i need another restaurant .
what part of town do you have in mind ?
i want a venue in the moderate price range and in i the centre of town .
what kind of food would you like ?
i need a indian venue .
i am sorry but there is no place , in the area of centre , serving indian food and in the moderate price range .
do i need to follow a venue for a venue ?
i am sorry but there is no place , in the area of centre , serving indian food and in the moderate price range .
Reward: 0.9732494950294495

hello , welcome to the restaurant finding system . how may i help you ?
i need another restaurant .
what part of town do you have in mind ?
i prefer a venue in north .
what kind of food would you like ?
i want a venue in the cheap price range and in the north of town .
what kind of food would you like ?
i need a indian venue .
royal spice is a nice place , it is in the north part of town , it serves indian food and it is in the cheap price range .
Reward: 0.9732494950294495

hello , welcome to the restaurant finding system . how may i help you ?
hi , i want to book a table
what part of town do you have in mind ?
i prefer a venue in centre .
what kind of food would you like ?
i need a indian venue .
would you like something in the cheap , moderate , or expensive price range ?
i want a venue in the day part of town .
would you like something in the cheap , moderate , or expensive price range ?
Reward: 0.9732494950294495

hello , welcome to the restaurant finding system . how may i help you ?
hi , i want to book a table
what part of town do you have in mind ?
i prefer a restaurant in centre .
what kind of food would you like ?
i need a indian venue .
would you like something in the cheap , moderate , or expensive price range ?
i want a price range and in any part of town .
would you like something in the cheap , moderate , or expensive price range ?
Reward: 0.9732494950294495

hello , welcome to the restaurant finding system . how may i help you ?
i need another restaurant .
what part of town do you have in mind ?
i prefer a venue in north .
what kind of food would you like ?
i need a indian venue .
would you like something in the cheap , moderate , or expensive price range ?
i prefer a venue in south .
taj tandoori is a nice place , it serves indian food and it is in the south part of town .
Reward: 0.9734885692596436

hello , welcome to the restaurant finding system . how may i help you ?
hi , i want to book a table
what part of town do you have in mind ?
i want a venue in the expensive price range and in the centre of town .
what kind of food would you like ?
the 82 of the avenue pm
what kind of food would you like ?
it doesn ' t matter .
what kind of food would you like ?
Reward: 0.9734885692596436

hello , welcome to the restaurant finding system . how may i help you ?
hi , i want to book a table
what part of town do you have in mind ?
i need a restaurant in centre .
what kind of food would you like ?
i want a venue in the expensive price range serving turkish food .
meze bar restaurant is a nice place , it is in the centre of town , it is in the expensive price range and it serves turkish food .
wait , i want something else . i want a venue in south .
i am sorry but there is no place , in the expensive price range , in the area of south and serving turkish food .
Reward: 0.9734885692596436

hello , welcome to the restaurant finding system . how may i help you ?
i need another restaurant .
what part of town do you have in mind ?
i prefer a venue 100 dollar one .
what part of town do you have in mind ?
i prefer a venue in west .
what kind of food would you like ?
any there in any part of town .
what kind of food would you like ?
Reward: 0.9734885692596436

hello , welcome to the restaurant finding system . how may i help you ?
i need another restaurant .
what part of town do you have in mind ?
i prefer a venue in north .
what kind of food would you like ?
i need a indian venue .
would you like something in the cheap , moderate , or expensive price range ?
i prefer a venue in south .
taj tandoori is a nice place , it serves indian food and it is in the south part of town .
Reward: 0.9736315608024597

hello , welcome to the restaurant finding system . how may i help you ?
i need another restaurant .
what part of town do you have in mind ?
i prefer a venue in north .
what kind of food would you like ?
i need a chinese venue .
would you like something in the cheap , moderate , or expensive price range ?
i want a venue in the expensive price range .
hakka is a nice place , it is in the north part of town , it is in the expensive price range and it serves chinese food .
Reward: 0.9736315608024597

hello , welcome to the restaurant finding system . how may i help you ?
i need another restaurant .
what part of town do you have in mind ?
it doesn ' t matter .
what part of town do you have in mind ?
i prefer a venue in real .
what part of town do you have in mind ?
i want a venue in the north of town . whats the address pizza and the centre of town .
would you like something in the cheap , moderate , or expensive price range ?
Reward: 0.9736315608024597

hello , welcome to the restaurant finding system . how may i help you ?
hi , i want to book a table
what part of town do you have in mind ?
i prefer a venue in north .
what kind of food would you like ?
i need a indian venue .
would you like something in the cheap , moderate , or expensive price range ?
i prefer a venue in the expensive price range .
tandoori palace is a nice place , it serves indian food , it is in the north part of town and it is in the expensive price range .
Reward: 0.9736315608024597

hello , welcome to the restaurant finding system . how may i help you ?
hi , i want to book a table
what part of town do you have in mind ?
i prefer a venue in north .
what kind of food would you like ?
i want a venue in the moderate price range and in the north of town .
what kind of food would you like ?
i want a venue in the south of town .
what kind of food would you like ?
Reward: 0.9736397862434387

hello , welcome to the restaurant finding system . how may i help you ?
hi , i want to book a table
what part of town do you have in mind ?
it doesn ' t matter .
what part of town do you have in mind ?
i want a venue in any part of town .
what kind of food would you like ?
i want a venue in the area price range and in the north of town .
what kind of food would you like ?
Reward: 0.9736397862434387

hello , welcome to the restaurant finding system . how may i help you ?
i need another restaurant .
what part of town do you have in mind ?
i want a venue in the moderate price range and in the centre of town .
what kind of food would you like ?
i need a indian venue .
i am sorry but there is no place , in the moderate price range , in the area of centre and serving indian food .
thanks !
thank you , goodbye .
Reward: 0.9736397862434387

hello , welcome to the restaurant finding system . how may i help you ?
hi , i want to book a table
what part of town do you have in mind ?
it doesn ' t matter .
what part of town do you have in mind ?
i prefer a miniature venue in the centre of town .
what kind of food would you like ?
i want a venue in the north of town . any price range is okay .
what kind of food would you like ?
Reward: 0.9736397862434387

hello , welcome to the restaurant finding system . how may i help you ?
i need another restaurant .
what part of town do you have in mind ?
i prefer a venue in north .
what kind of food would you like ?
i want a venue in the expensive price range serving spanish food .
i am sorry but there is no place , in the area of north , in the expensive price range and serving spanish food .
what is the expensive price range is ?
i am sorry but there is no place , in the area of north , serving spanish food and in the expensive price range .
Reward: 0.9762127995491028

hello , welcome to the restaurant finding system . how may i help you ?
i need another restaurant .
what part of town do you have in mind ?
i prefer a venue in centre .
what kind of food would you like ?
no i want a venue in the moderate price range .
what kind of food would you like ?
any price range is okay . do you want to find a trip ?
what kind of food would you like ?
Reward: 0.9762127995491028

hello , welcome to the restaurant finding system . how may i help you ?
i need another restaurant .
what part of town do you have in mind ?
it doesn ' t matter .
what part of town do you have in mind ?
i want a venue in the expensive price range and in the centre of town .
what kind of food would you like ?
i need a indian venue .
curry garden is a nice place , it is in the expensive price range , it is in the centre of town and it serves indian food .
Reward: 0.9762127995491028

hello , welcome to the restaurant finding system . how may i help you ?
hi , i want to book a table
what part of town do you have in mind ?
i want to find with a reservation and i d like to show a few months i pay in
what part of town do you have in mind ?
i prefer a venue in centre .
what kind of food would you like ?
i need a chinese venue .
would you like something in the cheap , moderate , or expensive price range ?
Reward: 0.9762127995491028

hello , welcome to the restaurant finding system . how may i help you ?
i need another restaurant .
what part of town do you have in mind ?
i prefer a venue in centre .
what kind of food would you like ?
i need a indian venue .
would you like something in the cheap , moderate , or expensive price range ?
i don ' ll fly gone . where is please .
would you like something in the cheap , moderate , or expensive price range ?
Reward: 0.9314413666725159

hello , welcome to the restaurant finding system . how may i help you ?
i need another restaurant .
what part of town do you have in mind ?
i prefer a venue in west .
what kind of food would you like ?
i need a chinese venue .
i am sorry but there is no place , serving chinese food and in the area of west .
what is the restaurant in the centre of town .
would you like something in the cheap , moderate , or expensive price range ?
Reward: 0.9314413666725159

hello , welcome to the restaurant finding system . how may i help you ?
i need another restaurant .
what part of town do you have in mind ?
i prefer a venue in north .
what kind of food would you like ?
i need a chinese venue and i need to make a reservation .
would you like something in the cheap , moderate , or expensive price range ?
i prefer a venue in the expensive price range .
hakka is a nice place , it is in the expensive price range , it is in the north part of town and it serves chinese food .
Reward: 0.9314413666725159

hello , welcome to the restaurant finding system . how may i help you ?
i need another restaurant .
what part of town do you have in mind ?
it doesn ' t matter .
what part of town do you have in mind ?
i prefer a venue in north .
what kind of food would you like ?
everything is fine . thanks for your help , goodbye .
thank you , goodbye .
Reward: 0.9314413666725159

hello , welcome to the restaurant finding system . how may i help you ?
i need another restaurant .
what part of town do you have in mind ?
it doesn ' t matter .
what part of town do you have in mind ?
i want a venue in the expensive price range and in the centre of town .
what kind of food would you like ?
i need a indian venue .
curry garden is a nice place , it is in the expensive price range , it is in the centre of town and it serves indian food .
Reward: 0.9749472737312317

hello , welcome to the restaurant finding system . how may i help you ?
i need another restaurant .
what part of town do you have in mind ?
it doesn ' t matter .
what part of town do you have in mind ?
i want a venue in the moderate price range and in the north of town .
what kind of food would you like ?
i want a venue in the north of town . do you prefer a venue in the area price range and in the north of
what kind of food would you like ?
Reward: 0.9749472737312317

hello , welcome to the restaurant finding system . how may i help you ?
hi , i want to book a table
what part of town do you have in mind ?
i prefer a venue serving indian food .
what part of town do you have in mind ?
it doesn ' t matter .
what part of town do you have in mind ?
it doesn ' t matter .
what part of town do you have in mind ?
Reward: 0.9749472737312317

hello , welcome to the restaurant finding system . how may i help you ?
hi , i want to book a table
what part of town do you have in mind ?
i prefer a venue in south .
what kind of food would you like ?
i want a venue in the expensive price range .
what kind of food would you like ?
i need a indian venue .
taj tandoori is a nice place , it is in the south part of town , it serves indian food and it is in the expensive price range .
Reward: 0.9749472737312317

hello , welcome to the restaurant finding system . how may i help you ?
i need another restaurant .
what part of town do you have in mind ?
i want a venue in the expensive price range and in the centre of town .
what kind of food would you like ?
i need a international venue .
i am sorry but there is no place , in the area of centre , in the expensive price range and serving international food .
i need a venue in the south of me, and what is the
i am sorry but there is no place , in the expensive price range , serving international food and in the area of south .
Reward: 0.9696695804595947

hello , welcome to the restaurant finding system . how may i help you ?
hi , i want to book a table
what part of town do you have in mind ?
i want a restaurant in the cheap price range and in the north of town .
what kind of food would you like ?
i want a venue in the south of town .
what kind of food would you like ?
i want a venue in the north of town . what is the address ?
what kind of food would you like ?
Reward: 0.9696695804595947

hello , welcome to the restaurant finding system . how may i help you ?
hi , i want to book a table
what part of town do you have in mind ?
i prefer a venue in centre .
what kind of food would you like ?
i need a venue in the moderate price range .
what kind of food would you like ?
i need a chinese in any price range and in the north of town .
hakka is a nice place , it is in the expensive price range , it is in the north part of town and it serves chinese food .
Reward: 0.9696695804595947

hello , welcome to the restaurant finding system . how may i help you ?
i need another restaurant .
what part of town do you have in mind ?
i prefer a venue in north .
what kind of food would you like ?
i want a venue in the moderate price range and in the north of town .
what kind of food would you like ?
i prefer a venue in south .
what kind of food would you like ?
Reward: 0.9696695804595947

hello , welcome to the restaurant finding system . how may i help you ?
i need another restaurant .
what part of town do you have in mind ?
i prefer a venue in north .
what kind of food would you like ?
i need a indian venue .
would you like something in the cheap , moderate , or expensive price range ?
it doesn ' t matter .
would you like something in the cheap , moderate , or expensive price range ?
Reward: 0.9762127995491028

hello , welcome to the restaurant finding system . how may i help you ?
i want a restaurant in the cheap price range and in the centre of town .
what kind of food would you like ?
i need a indian venue .
the gandhi is a nice place , it is in the cheap price range , it serves indian food and it is in the centre of town .
thanks for your help .
thank you , goodbye .
Reward: 0.9762127995491028

hello , welcome to the restaurant finding system . how may i help you ?
i want a restaurant in any part of town .
what kind of food would you like ?
i need a british venue .
would you like something in the cheap , moderate , or expensive price range ?
i want a venue in the expensive price range .
city stop restaurant is a nice place , it is in the north part of town , it is in the expensive price range and it serves british food .
what is the number of the expensive price range ?
can i help you with anything else ?
Reward: 0.9762127995491028

hello , welcome to the restaurant finding system . how may i help you ?
i need another restaurant .
what part of town do you have in mind ?
i prefer a venue in south .
what kind of food would you like ?
it doesn ' t matter .
what kind of food would you like ?
i want a venue in any part of town . i want a venue in the expensive price range .
what kind of food would you like ?
Reward: 0.9762127995491028

hello , welcome to the restaurant finding system . how may i help you ?
hi , i need to book a table
what part of town do you have in mind ?
it doesn ' t matter .
what part of town do you have in mind ?
i want a venue in the expensive price range and in the north of town .
what kind of food would you like ?
i d like to find a venue in the south of town . i want to matter with a few months .
what kind of food would you like ?
Reward: 0.9761776328086853

hello , welcome to the restaurant finding system . how may i help you ?
hi , i want to book a table
what part of town do you have in mind ?
i want a venue in the moderate price range and in the north of town .
what kind of food would you like ?
what is the most part of the town is happening
what kind of food would you like ?
it doesn ' t matter
what kind of food would you like ?
Reward: 0.9761776328086853

hello , welcome to the restaurant finding system . how may i help you ?
hi , i want to book a table
what part of town do you have in mind ?
i want a venue in the expensive price range and in the crap of town .
what part of town do you have in mind ?
it doesn ' t matter .
what part of town do you have in mind ?
i prefer a venue in south .
what kind of food would you like ?
Reward: 0.9761776328086853

hello , welcome to the restaurant finding system . how may i help you ?
i need another restaurant .
what part of town do you have in mind ?
i want a venue in the expensive price range and in any part of town .
what kind of food would you like ?
i want a venue in the moderate price range serving asian asian waves .
yippee noodle bar is a nice place , it is in the centre of town , it is in the moderate price range and it serves asian oriental food .
thanks for your help , goodbye .
thank you , goodbye .
Reward: 0.9761776328086853

hello , welcome to the restaurant finding system . how may i help you ?
hi , i want to book a table
what part of town do you have in mind ?
i prefer a venue in centre .
what kind of food would you like ?
i need a european venue .
would you like something in the cheap , moderate , or expensive price range ?
i want a venue in the morning . if i want to matter with a god price range .
would you like something in the cheap , moderate , or expensive price range ?
Reward: 0.9699445366859436

hello , welcome to the restaurant finding system . how may i help you ?
i need another restaurant .
what part of town do you have in mind ?
i prefer a venue in centre .
what kind of food would you like ?
i want a venue in the moderate price range and in the centre of town .
what kind of food would you like ?
i need a indian venue .
i am sorry but there is no place , in the area of centre , serving indian food and in the moderate price range .
Reward: 0.9699445366859436

hello , welcome to the restaurant finding system . how may i help you ?
hi , i want to book a table
what part of town do you have in mind ?
i want a venue in any part of town .
what kind of food would you like ?
i need a chinese venue .
would you like something in the cheap , moderate , or expensive price range ?
it doesn ' t matter .
would you like something in the cheap , moderate , or expensive price range ?
Reward: 0.9699445366859436

hello , welcome to the restaurant finding system . how may i help you ?
i want a restaurant in the moderate price range and in the west of town .
what kind of food would you like ?
i want a venue in any part of town .
what kind of food would you like ?
i want a venue in any part of town .
what kind of food would you like ?
i prefer a venue in centre .
what kind of food would you like ?
Reward: 0.9699445366859436

hello , welcome to the restaurant finding system . how may i help you ?
i need another restaurant .
what part of town do you have in mind ?
what is the restaurant ?
what part of town do you have in mind ?
i prefer a venue in north .
what kind of food would you like ?
i prefer a venue in the moderate price range and in the north of town .
what kind of food would you like ?
Reward: 0.9761914610862732

hello , welcome to the restaurant finding system . how may i help you ?
hi , i want to book a table
what part of town do you have in mind ?
it doesn ' t matter .
what part of town do you have in mind ?
i want a venue in any part of town .
what kind of food would you like ?
i want a venue in the expensive price range and in the north of town . is it in east .
what kind of food would you like ?
Reward: 0.9761914610862732

hello , welcome to the restaurant finding system . how may i help you ?
hi , i want to book a table
what part of town do you have in mind ?
i prefer a restaurant in centre .
what kind of food would you like ?
i need a turkish venue .
would you like something in the cheap , moderate , or expensive price range ?
i want a venue in the expensive price range .
meze bar restaurant is a nice place , it is in the expensive price range , it serves turkish food and it is in the centre of town .
Reward: 0.9761914610862732

hello , welcome to the restaurant finding system . how may i help you ?
i need another restaurant .
what part of town do you have in mind ?
i prefer a venue in west .
what kind of food would you like ?
it doesn ' t matter .
what kind of food would you like ?
i need a chinese venue .
i am sorry but there is no place , serving chinese food and in the area of west .
Reward: 0.9761914610862732

hello , welcome to the restaurant finding system . how may i help you ?
i need another restaurant .
what part of town do you have in mind ?
i want a venue in the expensive price range and in the centre of town .
what kind of food would you like ?
the dear price range and in the main price range and in the north of town .
what kind of food would you like ?
any in the north of town . what is the address ?
what kind of food would you like ?
Reward: 0.9698312878608704

hello , welcome to the restaurant finding system . how may i help you ?
hi , i want to book a table
what part of town do you have in mind ?
i prefer a venue in centre .
what kind of food would you like ?
i need a restaurant in centre .
what kind of food would you like ?
i need another restaurant .
what kind of food would you like ?
Reward: 0.9698312878608704

hello , welcome to the restaurant finding system . how may i help you ?
i need a restaurant in centre .
what kind of food would you like ?
i want a restaurant in the moderate price range .
what kind of food would you like ?
i need a indian venue .
i am sorry but there is no place , in the area of centre , in the moderate price range and serving indian food .
i want a venue in the one of town . i want a venue in the one of town . please show me another one
i am sorry but there is no place , in the moderate price range , serving indian food and in the area of centre .
Reward: 0.9698312878608704

hello , welcome to the restaurant finding system . how may i help you ?
i need another restaurant .
what part of town do you have in mind ?
i prefer a venue in east .
what kind of food would you like ?
i need a indian venue .
would you like something in the cheap , moderate , or expensive price range ?
i want a venue in this . please show me another show .
would you like something in the cheap , moderate , or expensive price range ?
Reward: 0.9698312878608704

hello , welcome to the restaurant finding system . how may i help you ?
i need another restaurant .
what part of town do you have in mind ?
i prefer a venue in north .
what kind of food would you like ?
i need a indian venue .
would you like something in the cheap , moderate , or expensive price range ?
i want a venue in the expensive price range .
tandoori palace is a nice place , it serves indian food , it is in the north part of town and it is in the expensive price range .
Reward: 0.9697755575180054

hello , welcome to the restaurant finding system . how may i help you ?
i need another restaurant .
what part of town do you have in mind ?
i prefer a venue in north .
what kind of food would you like ?
i need a indian venue .
would you like something in the cheap , moderate , or expensive price range ?
i want a venue in the expensive price range .
tandoori palace is a nice place , it is in the north part of town , it serves indian food and it is in the expensive price range .
Reward: 0.9697755575180054

hello , welcome to the restaurant finding system . how may i help you ?
i need another restaurant .
what part of town do you have in mind ?
i prefer a venue in north .
what kind of food would you like ?
i need a mediterranean venue .
i am sorry but there is no place , serving mediterranean food and in the area of north .
darn . what is the address ?
i am sorry but there is no place , in the area of north and serving mediterranean food .
Reward: 0.9697755575180054

hello , welcome to the restaurant finding system . how may i help you ?
i need another restaurant .
what part of town do you have in mind ?
i want a venue in the cheap price range and in the north of town .
what kind of food would you like ?
i need a indian venue .
royal spice is a nice place , it is in the north part of town , it is in the cheap price range and it serves indian food .
oh , no , i am not looking for in the south of town .
i am sorry but there is no place , serving indian food , in the cheap price range and in the area of south .
Reward: 0.9697755575180054

hello , welcome to the restaurant finding system . how may i help you ?
hi , i want to book a table
what part of town do you have in mind ?
i prefer a venue in north .
what kind of food would you like ?
i want a restaurant in the area price range and in the north of town .
what kind of food would you like ?
i want a venue in the south of town .
what kind of food would you like ?
Reward: 0.9704218506813049

hello , welcome to the restaurant finding system . how may i help you ?
hi , i want to book a table
what part of town do you have in mind ?
i want a venue in the cheap price range and in the centre of town .
what kind of food would you like ?
i need a indian venue .
the gandhi is a nice place , it is in the centre of town , it is in the cheap price range and it serves indian food .
thanks for your help . goodbye .
thank you , goodbye .
Reward: 0.9704218506813049

hello , welcome to the restaurant finding system . how may i help you ?
hi , i want to book a table
what part of town do you have in mind ?
i want a venue in the moderate price range and in any of town .
what part of town do you have in mind ?
i prefer a venue in san .
what part of town do you have in mind ?
i prefer a venue in south .
what kind of food would you like ?
Reward: 0.9704218506813049

hello , welcome to the restaurant finding system . how may i help you ?
i need another restaurant .
what part of town do you have in mind ?
i prefer a venue in north .
what kind of food would you like ?
i want a venue in the expensive price range .
what kind of food would you like ?
i want a venue in the expensive price range and in the north of town .
what kind of food would you like ?
Reward: 0.9704218506813049

hello , welcome to the restaurant finding system . how may i help you ?
hi , i want to book a table
what part of town do you have in mind ?
i want to find a reservation in the show price range and in the centre of town .
what kind of food would you like ?
i need a indian venue .
would you like something in the cheap , moderate , or expensive price range ?
i want a venue in the one of town .
would you like something in the cheap , moderate , or expensive price range ?
Reward: 0.9697694778442383

hello , welcome to the restaurant finding system . how may i help you ?
i need another restaurant .
what part of town do you have in mind ?
i want a venue in the moderate price range and in the south of town .
what kind of food would you like ?
i want a venue in the expensive price range serving portuguese food .
i am sorry but there is no place , serving portuguese food , in the area of south and in the expensive price range .
what is the address ?
i am sorry but there is no place , serving portuguese food , in the expensive price range and in the area of south .
Reward: 0.9697694778442383

hello , welcome to the restaurant finding system . how may i help you ?
hi , i want to book a table
what part of town do you have in mind ?
it doesn ' t matter .
what part of town do you have in mind ?
it doesn ' t matter .
what part of town do you have in mind ?
i want a venue in north .
what kind of food would you like ?
Reward: 0.9697694778442383

hello , welcome to the restaurant finding system . how may i help you ?
hi , i want to book a table
what part of town do you have in mind ?
i prefer a venue in north .
what kind of food would you like ?
i need a british restaurant .
city stop restaurant is a nice place , it serves british food and it is in the north part of town .
what is the address ?
city stop restaurant is a nice place their address is cambridge city football club milton road chesterton .
Reward: 0.9697694778442383

hello , welcome to the restaurant finding system . how may i help you ?
hi , i want to book a table
what part of town do you have in mind ?
i want a venue in the expensive price range and in the north of town .
what kind of food would you like ?
i want a venue in the south of town .
what kind of food would you like ?
what is the the last one of the location ?
what kind of food would you like ?
Reward: 0.8895279765129089

hello , welcome to the restaurant finding system . how may i help you ?
i need another restaurant .
what part of town do you have in mind ?
i prefer an idea for a venue in south .
what kind of food would you like ?
there have a indian venue .
taj tandoori is a nice place , it serves indian food and it is in the south part of town .
what is the phone number of the address of town ?
taj tandoori is a nice place , their phone number is 0 1223 412299 and their address is 64 cherry hinton road cherry hinton .
Reward: 0.8895279765129089

hello , welcome to the restaurant finding system . how may i help you ?
i need another restaurant .
what part of town do you have in mind ?
i want a venue in the moderate price range and in the north of town .
what kind of food would you like ?
i want a venue in the south of town .
what kind of food would you like ?
the restaurant in the north of town . i want a venue in the south of town .
what kind of food would you like ?
Reward: 0.8895279765129089

hello , welcome to the restaurant finding system . how may i help you ?
hi , i want to book a table
what part of town do you have in mind ?
it doesn ' t matter .
what part of town do you have in mind ?
i prefer a venue in south .
what kind of food would you like ?
i want a venue in south .
what kind of food would you like ?
Reward: 0.8895279765129089

hello , welcome to the restaurant finding system . how may i help you ?
i need another restaurant .
what part of town do you have in mind ?
i want a venue in the expensive price range and in the centre of town .
what kind of food would you like ?
it is in the expensive price range is fine .
what kind of food would you like ?
i need a international venue .
i am sorry but there is no place , serving international food , in the area of centre and in the expensive price range .
Reward: 0.9698038101196289

hello , welcome to the restaurant finding system . how may i help you ?
i want a restaurant in the cheap price range and in any part of town .
what kind of food would you like ?
i want a venue in any price range ?
what kind of food would you like ?
i want a venue in the expensive price range is fine .
what kind of food would you like ?
i need a indian venue .
tandoori palace is a nice place , it serves indian food , it is in the expensive price range and it is in the north part of town .
Reward: 0.9698038101196289

hello , welcome to the restaurant finding system . how may i help you ?
hi , i want to book a table
what part of town do you have in mind ?
it doesn ' t matter .
what part of town do you have in mind ?
i want a venue serving thai price range and any part of town .
bangkok city is a nice place , it is in the centre of town and it serves thai food .
what is the address ?
bangkok city is a nice place their address is 24 green street city centre .
Reward: 0.9698038101196289

hello , welcome to the restaurant finding system . how may i help you ?
i 'm thinking of help . i want a venue in the expensive price range .
i ' m having trouble understanding what you want . could you please rephrase it ?
i want a venue in the moderate price range from ?
i ' m having trouble understanding what you want . could you please rephrase it ?
i want to book a table please . can you check if i want a venue
what part of town do you have in mind ?
i want a venue in any part of town
what kind of food would you like ?
Reward: 0.9698038101196289

hello , welcome to the restaurant finding system . how may i help you ?
hi , i want to book a table
what part of town do you have in mind ?
it doesn ' t matter .
what part of town do you have in mind ?
i want a venue in the expensive price range and in the north of town .
what kind of food would you like ?
the moderate price range and in the street of town .
what kind of food would you like ?
Reward: 0.9735470414161682

hello , welcome to the restaurant finding system . how may i help you ?
hi , i want to book a table
what part of town do you have in mind ?
i prefer a venue in centre .
what kind of food would you like ?
i need a chinese venue .
would you like something in the cheap , moderate , or expensive price range ?
i want a venue in the expensive price range .
hk fusion is a nice place , it is in the expensive price range , it is in the centre of town and it serves chinese food .
Reward: 0.9735470414161682

hello , welcome to the restaurant finding system . how may i help you ?
i need another restaurant .
what part of town do you have in mind ?
i want a venue in the moderate price range and in the north of town .
what kind of food would you like ?
i want a venue in the moderate price range and in the north of town .
what kind of food would you like ?
i need a indian venue .
the nirala is a nice place , it is in the moderate price range , it serves indian food and it is in the north part of town .
Reward: 0.9735470414161682

hello , welcome to the restaurant finding system . how may i help you ?
hi , i want to book a table
what part of town do you have in mind ?
i prefer a restaurant in centre .
what kind of food would you like ?
please consider it in the expensive price range fine ,
what kind of food would you like ?
i need a european venue .
michaelhouse cafe is a nice place , it serves european food , it is in the centre of town and it is in the expensive price range .
Reward: 0.9735470414161682

hello , welcome to the restaurant finding system . how may i help you ?
hi , i want to book a table
what part of town do you have in mind ?
i want a venue in the expensive price range and in the north of town .
what kind of food would you like ?
i want a venue in the south of town .
what kind of food would you like ?
any traditional show price range and in the south of town .
i am sorry but there is no place , in the expensive price range , serving traditional food and in the area of south .
Reward: 0.6836827993392944

hello , welcome to the restaurant finding system . how may i help you ?
hi , i want to book a table
what part of town do you have in mind ?
i prefer a venue in centre .
what kind of food would you like ?
i need a mediterranean venue .
would you like something in the cheap , moderate , or expensive price range ?
i want a venue in the expensive price range .
la mimosa is a nice place , it is in the expensive price range , it serves mediterranean food and it is in the centre of town .
Reward: 0.6836827993392944

hello , welcome to the restaurant finding system . how may i help you ?
hi , i want to book a table
what part of town do you have in mind ?
i prefer a venue in centre .
what kind of food would you like ?
i need a indian venue .
would you like something in the cheap , moderate , or expensive price range ?
any price range is okay .
the gandhi is a nice place , it is in the cheap price range , it is in the centre of town and it serves indian food .
Reward: 0.6836827993392944

hello , welcome to the restaurant finding system . how may i help you ?
hi , i want to book a table
what part of town do you have in mind ?
i prefer a venue in centre .
what kind of food would you like ?
i need a chinese venue .
would you like something in the cheap , moderate , or expensive price range ?
i want a venue in the expensive price range .
hk fusion is a nice place , it serves chinese food , it is in the centre of town and it is in the expensive price range .
Reward: 0.6836827993392944

hello , welcome to the restaurant finding system . how may i help you ?
hi , i want to book a restauratn .
i ' m having trouble understanding what you want . could you please rephrase it ?
i need to set a restaurant in i land .
what part of town do you have in mind ?
i prefer a venue in west .
what kind of food would you like ?
everything is no . i need a indian venue .
cocum is a nice place , it is in the west part of town and it serves indian food .
Reward: 0.9736536145210266

hello , welcome to the restaurant finding system . how may i help you ?
hi , i want to book a table
what part of town do you have in mind ?
i want a venue in the expensive price range and in the centre of town .
what kind of food would you like ?
a venue in the cuban i want a venue in the expensive price range serving cheap french and red
i am sorry but there is no place , in the cheap price range , in the area of centre and serving cuban food .
i am eating a venue in the weekend and the one of this . i want a venue in the south of town
i am sorry but there is no place , serving cuban food , in the cheap price range and in the area of south .
Reward: 0.9736536145210266

hello , welcome to the restaurant finding system . how may i help you ?
i need another restaurant .
what part of town do you have in mind ?
it doesn ' t matter .
what part of town do you have in mind ?
i want a venue in the moderate price range and in the north of town .
what kind of food would you like ?
it doesn ' t matter . hi , i want to know what the address .
what kind of food would you like ?
Reward: 0.9736536145210266

hello , welcome to the restaurant finding system . how may i help you ?
i need something else .
i ' m having trouble understanding what you want . could you please rephrase it ?
i need another restaurant .
what part of town do you have in mind ?
i prefer a venue in north . i want a venue in the expensive price range .
what kind of food would you like ?
everything is fine . i want a venue in the expensive price range .
what kind of food would you like ?
Reward: 0.9736536145210266

hello , welcome to the restaurant finding system . how may i help you ?
i need another restaurant .
what part of town do you have in mind ?
i prefer a venue in north .
what kind of food would you like ?
i need a indian venue .
would you like something in the cheap , moderate , or expensive price range ?
it doesn ' t matter .
would you like something in the cheap , moderate , or expensive price range ?
Reward: 0.9737712144851685

hello , welcome to the restaurant finding system . how may i help you ?
i want a restaurant in the moderate price range and in the west of town .
what kind of food would you like ?
i want a venue in the north of town . can you give me a restaurant in the centre of town .
what kind of food would you like ?
i need a indian venue .
i am sorry but there is no place , in the area of centre , serving indian food and in the moderate price range .
what is the address ?
i am sorry but there is no place , in the moderate price range , in the area of centre and serving indian food .
Reward: 0.9737712144851685

hello , welcome to the restaurant finding system . how may i help you ?
i need another restaurant .
what part of town do you have in mind ?
i want to have some restaurant . i am in north . i prefer a venue in the cheap price range and in the north
what kind of food would you like ?
i need a chinese venue .
i am sorry but there is no place , in the area of north , in the cheap price range and serving chinese food .
what is the phone number of the restaurant ?
i am sorry but there is no place , serving chinese food , in the cheap price range and in the area of north .
Reward: 0.9737712144851685

hello , welcome to the restaurant finding system . how may i help you ?
hi , i want to book a table
what part of town do you have in mind ?
i prefer a venue in south .
what kind of food would you like ?
i want a restaurant in any part of town .
what kind of food would you like ?
i prefer a venue in south .
what kind of food would you like ?
Reward: 0.9737712144851685

hello , welcome to the restaurant finding system . how may i help you ?
i want a restaurant in the cheap price range and in the centre of town .
what kind of food would you like ?
i need a venue in the moderate price range .
what kind of food would you like ?
i want a venue in the entire venue and its 1 sounds . do you check if they permanent ?
what kind of food would you like ?
i need a chinese venue .
shanghai family restaurant is a nice place , it serves chinese food , it is in the moderate price range and it is in the centre of town .
Reward: 0.9762464165687561

hello , welcome to the restaurant finding system . how may i help you ?
hi , i want to book a table
what part of town do you have in mind ?
i want a venue in the expensive price range and in the north of town .
what kind of food would you like ?
i need a chinese venue .
hakka is a nice place , it serves chinese food , it is in the expensive price range and it is in the north part of town .
what is the address ?
hakka is a nice place their address is milton road chesterton .
Reward: 0.9762464165687561

hello , welcome to the restaurant finding system . how may i help you ?
hi , i want to book a table
what part of town do you have in mind ?
it doesn ' t matter .
what part of town do you have in mind ?
i prefer a venue in centre .
what kind of food would you like ?
i need a chinese venue .
would you like something in the cheap , moderate , or expensive price range ?
Reward: 0.9762464165687561

hello , welcome to the restaurant finding system . how may i help you ?
hi , i want to book a table
what part of town do you have in mind ?
i prefer a venue in centre .
what kind of food would you like ?
i want a venue in the morning and i want to make a reservation ,
what kind of food would you like ?
i want a venue in the moderate price range and in the north of town . is the restaurant in the south of town .
what kind of food would you like ?
Reward: 0.9762464165687561

hello , welcome to the restaurant finding system . how may i help you ?
i need another restaurant .
what part of town do you have in mind ?
i prefer a venue in north .
what kind of food would you like ?
i want a venue in the expensive price range serving modern european city .
i am sorry but there is no place , in the area of north , serving european food and in the expensive price range .
what is the asian correct ?
saigon city is a nice place , it is in the expensive price range , it is in the north part of town and it serves asian oriental food .
Reward: 0.9732648730278015

hello , welcome to the restaurant finding system . how may i help you ?
hi , i want to book a table
what part of town do you have in mind ?
i prefer a venue in centre .
what kind of food would you like ?
i need a european venue .
would you like something in the cheap , moderate , or expensive price range ?
i want a restaurant in the expensive price range .
michaelhouse cafe is a nice place , it is in the expensive price range , it serves european food and it is in the centre of town .
Reward: 0.9732648730278015

hello , welcome to the restaurant finding system . how may i help you ?
i need another restaurant .
what part of town do you have in mind ?
i prefer a venue in south .
what kind of food would you like ?
it doesn ' t matter .
what kind of food would you like ?
i want a venue in the area price range and in the centre of town .
what kind of food would you like ?
Reward: 0.9732648730278015

hello , welcome to the restaurant finding system . how may i help you ?
i need another restaurant .
what part of town do you have in mind ?
i prefer a venue in north .
what kind of food would you like ?
i want a venue in the moderate price range serving modern european centre .
galleria is a nice place , it is in the centre of town , it is in the moderate price range and it serves european food .
okay , i want a venue in the moderate price range .
galleria is a nice place , it serves european food , it is in the centre of town and it is in the moderate price range .
Reward: 0.9732648730278015

hello , welcome to the restaurant finding system . how may i help you ?
hi , i want to book a table
what part of town do you have in mind ?
i prefer a venue in west .
what kind of food would you like ?
i want a venue in the expensive price range serving oriental food .
i am sorry but there is no place , serving asian oriental food , in the expensive price range and in the area of west .
i want something else . i want something else . i am looking for this .
i am sorry but there is no place , in the expensive price range , serving asian oriental food and in the area of west .
Reward: 0.9735470414161682

hello , welcome to the restaurant finding system . how may i help you ?
hi , i want to book a table
what part of town do you have in mind ?
i prefer a venue in south .
what kind of food would you like ?
it doesn ' t matter .
what kind of food would you like ?
i need some softball .
what kind of food would you like ?
Reward: 0.9735470414161682

hello , welcome to the restaurant finding system . how may i help you ?
hi , i want to book a table
what part of town do you have in mind ?
i want a venue in the expensive price range and in the north of town .
what kind of food would you like ?
i need a indian venue .
tandoori palace is a nice place , it is in the north part of town , it is in the expensive price range and it serves indian food .
what is the address ?
tandoori palace is a nice place their address is 68 histon road chesterton .
Reward: 0.9735470414161682

hello , welcome to the restaurant finding system . how may i help you ?
hi , i want to book a table
what part of town do you have in mind ?
i prefer a venue in centre .
what kind of food would you like ?
i need a european venue .
would you like something in the cheap , moderate , or expensive price range ?
any price range is okay . i want a venue in the expensive price range .
michaelhouse cafe is a nice place , it is in the centre of town , it is in the expensive price range and it serves european food .
Reward: 0.9735470414161682

