hello , welcome to the restaurant finding system . how may i help you ?
hi , i want to book a table
what part of town do you have in mind ?
i need another restaurant .
what part of town do you have in mind ?
Reward: 0.346003919839859

hello , welcome to the restaurant finding system . how may i help you ?
i need another restaurant .
what part of town do you have in mind ?
i want a venue in the centre of town .
what kind of food would you like ?
Reward: 0.346003919839859

hello , welcome to the restaurant finding system . how may i help you ?
i need a restaurant in south .
what kind of food would you like ?
i have a reservation and in the restaurant . that doesn ' t matter .
what kind of food would you like ?
Reward: 0.9273290038108826

hello , welcome to the restaurant finding system . how may i help you ?
i need another restaurant
what part of town do you have in mind ?
i want it in fahrenheit .
what part of town do you have in mind ?
Reward: 0.9273290038108826

hello , welcome to the restaurant finding system . how may i help you ?
i need another restaurant .
what part of town do you have in mind ?
i want to have some restaurant in the centre of town .
what kind of food would you like ?
Reward: 0.5462873578071594

hello , welcome to the restaurant finding system . how may i help you ?
i need another restaurant .
what part of town do you have in mind ?
i want a venue in the moderate price range and in the centre of town .
what kind of food would you like ?
Reward: 0.5462873578071594

hello , welcome to the restaurant finding system . how may i help you ?
hi , i want to book a table
what part of town do you have in mind ?
i am in the centre of town . can you check on a table
what kind of food would you like ?
Reward: 0.2356228232383728

hello , welcome to the restaurant finding system . how may i help you ?
i need another restaurant .
what part of town do you have in mind ?
i prefer a venue in the north of town .
what kind of food would you like ?
Reward: 0.2356228232383728

hello , welcome to the restaurant finding system . how may i help you ?
i need another restaurant .
what part of town do you have in mind ?
i want a venue in the moderate price range .
what part of town do you have in mind ?
Reward: 0.9270823001861572

hello , welcome to the restaurant finding system . how may i help you ?
i need another restaurant .
what part of town do you have in mind ?
i want to have a leash while i give me a venue . do you have
what part of town do you have in mind ?
Reward: 0.9270823001861572

hello , welcome to the restaurant finding system . how may i help you ?
hi , i want to book a table
what part of town do you have in mind ?
hi , i want to book a table
what part of town do you have in mind ?
Reward: 0.9272741675376892

hello , welcome to the restaurant finding system . how may i help you ?
hi , i want to book a table
what part of town do you have in mind ?
i prefer a venue in the expensive price range and in the west of town .
what kind of food would you like ?
Reward: 0.9272741675376892

hello , welcome to the restaurant finding system . how may i help you ?
i want to find a venue . where is ?
i ' m having trouble understanding what you want . could you please rephrase it ?
i want a restaurant in centre . can you tell me another one ?
pizza express fen ditton is a nice place it is in the centre of town .
Reward: 0.8141087293624878

hello , welcome to the restaurant finding system . how may i help you ?
hi , i want to book a table
what part of town do you have in mind ?
i want a restaurant in the caribbean .
i am sorry but there is no place serving caribbean food .
Reward: 0.8141087293624878

hello , welcome to the restaurant finding system . how may i help you ?
hi , i want to book a table
what part of town do you have in mind ?
i prefer a venue in south .
what kind of food would you like ?
Reward: 0.9273465275764465

hello , welcome to the restaurant finding system . how may i help you ?
hi , i want to book a table
what part of town do you have in mind ?
i want to go with an restaurant .
what part of town do you have in mind ?
Reward: 0.9273465275764465

hello , welcome to the restaurant finding system . how may i help you ?
hi , i want to book a table
what part of town do you have in mind ?
i want a venue in the poconos . i need to give a few months . do you have a week of town
what part of town do you have in mind ?
Reward: 0.8501891493797302

hello , welcome to the restaurant finding system . how may i help you ?
i need another restaurant .
what part of town do you have in mind ?
i want to do a venue
what part of town do you have in mind ?
Reward: 0.8501891493797302

hello , welcome to the restaurant finding system . how may i help you ?
i need another restaurant .
what part of town do you have in mind ?
how about some food
what part of town do you have in mind ?
Reward: 0.83441162109375

hello , welcome to the restaurant finding system . how may i help you ?
hi , i want to book a table
what part of town do you have in mind ?
i want to make a reservation .
what part of town do you have in mind ?
Reward: 0.83441162109375

hello , welcome to the restaurant finding system . how may i help you ?
hi , i want to book a table
what part of town do you have in mind ?
well , i need to know how to send a wind
what part of town do you have in mind ?
Reward: 0.3499695062637329

hello , welcome to the restaurant finding system . how may i help you ?
hi , i want to book a table
what part of town do you have in mind ?
it doesn ' t matter .
what part of town do you have in mind ?
Reward: 0.3499695062637329

hello , welcome to the restaurant finding system . how may i help you ?
i need a restaurant in movie french .
what part of town do you have in mind ?
i need another show .
what part of town do you have in mind ?
Reward: 0.927558183670044

hello , welcome to the restaurant finding system . how may i help you ?
i need another restaurant .
what part of town do you have in mind ?
i prefer a venue in east .
what kind of food would you like ?
Reward: 0.927558183670044

hello , welcome to the restaurant finding system . how may i help you ?
hi , i want to book a table
what part of town do you have in mind ?
i want a restaurant in the cheap price range and in the centre of town .
what kind of food would you like ?
Reward: 0.2559337913990021

hello , welcome to the restaurant finding system . how may i help you ?
hi , i want to book a table
what part of town do you have in mind ?
its radisson looking for today .
what part of town do you have in mind ?
Reward: 0.2559337913990021

hello , welcome to the restaurant finding system . how may i help you ?
i need a restaurant in centre .
what kind of food would you like ?
i also want a venue in the morning tv and i ' m looking for a good /
what kind of food would you like ?
Reward: 0.8780626058578491

hello , welcome to the restaurant finding system . how may i help you ?
i ' m thinking how would i need to book a table
what part of town do you have in mind ?
i want to have a table
what part of town do you have in mind ?
Reward: 0.8780626058578491

hello , welcome to the restaurant finding system . how may i help you ?
hi . i want to book a table
what part of town do you have in mind ?
i need another restaurant .
what part of town do you have in mind ?
Reward: 0.9276033043861389

hello , welcome to the restaurant finding system . how may i help you ?
we can bring 16. and how wide is the same for ?
i ' m having trouble understanding what you want . could you please rephrase it ?
i want to have to make a few months . can you tell me any those about any part of town ?
i ' m having trouble understanding what you want . could you please rephrase it ?
Reward: 0.9276033043861389

hello , welcome to the restaurant finding system . how may i help you ?
hi , i want to book a table
what part of town do you have in mind ?
i want a venue in the expensive price range and in the centre of town .
what kind of food would you like ?
Reward: 0.6454850435256958

hello , welcome to the restaurant finding system . how may i help you ?
hi , i want to book a table
what part of town do you have in mind ?
hi , i want to fly to a few months i ' m 45. .
what part of town do you have in mind ?
Reward: 0.6454850435256958

hello , welcome to the restaurant finding system . how may i help you ?
i need another restaurant .
what part of town do you have in mind ?
i want to have some restaurant in the north of town . why is the restaurant .
what kind of food would you like ?
Reward: 0.8952105641365051

hello , welcome to the restaurant finding system . how may i help you ?
i need another restaurant .
what part of town do you have in mind ?
i am every day and in the south of town .
what kind of food would you like ?
Reward: 0.8952105641365051

hello , welcome to the restaurant finding system . how may i help you ?
i need another restaurant .
what part of town do you have in mind ?
i want to have a leash while i can stand up and see . can you check if you . can you check if they
what part of town do you have in mind ?
Reward: 0.5528120994567871

hello , welcome to the restaurant finding system . how may i help you ?
hi , i want to book a table
what part of town do you have in mind ?
i live in this - columbus .
what part of town do you have in mind ?
Reward: 0.5528120994567871

hello , welcome to the restaurant finding system . how may i help you ?
i need another restaurant .
what part of town do you have in mind ?
i want a venue in the west of town .
what kind of food would you like ?
Reward: 0.2210412174463272

hello , welcome to the restaurant finding system . how may i help you ?
i want to book a table
what part of town do you have in mind ?
it doesn ' t matter .
what part of town do you have in mind ?
Reward: 0.2210412174463272

hello , welcome to the restaurant finding system . how may i help you ?
i need another restaurant .
what part of town do you have in mind ?
i want a venue in the south of town .
what kind of food would you like ?
Reward: 0.6798933744430542

hello , welcome to the restaurant finding system . how may i help you ?
i need another restaurant .
what part of town do you have in mind ?
hi , i prefer a venue in east .
what kind of food would you like ?
Reward: 0.6798933744430542

hello , welcome to the restaurant finding system . how may i help you ?
i need another restaurant .
what part of town do you have in mind ?
you ' ll fly . i 'm thinking , the restaurant . i need a european few months .
what part of town do you have in mind ?
Reward: 0.3072708547115326

hello , welcome to the restaurant finding system . how may i help you ?
hi , i want to book a table
what part of town do you have in mind ?
i want a restaurant in the grill . how about in the food
what part of town do you have in mind ?
Reward: 0.3072708547115326

hello , welcome to the restaurant finding system . how may i help you ?
hi , i want to book a table
what part of town do you have in mind ?
i want a venue in the expensive price range and in the south /
what kind of food would you like ?
Reward: 0.8894475698471069

hello , welcome to the restaurant finding system . how may i help you ?
i need a mediterranean restaurant .
what part of town do you have in mind ?
i want to have a leash while i can bring dog to an up a few months . where is it
what part of town do you have in mind ?
Reward: 0.8894475698471069

hello , welcome to the restaurant finding system . how may i help you ?
hi , i want to book a table
what part of town do you have in mind ?
it doesn ' t matter .
what part of town do you have in mind ?
Reward: 0.06199440360069275

hello , welcome to the restaurant finding system . how may i help you ?
i need another restaurant .
what part of town do you have in mind ?
i need a venue in a south of town .
what kind of food would you like ?
Reward: 0.06199440360069275

hello , welcome to the restaurant finding system . how may i help you ?
i need another restaurant .
what part of town do you have in mind ?
i need another restaurant .
what part of town do you have in mind ?
Reward: 0.9273223876953125

hello , welcome to the restaurant finding system . how may i help you ?
i need another restaurant .
what part of town do you have in mind ?
i want a few months . can you give me a spot in the recent price range and in the town range .
what part of town do you have in mind ?
Reward: 0.9273223876953125

hello , welcome to the restaurant finding system . how may i help you ?
hi , i want to book a table
what part of town do you have in mind ?
it doesn ' t matter .
what part of town do you have in mind ?
Reward: 0.9267743825912476

hello , welcome to the restaurant finding system . how may i help you ?
i wanted a restaurant in centre .
what kind of food would you like ?
hi , maybe i want to book a show
what kind of food would you like ?
Reward: 0.9267743825912476

hello , welcome to the restaurant finding system . how may i help you ?
hi , i want to book a table
what part of town do you have in mind ?
i want a restaurant in any price range and in the facial . and when is the please
what part of town do you have in mind ?
Reward: 0.22803941369056702

hello , welcome to the restaurant finding system . how may i help you ?
hi , i want to book a table
what part of town do you have in mind ?
i prefer a god restaurant . i need to make a reservation .
what part of town do you have in mind ?
Reward: 0.22803941369056702

hello , welcome to the restaurant finding system . how may i help you ?
hi , i want to book a table
what part of town do you have in mind ?
i want a venue in the moderate price range and in the town of town .
what part of town do you have in mind ?
Reward: 0.5827356576919556

hello , welcome to the restaurant finding system . how may i help you ?
hi , i want to book a table
what part of town do you have in mind ?
i want to eat am in the west of town .
what kind of food would you like ?
Reward: 0.5827356576919556

hello , welcome to the restaurant finding system . how may i help you ?
hi , i want to book a table
what part of town do you have in mind ?
i want a venue in any part of town .
what kind of food would you like ?
Reward: 0.2197374552488327

hello , welcome to the restaurant finding system . how may i help you ?
hi , i want to book a table
what part of town do you have in mind ?
i want to make a reservation in the show price range and in the centre of town .
what kind of food would you like ?
Reward: 0.2197374552488327

hello , welcome to the restaurant finding system . how may i help you ?
i need another restaurant .
what part of town do you have in mind ?
i prefer a venue in centre .
what kind of food would you like ?
Reward: 0.3223814070224762

hello , welcome to the restaurant finding system . how may i help you ?
hi , i want to book a table
what part of town do you have in mind ?
i want a few months . whats it there
what part of town do you have in mind ?
Reward: 0.3223814070224762

hello , welcome to the restaurant finding system . how may i help you ?
hi , i want to book a table
what part of town do you have in mind ?
paid ... , if i land on a few months , i want to matter
what part of town do you have in mind ?
Reward: 0.09557491540908813

hello , welcome to the restaurant finding system . how may i help you ?
hi , i want to book a table
what part of town do you have in mind ?
i want a few months . ham . ham . like to find a table
what part of town do you have in mind ?
Reward: 0.09557491540908813

hello , welcome to the restaurant finding system . how may i help you ?
i need another restaurant .
what part of town do you have in mind ?
i want to have some restaurant in the centre .
what kind of food would you like ?
Reward: 0.9275452494621277

hello , welcome to the restaurant finding system . how may i help you ?
i need another restaurant .
what part of town do you have in mind ?
i want to follow . do you need to book a table
what part of town do you have in mind ?
Reward: 0.9275452494621277

hello , welcome to the restaurant finding system . how may i help you ?
hi , i want to book a table
what part of town do you have in mind ?
i prefer a venue in in the grill and how long ?
what part of town do you have in mind ?
Reward: 0.31542491912841797

hello , welcome to the restaurant finding system . how may i help you ?
no . i want to make a reservation .
i ' m having trouble understanding what you want . could you please rephrase it ?
i want a venue on a few months . can you check if there will arrive ?
i ' m having trouble understanding what you want . could you please rephrase it ?
Reward: 0.31542491912841797

hello , welcome to the restaurant finding system . how may i help you ?
hi , i want to book a table
what part of town do you have in mind ?
i need another restaurant .
what part of town do you have in mind ?
Reward: 0.9271069169044495

hello , welcome to the restaurant finding system . how may i help you ?
i need another restaurant .
what part of town do you have in mind ?
it doesn ' t matter .
what part of town do you have in mind ?
Reward: 0.9271069169044495

hello , welcome to the restaurant finding system . how may i help you ?
i need a restaurant in centre .
what kind of food would you like ?
hi , i want to book a table
what kind of food would you like ?
Reward: 0.7473472356796265

hello , welcome to the restaurant finding system . how may i help you ?
hi , i want to book a table
what part of town do you have in mind ?
i want to get a table
what part of town do you have in mind ?
Reward: 0.7473472356796265

hello , welcome to the restaurant finding system . how may i help you ?
hi , i want to book a table
what part of town do you have in mind ?
i want to find a table
what part of town do you have in mind ?
Reward: 0.2525053322315216

hello , welcome to the restaurant finding system . how may i help you ?
i need another restaurant .
what part of town do you have in mind ?
i want a venue in any part of town .
what kind of food would you like ?
Reward: 0.2525053322315216

hello , welcome to the restaurant finding system . how may i help you ?
i need another restaurant .
what part of town do you have in mind ?
i want a venue in the south of town .
what kind of food would you like ?
Reward: 0.2945137917995453

hello , welcome to the restaurant finding system . how may i help you ?
i need another restaurant .
what part of town do you have in mind ?
i prefer a venue in north .
what kind of food would you like ?
Reward: 0.2945137917995453

hello , welcome to the restaurant finding system . how may i help you ?
i 'm thinking of fun ... what is the best selling dollar restaurant ?
what part of town do you have in mind ?
i want on the restaurant in the world price range and in the west of town .
i am sorry but there is no place , in the area of west and serving world food .
Reward: 0.9273000955581665

hello , welcome to the restaurant finding system . how may i help you ?
hi , i want to book a table
what part of town do you have in mind ?
i want to get a table for me and any those in the surrounding grill and in the grater i must like to get a
what part of town do you have in mind ?
Reward: 0.9273000955581665

hello , welcome to the restaurant finding system . how may i help you ?
i need another show
i ' m having trouble understanding what you want . could you please rephrase it ?
i want another restaurant . can you check if those is any happening on a day ?
what part of town do you have in mind ?
Reward: 0.8291246891021729

hello , welcome to the restaurant finding system . how may i help you ?
hi , i want to book a table
what part of town do you have in mind ?
i want a restaurant in the west of town .
what kind of food would you like ?
Reward: 0.8291246891021729

hello , welcome to the restaurant finding system . how may i help you ?
hi , i want to book a table
what part of town do you have in mind ?
i want an restaurant in the expensive price range and in any part of town .
what kind of food would you like ?
Reward: 0.9273269176483154

hello , welcome to the restaurant finding system . how may i help you ?
i need another restaurant .
what part of town do you have in mind ?
i want to have a gaming few months . do you search for a location of my european guest
what part of town do you have in mind ?
Reward: 0.9273269176483154

hello , welcome to the restaurant finding system . how may i help you ?
i need another restaurant .
what part of town do you have in mind ?
everything is fine . i want to know how to get a wind
what part of town do you have in mind ?
Reward: 0.8986505270004272

hello , welcome to the restaurant finding system . how may i help you ?
hi , i want to book a table
what part of town do you have in mind ?
i want a table or another restaurant .
what part of town do you have in mind ?
Reward: 0.8986505270004272

hello , welcome to the restaurant finding system . how may i help you ?
hi , i want to book a table
what part of town do you have in mind ?
i want a few months . what is the best selling dollar restaurant
what part of town do you have in mind ?
Reward: 0.5272065997123718

hello , welcome to the restaurant finding system . how may i help you ?
hi , i want to book a table
what part of town do you have in mind ?
it doesn ' t matter .
what part of town do you have in mind ?
Reward: 0.5272065997123718

hello , welcome to the restaurant finding system . how may i help you ?
i need another restaurant .
what part of town do you have in mind ?
i want a venue in the moderate price range and in the centre of town .
what kind of food would you like ?
Reward: 0.8884194493293762

hello , welcome to the restaurant finding system . how may i help you ?
hi , i want to book a table
what part of town do you have in mind ?
i want a restaurant in the moderate price range and in the north of town .
what kind of food would you like ?
Reward: 0.8884194493293762

hello , welcome to the restaurant finding system . how may i help you ?
hi , i want to book a table
what part of town do you have in mind ?
i has a few months . i want to find a table
what part of town do you have in mind ?
Reward: 0.926127016544342

hello , welcome to the restaurant finding system . how may i help you ?
i have a restaurant in any price range and in any price range and in any dollar price range and
what part of town do you have in mind ?
my family .
what part of town do you have in mind ?
Reward: 0.926127016544342

hello , welcome to the restaurant finding system . how may i help you ?
hi , i want to know how there doesn ' t matter .
i ' m having trouble understanding what you want . could you please rephrase it ?
i want to need to make a reservation and need another restaurant .
what part of town do you have in mind ?
Reward: 0.12769809365272522

hello , welcome to the restaurant finding system . how may i help you ?
hi , i want to book a table
what part of town do you have in mind ?
i need to follow a restaurant in centre .
what kind of food would you like ?
Reward: 0.12769809365272522

hello , welcome to the restaurant finding system . how may i help you ?
hi , i want to book a table
what part of town do you have in mind ?
i want to use a few months , i ' m 45. .
what part of town do you have in mind ?
Reward: 0.8894475698471069

hello , welcome to the restaurant finding system . how may i help you ?
hi , i want to book a table
what part of town do you have in mind ?
i prefer a venue in west .
what kind of food would you like ?
Reward: 0.8894475698471069

hello , welcome to the restaurant finding system . how may i help you ?
hi , i want to book a table
what part of town do you have in mind ?
i want to find a venue in the expensive price range and in the north of town .
what kind of food would you like ?
Reward: 0.9271988272666931

hello , welcome to the restaurant finding system . how may i help you ?
hi , i want to know how to book a table
what part of town do you have in mind ?
i want to make a table
what part of town do you have in mind ?
Reward: 0.9271988272666931

hello , welcome to the restaurant finding system . how may i help you ?
hi , i want to book a table
what part of town do you have in mind ?
i prefer a restaurant in this town .
what part of town do you have in mind ?
Reward: 0.3328448235988617

hello , welcome to the restaurant finding system . how may i help you ?
hi , i want to book a table
what part of town do you have in mind ?
i prefer a coming fan and in the moderate price range and in the centre of town .
what kind of food would you like ?
Reward: 0.3328448235988617

hello , welcome to the restaurant finding system . how may i help you ?
hi , i want to book a table
what part of town do you have in mind ?
can you check if you find me any an table
what part of town do you have in mind ?
Reward: 0.8319733738899231

hello , welcome to the restaurant finding system . how may i help you ?
i need to make a reservation .
i ' m having trouble understanding what you want . could you please rephrase it ?
i want to make a few months . can you find me another restaurant . i want to make a reservation .
what part of town do you have in mind ?
Reward: 0.8319733738899231

hello , welcome to the restaurant finding system . how may i help you ?
i need another restaurant .
what part of town do you have in mind ?
i want to have a leash while i make a reservation .
what part of town do you have in mind ?
Reward: 0.8894475698471069

hello , welcome to the restaurant finding system . how may i help you ?
i need another restaurant .
what part of town do you have in mind ?
i want another restaurant .
what part of town do you have in mind ?
Reward: 0.8894475698471069

hello , welcome to the restaurant finding system . how may i help you ?
i need another restaurant .
what part of town do you have in mind ?
i want to follow . can you tell me a restaurant no have it in any part of town
what kind of food would you like ?
Reward: 0.13805624842643738

hello , welcome to the restaurant finding system . how may i help you ?
i need another restaurant .
what part of town do you have in mind ?
i want to have another show
what part of town do you have in mind ?
Reward: 0.13805624842643738

