hello , welcome to the restaurant finding system . how may i help you ?
i need another restaurant .
what part of town do you have in mind ?
i want a venue in the moderate price range and in the north of town .
what kind of food would you like ?
i need a indian venue .
the nirala is a nice place , it is in the moderate price range , it serves indian food and it is in the north part of town .
what is the phone number of the restaurant ?
the nirala is a nice place their phone number is 0 1223 360966 .
what is the address ?
the nirala is a nice place , it is in the moderate price range , it serves indian food and it is in the north part of town .
no , i am not looking for this . please show me another one .
meghna is a nice place , it serves indian food , it is in the moderate price range and it is in the north part of town .
no , i am not looking for this . please show me another one .
i am sorry but there is no place other than meghna and the nirala in the moderate price range , serving indian food and in the area of north .
thanks for your help , goodbye .
thank you , goodbye .
Reward: 0.9744215607643127

hello , welcome to the restaurant finding system . how may i help you ?
hi , i want to book a table
what part of town do you have in mind ?
i prefer a venue in centre .
what kind of food would you like ?
i need a turkish venue .
would you like something in the cheap , moderate , or expensive price range ?
i want a venue in the moderate price range .
efes restaurant is a nice place , it is in the centre of town , it serves turkish food and it is in the moderate price range .
thanks for your help , goodbye .
thank you , goodbye .
Reward: 0.9771699905395508

hello , welcome to the restaurant finding system . how may i help you ?
hi , i want to book a table
what part of town do you have in mind ?
i prefer a venue in south .
what kind of food would you like ?
i want a venue in the moderate price range serving chinese food .
i am sorry but there is no place , serving chinese food , in the area of south and in the moderate price range .
thanks for your help , goodbye .
thank you , goodbye .
Reward: 0.9701862931251526

hello , welcome to the restaurant finding system . how may i help you ?
hi , i want to book a table
what part of town do you have in mind ?
i prefer a venue in south .
what kind of food would you like ?
i need a turkish venue .
i am sorry but there is no place , serving turkish food and in the area of south .
wait , i want something else . i want a venue in any part of town .
meze bar restaurant is a nice place , it is in the centre of town and it serves turkish food .
thanks for your help , goodbye .
thank you , goodbye .
Reward: 0.971584141254425

hello , welcome to the restaurant finding system . how may i help you ?
i need a restaurant in centre .
what kind of food would you like ?
i need a indian venue .
would you like something in the cheap , moderate , or expensive price range ?
i want a venue in the expensive price range .
curry garden is a nice place , it is in the centre of town , it is in the expensive price range and it serves indian food .
thanks for your help , goodbye .
thank you , goodbye .
Reward: 0.8990466594696045

hello , welcome to the restaurant finding system . how may i help you ?
hi , i want to book a table
what part of town do you have in mind ?
i want a venue in the moderate price range and in the centre of town .
what kind of food would you like ?
i need a indian venue .
i am sorry but there is no place , serving indian food , in the area of centre and in the moderate price range .
thanks for your help , goodbye .
thank you , goodbye .
Reward: 0.9764958620071411

hello , welcome to the restaurant finding system . how may i help you ?
i need a european restaurant .
what part of town do you have in mind ?
i prefer a venue in centre .
would you like something in the cheap , moderate , or expensive price range ?
i want a venue in the expensive price range .
michaelhouse cafe is a nice place , it serves european food , it is in the expensive price range and it is in the centre of town .
what is the phone number of shiraz restaurant ?
michaelhouse cafe is a nice place their phone number is 0 1223 309147 .
what is the address ?
shiraz restaurant is a nice place their address is 84 regent street city centre .
thanks for your help , goodbye .
thank you , goodbye .
Reward: 0.8959494829177856

hello , welcome to the restaurant finding system . how may i help you ?
hi , i want to book a table
what part of town do you have in mind ?
hi , i am ok with everything . i want a venue serving asian oriental food .
what part of town do you have in mind ?
it doesn ' t matter .
what part of town do you have in mind ?
i want a venue in the moderate price range and in the north of town .
i am sorry but there is no place , in the moderate price range , in the area of north and serving asian oriental food .
thanks for your help , goodbye .
thank you , goodbye .
Reward: 0.7079538106918335

hello , welcome to the restaurant finding system . how may i help you ?
hi , i want to book a table
what part of town do you have in mind ?
i want a venue in the moderate price range and in the west of town .
what kind of food would you like ?
i need a turkish venue .
i am sorry but there is no place , in the moderate price range , in the area of west and serving turkish food .
i want a venue in any part of town .
efes restaurant is a nice place , it is in the moderate price range , it serves turkish food and it is in the centre of town .
thanks for your help , goodbye .
thank you , goodbye .
Reward: 0.9771298766136169

hello , welcome to the restaurant finding system . how may i help you ?
hi , i want to book a table
what part of town do you have in mind ?
i want a venue in the moderate price range and in the west of town .
what kind of food would you like ?
i want a venue in the north of town . i want a venue in the south of town .
what kind of food would you like ?
i need a indian venue .
the nirala is a nice place , it serves indian food , it is in the north part of town and it is in the moderate price range .
i need a spot in the north of town . i need a venue in the north of town . its a doctor '
the nirala is a nice place , it is in the north part of town , it serves indian food and it is in the moderate price range .
what is the address ?
the nirala is a nice place their address is 7 milton road chesterton .
thanks for your help , goodbye .
thank you , goodbye .
Reward: 0.9703857898712158

hello , welcome to the restaurant finding system . how may i help you ?
i need another restaurant .
what part of town do you have in mind ?
i prefer a venue in north .
what kind of food would you like ?
i need a indian venue .
would you like something in the cheap , moderate , or expensive price range ?
i want a venue in the expensive price range .
tandoori palace is a nice place , it is in the north part of town , it serves indian food and it is in the expensive price range .
thanks for your help , goodbye .
thank you , goodbye .
Reward: 0.977276623249054

hello , welcome to the restaurant finding system . how may i help you ?
i need another restaurant .
what part of town do you have in mind ?
i prefer a venue in west .
what kind of food would you like ?
i need a indian venue .
cocum is a nice place , it is in the west part of town and it serves indian food .
what is the number of the restaurant ?
would you like something in the cheap , moderate , or expensive price range ?
i want a venue in the expensive price range .
cocum is a nice place , it is in the expensive price range , it serves indian food and it is in the west part of town .
what is the address of michaelhouse cafe ?
cocum is a nice place , their address is 71 castle street city centre and their phone number is 0 1223 366668 .
thanks for your help , goodbye .
thank you , goodbye .
Reward: 0.9721798300743103

hello , welcome to the restaurant finding system . how may i help you ?
hi , i want to book a table
what part of town do you have in mind ?
i prefer a venue in centre .
what kind of food would you like ?
i need a portuguese venue .
nandos city centre is a nice place , it serves portuguese food and it is in the centre of town .
what is the phone number of nandos city centre ?
nandos is a nice place their phone number is 0 1223 327908 .
what is the phone number of the restaurant ?
nandos is a nice place their phone number is 0 1223 327908 .
thanks for your help , goodbye .
thank you , goodbye .
Reward: 0.9656874537467957

hello , welcome to the restaurant finding system . how may i help you ?
hi , i want to book a table
what part of town do you have in mind ?
it doesn ' t matter .
what part of town do you have in mind ?
i prefer a venue in south .
what kind of food would you like ?
i need a chinese venue .
would you like something in the cheap , moderate , or expensive price range ?
it doesn ' t matter .
would you like something in the cheap , moderate , or expensive price range ?
i want a restaurant in the expensive price range .
the good luck chinese food takeaway is a nice place , it serves chinese food , it is in the south part of town and it is in the expensive price range .
thanks for your help , goodbye .
thank you , goodbye .
Reward: 0.9700180292129517

hello , welcome to the restaurant finding system . how may i help you ?
hi , i want to book a table
what part of town do you have in mind ?
it doesn ' t matter .
what part of town do you have in mind ?
i prefer a venue in south .
what kind of food would you like ?
i want a venue in the south of town . i want a venue in the north of town . it doesn ' t matter
what kind of food would you like ?
i need a chinese venue .
would you like something in the cheap , moderate , or expensive price range ?
it doesn ' t matter .
would you like something in the cheap , moderate , or expensive price range ?
i want a venue in the moderate price range .
golden wok is a nice place , it is in the north part of town , it is in the moderate price range and it serves chinese food .
i want a venue in the south of town .
i am sorry but there is no place , serving chinese food , in the moderate price range and in the area of south .
i want a venue in the north of town . i want a venue in the south of town .
golden wok is a nice place , it serves chinese food , it is in the moderate price range and it is in the north part of town .
thanks for your help , goodbye .
thank you , goodbye .
Reward: 0.9797602295875549

hello , welcome to the restaurant finding system . how may i help you ?
hi , i want to book a table
what part of town do you have in mind ?
it doesn ' t matter .
what part of town do you have in mind ?
i am ok with everything . i want a venue serving thai is very fine . i want a venue in the cheap price range
i am sorry but there is no place , serving thai food and in the cheap price range .
thanks for your help , goodbye .
thank you , goodbye .
Reward: 0.9742403626441956

hello , welcome to the restaurant finding system . how may i help you ?
hi , i want to book a table
what part of town do you have in mind ?
i want a venue in the moderate price range and in the centre of town .
what kind of food would you like ?
i need a international venue .
bloomsbury restaurant is a nice place , it is in the moderate price range , it serves international food and it is in the centre of town .
wait , i want a restaurant in the expensive price range .
i am sorry but there is no place , serving international food , in the expensive price range and in the area of centre .
what is the phone number of eraina ?
eraina is a nice place their phone number is 0 1223 368786 .
what is the address ?
eraina is a nice place their address is free school lane city centre .
thanks for your help , goodbye .
thank you , goodbye .
Reward: 0.9629560708999634

hello , welcome to the restaurant finding system . how may i help you ?
hi , i want to book a table
what part of town do you have in mind ?
it doesn ' t matter .
what part of town do you have in mind ?
i prefer a venue in centre .
what kind of food would you like ?
i need a turkish venue .
would you like something in the cheap , moderate , or expensive price range ?
i want a venue in the moderate price range .
efes restaurant is a nice place , it is in the centre of town , it is in the moderate price range and it serves turkish food .
i want a european venue .
galleria is a nice place , it serves european food , it is in the centre of town and it is in the moderate price range .
i want a venue in the moderate price range and in the west of town .
i am sorry but there is no place , in the area of west , serving european food and in the moderate price range .
thanks for your help , goodbye .
thank you , goodbye .
Reward: 0.9746807217597961

hello , welcome to the restaurant finding system . how may i help you ?
i need another restaurant .
what part of town do you have in mind ?
i prefer a venue in centre .
what kind of food would you like ?
i need a chinese venue .
would you like something in the cheap , moderate , or expensive price range ?
i want a venue in the expensive price range .
hk fusion is a nice place , it is in the expensive price range , it serves chinese food and it is in the centre of town .
wait , i want something else . i want a venue in your alarm .
tang chinese is a nice place , it is in the centre of town , it serves chinese food and it is in the expensive price range .
thanks for your help , goodbye .
thank you , goodbye .
Reward: 0.9671633839607239

hello , welcome to the restaurant finding system . how may i help you ?
hi , i want to book a table
what part of town do you have in mind ?
i prefer a venue in south .
what kind of food would you like ?
i need a chinese venue .
would you like something in the cheap , moderate , or expensive price range ?
i want a venue in the expensive price range .
the good luck chinese food takeaway is a nice place , it is in the south part of town , it serves chinese food and it is in the expensive price range .
please tell me the address and left for this . please show me another one .
peking restaurant is a nice place , it serves chinese food , it is in the south part of town and it is in the expensive price range .
thanks for your help , goodbye .
thank you , goodbye .
Reward: 0.9673746228218079

hello , welcome to the restaurant finding system . how may i help you ?
hi , i want to book a table
what part of town do you have in mind ?
i prefer a venue in centre .
what kind of food would you like ?
i need a italian venue .
would you like something in the cheap , moderate , or expensive price range ?
i want a venue in the expensive price range .
clowns cafe is a nice place , it is in the centre of town , it is in the expensive price range and it serves italian food .
no , i am not looking for this . please show me another one .
stazione restaurant and coffee bar is a nice place , it is in the expensive price range , it serves italian food and it is in the centre of town .
thanks for your help , goodbye .
thank you , goodbye .
Reward: 0.9673618674278259

hello , welcome to the restaurant finding system . how may i help you ?
hi , i want to book a table
what part of town do you have in mind ?
i prefer a venue in centre .
what kind of food would you like ?
i need a restaurant in the moderate price range serving british food .
cotto is a nice place , it is in the centre of town , it is in the moderate price range and it serves british food .
thanks for your help , goodbye .
thank you , goodbye .
Reward: 0.977001965045929

hello , welcome to the restaurant finding system . how may i help you ?
hi , i want to book a table
what part of town do you have in mind ?
i prefer a venue in centre .
what kind of food would you like ?
i need a indian venue .
would you like something in the cheap , moderate , or expensive price range ?
i want a venue in the expensive price range .
curry garden is a nice place , it serves indian food , it is in the expensive price range and it is in the centre of town .
thanks for your help , goodbye .
thank you , goodbye .
Reward: 0.9771519303321838

hello , welcome to the restaurant finding system . how may i help you ?
hi , i want to book a table
what part of town do you have in mind ?
i prefer a venue in south .
what kind of food would you like ?
i want a venue in the moderate price range and in the centre of town .
what kind of food would you like ?
i need a international venue .
bloomsbury restaurant is a nice place , it serves international food , it is in the moderate price range and it is in the centre of town .
what is the phone number of the restaurant ?
bloomsbury restaurant is a nice place their phone number is 0 871 942 9180 .
what is the address ?
bloomsbury restaurant is a nice place , it is in the moderate price range , it is in the centre of town and it serves international food .
thanks for your help , goodbye .
thank you , goodbye .
Reward: 0.9711383581161499

hello , welcome to the restaurant finding system . how may i help you ?
i need another restaurant .
what part of town do you have in mind ?
it doesn ' t matter .
what part of town do you have in mind ?
i prefer a venue in east .
what kind of food would you like ?
i need a chinese venue .
yu garden is a nice place , it is in the east part of town and it serves chinese food .
what is the number of the restaurant ?
would you like something in the cheap , moderate , or expensive price range ?
i want a venue in the moderate price range .
i am sorry but there is no place , in the moderate price range , in the area of east and serving chinese food .
thanks for your help , goodbye .
thank you , goodbye .
Reward: 0.9709024429321289

hello , welcome to the restaurant finding system . how may i help you ?
hi , i want to book a table
what part of town do you have in mind ?
i want a venue in the expensive price range and in the west of town .
what kind of food would you like ?
i need a indian venue .
cocum is a nice place , it is in the west part of town , it serves indian food and it is in the expensive price range .
thanks for your help , goodbye .
thank you , goodbye .
Reward: 0.9769960045814514

hello , welcome to the restaurant finding system . how may i help you ?
hi , i want to book a table
what part of town do you have in mind ?
it doesn ' t matter .
what part of town do you have in mind ?
i want a venue in the expensive price range and in the north of town .
what kind of food would you like ?
i want a venue in the west of town .
what kind of food would you like ?
i want a venue in the south of town .
what kind of food would you like ?
i need a chinese venue .
the good luck chinese food takeaway is a nice place , it is in the expensive price range , it serves chinese food and it is in the south part of town .
thanks for your help , goodbye .
thank you , goodbye .
Reward: 0.9687431454658508

hello , welcome to the restaurant finding system . how may i help you ?
hi , i want to book a table
what part of town do you have in mind ?
i prefer a venue in north .
what kind of food would you like ?
i need a chinese venue .
would you like something in the cheap , moderate , or expensive price range ?
the expensive price range .
hakka is a nice place , it is in the expensive price range , it serves chinese food and it is in the north part of town .
please tell me the phone number of the restaurant .
hakka is a nice place their phone number is 0 1223 568988 .
thanks for your help , goodbye .
thank you , goodbye .
Reward: 0.9672946333885193

hello , welcome to the restaurant finding system . how may i help you ?
hi , i want to book a table
what part of town do you have in mind ?
i prefer a venue in centre .
what kind of food would you like ?
i need a italian venue .
would you like something in the cheap , moderate , or expensive price range ?
i want a venue in the expensive price range .
clowns cafe is a nice place , it is in the expensive price range , it serves italian food and it is in the centre of town .
no , i am not looking for another one .
stazione restaurant and coffee bar is a nice place , it serves italian food , it is in the expensive price range and it is in the centre of town .
no , i want something else . i want any price range and any price range is okay .
pizza express fen ditton is a nice place , it is in the centre of town , it is in the moderate price range and it serves italian food .
thanks for your help , goodbye .
thank you , goodbye .
Reward: 0.9716812372207642

hello , welcome to the restaurant finding system . how may i help you ?
hi , i want to book a table
what part of town do you have in mind ?
i need a turkish venue .
what part of town do you have in mind ?
i prefer a venue in centre .
would you like something in the cheap , moderate , or expensive price range ?
i want a venue in the moderate price range .
efes restaurant is a nice place , it is in the centre of town , it serves turkish food and it is in the moderate price range .
thanks for your help , goodbye .
thank you , goodbye .
Reward: 0.9735231995582581

hello , welcome to the restaurant finding system . how may i help you ?
hi , i want to book a table
what part of town do you have in mind ?
i prefer a venue in west .
what kind of food would you like ?
i want a venue in the moderate price range and in the centre of town .
what kind of food would you like ?
i want a venue in the expensive price range and in the north of town .
what kind of food would you like ?
i need a indian venue .
tandoori palace is a nice place , it is in the north part of town , it is in the expensive price range and it serves indian food .
thanks for your help , goodbye .
thank you , goodbye .
Reward: 0.9636855125427246

hello , welcome to the restaurant finding system . how may i help you ?
hi , i want to book a table
what part of town do you have in mind ?
i want a venue in the moderate price range and in the north of town .
what kind of food would you like ?
i need a chinese venue .
golden wok is a nice place , it is in the moderate price range , it is in the north part of town and it serves chinese food .
thanks for your help , goodbye .
thank you , goodbye .
Reward: 0.9769958257675171

hello , welcome to the restaurant finding system . how may i help you ?
i need another restaurant .
what part of town do you have in mind ?
i prefer a venue in north .
what kind of food would you like ?
i need a indian venue .
would you like something in the cheap , moderate , or expensive price range ?
i want a venue in the expensive price range .
tandoori palace is a nice place , it is in the north part of town , it is in the expensive price range and it serves indian food .
what is the address ?
tandoori palace is a nice place their address is 68 histon road chesterton .
thanks for your help , goodbye .
thank you , goodbye .
Reward: 0.9687676429748535

hello , welcome to the restaurant finding system . how may i help you ?
hi , i want to book a table
what part of town do you have in mind ?
it doesn ' t matter .
what part of town do you have in mind ?
i want a venue in the expensive price range and in the north of town .
what kind of food would you like ?
i want a venue in the the south of town .
what kind of food would you like ?
i need a chinese venue .
the good luck chinese food takeaway is a nice place , it serves chinese food , it is in the south part of town and it is in the expensive price range .
great , thanks for your help , goodbye .
thank you , goodbye .
Reward: 0.9628726243972778

hello , welcome to the restaurant finding system . how may i help you ?
i need a restaurant in east .
what kind of food would you like ?
i want a restaurant in the moderate price range serving european food .
i am sorry but there is no place , in the area of east , in the moderate price range and serving european food .
please tell me the address and the expensive price range serving british food .
grafton hotel restaurant is a nice place , it is in the east part of town , it serves british food and it is in the expensive price range .
what is the phone number of the restaurant ?
grafton hotel restaurant is a nice place , their address is grafton hotel 619 newmarket road fen ditton and their phone number is 0 1223 241387 .
thanks for your help , goodbye .
thank you , goodbye .
Reward: 0.9195261597633362

hello , welcome to the restaurant finding system . how may i help you ?
i need another restaurant .
what part of town do you have in mind ?
i prefer a venue in north .
what kind of food would you like ?
i need a chinese venue .
would you like something in the cheap , moderate , or expensive price range ?
i want a venue in the expensive price range .
hakka is a nice place , it serves chinese food , it is in the expensive price range and it is in the north part of town .
what is the phone number of the restaurant ?
hakka is a nice place their phone number is 0 1223 568988 .
thanks for your help , goodbye .
thank you , goodbye .
Reward: 0.9672104716300964

hello , welcome to the restaurant finding system . how may i help you ?
hi , i want to book a table
what part of town do you have in mind ?
i prefer a venue in centre .
what kind of food would you like ?
i want a restaurant in the moderate price range serving british food .
cotto is a nice place , it is in the moderate price range , it serves british food and it is in the centre of town .
thanks for your help , goodbye .
thank you , goodbye .
Reward: 0.9770020842552185

hello , welcome to the restaurant finding system . how may i help you ?
i want a restaurant in the moderate price range and in the north of town .
what kind of food would you like ?
i want a venue in the north of town .
what kind of food would you like ?
i need a indian venue .
the nirala is a nice place , it is in the north part of town , it is in the moderate price range and it serves indian food .
what is the address of the restaurant ?
the nirala is a nice place their address is 7 milton road chesterton .
thanks for your help , goodbye .
thank you , goodbye .
Reward: 0.911490797996521

hello , welcome to the restaurant finding system . how may i help you ?
i need a mediterranean restaurant .
what part of town do you have in mind ?
i want a venue in i want to bond with family .
what part of town do you have in mind ?
i prefer a venue in centre .
would you like something in the cheap , moderate , or expensive price range ?
i want a venue in the expensive price range .
la mimosa is a nice place , it is in the centre of town , it is in the expensive price range and it serves mediterranean food .
what is the address ?
la mimosa is a nice place their address is thompsons lane fen ditton .
is it in the expensive price range ?
la mimosa is a nice place , it serves mediterranean food , it is in the centre of town and it is in the expensive price range .
no , i am not looking for this . please show me another one .
shiraz restaurant is a nice place , it serves mediterranean food , it is in the centre of town and it is in the expensive price range .
what is the phone number of the restaurant ?
shiraz restaurant is a nice place , their phone number is 0 1223 307581 and their address is 84 regent street city centre .
thanks for your help , goodbye .
thank you , goodbye .
Reward: 0.9611119627952576

hello , welcome to the restaurant finding system . how may i help you ?
hi , i want to book a table
what part of town do you have in mind ?
i prefer a venue in centre .
what kind of food would you like ?
i need a chinese venue .
would you like something in the cheap , moderate , or expensive price range ?
i want a venue in the expensive price range .
hk fusion is a nice place , it is in the expensive price range , it is in the centre of town and it serves chinese food .
what is the phone number of the restaurant ?
hk fusion is a nice place their phone number is 0 1223 355909 .
thanks for your help , goodbye .
thank you , goodbye .
Reward: 0.9673851728439331

hello , welcome to the restaurant finding system . how may i help you ?
hi , i want to book a table
what part of town do you have in mind ?
i prefer a venue in centre .
what kind of food would you like ?
i need a european venue .
would you like something in the cheap , moderate , or expensive price range ?
i want a venue in the moderate price range .
galleria is a nice place , it is in the moderate price range , it is in the centre of town and it serves european food .
please tell me a venue in the moderate of town .
galleria is a nice place , it serves european food , it is in the centre of town and it is in the moderate price range .
i need a international venue .
bloomsbury restaurant is a nice place , it serves international food , it is in the centre of town and it is in the moderate price range .
what is the phone number of the restaurant ?
bloomsbury restaurant is a nice place their phone number is 0 871 942 9180 .
is the a 100 dollar one ?
bloomsbury restaurant is a nice place , it is in the moderate price range , it serves international food and it is in the centre of town .
thanks for your help , goodbye .
thank you , goodbye .
Reward: 0.9793009757995605

hello , welcome to the restaurant finding system . how may i help you ?
hi , i want to book a table
what part of town do you have in mind ?
i prefer a venue in centre .
what kind of food would you like ?
i want a restaurant in the moderate price range serving chinese food .
shanghai family restaurant is a nice place , it is in the centre of town , it is in the moderate price range and it serves chinese food .
thanks for your help , goodbye .
thank you , goodbye .
Reward: 0.9770056009292603

hello , welcome to the restaurant finding system . how may i help you ?
hi , i want to book a table
what part of town do you have in mind ?
it doesn ' t matter .
what part of town do you have in mind ?
it doesn ' t matter .
what part of town do you have in mind ?
i prefer a venue in centre .
what kind of food would you like ?
i need a turkish venue .
would you like something in the cheap , moderate , or expensive price range ?
i want a venue in the expensive price range .
meze bar restaurant is a nice place , it is in the expensive price range , it is in the centre of town and it serves turkish food .
what is the phone number of meze bar restaurant ?
meze bar restaurant is a nice place i don ' t know their phone number .
thanks for your help , goodbye .
thank you , goodbye .
Reward: 0.9735413193702698

hello , welcome to the restaurant finding system . how may i help you ?
hi , i want to book a table
what part of town do you have in mind ?
i prefer a venue in south .
what kind of food would you like ?
i want a venue in the moderate price range and in the west of today .
what kind of food would you like ?
i want a venue in the expensive price range and in the south of town .
what kind of food would you like ?
i need a chinese venue .
the good luck chinese food takeaway is a nice place , it is in the expensive price range , it serves chinese food and it is in the south part of town .
thanks for your help , goodbye .
thank you , goodbye .
Reward: 0.9637477993965149

hello , welcome to the restaurant finding system . how may i help you ?
hi , i want to book a table
what part of town do you have in mind ?
i prefer a venue in centre .
what kind of food would you like ?
i need a turkish venue .
would you like something in the cheap , moderate , or expensive price range ?
i want a venue in the moderate price range .
efes restaurant is a nice place , it is in the moderate price range , it serves turkish food and it is in the centre of town .
wait , i want something else . any price range is okay .
meze bar restaurant is a nice place , it is in the centre of town , it serves turkish food and it is in the expensive price range .
wait , i want something else . i want a venue in the expensive price range .
i am sorry but there is no place other than meze bar restaurant serving turkish food , in the expensive price range and in the area of centre .
what is the address ?
meze bar restaurant is a nice place , it is in the centre of town , it serves turkish food and it is in the expensive price range .
thanks for your help , goodbye .
thank you , goodbye .
Reward: 0.974551260471344

hello , welcome to the restaurant finding system . how may i help you ?
hi , i want to book a table
what part of town do you have in mind ?
i prefer a venue in centre .
what kind of food would you like ?
i want a restaurant in the moderate price range serving chinese food .
shanghai family restaurant is a nice place , it is in the centre of town , it serves chinese food and it is in the moderate price range .
thanks for your help , goodbye .
thank you , goodbye .
Reward: 0.9770073294639587

hello , welcome to the restaurant finding system . how may i help you ?
hi , i want to book a table
what part of town do you have in mind ?
it doesn ' t matter .
what part of town do you have in mind ?
i prefer a venue in centre .
what kind of food would you like ?
i need a turkish venue .
would you like something in the cheap , moderate , or expensive price range ?
i want a venue in the moderate price range .
efes restaurant is a nice place , it is in the centre of town , it is in the moderate price range and it serves turkish food .
please show me another one .
anatolia is a nice place , it serves turkish food , it is in the moderate price range and it is in the centre of town .
thanks for your help , goodbye .
thank you , goodbye .
Reward: 0.9712472558021545

hello , welcome to the restaurant finding system . how may i help you ?
hi , i want to book a table
what part of town do you have in mind ?
i prefer a venue in centre .
what kind of food would you like ?
i need a indian venue .
would you like something in the cheap , moderate , or expensive price range ?
i want a venue in the moderate price range .
i am sorry but there is no place , serving indian food , in the area of centre and in the moderate price range .
thanks for your help , goodbye .
thank you , goodbye .
Reward: 0.9770560264587402

hello , welcome to the restaurant finding system . how may i help you ?
i need another restaurant .
what part of town do you have in mind ?
i prefer a venue in east .
what kind of food would you like ?
i want a venue in the moderate price range and in the north of town .
what kind of food would you like ?
i need a british venue .
i am sorry but there is no place , in the moderate price range , in the area of north and serving british food .
what is the phone number of the restaurant ?
i am sorry but there is no place , serving british food , in the area of north and in the moderate price range .
thanks for your help , goodbye .
thank you , goodbye .
Reward: 0.9700727462768555

hello , welcome to the restaurant finding system . how may i help you ?
i need another restaurant .
what part of town do you have in mind ?
i prefer a venue in east .
what kind of food would you like ?
i need a chinese venue .
yu garden is a nice place , it serves chinese food and it is in the east part of town .
thanks for your help , goodbye .
thank you , goodbye .
Reward: 0.9769734144210815

hello , welcome to the restaurant finding system . how may i help you ?
i need another restaurant .
what part of town do you have in mind ?
it doesn ' t matter .
what part of town do you have in mind ?
i prefer a venue in centre .
what kind of food would you like ?
i want a venue in the expensive price range and in the north of town .
what kind of food would you like ?
i need a indian venue .
tandoori palace is a nice place , it serves indian food , it is in the expensive price range and it is in the north part of town .
cool . thanks for your help , goodbye .
thank you , goodbye .
Reward: 0.9636243581771851

hello , welcome to the restaurant finding system . how may i help you ?
i need another restaurant .
what part of town do you have in mind ?
i want a venue in the moderate price range and in the centre of town .
what kind of food would you like ?
i need a indian venue .
i am sorry but there is no place , serving indian food , in the moderate price range and in the area of centre .
thanks for your help , goodbye .
thank you , goodbye .
Reward: 0.9769611954689026

hello , welcome to the restaurant finding system . how may i help you ?
i need a mediterranean restaurant .
what part of town do you have in mind ?
i prefer a venue in centre .
would you like something in the cheap , moderate , or expensive price range ?
i want a venue in the expensive price range .
la mimosa is a nice place , it serves mediterranean food , it is in the centre of town and it is in the expensive price range .
what is the phone number of shiraz restaurant ?
la mimosa is a nice place their phone number is 0 1223 362525 .
does it serve anymore ?
shiraz restaurant is a nice place their address is 84 regent street city centre .
thanks for your help , goodbye .
thank you , goodbye .
Reward: 0.944157063961029

hello , welcome to the restaurant finding system . how may i help you ?
hi , i want to book a table
what part of town do you have in mind ?
i prefer a venue in centre .
what kind of food would you like ?
i need a chinese venue .
would you like something in the cheap , moderate , or expensive price range ?
i want a venue in the expensive price range .
hk fusion is a nice place , it serves chinese food , it is in the centre of town and it is in the expensive price range .
what is the phone number of the restaurant ?
hk fusion is a nice place their phone number is 0 1223 355909 .
thanks for your help , goodbye .
thank you , goodbye .
Reward: 0.96739661693573

hello , welcome to the restaurant finding system . how may i help you ?
hi , i want to book a table
what part of town do you have in mind ?
it doesn ' t matter .
what part of town do you have in mind ?
i want a venue in the moderate price range and in the centre of town .
what kind of food would you like ?
i need a indian venue .
i am sorry but there is no place , serving indian food , in the moderate price range and in the area of centre .
thanks for your help , goodbye .
thank you , goodbye .
Reward: 0.9749096035957336

hello , welcome to the restaurant finding system . how may i help you ?
i need another restaurant .
what part of town do you have in mind ?
i prefer a venue in west .
what kind of food would you like ?
everything is fine . i want a venue serving another one .
prezzo is a nice place it is in the west part of town .
wait , i want something else . use another month .
saint johns chop house is a nice place it is in the west part of town .
thanks for your help , goodbye .
thank you , goodbye .
Reward: 0.9023023247718811

hello , welcome to the restaurant finding system . how may i help you ?
hi , i want to book a table
what part of town do you have in mind ?
i prefer a venue in centre .
what kind of food would you like ?
i want a restaurant in the moderate price range serving chinese food .
shanghai family restaurant is a nice place , it serves chinese food , it is in the moderate price range and it is in the centre of town .
thanks for your help , goodbye .
thank you , goodbye .
Reward: 0.9770060181617737

hello , welcome to the restaurant finding system . how may i help you ?
hi , i want to book a table
what part of town do you have in mind ?
i prefer a venue in east .
what kind of food would you like ?
i need a mediterranean restaurant .
i am sorry but there is no place , serving mediterranean food and in the area of east .
thanks for your help , goodbye .
thank you , goodbye .
Reward: 0.9551170468330383

hello , welcome to the restaurant finding system . how may i help you ?
hi , i want to book a table
what part of town do you have in mind ?
i want a venue in the moderate price range and in the centre of town .
what kind of food would you like ?
i need a indian venue .
i am sorry but there is no place , in the area of centre , in the moderate price range and serving indian food .
thanks for your help , goodbye .
thank you , goodbye .
Reward: 0.976965606212616

hello , welcome to the restaurant finding system . how may i help you ?
i need a restaurant in centre .
what kind of food would you like ?
i need a european venue .
would you like something in the cheap , moderate , or expensive price range ?
i want a venue in the expensive price range .
michaelhouse cafe is a nice place , it serves european food , it is in the expensive price range and it is in the centre of town .
what is the phone number of the restaurant ?
michaelhouse cafe is a nice place their phone number is 0 1223 309147 .
what is the address ?
michaelhouse cafe is a nice place , it serves european food , it is in the expensive price range and it is in the centre of town .
no , i am not looking for this . please show me another phone number and another one .
eraina is a nice place , it is in the centre of town , it is in the expensive price range and it serves european food .
i need another restaurant .
i am sorry but there is no place other than eraina and michaelhouse cafe in the expensive price range , serving european food and in the area of centre .
what is the phone number of binh ?
michaelhouse cafe is a nice place , it is in the expensive price range , it serves european food and it is in the centre of town .
what is the phone number of lf ?
michaelhouse cafe is a nice place , their address is st . michael ' s church trinity street city centre and their phone number is 0 1223 309147 .
thanks for your help , goodbye .
thank you , goodbye .
Reward: 0.9050174951553345

hello , welcome to the restaurant finding system . how may i help you ?
hi , i want to book a table
what part of town do you have in mind ?
i want a venue in the moderate price range and in the centre of town .
what kind of food would you like ?
i need a international venue .
bloomsbury restaurant is a nice place , it is in the moderate price range , it is in the centre of town and it serves international food .
i want a restaurant and any price range is okay .
bloomsbury restaurant is a nice place , it is in the centre of town , it serves international food and it is in the moderate price range .
what is the phone number of the restaurant ?
bloomsbury restaurant is a nice place their phone number is 0 871 942 9180 .
thanks for your help , goodbye .
thank you , goodbye .
Reward: 0.9673449397087097

hello , welcome to the restaurant finding system . how may i help you ?
hi , i want to book a table
what part of town do you have in mind ?
i prefer a venue in centre .
what kind of food would you like ?
i need a turkish venue .
would you like something in the cheap , moderate , or expensive price range ?
i want a venue in the expensive price range .
meze bar restaurant is a nice place , it serves turkish food , it is in the expensive price range and it is in the centre of town .
wait , i want something else . i want a venue in any price range .
efes restaurant is a nice place , it serves turkish food , it is in the moderate price range and it is in the centre of town .
wait , i want something else .
anatolia is a nice place , it serves turkish food , it is in the moderate price range and it is in the centre of town .
thanks for your help , goodbye .
thank you , goodbye .
Reward: 0.9721800684928894

hello , welcome to the restaurant finding system . how may i help you ?
i want a restaurant in the moderate price range .
what part of town do you have in mind ?
i prefer a venue in west .
what kind of food would you like ?
i need a indian venue .
i am sorry but there is no place , serving indian food , in the area of west and in the moderate price range .
thanks for your help , goodbye .
thank you , goodbye .
Reward: 0.8989549875259399

hello , welcome to the restaurant finding system . how may i help you ?
hi , i want to book a table
what part of town do you have in mind ?
it doesn ' t matter .
what part of town do you have in mind ?
i prefer a venue in centre .
what kind of food would you like ?
i need a international venue .
bloomsbury restaurant is a nice place , it serves international food and it is in the centre of town .
i want a restaurant and any price range is okay .
bloomsbury restaurant is a nice place , it is in the moderate price range , it is in the centre of town and it serves international food .
no , i want a restaurant in any part of town .
bloomsbury restaurant is a nice place , it is in the centre of town , it serves international food and it is in the moderate price range .
thanks for your help , goodbye .
thank you , goodbye .
Reward: 0.9712424278259277

hello , welcome to the restaurant finding system . how may i help you ?
hi , i want to book a table
what part of town do you have in mind ?
i need a turkish venue .
what part of town do you have in mind ?
i want a venue in the moderate price range and in the north of town .
i am sorry but there is no place , in the area of north , in the moderate price range and serving turkish food .
what is the phone number of the restaurant ?
i am sorry but there is no place , in the moderate price range , in the area of north and serving turkish food .
thanks for your help , goodbye .
thank you , goodbye .
Reward: 0.9307155013084412

hello , welcome to the restaurant finding system . how may i help you ?
i need another restaurant .
what part of town do you have in mind ?
i prefer a venue in north .
what kind of food would you like ?
i need a british venue .
city stop restaurant is a nice place , it is in the north part of town and it serves british food .
what is the address ?
city stop restaurant is a nice place their address is cambridge city football club milton road chesterton .
thanks for your help , goodbye .
thank you , goodbye .
Reward: 0.9770068526268005

hello , welcome to the restaurant finding system . how may i help you ?
i need a restaurant in centre .
what kind of food would you like ?
i need a european venue .
would you like something in the cheap , moderate , or expensive price range ?
i want a venue in the moderate price range .
galleria is a nice place , it is in the moderate price range , it serves european food and it is in the centre of town .
wait , i want something else . i want a venue in the moderate price range .
hotel du vin and bistro is a nice place , it is in the centre of town , it is in the moderate price range and it serves european food .
i want a restaurant in any price range and in any price range is this .
galleria is a nice place , it is in the moderate price range , it is in the centre of town and it serves european food .
please tell me the address and the phone number of the restaurant .
galleria is a nice place , their address is 33 bridge street and their phone number is 0 1223 362054 .
thanks for your help , goodbye .
thank you , goodbye .
Reward: 0.9143630862236023

hello , welcome to the restaurant finding system . how may i help you ?
hi , i want to book a table
what part of town do you have in mind ?
it doesn ' t matter .
what part of town do you have in mind ?
i prefer a venue in centre .
what kind of food would you like ?
i need a turkish venue .
would you like something in the cheap , moderate , or expensive price range ?
i want a venue in the moderate price range .
efes restaurant is a nice place , it is in the moderate price range , it serves turkish food and it is in the centre of town .
wait , i need something in
efes restaurant is a nice place , it is in the centre of town , it is in the moderate price range and it serves turkish food .
i want a restaurant in the moderate price range and in the centre of town .
efes restaurant is a nice place , it serves turkish food , it is in the centre of town and it is in the moderate price range .
thanks for your help , goodbye .
thank you , goodbye .
Reward: 0.9746382236480713

hello , welcome to the restaurant finding system . how may i help you ?
i need another restaurant .
what part of town do you have in mind ?
i prefer a venue in north .
what kind of food would you like ?
i need a indian venue .
would you like something in the cheap , moderate , or expensive price range ?
i want a venue in the expensive price range .
tandoori palace is a nice place , it is in the expensive price range , it is in the north part of town and it serves indian food .
what is the phone number of the restaurant ?
tandoori palace is a nice place their phone number is 0 1223 506055 .
thanks for your help , goodbye .
thank you , goodbye .
Reward: 0.9672414064407349

hello , welcome to the restaurant finding system . how may i help you ?
hi , i want to book a table
what part of town do you have in mind ?
it doesn ' t matter .
what part of town do you have in mind ?
i want a venue in the expensive price range and in the north of town .
what kind of food would you like ?
i need a indian venue .
tandoori palace is a nice place , it is in the north part of town , it is in the expensive price range and it serves indian food .
thanks for your help , goodbye .
thank you , goodbye .
Reward: 0.9749775528907776

hello , welcome to the restaurant finding system . how may i help you ?
i need another restaurant .
what part of town do you have in mind ?
i prefer a venue in north .
what kind of food would you like ?
i need a indian venue .
would you like something in the cheap , moderate , or expensive price range ?
i want a venue in the moderate price range .
the nirala is a nice place , it serves indian food , it is in the north part of town and it is in the moderate price range .
what is the phone number of the restaurant ?
the nirala is a nice place their phone number is 0 1223 360966 .
what is the address ?
the nirala is a nice place , it is in the north part of town , it serves indian food and it is in the moderate price range .
thanks for your help , goodbye .
thank you , goodbye .
Reward: 0.9720185399055481

hello , welcome to the restaurant finding system . how may i help you ?
hi , i want to book a table
what part of town do you have in mind ?
i prefer a venue in centre .
what kind of food would you like ?
i want a restaurant in the moderate price range and in the centre of town .
what kind of food would you like ?
i need a international venue .
bloomsbury restaurant is a nice place , it serves international food , it is in the moderate price range and it is in the centre of town .
wait , i want to book a european .
galleria is a nice place , it is in the moderate price range , it serves european food and it is in the centre of town .
what is the phone number of the restaurant ?
galleria is a nice place their phone number is 0 1223 362054 .
thanks a tip .
thank you , goodbye .
Reward: 0.9699099659919739

hello , welcome to the restaurant finding system . how may i help you ?
hi , i want to book a table
what part of town do you have in mind ?
it doesn ' t matter .
what part of town do you have in mind ?
i want a venue in the expensive price range and in the north of town .
what kind of food would you like ?
i want a venue in the north of town . i want a venue in the south of town .
what kind of food would you like ?
i want a venue in the south of town . it doesn ' t matter .
what kind of food would you like ?
i want a venue in the south of town . i want a all venue .
what kind of food would you like ?
i want a venue in the moderate price range serving food .
what kind of food would you like ?
i want a venue in any part of town . i want a venue in the expensive price range .
what kind of food would you like ?
i want a venue in the moderate price range serving modern european food .
galleria is a nice place , it is in the moderate price range , it is in the centre of town and it serves european food .
i want another restaurant .
galleria is a nice place , it is in the centre of town , it is in the moderate price range and it serves european food .
Reward: 0.9767275452613831

hello , welcome to the restaurant finding system . how may i help you ?
hi , i want to book a table
what part of town do you have in mind ?
i prefer a venue in centre .
what kind of food would you like ?
i need a chinese venue .
would you like something in the cheap , moderate , or expensive price range ?
i want a venue in the expensive price range .
hk fusion is a nice place , it is in the centre of town , it is in the expensive price range and it serves chinese food .
please find me another one .
tang chinese is a nice place , it serves chinese food , it is in the expensive price range and it is in the centre of town .
thanks for your help , goodbye .
thank you , goodbye .
Reward: 0.9672987461090088

hello , welcome to the restaurant finding system . how may i help you ?
hi , i want to book a table
what part of town do you have in mind ?
i want a venue in the moderate price range and in the centre of town .
what kind of food would you like ?
i need a international venue .
bloomsbury restaurant is a nice place , it serves international food , it is in the moderate price range and it is in the centre of town .
wait , i want a restaurant in the expensive price range .
i am sorry but there is no place , serving international food , in the expensive price range and in the area of centre .
i want a restaurant and any price range is okay .
bloomsbury restaurant is a nice place , it is in the centre of town , it is in the moderate price range and it serves international food .
i want a restaurant in the moderate price range and in the centre of town .
bloomsbury restaurant is a nice place , it is in the centre of town , it serves international food and it is in the moderate price range .
i want a restaurant in the moderate price range and in the centre of town .
bloomsbury restaurant is a nice place , it serves international food , it is in the centre of town and it is in the moderate price range .
i want a restaurant in the moderate price range and in the west of town .
i am sorry but there is no place , in the area of west , serving international food and in the moderate price range .
thanks for your help , goodbye .
thank you , goodbye .
Reward: 0.9749216437339783

hello , welcome to the restaurant finding system . how may i help you ?
hi , i want to book a table
what part of town do you have in mind ?
i prefer a venue in centre .
what kind of food would you like ?
i need a european venue .
would you like something in the cheap , moderate , or expensive price range ?
i want a venue in the moderate price range .
galleria is a nice place , it is in the centre of town , it serves european food and it is in the moderate price range .
i want a venue in the moderate price range .
galleria is a nice place , it is in the moderate price range , it serves european food and it is in the centre of town .
in the moderate price range and in the west of town .
i am sorry but there is no place , serving european food , in the area of west and in the moderate price range .
thanks for your help , goodbye .
thank you , goodbye .
Reward: 0.9604774117469788

hello , welcome to the restaurant finding system . how may i help you ?
hi , i want to book a table
what part of town do you have in mind ?
i prefer a venue in south .
what kind of food would you like ?
i need a indian venue .
taj tandoori is a nice place , it is in the south part of town and it serves indian food .
what is the address of the restaurant ?
taj tandoori is a nice place their address is 64 cherry hinton road cherry hinton .
thanks for your help , goodbye .
thank you , goodbye .
Reward: 0.9771414399147034

hello , welcome to the restaurant finding system . how may i help you ?
i need another restaurant .
what part of town do you have in mind ?
it doesn ' t matter .
what part of town do you have in mind ?
don ' m thinking . i want a venue in the moderate price range .
what part of town do you have in mind ?
i want a venue in the south of town .
what kind of food would you like ?
i want a venue in the north of town . i want a venue in the expensive price range .
what kind of food would you like ?
i need a chinese venue .
hakka is a nice place , it serves chinese food , it is in the expensive price range and it is in the north part of town .
what is the address of the restaurant ?
hakka is a nice place their address is milton road chesterton .
thanks for your help , goodbye .
thank you , goodbye .
Reward: 0.9719475507736206

hello , welcome to the restaurant finding system . how may i help you ?
hi , i want to book a table
what part of town do you have in mind ?
i prefer a venue in centre .
what kind of food would you like ?
i want a venue in the moderate price range serving food and any price range is okay .
what kind of food would you like ?
i want a venue in the moderate price range and in the centre of town .
what kind of food would you like ?
i want a venue in the moderate price range serving chinese food .
shanghai family restaurant is a nice place , it serves chinese food , it is in the centre of town and it is in the moderate price range .
thanks for your help , goodbye .
thank you , goodbye .
Reward: 0.9637763500213623

hello , welcome to the restaurant finding system . how may i help you ?
hi , i want to book a table
what part of town do you have in mind ?
i prefer a venue in west .
what kind of food would you like ?
i need a turkish venue .
i am sorry but there is no place , in the area of west and serving turkish food .
thanks for your help , goodbye .
thank you , goodbye .
Reward: 0.9763426184654236

hello , welcome to the restaurant finding system . how may i help you ?
i need another restaurant .
what part of town do you have in mind ?
it doesn ' t matter .
what part of town do you have in mind ?
i prefer a venue in north .
what kind of food would you like ?
i need a international venue .
i am sorry but there is no place , in the area of north and serving international food .
i want a venue in the south of town .
i am sorry but there is no place , serving international food and in the area of south .
thanks for your help , goodbye .
thank you , goodbye .
Reward: 0.9654914736747742

hello , welcome to the restaurant finding system . how may i help you ?
i need another restaurant .
what part of town do you have in mind ?
i prefer a venue in north .
what kind of food would you like ?
i need a indian venue .
would you like something in the cheap , moderate , or expensive price range ?
i want a venue in the expensive price range .
tandoori palace is a nice place , it serves indian food , it is in the expensive price range and it is in the north part of town .
thanks for your help , goodbye .
thank you , goodbye .
Reward: 0.9772589206695557

hello , welcome to the restaurant finding system . how may i help you ?
hi , i want to book a table
what part of town do you have in mind ?
it doesn ' t matter .
what part of town do you have in mind ?
i prefer a venue in south .
what kind of food would you like ?
i need a turkish venue .
i am sorry but there is no place , serving turkish food and in the area of south .
thanks for your help , goodbye .
thank you , goodbye .
Reward: 0.9746717810630798

hello , welcome to the restaurant finding system . how may i help you ?
hi , i want to book a table
what part of town do you have in mind ?
i want a venue in the moderate price range and in the west of town .
what kind of food would you like ?
i need a chinese venue .
i am sorry but there is no place , serving chinese food , in the moderate price range and in the area of west .
thanks for your help , goodbye .
thank you , goodbye .
Reward: 0.9769791960716248

hello , welcome to the restaurant finding system . how may i help you ?
hi , i want to book a table
what part of town do you have in mind ?
i want a venue in the moderate price range and in the north of town .
what kind of food would you like ?
i need a chinese venue .
golden wok is a nice place , it serves chinese food , it is in the north part of town and it is in the moderate price range .
thanks for your help , goodbye .
thank you , goodbye .
Reward: 0.9769962430000305

hello , welcome to the restaurant finding system . how may i help you ?
hi , i want to book a table
what part of town do you have in mind ?
i want a venue in the moderate price range and in the centre of town .
what kind of food would you like ?
i need a international venue .
bloomsbury restaurant is a nice place , it serves international food , it is in the centre of town and it is in the moderate price range .
what is the phone number of the restaurant ?
bloomsbury restaurant is a nice place their phone number is 0 871 942 9180 .
any part is not looking for this .
bloomsbury restaurant is a nice place , it is in the moderate price range , it serves international food and it is in the centre of town .
thanks for your help , goodbye .
thank you , goodbye .
Reward: 0.9674205183982849

hello , welcome to the restaurant finding system . how may i help you ?
i need a european restaurant .
what part of town do you have in mind ?
i prefer a venue in centre .
would you like something in the cheap , moderate , or expensive price range ?
i want a venue in the expensive price range .
michaelhouse cafe is a nice place , it is in the centre of town , it serves european food and it is in the expensive price range .
no , i am not looking for this . please show me another one .
eraina is a nice place , it is in the expensive price range , it serves european food and it is in the centre of town .
no , i am not looking for this .
i am sorry but there is no place other than eraina and michaelhouse cafe in the area of centre , in the expensive price range and serving european food .
i want a venue in south .
i am sorry but there is no place , serving european food , in the expensive price range and in the area of south .
i want a venue in the moderate price range and in the centre of town .
galleria is a nice place , it is in the centre of town , it serves european food and it is in the moderate price range .
please find me the phone number of nandos , the moderate price range .
galleria is a nice place their phone number is 0 1223 362054 .
thanks for your help , goodbye .
thank you , goodbye .
Reward: 0.9309712648391724

hello , welcome to the restaurant finding system . how may i help you ?
i need another restaurant .
what part of town do you have in mind ?
it doesn ' t matter .
what part of town do you have in mind ?
i prefer a venue in centre .
what kind of food would you like ?
i want a venue in the moderate price range and in the north of town .
what kind of food would you like ?
i need a indian venue .
the nirala is a nice place , it is in the moderate price range , it is in the north part of town and it serves indian food .
what is the address of the restaurant ?
the nirala is a nice place their address is 7 milton road chesterton .
thanks for your help , goodbye .
thank you , goodbye .
Reward: 0.9697631001472473

hello , welcome to the restaurant finding system . how may i help you ?
hi , i want to book a table
what part of town do you have in mind ?
i want a venue in the moderate price range and in the south of town .
what kind of food would you like ?
i want a venue in the moderate price range and in the north of town .
what kind of food would you like ?
i need a indian venue .
the nirala is a nice place , it is in the moderate price range , it is in the north part of town and it serves indian food .
what is the address ?
the nirala is a nice place their address is 7 milton road chesterton .
thanks for your help , goodbye .
thank you , goodbye .
Reward: 0.967165470123291

hello , welcome to the restaurant finding system . how may i help you ?
i need another restaurant .
what part of town do you have in mind ?
i prefer a venue in north .
what kind of food would you like ?
i need a chinese venue .
would you like something in the cheap , moderate , or expensive price range ?
it doesn ' t matter .
would you like something in the cheap , moderate , or expensive price range ?
i want a venue in the expensive price range .
hakka is a nice place , it is in the north part of town , it is in the expensive price range and it serves chinese food .
what is the phone number of the restaurant ?
hakka is a nice place their phone number is 0 1223 568988 .
thanks for your help , goodbye .
thank you , goodbye .
Reward: 0.9712185263633728

hello , welcome to the restaurant finding system . how may i help you ?
hi , i want to book a table
what part of town do you have in mind ?
i want a venue in the moderate price range and in the centre of town .
what kind of food would you like ?
i need a international venue .
bloomsbury restaurant is a nice place , it serves international food , it is in the centre of town and it is in the moderate price range .
what is the phone number of the restaurant ?
bloomsbury restaurant is a nice place their phone number is 0 871 942 9180 .
what is the address ?
bloomsbury restaurant is a nice place , it serves international food , it is in the moderate price range and it is in the centre of town .
thanks for your help , goodbye .
thank you , goodbye .
Reward: 0.9674664735794067

hello , welcome to the restaurant finding system . how may i help you ?
hi , i want to book a table
what part of town do you have in mind ?
i want a venue in the moderate price range and in the centre of town .
what kind of food would you like ?
i i want a venue in the moderate price range and in the centre of town .
what kind of food would you like ?
i need a indian venue .
i am sorry but there is no place , in the area of centre , serving indian food and in the moderate price range .
thanks for your help , goodbye .
thank you , goodbye .
Reward: 0.9749254584312439

hello , welcome to the restaurant finding system . how may i help you ?
hi , i want to book a table
what part of town do you have in mind ?
i want a venue in the moderate price range and in the south of town .
what kind of food would you like ?
i want a venue in the south of town .
what kind of food would you like ?
i need a indian venue .
i am sorry but there is no place , in the moderate price range , in the area of south and serving indian food .
thanks for your help , goodbye .
thank you , goodbye .
Reward: 0.9749422073364258

hello , welcome to the restaurant finding system . how may i help you ?
i need another restaurant .
what part of town do you have in mind ?
i prefer a venue in north .
what kind of food would you like ?
everything is fine . i want a venue in the cheap price range .
what kind of food would you like ?
everything is the one . i need a indian venue .
royal spice is a nice place , it serves indian food , it is in the north part of town and it is in the cheap price range .
thanks for your help , goodbye .
thank you , goodbye .
Reward: 0.9750492572784424

hello , welcome to the restaurant finding system . how may i help you ?
hi , i want to book a table
what part of town do you have in mind ?
i prefer a venue in centre .
what kind of food would you like ?
i need a chinese venue .
would you like something in the cheap , moderate , or expensive price range ?
i want a venue in the expensive price range .
hk fusion is a nice place , it is in the expensive price range , it is in the centre of town and it serves chinese food .
wait , i want something else . i want a venue in
tang chinese is a nice place , it serves chinese food , it is in the expensive price range and it is in the centre of town .
thanks for your help , goodbye .
thank you , goodbye .
Reward: 0.967289924621582

hello , welcome to the restaurant finding system . how may i help you ?
hi , i want to book a table
what part of town do you have in mind ?
i prefer a venue in centre .
what kind of food would you like ?
i want a restaurant in the moderate price range serving chinese food .
shanghai family restaurant is a nice place , it is in the moderate price range , it is in the centre of town and it serves chinese food .
thanks for your help , goodbye .
thank you , goodbye .
Reward: 0.9770050644874573

hello , welcome to the restaurant finding system . how may i help you ?
hi , i want to book a table
what part of town do you have in mind ?
i prefer a venue in south .
what kind of food would you like ?
i need a chinese venue .
would you like something in the cheap , moderate , or expensive price range ?
i want a venue in the expensive price range .
the good luck chinese food takeaway is a nice place , it is in the south part of town , it serves chinese food and it is in the expensive price range .
wait , i want something else . i want a venue in the expensive price range .
peking restaurant is a nice place , it is in the south part of town , it serves chinese food and it is in the expensive price range .
thanks for your help , goodbye .
thank you , goodbye .
Reward: 0.9672338962554932

hello , welcome to the restaurant finding system . how may i help you ?
hi , i want to book a table
what part of town do you have in mind ?
everything is fine . i need a portuguese venue .
what part of town do you have in mind ?
it doesn ' t matter .
what part of town do you have in mind ?
i want a venue in the north of town . i want a venue in the north of town .
i am sorry but there is no place , serving portuguese food and in the area of north .
what is the address ?
i am sorry but there is no place , serving portuguese food and in the area of north .
wait , i want something else . i want a venue in the south of town .
nandos is a nice place , it serves portuguese food and it is in the south part of town .
thanks for your help , goodbye .
thank you , goodbye .
Reward: 0.9679825901985168

hello , welcome to the restaurant finding system . how may i help you ?
hi , i want to book a table
what part of town do you have in mind ?
i prefer a venue in centre .
what kind of food would you like ?
i need a international venue .
bloomsbury restaurant is a nice place , it is in the centre of town and it serves international food .
i want a restaurant and any price range is okay .
bloomsbury restaurant is a nice place , it is in the moderate price range , it serves international food and it is in the centre of town .
no , i want a restaurant in the moderate price range .
bloomsbury restaurant is a nice place , it serves international food , it is in the moderate price range and it is in the centre of town .
thanks for your help , goodbye .
thank you , goodbye .
Reward: 0.9674327969551086

hello , welcome to the restaurant finding system . how may i help you ?
hi , i want to book a table
what part of town do you have in mind ?
i prefer a venue in centre .
what kind of food would you like ?
i need a chinese venue .
would you like something in the cheap , moderate , or expensive price range ?
i want a venue in the expensive price range .
hk fusion is a nice place , it is in the centre of town , it serves chinese food and it is in the expensive price range .
please show me another one .
tang chinese is a nice place , it is in the expensive price range , it serves chinese food and it is in the centre of town .
thanks for your help , goodbye .
thank you , goodbye .
Reward: 0.9675359725952148

