hello , welcome to the restaurant finding system . how may i help you ?
hi , i want to book a table
what part of town do you have in mind ?
i need a restaurant in centre .
what kind of food would you like ?
i need a european venue .
would you like something in the cheap , moderate , or expensive price range ?
i want a venue in the moderate price range .
galleria is a nice place , it is in the moderate price range , it is in the centre of town and it serves european food .
what is the address of michaelhouse cafe ?
galleria is a nice place their address is 33 bridge street .
thanks for your help , goodbye .
thank you , goodbye .
Reward: 0.9677742123603821

hello , welcome to the restaurant finding system . how may i help you ?
hi , i want to book a table
what part of town do you have in mind ?
i prefer a venue in centre .
what kind of food would you like ?
i need a turkish venue .
would you like something in the cheap , moderate , or expensive price range ?
i want a venue in the moderate price range .
efes restaurant is a nice place , it serves turkish food , it is in the centre of town and it is in the moderate price range .
thanks for your help , goodbye .
thank you , goodbye .
Reward: 0.9771515130996704

hello , welcome to the restaurant finding system . how may i help you ?
i need another restaurant .
what part of town do you have in mind ?
i need a restaurant in east .
what kind of food would you like ?
i need a chinese venue .
yu garden is a nice place , it serves chinese food and it is in the east part of town .
what is the address of michaelhouse closest to the centre of town .
yu garden is a nice place their address is 529 newmarket road fen ditton .
thanks for your help !
thank you , goodbye .
Reward: 0.9232171773910522

hello , welcome to the restaurant finding system . how may i help you ?
hi , i want to book a table
what part of town do you have in mind ?
i prefer a venue in centre .
what kind of food would you like ?
i want a restaurant in the north of town . is the restaurant in the area price range .
what kind of food would you like ?
i want a venue in the expensive price range and any price range is ok .
what kind of food would you like ?
i want a venue in the expensive price range serving british food .
city stop restaurant is a nice place , it is in the north part of town , it is in the expensive price range and it serves british food .
what is the address ?
city stop restaurant is a nice place their address is cambridge city football club milton road chesterton .
Reward: 0.9640092253684998

hello , welcome to the restaurant finding system . how may i help you ?
i need another restaurant .
what part of town do you have in mind ?
i prefer a venue in north .
what kind of food would you like ?
i need a indian venue .
would you like something in the cheap , moderate , or expensive price range ?
it doesn ' t matter .
would you like something in the cheap , moderate , or expensive price range ?
i want a venue in the expensive price range .
tandoori palace is a nice place , it serves indian food , it is in the expensive price range and it is in the north part of town .
what is the phone number of the restaurant ?
tandoori palace is a nice place their phone number is 0 1223 506055 .
Reward: 0.9684314727783203

hello , welcome to the restaurant finding system . how may i help you ?
i need another restaurant .
what part of town do you have in mind ?
i prefer a venue in north .
what kind of food would you like ?
i need a chinese venue .
would you like something in the cheap , moderate , or expensive price range ?
i want a venue in the than price range .
would you like something in the cheap , moderate , or expensive price range ?
it doesn ' t matter .
would you like something in the cheap , moderate , or expensive price range ?
i want a venue in the expensive price range .
hakka is a nice place , it is in the expensive price range , it is in the north part of town and it serves chinese food .
Reward: 0.9668521285057068

hello , welcome to the restaurant finding system . how may i help you ?
hi , i want to book a table
what part of town do you have in mind ?
i prefer a venue in centre .
what kind of food would you like ?
i want a restaurant in the moderate price range and in the north of town .
what kind of food would you like ?
i need a chinese venue .
golden wok is a nice place , it serves chinese food , it is in the north part of town and it is in the moderate price range .
thanks for your help , goodbye .
thank you , goodbye .
Reward: 0.9750349521636963

hello , welcome to the restaurant finding system . how may i help you ?
hi , i want to book a table
what part of town do you have in mind ?
i prefer a venue in south .
what kind of food would you like ?
i want a venue in the moderate price range serving chinese food .
i am sorry but there is no place , in the moderate price range , serving chinese food and in the area of south .
thanks for your help , goodbye .
thank you , goodbye .
Reward: 0.976983368396759

hello , welcome to the restaurant finding system . how may i help you ?
hi , i want to book a table
what part of town do you have in mind ?
i want a venue in the moderate price range and in the north of town .
what kind of food would you like ?
i want a venue in the r of town . i want a venue in the north .
what kind of food would you like ?
i want a venue in the south of town . i want to fly .
what kind of food would you like ?
i want a venue in the expensive price range serving spanish food .
i am sorry but there is no place , in the area of south , serving spanish food and in the expensive price range .
i want a venue in south .
i am sorry but there is no place , serving spanish food , in the expensive price range and in the area of south .
Reward: 0.963463306427002

hello , welcome to the restaurant finding system . how may i help you ?
i need another restaurant .
what part of town do you have in mind ?
i prefer a venue in centre .
what kind of food would you like ?
i want a venue in the expensive price range and in the north of town .
what kind of food would you like ?
i want a venue in the expensive price range and in the town of town .
what kind of food would you like ?
i want a venue in the south of town .
what kind of food would you like ?
i want a venue in any part of town . i want to follow information . please show me another show .
what kind of food would you like ?
Reward: 0.9595184326171875

hello , welcome to the restaurant finding system . how may i help you ?
i need another restaurant .
what part of town do you have in mind ?
i prefer a venue in south .
what kind of food would you like ?
i need a indian venue .
taj tandoori is a nice place , it is in the south part of town and it serves indian food .
what is the phone number of the number of town ?
taj tandoori is a nice place their phone number is 0 1223 412299 .
what is the phone number of the restaurant ?
taj tandoori is a nice place , it is in the south part of town and it serves indian food .
what is the address ?
taj tandoori is a nice place , their phone number is 0 1223 412299 and their address is 64 cherry hinton road cherry hinton .
Reward: 0.969825029373169

hello , welcome to the restaurant finding system . how may i help you ?
hi , i want to book a table
what part of town do you have in mind ?
it doesn ' t matter .
what part of town do you have in mind ?
i am ok with everything . i need a venue in the expensive price range .
what part of town do you have in mind ?
i prefer a venue in south .
what kind of food would you like ?
i need a indian venue .
taj tandoori is a nice place , it is in the expensive price range , it is in the south part of town and it serves indian food .
what is the phone number of the restaurant ?
taj tandoori is a nice place their phone number is 0 1223 412299 .
Reward: 0.9658320546150208

hello , welcome to the restaurant finding system . how may i help you ?
hi , i want to book a table
what part of town do you have in mind ?
i prefer a venue in south .
what kind of food would you like ?
i need a mediterranean venue .
i am sorry but there is no place , in the area of south and serving mediterranean food .
what is the address ?
i am sorry but there is no place , serving mediterranean food and in the area of south .
i prefer a venue in the south of town .
i am sorry but there is no place , serving mediterranean food and in the area of south .
i prefer an italian venue .
would you like something in the cheap , moderate , or expensive price range ?
Reward: 0.9199028015136719

hello , welcome to the restaurant finding system . how may i help you ?
hi , i want to book a table
what part of town do you have in mind ?
i prefer a venue in centre .
what kind of food would you like ?
i need a indian venue .
would you like something in the cheap , moderate , or expensive price range ?
i want a venue in the expensive price range .
curry garden is a nice place , it is in the centre of town , it serves indian food and it is in the expensive price range .
wait , i want something else . i want a venue in west .
cocum is a nice place , it is in the expensive price range , it serves indian food and it is in the west part of town .
thanks for your help , goodbye .
thank you , goodbye .
Reward: 0.9672290682792664

hello , welcome to the restaurant finding system . how may i help you ?
hi , i want to book a table
what part of town do you have in mind ?
it doesn ' t matter .
what part of town do you have in mind ?
it doesn ' t matter .
what part of town do you have in mind ?
i prefer a venue in south .
what kind of food would you like ?
i 'm thinking of an otter
what kind of food would you like ?
i need a chinese venue .
would you like something in the cheap , moderate , or expensive price range ?
Reward: 0.9649187922477722

hello , welcome to the restaurant finding system . how may i help you ?
hi , i want to book a table
what part of town do you have in mind ?
i want a venue in the expensive price range and in the north of town .
what kind of food would you like ?
i want a venue in the south of town .
what kind of food would you like ?
i want a venue in the north of town , i want to know if i want to book a table
what kind of food would you like ?
i want a venue in the expensive price range serving asian rum , serving serving asian oriental food .
saigon city is a nice place , it is in the north part of town , it serves asian oriental food and it is in the expensive price range .
thanks for your help , goodbye .
thank you , goodbye .
Reward: 0.963723361492157

hello , welcome to the restaurant finding system . how may i help you ?
i need another restaurant .
what part of town do you have in mind ?
i prefer a venue in north .
what kind of food would you like ?
it doesn ' t matter .
what kind of food would you like ?
i want a venue in the expensive price range is okay .
what kind of food would you like ?
i need a chinese venue .
hakka is a nice place , it is in the expensive price range , it is in the north part of town and it serves chinese food .
thanks for your help , goodbye .
thank you , goodbye .
Reward: 0.9636057615280151

hello , welcome to the restaurant finding system . how may i help you ?
i need another restaurant .
what part of town do you have in mind ?
i prefer a venue in north .
what kind of food would you like ?
i need a indian venue .
would you like something in the cheap , moderate , or expensive price range ?
i want a venue in the expensive price range .
tandoori palace is a nice place , it serves indian food , it is in the expensive price range and it is in the north part of town .
i am looking for another one . please show me another one .
i am sorry but there is no place other than tandoori palace in the expensive price range , in the area of north and serving indian food .
thanks .
thank you , goodbye .
Reward: 0.9682219624519348

hello , welcome to the restaurant finding system . how may i help you ?
i need another restaurant .
what part of town do you have in mind ?
i prefer a venue in north .
what kind of food would you like ?
i want a venue in the expensive price range serving british restaurant .
city stop restaurant is a nice place , it serves british food , it is in the north part of town and it is in the expensive price range .
what is the address ?
city stop restaurant is a nice place their address is cambridge city football club milton road chesterton .
thanks for your help , goodbye .
thank you , goodbye .
Reward: 0.9772854447364807

hello , welcome to the restaurant finding system . how may i help you ?
hi , i want to book a table
what part of town do you have in mind ?
i prefer a venue in south .
what kind of food would you like ?
i need a chinese venue .
would you like something in the cheap , moderate , or expensive price range ?
it doesn ' t matter .
would you like something in the cheap , moderate , or expensive price range ?
i want a venue in the expensive price range .
the good luck chinese food takeaway is a nice place , it is in the south part of town , it is in the expensive price range and it serves chinese food .
is it looking for this . please show me a venue in the expensive price range .
the good luck chinese food takeaway is a nice place , it is in the south part of town , it is in the expensive price range and it serves chinese food .
Reward: 0.9704222679138184

hello , welcome to the restaurant finding system . how may i help you ?
hi , i want to book a table
what part of town do you have in mind ?
i want a venue in the expensive price range and in the north of town .
what kind of food would you like ?
i want a venue in the south of town .
what kind of food would you like ?
i want a venue in the south of town . i need to make a reservation .
what kind of food would you like ?
i need a chinese venue .
the good luck chinese food takeaway is a nice place , it serves chinese food , it is in the expensive price range and it is in the south part of town .
what is the address .
the good luck chinese food takeaway is a nice place their address is 82 cherry hinton road cherry hinton .
Reward: 0.9648314118385315

hello , welcome to the restaurant finding system . how may i help you ?
hi , i want to book a table
what part of town do you have in mind ?
i prefer a venue in south .
what kind of food would you like ?
i want a venue in the expensive price range serving indian food .
taj tandoori is a nice place , it is in the expensive price range , it serves indian food and it is in the south part of town .
what is the phone number of the restaurant ?
taj tandoori is a nice place their phone number is 0 1223 412299 .
what is the address ?
taj tandoori is a nice place , it is in the expensive price range , it serves indian food and it is in the south part of town .
what is the address ?
taj tandoori is a nice place , their phone number is 0 1223 412299 and their address is 64 cherry hinton road cherry hinton .
Reward: 0.9705581068992615

hello , welcome to the restaurant finding system . how may i help you ?
i need another restaurant .
what part of town do you have in mind ?
i prefer a venue in north .
what kind of food would you like ?
i need a chinese venue .
would you like something in the cheap , moderate , or expensive price range ?
it doesn ' t matter .
would you like something in the cheap , moderate , or expensive price range ?
i want a venue in the expensive price range .
hakka is a nice place , it is in the expensive price range , it serves chinese food and it is in the north part of town .
no , i am not looking for this . please show me another one .
the hotpot is a nice place , it is in the expensive price range , it is in the north part of town and it serves chinese food .
Reward: 0.9701300263404846

hello , welcome to the restaurant finding system . how may i help you ?
i need another restaurant .
what part of town do you have in mind ?
i prefer a venue in north .
what kind of food would you like ?
i need a chinese venue .
would you like something in the cheap , moderate , or expensive price range ?
any price range is okay . for the expensive price range .
hakka is a nice place , it serves chinese food , it is in the north part of town and it is in the expensive price range .
no , i am not looking for this .
hakka is a nice place , it serves chinese food , it is in the north part of town and it is in the expensive price range .
no , i am going to work
hakka is a nice place , it is in the expensive price range , it serves chinese food and it is in the north part of town .
Reward: 0.9706689119338989

hello , welcome to the restaurant finding system . how may i help you ?
hi , i want to book a table
what part of town do you have in mind ?
i prefer a venue in south .
what kind of food would you like ?
i need a indian venue .
taj tandoori is a nice place , it serves indian food and it is in the south part of town .
what is the phone number of the restaurant ?
taj tandoori is a nice place their phone number is 0 1223 412299 .
what is the phone number of the restaurant ?
taj tandoori is a nice place , it serves indian food and it is in the south part of town .
what is the address ?
taj tandoori is a nice place , their phone number is 0 1223 412299 and their address is 64 cherry hinton road cherry hinton .
Reward: 0.9701090455055237

hello , welcome to the restaurant finding system . how may i help you ?
hi , i want to book a table
what part of town do you have in mind ?
i prefer a venue in centre .
what kind of food would you like ?
i need a turkish venue .
would you like something in the cheap , moderate , or expensive price range ?
i want a venue in the expensive price range .
meze bar restaurant is a nice place , it is in the expensive price range , it serves turkish food and it is in the centre of town .
wait , i want something else . i want a venue in west .
i am sorry but there is no place , in the expensive price range , serving turkish food and in the area of west .
no , i am not looking for this . please show me another one .
i am sorry but there is no place , in the expensive price range , in the area of west and serving turkish food .
Reward: 0.9674058556556702

hello , welcome to the restaurant finding system . how may i help you ?
i need another restaurant .
what part of town do you have in mind ?
i prefer a venue in north .
what kind of food would you like ?
i need a indian venue .
would you like something in the cheap , moderate , or expensive price range ?
everything is high . i want a venue in the expensive price range .
tandoori palace is a nice place , it serves indian food , it is in the expensive price range and it is in the north part of town .
what is the phone number of the restaurant ?
tandoori palace is a nice place their phone number is 0 1223 506055 .
thanks for your help , goodbye .
thank you , goodbye .
Reward: 0.9671819806098938

hello , welcome to the restaurant finding system . how may i help you ?
i need another restaurant .
what part of town do you have in mind ?
i prefer a venue in north .
what kind of food would you like ?
i need a international venue .
i am sorry but there is no place , in the area of north and serving international food .
okay . i need a european venue .
i am sorry but there is no place , in the area of north and serving european food .
i need a european venue .
i am sorry but there is no place , serving european food and in the area of north .
what is the address ?
i am sorry but there is no place , serving european food and in the area of north .
Reward: 0.9581649899482727

hello , welcome to the restaurant finding system . how may i help you ?
i want a restaurant in the moderate price range and in the west of town .
what kind of food would you like ?
i want a venue in the expensive price range serving indian food .
cocum is a nice place , it is in the expensive price range , it serves indian food and it is in the west part of town .
what is the address ?
cocum is a nice place their address is 71 castle street city centre .
thanks for your help , goodbye .
thank you , goodbye .
Reward: 0.8991305232048035

hello , welcome to the restaurant finding system . how may i help you ?
hi , i want to book a table
what part of town do you have in mind ?
i want a venue in any part of town .
what kind of food would you like ?
i want a restaurant in the expensive price range and in the centre of town .
what kind of food would you like ?
i need a international venue .
i am sorry but there is no place , serving international food , in the expensive price range and in the area of centre .
thanks for your help , goodbye .
thank you , goodbye .
Reward: 0.9749069809913635

hello , welcome to the restaurant finding system . how may i help you ?
hi , i want to book a table
what part of town do you have in mind ?
it doesn ' t matter .
what part of town do you have in mind ?
i prefer a venue in south .
what kind of food would you like ?
i want a venue in the expensive price range and in the north and how time . i must need to fly .
what kind of food would you like ?
everything is fine . i want a venue in the expensive price range . now petsmart .
what kind of food would you like ?
i need a chinese restaurant .
hakka is a nice place , it serves chinese food , it is in the expensive price range and it is in the north part of town .
Reward: 0.9644585847854614

hello , welcome to the restaurant finding system . how may i help you ?
hi , i want to book a table
what part of town do you have in mind ?
i prefer a venue in centre .
what kind of food would you like ?
i want a restaurant in the expensive price range serving chinese food .
hk fusion is a nice place , it serves chinese food , it is in the expensive price range and it is in the centre of town .
thanks for your help , goodbye .
thank you , goodbye .
Reward: 0.9770001769065857

hello , welcome to the restaurant finding system . how may i help you ?
i need another restaurant .
what part of town do you have in mind ?
i prefer a venue in north .
what kind of food would you like ?
i need a chinese venue .
would you like something in the cheap , moderate , or expensive price range ?
it doesn ' t matter .
would you like something in the cheap , moderate , or expensive price range ?
it doesn ' t matter .
would you like something in the cheap , moderate , or expensive price range ?
everything is fine . i want a price range .
would you like something in the cheap , moderate , or expensive price range ?
Reward: 0.9640954732894897

hello , welcome to the restaurant finding system . how may i help you ?
hi , i want to book a table
what part of town do you have in mind ?
i want a venue in the moderate price range and in the north of town .
what kind of food would you like ?
i need a indian venue .
the nirala is a nice place , it serves indian food , it is in the moderate price range and it is in the north part of town .
what is the phone number of the restaurant ?
the nirala is a nice place their phone number is 0 1223 360966 .
thanks for your help , goodbye .
thank you , goodbye .
Reward: 0.9771884679794312

hello , welcome to the restaurant finding system . how may i help you ?
i need another restaurant .
what part of town do you have in mind ?
i want a venue in the moderate price range and in the centre of town .
what kind of food would you like ?
i need a indian venue .
i am sorry but there is no place , in the area of centre , in the moderate price range and serving indian food .
thanks for your help , goodbye .
thank you , goodbye .
Reward: 0.9769415259361267

hello , welcome to the restaurant finding system . how may i help you ?
hi , i want to book a table
what part of town do you have in mind ?
i ' ll fly up with a restaurant in the expensive price range and in the north of town .
what kind of food would you like ?
i want a venue in the south of town .
what kind of food would you like ?
i need a indian venue .
taj tandoori is a nice place , it serves indian food , it is in the expensive price range and it is in the south part of town .
what is the phone number of shiraz restaurant ?
shiraz restaurant is a nice place their phone number is 0 1223 307581 .
thanks for your help , goodbye .
thank you , goodbye .
Reward: 0.9656135439872742

hello , welcome to the restaurant finding system . how may i help you ?
hi , i want to book a table
what part of town do you have in mind ?
i prefer a venue in north .
what kind of food would you like ?
i need a indian venue .
would you like something in the cheap , moderate , or expensive price range ?
i want a venue in the expensive price range .
tandoori palace is a nice place , it is in the north part of town , it is in the expensive price range and it serves indian food .
what is the address ?
tandoori palace is a nice place their address is 68 histon road chesterton .
thanks for your help , goodbye .
thank you , goodbye .
Reward: 0.9688605666160583

hello , welcome to the restaurant finding system . how may i help you ?
i need another restaurant .
what part of town do you have in mind ?
it doesn ' t matter .
what part of town do you have in mind ?
i want a venue in the moderate price range and in the north of town .
what kind of food would you like ?
i need a indian venue .
the nirala is a nice place , it is in the north part of town , it serves indian food and it is in the moderate price range .
what is the address ?
the nirala is a nice place their address is 7 milton road chesterton .
thanks for your help , goodbye .
thank you , goodbye .
Reward: 0.9670141339302063

hello , welcome to the restaurant finding system . how may i help you ?
hi , i want to book a table
what part of town do you have in mind ?
i prefer a venue in centre .
what kind of food would you like ?
i want a restaurant in the moderate price range serving chinese food .
shanghai family restaurant is a nice place , it is in the centre of town , it serves chinese food and it is in the moderate price range .
thanks for your help , goodbye .
thank you , goodbye .
Reward: 0.9770073294639587

hello , welcome to the restaurant finding system . how may i help you ?
i need another restaurant .
what part of town do you have in mind ?
i prefer a venue in north .
what kind of food would you like ?
i need a chinese venue .
would you like something in the cheap , moderate , or expensive price range ?
i want a venue in the expensive price range .
hakka is a nice place , it is in the expensive price range , it serves chinese food and it is in the north part of town .
what is the phone number of the restaurant ?
hakka is a nice place their phone number is 0 1223 568988 .
what is the address ?
hakka is a nice place , it is in the north part of town , it is in the expensive price range and it serves chinese food .
Reward: 0.9679539799690247

hello , welcome to the restaurant finding system . how may i help you ?
i need a restaurant in centre .
what kind of food would you like ?
i need a british venue .
would you like something in the cheap , moderate , or expensive price range ?
i want a venue in the expensive price range .
midsummer house restaurant is a nice place , it is in the centre of town , it is in the expensive price range and it serves british food .
thanks for your help , goodbye .
thank you , goodbye .
Reward: 0.899052083492279

hello , welcome to the restaurant finding system . how may i help you ?
i need another restaurant .
what part of town do you have in mind ?
i prefer a venue in north .
what kind of food would you like ?
i need a indian venue .
would you like something in the cheap , moderate , or expensive price range ?
i want a venue in the expensive price range .
tandoori palace is a nice place , it serves indian food , it is in the north part of town and it is in the expensive price range .
what is the phone number of the restaurant ?
tandoori palace is a nice place their phone number is 0 1223 506055 .
thanks for your help , goodbye .
thank you , goodbye .
Reward: 0.967241644859314

hello , welcome to the restaurant finding system . how may i help you ?
hi , i want to book a table
what part of town do you have in mind ?
i want a venue in the cheap price range and in any part of town .
what kind of food would you like ?
i need a chinese venue .
golden house is a nice place , it is in the cheap price range , it serves chinese food and it is in the centre of town .
what is the phone number of the restaurant ?
golden house is a nice place their phone number is 0 1842 753771 .
thanks for your help , goodbye .
thank you , goodbye .
Reward: 0.9772327542304993

hello , welcome to the restaurant finding system . how may i help you ?
i want a restaurant in any price range and in any part of town .
what kind of food would you like ?
i want a venue in any part of town .
what kind of food would you like ?
i need a chinese venue .
hakka is a nice place , it serves chinese food , it is in the north part of town and it is in the expensive price range .
no , i am not looking for this . only an expensive price range .
hakka is a nice place , it is in the north part of town , it serves chinese food and it is in the expensive price range .
no , i am not looking for this . no , i am for in the expensive price range .
hakka is a nice place , it is in the north part of town , it serves chinese food and it is in the expensive price range .
thanks for your help , goodbye .
thank you , goodbye .
Reward: 0.8825441598892212

hello , welcome to the restaurant finding system . how may i help you ?
i need another restaurant .
what part of town do you have in mind ?
i am ok with everything . i want a venue serving mediterranean food .
what part of town do you have in mind ?
i want a venue in the expensive price range and in the centre of town .
la mimosa is a nice place , it is in the expensive price range , it serves mediterranean food and it is in the centre of town .
what is the phone number of my restaurant ?
la mimosa is a nice place their phone number is 0 1223 362525 .
thanks for your help , goodbye .
thank you , goodbye .
Reward: 0.9751465916633606

hello , welcome to the restaurant finding system . how may i help you ?
i need another restaurant .
what part of town do you have in mind ?
i prefer newly miles of the expensive price range and in the north of town .
what kind of food would you like ?
i need a indian venue .
tandoori palace is a nice place , it serves indian food , it is in the north part of town and it is in the expensive price range .
awesome , i am not looking for this . thanks for your help .
thank you , goodbye .
Reward: 0.9136900901794434

hello , welcome to the restaurant finding system . how may i help you ?
i need another restaurant .
what part of town do you have in mind ?
i prefer a venue in north .
what kind of food would you like ?
i need a chinese venue .
would you like something in the cheap , moderate , or expensive price range ?
i want a venue in the expensive price range .
hakka is a nice place , it is in the north part of town , it is in the expensive price range and it serves chinese food .
what is the phone number of the restaurant ?
hakka is a nice place their phone number is 0 1223 568988 .
thanks for your help , goodbye .
thank you , goodbye .
Reward: 0.9671428203582764

hello , welcome to the restaurant finding system . how may i help you ?
i need another restaurant .
what part of town do you have in mind ?
i prefer a venue in north .
what kind of food would you like ?
i want a venue in the moderate price range serving chinese food .
golden wok is a nice place , it is in the north part of town , it is in the moderate price range and it serves chinese food .
thanks for your help , goodbye .
thank you , goodbye .
Reward: 0.9769784212112427

hello , welcome to the restaurant finding system . how may i help you ?
i need another restaurant .
what part of town do you have in mind ?
i prefer a venue in north .
what kind of food would you like ?
i need something else .
the nirala is a nice place it is in the north part of town .
what is the address ?
the nirala is a nice place their address is 7 milton road chesterton .
thanks for your help , goodbye .
thank you , goodbye .
Reward: 0.9111210107803345

hello , welcome to the restaurant finding system . how may i help you ?
i need another restaurant .
what part of town do you have in mind ?
i want a venue serving spanish food and any price range is no .
la tasca is a nice place , it serves spanish food and it is in the moderate price range .
is it in the cheap price range ?
la raza is a nice place , it serves spanish food and it is in the cheap price range .
can i need another show ?
la raza is a nice place , it is in the cheap price range and it serves spanish food .
thanks for your help , goodbye .
thank you , goodbye .
Reward: 0.9041935205459595

hello , welcome to the restaurant finding system . how may i help you ?
i need another restaurant .
what part of town do you have in mind ?
i prefer a venue in north .
what kind of food would you like ?
i need a indian venue .
would you like something in the cheap , moderate , or expensive price range ?
i want a venue in the expensive price range .
tandoori palace is a nice place , it is in the expensive price range , it is in the north part of town and it serves indian food .
it doesn ' t matter .
tandoori palace is a nice place , it is in the expensive price range , it serves indian food and it is in the north part of town .
thanks for your help , goodbye .
thank you , goodbye .
Reward: 0.9672127366065979

hello , welcome to the restaurant finding system . how may i help you ?
hi , i want to book a table
what part of town do you have in mind ?
i want a venue in the moderate price range and in the north of town .
what kind of food would you like ?
i need a indian venue .
the nirala is a nice place , it is in the moderate price range , it serves indian food and it is in the north part of town .
does it serve spanish ?
i am sorry but there is no place , in the area of north , in the moderate price range and serving spanish food .
i want a venue in the moderate price range and in the north .
i am sorry but there is no place , serving spanish food , in the moderate price range and in the area of north .
what is the address ?
i am sorry but there is no place , serving spanish food , in the moderate price range and in the area of north .
Reward: 0.9417707920074463

hello , welcome to the restaurant finding system . how may i help you ?
i need another restaurant .
what part of town do you have in mind ?
i prefer a venue in north .
what kind of food would you like ?
i want a venue in the moderate price range serving british food .
i am sorry but there is no place , in the area of north , serving british food and in the moderate price range .
thanks for your help , goodbye .
thank you , goodbye .
Reward: 0.9710627198219299

hello , welcome to the restaurant finding system . how may i help you ?
hi , i want to book a table
what part of town do you have in mind ?
i want a venue in the expensive price range and in the centre of town .
what kind of food would you like ?
i need a indian venue .
curry garden is a nice place , it is in the centre of town , it serves indian food and it is in the expensive price range .
thanks for your help , goodbye .
thank you , goodbye .
Reward: 0.9769963026046753

hello , welcome to the restaurant finding system . how may i help you ?
hi , i want to book a table
what part of town do you have in mind ?
i prefer a venue in centre .
what kind of food would you like ?
i need a british venue .
would you like something in the cheap , moderate , or expensive price range ?
i want a venue in the north of town . i want to book very : .
city stop restaurant is a nice place , it serves british food and it is in the north part of town .
wait , i want something else . please tell me another price range .
i am sorry but there is no place other than city stop restaurant serving british food and in the area of north .
what is the address ?
city stop restaurant is a nice place , it is in the north part of town and it serves british food .
Reward: 0.9776739478111267

hello , welcome to the restaurant finding system . how may i help you ?
hi , i want to book a table
what part of town do you have in mind ?
i prefer a venue in south .
what kind of food would you like ?
i want a venue in the moderate price range serving indian food .
i am sorry but there is no place , in the moderate price range , serving indian food and in the area of south .
thanks for your help , goodbye .
thank you , goodbye .
Reward: 0.9769814014434814

hello , welcome to the restaurant finding system . how may i help you ?
i need another restaurant .
what part of town do you have in mind ?
i prefer a venue in north .
what kind of food would you like ?
i need a indian venue .
would you like something in the cheap , moderate , or expensive price range ?
i want a venue in the expensive price range .
tandoori palace is a nice place , it is in the expensive price range , it is in the north part of town and it serves indian food .
no , i am not looking for this . please show me another one .
i am sorry but there is no place other than tandoori palace in the expensive price range , serving indian food and in the area of north .
what is the address ?
tandoori palace is a nice place , it serves indian food , it is in the north part of town and it is in the expensive price range .
Reward: 0.974901556968689

hello , welcome to the restaurant finding system . how may i help you ?
i need another restaurant .
what part of town do you have in mind ?
i want a venue in the moderate price range and in the north of town .
what kind of food would you like ?
i want a venue in the south of town .
what kind of food would you like ?
i need a chinese venue .
i am sorry but there is no place , in the area of south , in the moderate price range and serving chinese food .
i want a restaurant in the cheap price range and if i can stand up serving spanish food .
i am sorry but there is no place , in the cheap price range , in the area of south and serving spanish food .
i prefer a mediterranean restaurant .
i am sorry but there is no place , serving mediterranean food , in the cheap price range and in the area of south .
Reward: 0.9657447338104248

hello , welcome to the restaurant finding system . how may i help you ?
hi , i want to book a table
what part of town do you have in mind ?
i am ok with everything . i want a venue in the expensive price range serving thai food .
what part of town do you have in mind ?
i prefer a canoe ?
what part of town do you have in mind ?
everything is fine . i want something else . i want a venue in the expensive price range .
bangkok city is a nice place , it is in the expensive price range and it serves thai food .
thanks for your valuable help , goodbye .
thank you , goodbye .
Reward: 0.9091108441352844

hello , welcome to the restaurant finding system . how may i help you ?
i want a restaurant in the cheap price range and in the centre of town .
what kind of food would you like ?
i need a indian venue .
the gandhi is a nice place , it serves indian food , it is in the centre of town and it is in the cheap price range .
thanks for your help , goodbye .
thank you , goodbye .
Reward: 0.7443161606788635

hello , welcome to the restaurant finding system . how may i help you ?
hi , i want to book a table
what part of town do you have in mind ?
i want a venue in the expensive price range and in the north of town .
what kind of food would you like ?
i want a venue in the south of town .
what kind of food would you like ?
i want a venue in the west of town . it doesn ' t matter .
what kind of food would you like ?
i need a chinese venue .
i am sorry but there is no place , serving chinese food , in the expensive price range and in the area of west .
what is the expensive price range ?
i am sorry but there is no place , in the expensive price range , serving chinese food and in the area of west .
Reward: 0.9629244208335876

hello , welcome to the restaurant finding system . how may i help you ?
hi , i want to book a table
what part of town do you have in mind ?
i prefer a venue in centre .
what kind of food would you like ?
i need a chinese venue .
would you like something in the cheap , moderate , or expensive price range ?
i want a venue in the expensive price range .
hk fusion is a nice place , it is in the centre of town , it is in the expensive price range and it serves chinese food .
can you check if to make a reservation and i need to show a chinese restaurant .
hk fusion is a nice place , it is in the centre of town , it serves chinese food and it is in the expensive price range .
thanks for your help , goodbye .
thank you , goodbye .
Reward: 0.9673229455947876

hello , welcome to the restaurant finding system . how may i help you ?
hi , i want to book a table
what part of town do you have in mind ?
i need a restaurant in centre .
what kind of food would you like ?
i need a chinese venue .
would you like something in the cheap , moderate , or expensive price range ?
i want a venue in the expensive price range .
hk fusion is a nice place , it is in the centre of town , it serves chinese food and it is in the expensive price range .
thanks for your help , goodbye .
thank you , goodbye .
Reward: 0.9766982197761536

hello , welcome to the restaurant finding system . how may i help you ?
hi , i want to book a table
what part of town do you have in mind ?
i prefer a venue in centre .
what kind of food would you like ?
i want a restaurant in the expensive price range serving portuguese food .
i am sorry but there is no place , in the expensive price range , in the area of centre and serving portuguese food .
i need another one .
i am sorry but there is no place , in the area of centre , serving portuguese food and in the expensive price range .
wait , i want something else . i want a venue in the venue of town .
i am sorry but there is no place , in the expensive price range , in the area of centre and serving portuguese food .
what is the address ?
i am sorry but there is no place , in the area of centre , in the expensive price range and serving portuguese food .
Reward: 0.8628462553024292

hello , welcome to the restaurant finding system . how may i help you ?
hi , i want to book a table
what part of town do you have in mind ?
i prefer a venue in centre .
what kind of food would you like ?
i need a turkish venue .
would you like something in the cheap , moderate , or expensive price range ?
i need a indian venue .
would you like something in the cheap , moderate , or expensive price range ?
i want a venue in the expensive price range .
curry garden is a nice place , it is in the expensive price range , it serves indian food and it is in the centre of town .
thanks for your help , goodbye .
thank you , goodbye .
Reward: 0.9657235741615295

hello , welcome to the restaurant finding system . how may i help you ?
hi , i want to book a table
what part of town do you have in mind ?
i prefer a venue in south .
what kind of food would you like ?
i want a venue in the expensive price range serving chinese food .
the good luck chinese food takeaway is a nice place , it is in the expensive price range , it is in the south part of town and it serves chinese food .
what is the expensive price range ?
the good luck chinese food takeaway is a nice place , it serves chinese food , it is in the south part of town and it is in the expensive price range .
thanks for your help , goodbye .
thank you , goodbye .
Reward: 0.9773157238960266

hello , welcome to the restaurant finding system . how may i help you ?
i need another restaurant .
what part of town do you have in mind ?
i want a venue in the moderate price range and in the north of town .
what kind of food would you like ?
i want a venue in the moderate price range and in the north of town .
what kind of food would you like ?
i want a venue in the south of town .
what kind of food would you like ?
i want a venue in the south of town . i want to fly .
what kind of food would you like ?
i want a venue in the expensive price range serving british food .
i am sorry but there is no place , in the expensive price range , serving british food and in the area of south .
Reward: 0.9614716172218323

hello , welcome to the restaurant finding system . how may i help you ?
hi , i want to book a table
what part of town do you have in mind ?
i need a restaurant in centre .
what kind of food would you like ?
i want a restaurant in the expensive price range and in the centre of town .
what kind of food would you like ?
i need a indian venue .
curry garden is a nice place , it is in the expensive price range , it is in the centre of town and it serves indian food .
thanks for your help , goodbye .
thank you , goodbye .
Reward: 0.9745258688926697

hello , welcome to the restaurant finding system . how may i help you ?
i need another restaurant .
what part of town do you have in mind ?
i prefer a venue in north .
what kind of food would you like ?
i want a venue in the moderate price range serving chinese food .
golden wok is a nice place , it serves chinese food , it is in the north part of town and it is in the moderate price range .
thanks for your help , goodbye .
thank you , goodbye .
Reward: 0.9769821166992188

hello , welcome to the restaurant finding system . how may i help you ?
i need a restaurant in centre .
what kind of food would you like ?
i need a international venue .
bloomsbury restaurant is a nice place , it is in the centre of town and it serves international food .
i want a restaurant in the moderate price range serving chinese food .
shanghai family restaurant is a nice place , it is in the centre of town , it is in the moderate price range and it serves chinese food .
okay . thanks for your help , goodbye .
thank you , goodbye .
Reward: 0.8991906642913818

hello , welcome to the restaurant finding system . how may i help you ?
hi , i want to book a table
what part of town do you have in mind ?
i prefer a venue in centre .
what kind of food would you like ?
i want a restaurant in the expensive price range serving indian food .
curry garden is a nice place , it is in the expensive price range , it serves indian food and it is in the centre of town .
u2 . i need something else .
the golden curry is a nice place , it is in the centre of town , it is in the expensive price range and it serves indian food .
thanks for your help , goodbye .
thank you , goodbye .
Reward: 0.9772534370422363

hello , welcome to the restaurant finding system . how may i help you ?
i need another restaurant .
what part of town do you have in mind ?
i prefer a venue in north .
what kind of food would you like ?
i need a indian venue .
would you like something in the cheap , moderate , or expensive price range ?
i want a venue in the expensive price range .
tandoori palace is a nice place , it is in the expensive price range , it is in the north part of town and it serves indian food .
wait , what is the phone number of the restaurant ?
tandoori palace is a nice place their phone number is 0 1223 506055 .
thanks for your help , goodbye .
thank you , goodbye .
Reward: 0.9687367081642151

hello , welcome to the restaurant finding system . how may i help you ?
i need another restaurant .
what part of town do you have in mind ?
everything is fine . i need a european venue .
what part of town do you have in mind ?
i prefer a venue in south .
i am sorry but there is no place , in the area of south and serving european food .
thanks for your help , goodbye .
thank you , goodbye .
Reward: 0.9400824904441833

hello , welcome to the restaurant finding system . how may i help you ?
hi , i want to book a table
what part of town do you have in mind ?
i prefer a venue in centre .
what kind of food would you like ?
i want a restaurant in the moderate price range serving chinese food .
shanghai family restaurant is a nice place , it is in the centre of town , it serves chinese food and it is in the moderate price range .
thanks for your help , goodbye .
thank you , goodbye .
Reward: 0.9770073294639587

hello , welcome to the restaurant finding system . how may i help you ?
i need a mediterranean restaurant .
what part of town do you have in mind ?
i prefer a venue in east .
i am sorry but there is no place , serving mediterranean food and in the area of east .
what is the address ?
i am sorry but there is no place , serving mediterranean food and in the area of east .
thanks for your help , goodbye .
thank you , goodbye .
Reward: 0.9514287710189819

hello , welcome to the restaurant finding system . how may i help you ?
i need another restaurant .
what part of town do you have in mind ?
what is the restaurant
what part of town do you have in mind ?
i prefer a venue in north .
what kind of food would you like ?
i want a venue in any part of town . i want a venue in the expensive price range .
what kind of food would you like ?
i need a chinese venue .
hakka is a nice place , it serves chinese food , it is in the expensive price range and it is in the north part of town .
no , i am not looking for this . please show me another one .
yu garden is a nice place , it serves chinese food , it is in the east part of town and it is in the expensive price range .
Reward: 0.7186218500137329

hello , welcome to the restaurant finding system . how may i help you ?
i need another restaurant .
what part of town do you have in mind ?
i prefer a venue in north .
what kind of food would you like ?
i prefer a venue in south .
what kind of food would you like ?
i need a indian venue .
taj tandoori is a nice place , it is in the south part of town and it serves indian food .
what is the phone number of the restaurant ?
taj tandoori is a nice place their phone number is 0 1223 412299 .
what is the address ?
taj tandoori is a nice place , it serves indian food and it is in the south part of town .
Reward: 0.9662986397743225

hello , welcome to the restaurant finding system . how may i help you ?
hi , i want to book a table
what part of town do you have in mind ?
i prefer a venue in centre .
what kind of food would you like ?
i need a chinese venue .
would you like something in the cheap , moderate , or expensive price range ?
i want a venue in the expensive price range .
hk fusion is a nice place , it is in the expensive price range , it is in the centre of town and it serves chinese food .
what is the address ?
hk fusion is a nice place their address is 21 burleigh street city centre .
thanks for your help , goodbye .
thank you , goodbye .
Reward: 0.9672982096672058

hello , welcome to the restaurant finding system . how may i help you ?
hi , i want to book a table
what part of town do you have in mind ?
i want a venue in the expensive price range and in the north of town .
what kind of food would you like ?
i want a venue in the south of town .
what kind of food would you like ?
i am thinking indian restaurant . i want a venue in the north of town .
tandoori palace is a nice place , it is in the expensive price range , it serves indian food and it is in the north part of town .
what is the phone number of the restaurant ?
tandoori palace is a nice place their phone number is 0 1223 506055 .
thanks for your help , goodbye .
thank you , goodbye .
Reward: 0.9656345844268799

hello , welcome to the restaurant finding system . how may i help you ?
hi , i want to book a table
what part of town do you have in mind ?
i want a venue in the expensive price range and in the north of town .
what kind of food would you like ?
i want a venue in the south of town .
what kind of food would you like ?
i need a indian venue .
taj tandoori is a nice place , it is in the expensive price range , it is in the south part of town and it serves indian food .
what is the phone number of the restaurant ?
taj tandoori is a nice place their phone number is 0 1223 412299 .
what is the address ?
taj tandoori is a nice place , it is in the south part of town , it serves indian food and it is in the expensive price range .
Reward: 0.9723891615867615

hello , welcome to the restaurant finding system . how may i help you ?
i need another restaurant .
what part of town do you have in mind ?
i prefer a venue in north .
what kind of food would you like ?
i need a indian venue .
would you like something in the cheap , moderate , or expensive price range ?
we want a venue in the moderate price range .
the nirala is a nice place , it is in the moderate price range , it is in the north part of town and it serves indian food .
why is the address ?
the nirala is a nice place their address is 7 milton road chesterton .
thanks for your help , goodbye .
thank you , goodbye .
Reward: 0.9692635536193848

hello , welcome to the restaurant finding system . how may i help you ?
hi , i want to book a table
what part of town do you have in mind ?
i want a venue in any part of town .
what kind of food would you like ?
i need a chinese venue .
would you like something in the cheap , moderate , or expensive price range ?
it doesn ' t matter .
would you like something in the cheap , moderate , or expensive price range ?
i want a venue in the expensive price range .
hakka is a nice place , it serves chinese food , it is in the north part of town and it is in the expensive price range .
no , i am not looking for this . please show me another one .
yu garden is a nice place , it is in the expensive price range , it is in the east part of town and it serves chinese food .
Reward: 0.9725289940834045

hello , welcome to the restaurant finding system . how may i help you ?
i need another restaurant .
what part of town do you have in mind ?
i want a venue in the expensive price range .
what part of town do you have in mind ?
i prefer a venue in south .
what kind of food would you like ?
i want a venue in the expensive price range and in the north of town .
what kind of food would you like ?
i want a venue in the south of town . i want a venue in the north of town .
what kind of food would you like ?
i want a venue in the north of town . i want a venue in the south of town . i need to find a
what kind of food would you like ?
Reward: 0.9594486951828003

hello , welcome to the restaurant finding system . how may i help you ?
hi , i want to book a table
what part of town do you have in mind ?
i prefer a venue in west .
what kind of food would you like ?
it doesn ' t matter .
what kind of food would you like ?
i want a venue in the expensive price range serving chinese food .
i am sorry but there is no place , in the area of west , in the expensive price range and serving chinese food .
what is the expensive price range ?
i am sorry but there is no place , serving chinese food , in the expensive price range and in the area of west .
what is the expensive price range serving chinese food ?
i am sorry but there is no place , serving chinese food , in the expensive price range and in the area of west .
Reward: 0.959749698638916

hello , welcome to the restaurant finding system . how may i help you ?
i need another restaurant .
what part of town do you have in mind ?
i prefer a venue in north .
what kind of food would you like ?
i need a chinese venue .
would you like something in the cheap , moderate , or expensive price range ?
i want a venue of the expensive price range .
hakka is a nice place , it serves chinese food , it is in the expensive price range and it is in the north part of town .
what is the phone number of the restaurant ?
hakka is a nice place their phone number is 0 1223 568988 .
thanks for your help , goodbye .
thank you , goodbye .
Reward: 0.9671985507011414

hello , welcome to the restaurant finding system . how may i help you ?
hi , i want to book a table
what part of town do you have in mind ?
i prefer a venue in centre .
what kind of food would you like ?
i need a chinese venue .
would you like something in the cheap , moderate , or expensive price range ?
i want a venue in the expensive price range .
hk fusion is a nice place , it serves chinese food , it is in the centre of town and it is in the expensive price range .
thanks for your help , goodbye .
thank you , goodbye .
Reward: 0.9771687388420105

hello , welcome to the restaurant finding system . how may i help you ?
hi , i want to book a table
what part of town do you have in mind ?
i want a venue in the moderate price range and in the north of town .
what kind of food would you like ?
i need a chinese venue .
golden wok is a nice place , it serves chinese food , it is in the north part of town and it is in the moderate price range .
thanks for your help , goodbye .
thank you , goodbye .
Reward: 0.9769962430000305

hello , welcome to the restaurant finding system . how may i help you ?
i need another restaurant .
what part of town do you have in mind ?
i prefer a venue in north .
what kind of food would you like ?
i need a indian venue .
would you like something in the cheap , moderate , or expensive price range ?
i want a venue in the expensive price range .
tandoori palace is a nice place , it is in the expensive price range , it serves indian food and it is in the north part of town .
what is the phone number of the restaurant ?
tandoori palace is a nice place their phone number is 0 1223 506055 .
thanks for your help , goodbye .
thank you , goodbye .
Reward: 0.9672395586967468

hello , welcome to the restaurant finding system . how may i help you ?
hi , i want to book a table
what part of town do you have in mind ?
i prefer a venue in south .
what kind of food would you like ?
i want a venue in the moderate price range and in the north of town .
what kind of food would you like ?
i need a chinese venue . i want a venue in the south of town .
i am sorry but there is no place , serving chinese food , in the area of south and in the moderate price range .
thanks for your help , goodbye .
thank you , goodbye .
Reward: 0.9749736785888672

hello , welcome to the restaurant finding system . how may i help you ?
hi , i want to book a table
what part of town do you have in mind ?
i prefer a venue in north .
what kind of food would you like ?
i want a venue in the moderate price range and in the centre of town .
what kind of food would you like ?
i need something else . any price range is in
pizza express fen ditton is a nice place , it is in the moderate price range and it is in the centre of town .
thanks for your help , goodbye .
thank you , goodbye .
Reward: 0.9727842211723328

hello , welcome to the restaurant finding system . how may i help you ?
hi , i want to book a table
what part of town do you have in mind ?
i prefer a venue in centre .
what kind of food would you like ?
i need another restaurant .
what kind of food would you like ?
i want a venue in the expensive price range and in the north of town . i want a venue in the cheap price range
what kind of food would you like ?
i want a venue in the expensive price range serving chinese food .
hakka is a nice place , it serves chinese food , it is in the expensive price range and it is in the north part of town .
what is the address ?
hakka is a nice place their address is milton road chesterton .
Reward: 0.8986185193061829

hello , welcome to the restaurant finding system . how may i help you ?
hi , i want to book a table
what part of town do you have in mind ?
i prefer a venue in centre .
what kind of food would you like ?
i need a indian venue .
would you like something in the cheap , moderate , or expensive price range ?
i want a venue in the moderate price range .
i am sorry but there is no place , in the area of centre , in the moderate price range and serving indian food .
thanks for your help , goodbye .
thank you , goodbye .
Reward: 0.9770752191543579

hello , welcome to the restaurant finding system . how may i help you ?
i need another restaurant .
what part of town do you have in mind ?
i want a venue in the moderate price range and in the north of town .
what kind of food would you like ?
i need a british venue .
i am sorry but there is no place , in the area of north , in the moderate price range and serving british food .
what is the address ?
i am sorry but there is no place , in the area of north , in the moderate price range and serving british food .
thanks for your help , goodbye .
thank you , goodbye .
Reward: 0.8936355710029602

hello , welcome to the restaurant finding system . how may i help you ?
i want a restaurant in any price range and in the centre of town .
what kind of food would you like ?
i need a indian venue .
the gandhi is a nice place , it is in the centre of town , it is in the cheap price range and it serves indian food .
thanks for your help , goodbye .
thank you , goodbye .
Reward: 0.7421332597732544

hello , welcome to the restaurant finding system . how may i help you ?
i need another restaurant .
what part of town do you have in mind ?
i want a venue in the cheap price range and in the north of town .
what kind of food would you like ?
i want a venue in the south of town .
what kind of food would you like ?
i want a venue in the north of town . i want to follow . please show me another restaurant .
what kind of food would you like ?
i want a restaurant in the cheap price range and in the moderate price range .
what kind of food would you like ?
i want a venue in the moderate price range serving modern venue .
what kind of food would you like ?
Reward: 0.95957350730896

hello , welcome to the restaurant finding system . how may i help you ?
i need another restaurant .
what part of town do you have in mind ?
i want a venue in any part of town .
what kind of food would you like ?
i want a venue in the expensive price range serving turkish food .
meze bar restaurant is a nice place , it serves turkish food , it is in the expensive price range and it is in the centre of town .
thanks for your help , goodbye .
thank you , goodbye .
Reward: 0.9769808650016785

hello , welcome to the restaurant finding system . how may i help you ?
hi , i want to book a table
what part of town do you have in mind ?
i prefer a venue in south .
what kind of food would you like ?
i need a international venue .
i am sorry but there is no place , in the area of south and serving international food .
i want a venue in any part of town . it doesn ' t matter .
would you like something in the cheap , moderate , or expensive price range ?
it doesn ' t matter .
would you like something in the cheap , moderate , or expensive price range ?
i prefer a venue in west .
i am sorry but there is no place , serving international food and in the area of west .
Reward: 0.9638780951499939

hello , welcome to the restaurant finding system . how may i help you ?
hi , i want to book a table
what part of town do you have in mind ?
i prefer a venue in centre .
what kind of food would you like ?
i need a italian venue .
would you like something in the cheap , moderate , or expensive price range ?
i want a restaurant in the expensive price range .
clowns cafe is a nice place , it is in the expensive price range , it is in the centre of town and it serves italian food .
no , i am not looking for this . please show me another one .
stazione restaurant and coffee bar is a nice place , it serves italian food , it is in the centre of town and it is in the expensive price range .
thanks for your help , goodbye .
thank you , goodbye .
Reward: 0.967381477355957

hello , welcome to the restaurant finding system . how may i help you ?
hi , i want to book a table
what part of town do you have in mind ?
i prefer a venue in centre .
what kind of food would you like ?
i need a indian venue .
would you like something in the cheap , moderate , or expensive price range ?
i want a venue in the moderate price range .
i am sorry but there is no place , in the area of centre , in the moderate price range and serving indian food .
thanks for your help , goodbye .
thank you , goodbye .
Reward: 0.9770752191543579

hello , welcome to the restaurant finding system . how may i help you ?
hi , i want to book a table
what part of town do you have in mind ?
i need a restaurant in centre .
what kind of food would you like ?
i need a european venue .
would you like something in the cheap , moderate , or expensive price range ?
i want a venue in the expensive price range .
michaelhouse cafe is a nice place , it is in the expensive price range , it serves european food and it is in the centre of town .
where is the expensive price range ?
michaelhouse cafe is a nice place , it is in the centre of town , it is in the expensive price range and it serves european food .
what is the phone number of the restaurant ?
michaelhouse cafe is a nice place their phone number is 0 1223 309147 .
Reward: 0.9734728932380676

