hello , welcome to the restaurant finding system . how may i help you ?
hi , i want to book a table
what part of town do you have in mind ?
i prefer a venue in centre .
what kind of food would you like ?
i need a mediterranean venue .
would you like something in the cheap , moderate , or expensive price range ?
i want a restaurant in the moderate price range .
i am sorry but there is no place , in the moderate price range , serving mediterranean food and in the area of centre .
what is the expensive price range ?
la mimosa is a nice place , it is in the centre of town , it serves mediterranean food and it is in the expensive price range .
what is the phone number of shiraz restaurant ?
la mimosa is a nice place their phone number is 0 1223 362525 .
thanks for your help , goodbye .
thank you , goodbye .
Reward: 0.9718879461288452

hello , welcome to the restaurant finding system . how may i help you ?
hi , i want to book a table
what part of town do you have in mind ?
it doesn ' t matter .
what part of town do you have in mind ?
i want a venue in the moderate price range is in the centre of town .
what kind of food would you like ?
i need a indian venue .
i am sorry but there is no place , in the area of centre , in the moderate price range and serving indian food .
thanks for your help , goodbye .
thank you , goodbye .
Reward: 0.9749054312705994

hello , welcome to the restaurant finding system . how may i help you ?
hi , i want to book a table
what part of town do you have in mind ?
i prefer a venue in south .
what kind of food would you like ?
everything is fine . i want a venue in the expensive price range .
what kind of food would you like ?
i need a chinese venue .
the good luck chinese food takeaway is a nice place , it serves chinese food , it is in the expensive price range and it is in the south part of town .
thanks for your help . your a big .
thank you , goodbye .
Reward: 0.9746294617652893

hello , welcome to the restaurant finding system . how may i help you ?
i need another restaurant .
what part of town do you have in mind ?
i prefer a venue in north .
what kind of food would you like ?
i need a chinese venue .
would you like something in the cheap , moderate , or expensive price range ?
it doesn ' t matter .
would you like something in the cheap , moderate , or expensive price range ?
it doesn ' t matter .
would you like something in the cheap , moderate , or expensive price range ?
i want a venue in the expensive price range .
hakka is a nice place , it is in the north part of town , it is in the expensive price range and it serves chinese food .
what is the phone number of the restaurant ?
hakka is a nice place their phone number is 0 1223 568988 .
Reward: 0.9705088138580322

hello , welcome to the restaurant finding system . how may i help you ?
i need another restaurant .
what part of town do you have in mind ?
i prefer a venue in north .
what kind of food would you like ?
i need a indian venue .
would you like something in the cheap , moderate , or expensive price range ?
i want a venue in the expensive price range .
tandoori palace is a nice place , it is in the north part of town , it is in the expensive price range and it serves indian food .
what is the address ?
tandoori palace is a nice place their address is 68 histon road chesterton .
thanks for your help , goodbye .
thank you , goodbye .
Reward: 0.9687676429748535

hello , welcome to the restaurant finding system . how may i help you ?
i need another restaurant .
what part of town do you have in mind ?
i prefer a venue in north .
what kind of food would you like ?
i need a chinese venue .
would you like something in the cheap , moderate , or expensive price range ?
i want a venue in the expensive price range .
hakka is a nice place , it is in the north part of town , it is in the expensive price range and it serves chinese food .
what is the phone number of the restaurant ?
hakka is a nice place their phone number is 0 1223 568988 .
thanks for your help , goodbye .
thank you , goodbye .
Reward: 0.9671428203582764

hello , welcome to the restaurant finding system . how may i help you ?
hi , i want to book a table
what part of town do you have in mind ?
i want a venue in any part of town .
what kind of food would you like ?
i need a chinese venue .
would you like something in the cheap , moderate , or expensive price range ?
it doesn ' t matter .
would you like something in the cheap , moderate , or expensive price range ?
i want a venue in the expensive price range .
hakka is a nice place , it is in the expensive price range , it serves chinese food and it is in the north part of town .
what is the phone number of the restaurant ?
hakka is a nice place their phone number is 0 1223 568988 .
thanks for your help , goodbye .
thank you , goodbye .
Reward: 0.971246600151062

hello , welcome to the restaurant finding system . how may i help you ?
hi , i want to book a table
what part of town do you have in mind ?
everything is fine . i need a chinese venue .
what part of town do you have in mind ?
any part of town .
would you like something in the cheap , moderate , or expensive price range ?
i want a venue in the expensive price range .
hakka is a nice place , it is in the expensive price range , it serves chinese food and it is in the north part of town .
what is the phone number of the restaurant ?
hakka is a nice place their phone number is 0 1223 568988 .
thanks for your help , goodbye .
thank you , goodbye .
Reward: 0.9467460513114929

hello , welcome to the restaurant finding system . how may i help you ?
i need another restaurant .
what part of town do you have in mind ?
i prefer a venue in north .
what kind of food would you like ?
i need a indian venue .
would you like something in the cheap , moderate , or expensive price range ?
everything is any part of town .
would you like something in the cheap , moderate , or expensive price range ?
i want a venue in the expensive price range .
tandoori palace is a nice place , it serves indian food , it is in the north part of town and it is in the expensive price range .
what is the address ?
tandoori palace is a nice place their address is 68 histon road chesterton .
thanks for your help , goodbye .
thank you , goodbye .
Reward: 0.970709502696991

hello , welcome to the restaurant finding system . how may i help you ?
hi , i want to book a table
what part of town do you have in mind ?
i prefer a venue in centre .
what kind of food would you like ?
i need a chinese venue .
would you like something in the cheap , moderate , or expensive price range ?
i want a venue in the expensive price range .
hk fusion is a nice place , it serves chinese food , it is in the centre of town and it is in the expensive price range .
i want a venue in the phone number of town .
hk fusion is a nice place their phone number is 0 1223 355909 .
thanks for your help , goodbye .
thank you , goodbye .
Reward: 0.9673207402229309

hello , welcome to the restaurant finding system . how may i help you ?
hi , i want to book a table
what part of town do you have in mind ?
i prefer a venue in centre .
what kind of food would you like ?
i need a chinese venue .
would you like something in the cheap , moderate , or expensive price range ?
i want a venue in the expensive price range .
hk fusion is a nice place , it is in the expensive price range , it is in the centre of town and it serves chinese food .
what is the address ?
hk fusion is a nice place their address is 21 burleigh street city centre .
thanks for your help , goodbye .
thank you , goodbye .
Reward: 0.9672982096672058

hello , welcome to the restaurant finding system . how may i help you ?
hi , i want to book a table
what part of town do you have in mind ?
i prefer a venue in centre .
what kind of food would you like ?
i need a chinese venue .
would you like something in the cheap , moderate , or expensive price range ?
i want a venue in the expensive price range .
hk fusion is a nice place , it is in the centre of town , it is in the expensive price range and it serves chinese food .
what is the phone number of the restaurant ?
hk fusion is a nice place their phone number is 0 1223 355909 .
thanks very much .
thank you , goodbye .
Reward: 0.9610270857810974

hello , welcome to the restaurant finding system . how may i help you ?
i need another restaurant .
what part of town do you have in mind ?
i prefer a venue in north .
what kind of food would you like ?
i need a indian venue .
would you like something in the cheap , moderate , or expensive price range ?
i want a venue in the expensive price range .
tandoori palace is a nice place , it serves indian food , it is in the expensive price range and it is in the north part of town .
what is the address ?
tandoori palace is a nice place their address is 68 histon road chesterton .
thanks for your help , goodbye .
thank you , goodbye .
Reward: 0.9688156843185425

hello , welcome to the restaurant finding system . how may i help you ?
hi , i want to book a table
what part of town do you have in mind ?
i prefer a venue in centre .
what kind of food would you like ?
i want a restaurant in the moderate price range and in the north of town .
what kind of food would you like ?
i want a venue in the north of town . i want a venue in the north of town . it doesn ' t matter
what kind of food would you like ?
i want a venue in the north of town . i need a italian venue .
i am sorry but there is no place , in the area of north , in the moderate price range and serving italian food .
i need a mediterranean venue .
i am sorry but there is no place , serving mediterranean food , in the area of north and in the moderate price range .
no , i am not looking for this . please show me another one .
i am sorry but there is no place , serving mediterranean food , in the moderate price range and in the area of north .
Reward: 0.9762083888053894

hello , welcome to the restaurant finding system . how may i help you ?
hi , i want to book a table
what part of town do you have in mind ?
i prefer a venue in centre .
what kind of food would you like ?
i want a restaurant in the moderate price range serving chinese food .
shanghai family restaurant is a nice place , it is in the centre of town , it serves chinese food and it is in the moderate price range .
thanks for your help , goodbye .
thank you , goodbye .
Reward: 0.9770073294639587

hello , welcome to the restaurant finding system . how may i help you ?
hi , i want to book a table
what part of town do you have in mind ?
it doesn ' t matter .
what part of town do you have in mind ?
i prefer a venue in centre .
what kind of food would you like ?
i want a venue in any part of town . i want a venue in the expensive price range .
what kind of food would you like ?
i want a venue in the expensive price range and in the north of town . , i want a venue in the expensive price
what kind of food would you like ?
i need a chinese venue .
hakka is a nice place , it is in the north part of town , it serves chinese food and it is in the expensive price range .
what is the address ?
hakka is a nice place their address is milton road chesterton .
Reward: 0.9688016176223755

hello , welcome to the restaurant finding system . how may i help you ?
hi , i want to book a table
what part of town do you have in mind ?
i prefer a venue in south .
what kind of food would you like ?
i need a chinese venue .
would you like something in the cheap , moderate , or expensive price range ?
i want a venue in the expensive price range .
the good luck chinese food takeaway is a nice place , it is in the south part of town , it serves chinese food and it is in the expensive price range .
thanks for your help , goodbye .
thank you , goodbye .
Reward: 0.9771558046340942

hello , welcome to the restaurant finding system . how may i help you ?
hi , i want to book a table
what part of town do you have in mind ?
i need a restaurant in centre .
what kind of food would you like ?
i need a european venue .
would you like something in the cheap , moderate , or expensive price range ?
any price range is okay .
galleria is a nice place , it is in the centre of town , it serves european food and it is in the moderate price range .
need a phone number of the restaurant .
galleria is a nice place their phone number is 0 1223 362054 .
thanks for your help , goodbye .
thank you , goodbye .
Reward: 0.9666948914527893

hello , welcome to the restaurant finding system . how may i help you ?
hi , i want to book a table
what part of town do you have in mind ?
it doesn ' t matter .
what part of town do you have in mind ?
i prefer a venue in east .
what kind of food would you like ?
i want a venue in any part of town . i want a venue in the area price range and in the north of town
what kind of food would you like ?
i want a venue in the north of town . i want a venue in the south of town .
what kind of food would you like ?
what is the address ?
what kind of food would you like ?
i want a venue in the expensive price range serving chinese food .
hakka is a nice place , it is in the north part of town , it is in the expensive price range and it serves chinese food .
Reward: 0.9668415188789368

hello , welcome to the restaurant finding system . how may i help you ?
hi , i want to book a table
what part of town do you have in mind ?
i prefer a venue in centre .
what kind of food would you like ?
i need a chinese venue .
would you like something in the cheap , moderate , or expensive price range ?
i want a venue in the expensive price range .
hk fusion is a nice place , it is in the centre of town , it serves chinese food and it is in the expensive price range .
what is the phone number of thanh binh ?
hk fusion is a nice place their phone number is 0 1223 355909 .
thanks for your help , goodbye .
thank you , goodbye .
Reward: 0.9673385620117188

hello , welcome to the restaurant finding system . how may i help you ?
i prefer a restaurant in centre .
what kind of food would you like ?
i need a chinese venue .
would you like something in the cheap , moderate , or expensive price range ?
i want a venue in the moderate price range .
shanghai family restaurant is a nice place , it is in the centre of town , it is in the moderate price range and it serves chinese food .
thanks for your help , goodbye .
thank you , goodbye .
Reward: 0.8990846872329712

hello , welcome to the restaurant finding system . how may i help you ?
hi , i want to book a table
what part of town do you have in mind ?
i prefer a venue in centre .
what kind of food would you like ?
i want a venue in the moderate price range serving chinese food .
shanghai family restaurant is a nice place , it is in the moderate price range , it is in the centre of town and it serves chinese food .
thanks for your help , goodbye .
thank you , goodbye .
Reward: 0.9770013689994812

hello , welcome to the restaurant finding system . how may i help you ?
hi , i want to book a table
what part of town do you have in mind ?
it doesn ' t matter .
what part of town do you have in mind ?
i am ok with everything . i want a venue in the expensive price range .
what part of town do you have in mind ?
i prefer a venue in centre .
what kind of food would you like ?
i need a indian venue .
curry garden is a nice place , it serves indian food , it is in the centre of town and it is in the expensive price range .
thanks for your help , goodbye .
thank you , goodbye .
Reward: 0.9636319279670715

hello , welcome to the restaurant finding system . how may i help you ?
i need another restaurant .
what part of town do you have in mind ?
i prefer a venue in north .
what kind of food would you like ?
i want a venue in the expensive price range pill .
what kind of food would you like ?
i need a chinese venue .
hakka is a nice place , it serves chinese food , it is in the north part of town and it is in the expensive price range .
what is the address ?
hakka is a nice place their address is milton road chesterton .
thanks for your help , goodbye .
thank you , goodbye .
Reward: 0.9671916961669922

hello , welcome to the restaurant finding system . how may i help you ?
i need another restaurant .
what part of town do you have in mind ?
i prefer a venue in centre .
what kind of food would you like ?
i need a chinese venue .
would you like something in the cheap , moderate , or expensive price range ?
i want a venue in the expensive price range .
hk fusion is a nice place , it serves chinese food , it is in the centre of town and it is in the expensive price range .
thanks for your help ,
thank you , goodbye .
Reward: 0.9782247543334961

hello , welcome to the restaurant finding system . how may i help you ?
i need another restaurant .
what part of town do you have in mind ?
i prefer a venue in north .
what kind of food would you like ?
everything will use . i want a venue in the cheap price range .
what kind of food would you like ?
i need a indian venue .
royal spice is a nice place , it serves indian food , it is in the north part of town and it is in the cheap price range .
is it in the expensive price range ?
tandoori palace is a nice place , it is in the north part of town , it serves indian food and it is in the expensive price range .
what is the address ?
tandoori palace is a nice place their address is 68 histon road chesterton .
thanks for your help , goodbye .
thank you , goodbye .
Reward: 0.968671977519989

hello , welcome to the restaurant finding system . how may i help you ?
i need another restaurant .
what part of town do you have in mind ?
i prefer a venue in north .
what kind of food would you like ?
i need a indian venue .
would you like something in the cheap , moderate , or expensive price range ?
a chinese venue .
would you like something in the cheap , moderate , or expensive price range ?
i want a venue in the expensive price range .
hakka is a nice place , it is in the expensive price range , it is in the north part of town and it serves chinese food .
, i want a venue in the expensive price range .
hakka is a nice place , it is in the expensive price range , it is in the north part of town and it serves chinese food .
what is the phone number of the restaurant ?
hakka is a nice place their phone number is 0 1223 568988 .
Reward: 0.9708065390586853

hello , welcome to the restaurant finding system . how may i help you ?
hi , i want to book a table
what part of town do you have in mind ?
i prefer a venue in centre .
what kind of food would you like ?
i need a chinese venue .
would you like something in the cheap , moderate , or expensive price range ?
i want a venue in the expensive price range .
hk fusion is a nice place , it is in the centre of town , it is in the expensive price range and it serves chinese food .
thanks for your help , goodbye .
thank you , goodbye .
Reward: 0.9771714806556702

hello , welcome to the restaurant finding system . how may i help you ?
hi , i want to book a table
what part of town do you have in mind ?
i prefer a venue in west .
what kind of food would you like ?
i want a venue in the moderate price range serving chinese food .
i am sorry but there is no place , in the moderate price range , in the area of west and serving chinese food .
thanks for your help , goodbye .
thank you , goodbye .
Reward: 0.9769874215126038

hello , welcome to the restaurant finding system . how may i help you ?
i need another restaurant .
what part of town do you have in mind ?
i prefer a venue in north .
what kind of food would you like ?
i need a chinese venue .
would you like something in the cheap , moderate , or expensive price range ?
i want a venue in the expensive price range .
hakka is a nice place , it is in the expensive price range , it is in the north part of town and it serves chinese food .
what is the phone number of the restaurant ?
hakka is a nice place their phone number is 0 1223 568988 .
thanks for your help , goodbye .
thank you , goodbye .
Reward: 0.9672004580497742

hello , welcome to the restaurant finding system . how may i help you ?
hi , i want to book a table
what part of town do you have in mind ?
i prefer a venue in centre .
what kind of food would you like ?
i need a turkish venue .
would you like something in the cheap , moderate , or expensive price range ?
i want a venue in the expensive price range .
meze bar restaurant is a nice place , it is in the expensive price range , it is in the centre of town and it serves turkish food .
i need another restaurant .
meze bar restaurant is a nice place , it is in the expensive price range , it serves turkish food and it is in the centre of town .
i need another restaurant .
meze bar restaurant is a nice place , it is in the centre of town , it is in the expensive price range and it serves turkish food .
thanks for your help , goodbye .
thank you , goodbye .
Reward: 0.9695916175842285

hello , welcome to the restaurant finding system . how may i help you ?
i need another restaurant .
what part of town do you have in mind ?
i want a venue in the moderate price range and in the north of town .
what kind of food would you like ?
i want a venue in the south of town .
what kind of food would you like ?
i want a venue in the north of town . i want a venue in the north of town . i want a venue in
what kind of food would you like ?
i want a venue in the south of town . i want a venue in the north of town .
what kind of food would you like ?
i want a venue in the address and the north of town . it doesn ' t matter .
what kind of food would you like ?
i want a venue in the north of town . i want a venue in the south of town . it doesn ' t matter
what kind of food would you like ?
Reward: 0.9659817814826965

hello , welcome to the restaurant finding system . how may i help you ?
hi , i want to book a table
what part of town do you have in mind ?
i want a venue in the moderate price range and in the north of town .
what kind of food would you like ?
i need a chinese venue .
golden wok is a nice place , it is in the north part of town , it serves chinese food and it is in the moderate price range .
thanks for your help , goodbye .
thank you , goodbye .
Reward: 0.9769933223724365

hello , welcome to the restaurant finding system . how may i help you ?
hi , i want to book a table
what part of town do you have in mind ?
i prefer a venue in centre .
what kind of food would you like ?
i want a venue in the expensive price range serving chinese food .
hk fusion is a nice place , it serves chinese food , it is in the expensive price range and it is in the centre of town .
thanks for helping me .
thank you , goodbye .
Reward: 0.9769878387451172

hello , welcome to the restaurant finding system . how may i help you ?
hi , i want to book a table
what part of town do you have in mind ?
i prefer a venue in east .
what kind of food would you like ?
i want a restaurant in any part of town .
what kind of food would you like ?
i need a chinese venue .
would you like something in the cheap , moderate , or expensive price range ?
i want a venue in the expensive price range .
hakka is a nice place , it is in the expensive price range , it is in the north part of town and it serves chinese food .
what is the phone number of the restaurant ?
hakka is a nice place their phone number is 0 1223 568988 .
thanks for your help , goodbye .
thank you , goodbye .
Reward: 0.9712384343147278

hello , welcome to the restaurant finding system . how may i help you ?
hi , i want to book a table
what part of town do you have in mind ?
i prefer a venue in east .
what kind of food would you like ?
i need a chinese venue .
yu garden is a nice place , it serves chinese food and it is in the east part of town .
what is the address ?
yu garden is a nice place their address is 529 newmarket road fen ditton .
thanks for your help , tanks .
thank you , goodbye .
Reward: 0.978212296962738

hello , welcome to the restaurant finding system . how may i help you ?
hi , i want to book a table
what part of town do you have in mind ?
i want a venue in the moderate price range and in the north of town .
what kind of food would you like ?
i want a venue in the north of town . any price range is okay .
what kind of food would you like ?
i want a venue in the south of town . i want a venue in the moderate price range .
what kind of food would you like ?
i want a venue in the moderate price range serving chinese food .
i am sorry but there is no place , in the moderate price range , serving chinese food and in the area of south .
thanks for your help , goodbye .
thank you , goodbye .
Reward: 0.9636157155036926

hello , welcome to the restaurant finding system . how may i help you ?
i need another restaurant .
what part of town do you have in mind ?
i prefer a venue in north .
what kind of food would you like ?
i need a indian venue .
would you like something in the cheap , moderate , or expensive price range ?
i want a venue in the moderate price range .
the nirala is a nice place , it is in the moderate price range , it serves indian food and it is in the north part of town .
thanks for your help , goodbye .
thank you , goodbye .
Reward: 0.9772462248802185

hello , welcome to the restaurant finding system . how may i help you ?
hi , i want to book a table
what part of town do you have in mind ?
i prefer a venue in centre .
what kind of food would you like ?
i need a chinese venue .
would you like something in the cheap , moderate , or expensive price range ?
i want a venue in the expensive price range .
hk fusion is a nice place , it serves chinese food , it is in the expensive price range and it is in the centre of town .
please tell me the address and phone number of the restaurant .
hk fusion is a nice place , their address is 21 burleigh street city centre and their phone number is 0 1223 355909 .
thanks for your help , goodbye .
thank you , goodbye .
Reward: 0.9673729538917542

hello , welcome to the restaurant finding system . how may i help you ?
i need another restaurant .
what part of town do you have in mind ?
i want a venue in the moderate price range and in the park of town .
what part of town do you have in mind ?
i prefer a venue in south .
what kind of food would you like ?
i want a venue in any part of town . i want a venue in any part of town .
what kind of food would you like ?
i want a venue in any part of town . i need a chinese venue .
golden wok is a nice place , it serves chinese food , it is in the north part of town and it is in the moderate price range .
thanks for your help , goodbye .
thank you , goodbye .
Reward: 0.9635488986968994

hello , welcome to the restaurant finding system . how may i help you ?
i need another restaurant .
what part of town do you have in mind ?
do i need another restaurant ?
what part of town do you have in mind ?
i prefer a venue in north .
what kind of food would you like ?
i want a venue in the moderate price range and in the north of town .
what kind of food would you like ?
i need a indian venue . please show me another one .
the nirala is a nice place , it is in the north part of town , it is in the moderate price range and it serves indian food .
what is the address ?
the nirala is a nice place their address is 7 milton road chesterton .
thanks for your help , goodbye .
thank you , goodbye .
Reward: 0.7523066401481628

hello , welcome to the restaurant finding system . how may i help you ?
hi , i want to book a table
what part of town do you have in mind ?
i prefer a venue in centre .
what kind of food would you like ?
i need a chinese venue .
would you like something in the cheap , moderate , or expensive price range ?
i want a venue in the expensive price range .
hk fusion is a nice place , it serves chinese food , it is in the centre of town and it is in the expensive price range .
what is the phone number of the restaurant ?
hk fusion is a nice place their phone number is 0 1223 355909 .
thanks for your help , goodbye .
thank you , goodbye .
Reward: 0.96739661693573

hello , welcome to the restaurant finding system . how may i help you ?
hi , i want to book a table
what part of town do you have in mind ?
i prefer a venue in centre .
what kind of food would you like ?
i need a chinese venue .
would you like something in the cheap , moderate , or expensive price range ?
i want a venue in the moderate price range .
shanghai family restaurant is a nice place , it serves chinese food , it is in the moderate price range and it is in the centre of town .
thanks for your help , goodbye .
thank you , goodbye .
Reward: 0.9771741628646851

hello , welcome to the restaurant finding system . how may i help you ?
hi , i want to book a table
what part of town do you have in mind ?
it doesn ' t matter .
what part of town do you have in mind ?
i am ok with everything . i want a venue in the expensive price range .
what part of town do you have in mind ?
i prefer a venue in south .
what kind of food would you like ?
everything is fine . i want a venue in the expensive price range .
what kind of food would you like ?
i need a chinese venue .
the good luck chinese food takeaway is a nice place , it is in the expensive price range , it serves chinese food and it is in the south part of town .
thanks for your help , goodbye .
thank you , goodbye .
Reward: 0.9687426686286926

hello , welcome to the restaurant finding system . how may i help you ?
i need a restaurant in centre .
what kind of food would you like ?
i need a turkish venue .
would you like something in the cheap , moderate , or expensive price range ?
i want a venue in the moderate price range .
efes restaurant is a nice place , it serves turkish food , it is in the moderate price range and it is in the centre of town .
wait , i want something else . i want a venue in the expensive price range .
meze bar restaurant is a nice place , it is in the centre of town , it is in the expensive price range and it serves turkish food .
thanks for your help , goodbye .
thank you , goodbye .
Reward: 0.9187890291213989

hello , welcome to the restaurant finding system . how may i help you ?
i need a restaurant in centre and
what kind of food would you like ?
i want a restaurant in the cheap price range and in the centre of town .
what kind of food would you like ?
i need a international venue .
i am sorry but there is no place , in the area of centre , in the cheap price range and serving international food .
i need a indian venue .
the gandhi is a nice place , it serves indian food , it is in the cheap price range and it is in the centre of town .
thanks for your help , goodbye .
thank you , goodbye .
Reward: 0.9102088809013367

hello , welcome to the restaurant finding system . how may i help you ?
i need another restaurant .
what part of town do you have in mind ?
i prefer a venue in north .
what kind of food would you like ?
hi , i want a venue in the expensive price range .
what kind of food would you like ?
i need a chinese venue .
hakka is a nice place , it is in the north part of town , it is in the expensive price range and it serves chinese food .
what is the address ?
hakka is a nice place their address is milton road chesterton .
thanks for your help , goodbye .
thank you , goodbye .
Reward: 0.9671133756637573

hello , welcome to the restaurant finding system . how may i help you ?
hi , i want to book a table
what part of town do you have in mind ?
it doesn ' t matter .
what part of town do you have in mind ?
i am ok with everything . i want a venue in the expensive price range .
what part of town do you have in mind ?
i prefer a venue in centre .
what kind of food would you like ?
hi , i want a venue in the expensive price range .
what kind of food would you like ?
i need another restaurant .
what kind of food would you like ?
i want a venue in any venue , please show me another one .
la mimosa is a nice place , it is in the expensive price range and it is in the centre of town .
Reward: 0.9686362147331238

hello , welcome to the restaurant finding system . how may i help you ?
hi , i want to book a table
what part of town do you have in mind ?
i prefer a venue in north .
what kind of food would you like ?
i need a turkish venue .
i am sorry but there is no place , in the area of north and serving turkish food .
thanks for your help , goodbye .
thank you , goodbye .
Reward: 0.9333566427230835

hello , welcome to the restaurant finding system . how may i help you ?
hi , i want to book a table
what part of town do you have in mind ?
i want a venue in any part of town .
what kind of food would you like ?
i want a venue in the moderate price range serving chinese food .
golden wok is a nice place , it is in the north part of town , it is in the moderate price range and it serves chinese food .
thanks for your help , goodbye .
thank you , goodbye .
Reward: 0.976992666721344

hello , welcome to the restaurant finding system . how may i help you ?
i need another restaurant .
what part of town do you have in mind ?
i prefer a venue in north .
what kind of food would you like ?
everything is fine . i want a venue in the cheap price range .
what kind of food would you like ?
i want a venue in the expensive price range .
what kind of food would you like ?
i want a venue in any price range doesn ' t matter .
what kind of food would you like ?
i want a venue in the expensive price range serving chinese food .
hakka is a nice place , it is in the north part of town , it is in the expensive price range and it serves chinese food .
what is the phone number of the restaurant ?
hakka is a nice place their phone number is 0 1223 568988 .
Reward: 0.9686102271080017

hello , welcome to the restaurant finding system . how may i help you ?
hi , i want to book a table
what part of town do you have in mind ?
it doesn ' t matter .
what part of town do you have in mind ?
i want a venue in the expensive price range and in the north of town .
what kind of food would you like ?
i need a chinese venue .
hakka is a nice place , it serves chinese food , it is in the north part of town and it is in the expensive price range .
what is the address ?
hakka is a nice place their address is milton road chesterton .
thanks for your help , goodbye .
thank you , goodbye .
Reward: 0.9672213792800903

hello , welcome to the restaurant finding system . how may i help you ?
hi , i want to book a table
what part of town do you have in mind ?
i prefer a venue in east .
what kind of food would you like ?
i want a venue in the moderate price range serving chinese food .
i am sorry but there is no place , in the moderate price range , in the area of east and serving chinese food .
thanks for your help , goodbye .
thank you , goodbye .
Reward: 0.9769853949546814

hello , welcome to the restaurant finding system . how may i help you ?
i want a restaurant in the moderate price range and in the west of town .
what kind of food would you like ?
i want a venue in any part of town .
what kind of food would you like ?
i want a venue in any part of town . i want a venue in the moderate price range .
what kind of food would you like ?
i want a venue in the expensive price range and in the south of town . i ' m thinking of town .
what kind of food would you like ?
i want a venue in any part of town . i want a venue in the expensive price range .
what kind of food would you like ?
i need a indian venue .
tandoori palace is a nice place , it is in the expensive price range , it is in the north part of town and it serves indian food .
what is the address ?
tandoori palace is a nice place their address is 68 histon road chesterton .
Reward: 0.8992969393730164

hello , welcome to the restaurant finding system . how may i help you ?
hi , i want to book a table
what part of town do you have in mind ?
i prefer a venue in south .
what kind of food would you like ?
i prefer a venue in centre .
what kind of food would you like ?
i need a chinese venue .
would you like something in the cheap , moderate , or expensive price range ?
i want a venue in the expensive price range .
hk fusion is a nice place , it is in the expensive price range , it is in the centre of town and it serves chinese food .
what is the address ?
hk fusion is a nice place their address is 21 burleigh street city centre .
thanks for your help .
thank you , goodbye .
Reward: 0.9712281823158264

hello , welcome to the restaurant finding system . how may i help you ?
i need another restaurant .
what part of town do you have in mind ?
i want a venue in the moderate price range and in the north of town .
what kind of food would you like ?
i want a venue in the south of town .
what kind of food would you like ?
i want a venue in the south of town . i want to matter with a venue in the moderate price range .
what kind of food would you like ?
i need a british venue .
i am sorry but there is no place , serving british food , in the area of south and in the moderate price range .
thanks for your help , goodbye .
thank you , goodbye .
Reward: 0.9647221565246582

hello , welcome to the restaurant finding system . how may i help you ?
hi , i want to book a table
what part of town do you have in mind ?
i want a venue in the moderate price range and in the north of town .
what kind of food would you like ?
i want a venue in the north of town . what is the address ?
what kind of food would you like ?
i want a venue in the south of town . i need a venue in the centre of town .
what kind of food would you like ?
i need a indian venue .
i am sorry but there is no place , in the area of centre , in the moderate price range and serving indian food .
thanks for your help , goodbye .
thank you , goodbye .
Reward: 0.9636067748069763

hello , welcome to the restaurant finding system . how may i help you ?
i need another restaurant .
what part of town do you have in mind ?
i want a venue in the moderate price range and in the north of town .
what kind of food would you like ?
i need a indian venue .
the nirala is a nice place , it is in the north part of town , it is in the moderate price range and it serves indian food .
no , i am not looking for this . please show me another one .
meghna is a nice place , it is in the north part of town , it serves indian food and it is in the moderate price range .
thanks for your help , goodbye .
thank you , goodbye .
Reward: 0.9773386120796204

hello , welcome to the restaurant finding system . how may i help you ?
hi , i want to book a table
what part of town do you have in mind ?
i want a venue in the moderate price range and in the north of town .
what kind of food would you like ?
i want a venue in the north of town . any price range is okay .
what kind of food would you like ?
i need a indian venue .
the nirala is a nice place , it is in the north part of town , it serves indian food and it is in the moderate price range .
what is the address ?
the nirala is a nice place their address is 7 milton road chesterton .
thanks for your help , goodbye .
thank you , goodbye .
Reward: 0.9671182036399841

hello , welcome to the restaurant finding system . how may i help you ?
hi , i want to book a table
what part of town do you have in mind ?
i prefer a venue in south .
what kind of food would you like ?
i need a indian venue .
taj tandoori is a nice place , it is in the south part of town and it serves indian food .
what is the number of the beatles ?
would you like something in the cheap , moderate , or expensive price range ?
i want a venue in the expensive price range .
taj tandoori is a nice place , it is in the south part of town , it is in the expensive price range and it serves indian food .
what is the address ?
taj tandoori is a nice place , their phone number is 0 1223 412299 and their address is 64 cherry hinton road cherry hinton .
thanks for your help , goodbye .
thank you , goodbye .
Reward: 0.9720706343650818

hello , welcome to the restaurant finding system . how may i help you ?
hi , i want to book a table
what part of town do you have in mind ?
i need a restaurant in centre .
what kind of food would you like ?
i want a venue in the moderate price range and in the north of town .
what kind of food would you like ?
i need a chinese venue .
golden wok is a nice place , it is in the moderate price range , it serves chinese food and it is in the north part of town .
thanks for your help , goodbye .
thank you , goodbye .
Reward: 0.9745031595230103

hello , welcome to the restaurant finding system . how may i help you ?
hi , i want to book a table
what part of town do you have in mind ?
i prefer a venue in south .
what kind of food would you like ?
everything is fine . i want a venue in the expensive price range .
what kind of food would you like ?
i want a venue in the expensive price range serving chinese food .
the good luck chinese food takeaway is a nice place , it is in the south part of town , it is in the expensive price range and it serves chinese food .
thanks for your help , goodbye .
thank you , goodbye .
Reward: 0.9749580025672913

hello , welcome to the restaurant finding system . how may i help you ?
hi , i want to book a table
what part of town do you have in mind ?
i prefer a venue in west .
what kind of food would you like ?
i need a british restaurant .
would you like something in the cheap , moderate , or expensive price range ?
i want a venue in the expensive price range .
graffiti is a nice place , it serves british food , it is in the west part of town and it is in the expensive price range .
what is the address ?
graffiti is a nice place their address is hotel felix whitehouse lane huntingdon road .
thanks for your help , goodbye .
thank you , goodbye .
Reward: 0.9693586826324463

hello , welcome to the restaurant finding system . how may i help you ?
hi , i want to book a table
what part of town do you have in mind ?
it doesn ' t matter .
what part of town do you have in mind ?
i want a restaurant in the cheap price range and in the north of town .
what kind of food would you like ?
i need a chinese venue .
i am sorry but there is no place , in the cheap price range , in the area of north and serving chinese food .
what is the address of the restaurant ?
i am sorry but there is no place , serving chinese food , in the area of north and in the cheap price range .
what is the address ?
i am sorry but there is no place , in the cheap price range , in the area of north and serving chinese food .
do i need a european restaurant ?
i am sorry but there is no place , in the area of north , serving european food and in the cheap price range .
Reward: 0.9575582146644592

hello , welcome to the restaurant finding system . how may i help you ?
i need another restaurant .
what part of town do you have in mind ?
it doesn ' t matter .
what part of town do you have in mind ?
i want a venue in the cheap price range and in the north of town .
what kind of food would you like ?
i need a indian venue .
royal spice is a nice place , it serves indian food , it is in the cheap price range and it is in the north part of town .
what is the phone number of the restaurant ?
royal spice is a nice place their phone number is 0 1733 553355 .
thanks for your help , goodbye .
thank you , goodbye .
Reward: 0.9655595421791077

hello , welcome to the restaurant finding system . how may i help you ?
hi , i want to book a table
what part of town do you have in mind ?
i prefer a venue in north .
what kind of food would you like ?
i need a chinese venue .
would you like something in the cheap , moderate , or expensive price range ?
i want a venue in the moderate price range .
golden wok is a nice place , it is in the moderate price range , it serves chinese food and it is in the north part of town .
wait , what is the address ?
golden wok is a nice place their address is 191 histon road chesterton .
thanks for your help , goodbye .
thank you , goodbye .
Reward: 0.9694453477859497

hello , welcome to the restaurant finding system . how may i help you ?
hi , i want to book a table
what part of town do you have in mind ?
i prefer a venue in south .
what kind of food would you like ?
i report a venue in the moderate price range and in the north of town .
what kind of food would you like ?
i need a chinese venue .
golden wok is a nice place , it is in the north part of town , it is in the moderate price range and it serves chinese food .
thanks for your help , goodbye .
thank you , goodbye .
Reward: 0.9750151038169861

hello , welcome to the restaurant finding system . how may i help you ?
hi , i want to book a table
what part of town do you have in mind ?
i prefer a venue in centre .
what kind of food would you like ?
i need a chinese venue .
would you like something in the cheap , moderate , or expensive price range ?
i want a venue in the expensive price range .
hk fusion is a nice place , it is in the centre of town , it is in the expensive price range and it serves chinese food .
what is the phone number of the restaurant ?
hk fusion is a nice place their phone number is 0 1223 355909 .
thanks for your help , goodbye .
thank you , goodbye .
Reward: 0.9673805236816406

hello , welcome to the restaurant finding system . how may i help you ?
hi , i want to book a table
what part of town do you have in mind ?
i want a venue in any part of town .
what kind of food would you like ?
i need a turkish venue .
would you like something in the cheap , moderate , or expensive price range ?
it doesn ' t matter .
would you like something in the cheap , moderate , or expensive price range ?
i want a venue in the moderate price range .
efes restaurant is a nice place , it is in the centre of town , it serves turkish food and it is in the moderate price range .
thanks for your help , goodbye .
thank you , goodbye .
Reward: 0.9657355546951294

hello , welcome to the restaurant finding system . how may i help you ?
i need another restaurant .
what part of town do you have in mind ?
i want a venue in the moderate price range and in the north of town .
what kind of food would you like ?
i need a indian venue .
the nirala is a nice place , it serves indian food , it is in the north part of town and it is in the moderate price range .
thanks for your help , goodbye .
thank you , goodbye .
Reward: 0.9769721031188965

hello , welcome to the restaurant finding system . how may i help you ?
hi , i want to book a table
what part of town do you have in mind ?
i prefer a venue in east .
what kind of food would you like ?
i want a restaurant in the expensive price range serving chinese food .
yu garden is a nice place , it is in the expensive price range , it is in the east part of town and it serves chinese food .
what is the expensive price range is ?
yu garden is a nice place , it is in the east part of town , it is in the expensive price range and it serves chinese food .
okay , i ' m thinking of very helpful thanks for your help , goodbye .
thank you , goodbye .
Reward: 0.9781488180160522

hello , welcome to the restaurant finding system . how may i help you ?
i need another restaurant .
what part of town do you have in mind ?
i prefer a venue in north .
what kind of food would you like ?
i want a venue in the expensive price range and in the north of town .
what kind of food would you like ?
i want a venue in the moderate price range and in the north of town .
what kind of food would you like ?
i need a chinese venue .
golden wok is a nice place , it serves chinese food , it is in the moderate price range and it is in the north part of town .
thanks for your help , goodbye .
thank you , goodbye .
Reward: 0.9636222124099731

hello , welcome to the restaurant finding system . how may i help you ?
i need another restaurant .
what part of town do you have in mind ?
i prefer a venue in centre .
what kind of food would you like ?
i need a chinese venue .
would you like something in the cheap , moderate , or expensive price range ?
i want a venue in the expensive price range .
hk fusion is a nice place , it serves chinese food , it is in the centre of town and it is in the expensive price range .
thanks for your help , goodbye .
thank you , goodbye .
Reward: 0.9772943258285522

hello , welcome to the restaurant finding system . how may i help you ?
i need another restaurant .
what part of town do you have in mind ?
i want a venue in the moderate price range and in the north of town .
what kind of food would you like ?
i need a indian venue .
the nirala is a nice place , it is in the moderate price range , it serves indian food and it is in the north part of town .
thanks for your help , goodbye .
thank you , goodbye .
Reward: 0.9769723415374756

hello , welcome to the restaurant finding system . how may i help you ?
i need another restaurant .
what part of town do you have in mind ?
i prefer a venue in north .
what kind of food would you like ?
i need a chinese venue .
would you like something in the cheap , moderate , or expensive price range ?
what is the policy of the restaurant ?
would you like something in the cheap , moderate , or expensive price range ?
it doesn ' t matter .
would you like something in the cheap , moderate , or expensive price range ?
yes i want a venue in the expensive price range .
hakka is a nice place , it is in the expensive price range , it serves chinese food and it is in the north part of town .
thanks for your help , goodbye .
thank you , goodbye .
Reward: 0.9700154066085815

hello , welcome to the restaurant finding system . how may i help you ?
hi , i want to book a table
what part of town do you have in mind ?
i prefer a venue in south .
what kind of food would you like ?
i need a chinese venue
would you like something in the cheap , moderate , or expensive price range ?
i want a venue in the moderate price range and in the south of town .
i am sorry but there is no place , in the moderate price range , in the area of south and serving chinese food .
please tell me the address and shows next south of town .
i am sorry but there is no place , in the moderate price range , in the area of south and serving chinese food .
thanks for your help , goodbye .
thank you , goodbye .
Reward: 0.9655186533927917

hello , welcome to the restaurant finding system . how may i help you ?
hi , i want to book a table
what part of town do you have in mind ?
i want a venue in the moderate price range and in the north of town .
what kind of food would you like ?
i want a venue in the south of town .
what kind of food would you like ?
i need a indian venue .
i am sorry but there is no place , in the area of south , in the moderate price range and serving indian food .
thanks for your help , goodbye .
thank you , goodbye .
Reward: 0.974916934967041

hello , welcome to the restaurant finding system . how may i help you ?
i need another restaurant .
what part of town do you have in mind ?
i prefer a venue in centre .
what kind of food would you like ?
i need a chinese venue .
would you like something in the cheap , moderate , or expensive price range ?
i want a venue in the expensive price range .
hk fusion is a nice place , it serves chinese food , it is in the expensive price range and it is in the centre of town .
thanks for your help , goodbye .
thank you , goodbye .
Reward: 0.9772849082946777

hello , welcome to the restaurant finding system . how may i help you ?
hi , i want to book a table
what part of town do you have in mind ?
i want a venue in the moderate price range and in the north of town .
what kind of food would you like ?
i need a chinese venue .
golden wok is a nice place , it serves chinese food , it is in the moderate price range and it is in the north part of town .
thanks for your help , goodbye .
thank you , goodbye .
Reward: 0.9769960641860962

hello , welcome to the restaurant finding system . how may i help you ?
hi , i want to book a table
what part of town do you have in mind ?
i prefer a venue in south .
what kind of food would you like ?
i need a indian venue .
taj tandoori is a nice place , it serves indian food and it is in the south part of town .
what is the address of the restaurant ?
taj tandoori is a nice place their address is 64 cherry hinton road cherry hinton .
no , i am not looking for this . please deny .
taj tandoori is a nice place , it serves indian food and it is in the south part of town .
no , i am not looking for this . please tell me another one .
i am sorry but there is no place other than taj tandoori in the area of south and serving indian food .
maybe , i want to book a table .
taj tandoori is a nice place , it serves indian food and it is in the south part of town .
Reward: 0.9503534436225891

hello , welcome to the restaurant finding system . how may i help you ?
hi , i want to book a table
what part of town do you have in mind ?
i prefer a venue in centre .
what kind of food would you like ?
i want a restaurant in the cheap price range and in the centre of town .
what kind of food would you like ?
i need a international venue .
i am sorry but there is no place , in the area of centre , in the cheap price range and serving international food .
thanks for your help , goodbye .
thank you , goodbye .
Reward: 0.9749055504798889

hello , welcome to the restaurant finding system . how may i help you ?
i need another restaurant .
what part of town do you have in mind ?
it doesn ' t matter .
what part of town do you have in mind ?
i prefer a venue in north .
what kind of food would you like ?
i need a indian venue .
would you like something in the cheap , moderate , or expensive price range ?
i want a venue in the moderate price range .
the nirala is a nice place , it is in the north part of town , it is in the moderate price range and it serves indian food .
what is the address ?
the nirala is a nice place their address is 7 milton road chesterton .
thanks for your help , goodbye .
thank you , goodbye .
Reward: 0.9703392386436462

hello , welcome to the restaurant finding system . how may i help you ?
i want a restaurant in the cheap price range and in the expensive price range .
what part of town do you have in mind ?
i prefer a venue in centre .
what kind of food would you like ?
i need a chinese venue .
golden house is a nice place , it is in the centre of town , it is in the cheap price range and it serves chinese food .
what is the phone number of the restaurant ?
golden house is a nice place their phone number is 0 1842 753771 .
thanks for your help , goodbye .
thank you , goodbye .
Reward: 0.918878436088562

hello , welcome to the restaurant finding system . how may i help you ?
hi , i want to book a table
what part of town do you have in mind ?
i prefer a venue in south .
what kind of food would you like ?
i want a venue in any part of town .
what kind of food would you like ?
a chinese venue . i want a venue in the expensive price range .
hakka is a nice place , it serves chinese food , it is in the expensive price range and it is in the north part of town .
thanks for your help , goodbye .
thank you , goodbye .
Reward: 0.9749681949615479

hello , welcome to the restaurant finding system . how may i help you ?
i need another restaurant .
what part of town do you have in mind ?
i prefer a venue in north .
what kind of food would you like ?
i need a chinese venue .
would you like something in the cheap , moderate , or expensive price range ?
it doesn ' t matter .
would you like something in the cheap , moderate , or expensive price range ?
it doesn ' t matter .
would you like something in the cheap , moderate , or expensive price range ?
i want a venue in the expensive price range .
hakka is a nice place , it serves chinese food , it is in the north part of town and it is in the expensive price range .
wait , i want something else . i want a venue in the expensive price range .
the hotpot is a nice place , it is in the north part of town , it serves chinese food and it is in the expensive price range .
Reward: 0.9698695540428162

hello , welcome to the restaurant finding system . how may i help you ?
hi , i want to book a table
what part of town do you have in mind ?
i want a venue in the moderate price range .
what part of town do you have in mind ?
i prefer a venue in south .
what kind of food would you like ?
you want another restaurant .
what kind of food would you like ?
i need a chinese venue .
i am sorry but there is no place , in the area of south , in the moderate price range and serving chinese food .
what is the best selling dollar restaurant ?
i am sorry but there is no place , in the moderate price range , serving chinese food and in the area of south .
and what is the address of the restaurant ?
i am sorry but there is no place , in the area of south , in the moderate price range and serving chinese food .
Reward: 0.8910937905311584

hello , welcome to the restaurant finding system . how may i help you ?
hi , i want to book a table
what part of town do you have in mind ?
it doesn ' t matter .
what part of town do you have in mind ?
i prefer a venue in north .
what kind of food would you like ?
i want a venue in the cheap price range and in the north of town .
what kind of food would you like ?
i need a indian venue .
royal spice is a nice place , it is in the cheap price range , it is in the north part of town and it serves indian food .
what is the address ?
royal spice is a nice place their address is victoria avenue chesterton .
thanks for your help , goodbye .
thank you , goodbye .
Reward: 0.9696973562240601

hello , welcome to the restaurant finding system . how may i help you ?
hi , i want to book a table
what part of town do you have in mind ?
i prefer a venue in north .
what kind of food would you like ?
i need a chinese venue .
would you like something in the cheap , moderate , or expensive price range ?
i want a venue in the expensive price range .
hakka is a nice place , it is in the expensive price range , it is in the north part of town and it serves chinese food .
please tell me the address .
hakka is a nice place their address is milton road chesterton .
thanks for your help , goodbye .
thank you , goodbye .
Reward: 0.9670460224151611

hello , welcome to the restaurant finding system . how may i help you ?
hi , i want to book a table
what part of town do you have in mind ?
i prefer a venue in paris . i need a restaurant in centre .
what kind of food would you like ?
i want a restaurant in the cheap price range and in the snarfydoodler of town .
what kind of food would you like ?
i need a indian venue .
the gandhi is a nice place , it is in the centre of town , it is in the cheap price range and it serves indian food .
thanks for your help , goodbye .
thank you , goodbye .
Reward: 0.9750114679336548

hello , welcome to the restaurant finding system . how may i help you ?
i need another restaurant .
what part of town do you have in mind ?
i prefer a venue in north .
what kind of food would you like ?
i want a venue in the expensive price range and in the north of town .
what kind of food would you like ?
i want a venue in the north of town . i need a indian venue .
tandoori palace is a nice place , it is in the north part of town , it serves indian food and it is in the expensive price range .
what is in the south of town ?
taj tandoori is a nice place , it is in the expensive price range , it serves indian food and it is in the south part of town .
what is the phone number of the restaurant ?
taj tandoori is a nice place their phone number is 0 1223 412299 .
what is the address ?
taj tandoori is a nice place , it serves indian food , it is in the south part of town and it is in the expensive price range .
Reward: 0.9741396307945251

hello , welcome to the restaurant finding system . how may i help you ?
i need another restaurant .
what part of town do you have in mind ?
i prefer a venue in north .
what kind of food would you like ?
i need a indian venue .
would you like something in the cheap , moderate , or expensive price range ?
i want a venue in the expensive price range .
tandoori palace is a nice place , it serves indian food , it is in the north part of town and it is in the expensive price range .
what is the phone number of the restaurant ?
tandoori palace is a nice place their phone number is 0 1223 506055 .
thanks for your help , goodbye .
thank you , goodbye .
Reward: 0.967241644859314

hello , welcome to the restaurant finding system . how may i help you ?
hi , i want to book a table
what part of town do you have in mind ?
i prefer a venue in centre .
what kind of food would you like ?
i need a chinese venue .
would you like something in the cheap , moderate , or expensive price range ?
i want a venue in the expensive price range .
hk fusion is a nice place , it serves chinese food , it is in the expensive price range and it is in the centre of town .
what is the phone number of the restaurant ?
hk fusion is a nice place their phone number is 0 1223 355909 .
thanks for your help , goodbye .
thank you , goodbye .
Reward: 0.9673935174942017

hello , welcome to the restaurant finding system . how may i help you ?
i need something up" .
i ' m having trouble understanding what you want . could you please rephrase it ?
i want to book a table
what part of town do you have in mind ?
i prefer a venue in west .
what kind of food would you like ?
i need a turkish venue .
i am sorry but there is no place , serving turkish food and in the area of west .
wait , i want something else . i want a venue in south .
i am sorry but there is no place , serving turkish food and in the area of south .
thanks for your help , goodbye .
thank you , goodbye .
Reward: 0.5639675259590149

hello , welcome to the restaurant finding system . how may i help you ?
hi , i want to book a table
what part of town do you have in mind ?
i want a venue in any part of town .
what kind of food would you like ?
i need a chinese venue .
would you like something in the cheap , moderate , or expensive price range ?
i want a venue in the expensive price range .
hakka is a nice place , it is in the expensive price range , it serves chinese food and it is in the north part of town .
where is the centre of of town ?
hk fusion is a nice place , it is in the expensive price range , it serves chinese food and it is in the centre of town .
thanks for your help ,
thank you , goodbye .
Reward: 0.9658054709434509

hello , welcome to the restaurant finding system . how may i help you ?
i need another restaurant .
what part of town do you have in mind ?
i prefer a venue in north .
what kind of food would you like ?
i prefer a venue in north .
what kind of food would you like ?
i want a venue in the expensive price range and in the north of town .
what kind of food would you like ?
i need a chinese venue .
hakka is a nice place , it serves chinese food , it is in the north part of town and it is in the expensive price range .
what is the address ?
hakka is a nice place their address is milton road chesterton .
thanks for your help , goodbye .
thank you , goodbye .
Reward: 0.9688314199447632

hello , welcome to the restaurant finding system . how may i help you ?
hi , i want to book a table
what part of town do you have in mind ?
i need a restaurant in centre .
what kind of food would you like ?
i want a restaurant in the cheap price range and in the north of town .
what kind of food would you like ?
i want a venue in the expensive price range and in the north of town . is it in the north of town ?
what kind of food would you like ?
i need a indian venue .
tandoori palace is a nice place , it is in the north part of town , it is in the expensive price range and it serves indian food .
what is the address ?
tandoori palace is a nice place their address is 68 histon road chesterton .
thanks for your help , goodbye .
thank you , goodbye .
Reward: 0.9689929485321045

hello , welcome to the restaurant finding system . how may i help you ?
hi , i want to book a table
what part of town do you have in mind ?
i prefer a venue in south .
what kind of food would you like ?
i need a chinese venue .
would you like something in the cheap , moderate , or expensive price range ?
i want a restaurant in the expensive price range .
the good luck chinese food takeaway is a nice place , it serves chinese food , it is in the expensive price range and it is in the south part of town .
thanks for your help , goodbye .
thank you , goodbye .
Reward: 0.9771658778190613

hello , welcome to the restaurant finding system . how may i help you ?
i want a restaurant in the moderate price range and in the north of town .
what kind of food would you like ?
i need a chinese venue .
golden wok is a nice place , it is in the north part of town , it serves chinese food and it is in the moderate price range .
thanks for your help , goodbye .
thank you , goodbye .
Reward: 0.7443739771842957

hello , welcome to the restaurant finding system . how may i help you ?
i need another restaurant .
what part of town do you have in mind ?
i prefer a venue in north .
what kind of food would you like ?
i need a indian venue .
would you like something in the cheap , moderate , or expensive price range ?
i want a venue in the expensive price range ,
tandoori palace is a nice place , it is in the north part of town , it serves indian food and it is in the expensive price range .
what is the address ?
tandoori palace is a nice place their address is 68 histon road chesterton .
thanks for your help , goodbye .
thank you , goodbye .
Reward: 0.9689173698425293

hello , welcome to the restaurant finding system . how may i help you ?
hi , i want to book a table
what part of town do you have in mind ?
i prefer a venue in south .
what kind of food would you like ?
everything is fine . i want a venue in the expensive price holly .
what kind of food would you like ?
i want a venue in any part of town . i want a venue in any price range ?
what kind of food would you like ?
i want a venue in the expensive price range serving chinese food .
hakka is a nice place , it is in the north part of town , it is in the expensive price range and it serves chinese food .
what is the phone number of the restaurant ?
hakka is a nice place their phone number is 0 1223 568988 .
thanks for your help , goodbye .
thank you , goodbye .
Reward: 0.9700400829315186

