hello , welcome to the restaurant finding system . how may i help you ?
i need another restaurant .
what part of town do you have in mind ?
i prefer a venue in west .
what kind of food would you like ?
i want a venue in the moderate price range and in the north of town .
what kind of food would you like ?
i want a venue in the south of town .
what kind of food would you like ?
i want a venue in the north of town . i need a venue in the north of town . i want a venue in
what kind of food would you like ?
i need a indian venue .
the nirala is a nice place , it is in the moderate price range , it serves indian food and it is in the north part of town .
what is the phone number of the restaurant ?
the nirala is a nice place their phone number is 0 1223 360966 .
Reward: 0.9676558375358582

hello , welcome to the restaurant finding system . how may i help you ?
i need another restaurant .
what part of town do you have in mind ?
i prefer a venue in east .
what kind of food would you like ?
i need a indian venue .
would you like something in the cheap , moderate , or expensive price range ?
i want a venue in the moderate price range .
rajmahal is a nice place , it serves indian food , it is in the east part of town and it is in the moderate price range .
what is the phone number of the restaurant ?
rajmahal is a nice place their phone number is 0 1223 244955 .
what is the address ?
rajmahal is a nice place , it is in the east part of town , it is in the moderate price range and it serves indian food .
does it serve spanish ?
can i help you with anything else ?
Reward: 0.9676558375358582

hello , welcome to the restaurant finding system . how may i help you ?
i need another restaurant .
what part of town do you have in mind ?
it doesn ' t matter .
what part of town do you have in mind ?
it doesn ' t matter .
what part of town do you have in mind ?
i prefer a venue in south .
what kind of food would you like ?
i need a turkish venue .
i am sorry but there is no place , in the area of south and serving turkish food .
thanks for your help , speaker . it is everywhere . i want a venue serving asian asian modern european .
i am sorry but there is no place , in the area of south and serving asian oriental food .
thanks for your help , goodbye .
thank you , goodbye .
Reward: 0.9676558375358582

hello , welcome to the restaurant finding system . how may i help you ?
hi , i want to book a table
what part of town do you have in mind ?
i prefer a venue in centre .
what kind of food would you like ?
i need a european venue .
would you like something in the cheap , moderate , or expensive price range ?
i want a venue in the moderate price range .
galleria is a nice place , it is in the centre of town , it is in the moderate price range and it serves european food .
what is the address ?
galleria is a nice place their address is 33 bridge street .
thanks for your help , goodbye .
thank you , goodbye .
Reward: 0.9676558375358582

hello , welcome to the restaurant finding system . how may i help you ?
i need another restaurant .
what part of town do you have in mind ?
i prefer a venue in east .
what kind of food would you like ?
i need a chinese venue .
yu garden is a nice place , it serves chinese food and it is in the east part of town .
what is the address ?
yu garden is a nice place their address is 529 newmarket road fen ditton .
thanks for your help , goodbye .
thank you , goodbye .
Reward: 0.9676558375358582

hello , welcome to the restaurant finding system . how may i help you ?
i need another restaurant .
what part of town do you have in mind ?
it doesn ' t matter .
what part of town do you have in mind ?
i prefer a venue in east .
what kind of food would you like ?
i want a venue in the north of town . i want a venue in the north of town .
what kind of food would you like ?
i need a chinese venue .
would you like something in the cheap , moderate , or expensive price range ?
i want a venue in the expensive price range .
hakka is a nice place , it is in the expensive price range , it is in the north part of town and it serves chinese food .
what is the address ?
hakka is a nice place their address is milton road chesterton .
Reward: 0.9676558375358582

hello , welcome to the restaurant finding system . how may i help you ?
hi , i want to book a table
what part of town do you have in mind ?
i prefer a venue in centre .
what kind of food would you like ?
i want a venue in the cuban i want a venue in any part of town .
i am sorry but there is no place serving cuban food .
i want a venue in the moderate price range and in the north of town .
i am sorry but there is no place , in the area of north , in the moderate price range and serving cuban food .
what is the address ?
i am sorry but there is no place , in the moderate price range , in the area of north and serving cuban food .
thanks for your help , goodbye .
thank you , goodbye .
Reward: 0.9676558375358582

hello , welcome to the restaurant finding system . how may i help you ?
i need a trip seller .
i ' m having trouble understanding what you want . could you please rephrase it ?
i need a european trip .
i ' m having trouble understanding what you want . could you please rephrase it ?
i need a restaurant in centre .
what kind of food would you like ?
i need a indian venue .
would you like something in the cheap , moderate , or expensive price range ?
i want a venue in the expensive price range .
curry garden is a nice place , it serves indian food , it is in the centre of town and it is in the expensive price range .
thanks for your help , goodbye .
thank you , goodbye .
Reward: 0.9744750261306763

hello , welcome to the restaurant finding system . how may i help you ?
i need another restaurant .
what part of town do you have in mind ?
i want a venue in the moderate price range and in the north of town .
what kind of food would you like ?
i want a venue in the south of town .
what kind of food would you like ?
i want a venue in the north of town . i need something else . i want a venue in the south of town .
the nirala is a nice place , it is in the north part of town and it is in the moderate price range .
what is the address ?
the nirala is a nice place their address is 7 milton road chesterton .
thanks for your help , goodbye .
thank you , goodbye .
Reward: 0.9744750261306763

hello , welcome to the restaurant finding system . how may i help you ?
i need another restaurant .
what part of town do you have in mind ?
i prefer a venue in north .
what kind of food would you like ?
i need a indian venue .
would you like something in the cheap , moderate , or expensive price range ?
i want a venue in the expensive price range .
tandoori palace is a nice place , it serves indian food , it is in the north part of town and it is in the expensive price range .
what is the address ?
tandoori palace is a nice place their address is 68 histon road chesterton .
thanks for your help , goodbye .
thank you , goodbye .
Reward: 0.9744750261306763

hello , welcome to the restaurant finding system . how may i help you ?
i need another restaurant .
what part of town do you have in mind ?
i prefer a venue in north .
what kind of food would you like ?
i need a chinese venue .
would you like something in the cheap , moderate , or expensive price range ?
it doesn ' t matter .
would you like something in the cheap , moderate , or expensive price range ?
i want a venue in the expensive price range .
hakka is a nice place , it serves chinese food , it is in the expensive price range and it is in the north part of town .
thanks for your help , goodbye .
thank you , goodbye .
Reward: 0.9744750261306763

hello , welcome to the restaurant finding system . how may i help you ?
hi , i want to book a table
what part of town do you have in mind ?
i prefer a venue in centre .
what kind of food would you like ?
i need a restaurant in the cheap price range and in the centre of town .
what kind of food would you like ?
i need a indian venue .
the gandhi is a nice place , it is in the centre of town , it serves indian food and it is in the cheap price range .
thanks for your help , goodbye .
thank you , goodbye .
Reward: 0.9744750261306763

hello , welcome to the restaurant finding system . how may i help you ?
i need another restaurant .
what part of town do you have in mind ?
i prefer a venue in north .
what kind of food would you like ?
i need a indian venue .
would you like something in the cheap , moderate , or expensive price range ?
i want a venue in the moderate price range .
the nirala is a nice place , it serves indian food , it is in the moderate price range and it is in the north part of town .
what is the phone number of the restaurant ?
the nirala is a nice place their phone number is 0 1223 360966 .
what is the address ?
the nirala is a nice place , it is in the north part of town , it is in the moderate price range and it serves indian food .
what is the address of the restaurant ?
the nirala is a nice place , their phone number is 0 1223 360966 and their address is 7 milton road chesterton .
Reward: 0.9744750261306763

hello , welcome to the restaurant finding system . how may i help you ?
i need another restaurant .
what part of town do you have in mind ?
i prefer a venue in north .
what kind of food would you like ?
i need a indian venue .
would you like something in the cheap , moderate , or expensive price range ?
i want a venue in the expensive price range .
tandoori palace is a nice place , it serves indian food , it is in the expensive price range and it is in the north part of town .
how is the address ?
tandoori palace is a nice place their address is 68 histon road chesterton .
thanks for your help , goodbye .
thank you , goodbye .
Reward: 0.9744750261306763

hello , welcome to the restaurant finding system . how may i help you ?
hi , i want to book a table
what part of town do you have in mind ?
i prefer a venue in north .
what kind of food would you like ?
i want a venue in the moderate price range and in the north of town .
what kind of food would you like ?
i need a chinese venue .
golden wok is a nice place , it is in the moderate price range , it serves chinese food and it is in the north part of town .
thanks for your help , goodbye .
thank you , goodbye .
Reward: 0.9635059237480164

hello , welcome to the restaurant finding system . how may i help you ?
i need another restaurant .
what part of town do you have in mind ?
i prefer a venue in north .
what kind of food would you like ?
i need a chinese venue .
would you like something in the cheap , moderate , or expensive price range ?
i want a venue in the moderate price range .
golden wok is a nice place , it serves chinese food , it is in the moderate price range and it is in the north part of town .
what is the address ?
golden wok is a nice place their address is 191 histon road chesterton .
thanks for your help , goodbye .
thank you , goodbye .
Reward: 0.9635059237480164

hello , welcome to the restaurant finding system . how may i help you ?
hi , i want to book a table
what part of town do you have in mind ?
it doesn ' t matter .
what part of town do you have in mind ?
i want a venue in the moderate price range and in the centre of town .
what kind of food would you like ?
i need a international venue .
bloomsbury restaurant is a nice place , it is in the moderate price range , it is in the centre of town and it serves international food .
what is the phone number of the restaurant ?
bloomsbury restaurant is a nice place their phone number is 0 871 942 9180 .
what is the address ?
bloomsbury restaurant is a nice place , it is in the moderate price range , it is in the centre of town and it serves international food .
thanks for your help , goodbye .
thank you , goodbye .
Reward: 0.9635059237480164

hello , welcome to the restaurant finding system . how may i help you ?
hi , i want to book a table
what part of town do you have in mind ?
i want a venue in the moderate price range and in the west of town .
what kind of food would you like ?
i need a indian venue .
i am sorry but there is no place , serving indian food , in the moderate price range and in the area of west .
thanks for your help , goodbye .
thank you , goodbye .
Reward: 0.9635059237480164

hello , welcome to the restaurant finding system . how may i help you ?
i need another restaurant .
what part of town do you have in mind ?
i prefer a venue in north .
what kind of food would you like ?
i need a indian venue .
would you like something in the cheap , moderate , or expensive price range ?
i want a venue in the moderate price range .
the nirala is a nice place , it is in the north part of town , it is in the moderate price range and it serves indian food .
what is the address ?
the nirala is a nice place their address is 7 milton road chesterton .
thanks for your help , goodbye .
thank you , goodbye .
Reward: 0.9635059237480164

hello , welcome to the restaurant finding system . how may i help you ?
i want a restaurant in the cheap price range and in the centre of town .
what kind of food would you like ?
i need a indian venue .
the gandhi is a nice place , it is in the cheap price range , it serves indian food and it is in the centre of town .
thanks for your help , goodbye .
thank you , goodbye .
Reward: 0.9635059237480164

hello , welcome to the restaurant finding system . how may i help you ?
hi , i want to book a table
what part of town do you have in mind ?
i prefer a venue in centre .
what kind of food would you like ?
i need a chinese venue .
would you like something in the cheap , moderate , or expensive price range ?
i want a venue in the expensive price range .
hk fusion is a nice place , it serves chinese food , it is in the expensive price range and it is in the centre of town .
thanks for your help , goodbye .
thank you , goodbye .
Reward: 0.9635059237480164

hello , welcome to the restaurant finding system . how may i help you ?
hi , i want to book a table
what part of town do you have in mind ?
i prefer a venue in west .
what kind of food would you like ?
i need a chinese venue .
i am sorry but there is no place , serving chinese food and in the area of west .
what is the phone number of the restaurant ?
i am sorry but there is no place , in the area of west and serving chinese food .
what is the address ?
i am sorry but there is no place , in the area of west and serving chinese food .
thanks for your help , goodbye .
thank you , goodbye .
Reward: 0.9662769436836243

hello , welcome to the restaurant finding system . how may i help you ?
i need another restaurant .
what part of town do you have in mind ?
i want a venue in the moderate price range and in the north of town .
what kind of food would you like ?
i need a chinese venue .
golden wok is a nice place , it is in the moderate price range , it serves chinese food and it is in the north part of town .
thanks for your help , goodbye .
thank you , goodbye .
Reward: 0.9662769436836243

hello , welcome to the restaurant finding system . how may i help you ?
hi , i want to book a table
what part of town do you have in mind ?
i want a venue in the cheap price range and in the south of town .
what kind of food would you like ?
i want a venue in the moderate price range and in the north of town .
what kind of food would you like ?
i want a venue in the south of town . i want a venue in the south of town .
what kind of food would you like ?
i need a indian venue .
i am sorry but there is no place , in the area of south , in the moderate price range and serving indian food .
thanks for your help , goodbye .
thank you , goodbye .
Reward: 0.9662769436836243

hello , welcome to the restaurant finding system . how may i help you ?
hi , i want to book a table
what part of town do you have in mind ?
i want a venue in any part of town .
what kind of food would you like ?
i want a venue in the moderate price range and in the north of town .
what kind of food would you like ?
i need a chinese venue .
golden wok is a nice place , it is in the moderate price range , it serves chinese food and it is in the north part of town .
thanks for your help , goodbye .
thank you , goodbye .
Reward: 0.9662769436836243

hello , welcome to the restaurant finding system . how may i help you ?
i want a restaurant in the moderate price range .
what part of town do you have in mind ?
it doesn ' t matter .
what part of town do you have in mind ?
i prefer a venue in south .
what kind of food would you like ?
i need a chinese venue .
i am sorry but there is no place , in the moderate price range , serving chinese food and in the area of south .
thanks anyway , goodbye .
thank you , goodbye .
Reward: 0.9662769436836243

hello , welcome to the restaurant finding system . how may i help you ?
hi , i want to book a table
what part of town do you have in mind ?
i prefer a venue in north .
what kind of food would you like ?
everything is fine . i want a venue in the cheap price range .
what kind of food would you like ?
i want a venue in the expensive price range and in the north of town .
what kind of food would you like ?
i want a venue in the north of town . thanks for your help .
what kind of food would you like ?
i ' m thinking of a god , i want a venue in the town of town . any price range is okay .
what kind of food would you like ?
i need a chinese venue .
hakka is a nice place , it is in the expensive price range , it serves chinese food and it is in the north part of town .
Reward: 0.9662769436836243

hello , welcome to the restaurant finding system . how may i help you ?
i need another restaurant .
what part of town do you have in mind ?
i prefer a venue in north .
what kind of food would you like ?
i need a british venue .
city stop restaurant is a nice place , it is in the north part of town and it serves british food .
what is the address ?
city stop restaurant is a nice place their address is cambridge city football club milton road chesterton .
thanks for your help , goodbye .
thank you , goodbye .
Reward: 0.9765785336494446

hello , welcome to the restaurant finding system . how may i help you ?
hi , i want to book a table
what part of town do you have in mind ?
hi , i want a venue in the expensive price range and in the north of town .
what kind of food would you like ?
i need a chinese venue .
hakka is a nice place , it serves chinese food , it is in the expensive price range and it is in the north part of town .
what is the address ?
hakka is a nice place their address is milton road chesterton .
thanks for your help thing , goodbye .
thank you , goodbye .
Reward: 0.9765785336494446

hello , welcome to the restaurant finding system . how may i help you ?
i need another restaurant .
what part of town do you have in mind ?
i prefer an restaurant .
what part of town do you have in mind ?
i prefer a venue in north .
what kind of food would you like ?
i need a chinese venue .
would you like something in the cheap , moderate , or expensive price range ?
i want a venue in the expensive price range .
hakka is a nice place , it is in the expensive price range , it serves chinese food and it is in the north part of town .
what is the phone number of the restaurant ?
hakka is a nice place their phone number is 0 1223 568988 .
thanks for your help , goodbye .
thank you , goodbye .
Reward: 0.9765785336494446

hello , welcome to the restaurant finding system . how may i help you ?
i need another restaurant .
what part of town do you have in mind ?
i prefer a venue in north .
what kind of food would you like ?
i need a chinese venue .
would you like something in the cheap , moderate , or expensive price range ?
it doesn ' t matter .
would you like something in the cheap , moderate , or expensive price range ?
i want a venue in the expensive price range .
hakka is a nice place , it is in the expensive price range , it is in the north part of town and it serves chinese food .
okay , i need a venue in the expensive price range .
hakka is a nice place , it is in the expensive price range , it is in the north part of town and it serves chinese food .
what is the address ?
hakka is a nice place their address is milton road chesterton .
Reward: 0.9765785336494446

hello , welcome to the restaurant finding system . how may i help you ?
i need another restaurant .
what part of town do you have in mind ?
i am ok with everything . i want a venue serving portuguese food and any price range is okay .
what part of town do you have in mind ?
i prefer a venue in east .
i am sorry but there is no place , serving portuguese food and in the area of east .
what are the address of nandos centre of food ?
nandos is a nice place their address is cambridge leisure park clifton way .
thanks for your help , goodbye .
thank you , goodbye .
Reward: 0.9765785336494446

hello , welcome to the restaurant finding system . how may i help you ?
hi , i want to book a table
what part of town do you have in mind ?
i want a venue in the moderate price range and in the west of town .
what kind of food would you like ?
i need a chinese venue .
i am sorry but there is no place , in the moderate price range , serving chinese food and in the area of west .
thanks for your help , goodbye .
thank you , goodbye .
Reward: 0.9691687822341919

hello , welcome to the restaurant finding system . how may i help you ?
hi , i want to book a table
what part of town do you have in mind ?
i prefer a venue in centre .
what kind of food would you like ?
i want a restaurant in the moderate price range and in the north of town .
what kind of food would you like ?
i want a venue in the north of town . any price range is okay .
what kind of food would you like ?
i need a indian venue .
the nirala is a nice place , it is in the north part of town , it is in the moderate price range and it serves indian food .
what is the address ?
the nirala is a nice place their address is 7 milton road chesterton .
thanks for your help , goodbye .
thank you , goodbye .
Reward: 0.9691687822341919

hello , welcome to the restaurant finding system . how may i help you ?
hi , i want to book a table
what part of town do you have in mind ?
i want a venue in the moderate price range and in the centre of town .
what kind of food would you like ?
i need a indian venue .
i am sorry but there is no place , serving indian food , in the area of centre and in the moderate price range .
thanks for your help , goodbye .
thank you , goodbye .
Reward: 0.9691687822341919

hello , welcome to the restaurant finding system . how may i help you ?
i need a restaurant in centre .
what kind of food would you like ?
i need a spot in the expensive price range and in the centre of town .
what kind of food would you like ?
i need a indian venue .
curry garden is a nice place , it is in the centre of town , it is in the expensive price range and it serves indian food .
thanks for your help , goodbye .
thank you , goodbye .
Reward: 0.9691687822341919

hello , welcome to the restaurant finding system . how may i help you ?
hi , i want to book a table
what part of town do you have in mind ?
i prefer a venue in centre .
what kind of food would you like ?
i need a chinese venue .
would you like something in the cheap , moderate , or expensive price range ?
i want a venue in the expensive price range .
hk fusion is a nice place , it is in the expensive price range , it serves chinese food and it is in the centre of town .
wait , i want something else . i need another restaurant .
tang chinese is a nice place , it is in the expensive price range , it serves chinese food and it is in the centre of town .
thanks for your help , goodbye .
thank you , goodbye .
Reward: 0.9691687822341919

hello , welcome to the restaurant finding system . how may i help you ?
hi , i want to book a table
what part of town do you have in mind ?
it doesn ' t matter .
what part of town do you have in mind ?
i prefer a venue in north .
what kind of food would you like ?
i need a chinese venue .
would you like something in the cheap , moderate , or expensive price range ?
it doesn ' t matter .
would you like something in the cheap , moderate , or expensive price range ?
i want a venue in the expensive price range .
hakka is a nice place , it serves chinese food , it is in the north part of town and it is in the expensive price range .
no , i am not looking for this . please show me another one .
the hotpot is a nice place , it is in the expensive price range , it serves chinese food and it is in the north part of town .
Reward: 0.9691687822341919

hello , welcome to the restaurant finding system . how may i help you ?
i want a restaurant in the moderate price range and in the west of town .
what kind of food would you like ?
i need a indian venue .
i am sorry but there is no place , in the moderate price range , serving indian food and in the area of west .
thanks
thank you , goodbye .
Reward: 0.9691687822341919

hello , welcome to the restaurant finding system . how may i help you ?
hi , i want to book a table
what part of town do you have in mind ?
i prefer a venue in south .
what kind of food would you like ?
i want a venue in the expensive price range serving british food .
i am sorry but there is no place , in the area of south , in the expensive price range and serving british food .
thanks for your help , goodbye .
thank you , goodbye .
Reward: 0.968954861164093

hello , welcome to the restaurant finding system . how may i help you ?
i need another restaurant .
what part of town do you have in mind ?
i prefer a venue in north .
what kind of food would you like ?
i want a venue in the expensive price range and in the north of town .
what kind of food would you like ?
it doesn ' t matter .
what kind of food would you like ?
i want a venue in the south of town . i want a venue in the north of town .
what kind of food would you like ?
i need a chinese venue .
hakka is a nice place , it is in the expensive price range , it serves chinese food and it is in the north part of town .
thanks for your help , goodbye .
thank you , goodbye .
Reward: 0.968954861164093

hello , welcome to the restaurant finding system . how may i help you ?
i need another restaurant .
what part of town do you have in mind ?
it doesn ' t matter .
what part of town do you have in mind ?
i prefer a venue in east .
what kind of food would you like ?
i want a venue in the north of town . what is the address ?
what kind of food would you like ?
i want a venue in the south of town . i want a venue in the expensive price range .
what kind of food would you like ?
i want a venue in the south of town . it doesn ' t matter .
what kind of food would you like ?
i want a venue in the expensive price range serving chinese food .
the good luck chinese food takeaway is a nice place , it is in the south part of town , it is in the expensive price range and it serves chinese food .
Reward: 0.968954861164093

hello , welcome to the restaurant finding system . how may i help you ?
hi , i want to book a table
what part of town do you have in mind ?
i want a restaurant in the cheap price range and in the north of town .
what kind of food would you like ?
i want a venue in the south of town .
what kind of food would you like ?
i want a venue in the north of town . any price range is okay .
what kind of food would you like ?
i want a venue in the moderate price range serving chinese food .
golden wok is a nice place , it serves chinese food , it is in the moderate price range and it is in the north part of town .
thanks for your help , goodbye .
thank you , goodbye .
Reward: 0.968954861164093

hello , welcome to the restaurant finding system . how may i help you ?
i need another restaurant .
what part of town do you have in mind ?
i prefer a venue in east .
what kind of food would you like ?
i need a chinese venue .
yu garden is a nice place , it is in the east part of town and it serves chinese food .
what is the number of the restaurant ?
would you like something in the cheap , moderate , or expensive price range ?
i want a venue in the expensive price range .
yu garden is a nice place , it is in the east part of town , it is in the expensive price range and it serves chinese food .
what is the phone number of the restaurant ?
yu garden is a nice place their phone number is 0 1223 248882 .
thanks for your help , goodbye .
thank you , goodbye .
Reward: 0.968954861164093

hello , welcome to the restaurant finding system . how may i help you ?
i need another restaurant .
what part of town do you have in mind ?
i prefer a venue in north .
what kind of food would you like ?
i need a chinese venue .
would you like something in the cheap , moderate , or expensive price range ?
it doesn ' t matter .
would you like something in the cheap , moderate , or expensive price range ?
i want a venue in the expensive price range .
hakka is a nice place , it is in the north part of town , it serves chinese food and it is in the expensive price range .
no , i am not looking for this . please show me another one .
the hotpot is a nice place , it is in the north part of town , it serves chinese food and it is in the expensive price range .
what is the address ?
the hotpot is a nice place their address is 66 chesterton road chesterton .
Reward: 0.968954861164093

hello , welcome to the restaurant finding system . how may i help you ?
hi , i want to book a table
what part of town do you have in mind ?
i need to want a venue in the restaurant .
what part of town do you have in mind ?
i prefer a venue in centre .
what kind of food would you like ?
i need a turkish venue .
would you like something in the cheap , moderate , or expensive price range ?
i want a venue in the moderate price range .
efes restaurant is a nice place , it is in the centre of town , it serves turkish food and it is in the moderate price range .
thanks very unhelpful .
thank you , goodbye .
Reward: 0.42337918281555176

hello , welcome to the restaurant finding system . how may i help you ?
hi , i want to book a table
what part of town do you have in mind ?
i want a venue in the moderate price range is .
what part of town do you have in mind ?
i prefer a venue in west .
what kind of food would you like ?
i want a venue in the expensive price range and in the north of town .
what kind of food would you like ?
i need a indian venue .
tandoori palace is a nice place , it is in the expensive price range , it serves indian food and it is in the north part of town .
thanks for your help , goodbye .
thank you , goodbye .
Reward: 0.42337918281555176

hello , welcome to the restaurant finding system . how may i help you ?
hi , i want to book a table
what part of town do you have in mind ?
i prefer a venue in centre .
what kind of food would you like ?
i want a venue in the expensive price range and in the north of town .
what kind of food would you like ?
i want a venue in the north of town . i want a venue in the north of town . any price range is okay
what kind of food would you like ?
i want a venue in the north of town . how long is in the north of town . i want a few months ?
what kind of food would you like ?
i want a venue in the expensive price range serving chinese food .
hakka is a nice place , it serves chinese food , it is in the north part of town and it is in the expensive price range .
thanks for your help , goodbye .
thank you , goodbye .
Reward: 0.42337918281555176

hello , welcome to the restaurant finding system . how may i help you ?
hi , i want to book a table
what part of town do you have in mind ?
i need a restaurant in centre .
what kind of food would you like ?
i need a chinese venue .
would you like something in the cheap , moderate , or expensive price range ?
i need a chinese venue .
would you like something in the cheap , moderate , or expensive price range ?
i want a venue in the moderate price range .
shanghai family restaurant is a nice place , it is in the moderate price range , it serves chinese food and it is in the centre of town .
thanks for your help , goodbye .
thank you , goodbye .
Reward: 0.42337918281555176

hello , welcome to the restaurant finding system . how may i help you ?
hi , i want to book a table
what part of town do you have in mind ?
i prefer a venue in centre .
what kind of food would you like ?
i need a chinese venue .
would you like something in the cheap , moderate , or expensive price range ?
i want a venue in the expensive price range .
hk fusion is a nice place , it is in the expensive price range , it is in the centre of town and it serves chinese food .
what is the phone number of the restaurant ?
hk fusion is a nice place their phone number is 0 1223 355909 .
thanks for your help , goodbye .
thank you , goodbye .
Reward: 0.42337918281555176

hello , welcome to the restaurant finding system . how may i help you ?
i need a restaurant in centre .
what kind of food would you like ?
i need a turkish venue .
would you like something in the cheap , moderate , or expensive price range ?
i want a venue in the moderate price range .
efes restaurant is a nice place , it is in the moderate price range , it serves turkish food and it is in the centre of town .
thanks for your help , goodbye .
thank you , goodbye .
Reward: 0.42337918281555176

hello , welcome to the restaurant finding system . how may i help you ?
i need another restaurant .
what part of town do you have in mind ?
it doesn ' t matter .
what part of town do you have in mind ?
i prefer a venue in south .
what kind of food would you like ?
i need a turkish venue .
i am sorry but there is no place , serving turkish food and in the area of south .
wait , i want something else . i want a venue serving spanish food .
i am sorry but there is no place , in the area of south and serving spanish food .
wait , i want something else . i want a european venue .
i am sorry but there is no place , in the area of south and serving european food .
what is the address of meze average ?
i am sorry but there is no place , in the area of south , in the moderate price range and serving european food .
Reward: 0.9655793309211731

hello , welcome to the restaurant finding system . how may i help you ?
i need a restaurant in centre .
what kind of food would you like ?
i want a restaurant anywhere .
what kind of food would you like ?
i want a restaurant in the grill in the cheap price range and in the centre of town .
what kind of food would you like ?
i need a international venue .
i am sorry but there is no place , in the area of centre , serving international food and in the cheap price range .
thanks for your help , goodbye .
thank you , goodbye .
Reward: 0.9655793309211731

hello , welcome to the restaurant finding system . how may i help you ?
i need another restaurant .
what part of town do you have in mind ?
i prefer a venue in north .
what kind of food would you like ?
i need a chinese venue .
would you like something in the cheap , moderate , or expensive price range ?
it doesn ' t matter .
would you like something in the cheap , moderate , or expensive price range ?
i want a venue in the expensive price range .
hakka is a nice place , it serves chinese food , it is in the expensive price range and it is in the north part of town .
no , i am not looking for this . please show me another one .
the hotpot is a nice place , it is in the north part of town , it serves chinese food and it is in the expensive price range .
no , i am not looking for this . please show me another one .
i am sorry but there is no place other than hakka and the hotpot in the area of north , serving chinese food and in the expensive price range .
Reward: 0.9655793309211731

hello , welcome to the restaurant finding system . how may i help you ?
hi , i want to book a table
what part of town do you have in mind ?
i want a venue in the moderate price range and in the north of town .
what kind of food would you like ?
i need a indian venue .
the nirala is a nice place , it is in the north part of town , it is in the moderate price range and it serves indian food .
what is the phone number of the venue ?
the nirala is a nice place their phone number is 0 1223 360966 .
what is the address ?
the nirala is a nice place , it is in the north part of town , it is in the moderate price range and it serves indian food .
what is the address ?
the nirala is a nice place , their address is 7 milton road chesterton and their phone number is 0 1223 360966 .
thanks for your help , goodbye .
thank you , goodbye .
Reward: 0.9655793309211731

hello , welcome to the restaurant finding system . how may i help you ?
hi , i want to book a table
what part of town do you have in mind ?
i want a restaurant in the expensive price range and in the north of town .
what kind of food would you like ?
i need a chinese venue .
hakka is a nice place , it serves chinese food , it is in the north part of town and it is in the expensive price range .
do i need a restaurant in the expensive price range ?
hakka is a nice place , it is in the north part of town , it serves chinese food and it is in the expensive price range .
no , i am not looking for this . please show me another one .
the hotpot is a nice place , it is in the north part of town , it is in the expensive price range and it serves chinese food .
i want a venue in the moderate price range and i am in the north of town .
golden wok is a nice place , it is in the north part of town , it is in the moderate price range and it serves chinese food .
thanks for your help , goodbye .
thank you , goodbye .
Reward: 0.9655793309211731

hello , welcome to the restaurant finding system . how may i help you ?
hi , i want to book a table
what part of town do you have in mind ?
i prefer a venue in centre .
what kind of food would you like ?
i need a chinese venue .
would you like something in the cheap , moderate , or expensive price range ?
it doesn ' t matter .
would you like something in the cheap , moderate , or expensive price range ?
i want a venue in the expensive price range .
hk fusion is a nice place , it is in the expensive price range , it is in the centre of town and it serves chinese food .
thanks for your help , goodbye .
thank you , goodbye .
Reward: 0.9655793309211731

hello , welcome to the restaurant finding system . how may i help you ?
hi , i want to book a table
what part of town do you have in mind ?
it doesn ' t matter .
what part of town do you have in mind ?
it doesn ' t matter .
what part of town do you have in mind ?
i prefer a venue in north .
what kind of food would you like ?
i need a indian venue .
would you like something in the cheap , moderate , or expensive price range ?
i want a venue in the expensive price range .
tandoori palace is a nice place , it is in the north part of town , it is in the expensive price range and it serves indian food .
what is the number of the restaurant ?
can i help you with anything else ?
Reward: 0.9675197005271912

hello , welcome to the restaurant finding system . how may i help you ?
i need another restaurant .
what part of town do you have in mind ?
i prefer a venue in north .
what kind of food would you like ?
i need a indian venue .
would you like something in the cheap , moderate , or expensive price range ?
i want a venue in the expensive price range .
tandoori palace is a nice place , it is in the expensive price range , it is in the north part of town and it serves indian food .
what is the address ?
tandoori palace is a nice place their address is 68 histon road chesterton .
thanks for your help , goodbye .
thank you , goodbye .
Reward: 0.9675197005271912

hello , welcome to the restaurant finding system . how may i help you ?
hi , i want to book a table
what part of town do you have in mind ?
i want a venue in the expensive price range and in the north of town .
what kind of food would you like ?
i want a venue in the south of town .
what kind of food would you like ?
i need a indian venue .
taj tandoori is a nice place , it serves indian food , it is in the expensive price range and it is in the south part of town .
how about any price range is okay .
taj tandoori is a nice place , it serves indian food , it is in the expensive price range and it is in the south part of town .
what is the address ?
taj tandoori is a nice place their address is 64 cherry hinton road cherry hinton .
thanks for your help , goodbye .
thank you , goodbye .
Reward: 0.9675197005271912

hello , welcome to the restaurant finding system . how may i help you ?
i need a restaurant in centre .
what kind of food would you like ?
i need a chinese venue .
would you like something in the cheap , moderate , or expensive price range ?
it doesn ' t matter .
would you like something in the cheap , moderate , or expensive price range ?
i want a venue in the expensive price range .
hk fusion is a nice place , it serves chinese food , it is in the expensive price range and it is in the centre of town .
thanks for your help , goodbye .
thank you , goodbye .
Reward: 0.9675197005271912

hello , welcome to the restaurant finding system . how may i help you ?
i need another restaurant .
what part of town do you have in mind ?
i prefer a venue in south .
what kind of food would you like ?
i need a indian venue .
taj tandoori is a nice place , it serves indian food and it is in the south part of town .
why is this worth ?
taj tandoori is a nice place , it is in the south part of town and it serves indian food .
what is the address of the restaurant ?
taj tandoori is a nice place their address is 64 cherry hinton road cherry hinton .
thanks for your help , goodbye .
thank you , goodbye .
Reward: 0.9675197005271912

hello , welcome to the restaurant finding system . how may i help you ?
i need another restaurant .
what part of town do you have in mind ?
i prefer a venue in north .
what kind of food would you like ?
i want a venue in the expensive price range serving goth food .
what kind of food would you like ?
i want a venue in the moderate price range and in the cheap price range .
what kind of food would you like ?
i want a venue in any part of town . i want something else .
the gandhi is a nice place , it is in the centre of town and it is in the cheap price range .
thanks for your help , goodbye .
thank you , goodbye .
Reward: 0.9675197005271912

hello , welcome to the restaurant finding system . how may i help you ?
i need everything . what is the address ?
i ' m having trouble understanding what you want . could you please rephrase it ?
i want a mediterranean venue .
i ' m having trouble understanding what you want . could you please rephrase it ?
i need a restaurant in centre .
what kind of food would you like ?
i want a venue in the expensive price range and in the moderate price range .
what kind of food would you like ?
i want a restaurant in the moderate price range and in the centre of town .
what kind of food would you like ?
i need a indian venue .
i am sorry but there is no place , serving indian food , in the area of centre and in the moderate price range .
thanks for your help , goodbye .
thank you , goodbye .
Reward: 0.9644781351089478

hello , welcome to the restaurant finding system . how may i help you ?
hi , i want to book a table
what part of town do you have in mind ?
it doesn ' t matter .
what part of town do you have in mind ?
i prefer a venue in centre .
what kind of food would you like ?
i want a venue in the moderate price range is and in the north of town .
what kind of food would you like ?
i want a venue in the south of town . it doesn ' t matter .
what kind of food would you like ?
i want a venue in the south of town . what is the address ?
what kind of food would you like ?
i need a european venue .
i am sorry but there is no place , in the moderate price range , in the area of south and serving european food .
Reward: 0.9644781351089478

hello , welcome to the restaurant finding system . how may i help you ?
hi , i want to book a table
what part of town do you have in mind ?
i prefer a venue in south .
what kind of food would you like ?
i want a venue in the moderate price range and in the north of town .
what kind of food would you like ?
i need a british venue .
i am sorry but there is no place , in the area of north , serving british food and in the moderate price range .
thanks for goodbye .
thank you , goodbye .
Reward: 0.9644781351089478

hello , welcome to the restaurant finding system . how may i help you ?
i need another restaurant .
what part of town do you have in mind ?
it doesn ' t matter .
what part of town do you have in mind ?
i prefer a venue in north .
what kind of food would you like ?
i need a chinese venue .
would you like something in the cheap , moderate , or expensive price range ?
i want a venue in the expensive price range .
hakka is a nice place , it is in the expensive price range , it serves chinese food and it is in the north part of town .
what is the phone number of the restaurant ?
hakka is a nice place their phone number is 0 1223 568988 .
thanks for your help , goodbye .
thank you , goodbye .
Reward: 0.9644781351089478

hello , welcome to the restaurant finding system . how may i help you ?
hi , i want for a restaurant in centre .
what kind of food would you like ?
i need a indian venue .
would you like something in the cheap , moderate , or expensive price range ?
i want a venue in the moderate price range .
i am sorry but there is no place , in the moderate price range , in the area of centre and serving indian food .
thanks for your help , goodbye .
thank you , goodbye .
Reward: 0.9644781351089478

hello , welcome to the restaurant finding system . how may i help you ?
i need another restaurant .
what part of town do you have in mind ?
i prefer a venue in north .
what kind of food would you like ?
i need a chinese venue .
would you like something in the cheap , moderate , or expensive price range ?
it doesn ' t matter .
would you like something in the cheap , moderate , or expensive price range ?
it doesn ' t matter .
would you like something in the cheap , moderate , or expensive price range ?
i want a venue in the expensive price range .
hakka is a nice place , it is in the expensive price range , it is in the north part of town and it serves chinese food .
what is the address ?
hakka is a nice place their address is milton road chesterton .
Reward: 0.9644781351089478

hello , welcome to the restaurant finding system . how may i help you ?
hi , i want to book a table
what part of town do you have in mind ?
i prefer a venue in centre .
what kind of food would you like ?
i need a mediterranean venue .
would you like something in the cheap , moderate , or expensive price range ?
i want a restaurant in the expensive price range .
la mimosa is a nice place , it is in the centre of town , it is in the expensive price range and it serves mediterranean food .
what is the address ?
la mimosa is a nice place their address is thompsons lane fen ditton .
is this by ?
la mimosa is a nice place , it is in the centre of town , it is in the expensive price range and it serves mediterranean food .
thanks for your help , goodbye .
thank you , goodbye .
Reward: 0.9742544293403625

hello , welcome to the restaurant finding system . how may i help you ?
i need another restaurant .
what part of town do you have in mind ?
it doesn ' t matter .
what part of town do you have in mind ?
i need a venue in centre .
what kind of food would you like ?
i need a european venue .
would you like something in the cheap , moderate , or expensive price range ?
i want a venue in the expensive price range .
michaelhouse cafe is a nice place , it is in the expensive price range , it is in the centre of town and it serves european food .
what is the address of michaelhouse cafe ?
michaelhouse cafe is a nice place their address is st . michael ' s church trinity street city centre .
thanks for your help , goodbye .
thank you , goodbye .
Reward: 0.9742544293403625

hello , welcome to the restaurant finding system . how may i help you ?
i need another restaurant .
what part of town do you have in mind ?
i prefer a venue in west .
what kind of food would you like ?
everything is fine . i want a venue in the cheap price range .
what kind of food would you like ?
everything is fine . i want a venue serving portuguese food .
i am sorry but there is no place , in the area of west , in the cheap price range and serving portuguese food .
i am not looking for this . please show me another one .
i am sorry but there is no place , serving portuguese food , in the cheap price range and in the area of west .
thanks for your help , goodbye .
thank you , goodbye .
Reward: 0.9742544293403625

hello , welcome to the restaurant finding system . how may i help you ?
hi , i want to book a table
what part of town do you have in mind ?
i want a venue in the expensive price range is in the centre of town .
what kind of food would you like ?
i need a indian venue .
curry garden is a nice place , it serves indian food , it is in the centre of town and it is in the expensive price range .
thanks for your help , goodbye .
thank you , goodbye .
Reward: 0.9742544293403625

hello , welcome to the restaurant finding system . how may i help you ?
hi , i want to book a table
what part of town do you have in mind ?
i prefer a venue in west .
what kind of food would you like ?
i need a chinese venue .
i am sorry but there is no place , serving chinese food and in the area of west .
thanks for your help , goodbye .
thank you , goodbye .
Reward: 0.9742544293403625

hello , welcome to the restaurant finding system . how may i help you ?
i need another restaurant .
what part of town do you have in mind ?
i prefer a venue in north .
what kind of food would you like ?
i need a indian venue .
would you like something in the cheap , moderate , or expensive price range ?
i want a restaurant in the expensive price range .
tandoori palace is a nice place , it is in the expensive price range , it serves indian food and it is in the north part of town .
what is the phone number of the restaurant ?
tandoori palace is a nice place their phone number is 0 1223 506055 .
thanks for your help , goodbye .
thank you , goodbye .
Reward: 0.9738381505012512

hello , welcome to the restaurant finding system . how may i help you ?
i need another restaurant .
what part of town do you have in mind ?
it doesn ' t matter .
what part of town do you have in mind ?
i prefer a venue in north .
what kind of food would you like ?
i need a chinese venue .
would you like something in the cheap , moderate , or expensive price range ?
i want a venue in the expensive price range .
hakka is a nice place , it is in the north part of town , it serves chinese food and it is in the expensive price range .
what is the address ?
hakka is a nice place their address is milton road chesterton .
thanks for your help , goodbye .
thank you , goodbye .
Reward: 0.9738381505012512

hello , welcome to the restaurant finding system . how may i help you ?
i need another restaurant .
what part of town do you have in mind ?
i prefer a venue in north .
what kind of food would you like ?
i need a chinese venue .
would you like something in the cheap , moderate , or expensive price range ?
it doesn ' t matter .
would you like something in the cheap , moderate , or expensive price range ?
i want a venue in the expensive price range .
hakka is a nice place , it serves chinese food , it is in the north part of town and it is in the expensive price range .
what is the address ?
hakka is a nice place their address is milton road chesterton .
thanks for your help , goodbye .
thank you , goodbye .
Reward: 0.9738381505012512

hello , welcome to the restaurant finding system . how may i help you ?
hi , i want to book a table
what part of town do you have in mind ?
i prefer a venue in centre .
what kind of food would you like ?
i need a british venue .
would you like something in the cheap , moderate , or expensive price range ?
i want a venue in the moderate price range .
cotto is a nice place , it serves british food , it is in the moderate price range and it is in the centre of town .
thanks for your help , goodbye .
thank you , goodbye .
Reward: 0.9738381505012512

hello , welcome to the restaurant finding system . how may i help you ?
hi , i want to book a table
what part of town do you have in mind ?
i prefer a venue in centre .
what kind of food would you like ?
i need a restaurant in the moderate price range serving chinese food .
shanghai family restaurant is a nice place , it is in the centre of town , it serves chinese food and it is in the moderate price range .
thanks for your help , goodbye .
thank you , goodbye .
Reward: 0.9738381505012512

hello , welcome to the restaurant finding system . how may i help you ?
hi , i want to book a table
what part of town do you have in mind ?
i prefer a venue in north .
what kind of food would you like ?
everything is fine . i want a venue in the expensive price range .
what kind of food would you like ?
i want a venue in the moderate price range and in the centre of town .
what kind of food would you like ?
i need a indian venue .
i am sorry but there is no place , in the moderate price range , in the area of centre and serving indian food .
thanks for your help , goodbye .
thank you , goodbye .
Reward: 0.9738381505012512

hello , welcome to the restaurant finding system . how may i help you ?
i need another restaurant .
what part of town do you have in mind ?
i want a venue in the moderate price range and in the south of town .
what kind of food would you like ?
i want a venue in the moderate price range and in the north of town .
what kind of food would you like ?
i want a venue in the south of town . i want a venue in the north of town .
what kind of food would you like ?
i need a indian venue .
the nirala is a nice place , it is in the north part of town , it is in the moderate price range and it serves indian food .
i am not looking for this . please men and any price range is okay .
the nirala is a nice place , it is in the north part of town , it is in the moderate price range and it serves indian food .
what is the address ?
the nirala is a nice place their address is 7 milton road chesterton .
Reward: 0.9738381505012512

hello , welcome to the restaurant finding system . how may i help you ?
hi , i want to book a table
what part of town do you have in mind ?
i prefer a venue in centre .
what kind of food would you like ?
i want a venue in the moderate price range and in the north of town .
what kind of food would you like ?
i want a venue in the south of town . i need a european venue .
i am sorry but there is no place , in the moderate price range , in the area of south and serving european food .
what is the address ?
i am sorry but there is no place , in the moderate price range , serving european food and in the area of south .
learn some restaurant in the moderate price range and in the centre of town .
galleria is a nice place , it is in the centre of town , it serves european food and it is in the moderate price range .
thanks for your help , goodbye .
thank you , goodbye .
Reward: 0.967993974685669

hello , welcome to the restaurant finding system . how may i help you ?
hi , i want to book a table
what part of town do you have in mind ?
i prefer a venue in centre .
what kind of food would you like ?
i want a restaurant in the moderate price range serving chinese food .
shanghai family restaurant is a nice place , it is in the centre of town , it serves chinese food and it is in the moderate price range .
thanks for your help , goodbye .
thank you , goodbye .
Reward: 0.967993974685669

hello , welcome to the restaurant finding system . how may i help you ?
hi , i want to book a table
what part of town do you have in mind ?
it doesn ' t matter .
what part of town do you have in mind ?
i prefer a venue in south .
what kind of food would you like ?
i need a chinese venue .
would you like something in the cheap , moderate , or expensive price range ?
it doesn ' t matter .
would you like something in the cheap , moderate , or expensive price range ?
it doesn ' t matter .
would you like something in the cheap , moderate , or expensive price range ?
it doesn ' t matter .
would you like something in the cheap , moderate , or expensive price range ?
Reward: 0.967993974685669

hello , welcome to the restaurant finding system . how may i help you ?
i need another restaurant .
what part of town do you have in mind ?
i prefer a venue in centre .
what kind of food would you like ?
i want a venue in the moderate price range and
what kind of food would you like ?
i want a venue in the expensive price range and in the north of town . get a venue serving chinese food .
hakka is a nice place , it is in the expensive price range , it serves chinese food and it is in the north part of town .
no , i am not looking for this . please show me another one .
the hotpot is a nice place , it serves chinese food , it is in the north part of town and it is in the expensive price range .
no , i am not looking for this . please show me another one .
i am sorry but there is no place other than the hotpot and hakka serving chinese food , in the area of north and in the expensive price range .
thanks for your help , goodbye .
thank you , goodbye .
Reward: 0.967993974685669

hello , welcome to the restaurant finding system . how may i help you ?
hi , i want to book a table
what part of town do you have in mind ?
i prefer a venue in south .
what kind of food would you like ?
hi , i want a venue in the moderate price range .
what kind of food would you like ?
i want a venue in the expensive price range and in the north of town . i want a venue in the expensive price range
what kind of food would you like ?
i want a venue in the north of town . any price range serving chinese food .
hakka is a nice place , it is in the north part of town , it serves chinese food and it is in the expensive price range .
what is the address ?
hakka is a nice place their address is milton road chesterton .
thanks for your help , goodbye .
thank you , goodbye .
Reward: 0.967993974685669

hello , welcome to the restaurant finding system . how may i help you ?
hi , i want to book a table
what part of town do you have in mind ?
i prefer a venue in east .
what kind of food would you like ?
i need a chinese venue .
yu garden is a nice place , it is in the east part of town and it serves chinese food .
what is the phone number of the restaurant ?
yu garden is a nice place their phone number is 0 1223 248882 .
what is the address ?
yu garden is a nice place , it is in the east part of town and it serves chinese food .
what is the address ?
yu garden is a nice place , their phone number is 0 1223 248882 and their address is 529 newmarket road fen ditton .
thanks for your help , goodbye .
thank you , goodbye .
Reward: 0.967993974685669

hello , welcome to the restaurant finding system . how may i help you ?
hi , i want to book an rules .
i ' m having trouble understanding what you want . could you please rephrase it ?
i want a tell me the venue in the moderate price range and is okay .
thank you , goodbye .
Reward: 0.974254310131073

hello , welcome to the restaurant finding system . how may i help you ?
hi , i want to book a table
what part of town do you have in mind ?
i want a venue serving thai food . any price range is okay .
what part of town do you have in mind ?
i prefer a venue in centre .
bangkok city is a nice place , it is in the centre of town , it is in the expensive price range and it serves thai food .
what is the phone number of the restaurant ?
bangkok city is a nice place their phone number is 0 1223 354382 .
what is the address ?
bangkok city is a nice place , it is in the centre of town , it serves thai food and it is in the expensive price range .
thanks for your help , goodbye .
thank you , goodbye .
Reward: 0.974254310131073

hello , welcome to the restaurant finding system . how may i help you ?
i need another restaurant .
what part of town do you have in mind ?
i prefer a venue in north .
what kind of food would you like ?
i need a indian venue .
would you like something in the cheap , moderate , or expensive price range ?
i want a venue in the moderate price range .
the nirala is a nice place , it is in the north part of town , it serves indian food and it is in the moderate price range .
no , i am not looking for these . please math to the one of town .
the nirala is a nice place , it is in the north part of town , it serves indian food and it is in the moderate price range .
no , i am not looking for this . i ' m in the north of town . what is the address ?
the nirala is a nice place their address is 7 milton road chesterton .
thanks for your help , goodbye .
thank you , goodbye .
Reward: 0.974254310131073

hello , welcome to the restaurant finding system . how may i help you ?
hi , i want to book a table
what part of town do you have in mind ?
i prefer a venue in centre .
what kind of food would you like ?
i need a british venue .
would you like something in the cheap , moderate , or expensive price range ?
i prefer a venue in the expensive price range .
midsummer house restaurant is a nice place , it serves british food , it is in the centre of town and it is in the expensive price range .
what is the phone number of the restaurant ?
midsummer house restaurant is a nice place their phone number is 0 1223 369299 .
is it in the expensive price range ?
midsummer house restaurant is a nice place , it is in the expensive price range , it serves british food and it is in the centre of town .
thanks for your help , goodbye .
thank you , goodbye .
Reward: 0.974254310131073

hello , welcome to the restaurant finding system . how may i help you ?
i need another restaurant .
what part of town do you have in mind ?
i prefer a venue in north .
what kind of food would you like ?
i need a chinese venue .
would you like something in the cheap , moderate , or expensive price range ?
it doesn ' t matter .
would you like something in the cheap , moderate , or expensive price range ?
it doesn ' t matter .
would you like something in the cheap , moderate , or expensive price range ?
i want a venue in the moderate price range .
golden wok is a nice place , it is in the north part of town , it is in the moderate price range and it serves chinese food .
thanks for your help , goodbye .
thank you , goodbye .
Reward: 0.974254310131073

hello , welcome to the restaurant finding system . how may i help you ?
hi , i want to book a table
what part of town do you have in mind ?
i prefer a venue in north .
what kind of food would you like ?
i need a british restaurant .
city stop restaurant is a nice place , it is in the north part of town and it serves british food .
what is the address ?
city stop restaurant is a nice place their address is cambridge city football club milton road chesterton .
thanks for your help , goodbye .
thank you , goodbye .
Reward: 0.9676114320755005

hello , welcome to the restaurant finding system . how may i help you ?
hi . i want a venue in the expensive price range .
i ' m having trouble understanding what you want . could you please rephrase it ?
i want a restaurant in east . i need a trip in any part of town .
what kind of food would you like ?
i need a chinese venue .
yu garden is a nice place , it is in the east part of town and it serves chinese food .
is it in the expensive price range ?
yu garden is a nice place , it serves chinese food , it is in the expensive price range and it is in the east part of town .
what is the address ?
yu garden is a nice place their address is 529 newmarket road fen ditton .
thanks for your help , goodbye .
thank you , goodbye .
Reward: 0.9676114320755005

hello , welcome to the restaurant finding system . how may i help you ?
hi , i want to book a table
what part of town do you have in mind ?
i prefer a venue in centre .
what kind of food would you like ?
i want a venue in the moderate price range and in the north of town .
what kind of food would you like ?
i need a indian venue .
the nirala is a nice place , it serves indian food , it is in the moderate price range and it is in the north part of town .
what is the phone number of the restaurant ?
the nirala is a nice place their phone number is 0 1223 360966 .
what is the address ?
the nirala is a nice place , it is in the moderate price range , it serves indian food and it is in the north part of town .
what is the address ?
the nirala is a nice place , their phone number is 0 1223 360966 and their address is 7 milton road chesterton .
Reward: 0.9676114320755005

hello , welcome to the restaurant finding system . how may i help you ?
hi , i want to book a table
what part of town do you have in mind ?
i prefer a venue in north .
what kind of food would you like ?
i need a chinese venue .
would you like something in the cheap , moderate , or expensive price range ?
i want a venue in the moderate price range .
golden wok is a nice place , it serves chinese food , it is in the moderate price range and it is in the north part of town .
what is the address ?
golden wok is a nice place their address is 191 histon road chesterton .
thanks for your help , goodbye .
thank you , goodbye .
Reward: 0.9676114320755005

hello , welcome to the restaurant finding system . how may i help you ?
i need a restaurant in centre .
what kind of food would you like ?
i need a british venue .
would you like something in the cheap , moderate , or expensive price range ?
it doesn ' t matter .
would you like something in the cheap , moderate , or expensive price range ?
i want a venue in the moderate price range .
cotto is a nice place , it serves british food , it is in the moderate price range and it is in the centre of town .
thanks for your help , goodbye .
thank you , goodbye .
Reward: 0.9676114320755005

hello , welcome to the restaurant finding system . how may i help you ?
i need another restaurant .
what part of town do you have in mind ?
i am okay with 714 th of town .
thank you , goodbye .
Reward: 0.9676114320755005

hello , welcome to the restaurant finding system . how may i help you ?
hi , i want to book a table
what part of town do you have in mind ?
i prefer a venue in north .
what kind of food would you like ?
i need a chinese venue .
would you like something in the cheap , moderate , or expensive price range ?
it doesn ' t matter .
would you like something in the cheap , moderate , or expensive price range ?
it doesn ' t matter .
would you like something in the cheap , moderate , or expensive price range ?
it doesn ' t matter .
would you like something in the cheap , moderate , or expensive price range ?
i want a venue in the expensive price range .
hakka is a nice place , it is in the expensive price range , it is in the north part of town and it serves chinese food .
Reward: 0.9690069556236267

hello , welcome to the restaurant finding system . how may i help you ?
hi , i want to book a table
what part of town do you have in mind ?
i want a venue in the moderate price range and in the north of town .
what kind of food would you like ?
i want a venue in the south of town .
what kind of food would you like ?
i need a indian venue .
i am sorry but there is no place , in the area of south , serving indian food and in the moderate price range .
thanks for your help , goodbye .
thank you , goodbye .
Reward: 0.9690069556236267

