hello , welcome to the restaurant finding system . how may i help you ?
i need a european restaurant .
what part of town do you have in mind ?
i want a venue with a restaurant in the expensive price range .
what part of town do you have in mind ?
i want a venue in the expensive price range and in the centre of town .
michaelhouse cafe is a nice place , it serves european food , it is in the centre of town and it is in the expensive price range .
what is the address of the restaurant ?
michaelhouse cafe is a nice place their address is st . michael ' s church trinity street city centre .
thanks for your help , goodbye .
thank you , goodbye .
Reward: 0.9153028726577759

hello , welcome to the restaurant finding system . how may i help you ?
i want a restaurant in the moderate price range and in the centre of town .
what kind of food would you like ?
i need a indian venue .
i am sorry but there is no place , serving indian food , in the area of centre and in the moderate price range .
thanks for your help , goodbye .
thank you , goodbye .
Reward: 0.9153028726577759

hello , welcome to the restaurant finding system . how may i help you ?
i want a restaurant in the moderate price range .
what part of town do you have in mind ?
it doesn ' t matter .
what part of town do you have in mind ?
i prefer a venue in centre .
what kind of food would you like ?
i need a chinese venue .
shanghai family restaurant is a nice place , it is in the moderate price range , it is in the centre of town and it serves chinese food .
thanks for your help , goodbye .
thank you , goodbye .
Reward: 0.9153028726577759

hello , welcome to the restaurant finding system . how may i help you ?
hi , i want to book a table
what part of town do you have in mind ?
i prefer a venue in south .
what kind of food would you like ?
i need a chinese venue .
would you like something in the cheap , moderate , or expensive price range ?
i want a table in the expensive price range .
the good luck chinese food takeaway is a nice place , it is in the expensive price range , it serves chinese food and it is in the south part of town .
great , i want something else . any price range is okay .
the lucky star is a nice place , it is in the south part of town , it is in the cheap price range and it serves chinese food .
please tell me the phone number of the restaurant .
the lucky star is a nice place their phone number is 0 1223 244277 .
thanks for your help , goodbye .
thank you , goodbye .
Reward: 0.9153028726577759

hello , welcome to the restaurant finding system . how may i help you ?
i need another restaurant .
what part of town do you have in mind ?
it doesn ' t matter .
what part of town do you have in mind ?
i want a venue in the moderate price range and in the centre of town .
what kind of food would you like ?
i need a indian venue .
i am sorry but there is no place , in the area of centre , in the moderate price range and serving indian food .
thanks for your help , goodbye .
thank you , goodbye .
Reward: 0.9153028726577759

hello , welcome to the restaurant finding system . how may i help you ?
hi , i want to book a table
what part of town do you have in mind ?
i prefer a venue in centre .
what kind of food would you like ?
i need a chinese venue .
would you like something in the cheap , moderate , or expensive price range ?
i want a venue in the expensive price range .
hk fusion is a nice place , it serves chinese food , it is in the expensive price range and it is in the centre of town .
wait , i want something else . i want a international venue .
i am sorry but there is no place , in the expensive price range , in the area of centre and serving international food .
i ' m thinking of my restaurant . i want a venue in the moderate price range .
bloomsbury restaurant is a nice place , it is in the centre of town , it serves international food and it is in the moderate price range .
thanks for your help , goodbye .
thank you , goodbye .
Reward: 0.7300409078598022

hello , welcome to the restaurant finding system . how may i help you ?
i need another restaurant .
what part of town do you have in mind ?
i prefer a venue in north .
what kind of food would you like ?
i need a indian venue .
would you like something in the cheap , moderate , or expensive price range ?
i want a venue in the expensive price range .
tandoori palace is a nice place , it is in the north part of town , it is in the expensive price range and it serves indian food .
what is the address ?
tandoori palace is a nice place their address is 68 histon road chesterton .
thanks for your help , goodbye .
thank you , goodbye .
Reward: 0.7300409078598022

hello , welcome to the restaurant finding system . how may i help you ?
hi , i want to book a table
what part of town do you have in mind ?
i want a venue in the moderate price range and in the centre of town .
what kind of food would you like ?
i need a international venue .
bloomsbury restaurant is a nice place , it is in the moderate price range , it serves international food and it is in the centre of town .
what is the phone number of the restaurant ?
bloomsbury restaurant is a nice place their phone number is 0 871 942 9180 .
what is the address ?
bloomsbury restaurant is a nice place , it is in the centre of town , it serves international food and it is in the moderate price range .
thanks for your help , goodbye .
thank you , goodbye .
Reward: 0.7300409078598022

hello , welcome to the restaurant finding system . how may i help you ?
i need another restaurant .
what part of town do you have in mind ?
i prefer a venue in south .
what kind of food would you like ?
i need a chinese venue .
would you like something in the cheap , moderate , or expensive price range ?
it doesn ' t matter .
would you like something in the cheap , moderate , or expensive price range ?
i want a venue in the expensive price range .
the good luck chinese food takeaway is a nice place , it serves chinese food , it is in the south part of town and it is in the expensive price range .
thanks for your help , goodbye .
thank you , goodbye .
Reward: 0.9083799719810486

hello , welcome to the restaurant finding system . how may i help you ?
hi , i want to book a table
what part of town do you have in mind ?
i prefer a venue in centre .
what kind of food would you like ?
i want a restaurant and any price range is okay .
what kind of food would you like ?
i need a chinese venue .
shanghai family restaurant is a nice place , it is in the moderate price range , it is in the centre of town and it serves chinese food .
thanks for your help , goodbye .
thank you , goodbye .
Reward: 0.9083799719810486

hello , welcome to the restaurant finding system . how may i help you ?
hi , i want to book a table
what part of town do you have in mind ?
i want a venue in the moderate price range and in the north of town .
what kind of food would you like ?
i want a venue in the north of town . i need a chinese venue .
golden wok is a nice place , it is in the moderate price range , it serves chinese food and it is in the north part of town .
thanks for your help , goodbye .
thank you , goodbye .
Reward: 0.9083799719810486

hello , welcome to the restaurant finding system . how may i help you ?
hi , i want to book a table
what part of town do you have in mind ?
i want a venue in the moderate price range and in the west of town .
what kind of food would you like ?
i need a indian venue .
i am sorry but there is no place , serving indian food , in the moderate price range and in the area of west .
thanks for your help , goodbye .
thank you , goodbye .
Reward: 0.9083799719810486

hello , welcome to the restaurant finding system . how may i help you ?
hi , i want to book a table
what part of town do you have in mind ?
i prefer a venue in centre .
what kind of food would you like ?
i need a turkish venue .
would you like something in the cheap , moderate , or expensive price range ?
i want a venue in the moderate price range .
efes restaurant is a nice place , it is in the moderate price range , it serves turkish food and it is in the centre of town .
wait , i want something into
efes restaurant is a nice place , it serves turkish food , it is in the moderate price range and it is in the centre of town .
thanks for your help , goodbye .
thank you , goodbye .
Reward: 0.9083799719810486

hello , welcome to the restaurant finding system . how may i help you ?
hi , i want to book a table
what part of town do you have in mind ?
i prefer a venue in centre .
what kind of food would you like ?
i need a chinese venue .
would you like something in the cheap , moderate , or expensive price range ?
i prefer a venue in the moderate price range .
shanghai family restaurant is a nice place , it serves chinese food , it is in the moderate price range and it is in the centre of town .
what is the phone number of the restaurant ?
shanghai family restaurant is a nice place their phone number is 0 1223 301761 .
thanks for your help , goodbye .
thank you , goodbye .
Reward: 0.9711705446243286

hello , welcome to the restaurant finding system . how may i help you ?
hi , i want to book a table
what part of town do you have in mind ?
i prefer a venue in south .
what kind of food would you like ?
i need a chinese venue .
would you like something in the cheap , moderate , or expensive price range ?
i want a venue in the expensive price range .
the good luck chinese food takeaway is a nice place , it is in the expensive price range , it is in the south part of town and it serves chinese food .
what is the phone number of the restaurant ?
the good luck chinese food takeaway is a nice place their phone number is 0 1223 244149 .
thanks for your help , goodbye .
thank you , goodbye .
Reward: 0.9711705446243286

hello , welcome to the restaurant finding system . how may i help you ?
hi , i want to book a table
what part of town do you have in mind ?
i want a restaurant in the moderate price range and in the west of town .
what kind of food would you like ?
i want a venue in the south of town .
what kind of food would you like ?
i want a venue in the north of town . i want a venue in i need a venue in
what kind of food would you like ?
i need a indian venue .
the nirala is a nice place , it serves indian food , it is in the moderate price range and it is in the north part of town .
thanks for your help , goodbye .
thank you , goodbye .
Reward: 0.9711705446243286

hello , welcome to the restaurant finding system . how may i help you ?
hi , i want to book a table
what part of town do you have in mind ?
i prefer a venue in south .
what kind of food would you like ?
i need a chinese venue .
would you like something in the cheap , moderate , or expensive price range ?
it doesn ' t matter .
would you like something in the cheap , moderate , or expensive price range ?
i want a venue in the moderate price range .
i am sorry but there is no place , serving chinese food , in the moderate price range and in the area of south .
it doesn ' t matter .
i am sorry but there is no place , serving chinese food , in the moderate price range and in the area of south .
thanks for your help , goodbye .
thank you , goodbye .
Reward: 0.9711705446243286

hello , welcome to the restaurant finding system . how may i help you ?
hi , i want to book a table
what part of town do you have in mind ?
it doesn ' t matter .
what part of town do you have in mind ?
i prefer a venue in centre .
what kind of food would you like ?
i need a european venue .
would you like something in the cheap , moderate , or expensive price range ?
i want a venue in the moderate price range .
galleria is a nice place , it is in the centre of town , it serves european food and it is in the moderate price range .
i want a venue in the moderate price range .
galleria is a nice place , it serves european food , it is in the centre of town and it is in the moderate price range .
thanks for your help , goodbye .
thank you , goodbye .
Reward: 0.9711705446243286

hello , welcome to the restaurant finding system . how may i help you ?
i need a mediterranean restaurant .
what part of town do you have in mind ?
i prefer a venue in centre .
would you like something in the cheap , moderate , or expensive price range ?
i want a venue in the expensive price range .
la mimosa is a nice place , it serves mediterranean food , it is in the expensive price range and it is in the centre of town .
i want something else . i want a venue in the expensive price range .
shiraz restaurant is a nice place , it is in the centre of town , it is in the expensive price range and it serves mediterranean food .
what is the phone number of shiraz restaurant ?
shiraz restaurant is a nice place their phone number is 0 1223 307581 .
thanks for your help , goodbye .
thank you , goodbye .
Reward: 0.9711705446243286

hello , welcome to the restaurant finding system . how may i help you ?
i need a restaurant in centre .
what kind of food would you like ?
i want a restaurant in the moderate price range serving turkish food .
efes restaurant is a nice place , it serves turkish food , it is in the centre of town and it is in the moderate price range .
thanks for your help , goodbye .
thank you , goodbye .
Reward: 0.9711705446243286

hello , welcome to the restaurant finding system . how may i help you ?
i need another restaurant .
what part of town do you have in mind ?
i prefer a venue in east .
what kind of food would you like ?
i want a venue in the moderate price range serving chinese food .
i am sorry but there is no place , in the moderate price range , serving chinese food and in the area of east .
wait , i want something else . i want a restaurant in the expensive price range .
yu garden is a nice place , it is in the expensive price range , it is in the east part of town and it serves chinese food .
thanks for your help , goodbye .
thank you , goodbye .
Reward: 0.9740980863571167

hello , welcome to the restaurant finding system . how may i help you ?
hi , i want to book a table
what part of town do you have in mind ?
i want a venue in the moderate price range and in the west of town .
what kind of food would you like ?
i want a venue in the north of town . i want a venue in the north of town .
what kind of food would you like ?
i need a chinese venue .
golden wok is a nice place , it serves chinese food , it is in the moderate price range and it is in the north part of town .
thanks for your help , goodbye .
thank you , goodbye .
Reward: 0.9740980863571167

hello , welcome to the restaurant finding system . how may i help you ?
hi , i want to book a table
what part of town do you have in mind ?
i prefer a venue in centre .
what kind of food would you like ?
i need a chinese venue .
would you like something in the cheap , moderate , or expensive price range ?
i want a venue in the expensive price range .
hk fusion is a nice place , it is in the centre of town , it is in the expensive price range and it serves chinese food .
what is the phone number of the restaurant ?
hk fusion is a nice place their phone number is 0 1223 355909 .
thanks for your help , goodbye .
thank you , goodbye .
Reward: 0.9740980863571167

hello , welcome to the restaurant finding system . how may i help you ?
i need another restaurant .
what part of town do you have in mind ?
i prefer a venue in north .
what kind of food would you like ?
i need a chinese venue .
would you like something in the cheap , moderate , or expensive price range ?
i want a venue in the moderate price range .
golden wok is a nice place , it serves chinese food , it is in the moderate price range and it is in the north part of town .
wait , i want something else . wait , i want a venue in the south of town .
i am sorry but there is no place , in the area of south , serving chinese food and in the moderate price range .
thanks for your help , goodbye .
thank you , goodbye .
Reward: 0.9740980863571167

hello , welcome to the restaurant finding system . how may i help you ?
hi , i want to book a table
what part of town do you have in mind ?
i prefer a venue in centre .
what kind of food would you like ?
i need a turkish venue .
would you like something in the cheap , moderate , or expensive price range ?
i want a venue in the moderate price range .
efes restaurant is a nice place , it is in the centre of town , it is in the moderate price range and it serves turkish food .
i want a european venue .
galleria is a nice place , it is in the moderate price range , it serves european food and it is in the centre of town .
wait , i want something else . i want a venue in the cheap price range .
i am sorry but there is no place , in the area of centre , in the cheap price range and serving european food .
i want a venue in any part is 555 - is okay .
i am sorry but there is no place , serving european food , in the cheap price range and in the area of centre .
i need a indian venue .
the gandhi is a nice place , it is in the cheap price range , it serves indian food and it is in the centre of town .
thanks for your help , goodbye .
thank you , goodbye .
Reward: 0.9740980863571167

hello , welcome to the restaurant finding system . how may i help you ?
hi , i want to book a table
what part of town do you have in mind ?
i prefer a venue in south .
what kind of food would you like ?
i need a chinese venue .
would you like something in the cheap , moderate , or expensive price range ?
i want a venue in the moderate price range .
i am sorry but there is no place , in the moderate price range , in the area of south and serving chinese food .
please find me another restaurant .
i am sorry but there is no place , in the moderate price range , in the area of south and serving chinese food .
i want a restaurant in the cheap price range and in the south of town .
the lucky star is a nice place , it is in the cheap price range , it is in the south part of town and it serves chinese food .
please tell me the address and phone number of the restaurant .
the lucky star is a nice place , their address is cambridge leisure park clifton way cherry hinton and their phone number is 0 1223 244277 .
thanks for your help , goodbye .
thank you , goodbye .
Reward: 0.9711966514587402

hello , welcome to the restaurant finding system . how may i help you ?
i need another restaurant .
what part of town do you have in mind ?
i want a venue in the moderate price range and in the north of town .
what kind of food would you like ?
i need a indian venue .
the nirala is a nice place , it is in the north part of town , it serves indian food and it is in the moderate price range .
what is the address ?
the nirala is a nice place their address is 7 milton road chesterton .
thanks for your help , goodbye .
thank you , goodbye .
Reward: 0.9711966514587402

hello , welcome to the restaurant finding system . how may i help you ?
hi , i want to book a table
what part of town do you have in mind ?
i want a venue in the moderate price range and in the centre of town .
what kind of food would you like ?
i need a international venue .
bloomsbury restaurant is a nice place , it is in the centre of town , it serves international food and it is in the moderate price range .
what is the phone number of the restaurant ?
bloomsbury restaurant is a nice place their phone number is 0 871 942 9180 .
does it serve indian ?
i am sorry but there is no place , serving indian food , in the area of centre and in the moderate price range .
thanks for your help , goodbye .
thank you , goodbye .
Reward: 0.9711966514587402

hello , welcome to the restaurant finding system . how may i help you ?
hi , i want to book a table
what part of town do you have in mind ?
it doesn ' t matter .
what part of town do you have in mind ?
i prefer a venue in west .
what kind of food would you like ?
i want a venue in the north of town . i want a venue in it .
what kind of food would you like ?
i want a venue in the south of town .
what kind of food would you like ?
i want a venue in the north of town . it doesn ' t matter .
what kind of food would you like ?
i want a venue in the south of town . i want a venue in the north of town . i want a venue in
what kind of food would you like ?
i need a indian venue .
would you like something in the cheap , moderate , or expensive price range ?
i want a venue in the north of town .
would you like something in the cheap , moderate , or expensive price range ?
Reward: 0.9711966514587402

hello , welcome to the restaurant finding system . how may i help you ?
hi , i want to book a table
what part of town do you have in mind ?
i prefer a venue in centre .
what kind of food would you like ?
i need a chinese venue .
would you like something in the cheap , moderate , or expensive price range ?
i want a venue in the moderate price range .
shanghai family restaurant is a nice place , it serves chinese food , it is in the centre of town and it is in the moderate price range .
please show me another one .
lan hong house is a nice place , it is in the moderate price range , it is in the centre of town and it serves chinese food .
thanks for your help , goodbye .
thank you , goodbye .
Reward: 0.9711966514587402

hello , welcome to the restaurant finding system . how may i help you ?
i need another restaurant .
what part of town do you have in mind ?
i prefer a venue in north .
what kind of food would you like ?
i want a venue in the moderate price range and in the south of town .
what kind of food would you like ?
i want a venue in the expensive price range and in the north of town .
what kind of food would you like ?
i need a chinese venue .
hakka is a nice place , it is in the expensive price range , it serves chinese food and it is in the north part of town .
wait , i want something else . i want a venue in the south of town .
the good luck chinese food takeaway is a nice place , it is in the south part of town , it is in the expensive price range and it serves chinese food .
wait , i want something else . i want a venue in the north of town .
the hotpot is a nice place , it is in the expensive price range , it is in the north part of town and it serves chinese food .
what is the phone number of the restaurant ?
the hotpot is a nice place their phone number is 0 1223 366552 .
thanks for your help , goodbye .
thank you , goodbye .
Reward: 0.9711966514587402

hello , welcome to the restaurant finding system . how may i help you ?
hi , i want to book a table
what part of town do you have in mind ?
i prefer a venue in west .
what kind of food would you like ?
i need a indian venue .
cocum is a nice place , it serves indian food and it is in the west part of town .
what is the phone number of the restaurant ?
cocum is a nice place their phone number is 0 1223 366668 .
thanks for your help , goodbye .
thank you , goodbye .
Reward: 0.9711966514587402

hello , welcome to the restaurant finding system . how may i help you ?
hi , i want to book a table
what part of town do you have in mind ?
i prefer a venue in centre .
what kind of food would you like ?
i need a turkish venue .
would you like something in the cheap , moderate , or expensive price range ?
i want a venue in the moderate price range .
efes restaurant is a nice place , it is in the moderate price range , it is in the centre of town and it serves turkish food .
no , i need a european venue .
galleria is a nice place , it serves european food , it is in the moderate price range and it is in the centre of town .
wait , i want something else . i want a venue in the moderate price range .
hotel du vin and bistro is a nice place , it serves european food , it is in the centre of town and it is in the moderate price range .
wait , i want a venue in any part of town .
galleria is a nice place , it is in the moderate price range , it is in the centre of town and it serves european food .
please tell me the address and the phone number of the restaurant .
galleria is a nice place , their phone number is 0 1223 362054 and their address is 33 bridge street .
thanks for your help , goodbye .
thank you , goodbye .
Reward: 0.9675623774528503

hello , welcome to the restaurant finding system . how may i help you ?
hi , i want to book a table
what part of town do you have in mind ?
i need a turkish venue .
what part of town do you have in mind ?
it doesn ' t matter .
what part of town do you have in mind ?
i prefer a venue in centre .
would you like something in the cheap , moderate , or expensive price range ?
i want a venue in the moderate price range .
efes restaurant is a nice place , it is in the moderate price range , it is in the centre of town and it serves turkish food .
please show me another one .
anatolia is a nice place , it serves turkish food , it is in the centre of town and it is in the moderate price range .
thanks for your help , goodbye .
thank you , goodbye .
Reward: 0.9675623774528503

hello , welcome to the restaurant finding system . how may i help you ?
i need another restaurant .
what part of town do you have in mind ?
i prefer a venue in east .
what kind of food would you like ?
i want a venue in the expensive price range serving indian food .
pipasha restaurant is a nice place , it serves indian food , it is in the expensive price range and it is in the east part of town .
thanks for your help , goodbye .
thank you , goodbye .
Reward: 0.9675623774528503

hello , welcome to the restaurant finding system . how may i help you ?
i need another restaurant .
what part of town do you have in mind ?
it doesn ' t matter .
what part of town do you have in mind ?
i prefer a venue in south .
what kind of food would you like ?
i need a indian venue .
taj tandoori is a nice place , it is in the south part of town and it serves indian food .
what is the address of the restaurant ?
taj tandoori is a nice place their address is 64 cherry hinton road cherry hinton .
thanks for your help , goodbye .
thank you , goodbye .
Reward: 0.9675623774528503

hello , welcome to the restaurant finding system . how may i help you ?
hi , i want to book a table
what part of town do you have in mind ?
it doesn ' t matter .
what part of town do you have in mind ?
i prefer a venue in centre .
what kind of food would you like ?
i need a turkish venue .
would you like something in the cheap , moderate , or expensive price range ?
i ' m thinking of a god , i want something else . i want a venue in the expensive price range .
meze bar restaurant is a nice place , it is in the expensive price range , it is in the centre of town and it serves turkish food .
wait , i want something else . i want a 82 of this . please show me another one .
i am sorry but there is no place other than meze bar restaurant in the expensive price range , serving turkish food and in the area of centre .
wait , i want something else . i want a venue in any part of town .
meze bar restaurant is a nice place , it is in the expensive price range , it serves turkish food and it is in the centre of town .
thanks for your help , goodbye .
thank you , goodbye .
Reward: 0.9675623774528503

hello , welcome to the restaurant finding system . how may i help you ?
hi , i want to book a table
what part of town do you have in mind ?
i want a venue in the moderate price range and in the west of town .
what kind of food would you like ?
i want a venue in the south of town .
what kind of food would you like ?
i need a chinese venue .
i am sorry but there is no place , in the area of south , serving chinese food and in the moderate price range .
thanks anyway .
thank you , goodbye .
Reward: 0.9675623774528503

hello , welcome to the restaurant finding system . how may i help you ?
hi , i want to book a table
what part of town do you have in mind ?
i prefer a venue in south .
what kind of food would you like ?
i need a chinese venue .
would you like something in the cheap , moderate , or expensive price range ?
it doesn ' t matter .
would you like something in the cheap , moderate , or expensive price range ?
i want a venue in the moderate price range .
i am sorry but there is no place , in the area of south , in the moderate price range and serving chinese food .
please tell me the restaurant in the moderate price range serving thai food .
i am sorry but there is no place , serving thai food , in the area of south and in the moderate price range .
goodbye .
thank you , goodbye .
Reward: 0.9664789438247681

hello , welcome to the restaurant finding system . how may i help you ?
hi , i want to book a table
what part of town do you have in mind ?
i want a venue in the moderate price range and in the centre of town .
what kind of food would you like ?
i need a international venue .
bloomsbury restaurant is a nice place , it is in the centre of town , it is in the moderate price range and it serves international food .
i want a restaurant in the expensive price range and in the west of town .
i am sorry but there is no place , serving international food , in the area of west and in the expensive price range .
what is the address of the restaurant ?
i am sorry but there is no place , in the expensive price range , in the area of west and serving international food .
thanks for your help , goodbye .
thank you , goodbye .
Reward: 0.9664789438247681

hello , welcome to the restaurant finding system . how may i help you ?
hi , i want to book a table
what part of town do you have in mind ?
i prefer a venue in centre .
what kind of food would you like ?
i want a venue with some restaurant . i need a european venue .
would you like something in the cheap , moderate , or expensive price range ?
i want a venue in the expensive price range .
michaelhouse cafe is a nice place , it is in the centre of town , it is in the expensive price range and it serves european food .
i want a venue in the moderate price range .
galleria is a nice place , it serves european food , it is in the centre of town and it is in the moderate price range .
i want a venue in the expensive price range and in the west of town .
cambridge lodge restaurant is a nice place , it is in the west part of town , it serves european food and it is in the expensive price range .
what is the phone number of the restaurant ?
cambridge lodge restaurant is a nice place their phone number is 0 1223 355166 .
what is the address ?
cambridge lodge restaurant is a nice place , it is in the expensive price range , it serves european food and it is in the west part of town .
thanks for your help , goodbye .
thank you , goodbye .
Reward: 0.9664789438247681

hello , welcome to the restaurant finding system . how may i help you ?
hi , i want to book a table
what part of town do you have in mind ?
i prefer a venue in centre .
what kind of food would you like ?
i need a chinese venue .
would you like something in the cheap , moderate , or expensive price range ?
i want a venue in the expensive price range .
hk fusion is a nice place , it is in the centre of town , it serves chinese food and it is in the expensive price range .
what is the phone number of the restaurant ?
hk fusion is a nice place their phone number is 0 1223 355909 .
thanks for your help , goodbye .
thank you , goodbye .
Reward: 0.9664789438247681

hello , welcome to the restaurant finding system . how may i help you ?
i need another restaurant .
what part of town do you have in mind ?
i prefer a venue in south .
what kind of food would you like ?
i want a venue in the expensive price range and in the south of town .
what kind of food would you like ?
i need a indian venue .
taj tandoori is a nice place , it is in the expensive price range , it is in the south part of town and it serves indian food .
what is the address of michaelhouse cafe ?
michaelhouse cafe is a nice place their address is st . michael ' s church trinity street city centre .
thanks for your help , goodbye .
thank you , goodbye .
Reward: 0.9664789438247681

hello , welcome to the restaurant finding system . how may i help you ?
i need another restaurant .
what part of town do you have in mind ?
i prefer a venue in north .
what kind of food would you like ?
i need a indian venue .
would you like something in the cheap , moderate , or expensive price range ?
it doesn ' t matter .
would you like something in the cheap , moderate , or expensive price range ?
it doesn ' t matter .
would you like something in the cheap , moderate , or expensive price range ?
i want a venue in the moderate price range .
the nirala is a nice place , it is in the moderate price range , it serves indian food and it is in the north part of town .
no , i am not looking for this . please show me another one .
meghna is a nice place , it is in the north part of town , it is in the moderate price range and it serves indian food .
what is the address of the restaurant ?
meghna is a nice place their address is 205 victoria road chesterton .
thanks for your help , goodbye .
thank you , goodbye .
Reward: 0.9664789438247681

hello , welcome to the restaurant finding system . how may i help you ?
i need another restaurant .
what part of town do you have in mind ?
it doesn ' t matter .
what part of town do you have in mind ?
i prefer a venue in north .
what kind of food would you like ?
i need a turkish venue .
i am sorry but there is no place , in the area of north and serving turkish food .
i want something else . i want a venue in the south of town .
i am sorry but there is no place , serving turkish food and in the area of south .
thanks for your help , goodbye .
thank you , goodbye .
Reward: 0.9645448327064514

hello , welcome to the restaurant finding system . how may i help you ?
i need another restaurant .
what part of town do you have in mind ?
i prefer a venue in north .
what kind of food would you like ?
i need a chinese venue .
would you like something in the cheap , moderate , or expensive price range ?
it doesn ' t matter .
would you like something in the cheap , moderate , or expensive price range ?
it doesn ' t matter .
would you like something in the cheap , moderate , or expensive price range ?
i need a portuguese venue .
i am sorry but there is no place , in the area of north and serving portuguese food .
what is the address of the restaurant ?
i am sorry but there is no place , serving portuguese food and in the area of north .
thanks for your help , goodbye .
thank you , goodbye .
Reward: 0.9645448327064514

hello , welcome to the restaurant finding system . how may i help you ?
hi , i want to book a table
what part of town do you have in mind ?
i want a restaurant in the moderate price range and in the centre of town .
what kind of food would you like ?
i need a indian venue .
i am sorry but there is no place , in the area of centre , serving indian food and in the moderate price range .
thanks for your help , goodbye .
thank you , goodbye .
Reward: 0.9645448327064514

hello , welcome to the restaurant finding system . how may i help you ?
hi , i want to book a table
what part of town do you have in mind ?
i need a restaurant in centre .
what kind of food would you like ?
i need a european venue .
would you like something in the cheap , moderate , or expensive price range ?
i want a venue in the moderate price range .
galleria is a nice place , it serves european food , it is in the centre of town and it is in the moderate price range .
i need a indian venue .
i am sorry but there is no place , in the area of centre , serving indian food and in the moderate price range .
thanks for your help , goodbye .
thank you , goodbye .
Reward: 0.9645448327064514

hello , welcome to the restaurant finding system . how may i help you ?
hi , i want to book a table
what part of town do you have in mind ?
i prefer a venue in west .
what kind of food would you like ?
i need a purple venue .
what kind of food would you like ?
i need a chinese venue .
i am sorry but there is no place , serving chinese food and in the area of west .
thanks for your help , goodbye .
thank you , goodbye .
Reward: 0.9645448327064514

hello , welcome to the restaurant finding system . how may i help you ?
hi , i want to book a table
what part of town do you have in mind ?
it doesn ' t matter .
what part of town do you have in mind ?
i prefer a venue in centre .
what kind of food would you like ?
i need a chinese venue .
would you like something in the cheap , moderate , or expensive price range ?
i want a venue in the expensive price range .
hk fusion is a nice place , it serves chinese food , it is in the expensive price range and it is in the centre of town .
wait , i want something else . i want a venue in your prompt .
tang chinese is a nice place , it is in the centre of town , it is in the expensive price range and it serves chinese food .
thanks for your help , goodbye .
thank you , goodbye .
Reward: 0.9645448327064514

hello , welcome to the restaurant finding system . how may i help you ?
i want a restaurant in the moderate price range and in the west of town .
what kind of food would you like ?
i need a indian venue .
i am sorry but there is no place , in the area of west , in the moderate price range and serving indian food .
thanks for your help , goodbye .
thank you , goodbye .
Reward: 0.9742480516433716

hello , welcome to the restaurant finding system . how may i help you ?
i need a restaurant in centre .
what kind of food would you like ?
i need a indian venue .
would you like something in the cheap , moderate , or expensive price range ?
i want a venue in the moderate price range .
i am sorry but there is no place , serving indian food , in the moderate price range and in the area of centre .
thanks for your help , goodbye .
thank you , goodbye .
Reward: 0.9742480516433716

hello , welcome to the restaurant finding system . how may i help you ?
hi , i want to book a table
what part of town do you have in mind ?
i want a venue in the expensive price range and in the centre of town .
what kind of food would you like ?
i need a international venue .
i am sorry but there is no place , in the area of centre , serving international food and in the expensive price range .
what is the phone number of meze bar restaurant ?
meze bar restaurant is a nice place i don ' t know their phone number .
thanks for your help , goodbye .
thank you , goodbye .
Reward: 0.9742480516433716

hello , welcome to the restaurant finding system . how may i help you ?
i need another restaurant .
what part of town do you have in mind ?
i prefer a venue in south .
what kind of food would you like ?
i need a chinese venue .
would you like something in the cheap , moderate , or expensive price range ?
it doesn ' t matter .
would you like something in the cheap , moderate , or expensive price range ?
i want a venue in the expensive price range .
the good luck chinese food takeaway is a nice place , it is in the south part of town , it serves chinese food and it is in the expensive price range .
thanks for your help , goodbye .
thank you , goodbye .
Reward: 0.9742480516433716

hello , welcome to the restaurant finding system . how may i help you ?
hi , i want to book a table
what part of town do you have in mind ?
it doesn ' t matter .
what part of town do you have in mind ?
i want a venue in the expensive price range and in the north of town .
what kind of food would you like ?
i need a indian venue .
tandoori palace is a nice place , it is in the expensive price range , it serves indian food and it is in the north part of town .
thanks for your help , goodbye .
thank you , goodbye .
Reward: 0.9742480516433716

hello , welcome to the restaurant finding system . how may i help you ?
hi , i want to book a table
what part of town do you have in mind ?
i want a venue in the moderate price range and in the centre of town .
what kind of food would you like ?
i want a venue in the expensive price range and in the south of town .
what kind of food would you like ?
i need a international venue .
i am sorry but there is no place , in the expensive price range , in the area of south and serving international food .
i want a venue in the moderate price range and in the centre of town .
bloomsbury restaurant is a nice place , it is in the moderate price range , it serves international food and it is in the centre of town .
i want a restaurant in the moderate price range .
bloomsbury restaurant is a nice place , it serves international food , it is in the centre of town and it is in the moderate price range .
thanks for your help , goodbye .
thank you , goodbye .
Reward: 0.9761753678321838

hello , welcome to the restaurant finding system . how may i help you ?
hi , i want to book a table
what part of town do you have in mind ?
i prefer a venue in centre .
what kind of food would you like ?
i need a italian venue .
would you like something in the cheap , moderate , or expensive price range ?
i want a venue in the moderate price range .
pizza express fen ditton is a nice place , it is in the moderate price range , it is in the centre of town and it serves italian food .
wait , i want another restaurant .
pizza express fen ditton is a nice place , it is in the moderate price range , it serves italian food and it is in the centre of town .
thanks for your help , goodbye .
thank you , goodbye .
Reward: 0.9761753678321838

hello , welcome to the restaurant finding system . how may i help you ?
hi , i want to book a table
what part of town do you have in mind ?
it doesn ' t matter .
what part of town do you have in mind ?
i prefer a venue in south .
what kind of food would you like ?
i need a chinese venue .
would you like something in the cheap , moderate , or expensive price range ?
it doesn ' t matter .
would you like something in the cheap , moderate , or expensive price range ?
i want a table in the expensive price range .
the good luck chinese food takeaway is a nice place , it is in the expensive price range , it serves chinese food and it is in the south part of town .
thanks for your help , goodbye .
thank you , goodbye .
Reward: 0.9761753678321838

hello , welcome to the restaurant finding system . how may i help you ?
hi , i want to book a table
what part of town do you have in mind ?
it doesn ' t matter .
what part of town do you have in mind ?
i am ok with everything . i want a venue serving thai is fine . i want a venue in the expensive price range .
what part of town do you have in mind ?
i prefer a venue in centre .
bangkok city is a nice place , it is in the centre of town , it serves thai food and it is in the expensive price range .
no , i am not looking for perfect . please show me another one .
i am sorry but there is no place other than bangkok city in the area of centre , in the expensive price range and serving thai food .
i want a venue in any part of town .
bangkok city is a nice place , it is in the centre of town , it serves thai food and it is in the expensive price range .
no , i am not looking for this . please show me another one .
sala thong is a nice place , it is in the west part of town , it serves thai food and it is in the expensive price range .
thanks for your help , goodbye .
thank you , goodbye .
Reward: 0.9761753678321838

hello , welcome to the restaurant finding system . how may i help you ?
i need another restaurant .
what part of town do you have in mind ?
i prefer a venue in north .
what kind of food would you like ?
i need a indian venue .
would you like something in the cheap , moderate , or expensive price range ?
i want a venue in the moderate price range .
the nirala is a nice place , it is in the moderate price range , it is in the north part of town and it serves indian food .
what is the address ?
the nirala is a nice place their address is 7 milton road chesterton .
thanks for your help , goodbye .
thank you , goodbye .
Reward: 0.9761654138565063

hello , welcome to the restaurant finding system . how may i help you ?
i need another restaurant .
what part of town do you have in mind ?
i prefer a venue in north .
what kind of food would you like ?
i need a indian venue .
would you like something in the cheap , moderate , or expensive price range ?
i want a venue in the expensive price range .
tandoori palace is a nice place , it serves indian food , it is in the expensive price range and it is in the north part of town .
thanks for your help , goodbye .
thank you , goodbye .
Reward: 0.9761654138565063

hello , welcome to the restaurant finding system . how may i help you ?
i need another restaurant .
what part of town do you have in mind ?
i want a venue in the moderate price range and in the north of town .
what kind of food would you like ?
i need a indian venue .
the nirala is a nice place , it serves indian food , it is in the north part of town and it is in the moderate price range .
thanks for your help , goodbye .
thank you , goodbye .
Reward: 0.9761654138565063

hello , welcome to the restaurant finding system . how may i help you ?
i need another restaurant .
what part of town do you have in mind ?
i prefer a venue in north .
what kind of food would you like ?
i need a indian venue .
would you like something in the cheap , moderate , or expensive price range ?
i want a venue in the moderate price range .
the nirala is a nice place , it serves indian food , it is in the moderate price range and it is in the north part of town .
no , i am not looking for this . please show me another one .
meghna is a nice place , it serves indian food , it is in the north part of town and it is in the moderate price range .
thanks for your help , goodbye .
thank you , goodbye .
Reward: 0.9761654138565063

hello , welcome to the restaurant finding system . how may i help you ?
hi , i want to book a table
what part of town do you have in mind ?
it doesn ' t matter .
what part of town do you have in mind ?
it doesn ' t matter .
what part of town do you have in mind ?
i want a venue in the north of town . i want to book a .
what kind of food would you like ?
i need a turkish venue .
i am sorry but there is no place , serving turkish food and in the area of north .
wait , i want something else . i want a venue in the west of town .
i am sorry but there is no place , serving turkish food and in the area of west .
thanks for your help , goodbye .
thank you , goodbye .
Reward: 0.9675326943397522

hello , welcome to the restaurant finding system . how may i help you ?
i need another restaurant .
what part of town do you have in mind ?
it doesn ' t matter .
what part of town do you have in mind ?
i prefer a venue in south .
what kind of food would you like ?
i need a chinese venue .
would you like something in the cheap , moderate , or expensive price range ?
i want a venue in the expensive price range .
the good luck chinese food takeaway is a nice place , it is in the expensive price range , it serves chinese food and it is in the south part of town .
thanks for your help , goodbye .
thank you , goodbye .
Reward: 0.9675326943397522

hello , welcome to the restaurant finding system . how may i help you ?
i need a restaurant in centre .
what kind of food would you like ?
i need a indian venue .
would you like something in the cheap , moderate , or expensive price range ?
the expensive price range .
curry garden is a nice place , it is in the centre of town , it serves indian food and it is in the expensive price range .
thanks for your help , goodbye .
thank you , goodbye .
Reward: 0.9675326943397522

hello , welcome to the restaurant finding system . how may i help you ?
i need another restaurant .
what part of town do you have in mind ?
i want a venue in the moderate price range and in the west of town .
what kind of food would you like ?
i want a venue in the south of town .
what kind of food would you like ?
i need a chinese venue .
i am sorry but there is no place , in the moderate price range , serving chinese food and in the area of south .
thanks for your help , goodbye .
thank you , goodbye .
Reward: 0.9675326943397522

hello , welcome to the restaurant finding system . how may i help you ?
hi , i want to book a table
what part of town do you have in mind ?
i want a venue in the moderate price range and in the centre of town .
what kind of food would you like ?
hi , i want a venue in the moderate price range and in the centre of town .
what kind of food would you like ?
i need a indian venue .
i am sorry but there is no place , serving indian food , in the area of centre and in the moderate price range .
thanks for your help , goodbye .
thank you , goodbye .
Reward: 0.9675326943397522

hello , welcome to the restaurant finding system . how may i help you ?
hi , i want to book a table
what part of town do you have in mind ?
i prefer a venue in centre .
what kind of food would you like ?
i need a spot in the moderate price range and in the north of town .
what kind of food would you like ?
i want a venue in the west of town .
what kind of food would you like ?
i need a indian venue .
i am sorry but there is no place , in the moderate price range , serving indian food and in the area of west .
thanks for your help , goodbye .
thank you , goodbye .
Reward: 0.9675326943397522

hello , welcome to the restaurant finding system . how may i help you ?
hi , i want to book a table
what part of town do you have in mind ?
it doesn ' t matter .
what part of town do you have in mind ?
i want a venue in the moderate price range and in the north of town .
what kind of food would you like ?
i want a venue in the south of town . i need a chinese venue .
i am sorry but there is no place , in the area of south , in the moderate price range and serving chinese food .
what is the phone number of the restaurant ?
i am sorry but there is no place , in the moderate price range , in the area of south and serving chinese food .
i want a restaurant in the moderate price range .
i am sorry but there is no place , serving chinese food , in the area of south and in the moderate price range .
thanks for your help , goodbye .
thank you , goodbye .
Reward: 0.9664406180381775

hello , welcome to the restaurant finding system . how may i help you ?
hi , i want to book a table
what part of town do you have in mind ?
i prefer a venue in centre .
what kind of food would you like ?
i need a international venue .
bloomsbury restaurant is a nice place , it serves international food and it is in the centre of town .
i want a restaurant and any price range is okay .
bloomsbury restaurant is a nice place , it is in the moderate price range , it serves international food and it is in the centre of town .
no , i want a restaurant in the moderate price range .
bloomsbury restaurant is a nice place , it is in the moderate price range , it is in the centre of town and it serves international food .
show me the address of the restaurant .
bloomsbury restaurant is a nice place their address is crowne plaza hotel 20 downing street .
thanks for your help , goodbye .
thank you , goodbye .
Reward: 0.9664406180381775

hello , welcome to the restaurant finding system . how may i help you ?
i need another restaurant .
what part of town do you have in mind ?
i prefer a venue in north .
what kind of food would you like ?
i want a venue in the moderate price range and in the centre of town .
what kind of food would you like ?
i need a indian venue .
i am sorry but there is no place , in the moderate price range , in the area of centre and serving indian food .
thanks for your help , goodbye .
thank you , goodbye .
Reward: 0.9664406180381775

hello , welcome to the restaurant finding system . how may i help you ?
hi , i want to book a table
what part of town do you have in mind ?
i prefer a venue in south .
what kind of food would you like ?
i need a indian venue .
taj tandoori is a nice place , it is in the south part of town and it serves indian food .
what is the address of the restaurant ?
taj tandoori is a nice place their address is 64 cherry hinton road cherry hinton .
thanks for your help , goodbye .
thank you , goodbye .
Reward: 0.9664406180381775

hello , welcome to the restaurant finding system . how may i help you ?
hi , i want to book a table
what part of town do you have in mind ?
i want a venue in the moderate price range and in the centre of town .
what kind of food would you like ?
i need a international venue .
bloomsbury restaurant is a nice place , it is in the moderate price range , it is in the centre of town and it serves international food .
i want a restaurant in any part of town . i want a restaurant in the moderate price range .
bloomsbury restaurant is a nice place , it serves international food , it is in the moderate price range and it is in the centre of town .
wait , i want a restaurant in the moderate price range .
bloomsbury restaurant is a nice place , it serves international food , it is in the moderate price range and it is in the centre of town .
thanks for your help , goodbye .
thank you , goodbye .
Reward: 0.9664406180381775

hello , welcome to the restaurant finding system . how may i help you ?
hi , i want to book a table
what part of town do you have in mind ?
i need a restaurant in centre .
what kind of food would you like ?
i want a restaurant in the moderate price range serving pitbull serving british food .
cotto is a nice place , it is in the centre of town , it serves british food and it is in the moderate price range .
thanks for your help , goodbye .
thank you , goodbye .
Reward: 0.9664406180381775

hello , welcome to the restaurant finding system . how may i help you ?
i need another restaurant .
what part of town do you have in mind ?
it doesn ' t matter .
what part of town do you have in mind ?
i prefer a venue in south .
what kind of food would you like ?
i want a venue in the north of town . i want a venue in the north of town .
what kind of food would you like ?
i need a chinese venue .
would you like something in the cheap , moderate , or expensive price range ?
i want a venue in the north of town .
would you like something in the cheap , moderate , or expensive price range ?
it doesn ' t matter .
would you like something in the cheap , moderate , or expensive price range ?
i want a venue in the north of town .
would you like something in the cheap , moderate , or expensive price range ?
i want a venue in the expensive price range .
hakka is a nice place , it serves chinese food , it is in the expensive price range and it is in the north part of town .
Reward: 0.9664351940155029

hello , welcome to the restaurant finding system . how may i help you ?
i need another restaurant .
what part of town do you have in mind ?
i prefer a venue in north .
what kind of food would you like ?
i need a chinese venue .
would you like something in the cheap , moderate , or expensive price range ?
i want a venue in the expensive price range .
hakka is a nice place , it is in the north part of town , it serves chinese food and it is in the expensive price range .
what is the address ?
hakka is a nice place their address is milton road chesterton .
thanks for your help , goodbye .
thank you , goodbye .
Reward: 0.9664351940155029

hello , welcome to the restaurant finding system . how may i help you ?
hi , i want to book a table
what part of town do you have in mind ?
i want a venue in the moderate price range and in the centre of town .
what kind of food would you like ?
i need a indian venue .
i am sorry but there is no place , in the area of centre , in the moderate price range and serving indian food .
what is the phone number of the restaurant ?
i am sorry but there is no place , serving indian food , in the moderate price range and in the area of centre .
thanks for your help , goodbye .
thank you , goodbye .
Reward: 0.9664351940155029

hello , welcome to the restaurant finding system . how may i help you ?
hi , i want to book a table
what part of town do you have in mind ?
i prefer a venue in east .
what kind of food would you like ?
i need a turkish venue .
i am sorry but there is no place , in the area of east and serving turkish food .
thanks for your help , goodbye .
thank you , goodbye .
Reward: 0.9664351940155029

hello , welcome to the restaurant finding system . how may i help you ?
hi , i want to book a table
what part of town do you have in mind ?
everything is fine . i need a portuguese venue .
what part of town do you have in mind ?
i prefer a venue in centre .
nandos city centre is a nice place , it serves portuguese food and it is in the centre of town .
what is the address ?
nandos is a nice place their address is cambridge leisure park clifton way .
thanks for your help , goodbye .
thank you , goodbye .
Reward: 0.9664351940155029

hello , welcome to the restaurant finding system . how may i help you ?
hi , i want to book a table for me .
what part of town do you have in mind ?
i want a venue in the moderate price range and in the centre of town .
what kind of food would you like ?
i need a international venue .
bloomsbury restaurant is a nice place , it serves international food , it is in the centre of town and it is in the moderate price range .
what is the phone number of the restaurant ?
bloomsbury restaurant is a nice place their phone number is 0 871 942 9180 .
what is the address ?
bloomsbury restaurant is a nice place , it serves international food , it is in the moderate price range and it is in the centre of town .
thanks for your help , goodbye .
thank you , goodbye .
Reward: 0.9664351940155029

hello , welcome to the restaurant finding system . how may i help you ?
hi , i want to book a table
what part of town do you have in mind ?
i want a venue in the moderate price range and in the west of town .
what kind of food would you like ?
i want a venue in the south of town .
what kind of food would you like ?
i need a turkish venue .
i am sorry but there is no place , in the moderate price range , serving turkish food and in the area of south .
wait , i want something else . i want a venue in any part of town .
efes restaurant is a nice place , it is in the centre of town , it is in the moderate price range and it serves turkish food .
thanks for your help , goodbye .
thank you , goodbye .
Reward: 0.89580237865448

hello , welcome to the restaurant finding system . how may i help you ?
i want a restaurant in the cheap price range and in the centre of town .
what kind of food would you like ?
i want a venue in the morning of me. i want a venue in the expensive price range .
what kind of food would you like ?
i need a indian venue .
curry garden is a nice place , it serves indian food , it is in the centre of town and it is in the expensive price range .
thanks for your help , goodbye .
thank you , goodbye .
Reward: 0.89580237865448

hello , welcome to the restaurant finding system . how may i help you ?
hi , i want to book a table
what part of town do you have in mind ?
i want a venue in the moderate price range and in the centre of town .
what kind of food would you like ?
i need a indian venue .
i am sorry but there is no place , in the area of centre , serving indian food and in the moderate price range .
thanks for your help , goodbye .
thank you , goodbye .
Reward: 0.89580237865448

hello , welcome to the restaurant finding system . how may i help you ?
hi , i want to book a table
what part of town do you have in mind ?
it doesn ' t matter .
what part of town do you have in mind ?
i am ok with everything . i want a venue in the expensive price range .
what part of town do you have in mind ?
everything is the for this .
what part of town do you have in mind ?
i want a venue in the expensive price range and in the north of town .
what kind of food would you like ?
i want a venue in the south of town .
what kind of food would you like ?
i need a indian venue .
taj tandoori is a nice place , it is in the south part of town , it serves indian food and it is in the expensive price range .
thanks for your help , goodbye .
thank you , goodbye .
Reward: 0.89580237865448

hello , welcome to the restaurant finding system . how may i help you ?
hi , i want to book a table
what part of town do you have in mind ?
i want a venue in the moderate price range and in the centre of town .
what kind of food would you like ?
i need a indian venue .
i am sorry but there is no place , serving indian food , in the area of centre and in the moderate price range .
thanks for your help , goodbye .
thank you , goodbye .
Reward: 0.89580237865448

hello , welcome to the restaurant finding system . how may i help you ?
i need another restaurant .
what part of town do you have in mind ?
i prefer a venue in north .
what kind of food would you like ?
i need a indian venue .
would you like something in the cheap , moderate , or expensive price range ?
i want a venue in the expensive price range .
tandoori palace is a nice place , it is in the expensive price range , it serves indian food and it is in the north part of town .
thanks for your help , goodbye .
thank you , goodbye .
Reward: 0.89580237865448

hello , welcome to the restaurant finding system . how may i help you ?
hi , i want to book a table
what part of town do you have in mind ?
it doesn ' t matter .
what part of town do you have in mind ?
i prefer a venue in centre .
what kind of food would you like ?
i need a european venue .
would you like something in the cheap , moderate , or expensive price range ?
i want a venue in the moderate price range .
galleria is a nice place , it is in the centre of town , it is in the moderate price range and it serves european food .
i want a restaurant in the moderate price range .
galleria is a nice place , it serves european food , it is in the moderate price range and it is in the centre of town .
wait , i want something else . i want a venue in the expensive price range .
michaelhouse cafe is a nice place , it is in the centre of town , it is in the expensive price range and it serves european food .
any price range is okay .
galleria is a nice place , it is in the moderate price range , it serves european food and it is in the centre of town .
awesome , thanks for your help , goodbye .
thank you , goodbye .
Reward: 0.9691383838653564

hello , welcome to the restaurant finding system . how may i help you ?
hi , i want to book a table
what part of town do you have in mind ?
it doesn ' t matter .
what part of town do you have in mind ?
i am ok with everything . i want a venue in the expensive price range .
what part of town do you have in mind ?
it doesn ' t matter .
what part of town do you have in mind ?
i want a venue in any part of town .
what kind of food would you like ?
i need a indian venue .
tandoori palace is a nice place , it is in the north part of town , it serves indian food and it is in the expensive price range .
thanks for your help , goodbye .
thank you , goodbye .
Reward: 0.9691383838653564

hello , welcome to the restaurant finding system . how may i help you ?
hi , i want to book a table
what part of town do you have in mind ?
i prefer a venue in centre .
what kind of food would you like ?
i want a venue in the moderate price range serving italian food .
pizza express fen ditton is a nice place , it serves italian food , it is in the moderate price range and it is in the centre of town .
thanks for your help , goodbye .
thank you , goodbye .
Reward: 0.9691383838653564

hello , welcome to the restaurant finding system . how may i help you ?
hi , i want to book a table
what part of town do you have in mind ?
i prefer a venue in west .
what kind of food would you like ?
i want a venue in the moderate price range and in the north of town .
what kind of food would you like ?
i want a venue in the north of town . what is the address ?
what kind of food would you like ?
i want a venue in the south of town .
what kind of food would you like ?
i want a venue in the north of town . i want a venue in the north of town . i want a venue in
what kind of food would you like ?
i want a venue in the north of town . it doesn ' t matter
what kind of food would you like ?
i want a venue in the morning price range and in the north of town . i want a venue in the south of town
what kind of food would you like ?
i need a chinese venue .
golden wok is a nice place , it serves chinese food , it is in the moderate price range and it is in the north part of town .
Reward: 0.9691383838653564

hello , welcome to the restaurant finding system . how may i help you ?
i need another restaurant .
what part of town do you have in mind ?
i want a venue in the moderate price range and in the centre of town .
what kind of food would you like ?
i need a international venue .
bloomsbury restaurant is a nice place , it is in the centre of town , it serves international food and it is in the moderate price range .
what is the phone number of the restaurant ?
bloomsbury restaurant is a nice place their phone number is 0 871 942 9180 .
what is the address ?
bloomsbury restaurant is a nice place , it serves international food , it is in the centre of town and it is in the moderate price range .
thanks for your help , goodbye .
thank you , goodbye .
Reward: 0.9691383838653564

hello , welcome to the restaurant finding system . how may i help you ?
hi , i want to book a table
what part of town do you have in mind ?
i want a venue in the moderate price range and in the centre of town .
what kind of food would you like ?
i need a indian venue .
i am sorry but there is no place , serving indian food , in the moderate price range and in the area of centre .
thanks for your help , goodbye .
thank you , goodbye .
Reward: 0.9691383838653564

hello , welcome to the restaurant finding system . how may i help you ?
i need another restaurant .
what part of town do you have in mind ?
i want a venue in the expensive price range and in the north of town .
what kind of food would you like ?
i want a venue in the south of town .
what kind of food would you like ?
i want a venue in the south of town . i want a venue in the south of town .
what kind of food would you like ?
i want a venue in the south of town . i want a venue in the north of town . i want a big venue
what kind of food would you like ?
it doesn ' t matter
what kind of food would you like ?
i want a venue in the moderate price range serving chinese food .
golden wok is a nice place , it is in the north part of town , it serves chinese food and it is in the moderate price range .
thanks for your help , goodbye .
thank you , goodbye .
Reward: 0.9691383838653564

hello , welcome to the restaurant finding system . how may i help you ?
hi , i want to book a table
what part of town do you have in mind ?
i prefer a venue in centre .
what kind of food would you like ?
i want a restaurant in the expensive price range serving british food .
midsummer house restaurant is a nice place , it is in the expensive price range , it serves british food and it is in the centre of town .
wait , i want something else . i want a venue in any part of town .
city stop restaurant is a nice place , it is in the north part of town , it is in the expensive price range and it serves british food .
thanks for your help , goodbye .
thank you , goodbye .
Reward: 0.9702919125556946

hello , welcome to the restaurant finding system . how may i help you ?
i need another restaurant .
what part of town do you have in mind ?
it doesn ' t matter .
what part of town do you have in mind ?
i prefer a venue in north .
what kind of food would you like ?
i want a venue in the north of town . i want a venue in the north of town .
what kind of food would you like ?
i need a turkish venue .
i am sorry but there is no place , in the area of north and serving turkish food .
i want a venue in the north of town . i want a venue in the north of town .
i am sorry but there is no place , serving turkish food and in the area of north .
wait , i want something else . i want a venue in the north of town .
i am sorry but there is no place , in the area of north and serving turkish food .
thanks for your help , goodbye .
thank you , goodbye .
Reward: 0.9702919125556946

hello , welcome to the restaurant finding system . how may i help you ?
i need another restaurant .
what part of town do you have in mind ?
i prefer a venue in north .
what kind of food would you like ?
i need a chinese venue .
would you like something in the cheap , moderate , or expensive price range ?
it doesn ' t matter .
would you like something in the cheap , moderate , or expensive price range ?
i need a turkish venue .
i am sorry but there is no place , serving turkish food and in the area of north .
wait , it doesn ' t matter .
i am sorry but there is no place , in the area of north and serving turkish food .
i want a venue in the moderate price range and in the west of town .
i am sorry but there is no place , in the moderate price range , in the area of west and serving turkish food .
thanks for your help , goodbye .
thank you , goodbye .
Reward: 0.9702919125556946

hello , welcome to the restaurant finding system . how may i help you ?
hi , i want to book a table
what part of town do you have in mind ?
it doesn ' t matter .
what part of town do you have in mind ?
i prefer a venue in centre .
what kind of food would you like ?
i need a italian venue .
would you like something in the cheap , moderate , or expensive price range ?
i want a venue in the expensive price range .
clowns cafe is a nice place , it is in the centre of town , it serves italian food and it is in the expensive price range .
what is the phone number of the restaurant ?
clowns cafe is a nice place their phone number is 0 1223 355711 .
thanks for your help , goodbye .
thank you , goodbye .
Reward: 0.9702919125556946

hello , welcome to the restaurant finding system . how may i help you ?
hi , i want to book a table
what part of town do you have in mind ?
i prefer a venue in centre .
what kind of food would you like ?
i need a international venue .
bloomsbury restaurant is a nice place , it is in the centre of town and it serves international food .
i want a restaurant and any price range is okay .
bloomsbury restaurant is a nice place , it serves international food , it is in the centre of town and it is in the moderate price range .
thanks for your help , goodbye .
thank you , goodbye .
Reward: 0.9702919125556946

hello , welcome to the restaurant finding system . how may i help you ?
i need another restaurant .
what part of town do you have in mind ?
it doesn ' t matter .
what part of town do you have in mind ?
it doesn ' t matter .
what part of town do you have in mind ?
i prefer a venue in centre .
what kind of food would you like ?
i want a venue in the expensive price range and in the north of town .
what kind of food would you like ?
i need a indian venue .
tandoori palace is a nice place , it serves indian food , it is in the north part of town and it is in the expensive price range .
thanks for your help , goodbye .
thank you , goodbye .
Reward: 0.9702919125556946

