hello , welcome to the restaurant finding system . how may i help you ?
i need another restaurant .
what part of town do you have in mind ?
i prefer a venue in north .
what kind of food would you like ?
i want a venue in the moderate price range and in the north of town .
what kind of food would you like ?
i need a chinese venue .
golden wok is a nice place , it is in the north part of town , it serves chinese food and it is in the moderate price range .
thanks for your help , goodbye .
thank you , goodbye .
Reward: 0.9751470685005188

hello , welcome to the restaurant finding system . how may i help you ?
i want a restaurant in the moderate price range and in the west of town .
what kind of food would you like ?
i want a venue in any part of town .
what kind of food would you like ?
i want a venue in the south of town .
what kind of food would you like ?
i need a turkish venue .
i am sorry but there is no place , in the moderate price range , serving turkish food and in the area of south .
wait , that doesn ' t matter .
i am sorry but there is no place , serving turkish food , in the moderate price range and in the area of south .
wait , do i fly in the cheap price range ?
i am sorry but there is no place , serving turkish food , in the area of south and in the cheap price range .
wait , i want something else ?
i am sorry but there is no place , in the cheap price range , serving turkish food and in the area of south .
wait , i want something else . i want a european venue
i am sorry but there is no place , serving european food , in the cheap price range and in the area of south .
wait , thanks for your help , goodbye .
thank you , goodbye .
Reward: 0.8200640678405762

hello , welcome to the restaurant finding system . how may i help you ?
hi , i want to book a table
what part of town do you have in mind ?
i want a venue in the moderate price range and in the centre of town .
what kind of food would you like ?
i need a indian venue .
i am sorry but there is no place , in the moderate price range , serving indian food and in the area of centre .
thanks for your help , goodbye .
thank you , goodbye .
Reward: 0.9769814014434814

hello , welcome to the restaurant finding system . how may i help you ?
hi , i want to book a table
what part of town do you have in mind ?
i want a venue in the moderate price range and in the west of town .
what kind of food would you like ?
i need a indian venue .
i am sorry but there is no place , in the moderate price range , in the area of west and serving indian food .
thanks for your help , goodbye .
thank you , goodbye .
Reward: 0.9769814610481262

hello , welcome to the restaurant finding system . how may i help you ?
i need another restaurant .
what part of town do you have in mind ?
i prefer a venue in south .
what kind of food would you like ?
i need a indian venue .
taj tandoori is a nice place , it is in the south part of town and it serves indian food .
what is the address ?
taj tandoori is a nice place their address is 64 cherry hinton road cherry hinton .
thanks for your help , goodbye .
thank you , goodbye .
Reward: 0.9772287011146545

hello , welcome to the restaurant finding system . how may i help you ?
i need another restaurant .
what part of town do you have in mind ?
it doesn ' t matter .
what part of town do you have in mind ?
everything is fine . i need a european venue .
what part of town do you have in mind ?
i prefer a venue in south .
i am sorry but there is no place , in the area of south and serving european food .
i want a venue in the moderate price range and in the centre of town .
galleria is a nice place , it is in the moderate price range , it serves european food and it is in the centre of town .
i need a indian venue .
i am sorry but there is no place , serving indian food , in the area of centre and in the moderate price range .
does this matter ?
i am sorry but there is no place , in the moderate price range , serving indian food and in the area of centre .
thanks for your help , goodbye .
thank you , goodbye .
Reward: 0.9629002213478088

hello , welcome to the restaurant finding system . how may i help you ?
hi , i want to book a table
what part of town do you have in mind ?
i prefer a venue in centre .
what kind of food would you like ?
i want a venue in any part of town .
what kind of food would you like ?
i want a venue in the expensive price range and in the columbus .
what kind of food would you like ?
i need a chinese venue .
hakka is a nice place , it is in the north part of town , it is in the expensive price range and it serves chinese food .
what is the phone number of the restaurant ?
hakka is a nice place their phone number is 0 1223 568988 .
thanks for your help , goodbye .
thank you , goodbye .
Reward: 0.9700391888618469

hello , welcome to the restaurant finding system . how may i help you ?
hi , i want to book a table
what part of town do you have in mind ?
it doesn ' t matter .
what part of town do you have in mind ?
i want a venue in the moderate price range and in the north of town .
what kind of food would you like ?
i need a indian venue .
the nirala is a nice place , it serves indian food , it is in the moderate price range and it is in the north part of town .
thanks for your help , goodbye .
thank you , goodbye .
Reward: 0.9749487638473511

hello , welcome to the restaurant finding system . how may i help you ?
i need another restaurant .
what part of town do you have in mind ?
i prefer a venue in north .
what kind of food would you like ?
i need a chinese venue .
would you like something in the cheap , moderate , or expensive price range ?
i want a venue in the expensive price range .
hakka is a nice place , it is in the expensive price range , it is in the north part of town and it serves chinese food .
please tell me the address and set a portuguese venue .
hakka is a nice place their address is milton road chesterton .
thanks for your help , goodbye .
thank you , goodbye .
Reward: 0.9671129584312439

hello , welcome to the restaurant finding system . how may i help you ?
i need another restaurant .
what part of town do you have in mind ?
i prefer a venue in south .
what kind of food would you like ?
i need a chinese venue .
would you like something in the cheap , moderate , or expensive price range ?
i want a venue in the expensive price range .
the good luck chinese food takeaway is a nice place , it is in the south part of town , it is in the expensive price range and it serves chinese food .
wait , i want something else . i want a venue in any part of town .
hakka is a nice place , it serves chinese food , it is in the expensive price range and it is in the north part of town .
thanks for your help , goodbye .
thank you , goodbye .
Reward: 0.9671347141265869

hello , welcome to the restaurant finding system . how may i help you ?
hi , i want to book a table
what part of town do you have in mind ?
i prefer a venue in centre .
what kind of food would you like ?
i want a restaurant in the expensive price range serving indian food .
curry garden is a nice place , it serves indian food , it is in the expensive price range and it is in the centre of town .
wait , i want something else . i need a european venue .
michaelhouse cafe is a nice place , it is in the centre of town , it serves european food and it is in the expensive price range .
no , i am not looking for this . please show me another one .
eraina is a nice place , it is in the expensive price range , it is in the centre of town and it serves european food .
what is the address of the restaurant ?
eraina is a nice place their address is free school lane city centre .
i need another restaurant .
michaelhouse cafe is a nice place , it is in the centre of town , it serves european food and it is in the expensive price range .
thanks for your help , goodbye .
thank you , goodbye .
Reward: 0.9656474590301514

hello , welcome to the restaurant finding system . how may i help you ?
do i need a restaurant in centre .
what kind of food would you like ?
i need a indian venue .
would you like something in the cheap , moderate , or expensive price range ?
i want a venue in the expensive price range .
curry garden is a nice place , it serves indian food , it is in the centre of town and it is in the expensive price range .
thanks for your help , goodbye .
thank you , goodbye .
Reward: 0.8990558385848999

hello , welcome to the restaurant finding system . how may i help you ?
hi , i want to book a table
what part of town do you have in mind ?
i want a venue in the moderate price range and in the centre of town .
what kind of food would you like ?
i need a international venue .
bloomsbury restaurant is a nice place , it serves international food , it is in the centre of town and it is in the moderate price range .
i need a indian restaurant .
i am sorry but there is no place , in the area of centre , serving indian food and in the moderate price range .
thanks for your help , goodbye .
thank you , goodbye .
Reward: 0.9746813774108887

hello , welcome to the restaurant finding system . how may i help you ?
hi , i want to book a table
what part of town do you have in mind ?
i want a venue in the moderate price range and in the centre of town .
what kind of food would you like ?
i need a indian venue .
i am sorry but there is no place , serving indian food , in the moderate price range and in the area of centre .
thanks for your help , goodbye .
thank you , goodbye .
Reward: 0.9769808650016785

hello , welcome to the restaurant finding system . how may i help you ?
i want a restaurant in the moderate price range and in the centre of town .
what kind of food would you like ?
i need a indian venue .
i am sorry but there is no place , in the area of centre , serving indian food and in the moderate price range .
thanks for your help , goodbye .
thank you , goodbye .
Reward: 0.7379014492034912

hello , welcome to the restaurant finding system . how may i help you ?
i need another restaurant .
what part of town do you have in mind ?
i prefer a venue in north .
what kind of food would you like ?
i need a indian venue .
would you like something in the cheap , moderate , or expensive price range ?
i want a venue in the expensive price range .
tandoori palace is a nice place , it is in the expensive price range , it serves indian food and it is in the north part of town .
thanks for your help , goodbye .
thank you , goodbye .
Reward: 0.9772697687149048

hello , welcome to the restaurant finding system . how may i help you ?
i need another restaurant .
what part of town do you have in mind ?
i want a venue in the moderate price range and in the centre of town .
what kind of food would you like ?
i need a indian venue .
i am sorry but there is no place , in the moderate price range , serving indian food and in the area of centre .
thanks for your help , goodbye .
thank you , goodbye .
Reward: 0.976961612701416

hello , welcome to the restaurant finding system . how may i help you ?
hi , i want to book a table
what part of town do you have in mind ?
i need a turkish venue .
what part of town do you have in mind ?
i want a venue in any part of town .
would you like something in the cheap , moderate , or expensive price range ?
it doesn ' t matter .
would you like something in the cheap , moderate , or expensive price range ?
it doesn ' t matter .
would you like something in the cheap , moderate , or expensive price range ?
i want a venue in the expensive price range .
meze bar restaurant is a nice place , it is in the centre of town , it is in the expensive price range and it serves turkish food .
i need another restaurant .
meze bar restaurant is a nice place , it is in the centre of town , it is in the expensive price range and it serves turkish food .
wait , i want a venue in this .
meze bar restaurant is a nice place , it serves turkish food , it is in the centre of town and it is in the expensive price range .
wait , i want something else . any price range is lots of food .
efes restaurant is a nice place , it serves turkish food , it is in the centre of town and it is in the moderate price range .
Reward: 0.9744755029678345

hello , welcome to the restaurant finding system . how may i help you ?
hi , i want to book a table
what part of town do you have in mind ?
i want a venue in the moderate price range and in the west of town .
what kind of food would you like ?
i want a venue in the south of town .
what kind of food would you like ?
i need a chinese venue .
i am sorry but there is no place , in the area of south , in the moderate price range and serving chinese food .
uh , i am not looking for this . please show me one price range .
i am sorry but there is no place , in the moderate price range , in the area of south and serving chinese food .
i want a restaurant in the cheap price range and in the west of town .
i am sorry but there is no place , in the area of west , serving chinese food and in the cheap price range .
thanks for your help , goodbye .
thank you , goodbye .
Reward: 0.9711426496505737

hello , welcome to the restaurant finding system . how may i help you ?
i need another restaurant .
what part of town do you have in mind ?
i prefer a venue in north .
what kind of food would you like ?
i need a chinese venue .
would you like something in the cheap , moderate , or expensive price range ?
i want a expensive venue .
hakka is a nice place , it serves chinese food , it is in the expensive price range and it is in the north part of town .
wait , i want something else . i want a venue in the south of town .
the good luck chinese food takeaway is a nice place , it is in the expensive price range , it is in the south part of town and it serves chinese food .
thanks for your help , goodbye .
thank you , goodbye .
Reward: 0.9671233892440796

hello , welcome to the restaurant finding system . how may i help you ?
hi , i want to book a table
what part of town do you have in mind ?
i want a venue in the expensive price range and in the centre of town .
what kind of food would you like ?
i need a indian venue .
curry garden is a nice place , it serves indian food , it is in the centre of town and it is in the expensive price range .
thanks for your help , goodbye .
thank you , goodbye .
Reward: 0.9769967198371887

hello , welcome to the restaurant finding system . how may i help you ?
hi , i want to book a table
what part of town do you have in mind ?
i prefer a venue in centre .
what kind of food would you like ?
i need a chinese venue .
would you like something in the cheap , moderate , or expensive price range ?
i want a venue in the moderate price range .
shanghai family restaurant is a nice place , it is in the moderate price range , it serves chinese food and it is in the centre of town .
wait , i hope so , it doesn ' t matter .
shanghai family restaurant is a nice place , it is in the centre of town , it is in the moderate price range and it serves chinese food .
thanks for your help , goodbye .
thank you , goodbye .
Reward: 0.9673404693603516

hello , welcome to the restaurant finding system . how may i help you ?
i want a restaurant in the moderate price range busines .
what part of town do you have in mind ?
i prefer a venue in south .
what kind of food would you like ?
i need a british venue .
i am sorry but there is no place , in the moderate price range , serving british food and in the area of south .
thanks for your help , goodbye .
thank you , goodbye .
Reward: 0.8989722728729248

hello , welcome to the restaurant finding system . how may i help you ?
i need another restaurant .
what part of town do you have in mind ?
i prefer a venue in south .
what kind of food would you like ?
i need a chinese venue .
would you like something in the cheap , moderate , or expensive price range ?
i want a venue in the expensive price range .
the good luck chinese food takeaway is a nice place , it is in the south part of town , it is in the expensive price range and it serves chinese food .
wait , i want something else . i want a venue in the expensive price range .
peking restaurant is a nice place , it is in the south part of town , it is in the expensive price range and it serves chinese food .
thanks for your help , goodbye .
thank you , goodbye .
Reward: 0.9671382308006287

hello , welcome to the restaurant finding system . how may i help you ?
hi , i want to book a table
what part of town do you have in mind ?
i prefer a venue in centre .
what kind of food would you like ?
i need a chinese venue .
would you like something in the cheap , moderate , or expensive price range ?
i want a venue in the expensive price range .
hk fusion is a nice place , it is in the centre of town , it serves chinese food and it is in the expensive price range .
wait , i want something else . any price range is okay .
shanghai family restaurant is a nice place , it is in the centre of town , it is in the moderate price range and it serves chinese food .
thanks for your help , goodbye .
thank you , goodbye .
Reward: 0.9674329161643982

hello , welcome to the restaurant finding system . how may i help you ?
i need a restaurant in centre .
what kind of food would you like ?
i want a restaurant in the moderate price range .
what kind of food would you like ?
i need a indian venue .
i am sorry but there is no place , in the area of centre , serving indian food and in the moderate price range .
thanks for your help , goodbye .
thank you , goodbye .
Reward: 0.885097861289978

hello , welcome to the restaurant finding system . how may i help you ?
i need another restaurant .
what part of town do you have in mind ?
i prefer a venue in south .
what kind of food would you like ?
i need a indian venue .
taj tandoori is a nice place , it serves indian food and it is in the south part of town .
what is the address ?
taj tandoori is a nice place their address is 64 cherry hinton road cherry hinton .
thanks for your help , goodbye .
thank you , goodbye .
Reward: 0.9772408604621887

hello , welcome to the restaurant finding system . how may i help you ?
i want a restaurant in the moderate price range .
what part of town do you have in mind ?
i prefer a venue in south .
what kind of food would you like ?
i need a chinese venue .
i am sorry but there is no place , in the moderate price range , in the area of south and serving chinese food .
i want a restaurant in the moderate price range .
i am sorry but there is no place , serving chinese food , in the moderate price range and in the area of south .
thanks for your help , goodbye .
thank you , goodbye .
Reward: 0.9182857871055603

hello , welcome to the restaurant finding system . how may i help you ?
hi , i want to book a table
what part of town do you have in mind ?
i prefer a venue in west .
what kind of food would you like ?
i need a indian venue .
cocum is a nice place , it is in the west part of town and it serves indian food .
thanks for your help , goodbye .
thank you , goodbye .
Reward: 0.976987361907959

hello , welcome to the restaurant finding system . how may i help you ?
hi , i want to book a table
what part of town do you have in mind ?
i prefer a venue in south .
what kind of food would you like ?
i need a chinese venue .
would you like something in the cheap , moderate , or expensive price range ?
i need a indian venue .
taj tandoori is a nice place , it serves indian food and it is in the south part of town .
i thought is the number of the restaurant and the expensive price range .
can i help you with anything else ?
no , i am not looking for this . please show me another one .
i am sorry but there is no place other than taj tandoori serving indian food , in the area of south and in the expensive price range .
what is the address of the restaurant ?
taj tandoori is a nice place , it is in the south part of town , it is in the expensive price range and it serves indian food .
what is the address of michaelhouse cafe ?
michaelhouse cafe is a nice place , their phone number is 0 1223 309147 and their address is st . michael ' s church trinity street city centre .
thanks for your help , goodbye .
thank you , goodbye .
Reward: 0.9716906547546387

hello , welcome to the restaurant finding system . how may i help you ?
i need another restaurant .
what part of town do you have in mind ?
i prefer a venue in south .
what kind of food would you like ?
i need a indian venue .
taj tandoori is a nice place , it serves indian food and it is in the south part of town .
what is the address of the restaurant ?
taj tandoori is a nice place their address is 64 cherry hinton road cherry hinton .
thanks for your help , goodbye .
thank you , goodbye .
Reward: 0.9772510528564453

hello , welcome to the restaurant finding system . how may i help you ?
i need a restaurant in centre .
what kind of food would you like ?
i need a indian venue .
would you like something in the cheap , moderate , or expensive price range ?
i want a venue in the expensive price range .
curry garden is a nice place , it is in the centre of town , it is in the expensive price range and it serves indian food .
thanks for your help , goodbye .
thank you , goodbye .
Reward: 0.8990466594696045

hello , welcome to the restaurant finding system . how may i help you ?
hi , i want to book a table
what part of town do you have in mind ?
i prefer a venue in south .
what kind of food would you like ?
i need a chinese venue .
would you like something in the cheap , moderate , or expensive price range ?
i want a venue in the expensive price range .
the good luck chinese food takeaway is a nice place , it is in the south part of town , it is in the expensive price range and it serves chinese food .
wait , i want something else . the expensive price range .
peking restaurant is a nice place , it is in the expensive price range , it serves chinese food and it is in the south part of town .
thanks for your help , goodbye .
thank you , goodbye .
Reward: 0.9673427939414978

hello , welcome to the restaurant finding system . how may i help you ?
hi , i want to book a table
what part of town do you have in mind ?
i prefer a venue in west .
what kind of food would you like ?
i need a turkish venue .
i am sorry but there is no place , in the area of west and serving turkish food .
i want a international venue .
i am sorry but there is no place , serving international food and in the area of west .
wait , i want something else . i want a european venue .
cambridge lodge restaurant is a nice place , it serves european food and it is in the west part of town .
what is the address ?
cambridge lodge restaurant is a nice place their address is cambridge lodge hotel 139 huntingdon road city centre .
thanks for your help , goodbye .
thank you , goodbye .
Reward: 0.9716782569885254

hello , welcome to the restaurant finding system . how may i help you ?
i need another restaurant .
what part of town do you have in mind ?
i prefer a venue in south .
what kind of food would you like ?
i need a indian venue .
taj tandoori is a nice place , it serves indian food and it is in the south part of town .
what is the address ?
taj tandoori is a nice place their address is 64 cherry hinton road cherry hinton .
thanks for your help , goodbye .
thank you , goodbye .
Reward: 0.9772408604621887

hello , welcome to the restaurant finding system . how may i help you ?
i need your french restaurant .
what part of town do you have in mind ?
i prefer a venue in north .
restaurant two two is a nice place , it serves french food and it is in the north part of town .
thanks for your help , goodbye .
thank you , goodbye .
Reward: 0.738032877445221

hello , welcome to the restaurant finding system . how may i help you ?
hi , i want to book a table
what part of town do you have in mind ?
everything is fine . i need a portuguese venue .
what part of town do you have in mind ?
i prefer a venue in west .
i am sorry but there is no place , in the area of west and serving portuguese food .
what is the address of the restaurant ?
i am sorry but there is no place , in the area of west and serving portuguese food .
wait , i want something else . i want a venue in i need a european venue .
cambridge lodge restaurant is a nice place , it is in the west part of town and it serves european food .
what is the address ?
cambridge lodge restaurant is a nice place their address is cambridge lodge hotel 139 huntingdon road city centre .
thanks for your help . goodbye .
thank you , goodbye .
Reward: 0.9394139051437378

hello , welcome to the restaurant finding system . how may i help you ?
hi , i want to book a table
what part of town do you have in mind ?
i prefer a venue in south .
what kind of food would you like ?
i need a chinese venue .
would you like something in the cheap , moderate , or expensive price range ?
i want a venue in the expensive price range .
the good luck chinese food takeaway is a nice place , it is in the south part of town , it serves chinese food and it is in the expensive price range .
wait , i want something else . any price range is okay .
the lucky star is a nice place , it is in the south part of town , it serves chinese food and it is in the cheap price range .
thanks for your help , goodbye , goodbye .
thank you , goodbye .
Reward: 0.9674088358879089

hello , welcome to the restaurant finding system . how may i help you ?
i need another restaurant .
what part of town do you have in mind ?
i prefer a venue in east .
what kind of food would you like ?
i need a chinese venue .
yu garden is a nice place , it is in the east part of town and it serves chinese food .
like the address ?
yu garden is a nice place their address is 529 newmarket road fen ditton .
what is the address ?
yu garden is a nice place , it serves chinese food and it is in the east part of town .
thanks for your help , goodbye .
thank you , goodbye .
Reward: 0.9666047096252441

hello , welcome to the restaurant finding system . how may i help you ?
hi , i want to book a table
what part of town do you have in mind ?
i prefer a venue in centre .
what kind of food would you like ?
i need a indian venue .
would you like something in the cheap , moderate , or expensive price range ?
i want a venue in the expensive price range .
curry garden is a nice place , it serves indian food , it is in the expensive price range and it is in the centre of town .
i need a turkish venue .
meze bar restaurant is a nice place , it is in the centre of town , it serves turkish food and it is in the expensive price range .
thanks for your help , goodbye .
thank you , goodbye .
Reward: 0.9673634171485901

hello , welcome to the restaurant finding system . how may i help you ?
hi , i want to book a table
what part of town do you have in mind ?
it doesn ' t matter .
what part of town do you have in mind ?
i prefer a venue in east .
what kind of food would you like ?
i want a venue in the moderate price range and in the north of town .
what kind of food would you like ?
i need a chinese venue .
golden wok is a nice place , it is in the moderate price range , it is in the north part of town and it serves chinese food .
does it serve spanish ?
i am sorry but there is no place , in the moderate price range , serving spanish food and in the area of north .
thanks for your help , goodbye .
thank you , goodbye .
Reward: 0.9534019827842712

hello , welcome to the restaurant finding system . how may i help you ?
hi , i want to book a table
what part of town do you have in mind ?
i prefer a venue in west .
what kind of food would you like ?
i need a turkish venue .
i am sorry but there is no place , serving turkish food and in the area of west .
wait , i want something else . i want a venue in the moderate price range .
i am sorry but there is no place , in the area of west , serving turkish food and in the moderate price range .
thanks for your help , goodbye .
thank you , goodbye .
Reward: 0.976616382598877

hello , welcome to the restaurant finding system . how may i help you ?
hi , i want to book a table
what part of town do you have in mind ?
i prefer a venue in centre .
what kind of food would you like ?
i need a chinese venue .
would you like something in the cheap , moderate , or expensive price range ?
i want a venue in the moderate price range .
shanghai family restaurant is a nice place , it serves chinese food , it is in the moderate price range and it is in the centre of town .
thanks for your help , goodbye .
thank you , goodbye .
Reward: 0.9771741628646851

hello , welcome to the restaurant finding system . how may i help you ?
i want a restaurant in the moderate price range serving thai food .
i am sorry but there is no place , in the moderate price range and serving thai food .
check back restaurant .
i am sorry but there is no place , serving thai food and in the moderate price range .
wait , i want something else . i want something else .
i am sorry but there is no place , in the moderate price range and serving thai food .
i want a restaurant in centre .
i am sorry but there is no place , serving thai food , in the area of centre and in the moderate price range .
wait , i want something else . i want a tap in the moderate price range .
i am sorry but there is no place , serving thai food , in the moderate price range and in the area of centre .
please tell me the address of this restaurant .
i am sorry but there is no place , in the moderate price range , serving thai food and in the area of centre .
the existing restaurant .
i am sorry but there is no place , serving thai food , in the area of centre and in the moderate price range .
please tell me the address and please .
i am sorry but there is no place , in the moderate price range , serving thai food and in the area of centre .
wait , i want something else . i want a british venue .
cotto is a nice place , it is in the centre of town , it serves british food and it is in the moderate price range .
Reward: 0.555832028388977

hello , welcome to the restaurant finding system . how may i help you ?
i need another restaurant .
what part of town do you have in mind ?
i want a venue in the moderate price range and in the north of town .
what kind of food would you like ?
i want a venue in the south of town .
what kind of food would you like ?
i need a indian venue .
i am sorry but there is no place , in the moderate price range , in the area of south and serving indian food .
its 12 and i want a venue in the south of town . i want a venue in
i am sorry but there is no place , in the moderate price range , in the area of south and serving indian food .
thanks for your help , goodbye .
thank you , goodbye .
Reward: 0.9634664058685303

hello , welcome to the restaurant finding system . how may i help you ?
hi , i want to book a table
what part of town do you have in mind ?
i prefer a venue in centre .
what kind of food would you like ?
i need a turkish venue .
would you like something in the cheap , moderate , or expensive price range ?
i want a venue in the moderate price range .
efes restaurant is a nice place , it is in the moderate price range , it serves turkish food and it is in the centre of town .
i need another restaurant .
efes restaurant is a nice place , it serves turkish food , it is in the centre of town and it is in the moderate price range .
wait , i want something else . i want a venue in your expensive price range .
meze bar restaurant is a nice place , it is in the expensive price range , it serves turkish food and it is in the centre of town .
wait , i want a venue and
meze bar restaurant is a nice place , it is in the centre of town , it is in the expensive price range and it serves turkish food .
thanks for your help , goodbye .
thank you , goodbye .
Reward: 0.9769296646118164

hello , welcome to the restaurant finding system . how may i help you ?
hi , i want to book a table
what part of town do you have in mind ?
i need a restaurant in centre .
what kind of food would you like ?
i need a chinese venue .
would you like something in the cheap , moderate , or expensive price range ?
i want a venue in the expensive price range .
hk fusion is a nice place , it is in the expensive price range , it is in the centre of town and it serves chinese food .
i need a indian venue .
curry garden is a nice place , it is in the expensive price range , it serves indian food and it is in the centre of town .
thanks for your help , goodbye .
thank you , goodbye .
Reward: 0.9667093753814697

hello , welcome to the restaurant finding system . how may i help you ?
i need another restaurant .
what part of town do you have in mind ?
it doesn ' t matter .
what part of town do you have in mind ?
i prefer a venue in north .
what kind of food would you like ?
i want a venue in the south of town .
what kind of food would you like ?
i need a chinese venue .
would you like something in the cheap , moderate , or expensive price range ?
i want a venue in the expensive price range .
the good luck chinese food takeaway is a nice place , it is in the expensive price range , it serves chinese food and it is in the south part of town .
wait , i want something else . i want a venue in the expensive price range .
peking restaurant is a nice place , it serves chinese food , it is in the south part of town and it is in the expensive price range .
thanks for your help , goodbye .
thank you , goodbye .
Reward: 0.9734095335006714

hello , welcome to the restaurant finding system . how may i help you ?
hi , i want to book a table
what part of town do you have in mind ?
i want a venue in the expensive price range and in the north of town .
what kind of food would you like ?
it doesn ' t matter .
what kind of food would you like ?
i want a venue in the south of town . i want a venue in the north of town .
what kind of food would you like ?
i want a venue in the south of town . it doesn ' t matter .
what kind of food would you like ?
i want a venue in the moderate price range serving asian oriental food .
i am sorry but there is no place , serving asian oriental food , in the moderate price range and in the area of south .
let me tell me a venue this month .
i am sorry but there is no place , in the area of south , serving asian oriental food and in the moderate price range .
thanks for your help , goodbye .
thank you , goodbye .
Reward: 0.972406804561615

hello , welcome to the restaurant finding system . how may i help you ?
hi , i want to book a table
what part of town do you have in mind ?
i prefer a venue in south of town .
what kind of food would you like ?
i need a chinese venue .
would you like something in the cheap , moderate , or expensive price range ?
i want a venue in the expensive price range .
the good luck chinese food takeaway is a nice place , it serves chinese food , it is in the south part of town and it is in the expensive price range .
wait , i want something else . i want a venue in the expensive price range .
peking restaurant is a nice place , it is in the south part of town , it serves chinese food and it is in the expensive price range .
thanks for your help , goodbye .
thank you , goodbye .
Reward: 0.9672329425811768

hello , welcome to the restaurant finding system . how may i help you ?
hi , i want to book a table
what part of town do you have in mind ?
i want a venue in the moderate price range and in the centre of town .
what kind of food would you like ?
i need a international venue .
bloomsbury restaurant is a nice place , it is in the moderate price range , it serves international food and it is in the centre of town .
no , i want a restaurant in the moderate price range .
bloomsbury restaurant is a nice place , it serves international food , it is in the moderate price range and it is in the centre of town .
wait , i want something else . i need a restaurant in the moderate price range .
the varsity restaurant is a nice place , it is in the moderate price range , it serves international food and it is in the centre of town .
no , i want something else . i want a restaurant in the moderate price range .
i am sorry but there is no place other than the varsity restaurant and bloomsbury restaurant in the area of centre , in the moderate price range and serving international food .
i want this one of moderate price range and in the cheap price range .
i am sorry but there is no place , in the cheap price range , serving international food and in the area of centre .
thanks for your help , goodbye .
thank you , goodbye .
Reward: 0.9727452397346497

hello , welcome to the restaurant finding system . how may i help you ?
i need another restaurant .
what part of town do you have in mind ?
it doesn ' t matter .
what part of town do you have in mind ?
i prefer a venue in north .
what kind of food would you like ?
i need a indian venue .
would you like something in the cheap , moderate , or expensive price range ?
i want a venue in the expensive price range .
tandoori palace is a nice place , it is in the expensive price range , it serves indian food and it is in the north part of town .
thanks for your help , goodbye .
thank you , goodbye .
Reward: 0.9655490517616272

hello , welcome to the restaurant finding system . how may i help you ?
i need another restaurant .
what part of town do you have in mind ?
i want a venue in the expensive price range and in the north of town .
what kind of food would you like ?
i want a venue in the area price range and in the north of town .
what kind of food would you like ?
i need a chinese venue .
hakka is a nice place , it serves chinese food , it is in the north part of town and it is in the expensive price range .
thanks for your help , goodbye .
thank you , goodbye .
Reward: 0.9750931859016418

hello , welcome to the restaurant finding system . how may i help you ?
i need another restaurant .
what part of town do you have in mind ?
i prefer a venue in north .
what kind of food would you like ?
i need a chinese venue .
would you like something in the cheap , moderate , or expensive price range ?
it doesn ' t matter .
would you like something in the cheap , moderate , or expensive price range ?
it doesn ' t matter .
would you like something in the cheap , moderate , or expensive price range ?
i want a venue in the moderate price range .
golden wok is a nice place , it serves chinese food , it is in the moderate price range and it is in the north part of town .
wait , i want something else . i want a venue in the north of town .
i am sorry but there is no place other than golden wok serving chinese food , in the area of north and in the moderate price range .
please check back for me . please show me another one .
golden wok is a nice place , it is in the north part of town , it serves chinese food and it is in the moderate price range .
thanks for your help , goodbye .
thank you , goodbye .
Reward: 0.9772533774375916

hello , welcome to the restaurant finding system . how may i help you ?
help me a restaurant in any price range is okay .
what part of town do you have in mind ?
i want a venue in the moderate price range and in the centre of town .
what kind of food would you like ?
i need a indian venue .
i am sorry but there is no place , in the area of centre , serving indian food and in the moderate price range .
thanks for your help , goodbye .
thank you , goodbye .
Reward: 0.8988665342330933

hello , welcome to the restaurant finding system . how may i help you ?
i need another restaurant .
what part of town do you have in mind ?
i prefer a venue in south .
what kind of food would you like ?
i need a indian venue .
taj tandoori is a nice place , it is in the south part of town and it serves indian food .
what is the address of the restaurant ?
taj tandoori is a nice place their address is 64 cherry hinton road cherry hinton .
thanks for your help , goodbye .
thank you , goodbye .
Reward: 0.9772425889968872

hello , welcome to the restaurant finding system . how may i help you ?
hi , i want to book a table
what part of town do you have in mind ?
i want a venue in the moderate price range and in the centre of town .
what kind of food would you like ?
i need a international venue .
bloomsbury restaurant is a nice place , it is in the centre of town , it serves international food and it is in the moderate price range .
i need a indian venue .
i am sorry but there is no place , in the moderate price range , in the area of centre and serving indian food .
thanks for your help , goodbye .
thank you , goodbye .
Reward: 0.9771488904953003

hello , welcome to the restaurant finding system . how may i help you ?
hi , i want to book a table
what part of town do you have in mind ?
i prefer a venue in south .
what kind of food would you like ?
i need a indian venue .
taj tandoori is a nice place , it is in the south part of town and it serves indian food .
is it in the moderate price range is ?
i am sorry but there is no place , in the area of south , serving indian food and in the moderate price range .
thanks for your help , goodbye .
thank you , goodbye .
Reward: 0.913325309753418

hello , welcome to the restaurant finding system . how may i help you ?
i need another restaurant .
what part of town do you have in mind ?
i prefer a venue in north .
what kind of food would you like ?
i need a indian venue .
would you like something in the cheap , moderate , or expensive price range ?
i want a venue in the moderate price range .
the nirala is a nice place , it is in the north part of town , it serves indian food and it is in the moderate price range .
no , i am not looking for the , the south of town .
i am sorry but there is no place , serving indian food , in the moderate price range and in the area of south .
thanks for your help , goodbye .
thank you , goodbye .
Reward: 0.9689903855323792

hello , welcome to the restaurant finding system . how may i help you ?
i need another restaurant .
what part of town do you have in mind ?
it doesn ' t matter .
what part of town do you have in mind ?
i prefer a venue in south .
what kind of food would you like ?
i want a venue in the moderate price range and in the centre of town .
what kind of food would you like ?
i need a international venue .
bloomsbury restaurant is a nice place , it is in the centre of town , it serves international food and it is in the moderate price range .
i need a indian venue .
i am sorry but there is no place , in the moderate price range , serving indian food and in the area of centre .
thanks for your help , goodbye .
thank you , goodbye .
Reward: 0.9700111150741577

hello , welcome to the restaurant finding system . how may i help you ?
hi , i want to book a table
what part of town do you have in mind ?
i need a restaurant in centre .
what kind of food would you like ?
i need a chinese venue .
would you like something in the cheap , moderate , or expensive price range ?
it doesn ' t matter .
would you like something in the cheap , moderate , or expensive price range ?
it doesn ' t matter .
would you like something in the cheap , moderate , or expensive price range ?
it doesn ' t matter .
would you like something in the cheap , moderate , or expensive price range ?
i want a venue in the expensive price range .
hk fusion is a nice place , it is in the expensive price range , it is in the centre of town and it serves chinese food .
please tell me the address and any price range and in the month of town .
hk fusion is a nice place their address is 21 burleigh street city centre .
thanks for your help , goodbye .
thank you , goodbye .
Reward: 0.9760450124740601

hello , welcome to the restaurant finding system . how may i help you ?
hi , i want to book a table
what part of town do you have in mind ?
i prefer a venue in centre .
what kind of food would you like ?
i need a chinese venue .
would you like something in the cheap , moderate , or expensive price range ?
i need a chinese venue .
would you like something in the cheap , moderate , or expensive price range ?
i want a venue in the expensive price range .
hk fusion is a nice place , it serves chinese food , it is in the centre of town and it is in the expensive price range .
what is the phone number of the restaurant ?
hk fusion is a nice place their phone number is 0 1223 355909 .
thanks for your help , goodbye .
thank you , goodbye .
Reward: 0.9712600111961365

hello , welcome to the restaurant finding system . how may i help you ?
hi , i want to book a table
what part of town do you have in mind ?
it doesn ' t matter .
what part of town do you have in mind ?
i prefer a venue in west .
what kind of food would you like ?
i want a venue in the north of town . i want a venue in the expensive price range .
what kind of food would you like ?
i need a british venue .
city stop restaurant is a nice place , it is in the expensive price range , it is in the north part of town and it serves british food .
what is the address ?
city stop restaurant is a nice place their address is cambridge city football club milton road chesterton .
thanks for your help , goodbye .
thank you , goodbye .
Reward: 0.9698787331581116

hello , welcome to the restaurant finding system . how may i help you ?
i need another restaurant .
what part of town do you have in mind ?
i want a venue in the moderate price range and in the centre of town .
what kind of food would you like ?
i need a indian venue .
i am sorry but there is no place , in the area of centre , serving indian food and in the moderate price range .
thanks for your help , goodbye .
thank you , goodbye .
Reward: 0.9769129753112793

hello , welcome to the restaurant finding system . how may i help you ?
i need another restaurant .
what part of town do you have in mind ?
i prefer a venue in north .
what kind of food would you like ?
i want a venue in the british price range and in the north of town .
city stop restaurant is a nice place , it is in the north part of town and it serves british food .
thanks for your help , goodbye .
thank you , goodbye .
Reward: 0.9769544005393982

hello , welcome to the restaurant finding system . how may i help you ?
i need another restaurant .
what part of town do you have in mind ?
it doesn ' t matter .
what part of town do you have in mind ?
i prefer a venue in south .
what kind of food would you like ?
i need a turkish venue .
i am sorry but there is no place , in the area of south and serving turkish food .
well , i want a venue in the south of town .
i am sorry but there is no place , serving turkish food and in the area of south .
thanks anyway , i kind of grape food .
thank you , goodbye .
Reward: 0.9627487063407898

hello , welcome to the restaurant finding system . how may i help you ?
i need another restaurant .
what part of town do you have in mind ?
it doesn ' t matter .
what part of town do you have in mind ?
i want a venue in the moderate price range and in the north of town .
what kind of food would you like ?
i want a venue in the north of town . any price range is okay .
what kind of food would you like ?
i want a venue in the south of town .
what kind of food would you like ?
i want a venue in the moderate price range serving indian food .
i am sorry but there is no place , in the area of south , serving indian food and in the moderate price range .
thanks for your help , goodbye .
thank you , goodbye .
Reward: 0.9687992334365845

hello , welcome to the restaurant finding system . how may i help you ?
hi , i want to book a table
what part of town do you have in mind ?
i prefer a venue in centre .
what kind of food would you like ?
i need a indian venue .
would you like something in the cheap , moderate , or expensive price range ?
i want a venue in the moderate price range .
i am sorry but there is no place , serving indian food , in the area of centre and in the moderate price range .
thanks for your help , goodbye .
thank you , goodbye .
Reward: 0.9770560264587402

hello , welcome to the restaurant finding system . how may i help you ?
hi , i want to book a table
what part of town do you have in mind ?
i prefer a venue in centre .
what kind of food would you like ?
i need a mediterranean venue .
would you like something in the cheap , moderate , or expensive price range ?
i want a restaurant in the moderate price range .
i am sorry but there is no place , in the moderate price range , in the area of centre and serving mediterranean food .
please tell me the phone number of my restaurant .
i am sorry but there is no place , in the area of centre , in the moderate price range and serving mediterranean food .
i need a indian venue .
i am sorry but there is no place , in the moderate price range , serving indian food and in the area of centre .
thanks for your help , goodbye .
thank you , goodbye .
Reward: 0.9721401333808899

hello , welcome to the restaurant finding system . how may i help you ?
i need another restaurant .
what part of town do you have in mind ?
i prefer a venue in north .
what kind of food would you like ?
i need a chinese venue .
would you like something in the cheap , moderate , or expensive price range ?
i want a venue in the expensive price range .
hakka is a nice place , it is in the expensive price range , it serves chinese food and it is in the north part of town .
what is the phone number of the restaurant ?
hakka is a nice place their phone number is 0 1223 568988 .
thanks for your help , goodbye .
thank you , goodbye .
Reward: 0.9672023057937622

hello , welcome to the restaurant finding system . how may i help you ?
hi , i want to book a table
what part of town do you have in mind ?
i prefer a venue in south .
what kind of food would you like ?
i need a chinese venue .
would you like something in the cheap , moderate , or expensive price range ?
i want a restaurant in the expensive price range .
the good luck chinese food takeaway is a nice place , it is in the expensive price range , it serves chinese food and it is in the south part of town .
thanks for your help , goodbye .
thank you , goodbye .
Reward: 0.9771697521209717

hello , welcome to the restaurant finding system . how may i help you ?
hi , i want to book a table
what part of town do you have in mind ?
i prefer a venue in south .
what kind of food would you like ?
you want a restaurant in the moderate price range and in the south of town .
what kind of food would you like ?
i want a venue in the north of town . i want a venue in the south of town . it doesn ' t matter
what kind of food would you like ?
i need a chinese venue .
golden wok is a nice place , it is in the north part of town , it serves chinese food and it is in the moderate price range .
thanks for your help , goodbye .
thank you , goodbye .
Reward: 0.963703453540802

hello , welcome to the restaurant finding system . how may i help you ?
i need another restaurant .
what part of town do you have in mind ?
i want a venue in the moderate price range and in the north of town .
what kind of food would you like ?
i want a venue in the south of town .
what kind of food would you like ?
i need a chinese venue .
i am sorry but there is no place , in the moderate price range , in the area of south and serving chinese food .
i want a restaurant in the expensive price range serving british food .
i am sorry but there is no place , in the area of south , in the expensive price range and serving british food .
please tell me the address and please .
i am sorry but there is no place , in the area of south , serving british food and in the expensive price range .
thanks for your help , goodbye .
thank you , goodbye .
Reward: 0.9605434536933899

hello , welcome to the restaurant finding system . how may i help you ?
hi , i want to book a table
what part of town do you have in mind ?
it doesn ' t matter .
what part of town do you have in mind ?
i want a venue in the moderate price range and in the centre of town .
what kind of food would you like ?
i need a international venue .
bloomsbury restaurant is a nice place , it is in the centre of town , it serves international food and it is in the moderate price range .
wait , i want a restaurant in the expensive price range .
i am sorry but there is no place , in the expensive price range , serving international food and in the area of centre .
wait , i want something else . i want a restaurant in the cheap price range .
i am sorry but there is no place , in the area of centre , in the cheap price range and serving international food .
i need a indian venue .
the gandhi is a nice place , it is in the centre of town , it is in the cheap price range and it serves indian food .
thanks for your help , goodbye .
thank you , goodbye .
Reward: 0.9751489162445068

hello , welcome to the restaurant finding system . how may i help you ?
hi , i want to book a table
what part of town do you have in mind ?
i want a venue in the irs and no , in the cheap price range and in the centre of town .
what kind of food would you like ?
i want a venue in the moderate price range and in the centre of town .
what kind of food would you like ?
i need a indian venue .
i am sorry but there is no place , in the moderate price range , in the area of centre and serving indian food .
thanks anyway , goodbye .
thank you , goodbye .
Reward: 0.9763948321342468

hello , welcome to the restaurant finding system . how may i help you ?
i need another restaurant .
what part of town do you have in mind ?
i prefer a venue in centre .
what kind of food would you like ?
i want a venue in the expensive price range serving chinese food .
hk fusion is a nice place , it serves chinese food , it is in the expensive price range and it is in the centre of town .
thanks for your help , goodbye .
thank you , goodbye .
Reward: 0.9769823551177979

hello , welcome to the restaurant finding system . how may i help you ?
i need another restaurant .
what part of town do you have in mind ?
it doesn ' t matter .
what part of town do you have in mind ?
i prefer a venue in north .
what kind of food would you like ?
i want a venue in the south of town . my affair .
what kind of food would you like ?
i want a venue in the moderate price range and in the centre of town .
what kind of food would you like ?
i need a indian venue .
i am sorry but there is no place , in the moderate price range , in the area of centre and serving indian food .
thanks for your help , goodbye .
thank you , goodbye .
Reward: 0.968717098236084

hello , welcome to the restaurant finding system . how may i help you ?
hi , i want to book a table
what part of town do you have in mind ?
i prefer a venue in centre .
what kind of food would you like ?
i want a venue in the moderate price range serving chinese food .
shanghai family restaurant is a nice place , it serves chinese food , it is in the centre of town and it is in the moderate price range .
thanks for your help , goodbye .
thank you , goodbye .
Reward: 0.9770033955574036

hello , welcome to the restaurant finding system . how may i help you ?
hi , i want to book a table
what part of town do you have in mind ?
i prefer a venue in centre .
what kind of food would you like ?
i need a chinese venue .
would you like something in the cheap , moderate , or expensive price range ?
it doesn ' t matter .
would you like something in the cheap , moderate , or expensive price range ?
i want a venue in the moderate price range .
shanghai family restaurant is a nice place , it is in the moderate price range , it serves chinese food and it is in the centre of town .
thanks for your help , goodbye .
thank you , goodbye .
Reward: 0.9657719731330872

hello , welcome to the restaurant finding system . how may i help you ?
hi , i want to book a table
what part of town do you have in mind ?
i prefer a venue in centre .
what kind of food would you like ?
i need a italian venue .
would you like something in the cheap , moderate , or expensive price range ?
i want a venue in any part of town .
would you like something in the cheap , moderate , or expensive price range ?
i want a venue in the expensive price range .
clowns cafe is a nice place , it is in the centre of town , it is in the expensive price range and it serves italian food .
no , i am not looking for this . please show me another one .
frankie and bennys is a nice place , it serves italian food , it is in the expensive price range and it is in the south part of town .
thanks for your help , goodbye .
thank you , goodbye .
Reward: 0.9712532758712769

hello , welcome to the restaurant finding system . how may i help you ?
hi , i want to book a table
what part of town do you have in mind ?
hi , i want a venue in the cheap price range and in the centre of town .
what kind of food would you like ?
i need a international venue .
i am sorry but there is no place , in the cheap price range , in the area of centre and serving international food .
i need a indian venue .
the gandhi is a nice place , it is in the centre of town , it is in the cheap price range and it serves indian food .
thanks for your help , goodbye .
thank you , goodbye .
Reward: 0.9760684967041016

hello , welcome to the restaurant finding system . how may i help you ?
hi , i want to book a table
what part of town do you have in mind ?
i prefer a venue in centre .
what kind of food would you like ?
i need a chinese venue .
would you like something in the cheap , moderate , or expensive price range ?
i want a venue in the expensive price range .
hk fusion is a nice place , it is in the centre of town , it is in the expensive price range and it serves chinese food .
what is the phone number of the restaurant ?
hk fusion is a nice place their phone number is 0 1223 355909 .
thanks for your help , goodbye .
thank you , goodbye .
Reward: 0.9673805236816406

hello , welcome to the restaurant finding system . how may i help you ?
hi , i want to book a table
what part of town do you have in mind ?
i want a venue in the moderate price range and in the west of town .
what kind of food would you like ?
i want a venue in the north of town . i want a venue in the south of town .
what kind of food would you like ?
i need a indian venue .
the nirala is a nice place , it is in the north part of town , it is in the moderate price range and it serves indian food .
what is the address ?
the nirala is a nice place their address is 7 milton road chesterton .
thanks for your help , goodbye .
thank you , goodbye .
Reward: 0.9670900702476501

hello , welcome to the restaurant finding system . how may i help you ?
hi , i want to book a table
what part of town do you have in mind ?
i want a venue in the moderate price range and in the north of town .
what kind of food would you like ?
i need a indian venue .
the nirala is a nice place , it is in the moderate price range , it serves indian food and it is in the north part of town .
thanks for your help , goodbye .
thank you , goodbye .
Reward: 0.9769905209541321

hello , welcome to the restaurant finding system . how may i help you ?
hi , i want to book a table
what part of town do you have in mind ?
i prefer a venue in centre .
what kind of food would you like ?
i want a venue in the moderate price range serving chinese food .
shanghai family restaurant is a nice place , it serves chinese food , it is in the centre of town and it is in the moderate price range .
thanks for your help , goodbye .
thank you , goodbye .
Reward: 0.9770033955574036

hello , welcome to the restaurant finding system . how may i help you ?
hi , i want to book a table
what part of town do you have in mind ?
it doesn ' t matter .
what part of town do you have in mind ?
i want to have a restaurant in centre .
what kind of food would you like ?
i need a turkish venue .
would you like something in the cheap , moderate , or expensive price range ?
i want a venue in the expensive price range
meze bar restaurant is a nice place , it serves turkish food , it is in the expensive price range and it is in the centre of town .
wait , i want something else . i want a venue in the expensive price range
i am sorry but there is no place other than meze bar restaurant serving turkish food , in the expensive price range and in the area of centre .
no , i am not looking for this for this
meze bar restaurant is a nice place , it is in the centre of town , it serves turkish food and it is in the expensive price range .
what is the address of meze restaurant ?
meze bar restaurant is a nice place their address is 196 mill road city centre .
thanks for your help , goodbye .
thank you , goodbye .
Reward: 0.9739094972610474

hello , welcome to the restaurant finding system . how may i help you ?
i need another restaurant .
what part of town do you have in mind ?
it doesn ; t matter .
what part of town do you have in mind ?
i prefer a venue in east .
what kind of food would you like ?
i want a venue in your to book
what kind of food would you like ?
i want a venue in the moderate price range and in the centre of town .
what kind of food would you like ?
i need a indian venue .
i am sorry but there is no place , serving indian food , in the moderate price range and in the area of centre .
i need a indian venue .
i am sorry but there is no place , in the area of centre , in the moderate price range and serving indian food .
thanks for your help , goodbye .
thank you , goodbye .
Reward: 0.9722323417663574

hello , welcome to the restaurant finding system . how may i help you ?
i need another restaurant .
what part of town do you have in mind ?
it doesn ' t matter .
what part of town do you have in mind ?
it doesn ' t matter .
what part of town do you have in mind ?
i want a venue in the north of town .
what kind of food would you like ?
i need a indian venue .
would you like something in the cheap , moderate , or expensive price range ?
i want a venue in the moderate price range .
the nirala is a nice place , it is in the north part of town , it is in the moderate price range and it serves indian food .
what is the address ?
the nirala is a nice place their address is 7 milton road chesterton .
thanks for your help , goodbye .
thank you , goodbye .
Reward: 0.9734411835670471

hello , welcome to the restaurant finding system . how may i help you ?
hi , i want to book a table
what part of town do you have in mind ?
i prefer a venue in south .
what kind of food would you like ?
i need a chinese venue .
would you like something in the cheap , moderate , or expensive price range ?
i want a venue in the moderate price range .
i am sorry but there is no place , in the moderate price range , in the area of south and serving chinese food .
i want a restaurant in the moderate price range serving modern european food .
i am sorry but there is no place , serving european food , in the moderate price range and in the area of south .
wait , i want something else . i need a turkish venue .
i am sorry but there is no place , in the area of south , in the moderate price range and serving turkish food .
thanks for your help , goodbye .
thank you , goodbye .
Reward: 0.9720629453659058

hello , welcome to the restaurant finding system . how may i help you ?
hi , i want to book a table
what part of town do you have in mind ?
i prefer a venue in west .
what kind of food would you like ?
i need a chinese venue .
i am sorry but there is no place , in the area of west and serving chinese food .
thanks for your help , goodbye .
thank you , goodbye .
Reward: 0.97607421875

hello , welcome to the restaurant finding system . how may i help you ?
hi , i want to book a table
what part of town do you have in mind ?
it doesn ' t matter .
what part of town do you have in mind ?
i prefer a venue in north .
what kind of food would you like ?
i need a british venue .
city stop restaurant is a nice place , it serves british food and it is in the north part of town .
thanks for your help , goodbye .
thank you , goodbye .
Reward: 0.974917471408844

hello , welcome to the restaurant finding system . how may i help you ?
hi , i want to book a table
what part of town do you have in mind ?
i want a venue in the moderate price range and in the centre of town .
what kind of food would you like ?
i need a international venue .
bloomsbury restaurant is a nice place , it serves international food , it is in the centre of town and it is in the moderate price range .
i need a indian venue .
i am sorry but there is no place , serving indian food , in the area of centre and in the moderate price range .
thanks for your help , goodbye .
thank you , goodbye .
Reward: 0.9770746827125549

hello , welcome to the restaurant finding system . how may i help you ?
hi , i want to book a table
what part of town do you have in mind ?
i need a restaurant in centre .
what kind of food would you like ?
i need a indian venue .
would you like something in the cheap , moderate , or expensive price range ?
i want a venue in the expensive price range .
curry garden is a nice place , it is in the expensive price range , it is in the centre of town and it serves indian food .
what is the address of meze west of town ?
curry garden is a nice place their address is 106 regent street city centre .
thanks for your help , goodbye .
thank you , goodbye .
Reward: 0.966748058795929

hello , welcome to the restaurant finding system . how may i help you ?
hi , i want to find a table
what part of town do you have in mind ?
i prefer a venue in centre .
what kind of food would you like ?
i want a venue in any part of town .
what kind of food would you like ?
i need a chinese venue .
would you like something in the cheap , moderate , or expensive price range ?
i want a venue in the expensive price range .
hakka is a nice place , it serves chinese food , it is in the north part of town and it is in the expensive price range .
what is the address ?
hakka is a nice place their address is milton road chesterton .
thanks for your help , goodbye .
thank you , goodbye .
Reward: 0.9696528315544128

hello , welcome to the restaurant finding system . how may i help you ?
i need another restaurant .
what part of town do you have in mind ?
i prefer a venue in south .
what kind of food would you like ?
i need a indian venue .
taj tandoori is a nice place , it serves indian food and it is in the south part of town .
thanks for your help , goodbye .
thank you , goodbye .
Reward: 0.9769654870033264

hello , welcome to the restaurant finding system . how may i help you ?
hi , i want to book a table
what part of town do you have in mind ?
i want a venue in the moderate price range and in the west of town .
what kind of food would you like ?
i need a chinese venue .
i am sorry but there is no place , in the area of west , in the moderate price range and serving chinese food .
thanks for your help , goodbye .
thank you , goodbye .
Reward: 0.9769800901412964

hello , welcome to the restaurant finding system . how may i help you ?
i need another restaurant .
what part of town do you have in mind ?
i prefer a venue in north .
what kind of food would you like ?
i need a indian venue .
would you like something in the cheap , moderate , or expensive price range ?
i want a venue in the expensive price range .
tandoori palace is a nice place , it is in the expensive price range , it serves indian food and it is in the north part of town .
thanks for your help , goodbye .
thank you , goodbye .
Reward: 0.9772697687149048

hello , welcome to the restaurant finding system . how may i help you ?
hi , i want to book a table
what part of town do you have in mind ?
it doesn ' t matter .
what part of town do you have in mind ?
i want a venue in the moderate price range and in the centre of town .
what kind of food would you like ?
i need a international venue .
bloomsbury restaurant is a nice place , it is in the centre of town , it is in the moderate price range and it serves international food .
i want a restaurant in the moderate price range and in the centre of town .
bloomsbury restaurant is a nice place , it serves international food , it is in the moderate price range and it is in the centre of town .
no , i want a restaurant in the moderate price range .
bloomsbury restaurant is a nice place , it is in the centre of town , it serves international food and it is in the moderate price range .
thanks for your help , goodbye .
thank you , goodbye .
Reward: 0.971246063709259

hello , welcome to the restaurant finding system . how may i help you ?
hi , i want to book a table
what part of town do you have in mind ?
everything is fine . i need a portuguese venue .
what part of town do you have in mind ?
i prefer a venue in centre .
nandos city centre is a nice place , it serves portuguese food and it is in the centre of town .
what is the phone number of the restaurant ?
nandos is a nice place their phone number is 0 1223 327908 .
thanks for your help , goodbye .
thank you , goodbye .
Reward: 0.9739891886711121

hello , welcome to the restaurant finding system . how may i help you ?
hi , i want to book a table
what part of town do you have in mind ?
i want a venue in the moderate price range and in the west of town .
what kind of food would you like ?
i want a venue in the north of town . i want a venue in the moderate price range .
what kind of food would you like ?
i want a venue in the moderate price range and in the north of town .
what kind of food would you like ?
i need a indian venue .
the nirala is a nice place , it is in the moderate price range , it serves indian food and it is in the north part of town .
thanks for your help , goodbye .
thank you , goodbye .
Reward: 0.9636882543563843

