hello , welcome to the restaurant finding system . how may i help you ?
i need a restaurant in centre .
what kind of food would you like ?
i want a venue in the moderate price range serving chinese food .
shanghai family restaurant is a nice place , it is in the moderate price range , it is in the centre of town and it serves chinese food .
thanks for your help , goodbye .
thank you , goodbye .
Reward: 0.7558413743972778

hello , welcome to the restaurant finding system . how may i help you ?
hi , i want to book a table
what part of town do you have in mind ?
i prefer a venue in west .
what kind of food would you like ?
i want a venue in the moderate price range and in the centre of town .
what kind of food would you like ?
i need a indian venue .
i am sorry but there is no place , in the area of centre , serving indian food and in the moderate price range .
thanks for your help , goodbye .
thank you , goodbye .
Reward: 0.9749246835708618

hello , welcome to the restaurant finding system . how may i help you ?
i need another restaurant .
what part of town do you have in mind ?
i prefer a venue in north .
what kind of food would you like ?
i need a indian venue .
would you like something in the cheap , moderate , or expensive price range ?
i want a venue in the expensive price range .
tandoori palace is a nice place , it is in the north part of town , it is in the expensive price range and it serves indian food .
what is the address ?
tandoori palace is a nice place their address is 68 histon road chesterton .
thanks for your help , goodbye .
thank you , goodbye .
Reward: 0.9687676429748535

hello , welcome to the restaurant finding system . how may i help you ?
hi , i want to book a table
what part of town do you have in mind ?
i prefer a venue in centre .
what kind of food would you like ?
i want a restaurant in the expensive price range serving portuguese food .
i am sorry but there is no place , serving portuguese food , in the expensive price range and in the area of centre .
any price range is okay .
nandos city centre is a nice place , it serves portuguese food , it is in the cheap price range and it is in the centre of town .
what is the phone number of shiraz restaurant ?
nandos is a nice place their phone number is 0 1223 327908 .
thanks for your help , goodbye .
thank you , goodbye .
Reward: 0.9413931369781494

hello , welcome to the restaurant finding system . how may i help you ?
i need another restaurant .
what part of town do you have in mind ?
i prefer a venue in centre .
what kind of food would you like ?
i want a venue in the moderate price range and in the north of town .
what kind of food would you like ?
i want a venue in the south of town . i want a venue in the south of town .
what kind of food would you like ?
i need a indian venue .
i am sorry but there is no place , serving indian food , in the moderate price range and in the area of south .
any recipes , it does ?
i am sorry but there is no place , serving indian food , in the moderate price range and in the area of south .
thanks for your help , goodbye .
thank you , goodbye .
Reward: 0.9692501425743103

hello , welcome to the restaurant finding system . how may i help you ?
hi , i want to book a table
what part of town do you have in mind ?
i prefer a venue in centre .
what kind of food would you like ?
i need a turkish venue .
would you like something in the cheap , moderate , or expensive price range ?
i want a venue in the moderate price range .
efes restaurant is a nice place , it serves turkish food , it is in the moderate price range and it is in the centre of town .
what is the phone number of meze restaurant ?
efes restaurant is a nice place their phone number is 0 1223 500005 .
thanks for your help , goodbye .
thank you , goodbye .
Reward: 0.967311441898346

hello , welcome to the restaurant finding system . how may i help you ?
hi , i want to book a table
what part of town do you have in mind ?
i prefer a venue in centre .
what kind of food would you like ?
i need a chinese venue .
would you like something in the cheap , moderate , or expensive price range ?
i want a venue in the expensive price range .
hk fusion is a nice place , it is in the expensive price range , it is in the centre of town and it serves chinese food .
what is the phone number of the restaurant ?
hk fusion is a nice place their phone number is 0 1223 355909 .
thanks for your help , goodbye .
thank you , goodbye .
Reward: 0.9673851728439331

hello , welcome to the restaurant finding system . how may i help you ?
hi , i want to book a table
what part of town do you have in mind ?
i prefer a venue in centre .
what kind of food would you like ?
i want a restaurant in the moderate price range serving japanese food .
i am sorry but there is no place , in the area of centre , in the moderate price range and serving japanese food .
i want very heavy proceed ? i trips more for a venue in the centre of town .
i am sorry but there is no place , serving japanese food , in the area of centre and in the moderate price range .
what is the address ?
i am sorry but there is no place , serving japanese food , in the area of centre and in the moderate price range .
is it in the expensive price range is 555 - 2018
wagamama is a nice place , it serves japanese food , it is in the centre of town and it is in the expensive price range .
what is the number of the restaurant ?
can i help you with anything else ?
wait , i want something else . i want a venue in the moderate price range .
i am sorry but there is no place , in the moderate price range , in the area of centre and serving japanese food .
Reward: 0.9836710691452026

hello , welcome to the restaurant finding system . how may i help you ?
i need another restaurant .
what part of town do you have in mind ?
i want a venue in the cheap price range and in the north of town .
what kind of food would you like ?
i need a indian venue .
royal spice is a nice place , it is in the cheap price range , it is in the north part of town and it serves indian food .
what is the address ?
royal spice is a nice place their address is victoria avenue chesterton .
thanks for your help , goodbye .
thank you , goodbye .
Reward: 0.9772826433181763

hello , welcome to the restaurant finding system . how may i help you ?
hi , i want to book a table
what part of town do you have in mind ?
i prefer a venue in centre .
what kind of food would you like ?
i need a chinese venue .
would you like something in the cheap , moderate , or expensive price range ?
i want a venue in the moderate price range .
shanghai family restaurant is a nice place , it is in the centre of town , it serves chinese food and it is in the moderate price range .
thanks for your help , goodbye .
thank you , goodbye .
Reward: 0.9771939516067505

hello , welcome to the restaurant finding system . how may i help you ?
hi , i want to book a table
what part of town do you have in mind ?
i prefer a venue in centre .
what kind of food would you like ?
i need a chinese venue .
would you like something in the cheap , moderate , or expensive price range ?
i want a venue in the moderate price range .
shanghai family restaurant is a nice place , it serves chinese food , it is in the centre of town and it is in the moderate price range .
what is the phone number of the restaurant ?
shanghai family restaurant is a nice place their phone number is 0 1223 301761 .
thanks for your help , goodbye .
thank you , goodbye .
Reward: 0.967433512210846

hello , welcome to the restaurant finding system . how may i help you ?
hi , i want to book a table
what part of town do you have in mind ?
i want a venue in the moderate price range and in the north of town .
what kind of food would you like ?
i want a venue in the south of town .
what kind of food would you like ?
i need a indian venue .
i am sorry but there is no place , serving indian food , in the area of south and in the moderate price range .
thanks for your help , goodbye .
thank you , goodbye .
Reward: 0.9748839735984802

hello , welcome to the restaurant finding system . how may i help you ?
i need another restaurant .
what part of town do you have in mind ?
hi , i want a venue in the moderate price range and in the centre of town .
what kind of food would you like ?
i need a venue in the cuban i want a venue in the moderate price range .
i am sorry but there is no place , serving cuban food , in the area of centre and in the moderate price range .
what is the address ?
i am sorry but there is no place , in the area of centre , serving cuban food and in the moderate price range .
i want a venue in the moderate price range and in the north of town . i need a european venue .
i am sorry but there is no place , in the moderate price range , in the area of north and serving european food .
what is the address of the restaurant ?
i am sorry but there is no place , in the moderate price range , in the area of north and serving european food .
i want a venue in the south of town . any price range is okay .
i am sorry but there is no place , in the area of south and serving european food .
what is the address of the restaurant ?
i am sorry but there is no place , serving european food and in the area of south .
Reward: 0.8094117641448975

hello , welcome to the restaurant finding system . how may i help you ?
hi , i want to book a table
what part of town do you have in mind ?
i am ok with everything . i want a venue in any part of town .
what kind of food would you like ?
i need a indian venue .
would you like something in the cheap , moderate , or expensive price range ?
i want a table in the expensive price range .
tandoori palace is a nice place , it serves indian food , it is in the expensive price range and it is in the north part of town .
what is the expensive price range ?
tandoori palace is a nice place , it is in the expensive price range , it is in the north part of town and it serves indian food .
what is the address ?
tandoori palace is a nice place their address is 68 histon road chesterton .
thanks for your help , goodbye .
thank you , goodbye .
Reward: 0.9706336855888367

hello , welcome to the restaurant finding system . how may i help you ?
i need another restaurant .
what part of town do you have in mind ?
it doesn ' t matter .
what part of town do you have in mind ?
i prefer a venue in north .
what kind of food would you like ?
i need a chinese venue .
would you like something in the cheap , moderate , or expensive price range ?
it doesn ' t matter .
would you like something in the cheap , moderate , or expensive price range ?
it doesn ' t matter .
would you like something in the cheap , moderate , or expensive price range ?
it doesn ' t matter .
would you like something in the cheap , moderate , or expensive price range ?
i want a venue in the expensive price range .
hakka is a nice place , it is in the expensive price range , it is in the north part of town and it serves chinese food .
Reward: 0.9733647704124451

hello , welcome to the restaurant finding system . how may i help you ?
i need another restaurant .
what part of town do you have in mind ?
i prefer a venue in east .
what kind of food would you like ?
i need a chinese venue .
yu garden is a nice place , it serves chinese food and it is in the east part of town .
what is the address ?
yu garden is a nice place their address is 529 newmarket road fen ditton .
thanks for your help , goodbye .
thank you , goodbye .
Reward: 0.9772852063179016

hello , welcome to the restaurant finding system . how may i help you ?
hi , i want to book a table
what part of town do you have in mind ?
i prefer a venue in centre .
what kind of food would you like ?
i want a venue in the moderate price range and in the centre of town .
what kind of food would you like ?
i want a venue in the avenue pm
what kind of food would you like ?
i want a venue in the expensive price range and in any part of town .
what kind of food would you like ?
i want a venue in the expensive price range serving chinese food .
hakka is a nice place , it is in the expensive price range , it serves chinese food and it is in the north part of town .
what is the phone number of the restaurant ?
hakka is a nice place their phone number is 0 1223 568988 .
thanks for your help , goodbye .
thank you , goodbye .
Reward: 0.9722915291786194

hello , welcome to the restaurant finding system . how may i help you ?
hi , i want to book a table
what part of town do you have in mind ?
i prefer a venue in centre .
what kind of food would you like ?
i want a venue in the north of town . where is the centre of the city of town .
what kind of food would you like ?
i need a indian venue .
would you like something in the cheap , moderate , or expensive price range ?
i want a venue in the north of town .
would you like something in the cheap , moderate , or expensive price range ?
the moderate price range and in the south of town .
i am sorry but there is no place , in the area of south , in the moderate price range and serving indian food .
thanks for your help , goodbye .
thank you , goodbye .
Reward: 0.9532627463340759

hello , welcome to the restaurant finding system . how may i help you ?
hi , i want to book a table
what part of town do you have in mind ?
i want a venue in the moderate price range and in the centre of town .
what kind of food would you like ?
i need a indian venue .
i am sorry but there is no place , in the area of centre , in the moderate price range and serving indian food .
i want a venue in the expensive price range and in the 3 pm .
curry garden is a nice place , it is in the expensive price range , it is in the centre of town and it serves indian food .
ok , i need a venue in the expensive price range .
curry garden is a nice place , it is in the centre of town , it serves indian food and it is in the expensive price range .
thanks for your help , goodbye .
thank you , goodbye .
Reward: 0.9672588109970093

hello , welcome to the restaurant finding system . how may i help you ?
i need another restaurant .
what part of town do you have in mind ?
i prefer a venue in north .
what kind of food would you like ?
i need a indian venue .
would you like something in the cheap , moderate , or expensive price range ?
i want a venue in the moderate price range .
the nirala is a nice place , it serves indian food , it is in the moderate price range and it is in the north part of town .
what is the phone number of the restaurant ?
the nirala is a nice place their phone number is 0 1223 360966 .
what is the address ?
the nirala is a nice place , it serves indian food , it is in the moderate price range and it is in the north part of town .
darn , i am not looking for this . please show me another phone number .
the nirala is a nice place , their address is 7 milton road chesterton and their phone number is 0 1223 360966 .
thanks for your help , goodbye .
thank you , goodbye .
Reward: 0.9744285941123962

hello , welcome to the restaurant finding system . how may i help you ?
i need another restaurant .
what part of town do you have in mind ?
i prefer a venue in south .
what kind of food would you like ?
i prefer a venue in centre .
what kind of food would you like ?
i need a british venue .
would you like something in the cheap , moderate , or expensive price range ?
i want a venue in the expensive price range .
midsummer house restaurant is a nice place , it is in the expensive price range , it serves british food and it is in the centre of town .
no , i am not looking for hikes . please show me another one .
fitzbillies restaurant is a nice place , it is in the centre of town , it is in the expensive price range and it serves british food .
what is the phone number of the restaurant ?
fitzbillies restaurant is a nice place their phone number is 0 1223 352500 .
what is the address ?
midsummer house restaurant is a nice place , it is in the centre of town , it is in the expensive price range and it serves british food .
Reward: 0.9766901135444641

hello , welcome to the restaurant finding system . how may i help you ?
hi , i want to book a table
what part of town do you have in mind ?
it doesn ' t matter .
what part of town do you have in mind ?
i prefer a venue in south .
what kind of food would you like ?
i need a british venue .
i am sorry but there is no place , in the area of south and serving british food .
thanks for your help , goodbye .
thank you , goodbye .
Reward: 0.9748757481575012

hello , welcome to the restaurant finding system . how may i help you ?
hi , i want to book a table
what part of town do you have in mind ?
it doesn ' t matter .
what part of town do you have in mind ?
i want a venue in the moderate price range and in the centre of town .
what kind of food would you like ?
i need a international venue .
bloomsbury restaurant is a nice place , it is in the centre of town , it serves international food and it is in the moderate price range .
what is the phone number of the restaurant ?
bloomsbury restaurant is a nice place their phone number is 0 871 942 9180 .
what is the address ?
bloomsbury restaurant is a nice place , it is in the centre of town , it is in the moderate price range and it serves international food .
what is the address ?
bloomsbury restaurant is a nice place , their address is crowne plaza hotel 20 downing street and their phone number is 0 871 942 9180 .
thanks for your help , goodbye .
thank you , goodbye .
Reward: 0.9746947288513184

hello , welcome to the restaurant finding system . how may i help you ?
hi , i want to book a table
what part of town do you have in mind ?
i prefer a venue in centre .
what kind of food would you like ?
i want a venue in the expensive price range serving british food .
midsummer house restaurant is a nice place , it serves british food , it is in the expensive price range and it is in the centre of town .
what is the phone number of the restaurant ?
midsummer house restaurant is a nice place their phone number is 0 1223 369299 .
is it in the moderate price range ?
cotto is a nice place , it is in the moderate price range , it serves british food and it is in the centre of town .
thanks for your help , goodbye .
thank you , goodbye .
Reward: 0.9679390788078308

hello , welcome to the restaurant finding system . how may i help you ?
i need another restaurant .
what part of town do you have in mind ?
i prefer a venue in north .
what kind of food would you like ?
i want a venue in the expensive price range serving indian food .
tandoori palace is a nice place , it is in the north part of town , it serves indian food and it is in the expensive price range .
what is the address ?
tandoori palace is a nice place their address is 68 histon road chesterton .
thanks for your help , goodbye .
thank you , goodbye .
Reward: 0.9772924780845642

hello , welcome to the restaurant finding system . how may i help you ?
hi , i want to book a table
what part of town do you have in mind ?
i want a venue in the moderate price range and in the centre of town .
what kind of food would you like ?
i need a venue in the north of town . whats the restaurant price range is in the centre of town .
what kind of food would you like ?
i need a international venue .
bloomsbury restaurant is a nice place , it is in the moderate price range , it serves international food and it is in the centre of town .
i need a restaurant in the moderate price range .
bloomsbury restaurant is a nice place , it is in the moderate price range , it serves international food and it is in the centre of town .
what is the phone number of the restaurant ?
bloomsbury restaurant is a nice place their phone number is 0 871 942 9180 .
what is the address ?
bloomsbury restaurant is a nice place , it is in the moderate price range , it serves international food and it is in the centre of town .
thanks for your help , goodbye .
thank you , goodbye .
Reward: 0.9720765948295593

hello , welcome to the restaurant finding system . how may i help you ?
hi , i want to book a table
what part of town do you have in mind ?
i prefer a venue in centre .
what kind of food would you like ?
i want a venue in the expensive price range serving chinese food .
hk fusion is a nice place , it serves chinese food , it is in the centre of town and it is in the expensive price range .
thanks for your help , goodbye .
thank you , goodbye .
Reward: 0.9769994020462036

hello , welcome to the restaurant finding system . how may i help you ?
hi , i want to book a table
what part of town do you have in mind ?
i prefer a venue in centre .
what kind of food would you like ?
i need a restaurant in east .
what kind of food would you like ?
i want a venue in the moderate price range and in the north of town .
what kind of food would you like ?
i need a indian venue .
the nirala is a nice place , it is in the moderate price range , it serves indian food and it is in the north part of town .
what is the phone number of the restaurant ?
the nirala is a nice place their phone number is 0 1223 360966 .
what is the address ?
the nirala is a nice place , it is in the north part of town , it serves indian food and it is in the moderate price range .
what is the address ?
the nirala is a nice place , their address is 7 milton road chesterton and their phone number is 0 1223 360966 .
Reward: 0.9756351113319397

hello , welcome to the restaurant finding system . how may i help you ?
i need a restaurant in centre .
what kind of food would you like ?
i need a chinese venue .
would you like something in the cheap , moderate , or expensive price range ?
i want a venue in the expensive price range .
hk fusion is a nice place , it is in the expensive price range , it serves chinese food and it is in the centre of town .
what is the phone number of the restaurant ?
hk fusion is a nice place their phone number is 0 1223 355909 .
thanks for your help , goodbye .
thank you , goodbye .
Reward: 0.9194134473800659

hello , welcome to the restaurant finding system . how may i help you ?
i need another restaurant .
what part of town do you have in mind ?
i want a venue in the moderate price range and in the centre of town .
what kind of food would you like ?
i need a international venue .
bloomsbury restaurant is a nice place , it is in the centre of town , it serves international food and it is in the moderate price range .
what is the address ?
bloomsbury restaurant is a nice place their address is crowne plaza hotel 20 downing street .
any of this restaurant . any price range is okay .
bloomsbury restaurant is a nice place , it serves international food , it is in the moderate price range and it is in the centre of town .
thanks for your help , goodbye .
thank you , goodbye .
Reward: 0.9673103094100952

hello , welcome to the restaurant finding system . how may i help you ?
hi , i want to book a table
what part of town do you have in mind ?
it doesn ' t matter .
what part of town do you have in mind ?
i want a pizza in the centre of town .
would you like something in the cheap , moderate , or expensive price range ?
i want a venue in the expensive price range .
clowns cafe is a nice place , it is in the expensive price range , it serves italian food and it is in the centre of town .
no , i am not looking for this . please show me another one .
stazione restaurant and coffee bar is a nice place , it is in the expensive price range , it serves italian food and it is in the centre of town .
wait , i want something else . i want a venue in any part of town .
frankie and bennys is a nice place , it serves italian food , it is in the expensive price range and it is in the south part of town .
no , i am not looking on this . please show me another one .
caffe uno is a nice place , it is in the centre of town , it is in the expensive price range and it serves italian food .
what is the phone number of the restaurant ?
caffe uno is a nice place their phone number is 0 1223 448620 .
Reward: 0.9766528010368347

hello , welcome to the restaurant finding system . how may i help you ?
hi , i want to book a table
what part of town do you have in mind ?
i want a venue in the moderate price range and in the centre of town .
what kind of food would you like ?
i need a indian venue .
i am sorry but there is no place , in the area of centre , in the moderate price range and serving indian food .
any price range is okay .
the gandhi is a nice place , it serves indian food , it is in the centre of town and it is in the cheap price range .
thanks for your help , goodbye .
thank you , goodbye .
Reward: 0.9751682281494141

hello , welcome to the restaurant finding system . how may i help you ?
i need another restaurant .
what part of town do you have in mind ?
it doesn ' t matter .
what part of town do you have in mind ?
it doesn ' t matter .
what part of town do you have in mind ?
i prefer a venue in north .
what kind of food would you like ?
i need a mediterranean venue .
i am sorry but there is no place , in the area of north and serving mediterranean food .
what is the address ? ?
i am sorry but there is no place , serving mediterranean food and in the area of north .
what is the address ?
i am sorry but there is no place , serving mediterranean food and in the area of north .
thanks anyway , goodbye .
thank you , goodbye .
Reward: 0.945834219455719

hello , welcome to the restaurant finding system . how may i help you ?
i need another restaurant .
what part of town do you have in mind ?
i want a venue in the moderate price range and in the north of town .
what kind of food would you like ?
i need a indian venue .
the nirala is a nice place , it is in the north part of town , it serves indian food and it is in the moderate price range .
what is the address ?
the nirala is a nice place their address is 7 milton road chesterton .
thanks for your help , goodbye .
thank you , goodbye .
Reward: 0.9772083163261414

hello , welcome to the restaurant finding system . how may i help you ?
i need another restaurant .
what part of town do you have in mind ?
it doesn doesn ' t matter .
what part of town do you have in mind ?
i prefer a venue in north .
what kind of food would you like ?
i need a chinese venue .
would you like something in the cheap , moderate , or expensive price range ?
it doesn ' t matter .
would you like something in the cheap , moderate , or expensive price range ?
it doesn ' t matter .
would you like something in the cheap , moderate , or expensive price range ?
i want a venue in the expensive price range .
hakka is a nice place , it serves chinese food , it is in the expensive price range and it is in the north part of town .
what is the phone number of the restaurant ?
hakka is a nice place their phone number is 0 1223 568988 .
Reward: 0.9740475416183472

hello , welcome to the restaurant finding system . how may i help you ?
hi , i want to book a table
what part of town do you have in mind ?
it doesn ' t matter .
what part of town do you have in mind ?
it doesn ' t matter .
what part of town do you have in mind ?
i am not looking for this . please show me another one .
grafton hotel restaurant is nice
thanks for your help , goodbye .
thank you , goodbye .
Reward: 0.9631736874580383

hello , welcome to the restaurant finding system . how may i help you ?
hi , i want to book a table
what part of town do you have in mind ?
i prefer a venue in north .
what kind of food would you like ?
i want a venue in the moderate price range and in the north of town .
what kind of food would you like ?
i need a indian venue .
the nirala is a nice place , it is in the north part of town , it serves indian food and it is in the moderate price range .
thanks for your help , goodbye .
thank you , goodbye .
Reward: 0.9749943017959595

hello , welcome to the restaurant finding system . how may i help you ?
hi , i want to book a table
what part of town do you have in mind ?
it doesn ' t matter .
what part of town do you have in mind ?
it doesn ' t matter .
what part of town do you have in mind ?
i want a venue in the north of town .
what kind of food would you like ?
i need a mediterranean venue .
i am sorry but there is no place , serving mediterranean food and in the area of north .
what is the address ?
i am sorry but there is no place , in the area of north and serving mediterranean food .
what is the number of the restaurant ?
i am sorry but there is no place , serving mediterranean food and in the area of north .
ok , i am not looking for this . thanks for your help , goodbye .
thank you , goodbye .
Reward: 0.9628424644470215

hello , welcome to the restaurant finding system . how may i help you ?
hi , i want to book a table
what part of town do you have in mind ?
i want a venue in the moderate price range and in the centre of town .
what kind of food would you like ?
i need a international venue .
bloomsbury restaurant is a nice place , it serves international food , it is in the moderate price range and it is in the centre of town .
what is the phone number of the restaurant ?
bloomsbury restaurant is a nice place their phone number is 0 871 942 9180 .
what is the address ?
bloomsbury restaurant is a nice place , it serves international food , it is in the moderate price range and it is in the centre of town .
thanks for your help , goodbye .
thank you , goodbye .
Reward: 0.9659039378166199

hello , welcome to the restaurant finding system . how may i help you ?
hi , i want to book a table
what part of town do you have in mind ?
i want a venue in any part of town .
what kind of food would you like ?
i want a venue in the moderate price range serving indian food .
the nirala is a nice place , it serves indian food , it is in the moderate price range and it is in the north part of town .
what is the phone number of the restaurant ?
the nirala is a nice place their phone number is 0 1223 360966 .
what is the address ?
the nirala is a nice place , it is in the north part of town , it is in the moderate price range and it serves indian food .
what is the address ?
the nirala is a nice place , their phone number is 0 1223 360966 and their address is 7 milton road chesterton .
thank you very much
thank you , goodbye .
Reward: 0.9745064377784729

hello , welcome to the restaurant finding system . how may i help you ?
hi , i want to book a table
what part of town do you have in mind ?
i prefer an restaurant .
what part of town do you have in mind ?
i prefer a venue in west .
what kind of food would you like ?
i need a indian venue .
cocum is a nice place , it serves indian food and it is in the west part of town .
what is the phone number of the restaurant ?
cocum is a nice place their phone number is 0 1223 366668 .
does it squirrels ?
cocum is a nice place , it is in the west part of town and it serves indian food .
thanks for your help , goodbye .
thank you , goodbye .
Reward: 0.9491817951202393

hello , welcome to the restaurant finding system . how may i help you ?
hi , i want to book a table
what part of town do you have in mind ?
it doesn ' t matter .
what part of town do you have in mind ?
i prefer a venue in centre .
what kind of food would you like ?
i need a british venue .
would you like something in the cheap , moderate , or expensive price range ?
i want a venue in the moderate price range .
cotto is a nice place , it is in the centre of town , it serves british food and it is in the moderate price range .
what is the phone number of the restaurant ?
cotto is a nice place their phone number is 0 1223 302010 .
thanks for your help , goodbye .
thank you , goodbye .
Reward: 0.9712344408035278

hello , welcome to the restaurant finding system . how may i help you ?
hi , i want to book a table
what part of town do you have in mind ?
i prefer a venue in centre .
what kind of food would you like ?
i need a indian venue .
would you like something in the cheap , moderate , or expensive price range ?
i want a venue in the expensive price range .
curry garden is a nice place , it is in the centre of town , it serves indian food and it is in the expensive price range .
what is the phone number of the restaurant ?
curry garden is a nice place their phone number is 0 1223 302330 .
thanks for your help , goodbye .
thank you , goodbye .
Reward: 0.9673749804496765

hello , welcome to the restaurant finding system . how may i help you ?
hi , i want to book a table
what part of town do you have in mind ?
i prefer a venue in centre .
what kind of food would you like ?
i need a turkish restaurant .
would you like something in the cheap , moderate , or expensive price range ?
i want a venue in the expensive price range .
meze bar restaurant is a nice place , it serves turkish food , it is in the expensive price range and it is in the centre of town .
no , i am not in the moderate price range and in the centre of town .
efes restaurant is a nice place , it is in the moderate price range , it serves turkish food and it is in the centre of town .
what is the phone number of meze restaurant ?
efes restaurant is a nice place their phone number is 0 1223 500005 .
thanks for your help heaven is
thank you , goodbye .
Reward: 0.9729647040367126

hello , welcome to the restaurant finding system . how may i help you ?
i need to book a table
what part of town do you have in mind ?
i prefer a venue in centre .
what kind of food would you like ?
i want a venue in the moderate price range and in the south of town .
what kind of food would you like ?
i need a british venue .
i am sorry but there is no place , in the area of south , in the moderate price range and serving british food .
does the address can tell me some food ?
i am sorry but there is no place , in the moderate price range , in the area of south and serving british food .
what is the address ?
i am sorry but there is no place , serving british food , in the moderate price range and in the area of south .
thanks for your help , goodbye .
thank you , goodbye .
Reward: 0.9659463167190552

hello , welcome to the restaurant finding system . how may i help you ?
hi , i want to book a table
what part of town do you have in mind ?
i prefer a venue in centre .
what kind of food would you like ?
i need a chinese venue .
would you like something in the cheap , moderate , or expensive price range ?
i want a venue in the expensive price range .
hk fusion is a nice place , it is in the centre of town , it serves chinese food and it is in the expensive price range .
what is the phone number of the restaurant ?
hk fusion is a nice place their phone number is 0 1223 355909 .
thanks for your help , goodbye .
thank you , goodbye .
Reward: 0.9673885107040405

hello , welcome to the restaurant finding system . how may i help you ?
hi , i want to book a table
what part of town do you have in mind ?
i prefer a venue in centre .
what kind of food would you like ?
i want a venue in the expensive price range serving chinese food .
hk fusion is a nice place , it serves chinese food , it is in the expensive price range and it is in the centre of town .
wait , i want something else . i want a venue in the expensive price range .
tang chinese is a nice place , it is in the expensive price range , it is in the centre of town and it serves chinese food .
thanks for your help , goodbye .
thank you , goodbye .
Reward: 0.9771170616149902

hello , welcome to the restaurant finding system . how may i help you ?
i need a mediterranean restaurant .
what part of town do you have in mind ?
i prefer a venue in centre .
would you like something in the cheap , moderate , or expensive price range ?
i want a venue in the moderate price range .
i am sorry but there is no place , serving mediterranean food , in the area of centre and in the moderate price range .
what is the phone number of nandos centre ?
nandos is a nice place their phone number is 0 1223 327908 .
thanks for your help , goodbye .
thank you , goodbye .
Reward: 0.9593477845191956

hello , welcome to the restaurant finding system . how may i help you ?
hi , i want to book a table
what part of town do you have in mind ?
i need a restaurant in centre .
what kind of food would you like ?
i need a turkish venue .
would you like something in the cheap , moderate , or expensive price range ?
i want a venue in the expensive price range .
meze bar restaurant is a nice place , it is in the centre of town , it is in the expensive price range and it serves turkish food .
no , i am not looking for this . please show me another one .
i am sorry but there is no place other than meze bar restaurant serving turkish food , in the area of centre and in the expensive price range .
hanks . i want something else .
meze bar restaurant is a nice place , it is in the centre of town , it serves turkish food and it is in the expensive price range .
thanks for your help , goodbye .
thank you , goodbye .
Reward: 0.9704397916793823

hello , welcome to the restaurant finding system . how may i help you ?
i need another restaurant .
what part of town do you have in mind ?
i prefer a venue in north .
what kind of food would you like ?
i want a venue in the moderate price range and in the north of town .
what kind of food would you like ?
i want a venue in the north of town . any price range is okay ?
what kind of food would you like ?
i need a turkish venue .
i am sorry but there is no place , in the area of north and serving turkish food .
what is the address ?
i am sorry but there is no place , serving turkish food and in the area of north .
wait , i want something else . i want a trip in the centre of town .
meze bar restaurant is a nice place , it is in the expensive price range , it is in the centre of town and it serves turkish food .
i need a address and i need a indian venue .
meze bar restaurant is a nice place their address is 196 mill road city centre .
Reward: 0.9698413014411926

hello , welcome to the restaurant finding system . how may i help you ?
i need another restaurant .
what part of town do you have in mind ?
i prefer a venue in north .
what kind of food would you like ?
i need a indian venue .
would you like something in the cheap , moderate , or expensive price range ?
i want a venue in the moderate price range .
the nirala is a nice place , it is in the north part of town , it is in the moderate price range and it serves indian food .
no , i am not looking for this . please show me another one .
meghna is a nice place , it is in the north part of town , it serves indian food and it is in the moderate price range .
no , i am not looking for this . please show me another one . please show me another one .
i am sorry but there is no place other than the nirala and meghna in the moderate price range , serving indian food and in the area of north .
what is the number of the restaurant ?
the nirala is a nice place , it is in the north part of town , it is in the moderate price range and it serves indian food .
it doesn ' t matter .
can i help you with anything else ?
Reward: 0.9753655791282654

hello , welcome to the restaurant finding system . how may i help you ?
hi , i want to book a table
what part of town do you have in mind ?
i prefer a venue in centre .
what kind of food would you like ?
i want a venue in the expensive price range and in the north of town .
what kind of food would you like ?
i need a indian venue .
tandoori palace is a nice place , it is in the north part of town , it is in the expensive price range and it serves indian food .
what is the address ?
tandoori palace is a nice place their address is 68 histon road chesterton .
thanks for your help , goodbye .
thank you , goodbye .
Reward: 0.966863751411438

hello , welcome to the restaurant finding system . how may i help you ?
i need another restaurant .
what part of town do you have in mind ?
i want a venue in the moderate price range and in the north of town .
what kind of food would you like ?
i need a indian venue .
the nirala is a nice place , it serves indian food , it is in the moderate price range and it is in the north part of town .
what is the phone number of the venue ?
the nirala is a nice place their phone number is 0 1223 360966 .
what is the phone number of the cheap place ?
royal spice is a nice place , it is in the north part of town , it serves indian food and it is in the cheap price range .
what is the number of the restaurant ?
can i help you with anything else ?
what is the address ?
royal spice is a nice place , it serves indian food , it is in the north part of town and it is in the cheap price range .
thanks for your help , goodbye .
thank you , goodbye .
Reward: 0.9749393463134766

hello , welcome to the restaurant finding system . how may i help you ?
i need another restaurant .
what part of town do you have in mind ?
i prefer a venue in north .
what kind of food would you like ?
i need a indian venue .
would you like something in the cheap , moderate , or expensive price range ?
i want a venue in the moderate price range .
the nirala is a nice place , it serves indian food , it is in the north part of town and it is in the moderate price range .
what is the phone number of the restaurant ?
the nirala is a nice place their phone number is 0 1223 360966 .
what is the address ?
the nirala is a nice place , it is in the north part of town , it is in the moderate price range and it serves indian food .
what is the address ?
the nirala is a nice place , their phone number is 0 1223 360966 and their address is 7 milton road chesterton .
thanks for your help , goodbye .
thank you , goodbye .
Reward: 0.975518524646759

hello , welcome to the restaurant finding system . how may i help you ?
i need another restaurant .
what part of town do you have in mind ?
i prefer a venue in north .
what kind of food would you like ?
i need a british venue .
city stop restaurant is a nice place , it serves british food and it is in the north part of town .
what is the address ?
city stop restaurant is a nice place their address is cambridge city football club milton road chesterton .
thanks for your help , goodbye .
thank you , goodbye .
Reward: 0.9771955013275146

hello , welcome to the restaurant finding system . how may i help you ?
i need another restaurant .
what part of town do you have in mind ?
i prefer a venue in east .
what kind of food would you like ?
i want a venue in the moderate price range and in the south of town .
what kind of food would you like ?
i want a venue in the moderate price range and in the north of town .
what kind of food would you like ?
i need a chinese venue .
golden wok is a nice place , it serves chinese food , it is in the north part of town and it is in the moderate price range .
thanks for your help , goodbye .
thank you , goodbye .
Reward: 0.9636351466178894

hello , welcome to the restaurant finding system . how may i help you ?
hi , i want to book a table
what part of town do you have in mind ?
i prefer a venue in centre .
what kind of food would you like ?
i need a british venue .
would you like something in the cheap , moderate , or expensive price range ?
i want a venue in the expensive price range .
midsummer house restaurant is a nice place , it is in the centre of town , it is in the expensive price range and it serves british food .
what is the address ?
midsummer house restaurant is a nice place their address is midsummer common .
thanks
thank you , goodbye .
Reward: 0.9623792171478271

hello , welcome to the restaurant finding system . how may i help you ?
i need another restaurant .
what part of town do you have in mind ?
i prefer a venue in north .
what kind of food would you like ?
i need a chinese trip .
would you like something in the cheap , moderate , or expensive price range ?
i want a venue in the expensive price range .
hakka is a nice place , it is in the north part of town , it serves chinese food and it is in the expensive price range .
what is the address ?
hakka is a nice place their address is milton road chesterton .
thanks for your help , goodbye .
thank you , goodbye .
Reward: 0.9690921902656555

hello , welcome to the restaurant finding system . how may i help you ?
hi , i want to book a table
what part of town do you have in mind ?
it doesn ' t matter .
what part of town do you have in mind ?
i prefer a venue in centre .
what kind of food would you like ?
i need a indian venue .
would you like something in the cheap , moderate , or expensive price range ?
i want a venue in the moderate price range .
i am sorry but there is no place , in the moderate price range , serving indian food and in the area of centre .
thanks for your help , goodbye .
thank you , goodbye .
Reward: 0.9655960202217102

hello , welcome to the restaurant finding system . how may i help you ?
i need another restaurant .
what part of town do you have in mind ?
i prefer a venue in north .
what kind of food would you like ?
i need a indian venue .
would you like something in the cheap , moderate , or expensive price range ?
i want a venue in the expensive price range .
tandoori palace is a nice place , it is in the north part of town , it is in the expensive price range and it serves indian food .
what is the address ?
tandoori palace is a nice place their address is 68 histon road chesterton .
thanks for your help , goodbye .
thank you , goodbye .
Reward: 0.9687676429748535

hello , welcome to the restaurant finding system . how may i help you ?
hi , i want to book a table
what part of town do you have in mind ?
i prefer a venue in centre .
what kind of food would you like ?
i want a venue in the moderate price range and in the north of town .
what kind of food would you like ?
i need a chinese venue .
golden wok is a nice place , it is in the moderate price range , it serves chinese food and it is in the north part of town .
thanks for your help , goodbye .
thank you , goodbye .
Reward: 0.9750127792358398

hello , welcome to the restaurant finding system . how may i help you ?
hi , i want to book a table
what part of town do you have in mind ?
i prefer a venue in centre .
what kind of food would you like ?
i want a restaurant in the expensive price range and in the west of town .
what kind of food would you like ?
i want a venue in the south of town . i need a european venue .
i am sorry but there is no place , in the area of south , in the expensive price range and serving european food .
what is the address of price range ?
i am sorry but there is no place , in the area of south , in the expensive price range and serving european food .
what is the cost of the restaurant ?
i am sorry but there is no place , in the area of south , in the expensive price range and serving european food .
thanks anyway
thank you , goodbye .
Reward: 0.9518230557441711

hello , welcome to the restaurant finding system . how may i help you ?
i need another restaurant .
what part of town do you have in mind ?
i prefer a venue in east .
what kind of food would you like ?
i need a indian venue .
would you like something in the cheap , moderate , or expensive price range ?
i want a venue in the moderate price range .
rajmahal is a nice place , it is in the east part of town , it serves indian food and it is in the moderate price range .
i am not looking for this . please men and any price range is okay .
rajmahal is a nice place , it is in the moderate price range , it serves indian food and it is in the east part of town .
what is the phone number of the restaurant ?
rajmahal is a nice place their phone number is 0 1223 244955 .
does it serve spanish ?
i am sorry but there is no place , serving spanish food and in the area of east .
what is the address of the restaurant ?
i am sorry but there is no place , in the area of east and serving spanish food .
Reward: 0.9670968651771545

hello , welcome to the restaurant finding system . how may i help you ?
i need another restaurant .
what part of town do you have in mind ?
i prefer a venue in south .
what kind of food would you like ?
i need a mediterranean venue .
i am sorry but there is no place , in the area of south and serving mediterranean food .
what is the address ?
i am sorry but there is no place , serving mediterranean food and in the area of south .
thanks for your help , goodbye .
thank you , goodbye .
Reward: 0.9216572642326355

hello , welcome to the restaurant finding system . how may i help you ?
hi , i want to book a table
what part of town do you have in mind ?
i prefer a venue in south .
what kind of food would you like ?
i want a venue in the expensive price range serving indian food .
taj tandoori is a nice place , it is in the south part of town , it is in the expensive price range and it serves indian food .
what is the address of michaelhouse cafe ?
michaelhouse cafe is a nice place their address is st . michael ' s church trinity street city centre .
thanks for your help , goodbye .
thank you , goodbye .
Reward: 0.9772300124168396

hello , welcome to the restaurant finding system . how may i help you ?
i need a restaurant in centre .
what kind of food would you like ?
i want a restaurant in the cheap price range and in the moderate price range .
what kind of food would you like ?
i want a venue in the moderate price range serving modern european food .
galleria is a nice place , it serves european food , it is in the centre of town and it is in the moderate price range .
what is the phone number of fred binh ?
galleria is a nice place their phone number is 0 1223 362054 .
what is the phone number of the restaurant ?
galleria is a nice place , it is in the moderate price range , it is in the centre of town and it serves european food .
thanks for your help , goodbye .
thank you , goodbye .
Reward: 0.8886938691139221

hello , welcome to the restaurant finding system . how may i help you ?
i need another restaurant .
what part of town do you have in mind ?
i prefer a venue in north .
what kind of food would you like ?
i need a chinese venue .
would you like something in the cheap , moderate , or expensive price range ?
i need a chinese venue .
would you like something in the cheap , moderate , or expensive price range ?
i want a venue in the expensive price range .
hakka is a nice place , it serves chinese food , it is in the expensive price range and it is in the north part of town .
what is the phone number of the restaurant ?
hakka is a nice place their phone number is 0 1223 568988 .
thanks for your help , goodbye .
thank you , goodbye .
Reward: 0.9712268710136414

hello , welcome to the restaurant finding system . how may i help you ?
hi , i want to book a table
what part of town do you have in mind ?
i prefer a venue in centre .
what kind of food would you like ?
i need a turkish venue .
would you like something in the cheap , moderate , or expensive price range ?
i want a venue in the moderate price range .
efes restaurant is a nice place , it is in the centre of town , it is in the moderate price range and it serves turkish food .
wait , it doesn ' t matter .
efes restaurant is a nice place , it is in the moderate price range , it is in the centre of town and it serves turkish food .
what is the address and charge ?
efes restaurant is a nice place their address is king street city centre .
thanks for your help , goodbye .
thank you , goodbye .
Reward: 0.9721113443374634

hello , welcome to the restaurant finding system . how may i help you ?
hi , i want to book a table
what part of town do you have in mind ?
i want a venue in the moderate price range and in the centre of town .
what kind of food would you like ?
i need a indian venue .
i am sorry but there is no place , serving indian food , in the area of centre and in the moderate price range .
thanks anyway , goodbye .
thank you , goodbye .
Reward: 0.9075803160667419

hello , welcome to the restaurant finding system . how may i help you ?
hi , i want to book a table
what part of town do you have in mind ?
i want a venue in the moderate price range and in the centre of town .
what kind of food would you like ?
i need a indian venue .
i am sorry but there is no place , serving indian food , in the moderate price range and in the area of centre .
ok , i want a venue in the moderate price range .
i am sorry but there is no place , in the area of centre , serving indian food and in the moderate price range .
thanks for your help , goodbye .
thank you , goodbye .
Reward: 0.9770563244819641

hello , welcome to the restaurant finding system . how may i help you ?
i need another restaurant .
what part of town do you have in mind ?
i prefer a venue in north .
what kind of food would you like ?
i need a indian venue .
would you like something in the cheap , moderate , or expensive price range ?
i want a venue in the expensive price range .
tandoori palace is a nice place , it is in the north part of town , it serves indian food and it is in the expensive price range .
what is the address of the restaurant ?
tandoori palace is a nice place their address is 68 histon road chesterton .
thanks for your help , goodbye .
thank you , goodbye .
Reward: 0.9678541421890259

hello , welcome to the restaurant finding system . how may i help you ?
hi , i want to book a table
what part of town do you have in mind ?
i prefer a venue in west .
what kind of food would you like ?
i need a busy venue .
what kind of food would you like ?
i need a indian venue .
cocum is a nice place , it serves indian food and it is in the west part of town .
what is the phone number of the restaurant ?
cocum is a nice place their phone number is 0 1223 366668 .
thanks for your help , goodbye .
thank you , goodbye .
Reward: 0.9656690359115601

hello , welcome to the restaurant finding system . how may i help you ?
hi , i want to book a table
what part of town do you have in mind ?
i prefer a venue in centre .
what kind of food would you like ?
i need a chinese venue .
would you like something in the cheap , moderate , or expensive price range ?
i want a venue in the north of town .
would you like something in the cheap , moderate , or expensive price range ?
it doesn ' t matter .
would you like something in the cheap , moderate , or expensive price range ?
i want a venue in the expensive price range .
hakka is a nice place , it is in the expensive price range , it is in the north part of town and it serves chinese food .
what is the address ?
hakka is a nice place their address is milton road chesterton .
thanks for your help , goodbye .
thank you , goodbye .
Reward: 0.9735895991325378

hello , welcome to the restaurant finding system . how may i help you ?
i need another restaurant .
what part of town do you have in mind ?
it doesn ' t matter .
what part of town do you have in mind ?
i prefer a venue in east .
what kind of food would you like ?
i need a international venue .
the missing sock is a nice place , it is in the east part of town and it serves international food .
what is the address ?
the missing sock is a nice place their address is finders corner newmarket road .
thanks for your help , goodbye .
thank you , goodbye .
Reward: 0.9666187763214111

hello , welcome to the restaurant finding system . how may i help you ?
i need another restaurant .
what part of town do you have in mind ?
i prefer a venue in north .
what kind of food would you like ?
i need a chinese venue .
would you like something in the cheap , moderate , or expensive price range ?
i want a venue in the expensive price range .
hakka is a nice place , it is in the north part of town , it serves chinese food and it is in the expensive price range .
what is the address ?
hakka is a nice place their address is milton road chesterton .
thanks for your help , goodbye .
thank you , goodbye .
Reward: 0.9690396189689636

hello , welcome to the restaurant finding system . how may i help you ?
hi , i want to book a table
what part of town do you have in mind ?
i want a venue in the moderate price range and in the north of town .
what kind of food would you like ?
i want a venue in the north of town . it doesn ' t matter .
what kind of food would you like ?
hi , i want to book a month .
what kind of food would you like ?
i want a venue in the north of town . what is the address ?
what kind of food would you like ?
i need a mediterranean venue .
i am sorry but there is no place , in the area of north , in the moderate price range and serving mediterranean food .
what is the address ?
i am sorry but there is no place , in the moderate price range , in the area of north and serving mediterranean food .
what is the phone number of your restaurant ?
i am sorry but there is no place , in the area of north , serving mediterranean food and in the moderate price range .
Reward: 0.8697929978370667

hello , welcome to the restaurant finding system . how may i help you ?
i need another restaurant .
what part of town do you have in mind ?
i prefer a venue in centre .
what kind of food would you like ?
i need a british venue .
would you like something in the cheap , moderate , or expensive price range ?
i want a venue in the moderate price range .
cotto is a nice place , it serves british food , it is in the moderate price range and it is in the centre of town .
what is the phone number of the restaurant ?
cotto is a nice place their phone number is 0 1223 302010 .
thanks for your help , goodbye .
thank you , goodbye .
Reward: 0.9672224521636963

hello , welcome to the restaurant finding system . how may i help you ?
hi , i want to book a table
what part of town do you have in mind ?
i want a restaurant in any part of town .
what kind of food would you like ?
i need a chinese venue .
would you like something in the cheap , moderate , or expensive price range ?
it doesn ' t matter .
would you like something in the cheap , moderate , or expensive price range ?
it doesn ' t matter .
would you like something in the cheap , moderate , or expensive price range ?
it doesn ' t matter .
would you like something in the cheap , moderate , or expensive price range ?
i want a venue in the expensive price range .
hakka is a nice place , it is in the expensive price range , it is in the north part of town and it serves chinese food .
what is the address ?
hakka is a nice place their address is milton road chesterton .
Reward: 0.9644886255264282

hello , welcome to the restaurant finding system . how may i help you ?
hi , i want to book a table
what part of town do you have in mind ?
i want a venue in any part of town .
what kind of food would you like ?
i need a mediterranean venue .
would you like something in the cheap , moderate , or expensive price range ?
i want a restaurant in the expensive price range .
la mimosa is a nice place , it serves mediterranean food , it is in the centre of town and it is in the expensive price range .
wait , i want something else . i want a venue in any part of town .
shiraz restaurant is a nice place , it serves mediterranean food , it is in the centre of town and it is in the expensive price range .
i need another restaurant .
i am sorry but there is no place other than la mimosa and shiraz restaurant in the expensive price range , in all parts of town and serving mediterranean food .
what is the phone number of the restaurant in the centre of town ?
la mimosa is a nice place , it serves mediterranean food , it is in the centre of town and it is in the expensive price range .
how about a venue ?
can i help you with anything else ?
Reward: 0.966789186000824

hello , welcome to the restaurant finding system . how may i help you ?
i need another restaurant .
what part of town do you have in mind ?
i prefer a venue in north .
what kind of food would you like ?
i need a chinese venue .
would you like something in the cheap , moderate , or expensive price range ?
it doesn ' t matter .
would you like something in the cheap , moderate , or expensive price range ?
it doesn ' t matter .
would you like something in the cheap , moderate , or expensive price range ?
i want a venue in the expensive price range .
hakka is a nice place , it serves chinese food , it is in the expensive price range and it is in the north part of town .
what is the address ?
hakka is a nice place their address is milton road chesterton .
thanks for your help , goodbye .
thank you , goodbye .
Reward: 0.9734060168266296

hello , welcome to the restaurant finding system . how may i help you ?
hi , i want to book a table
what part of town do you have in mind ?
i need a restaurant in centre .
what kind of food would you like ?
i need a british venue .
would you like something in the cheap , moderate , or expensive price range ?
it doesn ' t matter .
would you like something in the cheap , moderate , or expensive price range ?
it doesn ' t matter .
would you like something in the cheap , moderate , or expensive price range ?
i want a venue in the expensive price range .
midsummer house restaurant is a nice place , it is in the expensive price range , it serves british food and it is in the centre of town .
what is the phone number of the restaurant ?
midsummer house restaurant is a nice place their phone number is 0 1223 369299 .
is it in the expensive price range ?
midsummer house restaurant is a nice place , it is in the expensive price range , it serves british food and it is in the centre of town .
Reward: 0.9740867614746094

hello , welcome to the restaurant finding system . how may i help you ?
hi , i want to book a table
what part of town do you have in mind ?
i prefer a venue in north .
what kind of food would you like ?
i need a british restaurant .
city stop restaurant is a nice place , it is in the north part of town and it serves british food .
what is the address ?
city stop restaurant is a nice place their address is cambridge city football club milton road chesterton .
thanks for your help , goodbye .
thank you , goodbye .
Reward: 0.9768205285072327

hello , welcome to the restaurant finding system . how may i help you ?
hi , i want to book a table
what part of town do you have in mind ?
i prefer a venue in centre .
what kind of food would you like ?
i need a turkish venue .
would you like something in the cheap , moderate , or expensive price range ?
i want a venue in the moderate price range .
efes restaurant is a nice place , it is in the centre of town , it serves turkish food and it is in the moderate price range .
wait , i want something else . i want a venue in the expensive price range .
meze bar restaurant is a nice place , it is in the expensive price range , it serves turkish food and it is in the centre of town .
no , i need another number .
i am sorry but there is no place other than meze bar restaurant in the expensive price range , serving turkish food and in the area of centre .
wait , i want something else . i want a venue in the cheap price range .
i am sorry but there is no place , in the area of centre , serving turkish food and in the cheap price range .
thanks for your help , goodbye .
thank you , goodbye .
Reward: 0.9652131199836731

hello , welcome to the restaurant finding system . how may i help you ?
hi , i want to book a table
what part of town do you have in mind ?
i prefer a venue in centre .
what kind of food would you like ?
i want a restaurant in the cheap price range and in the centre of town .
what kind of food would you like ?
i need a indian venue .
the gandhi is a nice place , it is in the cheap price range , it serves indian food and it is in the centre of town .
thanks for your help , goodbye .
thank you , goodbye .
Reward: 0.9749888181686401

hello , welcome to the restaurant finding system . how may i help you ?
i need another restaurant .
what part of town do you have in mind ?
i prefer a venue in north .
what kind of food would you like ?
i need a chinese venue .
would you like something in the cheap , moderate , or expensive price range ?
i want a venue in the moderate price range .
golden wok is a nice place , it serves chinese food , it is in the moderate price range and it is in the north part of town .
what is the address ?
golden wok is a nice place their address is 191 histon road chesterton .
thanks for your help , goodbye .
thank you , goodbye .
Reward: 0.968885600566864

hello , welcome to the restaurant finding system . how may i help you ?
i need a restaurant in centre .
what kind of food would you like ?
i need a chinese venue .
would you like something in the cheap , moderate , or expensive price range ?
i need a turkish venue .
would you like something in the cheap , moderate , or expensive price range ?
i want a venue in the expensive price range .
meze bar restaurant is a nice place , it is in the centre of town , it serves turkish food and it is in the expensive price range .
i want a venue in the moderate price range and in any part of town .
efes restaurant is a nice place , it is in the moderate price range , it is in the centre of town and it serves turkish food .
thanks for your help , goodbye .
thank you , goodbye .
Reward: 0.8891162872314453

hello , welcome to the restaurant finding system . how may i help you ?
hi , i want to book a table
what part of town do you have in mind ?
i really want a venue in the moderate price range and in the north of town .
what kind of food would you like ?
i need a indian venue .
the nirala is a nice place , it serves indian food , it is in the moderate price range and it is in the north part of town .
what is the phone number of the restaurant ?
the nirala is a nice place their phone number is 0 1223 360966 .
what is the address ?
the nirala is a nice place , it is in the moderate price range , it is in the north part of town and it serves indian food .
what is the address of the restaurant ?
the nirala is a nice place , their address is 7 milton road chesterton and their phone number is 0 1223 360966 .
thanks for your help , goodbye .
thank you , goodbye .
Reward: 0.9721037149429321

hello , welcome to the restaurant finding system . how may i help you ?
hi , i want to book a table
what part of town do you have in mind ?
i prefer a venue in centre .
what kind of food would you like ?
i want a venue in the expensive price range serving chinese food .
hk fusion is a nice place , it is in the expensive price range , it serves chinese food and it is in the centre of town .
thanks for your help , goodbye .
thank you , goodbye .
Reward: 0.9769982695579529

hello , welcome to the restaurant finding system . how may i help you ?
hi , i want to book a table
what part of town do you have in mind ?
i prefer a venue in centre .
what kind of food would you like ?
i want a venue in the ohio price range and in the centre of town .
what kind of food would you like ?
i need a indian venue .
would you like something in the cheap , moderate , or expensive price range ?
i want a venue in the area price range .
would you like something in the cheap , moderate , or expensive price range ?
i want a venue in the moderate price range .
i am sorry but there is no place , serving indian food , in the moderate price range and in the area of centre .
what is the address ?
i am sorry but there is no place , in the moderate price range , serving indian food and in the area of centre .
thanks for your help , goodbye .
thank you , goodbye .
Reward: 0.9732344150543213

hello , welcome to the restaurant finding system . how may i help you ?
i need a restaurant in centre .
what kind of food would you like ?
i need a british venue .
would you like something in the cheap , moderate , or expensive price range ?
i want a venue in the moderate price range .
cotto is a nice place , it serves british food , it is in the centre of town and it is in the moderate price range .
i need a turkish venue .
efes restaurant is a nice place , it is in the centre of town , it is in the moderate price range and it serves turkish food .
thanks for your help , goodbye .
thank you , goodbye .
Reward: 0.9191367030143738

hello , welcome to the restaurant finding system . how may i help you ?
hi , i want to book a table
what part of town do you have in mind ?
it doesn ' t matter .
what part of town do you have in mind ?
i prefer a venue in east .
what kind of food would you like ?
i need a restaurant in centre .
what kind of food would you like ?
i want a venue in the expensive price range and in the north of town . i want a venue in the expensive price range
what kind of food would you like ?
i need a chinese venue .
hakka is a nice place , it is in the north part of town , it is in the expensive price range and it serves chinese food .
what is the phone number of the restaurant ?
hakka is a nice place their phone number is 0 1223 568988 .
thanks for your help , goodbye .
thank you , goodbye .
Reward: 0.9723142385482788

hello , welcome to the restaurant finding system . how may i help you ?
i need a restaurant in centre .
what kind of food would you like ?
i need a indian venue .
would you like something in the cheap , moderate , or expensive price range ?
i want a venue in the expensive price range .
curry garden is a nice place , it is in the expensive price range , it serves indian food and it is in the centre of town .
thanks for your help , goodbye .
thank you , goodbye .
Reward: 0.899051308631897

hello , welcome to the restaurant finding system . how may i help you ?
hi , i want to book a table
what part of town do you have in mind ?
i prefer a venue in centre .
what kind of food would you like ?
i want a restaurant in the moderate price range serving turkish food .
efes restaurant is a nice place , it serves turkish food , it is in the moderate price range and it is in the centre of town .
thanks for your help , goodbye .
thank you , goodbye .
Reward: 0.9770036935806274

hello , welcome to the restaurant finding system . how may i help you ?
hi , i want to book a table
what part of town do you have in mind ?
i want a venue in the moderate price range and in the centre of town .
what kind of food would you like ?
i need a international venue .
bloomsbury restaurant is a nice place , it is in the centre of town , it serves international food and it is in the moderate price range .
what is the phone number of the restaurant ?
bloomsbury restaurant is a nice place their phone number is 0 871 942 9180 .
what is the address ?
bloomsbury restaurant is a nice place , it is in the centre of town , it is in the moderate price range and it serves international food .
what is the address of nandos restaurant ?
bloomsbury restaurant is a nice place , their phone number is 0 871 942 9180 and their address is crowne plaza hotel 20 downing street .
thanks for your help , goodbye .
thank you , goodbye .
Reward: 0.9722044467926025

hello , welcome to the restaurant finding system . how may i help you ?
hi , i want to book a table
what part of town do you have in mind ?
i prefer a venue in centre .
what kind of food would you like ?
i need another restaurant .
what kind of food would you like ?
i need a european venue .
would you like something in the cheap , moderate , or expensive price range ?
it doesn ' t matter .
would you like something in the cheap , moderate , or expensive price range ?
i want a venue in the expensive price range .
michaelhouse cafe is a nice place , it is in the centre of town , it serves european food and it is in the expensive price range .
what is the phone number of the restaurant ?
michaelhouse cafe is a nice place their phone number is 0 1223 309147 .
what is the address ?
michaelhouse cafe is a nice place , it is in the expensive price range , it serves european food and it is in the centre of town .
Reward: 0.9367659091949463

hello , welcome to the restaurant finding system . how may i help you ?
i need another restaurant .
what part of town do you have in mind ?
it doesn ' t matter .
what part of town do you have in mind ?
it doesn ' t matter .
what part of town do you have in mind ?
i prefer a venue in north .
what kind of food would you like ?
i need a chinese venue .
would you like something in the cheap , moderate , or expensive price range ?
it doesn ' t matter .
would you like something in the cheap , moderate , or expensive price range ?
it doesn ' t matter .
would you like something in the cheap , moderate , or expensive price range ?
i want a venue in the moderate price range .
golden wok is a nice place , it is in the north part of town , it serves chinese food and it is in the moderate price range .
Reward: 0.9733524918556213

hello , welcome to the restaurant finding system . how may i help you ?
hi , i want to book a table
what part of town do you have in mind ?
i want a venue in the moderate price range and in the centre of town .
what kind of food would you like ?
i need a indian venue .
i am sorry but there is no place , serving indian food , in the area of centre and in the moderate price range .
thanks for your help , goodbye .
thank you , goodbye .
Reward: 0.9764958620071411

hello , welcome to the restaurant finding system . how may i help you ?
hi , i want to book a table
what part of town do you have in mind ?
i am ok with everything . i want a venue in the moderate price range and in the centre of town .
what kind of food would you like ?
i need a indian venue .
i am sorry but there is no place , in the moderate price range , serving indian food and in the area of centre .
thanks for your help , goodbye .
thank you , goodbye .
Reward: 0.9769566059112549

hello , welcome to the restaurant finding system . how may i help you ?
hi , i want to book a table
what part of town do you have in mind ?
it doesn ' t matter .
what part of town do you have in mind ?
i am ok with everything . i want a venue serving anythig serving thai food .
what part of town do you have in mind ?
i prefer a venue in centre .
bangkok city is a nice place , it is in the centre of town and it serves thai food .
what is the phone number of the restaurant ?
bangkok city is a nice place their phone number is 0 1223 354382 .
what is the address ?
bangkok city is a nice place , it serves thai food and it is in the centre of town .
no , i am not looking for this . please show me another one ?
i am sorry but there is no place other than bangkok city serving thai food and in the area of centre .
wait , i want something else . i need another restaurant .
bangkok city is a nice place , it is in the centre of town and it serves thai food .
Reward: 0.9661397337913513

hello , welcome to the restaurant finding system . how may i help you ?
i need a mediterranean restaurant .
what part of town do you have in mind ?
it doesn ' t matter .
what part of town do you have in mind ?
i prefer a venue in centre .
would you like something in the cheap , moderate , or expensive price range ?
i want a venue in the expensive price range .
la mimosa is a nice place , it serves mediterranean food , it is in the centre of town and it is in the expensive price range .
what is the phone number of shiraz restaurant ?
la mimosa is a nice place their phone number is 0 1223 362525 .
is it in the expensive price range ?
la mimosa is a nice place , it is in the centre of town , it serves mediterranean food and it is in the expensive price range .
what is the phone number of the restaurant ?
la mimosa is a nice place their phone number is 0 1223 362525 .
what is the address ?
shiraz restaurant is a nice place their address is 84 regent street city centre .
Reward: 0.951886773109436

