hello , welcome to the restaurant finding system . how may i help you ?
hi , i want to book a table
what part of town do you have in mind ?
i ' d like it ' d like to get a table
what part of town do you have in mind ?
Reward: 0.3680324852466583

hello , welcome to the restaurant finding system . how may i help you ?
hi , i want to book a table
what part of town do you have in mind ?
i want to make a reservation . do you find sharing a table
what part of town do you have in mind ?
Reward: 0.9018169045448303

hello , welcome to the restaurant finding system . how may i help you ?
i need another restaurant .
what part of town do you have in mind ?
i need a restaurant in the cheap price range and in the west of town .
what kind of food would you like ?
Reward: 0.8118467926979065

hello , welcome to the restaurant finding system . how may i help you ?
i need a leash in the restaurant . i ' m 45. .
what part of town do you have in mind ?
i need to find some restaurant in this part and my apartment
what part of town do you have in mind ?
Reward: 0.0664888471364975

hello , welcome to the restaurant finding system . how may i help you ?
i want to have a restaurant that has to get a wind
what part of town do you have in mind ?
i want to book a new price
what part of town do you have in mind ?
Reward: 0.06696125119924545

hello , welcome to the restaurant finding system . how may i help you ?
hi , i want to book a table
what part of town do you have in mind ?
i ' m thinking another restaurant , and what is my spot ?
what part of town do you have in mind ?
Reward: 0.37121281027793884

hello , welcome to the restaurant finding system . how may i help you ?
hi , i want to book a table
what part of town do you have in mind ?
i want to book a table
what part of town do you have in mind ?
Reward: 0.37005487084388733

hello , welcome to the restaurant finding system . how may i help you ?
hi , i want to book a table
what part of town do you have in mind ?
i was curious if possible
what part of town do you have in mind ?
Reward: 0.36089441180229187

hello , welcome to the restaurant finding system . how may i help you ?
i need to have a few months . so then like a god number .
i ' m having trouble understanding what you want . could you please rephrase it ?
i want to use a moderate phone account . how ?
i ' m having trouble understanding what you want . could you please rephrase it ?
Reward: 0.06622444838285446

hello , welcome to the restaurant finding system . how may i help you ?
i need another restaurant .
what part of town do you have in mind ?
i want to have a dog in the east .
what kind of food would you like ?
Reward: 0.9216653108596802

hello , welcome to the restaurant finding system . how may i help you ?
i want a restaurant in the west of town .
what kind of food would you like ?
i want a restaurant in the moderate price range .
what kind of food would you like ?
Reward: 0.7170662879943848

hello , welcome to the restaurant finding system . how may i help you ?
i need to book a table
what part of town do you have in mind ?
i need another restaurant .
what part of town do you have in mind ?
Reward: 0.3661031126976013

hello , welcome to the restaurant finding system . how may i help you ?
hi , i want to book a table
what part of town do you have in mind ?
i need another restaurant .
what part of town do you have in mind ?
Reward: 0.3709777593612671

hello , welcome to the restaurant finding system . how may i help you ?
i want an alarm for 2 for them and i want to know where the best selling spot sounds like a good restaurant .
what part of town do you have in mind ?
the european type of restaurant . i want to offer all kinds of food . do they has an alarm ringtone ?
what part of town do you have in mind ?
Reward: 0.06630560010671616

hello , welcome to the restaurant finding system . how may i help you ?
i want a restaurant in the moderate price range and and in the centre of town .
what kind of food would you like ?
of a big fuzzy cat a few months . where is it in there ?
what kind of food would you like ?
Reward: 0.7184193134307861

hello , welcome to the restaurant finding system . how may i help you ?
i need another restaurant .
what part of town do you have in mind ?
i want a few months . its thinking if possible
what part of town do you have in mind ?
Reward: 0.3500145673751831

hello , welcome to the restaurant finding system . how may i help you ?
i want to have a restaurant in the family of me, and i dont like to live in a few months .
what part of town do you have in mind ?
i need another restaurant .
what part of town do you have in mind ?
Reward: 0.08101215213537216

hello , welcome to the restaurant finding system . how may i help you ?
hi , i want to book a table
what part of town do you have in mind ?
the restaurant . i want to have to have a 100 dollar restaurant .
what part of town do you have in mind ?
Reward: 0.9087101221084595

hello , welcome to the restaurant finding system . how may i help you ?
i need another restaurant .
what part of town do you have in mind ?
i want a few months . actually , can you with a good name
what part of town do you have in mind ?
Reward: 0.3543969690799713

hello , welcome to the restaurant finding system . how may i help you ?
i need another restaurant .
what part of town do you have in mind ?
i want to have some recipes , in the centre of town .
what kind of food would you like ?
Reward: 0.9297649264335632

hello , welcome to the restaurant finding system . how may i help you ?
hi , i want to book a table
what part of town do you have in mind ?
i want to do a restaurant in the family and my son , and i want to book five months from a auburn tv .
what part of town do you have in mind ?
Reward: 0.37100479006767273

hello , welcome to the restaurant finding system . how may i help you ?
i need another restaurant .
what part of town do you have in mind ?
i want to do another site , and i want to book a table
what part of town do you have in mind ?
Reward: 0.3711179792881012

hello , welcome to the restaurant finding system . how may i help you ?
hi , i want to book a table
what part of town do you have in mind ?
i ' m looking to book a table
what part of town do you have in mind ?
Reward: 0.3695124685764313

hello , welcome to the restaurant finding system . how may i help you ?
i need another restaurant .
what part of town do you have in mind ?
i am in east .
what kind of food would you like ?
Reward: 0.7678983807563782

hello , welcome to the restaurant finding system . how may i help you ?
hi , i want to book a table
what part of town do you have in mind ?
i want to eat and need to book a table
what part of town do you have in mind ?
Reward: 0.3713313043117523

hello , welcome to the restaurant finding system . how may i help you ?
hi , i want to book a table
what part of town do you have in mind ?
i need another restaurant .
what part of town do you have in mind ?
Reward: 0.3709777593612671

hello , welcome to the restaurant finding system . how may i help you ?
i 'm thinking of a god , can you tell me any those i basically have a leash while i ' m thinking of a
i ' m having trouble understanding what you want . could you please rephrase it ?
i need another restaurant . do you like to get a 100 - kid - in the price range and ?
what part of town do you have in mind ?
Reward: 0.31520727276802063

hello , welcome to the restaurant finding system . how may i help you ?
hi , i want to book a table
what part of town do you have in mind ?
i want to fly in la and new jersey .
what part of town do you have in mind ?
Reward: 0.3688489496707916

hello , welcome to the restaurant finding system . how may i help you ?
hi , i want to book a table
what part of town do you have in mind ?
i want a few months and where is that
what part of town do you have in mind ?
Reward: 0.36913207173347473

hello , welcome to the restaurant finding system . how may i help you ?
i need a restaurant in the family with me . what is this meeting with for me ?
what part of town do you have in mind ?
i want a few months , because we has to work if you tell me is another
what part of town do you have in mind ?
Reward: 0.06632068753242493

hello , welcome to the restaurant finding system . how may i help you ?
hi , i want to book a table
what part of town do you have in mind ?
i need another restaurant .
what part of town do you have in mind ?
Reward: 0.3709777593612671

hello , welcome to the restaurant finding system . how may i help you ?
i need another restaurant .
what part of town do you have in mind ?
i want to have a goods area
what part of town do you have in mind ?
Reward: 0.33800533413887024

hello , welcome to the restaurant finding system . how may i help you ?
i need a restaurant in in the bell price , and where is the best selling
what part of town do you have in mind ?
i want a few months , come to have . what has a good part
what part of town do you have in mind ?
Reward: 0.06633589416742325

hello , welcome to the restaurant finding system . how may i help you ?
hi , i want to book a table
what part of town do you have in mind ?
i want to follow
what part of town do you have in mind ?
Reward: 0.36545637249946594

hello , welcome to the restaurant finding system . how may i help you ?
i ' m thinking another restaurant . can i get an somewhere named that every room
what part of town do you have in mind ?
i 'm in a pool to me . how long will the mmm itinerary on all ? do you ' m thinking of the weather
what part of town do you have in mind ?
Reward: 0.24091413617134094

hello , welcome to the restaurant finding system . how may i help you ?
i need a restaurant in any price range and in what
what part of town do you have in mind ?
i want a few months , and a part of 3
what part of town do you have in mind ?
Reward: 0.06634876132011414

hello , welcome to the restaurant finding system . how may i help you ?
i want to have a restaurant of those my cousin' s house . where is the best selling average and next ?
what part of town do you have in mind ?
i ' m thinking another band . where is the best selling dollar restaurant ?
what part of town do you have in mind ?
Reward: 0.07117761671543121

hello , welcome to the restaurant finding system . how may i help you ?
hi , i want to book a table
what part of town do you have in mind ?
i want a mariners leash . can you need to get a reservation ?
what part of town do you have in mind ?
Reward: 0.3697117269039154

hello , welcome to the restaurant finding system . how may i help you ?
hi , i want those to reservation . how day would i have to have a 100 dollar restaurant ?
what part of town do you have in mind ?
i want to live in east and in the nearest restaurant . do you have to have a few months ?
what kind of food would you like ?
Reward: 0.7663136124610901

hello , welcome to the restaurant finding system . how may i help you ?
you ' ll fly . seems about offering a god
i ' m having trouble understanding what you want . could you please rephrase it ?
i want to get a pool with a pool to me . where is i the best selling dollar ?
i ' m having trouble understanding what you want . could you please rephrase it ?
Reward: 0.06749682128429413

hello , welcome to the restaurant finding system . how may i help you ?
i need another restaurant .
what part of town do you have in mind ?
hi , i want to book a table
what part of town do you have in mind ?
Reward: 0.3710336983203888

hello , welcome to the restaurant finding system . how may i help you ?
hi , i want to book an dollar idea if possible
i ' m having trouble understanding what you want . could you please rephrase it ?
i want a restaurant in those west and please at a wind
what kind of food would you like ?
Reward: 0.7665677666664124

hello , welcome to the restaurant finding system . how may i help you ?
i need to have another restaurant .
what part of town do you have in mind ?
i need a restaurant in east .
what kind of food would you like ?
Reward: 0.7824826240539551

hello , welcome to the restaurant finding system . how may i help you ?
i need another restaurant .
what part of town do you have in mind ?
i want a european restaurant .
what part of town do you have in mind ?
Reward: 0.37845513224601746

hello , welcome to the restaurant finding system . how may i help you ?
i need another restaurant .
what part of town do you have in mind ?
i want a restaurant in east .
what kind of food would you like ?
Reward: 0.9229780435562134

hello , welcome to the restaurant finding system . how may i help you ?
i 'm in a pool restaurant and i did you also even tomatoes in their browser and live in my life home .
what part of town do you have in mind ?
i want to have another show . can you get a wind
what part of town do you have in mind ?
Reward: 0.0668945461511612

hello , welcome to the restaurant finding system . how may i help you ?
i need another restaurant .
what part of town do you have in mind ?
i would like to have a restaurant in
what part of town do you have in mind ?
Reward: 0.29717135429382324

hello , welcome to the restaurant finding system . how may i help you ?
hi , i want to book a table
what part of town do you have in mind ?
i want to bring all wells smith and have
what part of town do you have in mind ?
Reward: 0.3683415353298187

hello , welcome to the restaurant finding system . how may i help you ?
hi , i want to book a table
what part of town do you have in mind ?
i ' m thinking i curious if some restaurant , , can you find me any those i need to bring a vision
what part of town do you have in mind ?
Reward: 0.36884206533432007

hello , welcome to the restaurant finding system . how may i help you ?
hi , i want to book a table
what part of town do you have in mind ?
i want to make an restaurant and i want to make a reservation .
what part of town do you have in mind ?
Reward: 0.9102175831794739

hello , welcome to the restaurant finding system . how may i help you ?
i need a restaurant in time .
what part of town do you have in mind ?
i want to have a special browser and have a leash while i can stand up with a cheap french restaurant .
i am sorry but there is no place , in the cheap price range and serving french food .
Reward: 0.47246676683425903

hello , welcome to the restaurant finding system . how may i help you ?
i need another restaurant .
what part of town do you have in mind ?
i want to have any recipes , would very , extra serves italian food .
what part of town do you have in mind ?
Reward: 0.3537980020046234

hello , welcome to the restaurant finding system . how may i help you ?
hi , i want to book a table
what part of town do you have in mind ?
i want to find a restaurant that has a restauratn .
what part of town do you have in mind ?
Reward: 0.8858662843704224

hello , welcome to the restaurant finding system . how may i help you ?
i want a restaurant in the grill . how about in the grill . where is
what part of town do you have in mind ?
i want to live in the grill and has a pool to the first area of selling enough and i want to send a goldfish
what part of town do you have in mind ?
Reward: 0.06634236127138138

hello , welcome to the restaurant finding system . how may i help you ?
hi , i want to book a few months .
i ' m having trouble understanding what you want . could you please rephrase it ?
i 'm in a family tv circle dont for a grill . can you give me a few ?
i ' m having trouble understanding what you want . could you please rephrase it ?
Reward: 0.45389971137046814

hello , welcome to the restaurant finding system . how may i help you ?
i want a restaurant in any price range and in the city .
what part of town do you have in mind ?
$ 100
what part of town do you have in mind ?
Reward: 0.06631416827440262

hello , welcome to the restaurant finding system . how may i help you ?
hi , i want to book a table
what part of town do you have in mind ?
japanese of sixteen people . how 's east i' d like to eat
i am sorry but there is no place , in the area of east and serving japanese food .
Reward: 0.4219684898853302

hello , welcome to the restaurant finding system . how may i help you ?
i need another restaurant .
what part of town do you have in mind ?
i want a restaurant in the moderate price range and in the , 000 east .
what kind of food would you like ?
Reward: 0.7767053842544556

hello , welcome to the restaurant finding system . how may i help you ?
hi , i want to book a table
what part of town do you have in mind ?
i 'm in any death if i dont know. i can' t use a japanese and japanese
wagamama is a nice place , it is in the centre of town and it serves japanese food .
Reward: 0.7773498296737671

hello , welcome to the restaurant finding system . how may i help you ?
hi , what is the best selling average next week ?
i ' m having trouble understanding what you want . could you please rephrase it ?
i have fine how many bucks does
i ' m having trouble understanding what you want . could you please rephrase it ?
Reward: 0.15006908774375916

hello , welcome to the restaurant finding system . how may i help you ?
i need another restaurant .
what part of town do you have in mind ?
i ' m thinking another restaurant . i want to book . do for a few months
what part of town do you have in mind ?
Reward: 0.36888986825942993

hello , welcome to the restaurant finding system . how may i help you ?
i need another restaurant .
what part of town do you have in mind ?
i need another restaurant .
what part of town do you have in mind ?
Reward: 0.36903223395347595

hello , welcome to the restaurant finding system . how may i help you ?
hi , i want to book a table for carmen
what part of town do you have in mind ?
i need another restaurant
what part of town do you have in mind ?
Reward: 0.36922261118888855

hello , welcome to the restaurant finding system . how may i help you ?
hi , i want to book a table
what part of town do you have in mind ?
i want a few months , what has an average table
what part of town do you have in mind ?
Reward: 0.3695702850818634

hello , welcome to the restaurant finding system . how may i help you ?
hi , i want to book a few months . i want to know how to send a goldfish .
i ' m having trouble understanding what you want . could you please rephrase it ?
i want to have some recipes , and i dont like to send a korean a few months . can you tell me any there
i ' m having trouble understanding what you want . could you please rephrase it ?
Reward: 0.22694844007492065

hello , welcome to the restaurant finding system . how may i help you ?
hi , i want to book a table
what part of town do you have in mind ?
i would like to get a reservation by 5 months
what part of town do you have in mind ?
Reward: 0.36834970116615295

hello , welcome to the restaurant finding system . how may i help you ?
hi , i want to book a table
what part of town do you have in mind ?
i need another restaurant .
what part of town do you have in mind ?
Reward: 0.3709777593612671

hello , welcome to the restaurant finding system . how may i help you ?
i need another restaurant .
what part of town do you have in mind ?
i 'm in an restaurant .
what part of town do you have in mind ?
Reward: 0.6883301138877869

hello , welcome to the restaurant finding system . how may i help you ?
i want to book a table
what part of town do you have in mind ?
hi i want to fly to a few months i want to get a table
what part of town do you have in mind ?
Reward: 0.32169368863105774

hello , welcome to the restaurant finding system . how may i help you ?
i want a restauratn .
i ' m having trouble understanding what you want . could you please rephrase it ?
i want to book a table
what part of town do you have in mind ?
Reward: 0.08217032998800278

hello , welcome to the restaurant finding system . how may i help you ?
i need another restaurant .
what part of town do you have in mind ?
i want a spot in the cheap price range and in the town .
what part of town do you have in mind ?
Reward: 0.7971209287643433

hello , welcome to the restaurant finding system . how may i help you ?
i need another restaurant .
what part of town do you have in mind ?
i need another restaurant .
what part of town do you have in mind ?
Reward: 0.36903223395347595

hello , welcome to the restaurant finding system . how may i help you ?
i need another restaurant .
what part of town do you have in mind ?
i want to have a good restaurant .
what part of town do you have in mind ?
Reward: 0.3840664327144623

hello , welcome to the restaurant finding system . how may i help you ?
i need to get a restaurant of me, and if they smells on , 's money and i drive for me . ' ll fly
what part of town do you have in mind ?
i want a restaurant in the moderate price .
what part of town do you have in mind ?
Reward: 0.2310725599527359

hello , welcome to the restaurant finding system . how may i help you ?
hi , i want to book a table
what part of town do you have in mind ?
i want a restaurant in the moderate price range and in the moderate price range and in the city
what part of town do you have in mind ?
Reward: 0.37034425139427185

hello , welcome to the restaurant finding system . how may i help you ?
i need another restaurant .
what part of town do you have in mind ?
i need to book a table
what part of town do you have in mind ?
Reward: 0.3676146864891052

hello , welcome to the restaurant finding system . how may i help you ?
i want to live in a japanese restaurant .
wagamama is a nice place it serves japanese food .
ok , i ' ll fly . how long would i go to where the cost of that is . where is
wagamama is a nice place it is in the expensive price range .
Reward: 0.10084334015846252

hello , welcome to the restaurant finding system . how may i help you ?
hi , i want to book a table
what part of town do you have in mind ?
i want a leash with a few months . do you find up any price range and how day do i need a table for
what part of town do you have in mind ?
Reward: 0.8081381320953369

hello , welcome to the restaurant finding system . how may i help you ?
hi , i want to book a table
what part of town do you have in mind ?
i want a few months , i want to get a tight for this boston and my cousin' entries
what part of town do you have in mind ?
Reward: 0.36918729543685913

hello , welcome to the restaurant finding system . how may i help you ?
i need another restaurant .
what part of town do you have in mind ?
i want to name a special site
what part of town do you have in mind ?
Reward: 0.33955228328704834

hello , welcome to the restaurant finding system . how may i help you ?
hi , i want to book a table
what part of town do you have in mind ?
i want another restaurant .
what part of town do you have in mind ?
Reward: 0.3700980842113495

hello , welcome to the restaurant finding system . how may i help you ?
i 'm in a sophisticated crowd over , and what is my restaurant that has to be is in east .
what kind of food would you like ?
ho expensive , i want to book a table
what kind of food would you like ?
Reward: 0.1487877517938614

hello , welcome to the restaurant finding system . how may i help you ?
i need another restaurant .
what part of town do you have in mind ?
i want to have a few months . gifts . how day has a 100 dollar restaurant ?
what part of town do you have in mind ?
Reward: 0.38471660017967224

hello , welcome to the restaurant finding system . how may i help you ?
i want a restaurant in the family and i am in the moderate price range and in the 24
what part of town do you have in mind ?
i need another restaurant .
what part of town do you have in mind ?
Reward: 0.09452890604734421

hello , welcome to the restaurant finding system . how may i help you ?
hi , i want to have some recipes , that
i ' m having trouble understanding what you want . could you please rephrase it ?
i want to book a table
what part of town do you have in mind ?
Reward: 0.22897203266620636

hello , welcome to the restaurant finding system . how may i help you ?
i need to go in a cheap french restaurant .
i am sorry but there is no place , in the cheap price range and serving french food .
i like that possible . can you find me another restaurant ?
i am sorry but there is no place , in the cheap price range and serving french food .
Reward: 0.06627993285655975

hello , welcome to the restaurant finding system . how may i help you ?
hi , i want to book a table
what part of town do you have in mind ?
i want a few months and every pizza what does ? can you get me another
what part of town do you have in mind ?
Reward: 0.3711193799972534

hello , welcome to the restaurant finding system . how may i help you ?
i want to have a restaurant . i ' m 45. . do you need a spot that will get a 100 dollar restaurant ?
what part of town do you have in mind ?
i want a few months . where is the best price ?
what part of town do you have in mind ?
Reward: 0.06634873151779175

hello , welcome to the restaurant finding system . how may i help you ?
hi , i want to book a table
what part of town do you have in mind ?
i need another restaurant .
what part of town do you have in mind ?
Reward: 0.3709777593612671

hello , welcome to the restaurant finding system . how may i help you ?
i want to book a table
what part of town do you have in mind ?
i want one restaurant and i could fly
what part of town do you have in mind ?
Reward: 0.2408212274312973

hello , welcome to the restaurant finding system . how may i help you ?
hi , find noise another restaurant .
what part of town do you have in mind ?
i 'm in an lizards .
what part of town do you have in mind ?
Reward: 0.49345099925994873

hello , welcome to the restaurant finding system . how may i help you ?
i need another restaurant .
what part of town do you have in mind ?
i need another restaurant .
what part of town do you have in mind ?
Reward: 0.36903223395347595

hello , welcome to the restaurant finding system . how may i help you ?
hi , i want to book a table
what part of town do you have in mind ?
i need a table to restaurant . a few months . is there another ?
what part of town do you have in mind ?
Reward: 0.3708100914955139

hello , welcome to the restaurant finding system . how may i help you ?
hi , i want to book a table
what part of town do you have in mind ?
i want to get a wind
what part of town do you have in mind ?
Reward: 0.3669895827770233

hello , welcome to the restaurant finding system . how may i help you ?
hi , i want to book a table
what part of town do you have in mind ?
i want to parte
what part of town do you have in mind ?
Reward: 0.36545637249946594

hello , welcome to the restaurant finding system . how may i help you ?
i want to make a reservation . tell me any other there ?
i ' m having trouble understanding what you want . could you please rephrase it ?
i want to find up any those an air class later . i want to book a table
what part of town do you have in mind ?
Reward: 0.08187662065029144

hello , welcome to the restaurant finding system . how may i help you ?
i need another restaurant .
what part of town do you have in mind ?
i want to have some recipes , and a bit of me, i can bring 16. and i sure
what part of town do you have in mind ?
Reward: 0.3589193522930145

hello , welcome to the restaurant finding system . how may i help you ?
hi , i want to book a table i want to book very 600 ' s like a few months . where is
what part of town do you have in mind ?
i want to have a giant child town . can you check if then if they take those to children
what part of town do you have in mind ?
Reward: 0.34163740277290344

hello , welcome to the restaurant finding system . how may i help you ?
i need another restaurant .
what part of town do you have in mind ?
i want to have an estimate in any part of town . do you need to have
what kind of food would you like ?
Reward: 0.9124608635902405

hello , welcome to the restaurant finding system . how may i help you ?
i need another restaurant .
what part of town do you have in mind ?
i want a few months . any food storms and there to find a good idea
what part of town do you have in mind ?
Reward: 0.3518611192703247

