hello , welcome to the restaurant finding system . how may i help you ?
hi , i want to book a table
what part of town do you have in mind ?
it doesn ' t matter .
what part of town do you have in mind ?
i am ok with everything . i want a venue in the moderate price range .
what part of town do you have in mind ?
i prefer a venue in north .
what kind of food would you like ?
i need a chinese venue .
golden wok is a nice place , it is in the moderate price range , it serves chinese food and it is in the north part of town .
Reward: 0.9708186984062195

hello , welcome to the restaurant finding system . how may i help you ?
hi , i want to book a table
what part of town do you have in mind ?
i prefer a venue in south .
what kind of food would you like ?
i need a chinese venue .
would you like something in the cheap , moderate , or expensive price range ?
it doesn ' t matter .
would you like something in the cheap , moderate , or expensive price range ?
i want a venue in any part of town .
would you like something in the cheap , moderate , or expensive price range ?
Reward: 0.9708186984062195

hello , welcome to the restaurant finding system . how may i help you ?
i need another restaurant .
what part of town do you have in mind ?
i prefer a venue in north .
what kind of food would you like ?
i want a venue in the expensive price range serving chinese food .
hakka is a nice place , it serves chinese food , it is in the north part of town and it is in the expensive price range .
okay , i need something else . i want a venue in the expensive price range .
the hotpot is a nice place , it is in the expensive price range , it serves chinese food and it is in the north part of town .
no , i am not looking for this . please show me another one .
i am sorry but there is no place other than hakka and the hotpot serving chinese food , in the area of north and in the expensive price range .
Reward: 0.9708186984062195

hello , welcome to the restaurant finding system . how may i help you ?
hi , i want to book a table
what part of town do you have in mind ?
i want a venue in any part of town .
what kind of food would you like ?
i want a venue in the moderate price range and in the centre of town .
what kind of food would you like ?
it doesn ' t matter . i prefer a venue in centre .
what kind of food would you like ?
i need a indian venue .
i am sorry but there is no place , in the area of centre , serving indian food and in the moderate price range .
Reward: 0.9708186984062195

hello , welcome to the restaurant finding system . how may i help you ?
hi , i want to book a table
what part of town do you have in mind ?
i prefer a venue in south .
what kind of food would you like ?
i need a mediterranean venue .
i am sorry but there is no place , serving mediterranean food and in the area of south .
wait , i want a venue in the expensive price range .
i am sorry but there is no place , in the expensive price range , serving mediterranean food and in the area of south .
why is it serving okay ?
thank you , goodbye .
Reward: 0.9708186984062195

hello , welcome to the restaurant finding system . how may i help you ?
i need another restaurant .
what part of town do you have in mind ?
i prefer a venue in north .
what kind of food would you like ?
i need any idea in the moderate price range and in the north of town .
what kind of food would you like ?
i want a venue in the area price range and in the north of town . i want a venue in the same part of
what kind of food would you like ?
i want a venue in the south of town . i need a chinese venue .
i am sorry but there is no place , in the moderate price range , in the area of south and serving chinese food .
Reward: 0.9710951447486877

hello , welcome to the restaurant finding system . how may i help you ?
hi , i want to book a table
what part of town do you have in mind ?
i prefer a venue in south .
what kind of food would you like ?
i need a chinese venue .
would you like something in the cheap , moderate , or expensive price range ?
it doesn ' t matter .
would you like something in the cheap , moderate , or expensive price range ?
i want a venue in the expensive price range .
the good luck chinese food takeaway is a nice place , it is in the expensive price range , it is in the south part of town and it serves chinese food .
Reward: 0.9710951447486877

hello , welcome to the restaurant finding system . how may i help you ?
hi , i want to book a table
what part of town do you have in mind ?
i prefer a venue in west .
what kind of food would you like ?
i need a chinese venue .
i am sorry but there is no place , in the area of west and serving chinese food .
what is the expensive price range is ?
i am sorry but there is no place , in the expensive price range , serving chinese food and in the area of west .
i prefer a chinese restaurant . i ' m a restaurant in a god . i want to ever want to show .
i am sorry but there is no place , in the expensive price range , serving chinese food and in the area of west .
Reward: 0.9710951447486877

hello , welcome to the restaurant finding system . how may i help you ?
i need another restaurant .
what part of town do you have in mind ?
i want a venue in the cheap price range and in the north of town , and i need to book a month
what kind of food would you like ?
i want a venue in the south of town .
what kind of food would you like ?
i want a venue in the south of town . i want to fly to the expensive price range .
what kind of food would you like ?
i want a venue in the expensive price range serving portuguese food .
i am sorry but there is no place , in the area of south , in the expensive price range and serving portuguese food .
Reward: 0.9710951447486877

hello , welcome to the restaurant finding system . how may i help you ?
hi , i want to book a table
what part of town do you have in mind ?
i prefer a venue in centre .
what kind of food would you like ?
i need a italian venue .
would you like something in the cheap , moderate , or expensive price range ?
i want a venue in the expensive price range .
clowns cafe is a nice place , it is in the expensive price range , it is in the centre of town and it serves italian food .
no , i am not looking for this . please show me another one .
stazione restaurant and coffee bar is a nice place , it serves italian food , it is in the centre of town and it is in the expensive price range .
Reward: 0.9710951447486877

hello , welcome to the restaurant finding system . how may i help you ?
hi , i want to book a table
what part of town do you have in mind ?
i prefer a venue in south .
what kind of food would you like ?
i need a chinese venue .
would you like something in the cheap , moderate , or expensive price range ?
i want a restaurant in the expensive price range .
the good luck chinese food takeaway is a nice place , it is in the expensive price range , it is in the south part of town and it serves chinese food .
what is the address ?
the good luck chinese food takeaway is a nice place their address is 82 cherry hinton road cherry hinton .
Reward: 0.9773903489112854

hello , welcome to the restaurant finding system . how may i help you ?
hi , i want to book a table
what part of town do you have in mind ?
i doesn ' t stand up a venue in the expensive price range and in the north of town .
what kind of food would you like ?
i want a venue in the area price range and in the north of town .
what kind of food would you like ?
i need a british venue .
city stop restaurant is a nice place , it serves british food , it is in the north part of town and it is in the expensive price range .
what is the address . the day ?
city stop restaurant is a nice place their address is cambridge city football club milton road chesterton .
Reward: 0.9773903489112854

hello , welcome to the restaurant finding system . how may i help you ?
hi , i want to book a table
what part of town do you have in mind ?
i prefer a venue in west .
what kind of food would you like ?
i want a venue in any part of town .
what kind of food would you like ?
i want a venue in any part of town . i need to make a reservation .
what kind of food would you like ?
i want a venue in the expensive price range and in the centre of town .
what kind of food would you like ?
Reward: 0.9773903489112854

hello , welcome to the restaurant finding system . how may i help you ?
i need another restaurant .
what part of town do you have in mind ?
i prefer a venue in north .
what kind of food would you like ?
i want a venue in the expensive price range and in the centre of town .
what kind of food would you like ?
i need a international venue .
i am sorry but there is no place , in the area of centre , serving international food and in the expensive price range .
wait , i want the address and any price range is okay . what is the expensive price range ?
i am sorry but there is no place , serving international food , in the area of centre and in the expensive price range .
Reward: 0.9773903489112854

hello , welcome to the restaurant finding system . how may i help you ?
i need another restaurant .
what part of town do you have in mind ?
i want a venue in the moderate price range and in the north of town .
what kind of food would you like ?
i want a venue in the south of town .
what kind of food would you like ?
i want a venue in the south of town . i want to see a venue in the south of town .
what kind of food would you like ?
i want a venue in the expensive price range and in the centre of town .
what kind of food would you like ?
Reward: 0.9773903489112854

hello , welcome to the restaurant finding system . how may i help you ?
hi , i want to book a table
what part of town do you have in mind ?
i prefer a venue in centre .
what kind of food would you like ?
i want a restaurant in the moderate price range and in the centre of town .
what kind of food would you like ?
i want a venue in the expensive price range and in the north .
what kind of food would you like ?
i want a venue in the avenue price range and in the north of town . any price range is in ?
what kind of food would you like ?
Reward: 0.9715186357498169

hello , welcome to the restaurant finding system . how may i help you ?
hi , i want to book a table
what part of town do you have in mind ?
it doesn ' t matter .
what part of town do you have in mind ?
i prefer a venue in centre .
what kind of food would you like ?
i want a venue in the expensive price range and in the north .
what kind of food would you like ?
i need a chinese venue .
hakka is a nice place , it serves chinese food , it is in the expensive price range and it is in the north part of town .
Reward: 0.9715186357498169

hello , welcome to the restaurant finding system . how may i help you ?
i want a restaurant in the cheap price range and in the centre of town .
what kind of food would you like ?
i need a indian venue .
the gandhi is a nice place , it serves indian food , it is in the centre of town and it is in the cheap price range .
thanks for your help , goodbye .
thank you , goodbye .
Reward: 0.9715186357498169

hello , welcome to the restaurant finding system . how may i help you ?
i need another restaurant .
what part of town do you have in mind ?
i am ok with everything . i want a venue in the cheap price range and in the park of town .
what part of town do you have in mind ?
it doesn ' t matter .
what part of town do you have in mind ?
i prefer a venue in centre .
what kind of food would you like ?
i need a mediterranean venue .
the gardenia is a nice place , it is in the cheap price range , it serves mediterranean food and it is in the centre of town .
Reward: 0.9715186357498169

hello , welcome to the restaurant finding system . how may i help you ?
hi , i want to book a table
what part of town do you have in mind ?
i nails
what part of town do you have in mind ?
i prefer a venue in north .
what kind of food would you like ?
i need a indian venue .
would you like something in the cheap , moderate , or expensive price range ?
i want a venue in the expensive price range .
tandoori palace is a nice place , it is in the expensive price range , it is in the north part of town and it serves indian food .
Reward: 0.9715186357498169

hello , welcome to the restaurant finding system . how may i help you ?
i need a restaurant in centre .
what kind of food would you like ?
i need a european venue .
would you like something in the cheap , moderate , or expensive price range ?
i want a venue in the expensive price range .
michaelhouse cafe is a nice place , it is in the centre of town , it serves european food and it is in the expensive price range .
what is the address ?
michaelhouse cafe is a nice place their address is st . michael ' s church trinity street city centre .
thanks for your help , goodbye .
thank you , goodbye .
Reward: 0.9770143032073975

hello , welcome to the restaurant finding system . how may i help you ?
i need another restaurant .
what part of town do you have in mind ?
i prefer a venue in north .
what kind of food would you like ?
i want a venue in the moderate price range serving chinese food .
golden wok is a nice place , it is in the north part of town , it serves chinese food and it is in the moderate price range .
thanks for your help , goodbye .
thank you , goodbye .
Reward: 0.9770143032073975

hello , welcome to the restaurant finding system . how may i help you ?
i need another restaurant .
what part of town do you have in mind ?
i prefer a venue in north .
what kind of food would you like ?
i want a venue in the expensive price range serving chinese food .
hakka is a nice place , it is in the expensive price range , it is in the north part of town and it serves chinese food .
what is the address ?
hakka is a nice place their address is milton road chesterton .
thanks for your help , goodbye .
thank you , goodbye .
Reward: 0.9770143032073975

hello , welcome to the restaurant finding system . how may i help you ?
i need another restaurant .
what part of town do you have in mind ?
i prefer a venue in north .
what kind of food would you like ?
i need a indian venue .
would you like something in the cheap , moderate , or expensive price range ?
i want a venue in the expensive price range .
tandoori palace is a nice place , it is in the expensive price range , it serves indian food and it is in the north part of town .
what is the phone number of the restaurant ?
tandoori palace is a nice place their phone number is 0 1223 506055 .
Reward: 0.9770143032073975

hello , welcome to the restaurant finding system . how may i help you ?
i need another restaurant .
what part of town do you have in mind ?
i prefer a venue in north .
what kind of food would you like ?
i need a chinese venue .
would you like something in the cheap , moderate , or expensive price range ?
i want a venue in the moderate price range .
golden wok is a nice place , it is in the north part of town , it serves chinese food and it is in the moderate price range .
correct , what is the phone number of the restaurant ?
golden wok is a nice place their phone number is 0 1223 350688 .
Reward: 0.9770143032073975

hello , welcome to the restaurant finding system . how may i help you ?
i need another restaurant .
what part of town do you have in mind ?
i want a venue in the moderate price range and in the north of town .
what kind of food would you like ?
i want a venue in the south of town .
what kind of food would you like ?
i want a venue in the south of town . i need to find a european venue .
i am sorry but there is no place , in the moderate price range , in the area of south and serving european food .
i want a venue in any part of town . it doesn ' t matter .
galleria is a nice place , it is in the moderate price range , it is in the centre of town and it serves european food .
Reward: 0.9178522229194641

hello , welcome to the restaurant finding system . how may i help you ?
i book a mediterranean restaurant .
what part of town do you have in mind ?
i want a venue in the expensive price range and in the number of town .
la mimosa is a nice place , it serves mediterranean food and it is in the expensive price range .
where is it ?
la mimosa is a nice place , it is in the expensive price range and it serves mediterranean food .
what is the phone number of danger ?
la mimosa is a nice place their phone number is 0 1223 362525 .
what is the phone number of the restaurant ?
la mimosa is a nice place , it serves mediterranean food and it is in the expensive price range .
Reward: 0.9178522229194641

hello , welcome to the restaurant finding system . how may i help you ?
hi , i want to book a table
what part of town do you have in mind ?
i prefer a venue in south .
what kind of food would you like ?
i need a chinese venue .
would you like something in the cheap , moderate , or expensive price range ?
it doesn ' t matter .
would you like something in the cheap , moderate , or expensive price range ?
i want a venue in the expensive price range .
the good luck chinese food takeaway is a nice place , it serves chinese food , it is in the south part of town and it is in the expensive price range .
Reward: 0.9178522229194641

hello , welcome to the restaurant finding system . how may i help you ?
hi , i want to book a table
what part of town do you have in mind ?
i want a restaurant in the centre of town .
what kind of food would you like ?
i need a chinese venue .
would you like something in the cheap , moderate , or expensive price range ?
i want a venue in the expensive price range .
hk fusion is a nice place , it is in the expensive price range , it serves chinese food and it is in the centre of town .
thanks for your help , goodbye .
thank you , goodbye .
Reward: 0.9178522229194641

hello , welcome to the restaurant finding system . how may i help you ?
i need another restaurant .
what part of town do you have in mind ?
i prefer a venue in north .
what kind of food would you like ?
i need something else .
the nirala is a nice place it is in the north part of town .
what is the phone number of the restaurant ?
the nirala is a nice place their phone number is 0 1223 360966 .
thanks for your help , goodbye .
thank you , goodbye .
Reward: 0.9178522229194641

hello , welcome to the restaurant finding system . how may i help you ?
i need a restaurant in centre .
what kind of food would you like ?
i need a chinese venue .
would you like something in the cheap , moderate , or expensive price range ?
i want a venue in the expensive price range .
hk fusion is a nice place , it serves chinese food , it is in the expensive price range and it is in the centre of town .
wait . what is the phone number of the venue ?
hk fusion is a nice place their phone number is 0 1223 355909 .
thanks for your help , goodbye .
thank you , goodbye .
Reward: 0.9714363813400269

hello , welcome to the restaurant finding system . how may i help you ?
i need another restaurant .
what part of town do you have in mind ?
i prefer a venue in north .
what kind of food would you like ?
i want a venue in the moderate price range and in the north
what kind of food would you like ?
i need a indian venue .
the nirala is a nice place , it is in the north part of town , it is in the moderate price range and it serves indian food .
what is the address ?
the nirala is a nice place their address is 7 milton road chesterton .
Reward: 0.9714363813400269

hello , welcome to the restaurant finding system . how may i help you ?
hi , i want to book a table
what part of town do you have in mind ?
i want a venue in the expensive price range and in the north of town .
what kind of food would you like ?
i want a venue in the south of town .
what kind of food would you like ?
i want a venue in the south of town . any price range is okay .
what kind of food would you like ?
i need a mediterranean venue .
i am sorry but there is no place , in the area of south and serving mediterranean food .
Reward: 0.9714363813400269

hello , welcome to the restaurant finding system . how may i help you ?
i need another restaurant .
what part of town do you have in mind ?
i prefer a venue in north .
what kind of food would you like ?
i need a chinese venue .
would you like something in the cheap , moderate , or expensive price range ?
i want a venue in the expensive price range .
hakka is a nice place , it serves chinese food , it is in the expensive price range and it is in the north part of town .
what is the phone number of the restaurant of the restaurant ?
hakka is a nice place their phone number is 0 1223 568988 .
Reward: 0.9714363813400269

hello , welcome to the restaurant finding system . how may i help you ?
i need another restaurant .
what part of town do you have in mind ?
i prefer an chinese venue .
what part of town do you have in mind ?
i prefer a venue in north .
would you like something in the cheap , moderate , or expensive price range ?
i want a venue in the expensive price range .
hakka is a nice place , it serves chinese food , it is in the expensive price range and it is in the north part of town .
what is the phone number of the restaurant ?
hakka is a nice place their phone number is 0 1223 568988 .
Reward: 0.9714363813400269

hello , welcome to the restaurant finding system . how may i help you ?
i need another restaurant .
what part of town do you have in mind ?
i want a venue in the moderate price range and in the north of town .
what kind of food would you like ?
i want a venue in the south of town .
what kind of food would you like ?
i want a venue in the south of town . i want to matter with a god price range .
what kind of food would you like ?
i want a restaurant in the expensive price range and in any part of town .
what kind of food would you like ?
Reward: 0.8897370100021362

hello , welcome to the restaurant finding system . how may i help you ?
hi , i want to book a table
what part of town do you have in mind ?
i prefer a venue in south .
what kind of food would you like ?
i need a chinese venue .
would you like something in the cheap , moderate , or expensive price range ?
i want a venue in the expensive price range .
the good luck chinese food takeaway is a nice place , it is in the south part of town , it serves chinese food and it is in the expensive price range .
thanks for your help , goodbye .
thank you , goodbye .
Reward: 0.8897370100021362

hello , welcome to the restaurant finding system . how may i help you ?
i need a restaurant in north .
what kind of food would you like ?
i want a restaurant in the cheap price range and in the centre of town .
what kind of food would you like ?
i need a indian venue .
the gandhi is a nice place , it is in the cheap price range , it is in the centre of town and it serves indian food .
thanks for your help , goodbye .
thank you , goodbye .
Reward: 0.8897370100021362

hello , welcome to the restaurant finding system . how may i help you ?
i need another restaurant .
what part of town do you have in mind ?
i want a venue in the expensive price range and in any part of town .
what kind of food would you like ?
i want a venue in the expensive price range serving turkish food .
meze bar restaurant is a nice place , it serves turkish food , it is in the centre of town and it is in the expensive price range .
thanks for your help , goodbye .
thank you , goodbye .
Reward: 0.8897370100021362

hello , welcome to the restaurant finding system . how may i help you ?
i need a mediterranean venue .
i ' m having trouble understanding what you want . could you please rephrase it ?
i want to book a table
what part of town do you have in mind ?
i prefer a venue in north .
what kind of food would you like ?
i need a indian venue .
would you like something in the cheap , moderate , or expensive price range ?
everything is looking for in the expensive price range .
tandoori palace is a nice place , it is in the north part of town , it is in the expensive price range and it serves indian food .
Reward: 0.8897370100021362

hello , welcome to the restaurant finding system . how may i help you ?
i need another restaurant .
what part of town do you have in mind ?
i want to book a venue .
what part of town do you have in mind ?
it doesn ' t matter .
what part of town do you have in mind ?
i prefer a venue in south .
what kind of food would you like ?
i need a mediterranean number .
i am sorry but there is no place , in the area of south and serving mediterranean food .
Reward: 0.954693078994751

hello , welcome to the restaurant finding system . how may i help you ?
i need another restaurant .
what part of town do you have in mind ?
i prefer a venue in east .
what kind of food would you like ?
i want a venue in the moderate price range serving british food .
i am sorry but there is no place , in the moderate price range , in the area of east and serving british food .
thanks a european facts .
i am sorry but there is no place , serving european food , in the moderate price range and in the area of east .
thanks
thank you , goodbye .
Reward: 0.954693078994751

hello , welcome to the restaurant finding system . how may i help you ?
hi , i want to book a table
what part of town do you have in mind ?
i want a venue in the expensive price range and in the centre of town .
what kind of food would you like ?
i want a venue in the expensive price range is fine .
what kind of food would you like ?
any central and i want a venue in the expensive price range .
what kind of food would you like ?
i want a venue in the expensive price range serving turkish food .
meze bar restaurant is a nice place , it serves turkish food , it is in the centre of town and it is in the expensive price range .
Reward: 0.954693078994751

hello , welcome to the restaurant finding system . how may i help you ?
hi , i want to book a table
what part of town do you have in mind ?
i want a venue in the moderate price range and in the north of town .
what kind of food would you like ?
i want a venue in the south of town .
what kind of food would you like ?
i want a venue in the north of town . i want a venue in the south of town .
what kind of food would you like ?
i need a chinese venue .
golden wok is a nice place , it is in the north part of town , it serves chinese food and it is in the moderate price range .
Reward: 0.954693078994751

hello , welcome to the restaurant finding system . how may i help you ?
i want a restaurant in the cheap price range and in the north of town .
what kind of food would you like ?
i want a venue in the expensive price range serving spanish food .
i am sorry but there is no place , in the expensive price range , serving spanish food and in the area of north .
i want a venue in the moderate price range serving spanish food .
i am sorry but there is no place , serving spanish food , in the area of north and in the moderate price range .
thanks for your help , goodbye .
thank you , goodbye .
Reward: 0.954693078994751

hello , welcome to the restaurant finding system . how may i help you ?
hi , i want to book a table
what part of town do you have in mind ?
i want a venue in the moderate price range and in the north of town .
what kind of food would you like ?
i need a indian venue .
the nirala is a nice place , it is in the moderate price range , it serves indian food and it is in the north part of town .
can i find another restaurant ?
the nirala is a nice place , it is in the north part of town , it is in the moderate price range and it serves indian food .
thanks for your help , goodbye .
thank you , goodbye .
Reward: 0.9742469787597656

hello , welcome to the restaurant finding system . how may i help you ?
i need another restaurant .
what part of town do you have in mind ?
i want a venue in the expensive price range and in the north of town .
what kind of food would you like ?
i need a turkish venue .
i am sorry but there is no place , serving turkish food , in the expensive price range and in the area of north .
do my restaurant in the expensive price range ?
i am sorry but there is no place , in the expensive price range , serving turkish food and in the area of north .
thanks for your help , goodbye .
thank you , goodbye .
Reward: 0.9742469787597656

hello , welcome to the restaurant finding system . how may i help you ?
hi , i want to book a table
what part of town do you have in mind ?
i prefer a venue in centre .
what kind of food would you like ?
i need a chinese venue .
would you like something in the cheap , moderate , or expensive price range ?
i need a chinese venue .
would you like something in the cheap , moderate , or expensive price range ?
it doesn ' t matter .
would you like something in the cheap , moderate , or expensive price range ?
Reward: 0.9742469787597656

hello , welcome to the restaurant finding system . how may i help you ?
i need another restaurant .
what part of town do you have in mind ?
i am ok with everything . i want a venue serving thai food .
what part of town do you have in mind ?
i prefer a venue in north .
i am sorry but there is no place , in the area of north and serving thai food .
i am not looking for this . please show me another one .
i am sorry but there is no place , in the area of north and serving thai food .
wait , i want something else . i want something else . i want a venue serving indian restaurant .
the nirala is a nice place , it is in the north part of town and it serves indian food .
Reward: 0.9742469787597656

hello , welcome to the restaurant finding system . how may i help you ?
hi , i want to book a table
what part of town do you have in mind ?
i prefer a venue in centre .
what kind of food would you like ?
i want a restaurant in the moderate price range serving mediterranean food .
i am sorry but there is no place , in the moderate price range , serving mediterranean food and in the area of centre .
thanks for your help , goodbye .
thank you , goodbye .
Reward: 0.9742469787597656

hello , welcome to the restaurant finding system . how may i help you ?
hi , i want to book a table
what part of town do you have in mind ?
i prefer a venue in north .
what kind of food would you like ?
i need a indian venue .
would you like something in the cheap , moderate , or expensive price range ?
i need a indian venue .
would you like something in the cheap , moderate , or expensive price range ?
i want a venue in the expensive price range .
tandoori palace is a nice place , it is in the expensive price range , it is in the north part of town and it serves indian food .
Reward: 0.976012647151947

hello , welcome to the restaurant finding system . how may i help you ?
hi , i want to book a table
what part of town do you have in mind ?
i prefer a venue in south .
what kind of food would you like ?
i want a restaurant in the expensive price range serving chinese food .
the good luck chinese food takeaway is a nice place , it is in the south part of town , it serves chinese food and it is in the expensive price range .
thanks for your valuable help , goodbye .
thank you , goodbye .
Reward: 0.976012647151947

hello , welcome to the restaurant finding system . how may i help you ?
i want to book a table
what part of town do you have in mind ?
i want a venue in the moderate price range and in the centre of town .
what kind of food would you like ?
i want a venue in the r price range and in the north of town . hey .
what kind of food would you like ?
i need a international venue .
i am sorry but there is no place , in the area of north , serving international food and in the moderate price range .
what is the address of the restaurant ?
i am sorry but there is no place , serving international food , in the area of north and in the moderate price range .
Reward: 0.976012647151947

hello , welcome to the restaurant finding system . how may i help you ?
hi , i want to book a table
what part of town do you have in mind ?
i prefer a venue in centre .
what kind of food would you like ?
i prefer a venue in east .
what kind of food would you like ?
i want a venue in the avenue pm , i want a venue in the moderate price range .
what kind of food would you like ?
i want a venue in any price range and in the centre of town .
what kind of food would you like ?
Reward: 0.976012647151947

hello , welcome to the restaurant finding system . how may i help you ?
i need another restaurant .
what part of town do you have in mind ?
i prefer a venue in east .
what kind of food would you like ?
i want a venue in the expensive price range serving chinese food .
yu garden is a nice place , it is in the expensive price range , it serves chinese food and it is in the east part of town .
what is the address ?
yu garden is a nice place their address is 529 newmarket road fen ditton .
thanks for your help , goodbye .
thank you , goodbye .
Reward: 0.976012647151947

hello , welcome to the restaurant finding system . how may i help you ?
i need another restaurant .
what part of town do you have in mind ?
the restaurant . i want a venue in the expensive price range .
what part of town do you have in mind ?
i prefer a venue in centre .
what kind of food would you like ?
i want a venue in the moderate price range and in the centre of town .
what kind of food would you like ?
i need a indian venue .
i am sorry but there is no place , in the moderate price range , in the area of centre and serving indian food .
Reward: 0.9736796021461487

hello , welcome to the restaurant finding system . how may i help you ?
hi , i need to book a table
what part of town do you have in mind ?
i prefer a venue in south .
what kind of food would you like ?
i need a british restaurant .
i am sorry but there is no place , serving british food and in the area of south .
what is the address ?
i am sorry but there is no place , serving british food and in the area of south .
thanks for your help , goodbye .
thank you , goodbye .
Reward: 0.9736796021461487

hello , welcome to the restaurant finding system . how may i help you ?
hi , i want to book a table
what part of town do you have in mind ?
i want a venue in any part of town .
what kind of food would you like ?
i want a restaurant in the cheap price range and in the north of town .
what kind of food would you like ?
i want a venue in the moderate price range and in the north of town .
what kind of food would you like ?
i want a venue in the moderate price range serving chinese food .
golden wok is a nice place , it serves chinese food , it is in the north part of town and it is in the moderate price range .
Reward: 0.9736796021461487

hello , welcome to the restaurant finding system . how may i help you ?
hi , i want to book a table
what part of town do you have in mind ?
i prefer a venue in north .
what kind of food would you like ?
i need a italian venue .
da vinci pizzeria is a nice place , it is in the north part of town and it serves italian food .
what is the address ?
da vinci pizzeria is a nice place their address is 20 milton road chesterton .
thanks for your help , goodbye .
thank you , goodbye .
Reward: 0.9736796021461487

hello , welcome to the restaurant finding system . how may i help you ?
i need another restaurant .
what part of town do you have in mind ?
i prefer a venue in east . please use a venue
what kind of food would you like ?
i need a european venue .
i am sorry but there is no place , serving european food and in the area of east .
what is pf your dollar ?
i am sorry but there is no place , in the area of east and serving european food .
what is the best selling dollar restaurant .
i am sorry but there is no place , in the area of east and serving european food .
Reward: 0.9736796021461487

hello , welcome to the restaurant finding system . how may i help you ?
i need another restaurant .
what part of town do you have in mind ?
i prefer a venue in north .
what kind of food would you like ?
i need a indian venue .
would you like something in the cheap , moderate , or expensive price range ?
it doesn ' t matter .
would you like something in the cheap , moderate , or expensive price range ?
it doesn ' t matter .
would you like something in the cheap , moderate , or expensive price range ?
Reward: 0.9687250256538391

hello , welcome to the restaurant finding system . how may i help you ?
i want a restaurant in the cheap price range and in the centre of town .
what kind of food would you like ?
i need a indian venue .
the gandhi is a nice place , it is in the centre of town , it serves indian food and it is in the cheap price range .
thanks for your help , goodbye .
thank you , goodbye .
Reward: 0.9687250256538391

hello , welcome to the restaurant finding system . how may i help you ?
hi , i want to book a table
what part of town do you have in mind ?
i want a venue in the expensive price range and in the north
what kind of food would you like ?
i prefer a venue in the south of town .
what kind of food would you like ?
i need a chinese venue .
the good luck chinese food takeaway is a nice place , it is in the south part of town , it is in the expensive price range and it serves chinese food .
okay , i want to book a table . please show me another one .
thank you , goodbye .
Reward: 0.9687250256538391

hello , welcome to the restaurant finding system . how may i help you ?
hi , i want to book a table
what part of town do you have in mind ?
i want a venue in the expensive price range and in the centre of town .
what kind of food would you like ?
i need a indian venue .
curry garden is a nice place , it is in the expensive price range , it serves indian food and it is in the centre of town .
thanks for your help . goodbye .
thank you , goodbye .
Reward: 0.9687250256538391

hello , welcome to the restaurant finding system . how may i help you ?
hi , i want to book a table
what part of town do you have in mind ?
i prefer a venue in centre .
what kind of food would you like ?
i want a restaurant in the moderate price range and in the south of town .
what kind of food would you like ?
i want a venue in the expensive price range serving chinese food .
the good luck chinese food takeaway is a nice place , it is in the expensive price range , it is in the south part of town and it serves chinese food .
great . i want a restaurant in the cheap price range .
the lucky star is a nice place , it is in the south part of town , it is in the cheap price range and it serves chinese food .
Reward: 0.9687250256538391

hello , welcome to the restaurant finding system . how may i help you ?
hi , i want to book a table
what part of town do you have in mind ?
it doesn ' t matter .
what part of town do you have in mind ?
i prefer a venue in centre .
what kind of food would you like ?
i need a indian venue .
would you like something in the cheap , moderate , or expensive price range ?
i want a venue in the expensive price range .
curry garden is a nice place , it serves indian food , it is in the expensive price range and it is in the centre of town .
Reward: 0.9742294549942017

hello , welcome to the restaurant finding system . how may i help you ?
please find me the restaurant serving spanish food .
what part of town do you have in mind ?
i prefer a venue in north .
i am sorry but there is no place , in the area of north and serving spanish food .
what is the restaurant ?
i am sorry but there is no place , in the area of north and serving spanish food .
what is the address ?
i am sorry but there is no place , serving spanish food and in the area of north .
thanks for your help , goodbye
thank you , goodbye .
Reward: 0.9742294549942017

hello , welcome to the restaurant finding system . how may i help you ?
hi , i prefer a restaurant in centre .
what kind of food would you like ?
i need a indian venue .
would you like something in the cheap , moderate , or expensive price range ?
i want a venue in the expensive price range .
curry garden is a nice place , it is in the centre of town , it is in the expensive price range and it serves indian food .
thanks for your help . goodbye .
thank you , goodbye .
Reward: 0.9742294549942017

hello , welcome to the restaurant finding system . how may i help you ?
hi , i want to book a table
what part of town do you have in mind ?
i want a venue in the expensive price range and in the north of town .
what kind of food would you like ?
i want a venue in the north and what the address .
what kind of food would you like ?
i need a indian venue .
tandoori palace is a nice place , it is in the expensive price range , it serves indian food and it is in the north part of town .
what is the phone number of the restaurant ?
tandoori palace is a nice place , their address is 68 histon road chesterton and their phone number is 0 1223 506055 .
Reward: 0.9742294549942017

hello , welcome to the restaurant finding system . how may i help you ?
i need another restaurant .
what part of town do you have in mind ?
i prefer a venue in north .
what kind of food would you like ?
i need a indian venue .
would you like something in the cheap , moderate , or expensive price range ?
to showers and have a really big book .
would you like something in the cheap , moderate , or expensive price range ?
it doesn ' t matter .
would you like something in the cheap , moderate , or expensive price range ?
Reward: 0.9742294549942017

hello , welcome to the restaurant finding system . how may i help you ?
hi , i want to book a table
what part of town do you have in mind ?
i prefer a venue in centre .
what kind of food would you like ?
i need a chinese venue .
would you like something in the cheap , moderate , or expensive price range ?
i want a venue in the moderate price range .
shanghai family restaurant is a nice place , it is in the moderate price range , it is in the centre of town and it serves chinese food .
thanks for your help , goodbye .
thank you , goodbye .
Reward: 0.9687169194221497

hello , welcome to the restaurant finding system . how may i help you ?
i need a restaurant in east .
what kind of food would you like ?
it doesn ' t matter .
what kind of food would you like ?
i need a european restaurant .
i am sorry but there is no place , serving european food and in the area of east .
what is the restaurant in the expensive price range ?
i am sorry but there is no place , in the area of east , serving european food and in the expensive price range .
what else ?
i am sorry but there is no place , in the area of east , serving european food and in the expensive price range .
Reward: 0.9687169194221497

hello , welcome to the restaurant finding system . how may i help you ?
hi , i want to book a table
what part of town do you have in mind ?
its monteal and the expensive price range and in the north of town .
what kind of food would you like ?
any children venue in the north of town . i want to fly to the centre of town .
what kind of food would you like ?
i need a indian venue .
curry garden is a nice place , it is in the expensive price range , it serves indian food and it is in the centre of town .
thanks . i need some taste for a few months .
thank you , goodbye .
Reward: 0.9687169194221497

hello , welcome to the restaurant finding system . how may i help you ?
hi , i want to book a table
what part of town do you have in mind ?
i want a venue in the expensive price range and in any part of town .
what kind of food would you like ?
i need a indian venue .
tandoori palace is a nice place , it is in the north part of town , it serves indian food and it is in the expensive price range .
thanks for your help , goodbye .
thank you , goodbye .
Reward: 0.9687169194221497

hello , welcome to the restaurant finding system . how may i help you ?
i need another restaurant .
what part of town do you have in mind ?
i prefer a venue in north .
what kind of food would you like ?
i need a indian venue .
would you like something in the cheap , moderate , or expensive price range ?
everything is in the expensive price range . no ,
tandoori palace is a nice place , it is in the north part of town , it is in the expensive price range and it serves indian food .
what is the address ?
tandoori palace is a nice place their address is 68 histon road chesterton .
Reward: 0.9687169194221497

hello , welcome to the restaurant finding system . how may i help you ?
i need another restaurant .
what part of town do you have in mind ?
i prefer a venue in south .
what kind of food would you like ?
i need a indian venue .
taj tandoori is a nice place , it is in the south part of town and it serves indian food .
what is the phone number of town ?
taj tandoori is a nice place their phone number is 0 1223 412299 .
what is the phone number of the restaurant ?
taj tandoori is a nice place , it serves indian food and it is in the south part of town .
Reward: 0.9686899185180664

hello , welcome to the restaurant finding system . how may i help you ?
hi , i want to book a table
what part of town do you have in mind ?
i prefer a venue in centre .
what kind of food would you like ?
i need a chinese venue .
would you like something in the cheap , moderate , or expensive price range ?
i want a venue in the expensive price range .
hk fusion is a nice place , it is in the centre of town , it serves chinese food and it is in the expensive price range .
please check if i need to be an expensive price range .
hk fusion is a nice place , it is in the expensive price range , it is in the centre of town and it serves chinese food .
Reward: 0.9686899185180664

hello , welcome to the restaurant finding system . how may i help you ?
i need another restaurant .
what part of town do you have in mind ?
i want a venue in the expensive price range and in the north of town .
what kind of food would you like ?
i want a venue in the south of town .
what kind of food would you like ?
i want a venue in the south of town . i want to fly .
what kind of food would you like ?
i want a venue in south .
what kind of food would you like ?
Reward: 0.9686899185180664

hello , welcome to the restaurant finding system . how may i help you ?
hi , i want to book a table
what part of town do you have in mind ?
i prefer a venue in south .
what kind of food would you like ?
i need a turkish venue .
i am sorry but there is no place , in the area of south and serving turkish food .
wait , i want something else . i want a venue in very west of .
i am sorry but there is no place , in the area of west and serving turkish food .
thanks for your help , goodbye .
thank you , goodbye .
Reward: 0.9686899185180664

hello , welcome to the restaurant finding system . how may i help you ?
hi , i want to book a table
what part of town do you have in mind ?
i prefer a venue in south .
what kind of food would you like ?
i need a chinese venue .
would you like something in the cheap , moderate , or expensive price range ?
it doesn ' t matter .
would you like something in the cheap , moderate , or expensive price range ?
i want a venue in the expensive price range .
the good luck chinese food takeaway is a nice place , it is in the south part of town , it serves chinese food and it is in the expensive price range .
Reward: 0.9686899185180664

hello , welcome to the restaurant finding system . how may i help you ?
hi , i want to book a table
what part of town do you have in mind ?
i prefer a venue in south .
what kind of food would you like ?
i need a chinese venue .
would you like something in the cheap , moderate , or expensive price range ?
it doesn ' t matter .
would you like something in the cheap , moderate , or expensive price range ?
it doesn ' t matter .
would you like something in the cheap , moderate , or expensive price range ?
Reward: 0.9710543751716614

hello , welcome to the restaurant finding system . how may i help you ?
i need a restaurant in centre .
what kind of food would you like ?
i need a british venue .
would you like something in the cheap , moderate , or expensive price range ?
any price range is okay .
cotto is a nice place , it is in the moderate price range , it is in the centre of town and it serves british food .
what is the phone number of the expensive price range ?
cotto is a nice place their phone number is 0 1223 302010 .
thanks for your help , goodbye .
thank you , goodbye .
Reward: 0.9710543751716614

hello , welcome to the restaurant finding system . how may i help you ?
hi , i want to book a table
what part of town do you have in mind ?
i prefer a venue in west .
what kind of food would you like ?
i want a restaurant in any part of town .
what kind of food would you like ?
i need a chinese venue .
would you like something in the cheap , moderate , or expensive price range ?
it doesn ' t matter .
would you like something in the cheap , moderate , or expensive price range ?
Reward: 0.9710543751716614

hello , welcome to the restaurant finding system . how may i help you ?
hi , i want to book a table
what part of town do you have in mind ?
i prefer a venue in centre .
what kind of food would you like ?
i need a chinese venue .
would you like something in the cheap , moderate , or expensive price range ?
i want a venue in the north of town . i want a venue in the expensive price range .
hakka is a nice place , it serves chinese food , it is in the north part of town and it is in the expensive price range .
thanks for your help , goodbye .
thank you , goodbye .
Reward: 0.9710543751716614

hello , welcome to the restaurant finding system . how may i help you ?
hi , i want to book a table
what part of town do you have in mind ?
i prefer a venue in south .
what kind of food would you like ?
i need a chinese venue .
would you like something in the cheap , moderate , or expensive price range ?
it doesn ' t matter .
would you like something in the cheap , moderate , or expensive price range ?
it doesn ' t matter .
would you like something in the cheap , moderate , or expensive price range ?
Reward: 0.9710543751716614

hello , welcome to the restaurant finding system . how may i help you ?
hi , i want to book a table
what part of town do you have in mind ?
i want a venue in the moderate price range and in the centre of town .
what kind of food would you like ?
i need a indian venue .
i am sorry but there is no place , serving indian food , in the moderate price range and in the area of centre .
thanks for your help !
thank you , goodbye .
Reward: 0.7380774617195129

hello , welcome to the restaurant finding system . how may i help you ?
hi , i want to book a table
what part of town do you have in mind ?
i prefer a venue in centre .
what kind of food would you like ?
i want a restaurant in the expensive price range serving british food .
midsummer house restaurant is a nice place , it is in the expensive price range , it serves british food and it is in the centre of town .
what is the phone number of the restaurant ?
midsummer house restaurant is a nice place their phone number is 0 1223 369299 .
thanks for your help , goodbye .
thank you , goodbye .
Reward: 0.7380774617195129

hello , welcome to the restaurant finding system . how may i help you ?
i need another restaurant .
what part of town do you have in mind ?
it doesn ' t matter .
what part of town do you have in mind ?
i barker a venue in the expensive price range and in the north
what kind of food would you like ?
i want a venue in the south of town .
what kind of food would you like ?
i want a venue in the south of town .
what kind of food would you like ?
Reward: 0.7380774617195129

hello , welcome to the restaurant finding system . how may i help you ?
i want to book a table
what part of town do you have in mind ?
i want a venue in the expensive price range and in the north of town .
what kind of food would you like ?
i want a venue in the south of town .
what kind of food would you like ?
it doesn ' t matter . another one .
the good luck chinese food takeaway is a nice place , it is in the expensive price range and it is in the south part of town .
what is the address ?
the good luck chinese food takeaway is a nice place their address is 82 cherry hinton road cherry hinton .
Reward: 0.9708043932914734

hello , welcome to the restaurant finding system . how may i help you ?
i need a restaurant in centre .
what kind of food would you like ?
i need a chinese venue .
would you like something in the cheap , moderate , or expensive price range ?
it doesn ' t matter .
would you like something in the cheap , moderate , or expensive price range ?
it doesn ' t matter .
would you like something in the cheap , moderate , or expensive price range ?
i would like to have some restaurant . i want a venue in the expensive price range .
hk fusion is a nice place , it is in the centre of town , it is in the expensive price range and it serves chinese food .
Reward: 0.9708043932914734

hello , welcome to the restaurant finding system . how may i help you ?
i need another restaurant .
what part of town do you have in mind ?
i need a restaurant in east .
what kind of food would you like ?
i need a indian venue .
would you like something in the cheap , moderate , or expensive price range ?
i want a venue in the expensive price range .
pipasha restaurant is a nice place , it is in the expensive price range , it serves indian food and it is in the east part of town .
what is the phone number of michaelhouse cafe ?
michaelhouse cafe is a nice place their phone number is 0 1223 309147 .
Reward: 0.9708043932914734

hello , welcome to the restaurant finding system . how may i help you ?
hi , i want to book a table
what part of town do you have in mind ?
i prefer a venue in south .
what kind of food would you like ?
i need a restaurant in centre .
what kind of food would you like ?
i need a chinese venue .
would you like something in the cheap , moderate , or expensive price range ?
i want a venue in the expensive price range .
hk fusion is a nice place , it serves chinese food , it is in the expensive price range and it is in the centre of town .
Reward: 0.9708043932914734

hello , welcome to the restaurant finding system . how may i help you ?
i need another restaurant .
what part of town do you have in mind ?
i want a venue in the moderate price range and in the centre of town .
what kind of food would you like ?
i need a indian venue .
i am sorry but there is no place , in the moderate price range , in the area of centre and serving indian food .
thanks for your help . goodbye .
thank you , goodbye .
Reward: 0.9708043932914734

hello , welcome to the restaurant finding system . how may i help you ?
i need another restaurant .
what part of town do you have in mind ?
it doesn ' t matter .
what part of town do you have in mind ?
i want a venue in the moderate price range and in the north
what kind of food would you like ?
i need a chinese venue .
golden wok is a nice place , it is in the moderate price range , it serves chinese food and it is in the north part of town .
thanks for your help , goodbye .
thank you , goodbye .
Reward: 0.7164474725723267

hello , welcome to the restaurant finding system . how may i help you ?
i need another restaurant .
what part of town do you have in mind ?
i want a venue in the expensive price range .
what part of town do you have in mind ?
i prefer a venue in west .
what kind of food would you like ?
i want a venue in the expensive price range and in the north of town .
what kind of food would you like ?
hi , i want a venue in the south of town .
what kind of food would you like ?
Reward: 0.7164474725723267

hello , welcome to the restaurant finding system . how may i help you ?
okay . i want to book a table
thank you , goodbye .
Reward: 0.7164474725723267

hello , welcome to the restaurant finding system . how may i help you ?
hi , i want to book a table
what part of town do you have in mind ?
i want a venue in any part of town .
what kind of food would you like ?
i want a venue in the expensive price range serving silver
what kind of food would you like ?
i want a venue in any part of town . i want a venue in the cheap price range and in the centre of town
what kind of food would you like ?
i want a venue in the expensive price range and any price range is okay .
what kind of food would you like ?
Reward: 0.7164474725723267

hello , welcome to the restaurant finding system . how may i help you ?
i need another restaurant .
what part of town do you have in mind ?
i prefer a venue in south .
what kind of food would you like ?
it doesn ' t matter .
what kind of food would you like ?
i want a venue serving chinese food .
would you like something in the cheap , moderate , or expensive price range ?
i want a venue in the moderate price range .
i am sorry but there is no place , in the moderate price range , serving chinese food and in the area of south .
Reward: 0.7164474725723267

hello , welcome to the restaurant finding system . how may i help you ?
i want a restaurant in any address and in the cheap price range and in the centre of town .
what kind of food would you like ?
i need a international venue .
i am sorry but there is no place , in the area of centre , in the cheap price range and serving international food .
is it in the moderate price range ?
bloomsbury restaurant is a nice place , it is in the centre of town , it is in the moderate price range and it serves international food .
i want any restaurant in the area price range and in the moderate price range and in the centre of town .
can i help you with anything else ?
thank you .
thank you , goodbye .
Reward: 0.9163707494735718

hello , welcome to the restaurant finding system . how may i help you ?
hi , i want to book a table
what part of town do you have in mind ?
i prefer a venue in centre .
what kind of food would you like ?
i want a restaurant in the north of town . it doesn ' t matter .
what kind of food would you like ?
i need a chinese venue .
would you like something in the cheap , moderate , or expensive price range ?
it doesn ' t matter .
would you like something in the cheap , moderate , or expensive price range ?
Reward: 0.9163707494735718

