hello , welcome to the restaurant finding system . how may i help you ?
i need to book a restauratn .
i ' m having trouble understanding what you want . could you please rephrase it ?
Reward: 0.49399831891059875

hello , welcome to the restaurant finding system . how may i help you ?
i want to have a heavy piranha i ' m 45. .
i ' m having trouble understanding what you want . could you please rephrase it ?
Reward: 0.19753506779670715

hello , welcome to the restaurant finding system . how may i help you ?
i need another restaurant .
what part of town do you have in mind ?
Reward: 0.8136657476425171

hello , welcome to the restaurant finding system . how may i help you ?
i ' d like step by music for this boat .
i ' m having trouble understanding what you want . could you please rephrase it ?
Reward: 0.1979692131280899

hello , welcome to the restaurant finding system . how may i help you ?
please check at the restaurant i need to be is really booze .
what part of town do you have in mind ?
Reward: 0.226832777261734

hello , welcome to the restaurant finding system . how may i help you ?
hi , i want to book a table
what part of town do you have in mind ?
Reward: 0.8172101378440857

hello , welcome to the restaurant finding system . how may i help you ?
i need a cheap suggestion or a restaurant there .
what part of town do you have in mind ?
Reward: 0.1989646553993225

hello , welcome to the restaurant finding system . how may i help you ?
i want to eat without an italian food . in the moderate price range .
what part of town do you have in mind ?
Reward: 0.19779282808303833

hello , welcome to the restaurant finding system . how may i help you ?
hi , i want to book a table
what part of town do you have in mind ?
Reward: 0.8172101378440857

hello , welcome to the restaurant finding system . how may i help you ?
i need another restaurant .
what part of town do you have in mind ?
Reward: 0.8136657476425171

hello , welcome to the restaurant finding system . how may i help you ?
i want to have some recipes , my name and if i take the resto . whats the best selling price range and ?
i ' m having trouble understanding what you want . could you please rephrase it ?
Reward: 0.1996745616197586

hello , welcome to the restaurant finding system . how may i help you ?
i ' m thinking another restaurant . i want to book for a few months . get me enough to book . do you have
what part of town do you have in mind ?
Reward: 0.8114848136901855

hello , welcome to the restaurant finding system . how may i help you ?
i need to find a pizza with us .
i ' m having trouble understanding what you want . could you please rephrase it ?
Reward: 0.19780954718589783

hello , welcome to the restaurant finding system . how may i help you ?
you to find me a restaurant that has a good part .
what part of town do you have in mind ?
Reward: 0.1977919340133667

hello , welcome to the restaurant finding system . how may i help you ?
i would like to find a good name lets do .
i ' m having trouble understanding what you want . could you please rephrase it ?
Reward: 0.19922931492328644

hello , welcome to the restaurant finding system . how may i help you ?
i want a specific crowd . oh . . can you find me another ?
i ' m having trouble understanding what you want . could you please rephrase it ?
Reward: 0.19763712584972382

hello , welcome to the restaurant finding system . how may i help you ?
i want a rock restaurant .
what part of town do you have in mind ?
Reward: 0.1986241638660431

hello , welcome to the restaurant finding system . how may i help you ?
hi , i want to book a table
what part of town do you have in mind ?
Reward: 0.8172101378440857

hello , welcome to the restaurant finding system . how may i help you ?
i want to have a pizza without sharing a table . do you d like to have a leash while i can use a japanese
what part of town do you have in mind ?
Reward: 0.19822455942630768

hello , welcome to the restaurant finding system . how may i help you ?
i want to know if a japanese restaurant in la and washington downtown
wagamama is a nice place , it serves japanese food and it is in the centre of town .
Reward: 0.5030171871185303

hello , welcome to the restaurant finding system . how may i help you ?
hi , i want to book a table
what part of town do you have in mind ?
Reward: 0.8172101378440857

hello , welcome to the restaurant finding system . how may i help you ?
i 'm thinking of my cousin' s style , how long would fit establishments ? do you book a spot that has another ?
i ' m having trouble understanding what you want . could you please rephrase it ?
Reward: 0.5197049379348755

hello , welcome to the restaurant finding system . how may i help you ?
i want a cheap french food .
i am sorry but there is no place , serving french food and in the cheap price range .
Reward: 0.19744709134101868

hello , welcome to the restaurant finding system . how may i help you ?
i need another restaurant .
what part of town do you have in mind ?
Reward: 0.8136657476425171

hello , welcome to the restaurant finding system . how may i help you ?
i am eating an italian primarily .
what part of town do you have in mind ?
Reward: 0.19866128265857697

hello , welcome to the restaurant finding system . how may i help you ?
hi , i want to have some restaurant . what is the best selling dollar restaurant ?
what part of town do you have in mind ?
Reward: 0.2546757757663727

hello , welcome to the restaurant finding system . how may i help you ?
i have a restaurant on my family .
what part of town do you have in mind ?
Reward: 0.19794723391532898

hello , welcome to the restaurant finding system . how may i help you ?
hi , i ' ll fly to this restaurant .
what part of town do you have in mind ?
Reward: 0.686468243598938

hello , welcome to the restaurant finding system . how may i help you ?
i want to have any highly rated rated ?
i ' m having trouble understanding what you want . could you please rephrase it ?
Reward: 0.22871600091457367

hello , welcome to the restaurant finding system . how may i help you ?
hi , i want to book a table
what part of town do you have in mind ?
Reward: 0.8172101378440857

hello , welcome to the restaurant finding system . how may i help you ?
i would like to make any dog claiming to have to brats . let me know .
i ' m having trouble understanding what you want . could you please rephrase it ?
Reward: 0.19766007363796234

hello , welcome to the restaurant finding system . how may i help you ?
i ' d like my family please . i want to know what the other of the great restaurant we have to have a small
thank you , goodbye .
Reward: 0.2042071670293808

hello , welcome to the restaurant finding system . how may i help you ?
well , i want to book a table
what part of town do you have in mind ?
Reward: 0.7136306166648865

hello , welcome to the restaurant finding system . how may i help you ?
i need a restaurant in paris . can you make another ?
what part of town do you have in mind ?
Reward: 0.20129498839378357

hello , welcome to the restaurant finding system . how may i help you ?
it 's a table for me
what part of town do you have in mind ?
Reward: 0.20140410959720612

hello , welcome to the restaurant finding system . how may i help you ?
i want a few months . how many food would i have to get an great restaurant in the wind ?
what part of town do you have in mind ?
Reward: 0.2014320194721222

hello , welcome to the restaurant finding system . how may i help you ?
i want another restaurant .
what part of town do you have in mind ?
Reward: 0.7831705808639526

hello , welcome to the restaurant finding system . how may i help you ?
i adopted a leash while i even gonna wait for a families .
i ' m having trouble understanding what you want . could you please rephrase it ?
Reward: 0.19785423576831818

hello , welcome to the restaurant finding system . how may i help you ?
i want to book a table
what part of town do you have in mind ?
Reward: 0.6531898379325867

hello , welcome to the restaurant finding system . how may i help you ?
i want to find a good name for a cheap french restaurant . please .
i am sorry but there is no place , in the cheap price range and serving french food .
Reward: 0.1975213587284088

hello , welcome to the restaurant finding system . how may i help you ?
i need another restaurant .
what part of town do you have in mind ?
Reward: 0.8136657476425171

hello , welcome to the restaurant finding system . how may i help you ?
i need a pizza with families .
i ' m having trouble understanding what you want . could you please rephrase it ?
Reward: 0.1981012523174286

hello , welcome to the restaurant finding system . how may i help you ?
i need another restaurant .
what part of town do you have in mind ?
Reward: 0.8136657476425171

hello , welcome to the restaurant finding system . how may i help you ?
hi , i want to book a table
what part of town do you have in mind ?
Reward: 0.8172101378440857

hello , welcome to the restaurant finding system . how may i help you ?
i want to do another restaurant .
what part of town do you have in mind ?
Reward: 0.662681519985199

hello , welcome to the restaurant finding system . how may i help you ?
i ' m looking to hire an italian restaurant . any ones at 3 pm
what part of town do you have in mind ?
Reward: 0.1987226903438568

hello , welcome to the restaurant finding system . how may i help you ?
i would like to book a table for this show .
what part of town do you have in mind ?
Reward: 0.5767333507537842

hello , welcome to the restaurant finding system . how may i help you ?
hi , i want to work if i need to be able to serve italian .
i ' m having trouble understanding what you want . could you please rephrase it ?
Reward: 0.47684088349342346

hello , welcome to the restaurant finding system . how may i help you ?
i need a restaurant in the restaurant .
what part of town do you have in mind ?
Reward: 0.19796375930309296

hello , welcome to the restaurant finding system . how may i help you ?
i need to book a table
what part of town do you have in mind ?
Reward: 0.7886290550231934

hello , welcome to the restaurant finding system . how may i help you ?
i want to cheap one . do you have another offer ?
i ' m having trouble understanding what you want . could you please rephrase it ?
Reward: 0.2897978723049164

hello , welcome to the restaurant finding system . how may i help you ?
hi , i want for my trip to bring a japanese restaurant .
wagamama is a nice place it serves japanese food .
Reward: 0.28644880652427673

hello , welcome to the restaurant finding system . how may i help you ?
i want to have some restaurant there and i want to make a reservation .
what part of town do you have in mind ?
Reward: 0.1976538747549057

hello , welcome to the restaurant finding system . how may i help you ?
i need to bring a restaurant while i have even tomatoes in me .
what part of town do you have in mind ?
Reward: 0.19861043989658356

hello , welcome to the restaurant finding system . how may i help you ?
i need a trip to have a good restaurant .
what part of town do you have in mind ?
Reward: 0.1988387554883957

hello , welcome to the restaurant finding system . how may i help you ?
hi , i ' d like to send a few months .
i ' m having trouble understanding what you want . could you please rephrase it ?
Reward: 0.421263724565506

hello , welcome to the restaurant finding system . how may i help you ?
i 'm in a special tv circle well. i' d like to get a table for carmen
what part of town do you have in mind ?
Reward: 0.19807168841362

hello , welcome to the restaurant finding system . how may i help you ?
i need another restaurant .
what part of town do you have in mind ?
Reward: 0.8136657476425171

hello , welcome to the restaurant finding system . how may i help you ?
i need a restaurant in would even involve lots of cheap and she' m looking
what part of town do you have in mind ?
Reward: 0.20870400965213776

hello , welcome to the restaurant finding system . how may i help you ?
i want to book a table
what part of town do you have in mind ?
Reward: 0.6531898379325867

hello , welcome to the restaurant finding system . how may i help you ?
i need another restaurant .
what part of town do you have in mind ?
Reward: 0.8136657476425171

hello , welcome to the restaurant finding system . how may i help you ?
i want to have a restaurant in the restaurant .
what part of town do you have in mind ?
Reward: 0.19771555066108704

hello , welcome to the restaurant finding system . how may i help you ?
first , i want to have a restaurant of me, but i dont know. we offer me tomatoes .
what part of town do you have in mind ?
Reward: 0.19843146204948425

hello , welcome to the restaurant finding system . how may i help you ?
well , i want to book a table
what part of town do you have in mind ?
Reward: 0.7136306166648865

hello , welcome to the restaurant finding system . how may i help you ?
hi , i want to book a table
what part of town do you have in mind ?
Reward: 0.8172101378440857

hello , welcome to the restaurant finding system . how may i help you ?
i would like to offer noise another restaurant .
what part of town do you have in mind ?
Reward: 0.7597423195838928

hello , welcome to the restaurant finding system . how may i help you ?
i need to find up any there ? i want to be late , can you find me any of my restaurant
what part of town do you have in mind ?
Reward: 0.6384608745574951

hello , welcome to the restaurant finding system . how may i help you ?
hi , i want to book a table
what part of town do you have in mind ?
Reward: 0.8172101378440857

hello , welcome to the restaurant finding system . how may i help you ?
hi . i want to book a table
what part of town do you have in mind ?
Reward: 0.805487334728241

hello , welcome to the restaurant finding system . how may i help you ?
its cheap anything for this restaurant .
what part of town do you have in mind ?
Reward: 0.2018577605485916

hello , welcome to the restaurant finding system . how may i help you ?
i ' m going to be a expensive restaurant , please .
what part of town do you have in mind ?
Reward: 0.21562911570072174

hello , welcome to the restaurant finding system . how may i help you ?
i ' d like a grapes of leash in the moderate price range and in the rodeo .
i ' m having trouble understanding what you want . could you please rephrase it ?
Reward: 0.1985882669687271

hello , welcome to the restaurant finding system . how may i help you ?
hi , i want to book a table
what part of town do you have in mind ?
Reward: 0.8172101378440857

hello , welcome to the restaurant finding system . how may i help you ?
hi , i want to book a table
what part of town do you have in mind ?
Reward: 0.8172101378440857

hello , welcome to the restaurant finding system . how may i help you ?
i need a restaurant in the family of 16. and i want to make a reservation .
what part of town do you have in mind ?
Reward: 0.19766151905059814

hello , welcome to the restaurant finding system . how may i help you ?
i need to be a restaurant in any traditional father .
i am sorry but there is no place serving traditional food .
Reward: 0.1982688456773758

hello , welcome to the restaurant finding system . how may i help you ?
i appreciate the help . i want to book very 600 's cute . please .
i ' m having trouble understanding what you want . could you please rephrase it ?
Reward: 0.2030826359987259

hello , welcome to the restaurant finding system . how may i help you ?
i need a restaurant that has to go with cheap . can you with dresses ?
what part of town do you have in mind ?
Reward: 0.20090487599372864

hello , welcome to the restaurant finding system . how may i help you ?
i need another restaurant .
what part of town do you have in mind ?
Reward: 0.8136657476425171

hello , welcome to the restaurant finding system . how may i help you ?
i need to know how to make a reservation . please ' sent me detail for a few numbers .
i ' m having trouble understanding what you want . could you please rephrase it ?
Reward: 0.19747287034988403

hello , welcome to the restaurant finding system . how may i help you ?
hi , i need to book a table
what part of town do you have in mind ?
Reward: 0.818156898021698

hello , welcome to the restaurant finding system . how may i help you ?
i find italian . that serves italian food .
what part of town do you have in mind ?
Reward: 0.19756203889846802

hello , welcome to the restaurant finding system . how may i help you ?
i want a few months . give me a good idea for a japanese restaurant .
wagamama is a nice place it serves japanese food .
Reward: 0.19861221313476562

hello , welcome to the restaurant finding system . how may i help you ?
you ' ll say life - sounds like a good restaurant . i live in a pool
what part of town do you have in mind ?
Reward: 0.20623406767845154

hello , welcome to the restaurant finding system . how may i help you ?
i want to book a table
what part of town do you have in mind ?
Reward: 0.6531898379325867

hello , welcome to the restaurant finding system . how may i help you ?
i want to book a table
what part of town do you have in mind ?
Reward: 0.6531898379325867

hello , welcome to the restaurant finding system . how may i help you ?
i need another restaurant
what part of town do you have in mind ?
Reward: 0.8133353590965271

hello , welcome to the restaurant finding system . how may i help you ?
i want to find a restaurant that has a different restaurant .
dojo noodle bar is nice
Reward: 0.5053795576095581

hello , welcome to the restaurant finding system . how may i help you ?
i need another restaurant .
what part of town do you have in mind ?
Reward: 0.8136657476425171

hello , welcome to the restaurant finding system . how may i help you ?
i want to know if breckenridge , area of offer of reservations .
i ' m having trouble understanding what you want . could you please rephrase it ?
Reward: 0.1984955221414566

hello , welcome to the restaurant finding system . how may i help you ?
i ' d like to hear 800 ahead and seattle .
what part of town do you have in mind ?
Reward: 0.20688742399215698

hello , welcome to the restaurant finding system . how may i help you ?
i need to book a table
what part of town do you have in mind ?
Reward: 0.7886290550231934

hello , welcome to the restaurant finding system . how may i help you ?
hi , i want to know how day to teh family of lots of restaurant . where is the best selling average of those ?
what part of town do you have in mind ?
Reward: 0.6593934893608093

hello , welcome to the restaurant finding system . how may i help you ?
yeah . where is the best price for the town ?
i ' m having trouble understanding what you want . could you please rephrase it ?
Reward: 0.19935299456119537

hello , welcome to the restaurant finding system . how may i help you ?
i want to find out the restaurant in the grill . on my browser and need to be a good step . .
what part of town do you have in mind ?
Reward: 0.19762839376926422

hello , welcome to the restaurant finding system . how may i help you ?
i really want to book a table
what part of town do you have in mind ?
Reward: 0.7377492785453796

hello , welcome to the restaurant finding system . how may i help you ?
i need to see laser french cuisine .
i ' m having trouble understanding what you want . could you please rephrase it ?
Reward: 0.19919335842132568

hello , welcome to the restaurant finding system . how may i help you ?
i need another restaurant .
what part of town do you have in mind ?
Reward: 0.8136657476425171

hello , welcome to the restaurant finding system . how may i help you ?
i want another restaurant . can you check if they too like to make a big cat tell me in the centre of a leash
what kind of food would you like ?
Reward: 0.5199591517448425

hello , welcome to the restaurant finding system . how may i help you ?
i need a leash with 2 for me . what should i could fly for a japanese restaurant ?
wagamama is a nice place it serves japanese food .
Reward: 0.20038272440433502

