hello , welcome to the restaurant finding system . how may i help you ?
hi , i want to book a table
what part of town do you have in mind ?
i prefer a venue in south .
what kind of food would you like ?
i need a chinese venue .
would you like something in the cheap , moderate , or expensive price range ?
it doesn ' t matter .
would you like something in the cheap , moderate , or expensive price range ?
i want a venue in any price range .
the good luck chinese food takeaway is a nice place , it is in the south part of town , it serves chinese food and it is in the expensive price range .
wait , i want something else . any price range is okay .
the lucky star is a nice place , it is in the cheap price range , it is in the south part of town and it serves chinese food .
please tell me the address and please .
the lucky star is a nice place their address is cambridge leisure park clifton way cherry hinton .
thanks for your help , goodbye .
thank you , goodbye .
Reward: 0.9737218618392944

hello , welcome to the restaurant finding system . how may i help you ?
i need another restaurant .
what part of town do you have in mind ?
it doesn ' t matter .
what part of town do you have in mind ?
i prefer a venue in east .
what kind of food would you like ?
i want a venue in the south of town .
what kind of food would you like ?
i want a venue in the south of town . i must prefer a venue in the south of town .
what kind of food would you like ?
i want a venue in the expensive price range serving asian oriental food .
i am sorry but there is no place , serving asian oriental food , in the expensive price range and in the area of south .
what is the address ?
i am sorry but there is no place , in the expensive price range , serving asian oriental food and in the area of south .
what is the address of the restaurant ?
i am sorry but there is no place , in the expensive price range , in the area of south and serving asian oriental food .
Reward: 0.9737218618392944

hello , welcome to the restaurant finding system . how may i help you ?
hi , i want to book a table
what part of town do you have in mind ?
it doesn ' t matter .
what part of town do you have in mind ?
i prefer a venue in centre .
what kind of food would you like ?
i want a venue in any part of town .
what kind of food would you like ?
i need a chinese venue .
would you like something in the cheap , moderate , or expensive price range ?
it doesn ' t matter .
would you like something in the cheap , moderate , or expensive price range ?
it doesn ' t matter .
would you like something in the cheap , moderate , or expensive price range ?
i want a venue in the moderate price range .
golden wok is a nice place , it serves chinese food , it is in the moderate price range and it is in the north part of town .
Reward: 0.9737218618392944

hello , welcome to the restaurant finding system . how may i help you ?
i need another restaurant .
what part of town do you have in mind ?
i prefer a venue in north .
what kind of food would you like ?
i need a indian venue .
would you like something in the cheap , moderate , or expensive price range ?
i need a chinese venue .
would you like something in the cheap , moderate , or expensive price range ?
it doesn ' t matter .
would you like something in the cheap , moderate , or expensive price range ?
i want a venue in the moderate price range .
golden wok is a nice place , it serves chinese food , it is in the north part of town and it is in the moderate price range .
what is the address ?
golden wok is a nice place their address is 191 histon road chesterton .
thanks for your help , goodbye .
thank you , goodbye .
Reward: 0.9737218618392944

hello , welcome to the restaurant finding system . how may i help you ?
i need another restaurant .
what part of town do you have in mind ?
i prefer a venue in north .
what kind of food would you like ?
i need a chinese venue .
would you like something in the cheap , moderate , or expensive price range ?
i want a venue in the expensive price range .
hakka is a nice place , it is in the expensive price range , it serves chinese food and it is in the north part of town .
what is the phone number of the restaurant ?
hakka is a nice place their phone number is 0 1223 568988 .
thanks for your help , goodbye .
thank you , goodbye .
Reward: 0.9737218618392944

hello , welcome to the restaurant finding system . how may i help you ?
hi , i want to book an t
i ' m having trouble understanding what you want . could you please rephrase it ?
i need a spot in the cheap price range and please , please .
i ' m having trouble understanding what you want . could you please rephrase it ?
i want a mediterranean venue .
i ' m having trouble understanding what you want . could you please rephrase it ?
i need a mediterranean venue .
i ' m having trouble understanding what you want . could you please rephrase it ?
i need a smith' upside this right .
i ' m having trouble understanding what you want . could you please rephrase it ?
i need a help with everything . i want a european venue .
i ' m having trouble understanding what you want . could you please rephrase it ?
i need a european venue .
i ' m having trouble understanding what you want . could you please rephrase it ?
i want a restaurant in centre .
what kind of food would you like ?
Reward: 0.9737218618392944

hello , welcome to the restaurant finding system . how may i help you ?
i need another restaurant .
what part of town do you have in mind ?
i prefer a venue in north .
what kind of food would you like ?
i need a indian venue .
would you like something in the cheap , moderate , or expensive price range ?
i want a venue in the moderate price range .
the nirala is a nice place , it serves indian food , it is in the north part of town and it is in the moderate price range .
no , i am not looking for this . please show me another one .
meghna is a nice place , it is in the north part of town , it is in the moderate price range and it serves indian food .
what is the address of the restaurant ?
meghna is a nice place their address is 205 victoria road chesterton .
how long is the address ?
the nirala is a nice place , it is in the north part of town , it serves indian food and it is in the moderate price range .
no , i am not looking for this . please show me another one .
i am sorry but there is no place other than the nirala and meghna in the moderate price range , in the area of north and serving indian food .
Reward: 0.9737218618392944

hello , welcome to the restaurant finding system . how may i help you ?
i need another restaurant .
what part of town do you have in mind ?
i prefer a venue in north .
what kind of food would you like ?
i need a chinese venue .
would you like something in the cheap , moderate , or expensive price range ?
i want a venue in the moderate price range .
golden wok is a nice place , it is in the north part of town , it is in the moderate price range and it serves chinese food .
does i need another restaurant ?
golden wok is a nice place , it is in the moderate price range , it serves chinese food and it is in the north part of town .
thanks for your help , goodbye .
thank you , goodbye .
Reward: 0.9737218618392944

hello , welcome to the restaurant finding system . how may i help you ?
i need another restaurant .
what part of town do you have in mind ?
i prefer a venue in north .
what kind of food would you like ?
i want a venue in the moderate price range and in the south of town .
what kind of food would you like ?
i need a chinese venue .
i am sorry but there is no place , in the moderate price range , in the area of south and serving chinese food .
what is the phone number of the restaurant ?
i am sorry but there is no place , serving chinese food , in the area of south and in the moderate price range .
what is the address ?
i am sorry but there is no place , serving chinese food , in the area of south and in the moderate price range .
thanks for your help , goodbye .
thank you , goodbye .
Reward: 0.9537442326545715

hello , welcome to the restaurant finding system . how may i help you ?
i want a restaurant in the moderate price range .
what part of town do you have in mind ?
i prefer a venue in west .
what kind of food would you like ?
i want a venue in the moderate price range and in the north of town .
what kind of food would you like ?
i want a venue in the south of town .
what kind of food would you like ?
i need a indian venue .
i am sorry but there is no place , serving indian food , in the area of south and in the moderate price range .
what is the address ?
i am sorry but there is no place , serving indian food , in the area of south and in the moderate price range .
thanks for your help , goodbye .
thank you , goodbye .
Reward: 0.9537442326545715

hello , welcome to the restaurant finding system . how may i help you ?
hi , i want to book a table
what part of town do you have in mind ?
i prefer a venue in centre .
what kind of food would you like ?
i want a restaurant and any price range is fine .
what kind of food would you like ?
i want a venue in the expensive price range and in the north of town .
what kind of food would you like ?
i want a venue in the north of town . do you want a venue in the south of town .
what kind of food would you like ?
it doesn ' t matter . i need a indian venue .
tandoori palace is a nice place , it serves indian food , it is in the expensive price range and it is in the north part of town .
thanks for your help , goodbye .
thank you , goodbye .
Reward: 0.9537442326545715

hello , welcome to the restaurant finding system . how may i help you ?
hi , i want to book a table
what part of town do you have in mind ?
i want a venue in the moderate price range and in the centre of town .
what kind of food would you like ?
i need a indian venue .
i am sorry but there is no place , in the moderate price range , in the area of centre and serving indian food .
thanks for your help , goodbye .
thank you , goodbye .
Reward: 0.9537442326545715

hello , welcome to the restaurant finding system . how may i help you ?
hi , i want to book a table
what part of town do you have in mind ?
it doesn ' t matter .
what part of town do you have in mind ?
i want a venue in the expensive price range and in the north of town .
what kind of food would you like ?
i want a venue in the south of town . i want a venue in the north of town .
what kind of food would you like ?
i want a venue in the south of town . i want a venue in the south of town . it doesn ' t matter
what kind of food would you like ?
it doesn ' t matter . i want a venue in the north of town . it doesn ' t matter . i want a
what kind of food would you like ?
i want a venue in the south of town . i want a venue in the north of town .
what kind of food would you like ?
i want a venue in the south of town . everything is the address .
what kind of food would you like ?
Reward: 0.9537442326545715

hello , welcome to the restaurant finding system . how may i help you ?
i need another restaurant .
what part of town do you have in mind ?
i prefer a venue in north .
what kind of food would you like ?
i need a indian venue .
would you like something in the cheap , moderate , or expensive price range ?
i want a venue in the expensive price range .
tandoori palace is a nice place , it serves indian food , it is in the north part of town and it is in the expensive price range .
what is the address ?
tandoori palace is a nice place their address is 68 histon road chesterton .
what is the address ?
tandoori palace is a nice place , it serves indian food , it is in the expensive price range and it is in the north part of town .
thanks for your help , goodbye .
thank you , goodbye .
Reward: 0.9537442326545715

hello , welcome to the restaurant finding system . how may i help you ?
hi , i want to book a table
what part of town do you have in mind ?
i prefer a venue in north .
what kind of food would you like ?
i need a chinese venue .
would you like something in the cheap , moderate , or expensive price range ?
i want a venue in the expensive price range .
hakka is a nice place , it is in the expensive price range , it is in the north part of town and it serves chinese food .
what is the address ?
hakka is a nice place their address is milton road chesterton .
thanks for your help , goodbye .
thank you , goodbye .
Reward: 0.9537442326545715

hello , welcome to the restaurant finding system . how may i help you ?
i need another restaurant .
what part of town do you have in mind ?
i prefer a venue in north .
what kind of food would you like ?
i need a chinese venue .
would you like something in the cheap , moderate , or expensive price range ?
i need a chinese venue .
would you like something in the cheap , moderate , or expensive price range ?
it doesn ' t matter .
would you like something in the cheap , moderate , or expensive price range ?
it doesn ' t matter .
would you like something in the cheap , moderate , or expensive price range ?
it doesn ' t matter .
would you like something in the cheap , moderate , or expensive price range ?
i want a venue in the moderate price range .
golden wok is a nice place , it serves chinese food , it is in the north part of town and it is in the moderate price range .
Reward: 0.9537442326545715

hello , welcome to the restaurant finding system . how may i help you ?
i need a turkish restaurant .
what part of town do you have in mind ?
i prefer a venue in north .
i am sorry but there is no place , in the area of north and serving turkish food .
what is the restaurant ?
i am sorry but there is no place , in the area of north and serving turkish food .
i need another restaurant .
i am sorry but there is no place , in the area of north and serving turkish food .
thanks for your help , goodbye .
thank you , goodbye .
Reward: 0.9725217819213867

hello , welcome to the restaurant finding system . how may i help you ?
i need another restaurant .
what part of town do you have in mind ?
it doesn ' t matter .
what part of town do you have in mind ?
i prefer a venue in north .
what kind of food would you like ?
i need a chinese venue .
would you like something in the cheap , moderate , or expensive price range ?
i want a venue in the expensive price range .
hakka is a nice place , it serves chinese food , it is in the north part of town and it is in the expensive price range .
no , i am not looking for this . please show me another one .
the hotpot is a nice place , it is in the north part of town , it serves chinese food and it is in the expensive price range .
what is the address ?
the hotpot is a nice place their address is 66 chesterton road chesterton .
thanks for your help , goodbye .
thank you , goodbye .
Reward: 0.9725217819213867

hello , welcome to the restaurant finding system . how may i help you ?
hi , i want to book a table
what part of town do you have in mind ?
i prefer a venue in south .
what kind of food would you like ?
i need a chinese venue .
would you like something in the cheap , moderate , or expensive price range ?
i want a venue in the expensive price range .
the good luck chinese food takeaway is a nice place , it is in the south part of town , it is in the expensive price range and it serves chinese food .
what is the phone number of the restaurant ?
the good luck chinese food takeaway is a nice place their phone number is 0 1223 244149 .
thanks for your help , goodbye .
thank you , goodbye .
Reward: 0.9725217819213867

hello , welcome to the restaurant finding system . how may i help you ?
hi , i want to book a table
what part of town do you have in mind ?
i prefer a venue in centre .
what kind of food would you like ?
i need a international venue .
bloomsbury restaurant is a nice place , it is in the centre of town and it serves international food .
i want a restaurant in the moderate price range .
bloomsbury restaurant is a nice place , it serves international food , it is in the moderate price range and it is in the centre of town .
no , i want a restaurant in the moderate price range .
bloomsbury restaurant is a nice place , it serves international food , it is in the moderate price range and it is in the centre of town .
thanks for your help , goodbye .
thank you , goodbye .
Reward: 0.9725217819213867

hello , welcome to the restaurant finding system . how may i help you ?
hi , i want to book a table
what part of town do you have in mind ?
i prefer a venue in south .
what kind of food would you like ?
i want a venue in the moderate price range and in the west of town .
what kind of food would you like ?
i want a venue in the south of town . i need a european venue .
i am sorry but there is no place , in the moderate price range , serving european food and in the area of south .
what is the address ?
i am sorry but there is no place , in the area of south , in the moderate price range and serving european food .
what is the address of the restaurant ?
i am sorry but there is no place , in the area of south , serving european food and in the moderate price range .
thanks for your help , goodbye .
thank you , goodbye .
Reward: 0.9725217819213867

hello , welcome to the restaurant finding system . how may i help you ?
hi , i want to book a table
what part of town do you have in mind ?
i need a restaurant in centre .
what kind of food would you like ?
i need a chinese venue .
would you like something in the cheap , moderate , or expensive price range ?
i want a venue in the moderate price range .
shanghai family restaurant is a nice place , it is in the moderate price range , it serves chinese food and it is in the centre of town .
what is the phone number of the restaurant ?
shanghai family restaurant is a nice place their phone number is 0 1223 301761 .
thanks for your help , goodbye .
thank you , goodbye .
Reward: 0.9725217819213867

hello , welcome to the restaurant finding system . how may i help you ?
i need another restaurant .
what part of town do you have in mind ?
i prefer a venue in north .
what kind of food would you like ?
i need a chinese venue .
would you like something in the cheap , moderate , or expensive price range ?
i want a venue in the expensive price range .
hakka is a nice place , it serves chinese food , it is in the north part of town and it is in the expensive price range .
what is the address ?
hakka is a nice place their address is milton road chesterton .
thanks for your help , goodbye .
thank you , goodbye .
Reward: 0.9725217819213867

hello , welcome to the restaurant finding system . how may i help you ?
i need another restaurant .
what part of town do you have in mind ?
i prefer a venue in south .
what kind of food would you like ?
i need a chinese venue .
would you like something in the cheap , moderate , or expensive price range ?
i want a venue in the expensive price range .
the good luck chinese food takeaway is a nice place , it is in the expensive price range , it is in the south part of town and it serves chinese food .
wait , i want something else . i want a venue in the expensive price range .
peking restaurant is a nice place , it is in the expensive price range , it serves chinese food and it is in the south part of town .
thanks for your help , goodbye .
thank you , goodbye .
Reward: 0.9725217819213867

hello , welcome to the restaurant finding system . how may i help you ?
hi , i want to book a table
what part of town do you have in mind ?
it doesn ' t matter .
what part of town do you have in mind ?
it doesn ' t matter .
what part of town do you have in mind ?
i didnt find a venue in the north of town . i want to book a .
what kind of food would you like ?
i want a venue in the north of town . i want a venue in the south of town .
what kind of food would you like ?
i want a venue in the south of town . i want a venue in the south of town . you need to book .
what kind of food would you like ?
it doesn ' t matter . i need a chinese venue .
would you like something in the cheap , moderate , or expensive price range ?
i want a venue in the expensive price range .
the good luck chinese food takeaway is a nice place , it serves chinese food , it is in the south part of town and it is in the expensive price range .
Reward: 0.9723466634750366

hello , welcome to the restaurant finding system . how may i help you ?
hi , i want to book a table
what part of town do you have in mind ?
it doesn ' t matter .
what part of town do you have in mind ?
i prefer a venue in west .
what kind of food would you like ?
i want a venue in the south of town .
what kind of food would you like ?
i need a british venue .
i am sorry but there is no place , serving british food and in the area of south .
what is the address ?
i am sorry but there is no place , in the area of south and serving british food .
what is the address ?
i am sorry but there is no place , in the area of south and serving british food .
thanks ! i need a european venue .
i am sorry but there is no place , serving european food and in the area of south .
Reward: 0.9723466634750366

hello , welcome to the restaurant finding system . how may i help you ?
hi , i want to book a table
what part of town do you have in mind ?
i need a restaurant in centre .
what kind of food would you like ?
i need a turkish venue .
would you like something in the cheap , moderate , or expensive price range ?
i want a venue in the moderate price range .
efes restaurant is a nice place , it is in the moderate price range , it is in the centre of town and it serves turkish food .
i need a european venue .
galleria is a nice place , it serves european food , it is in the moderate price range and it is in the centre of town .
wait , i want something else . i want a venue in the expensive price range .
michaelhouse cafe is a nice place , it is in the expensive price range , it serves european food and it is in the centre of town .
no , i am not looking for this . please show me another one .
eraina is a nice place , it is in the centre of town , it serves european food and it is in the expensive price range .
thanks for your help , goodbye .
thank you , goodbye .
Reward: 0.9723466634750366

hello , welcome to the restaurant finding system . how may i help you ?
i want a restaurant in the cheap price range and in the centre of town .
what kind of food would you like ?
i need a indian venue .
the gandhi is a nice place , it is in the centre of town , it is in the cheap price range and it serves indian food .
thanks for your help , goodbye .
thank you , goodbye .
Reward: 0.9723466634750366

hello , welcome to the restaurant finding system . how may i help you ?
hi , i want to book a table
what part of town do you have in mind ?
i need something else .
the copper kettle is nice
thnks i talk to the cheap of town .
what part of town do you have in mind ?
i prefer a venue in west .
what kind of food would you like ?
i want a venue in the moderate price range .
what kind of food would you like ?
i need a indian venue .
i am sorry but there is no place , serving indian food , in the moderate price range and in the area of west .
when is the expensive price range ?
cocum is a nice place , it serves indian food , it is in the expensive price range and it is in the west part of town .
thanks for your help , goodbye .
thank you , goodbye .
Reward: 0.9723466634750366

hello , welcome to the restaurant finding system . how may i help you ?
i need a restaurant in centre .
what kind of food would you like ?
i need a european venue .
would you like something in the cheap , moderate , or expensive price range ?
i want a venue in the moderate price range .
galleria is a nice place , it is in the centre of town , it is in the moderate price range and it serves european food .
i need a international venue .
bloomsbury restaurant is a nice place , it is in the centre of town , it serves international food and it is in the moderate price range .
what is the phone number of the restaurant ?
bloomsbury restaurant is a nice place their phone number is 0 871 942 9180 .
what is the address ?
bloomsbury restaurant is a nice place , it is in the moderate price range , it serves international food and it is in the centre of town .
wait , i want something else . i want a restaurant in the cheap price range .
i am sorry but there is no place , in the area of centre , in the cheap price range and serving international food .
wait , i want a restaurant thanks .
thank you , goodbye .
Reward: 0.9723466634750366

hello , welcome to the restaurant finding system . how may i help you ?
i want a restaurant in the moderate price range .
what part of town do you have in mind ?
i prefer a venue in south .
what kind of food would you like ?
everything is fine . i want a venue in the moderate price range .
what kind of food would you like ?
it doesn ' t matter .
what kind of food would you like ?
i want a mediterranean venue .
i am sorry but there is no place , in the moderate price range , serving mediterranean food and in the area of south .
thanks for your help , goodbye .
thank you , goodbye .
Reward: 0.9723466634750366

hello , welcome to the restaurant finding system . how may i help you ?
i need another restaurant .
what part of town do you have in mind ?
it doesn ' t matter .
what part of town do you have in mind ?
i want a venue in the moderate price range and in the centre of town .
what kind of food would you like ?
i need a international venue .
bloomsbury restaurant is a nice place , it is in the centre of town , it serves international food and it is in the moderate price range .
what is the phone number of the restaurant ?
bloomsbury restaurant is a nice place their phone number is 0 871 942 9180 .
what is the address ?
bloomsbury restaurant is a nice place , it is in the centre of town , it is in the moderate price range and it serves international food .
thanks for your help , goodbye .
thank you , goodbye .
Reward: 0.9723466634750366

hello , welcome to the restaurant finding system . how may i help you ?
i need another restaurant .
what part of town do you have in mind ?
i prefer a venue in west .
what kind of food would you like ?
i need a chinese venue .
i am sorry but there is no place , serving chinese food and in the area of west .
what is the phone number of the restaurant ?
i am sorry but there is no place , serving chinese food and in the area of west .
thanks for your help , goodbye .
thank you , goodbye .
Reward: 0.9662098288536072

hello , welcome to the restaurant finding system . how may i help you ?
i need another restaurant .
what part of town do you have in mind ?
i prefer a venue in north .
what kind of food would you like ?
i need a turkish venue .
i am sorry but there is no place , in the area of north and serving turkish food .
what is the loudest sound ?
i am sorry but there is no place , serving turkish food and in the area of north .
thanks for your help , goodbye .
thank you , goodbye .
Reward: 0.9662098288536072

hello , welcome to the restaurant finding system . how may i help you ?
i need another restaurant .
what part of town do you have in mind ?
i prefer a venue in centre .
what kind of food would you like ?
i want a venue in the moderate price range and in the north of town .
what kind of food would you like ?
i want a venue in the north of town . any price range is okay .
what kind of food would you like ?
i want a venue in the south of town .
what kind of food would you like ?
i want a venue in the moderate price range serving asian oriental food .
i am sorry but there is no place , in the moderate price range , in the area of south and serving asian oriental food .
wait , i want something else . i want a venue in the 1 price range .
i am sorry but there is no place , serving asian oriental food , in the area of south and in the moderate price range .
thanks for your help , goodbye .
thank you , goodbye .
Reward: 0.9662098288536072

hello , welcome to the restaurant finding system . how may i help you ?
hi , i want to book a table
what part of town do you have in mind ?
i prefer a venue in centre .
what kind of food would you like ?
i need a turkish venue .
would you like something in the cheap , moderate , or expensive price range ?
i want a venue in the moderate price range .
efes restaurant is a nice place , it serves turkish food , it is in the centre of town and it is in the moderate price range .
wait , i want something else . i want a venue in the cheap price range .
i am sorry but there is no place , serving turkish food , in the cheap price range and in the area of centre .
wait , i want something else . i want a venue in the west of town .
i am sorry but there is no place , in the area of west , serving turkish food and in the cheap price range .
wait , i ' m thinking of your restaurant .
i am sorry but there is no place , serving turkish food , in the cheap price range and in the area of west .
wait , its laughter , any price range is okay .
i am sorry but there is no place , serving turkish food and in the area of west .
Reward: 0.9662098288536072

hello , welcome to the restaurant finding system . how may i help you ?
hi , i want to book a table
what part of town do you have in mind ?
it doesn ' t matter .
what part of town do you have in mind ?
i want a venue in the moderate price range and in the centre of town .
what kind of food would you like ?
i need a international venue .
bloomsbury restaurant is a nice place , it is in the moderate price range , it serves international food and it is in the centre of town .
what is the phone number of the restaurant ?
bloomsbury restaurant is a nice place their phone number is 0 871 942 9180 .
what is the address ?
bloomsbury restaurant is a nice place , it serves international food , it is in the centre of town and it is in the moderate price range .
thanks for your help , goodbye .
thank you , goodbye .
Reward: 0.9662098288536072

hello , welcome to the restaurant finding system . how may i help you ?
i need another restaurant .
what part of town do you have in mind ?
it doesn ' t matter .
what part of town do you have in mind ?
i prefer a venue in north .
what kind of food would you like ?
i want a venue in the north of town . i want a venue in the north of town .
what kind of food would you like ?
i need a indian venue .
would you like something in the cheap , moderate , or expensive price range ?
i want a venue in the south of town .
taj tandoori is a nice place , it is in the south part of town and it serves indian food .
what is the address ?
taj tandoori is a nice place their address is 64 cherry hinton road cherry hinton .
thanks for your help , goodbye .
thank you , goodbye .
Reward: 0.9662098288536072

hello , welcome to the restaurant finding system . how may i help you ?
hi , i want to book a table
what part of town do you have in mind ?
i want a venue in the moderate price range and in the centre of town .
what kind of food would you like ?
i need a international venue .
bloomsbury restaurant is a nice place , it is in the moderate price range , it is in the centre of town and it serves international food .
i want a restaurant in the moderate price range .
bloomsbury restaurant is a nice place , it is in the centre of town , it is in the moderate price range and it serves international food .
i want a restaurant in the moderate price range and in the centre of town .
bloomsbury restaurant is a nice place , it is in the moderate price range , it serves international food and it is in the centre of town .
no , i want a restaurant in north . thanks for your help , goodbye .
i am sorry but there is no place , serving international food , in the moderate price range and in the area of north .
please show me another one .
i am sorry but there is no place , in the area of north , in the moderate price range and serving international food .
i want a venue in the west of town . thanks for your help , goodbye .
i am sorry but there is no place , serving international food , in the moderate price range and in the area of west .
Reward: 0.21664974093437195

hello , welcome to the restaurant finding system . how may i help you ?
hi , i want to book a table
what part of town do you have in mind ?
i prefer a venue in centre .
what kind of food would you like ?
i want a venue in the moderate price range serving shrew serving chinese food .
shanghai family restaurant is a nice place , it serves chinese food , it is in the centre of town and it is in the moderate price range .
thanks for your help , goodbye .
thank you , goodbye .
Reward: 0.21664974093437195

hello , welcome to the restaurant finding system . how may i help you ?
i need another restaurant .
what part of town do you have in mind ?
i prefer a venue in north . a week of town .
what kind of food would you like ?
it doesn ' t matter .
what kind of food would you like ?
i want a venue in the morning price range and in the north of town .
what kind of food would you like ?
i want a venue in the north of town . i need a turkish venue .
i am sorry but there is no place , in the area of north and serving turkish food .
what is the phone number of the restaurant ?
i am sorry but there is no place , serving turkish food and in the area of north .
wait , i want something else . i want a venue in the moderate price range .
i am sorry but there is no place , in the area of north , serving turkish food and in the moderate price range .
no , i am not looking for this . please show me another restaurant .
i am sorry but there is no place , serving turkish food , in the moderate price range and in the area of north .
Reward: 0.21664974093437195

hello , welcome to the restaurant finding system . how may i help you ?
hi , i want to book a table
what part of town do you have in mind ?
i want a venue in the moderate price range and in the centre of town .
what kind of food would you like ?
i need a indian venue .
i am sorry but there is no place , in the moderate price range , in the area of centre and serving indian food .
thanks for your help , goodbye .
thank you , goodbye .
Reward: 0.21664974093437195

hello , welcome to the restaurant finding system . how may i help you ?
hi , i want to book a table
what part of town do you have in mind ?
i prefer a venue in centre .
what kind of food would you like ?
i need a chinese venue .
would you like something in the cheap , moderate , or expensive price range ?
i want a venue in the expensive price range .
hk fusion is a nice place , it is in the expensive price range , it serves chinese food and it is in the centre of town .
what is the phone number of the restaurant ?
hk fusion is a nice place their phone number is 0 1223 355909 .
thanks for your help , goodbye .
thank you , goodbye .
Reward: 0.21664974093437195

hello , welcome to the restaurant finding system . how may i help you ?
i want a restaurant in the cheap price range and in the centre of town .
what kind of food would you like ?
i need a international venue .
i am sorry but there is no place , in the cheap price range , serving international food and in the area of centre .
i need a indian venue .
the gandhi is a nice place , it is in the centre of town , it is in the cheap price range and it serves indian food .
thanks for your help , goodbye .
thank you , goodbye .
Reward: 0.21664974093437195

hello , welcome to the restaurant finding system . how may i help you ?
i need another restaurant .
what part of town do you have in mind ?
i prefer a venue in north .
what kind of food would you like ?
i need a chinese venue .
would you like something in the cheap , moderate , or expensive price range ?
i want a venue in the market of town .
would you like something in the cheap , moderate , or expensive price range ?
i want a venue in the expensive price range .
hk fusion is a nice place , it is in the expensive price range , it is in the centre of town and it serves chinese food .
what is the phone number of the restaurant ?
hk fusion is a nice place their phone number is 0 1223 355909 .
thanks for your help , goodbye .
thank you , goodbye .
Reward: 0.21664974093437195

hello , welcome to the restaurant finding system . how may i help you ?
i need another restaurant .
what part of town do you have in mind ?
i prefer a venue in centre .
what kind of food would you like ?
i want a venue any price range and any part is north .
what kind of food would you like ?
i want a venue in the south of town .
what kind of food would you like ?
i want a venue in the south of town . i want a venue in the south of town .
what kind of food would you like ?
i need a indian venue .
taj tandoori is a nice place , it is in the expensive price range , it serves indian food and it is in the south part of town .
what is the phone number of the restaurant ?
taj tandoori is a nice place their phone number is 0 1223 412299 .
what is the address ?
taj tandoori is a nice place , it serves indian food , it is in the south part of town and it is in the expensive price range .
Reward: 0.21664974093437195

hello , welcome to the restaurant finding system . how may i help you ?
i need a restaurant in centre .
what kind of food would you like ?
i need a indian venue .
would you like something in the cheap , moderate , or expensive price range ?
i want a venue in the expensive price range .
curry garden is a nice place , it serves indian food , it is in the centre of town and it is in the expensive price range .
thanks for your help , goodbye .
thank you , goodbye .
Reward: 0.9666247367858887

hello , welcome to the restaurant finding system . how may i help you ?
i need another restaurant .
what part of town do you have in mind ?
i prefer a venue in south .
what kind of food would you like ?
i need a indian venue .
taj tandoori is a nice place , it is in the south part of town and it serves indian food .
what is the address of the restaurant ?
taj tandoori is a nice place their address is 64 cherry hinton road cherry hinton .
thanks for your help , goodbye .
thank you , goodbye .
Reward: 0.9666247367858887

hello , welcome to the restaurant finding system . how may i help you ?
i need another restaurant .
what part of town do you have in mind ?
i prefer a venue in centre .
what kind of food would you like ?
i need a italian venue .
would you like something in the cheap , moderate , or expensive price range ?
i prefer a venue in the moderate price range .
pizza express fen ditton is a nice place , it is in the centre of town , it is in the moderate price range and it serves italian food .
no , i has a european venue . when is this ?
galleria is a nice place , it serves european food , it is in the centre of town and it is in the moderate price range .
wait , i want one of your restaurant . i want a venue in the moderate price range .
galleria is a nice place , it is in the centre of town , it is in the moderate price range and it serves european food .
what is the phone number of the restaurant ?
galleria is a nice place their phone number is 0 1223 362054 .
what is the address ?
galleria is a nice place , it is in the centre of town , it is in the moderate price range and it serves european food .
Reward: 0.9666247367858887

hello , welcome to the restaurant finding system . how may i help you ?
hi , i want to book a table
what part of town do you have in mind ?
i prefer a venue in south .
what kind of food would you like ?
i want a venue in the moderate price range and in the centre of town .
what kind of food would you like ?
i need a international venue .
bloomsbury restaurant is a nice place , it is in the centre of town , it is in the moderate price range and it serves international food .
i want a restaurant in the moderate price range and in the west of town .
i am sorry but there is no place , in the moderate price range , serving international food and in the area of west .
wait , i want something else . i want a restaurant in the cheap price range .
i am sorry but there is no place , serving international food , in the area of west and in the cheap price range .
cool , what is the restaurant ?
i am sorry but there is no place , serving international food , in the area of west and in the cheap price range .
what is the address of the restaurant ?
i am sorry but there is no place , in the cheap price range , in the area of west and serving international food .
Reward: 0.9666247367858887

hello , welcome to the restaurant finding system . how may i help you ?
hi , i want to book a table
what part of town do you have in mind ?
i am ok with everything . i want a venue in the expensive price range serving thai food .
what part of town do you have in mind ?
i prefer a restaurant in centre .
bangkok city is a nice place , it is in the centre of town , it serves thai food and it is in the expensive price range .
no , i am not looking for this . please show me another one .
i am sorry but there is no place other than bangkok city in the area of centre , in the expensive price range and serving thai food .
no , i am not looking for this . please show me another one .
bangkok city is a nice place , it is in the expensive price range , it is in the centre of town and it serves thai food .
i need another restaurant .
i am sorry but there is no place other than bangkok city serving thai food , in the expensive price range and in the area of centre .
what is the phone number of the restaurant ?
bangkok city is a nice place , it is in the centre of town , it is in the expensive price range and it serves thai food .
what is the address of the restaurant ?
bangkok city is a nice place , their phone number is 0 1223 354382 and their address is 24 green street city centre .
Reward: 0.9666247367858887

hello , welcome to the restaurant finding system . how may i help you ?
hi , i want to book a table
what part of town do you have in mind ?
i am ok with everything . i want a venue in the expensive price range serving thai food .
what part of town do you have in mind ?
it doesn ' t matter .
what part of town do you have in mind ?
i prefer a venue in south .
i am sorry but there is no place , in the area of south , in the expensive price range and serving thai food .
it doesn ' t matter .
i am sorry but there is no place , in the area of south , serving thai food and in the expensive price range .
what is the address of the restaurant ?
i am sorry but there is no place , in the expensive price range , in the area of south and serving thai food .
it doesn ' t matter .
i am sorry but there is no place , in the expensive price range , in the area of south and serving thai food .
please tell me any price range and in the centre of town .
bangkok city is a nice place , it is in the centre of town , it is in the expensive price range and it serves thai food .
Reward: 0.9666247367858887

hello , welcome to the restaurant finding system . how may i help you ?
hi , i want to book a table
what part of town do you have in mind ?
i prefer a venue in west .
what kind of food would you like ?
i want a venue in the moderate price range and in the west of town .
what kind of food would you like ?
everything is fine . i want a venue in this .
what kind of food would you like ?
i need a bit in the moderate price range and in the centre of town .
what kind of food would you like ?
i need a indian venue .
i am sorry but there is no place , serving indian food , in the moderate price range and in the area of centre .
thanks for your help , goodbye .
thank you , goodbye .
Reward: 0.9666247367858887

hello , welcome to the restaurant finding system . how may i help you ?
hi , can you tell me the restaurant in the cheap price range .
what part of town do you have in mind ?
i prefer a venue in north .
what kind of food would you like ?
i need a chinese venue .
i am sorry but there is no place , in the cheap price range , serving chinese food and in the area of north .
what is the phone number of the restaurant ?
i am sorry but there is no place , serving chinese food , in the area of north and in the cheap price range .
what is the address ?
i am sorry but there is no place , in the cheap price range , in the area of north and serving chinese food .
what is the address of the restaurant ?
i am sorry but there is no place , in the area of north , in the cheap price range and serving chinese food .
what is the phone number of the restaurant ?
i am sorry but there is no place , in the cheap price range , in the area of north and serving chinese food .
what is the address of the restaurant ?
i am sorry but there is no place , in the cheap price range , in the area of north and serving chinese food .
Reward: 0.9666247367858887

hello , welcome to the restaurant finding system . how may i help you ?
hi , i want to book a table
what part of town do you have in mind ?
it doesn ' t matter .
what part of town do you have in mind ?
i want a venue in the moderate price range and in the centre of town .
what kind of food would you like ?
i need a indian venue .
i am sorry but there is no place , in the area of centre , serving indian food and in the moderate price range .
thanks for your help , goodbye .
thank you , goodbye .
Reward: 0.969070315361023

hello , welcome to the restaurant finding system . how may i help you ?
hi , i want to book a table
what part of town do you have in mind ?
i prefer a venue in centre .
what kind of food would you like ?
i need a turkish venue .
would you like something in the cheap , moderate , or expensive price range ?
it doesn ' t matter .
would you like something in the cheap , moderate , or expensive price range ?
i want a venue in the moderate price range .
efes restaurant is a nice place , it serves turkish food , it is in the moderate price range and it is in the centre of town .
wait , i want something else . i want a venue in the expensive price range .
meze bar restaurant is a nice place , it is in the centre of town , it is in the expensive price range and it serves turkish food .
wait , i want something else .
i am sorry but there is no place other than meze bar restaurant serving turkish food , in the expensive price range and in the area of centre .
how about a chinese venue .
hk fusion is a nice place , it is in the centre of town , it is in the expensive price range and it serves chinese food .
Reward: 0.969070315361023

hello , welcome to the restaurant finding system . how may i help you ?
i want a restaurant in the cheap price range and in the centre of town .
what kind of food would you like ?
i need a indian venue .
the gandhi is a nice place , it serves indian food , it is in the cheap price range and it is in the centre of town .
thanks for your help .
thank you , goodbye .
Reward: 0.969070315361023

hello , welcome to the restaurant finding system . how may i help you ?
i need another restaurant .
what part of town do you have in mind ?
it doesn ' t matter .
what part of town do you have in mind ?
i ' ll fly in the moderate price range and in the centre of town .
what kind of food would you like ?
i need a indian venue .
i am sorry but there is no place , in the moderate price range , serving indian food and in the area of centre .
how about any part is the expensive price range and in the north of town .
tandoori palace is a nice place , it serves indian food , it is in the expensive price range and it is in the north part of town .
thanks for your help , goodbye .
thank you , goodbye .
Reward: 0.969070315361023

hello , welcome to the restaurant finding system . how may i help you ?
hi , i want to book a table
what part of town do you have in mind ?
i prefer a venue in centre .
what kind of food would you like ?
i need a european venue .
would you like something in the cheap , moderate , or expensive price range ?
i want a venue in the moderate price range .
galleria is a nice place , it is in the centre of town , it serves european food and it is in the moderate price range .
i want a venue in the moderate price range .
galleria is a nice place , it is in the moderate price range , it is in the centre of town and it serves european food .
what is the address of the restaurant ?
galleria is a nice place their address is 33 bridge street .
thanks for your help , goodbye .
thank you , goodbye .
Reward: 0.969070315361023

hello , welcome to the restaurant finding system . how may i help you ?
hi , i want to book a table
what part of town do you have in mind ?
it doesn ' t matter .
what part of town do you have in mind ?
i prefer a venue in south .
what kind of food would you like ?
i need a chinese venue .
would you like something in the cheap , moderate , or expensive price range ?
it doesn ' t matter .
would you like something in the cheap , moderate , or expensive price range ?
it doesn ' t matter .
would you like something in the cheap , moderate , or expensive price range ?
it doesn ' t matter .
would you like something in the cheap , moderate , or expensive price range ?
it doesn ' t matter .
would you like something in the cheap , moderate , or expensive price range ?
Reward: 0.969070315361023

hello , welcome to the restaurant finding system . how may i help you ?
hi , i want to book a table
what part of town do you have in mind ?
it doesn ' t matter .
what part of town do you have in mind ?
i want a venue in the moderate price range and in the centre of town .
what kind of food would you like ?
i need a indian venue .
i am sorry but there is no place , serving indian food , in the moderate price range and in the area of centre .
thanks for your help , goodbye .
thank you , goodbye .
Reward: 0.9611780047416687

hello , welcome to the restaurant finding system . how may i help you ?
i need another restaurant .
what part of town do you have in mind ?
it doesn ' t matter .
what part of town do you have in mind ?
i prefer a venue in north .
what kind of food would you like ?
i want a venue in the south of town .
what kind of food would you like ?
everything is the a venue in the north of town . it doesn ' t matter .
what kind of food would you like ?
i want a venue in the north of town . i want a venue in the south of town .
what kind of food would you like ?
i need a chinese venue .
would you like something in the cheap , moderate , or expensive price range ?
i want a venue in the north of town .
would you like something in the cheap , moderate , or expensive price range ?
Reward: 0.9611780047416687

hello , welcome to the restaurant finding system . how may i help you ?
hi , i want to book a table
what part of town do you have in mind ?
i prefer a venue in centre .
what kind of food would you like ?
i need a european venue .
would you like something in the cheap , moderate , or expensive price range ?
i want a venue in any part of town .
would you like something in the cheap , moderate , or expensive price range ?
i want a venue in the moderate price range .
galleria is a nice place , it is in the moderate price range , it serves european food and it is in the centre of town .
hi , i want something else . please tell me another one .
hotel du vin and bistro is a nice place , it is in the moderate price range , it is in the centre of town and it serves european food .
i want a restaurant in the moderate price range and in the centre of town .
galleria is a nice place , it serves european food , it is in the moderate price range and it is in the centre of town .
wait , i want a venue in the expensive price range .
michaelhouse cafe is a nice place , it is in the centre of town , it serves european food and it is in the expensive price range .
Reward: 0.9611780047416687

hello , welcome to the restaurant finding system . how may i help you ?
hi , i want to book a table
what part of town do you have in mind ?
i want a venue in the moderate price range and in the centre of town .
what kind of food would you like ?
i need a international venue .
bloomsbury restaurant is a nice place , it is in the centre of town , it is in the moderate price range and it serves international food .
i need a indian venue .
i am sorry but there is no place , in the moderate price range , in the area of centre and serving indian food .
thanks for your help , goodbye .
thank you , goodbye .
Reward: 0.9611780047416687

hello , welcome to the restaurant finding system . how may i help you ?
hi , i want to book a table
what part of town do you have in mind ?
i prefer a venue in south .
what kind of food would you like ?
i need a chinese venue .
would you like something in the cheap , moderate , or expensive price range ?
it doesn ' t matter .
would you like something in the cheap , moderate , or expensive price range ?
i want a venue in the expensive price range .
the good luck chinese food takeaway is a nice place , it serves chinese food , it is in the expensive price range and it is in the south part of town .
thanks for your help , goodbye .
thank you , goodbye .
Reward: 0.9611780047416687

hello , welcome to the restaurant finding system . how may i help you ?
i want a restaurant in the moderate price range .
what part of town do you have in mind ?
i need a venue in north .
what kind of food would you like ?
i need a turkish venue .
i am sorry but there is no place , in the moderate price range , in the area of north and serving turkish food .
what is the one of the restaurant ?
i am sorry but there is no place , serving turkish food , in the area of north and in the moderate price range .
thanks for your help , goodbye .
thank you , goodbye .
Reward: 0.9611780047416687

hello , welcome to the restaurant finding system . how may i help you ?
hi , i want to book a table
what part of town do you have in mind ?
it doesn ' t matter .
what part of town do you have in mind ?
i prefer a venue in centre .
what kind of food would you like ?
i need a chinese venue .
would you like something in the cheap , moderate , or expensive price range ?
i want a venue in the expensive price range .
hk fusion is a nice place , it serves chinese food , it is in the centre of town and it is in the expensive price range .
what is the phone number of the restaurant ?
hk fusion is a nice place their phone number is 0 1223 355909 .
thanks for your help , goodbye .
thank you , goodbye .
Reward: 0.9611780047416687

hello , welcome to the restaurant finding system . how may i help you ?
hi , i want to book a table
what part of town do you have in mind ?
it doesn ' t matter .
what part of town do you have in mind ?
i prefer a venue in west .
what kind of food would you like ?
i need a chinese venue .
i am sorry but there is no place , serving chinese food and in the area of west .
what does the restaurant ?
i am sorry but there is no place , in the area of west and serving chinese food .
thanks for your help , goodbye .
thank you , goodbye .
Reward: 0.8683903217315674

hello , welcome to the restaurant finding system . how may i help you ?
i need another restaurant .
what part of town do you have in mind ?
it doesn ' t matter .
what part of town do you have in mind ?
i want a venue in the moderate price range and in the north of town .
what kind of food would you like ?
i want a venue in the south of town .
what kind of food would you like ?
i want a venue in the west of town . i want a venue in the south of town . i want a venue in
what kind of food would you like ?
i need a chinese venue .
i am sorry but there is no place , in the moderate price range , serving chinese food and in the area of west .
what is the address in the restaurant ?
i am sorry but there is no place , serving chinese food , in the moderate price range and in the area of west .
what is the phone number of the restaurant ?
i am sorry but there is no place , in the moderate price range , serving chinese food and in the area of west .
Reward: 0.8683903217315674

hello , welcome to the restaurant finding system . how may i help you ?
hi , i want to book a table
what part of town do you have in mind ?
it doesn ' t matter .
what part of town do you have in mind ?
i prefer a venue in east .
what kind of food would you like ?
i want a venue in the moderate price range and in the centre of town .
what kind of food would you like ?
i need a indian venue .
i am sorry but there is no place , in the area of centre , serving indian food and in the moderate price range .
what is the phone number of the restaurant ?
i am sorry but there is no place , in the area of centre , in the moderate price range and serving indian food .
what is the address ?
i am sorry but there is no place , serving indian food , in the area of centre and in the moderate price range .
thanks for your help , goodbye .
thank you , goodbye .
Reward: 0.8683903217315674

hello , welcome to the restaurant finding system . how may i help you ?
i want a restaurant in the cheap price range and in the centre of town .
what kind of food would you like ?
i need a indian venue .
the gandhi is a nice place , it is in the centre of town , it serves indian food and it is in the cheap price range .
thanks for your help , goodbye .
thank you , goodbye .
Reward: 0.8683903217315674

hello , welcome to the restaurant finding system . how may i help you ?
i need another restaurant .
what part of town do you have in mind ?
it doesn ' t matter .
what part of town do you have in mind ?
i prefer a venue in north .
what kind of food would you like ?
i want a venue in the south of town .
what kind of food would you like ?
i want a venue in the moderate price range and in the centre of town .
what kind of food would you like ?
i need a indian venue .
i am sorry but there is no place , in the moderate price range , serving indian food and in the area of centre .
thanks anyway .
thank you , goodbye .
Reward: 0.8683903217315674

hello , welcome to the restaurant finding system . how may i help you ?
hi , i want to book a table
what part of town do you have in mind ?
i want a venue in the moderate price range and in the north of town .
what kind of food would you like ?
i need a indian venue .
the nirala is a nice place , it is in the moderate price range , it is in the north part of town and it serves indian food .
what is the address ?
the nirala is a nice place their address is 7 milton road chesterton .
thanks for your help , goodbye .
thank you , goodbye .
Reward: 0.8683903217315674

hello , welcome to the restaurant finding system . how may i help you ?
hi , i want to book a table
what part of town do you have in mind ?
it doesn ' t matter .
what part of town do you have in mind ?
i prefer a venue in east .
what kind of food would you like ?
i prefer a venue in centre .
what kind of food would you like ?
i need a chinese venue .
would you like something in the cheap , moderate , or expensive price range ?
it doesn ' t matter .
would you like something in the cheap , moderate , or expensive price range ?
it doesn ' t matter .
would you like something in the cheap , moderate , or expensive price range ?
it doesn ' t matter .
would you like something in the cheap , moderate , or expensive price range ?
Reward: 0.8683903217315674

hello , welcome to the restaurant finding system . how may i help you ?
i need another restaurant .
what part of town do you have in mind ?
i prefer a venue in north .
what kind of food would you like ?
i want a venue in the expensive price range serving chinese food .
hakka is a nice place , it serves chinese food , it is in the expensive price range and it is in the north part of town .
thanks for your help , goodbye .
thank you , goodbye .
Reward: 0.9678100943565369

hello , welcome to the restaurant finding system . how may i help you ?
i need a restaurant in centre .
what kind of food would you like ?
i need a indian venue .
would you like something in the cheap , moderate , or expensive price range ?
i want a venue in the moderate price range .
i am sorry but there is no place , in the moderate price range , in the area of centre and serving indian food .
please tell me the address and any price range is okay .
the gandhi is a nice place , it is in the centre of town , it serves indian food and it is in the cheap price range .
thanks for your help , goodbye .
thank you , goodbye .
Reward: 0.9678100943565369

hello , welcome to the restaurant finding system . how may i help you ?
hi , i want to book a table
what part of town do you have in mind ?
hi , i want a venue in the cheap price range and in the west of town .
what kind of food would you like ?
hi , i want a venue in the moderate of catch .
what kind of food would you like ?
i want a venue in the moderate price range and in the centre of town .
what kind of food would you like ?
i need a international venue .
bloomsbury restaurant is a nice place , it serves international food , it is in the moderate price range and it is in the centre of town .
what is the address ?
bloomsbury restaurant is a nice place their address is crowne plaza hotel 20 downing street .
is this from the restaurant ?
bloomsbury restaurant is a nice place , it is in the centre of town , it is in the moderate price range and it serves international food .
i want a restaurant in the moderate price range and in the centre of town .
can i help you with anything else ?
Reward: 0.9678100943565369

hello , welcome to the restaurant finding system . how may i help you ?
i need another restaurant .
what part of town do you have in mind ?
i prefer a venue in north .
what kind of food would you like ?
i need a indian venue .
would you like something in the cheap , moderate , or expensive price range ?
i want a venue in the expensive price range .
tandoori palace is a nice place , it is in the north part of town , it is in the expensive price range and it serves indian food .
what is the address ?
tandoori palace is a nice place their address is 68 histon road chesterton .
thanks for your help , goodbye .
thank you , goodbye .
Reward: 0.9678100943565369

hello , welcome to the restaurant finding system . how may i help you ?
i need a restaurant in centre .
what kind of food would you like ?
i need a european venue .
would you like something in the cheap , moderate , or expensive price range ?
i want a venue in the moderate price range .
galleria is a nice place , it serves european food , it is in the moderate price range and it is in the centre of town .
what is the phone number of the restaurant ?
galleria is a nice place their phone number is 0 1223 362054 .
what is the address ?
galleria is a nice place , it is in the moderate price range , it serves european food and it is in the centre of town .
no , i am not looking for the guided serving strawberry and any price range is
can i help you with anything else ?
thanks for your help , goodbye .
thank you , goodbye .
Reward: 0.9678100943565369

hello , welcome to the restaurant finding system . how may i help you ?
hi , i want to book a table
what part of town do you have in mind ?
i want a venue in the moderate price range and in the north of town .
what kind of food would you like ?
i need a indian venue .
the nirala is a nice place , it serves indian food , it is in the north part of town and it is in the moderate price range .
what is the phone number of the restaurant ?
the nirala is a nice place their phone number is 0 1223 360966 .
what is the address ?
the nirala is a nice place , it serves indian food , it is in the moderate price range and it is in the north part of town .
what is the address ?
the nirala is a nice place , their address is 7 milton road chesterton and their phone number is 0 1223 360966 .
thanks for your help , goodbye .
thank you , goodbye .
Reward: 0.9678100943565369

hello , welcome to the restaurant finding system . how may i help you ?
hi , i want to book a table
what part of town do you have in mind ?
i prefer a venue in centre .
what kind of food would you like ?
i need a british venue .
would you like something in the cheap , moderate , or expensive price range ?
i want a venue in the expensive price range .
midsummer house restaurant is a nice place , it serves british food , it is in the centre of town and it is in the expensive price range .
what is the address ?
midsummer house restaurant is a nice place their address is midsummer common .
thanks for your help , goodbye .
thank you , goodbye .
Reward: 0.9678100943565369

hello , welcome to the restaurant finding system . how may i help you ?
hi , i want to book a table
what part of town do you have in mind ?
it doesn ' t matter .
what part of town do you have in mind ?
i want a venue in the moderate price range and in the centre of town .
what kind of food would you like ?
i need a international venue .
bloomsbury restaurant is a nice place , it is in the centre of town , it serves international food and it is in the moderate price range .
what is the phone number of the restaurant ?
bloomsbury restaurant is a nice place their phone number is 0 871 942 9180 .
is the address ?
bloomsbury restaurant is a nice place , it is in the centre of town , it is in the moderate price range and it serves international food .
i want a restaurant in the moderate price range and in the centre of town .
can i help you with anything else ?
thanks for your help , goodbye .
thank you , goodbye .
Reward: 0.9761590957641602

hello , welcome to the restaurant finding system . how may i help you ?
hi , i want to book a table
what part of town do you have in mind ?
it doesn ' t matter .
what part of town do you have in mind ?
i am ok with everything . i want a venue in the expensive price range .
what part of town do you have in mind ?
it doesn ' t matter .
what part of town do you have in mind ?
i am pretty in the north of town . what is the address ?
what kind of food would you like ?
i want a venue in the north of town . can i protect my venue in the north of town . they also need to
what kind of food would you like ?
i want a venue in the moderate price range and in the south of town .
what kind of food would you like ?
i need a chinese venue .
i am sorry but there is no place , in the area of south , serving chinese food and in the moderate price range .
Reward: 0.9761590957641602

hello , welcome to the restaurant finding system . how may i help you ?
i need another restaurant .
what part of town do you have in mind ?
i am ok with everything . i want a venue in any part of town .
what kind of food would you like ?
i want a venue in any part of town .
what kind of food would you like ?
i want a venue in the south of town . i want a venue in the north of town . . i want a venue
what kind of food would you like ?
i need a indian venue .
would you like something in the cheap , moderate , or expensive price range ?
i want a venue in the moderate price range .
the nirala is a nice place , it is in the north part of town , it serves indian food and it is in the moderate price range .
what is the address ?
the nirala is a nice place their address is 7 milton road chesterton .
thanks for your help , goodbye .
thank you , goodbye .
Reward: 0.9761590957641602

hello , welcome to the restaurant finding system . how may i help you ?
hi , i want to book a table
what part of town do you have in mind ?
it doesn ' t matter .
what part of town do you have in mind ?
i am ok with everything . i want a venue in the expensive price range .
what part of town do you have in mind ?
i prefer a venue in centre .
what kind of food would you like ?
i need a italian venue .
clowns cafe is a nice place , it is in the expensive price range , it is in the centre of town and it serves italian food .
i want a venue in the moderate price range .
pizza express fen ditton is a nice place , it is in the centre of town , it serves italian food and it is in the moderate price range .
please tell me the address and phone number of the restaurant .
pizza express is a nice place , their phone number is 0 1223 324033 and their address is regent street city centre .
thanks for your help , goodbye .
thank you , goodbye .
Reward: 0.9761590957641602

hello , welcome to the restaurant finding system . how may i help you ?
hi , i want to book a table
what part of town do you have in mind ?
i want a venue in the moderate price range and in the centre of town .
what kind of food would you like ?
i need a indian venue .
i am sorry but there is no place , in the moderate price range , serving indian food and in the area of centre .
thanks for your help , goodbye .
thank you , goodbye .
Reward: 0.9676513075828552

hello , welcome to the restaurant finding system . how may i help you ?
i need another restaurant .
what part of town do you have in mind ?
i prefer a venue in south .
what kind of food would you like ?
i need a indian venue .
taj tandoori is a nice place , it serves indian food and it is in the south part of town .
what is the address ?
taj tandoori is a nice place their address is 64 cherry hinton road cherry hinton .
thanks for your help , goodbye .
thank you , goodbye .
Reward: 0.9676513075828552

hello , welcome to the restaurant finding system . how may i help you ?
hi , i want to book a table
what part of town do you have in mind ?
it doesn ' t matter .
what part of town do you have in mind ?
i am ok with my restaurant .
thank you , goodbye .
Reward: 0.9676513075828552

hello , welcome to the restaurant finding system . how may i help you ?
i need another restaurant .
what part of town do you have in mind ?
i prefer a venue in south .
what kind of food would you like ?
i need a indian venue .
taj tandoori is a nice place , it serves indian food and it is in the south part of town .
what is the phone number of the restaurant ?
taj tandoori is a nice place their phone number is 0 1223 412299 .
what is the address ?
taj tandoori is a nice place , it serves indian food and it is in the south part of town .
what is the address of the restaurant ?
taj tandoori is a nice place , their phone number is 0 1223 412299 and their address is 64 cherry hinton road cherry hinton .
thanks for your help , goodbye .
thank you , goodbye .
Reward: 0.9676513075828552

hello , welcome to the restaurant finding system . how may i help you ?
i need another restaurant .
what part of town do you have in mind ?
it doesn ' t matter .
what part of town do you have in mind ?
i want a venue in the moderate price range and in the north of town .
what kind of food would you like ?
i want a venue in the south of town . do you need to make a wind
what kind of food would you like ?
i need a chinese venue .
i am sorry but there is no place , serving chinese food , in the moderate price range and in the area of south .
thanks for your help , goodbye .
thank you , goodbye .
Reward: 0.9676513075828552

hello , welcome to the restaurant finding system . how may i help you ?
hi , i want to book a table
what part of town do you have in mind ?
i prefer a venue in south .
what kind of food would you like ?
i need a chinese venue .
would you like something in the cheap , moderate , or expensive price range ?
i want a venue in the expensive price range .
the good luck chinese food takeaway is a nice place , it is in the south part of town , it serves chinese food and it is in the expensive price range .
i want a venue in north . any price range is okay .
hakka is a nice place , it is in the north part of town , it serves chinese food and it is in the expensive price range .
thanks for your help , goodbye .
thank you , goodbye .
Reward: 0.9676513075828552

hello , welcome to the restaurant finding system . how may i help you ?
i need another restaurant .
what part of town do you have in mind ?
it doesn ' t matter .
what part of town do you have in mind ?
i prefer a venue in south .
what kind of food would you like ?
i want a venue in the north of town . i want a venue in the north of town . i want a venue in
what kind of food would you like ?
i appreciate it . it doesn ' t matter .
what kind of food would you like ?
i need a indian venue .
would you like something in the cheap , moderate , or expensive price range ?
i want a venue in the moderate price range .
the nirala is a nice place , it is in the north part of town , it serves indian food and it is in the moderate price range .
no , i am not looking for this . please show me another one .
meghna is a nice place , it is in the north part of town , it is in the moderate price range and it serves indian food .
Reward: 0.9676513075828552

hello , welcome to the restaurant finding system . how may i help you ?
hi , i want to book a table
what part of town do you have in mind ?
i need to go with a venue in centre .
what kind of food would you like ?
i need a turkish venue .
would you like something in the cheap , moderate , or expensive price range ?
i want a venue in the moderate price range .
efes restaurant is a nice place , it serves turkish food , it is in the centre of town and it is in the moderate price range .
what is the phone number of eraina ?
efes restaurant is a nice place their phone number is 0 1223 500005 .
thanks for your help , goodbye .
thank you , goodbye .
Reward: 0.9676513075828552

hello , welcome to the restaurant finding system . how may i help you ?
hi , i want to book a table
what part of town do you have in mind ?
i want a venue in the moderate price range and in the west of town .
what kind of food would you like ?
i need a chinese venue .
i am sorry but there is no place , in the area of west , serving chinese food and in the moderate price range .
i am ok with this part of town . i want a venue in the north of town . if i want a venue in
golden wok is a nice place , it serves chinese food , it is in the north part of town and it is in the moderate price range .
what is the address ?
golden wok is a nice place their address is 191 histon road chesterton .
thanks for your help , goodbye .
thank you , goodbye .
Reward: 0.9697916507720947

hello , welcome to the restaurant finding system . how may i help you ?
hi , i want to book a table
what part of town do you have in mind ?
i prefer a venue in centre .
what kind of food would you like ?
i need a turkish venue .
would you like something in the cheap , moderate , or expensive price range ?
i want a venue in the moderate price range .
efes restaurant is a nice place , it is in the centre of town , it is in the moderate price range and it serves turkish food .
thanks , goodbye .
thank you , goodbye .
Reward: 0.9697916507720947

hello , welcome to the restaurant finding system . how may i help you ?
i need another restaurant .
what part of town do you have in mind ?
i prefer a venue in north .
what kind of food would you like ?
i need a indian venue .
would you like something in the cheap , moderate , or expensive price range ?
i want a venue in the moderate price range .
the nirala is a nice place , it serves indian food , it is in the north part of town and it is in the moderate price range .
no , i am not looking for this . please show me another one .
meghna is a nice place , it is in the north part of town , it is in the moderate price range and it serves indian food .
what is the address ?
meghna is a nice place their address is 205 victoria road chesterton .
what is the address ?
the nirala is a nice place , it is in the north part of town , it is in the moderate price range and it serves indian food .
what is the address ?
the nirala is a nice place their address is 7 milton road chesterton .
Reward: 0.9697916507720947

hello , welcome to the restaurant finding system . how may i help you ?
hi , i want to book a table
what part of town do you have in mind ?
i prefer a venue in west .
what kind of food would you like ?
i need a indian venue .
cocum is a nice place , it serves indian food and it is in the west part of town .
what is the phone number of the restaurant ?
cocum is a nice place their phone number is 0 1223 366668 .
thanks for your help , goodbye .
thank you , goodbye .
Reward: 0.9697916507720947

hello , welcome to the restaurant finding system . how may i help you ?
hi , i want to book a table
what part of town do you have in mind ?
i prefer a venue in centre .
what kind of food would you like ?
i want a restaurant in the moderate price range serving british food .
cotto is a nice place , it is in the moderate price range , it serves british food and it is in the centre of town .
what is the phone number of the restaurant ?
cotto is a nice place their phone number is 0 1223 302010 .
thanks for your help , goodbye .
thank you , goodbye .
Reward: 0.9697916507720947

hello , welcome to the restaurant finding system . how may i help you ?
hi , i want to book a table
what part of town do you have in mind ?
i prefer a venue in centre .
what kind of food would you like ?
i need a chinese venue .
would you like something in the cheap , moderate , or expensive price range ?
i want a venue in the expensive price range .
hk fusion is a nice place , it is in the centre of town , it serves chinese food and it is in the expensive price range .
what is the phone number of the restaurant ?
hk fusion is a nice place their phone number is 0 1223 355909 .
thanks for your help , goodbye .
thank you , goodbye .
Reward: 0.9697916507720947

hello , welcome to the restaurant finding system . how may i help you ?
i need another restaurant .
what part of town do you have in mind ?
i am ok with everything . i want a venue serving portuguese food and any price range is okay .
what part of town do you have in mind ?
it doesn ' t matter .
what part of town do you have in mind ?
i prefer a venue in north .
i am sorry but there is no place , serving portuguese food and in the area of north .
what is the address ?
i am sorry but there is no place , serving portuguese food and in the area of north .
what is the address of the premises ?
i am sorry but there is no place , serving portuguese food and in the area of north .
thanks for your help , goodbye .
thank you , goodbye .
Reward: 0.9697916507720947

