hello , welcome to the restaurant finding system . how may i help you ?
hi , i want to book a table
what part of town do you have in mind ?
it doesn ' t matter .
what part of town do you have in mind ?
i prefer a venue in south .
what kind of food would you like ?
Reward: 0.9666292667388916

hello , welcome to the restaurant finding system . how may i help you ?
i need another restaurant .
what part of town do you have in mind ?
i am ok with everything . i want a venue in the expensive price range .
what part of town do you have in mind ?
it doesn ' t matter .
what part of town do you have in mind ?
Reward: 0.9666292667388916

hello , welcome to the restaurant finding system . how may i help you ?
hi , i want to book a table
what part of town do you have in mind ?
everything is fine ! i need a portuguese venue .
what part of town do you have in mind ?
it doesn ' t matter .
what part of town do you have in mind ?
Reward: 0.9666292667388916

hello , welcome to the restaurant finding system . how may i help you ?
hi , i want to book a table
what part of town do you have in mind ?
i want a venue in any part of town .
what kind of food would you like ?
i want a venue in the expensive price range , in the north of town .
what kind of food would you like ?
Reward: 0.8867242932319641

hello , welcome to the restaurant finding system . how may i help you ?
hi , i want to book a table
what part of town do you have in mind ?
it doesn ' t matter .
what part of town do you have in mind ?
i prefer a venue in west .
what kind of food would you like ?
Reward: 0.8867242932319641

hello , welcome to the restaurant finding system . how may i help you ?
hi , i want to book a table
what part of town do you have in mind ?
i want a venue in the expensive price range and in any part of town .
what kind of food would you like ?
i want a venue in later .
what kind of food would you like ?
Reward: 0.8867242932319641

hello , welcome to the restaurant finding system . how may i help you ?
i need another restaurant .
what part of town do you have in mind ?
i want a venue in the expensive price range and in the centre of town .
what kind of food would you like ?
any the phone in the avenue pm
what kind of food would you like ?
Reward: 0.7834844589233398

hello , welcome to the restaurant finding system . how may i help you ?
hi , i want to book a table
what part of town do you have in mind ?
it doesn ' t matter .
what part of town do you have in mind ?
i prefer a venue in south .
what kind of food would you like ?
Reward: 0.7834844589233398

hello , welcome to the restaurant finding system . how may i help you ?
hi , i want to book a table
what part of town do you have in mind ?
i prefer a venue in centre .
what kind of food would you like ?
i need a european venue .
would you like something in the cheap , moderate , or expensive price range ?
Reward: 0.7834844589233398

hello , welcome to the restaurant finding system . how may i help you ?
hi , i want to book a table
what part of town do you have in mind ?
i prefer a venue in west .
what kind of food would you like ?
400 accounts
what kind of food would you like ?
Reward: 0.966567873954773

hello , welcome to the restaurant finding system . how may i help you ?
i need another restaurant .
what part of town do you have in mind ?
i want a venue in the expensive price range and in the centre of town .
what kind of food would you like ?
i need a indian venue .
curry garden is a nice place , it serves indian food , it is in the centre of town and it is in the expensive price range .
Reward: 0.966567873954773

hello , welcome to the restaurant finding system . how may i help you ?
hi , i want to book a table
what part of town do you have in mind ?
i prefer a trip in the expensive price range and in the north of town .
what kind of food would you like ?
i prefer a venue in the south of town .
what kind of food would you like ?
Reward: 0.966567873954773

hello , welcome to the restaurant finding system . how may i help you ?
hi , i want to book a table
what part of town do you have in mind ?
i want a venue in the expensive price range and in the north of town .
what kind of food would you like ?
the moderate price range and in the west of town .
what kind of food would you like ?
Reward: 0.9666189551353455

hello , welcome to the restaurant finding system . how may i help you ?
i need a restaurant in centre .
what kind of food would you like ?
a no question . i want this gonna fly surfing . do you need to show a few months i can stand up a year
what kind of food would you like ?
any cats
what kind of food would you like ?
Reward: 0.9666189551353455

hello , welcome to the restaurant finding system . how may i help you ?
hi , i want to book a table
what part of town do you have in mind ?
i prefer a venue in centre .
what kind of food would you like ?
i need a ethereal one . is it on a few months i can stand up in the centre of town .
what kind of food would you like ?
Reward: 0.9666189551353455

hello , welcome to the restaurant finding system . how may i help you ?
hi , i want to book a table
what part of town do you have in mind ?
i prefer an expensive price range and in the centre of town .
what kind of food would you like ?
i would like to go with a venue in the ave of town . any price range is maybe , none of my restaurant .
what kind of food would you like ?
Reward: 0.9666309356689453

hello , welcome to the restaurant finding system . how may i help you ?
i need another restaurant .
what part of town do you have in mind ?
i prefer a venue in south .
what kind of food would you like ?
it doesn ' t matter .
what kind of food would you like ?
Reward: 0.9666309356689453

hello , welcome to the restaurant finding system . how may i help you ?
hi , i want to book a table
what part of town do you have in mind ?
i prefer a venue in south .
what kind of food would you like ?
i want a venue in any part of town .
what kind of food would you like ?
Reward: 0.9666309356689453

hello , welcome to the restaurant finding system . how may i help you ?
hi , i want to book a table
what part of town do you have in mind ?
i want a venue in the expensive price range and in the centre of town .
what kind of food would you like ?
i need a indian venue .
curry garden is a nice place , it is in the expensive price range , it serves indian food and it is in the centre of town .
Reward: 0.9643505215644836

hello , welcome to the restaurant finding system . how may i help you ?
hi , i want to book a table
what part of town do you have in mind ?
i prefer a venue in san .
what part of town do you have in mind ?
i prefer a venue in west .
what kind of food would you like ?
Reward: 0.9643505215644836

hello , welcome to the restaurant finding system . how may i help you ?
hi , i want to book a table
what part of town do you have in mind ?
i want to find with a reservation and i am in south .
what kind of food would you like ?
i want a restaurant in the expensive price range .
what kind of food would you like ?
Reward: 0.9643505215644836

hello , welcome to the restaurant finding system . how may i help you ?
i need a restaurant in centre .
what kind of food would you like ?
i need another restaurant .
what kind of food would you like ?
i need a indian venue .
would you like something in the cheap , moderate , or expensive price range ?
Reward: 0.9666292667388916

hello , welcome to the restaurant finding system . how may i help you ?
hi , i want to book a table
what part of town do you have in mind ?
i prefer a venue in centre .
what kind of food would you like ?
i want a venue in the morning , any price range has to give me an expensive price range .
what kind of food would you like ?
Reward: 0.9666292667388916

hello , welcome to the restaurant finding system . how may i help you ?
hi , i want to book a table
what part of town do you have in mind ?
i want a venue in the expensive price range and in the centre of town .
what kind of food would you like ?
the dear price range and in the one of town .
what kind of food would you like ?
Reward: 0.9666292667388916

hello , welcome to the restaurant finding system . how may i help you ?
i need a restaurant in centre .
what kind of food would you like ?
i need a indian venue .
would you like something in the cheap , moderate , or expensive price range ?
any price range is okay .
the gandhi is a nice place , it is in the cheap price range , it serves indian food and it is in the centre of town .
Reward: 0.9708646535873413

hello , welcome to the restaurant finding system . how may i help you ?
hi , i want to find a table
what part of town do you have in mind ?
i prefer a venue in north .
what kind of food would you like ?
i want a restaurant in the moderate price range and in the north of town .
what kind of food would you like ?
Reward: 0.9708646535873413

hello , welcome to the restaurant finding system . how may i help you ?
i need another restaurant .
what part of town do you have in mind ?
i prefer a venue in south .
what kind of food would you like ?
i need a indian venue .
taj tandoori is a nice place , it is in the south part of town and it serves indian food .
Reward: 0.9708646535873413

hello , welcome to the restaurant finding system . how may i help you ?
i need another restaurant .
what part of town do you have in mind ?
i want a venue in the moderate price range and in the north of town .
what kind of food would you like ?
i want a venue in the south of town .
what kind of food would you like ?
Reward: 0.9298790097236633

hello , welcome to the restaurant finding system . how may i help you ?
hi , i want to book a table
what part of town do you have in mind ?
i want to make a reservation then .
what part of town do you have in mind ?
i prefer a venue in centre and in the north of town .
what kind of food would you like ?
Reward: 0.9298790097236633

hello , welcome to the restaurant finding system . how may i help you ?
hi , i want to book a table
what part of town do you have in mind ?
i prefer a venue in north .
what kind of food would you like ?
i want a restaurant in north . what is the restaurant in the centre of town .
what kind of food would you like ?
Reward: 0.9298790097236633

hello , welcome to the restaurant finding system . how may i help you ?
i need another restaurant .
what part of town do you have in mind ?
i prefer a venue in north .
what kind of food would you like ?
it doesn ' t matter .
what kind of food would you like ?
Reward: 0.9708934426307678

hello , welcome to the restaurant finding system . how may i help you ?
hi , i ' m thinking of a god . i want to book very 600 ' s fine .
i ' m having trouble understanding what you want . could you please rephrase it ?
i want to know another restaurant . i want to book a table
what part of town do you have in mind ?
i want a venue in the expensive price range and in the north of town .
what kind of food would you like ?
Reward: 0.9708934426307678

hello , welcome to the restaurant finding system . how may i help you ?
i need another restaurant .
what part of town do you have in mind ?
everything is fine . i want a venue in the everglades price range and in the north of town .
what kind of food would you like ?
it doesn ' t matter .
what kind of food would you like ?
Reward: 0.9708934426307678

hello , welcome to the restaurant finding system . how may i help you ?
i need another restaurant .
what part of town do you have in mind ?
i prefer a venue in north .
what kind of food would you like ?
i need a european venue .
i am sorry but there is no place , in the area of north and serving european food .
Reward: 0.9664602279663086

hello , welcome to the restaurant finding system . how may i help you ?
i need another restaurant .
what part of town do you have in mind ?
i prefer a venue in centre .
what kind of food would you like ?
i need a indian venue .
would you like something in the cheap , moderate , or expensive price range ?
Reward: 0.9664602279663086

hello , welcome to the restaurant finding system . how may i help you ?
i need another restaurant .
what part of town do you have in mind ?
i want a venue in any part of town .
what kind of food would you like ?
i need a disappointment
what kind of food would you like ?
Reward: 0.9664602279663086

hello , welcome to the restaurant finding system . how may i help you ?
hi , i want to book a table
what part of town do you have in mind ?
i want a venue in any part of town .
what kind of food would you like ?
i need a indian venue .
would you like something in the cheap , moderate , or expensive price range ?
Reward: 0.8699506521224976

hello , welcome to the restaurant finding system . how may i help you ?
i need another restaurant .
what part of town do you have in mind ?
i prefer a venue in sept .
what part of town do you have in mind ?
i want a venue in any part of town .
what kind of food would you like ?
Reward: 0.8699506521224976

hello , welcome to the restaurant finding system . how may i help you ?
hi , i want to book a table
what part of town do you have in mind ?
i need to find a reservation and i am in the centre of town .
what kind of food would you like ?
i need a chinese venue .
would you like something in the cheap , moderate , or expensive price range ?
Reward: 0.8699506521224976

hello , welcome to the restaurant finding system . how may i help you ?
hi , i want to book a table
what part of town do you have in mind ?
i want a venue in the expensive price range and in the centre of town .
what kind of food would you like ?
i want a venue in the expensive price range is fine .
what kind of food would you like ?
Reward: 0.5349683165550232

hello , welcome to the restaurant finding system . how may i help you ?
i need another restaurant .
what part of town do you have in mind ?
i prefer a venue in north .
what kind of food would you like ?
i prefer a venue in north .
what kind of food would you like ?
Reward: 0.5349683165550232

hello , welcome to the restaurant finding system . how may i help you ?
hi , i want to book a table
what part of town do you have in mind ?
i want a venue in any part of town .
what kind of food would you like ?
i prefer a restaurant in centre .
what kind of food would you like ?
Reward: 0.5349683165550232

hello , welcome to the restaurant finding system . how may i help you ?
i need another restaurant .
what part of town do you have in mind ?
i want a venue in the moderate price range and in the north of town .
what kind of food would you like ?
i want a venue in the south of town .
what kind of food would you like ?
Reward: 0.9664254188537598

hello , welcome to the restaurant finding system . how may i help you ?
i need another restaurant .
what part of town do you have in mind ?
i prefer a venue in centre .
what kind of food would you like ?
i need a resume price range .
what kind of food would you like ?
Reward: 0.9664254188537598

hello , welcome to the restaurant finding system . how may i help you ?
i want a restaurant in the cheap price range .
what part of town do you have in mind ?
i prefer a venue in west .
what kind of food would you like ?
i prefer another show .
what kind of food would you like ?
Reward: 0.9664254188537598

hello , welcome to the restaurant finding system . how may i help you ?
i need another restaurant .
what part of town do you have in mind ?
i prefer a venue in north .
what kind of food would you like ?
i want a venue in south .
what kind of food would you like ?
Reward: 0.9573600888252258

hello , welcome to the restaurant finding system . how may i help you ?
i need another french restaurant .
what part of town do you have in mind ?
i want a venue in the moderate price range and in the centre of town .
i am sorry but there is no place , in the area of centre , in the moderate price range and serving french food .
i need a indian venue .
i am sorry but there is no place , in the area of centre , in the moderate price range and serving indian food .
Reward: 0.9573600888252258

hello , welcome to the restaurant finding system . how may i help you ?
i need another restaurant .
what part of town do you have in mind ?
i want a venue in the west of town .
what kind of food would you like ?
i need a indian venue and i need to find a sound
cocum is a nice place , it serves indian food and it is in the west part of town .
Reward: 0.9573600888252258

hello , welcome to the restaurant finding system . how may i help you ?
i need another restaurant .
what part of town do you have in mind ?
i prefer a venue in north .
what kind of food would you like ?
i want a restaurant any price range and in the north of town .
what kind of food would you like ?
Reward: 0.9651211500167847

hello , welcome to the restaurant finding system . how may i help you ?
i need another restaurant .
what part of town do you have in mind ?
i prefer a venue in north .
what kind of food would you like ?
i need another restaurant .
what kind of food would you like ?
Reward: 0.9651211500167847

hello , welcome to the restaurant finding system . how may i help you ?
i want a restaurant in the expensive price range serving modern european food .
what part of town do you have in mind ?
it doesn ' t matter .
what part of town do you have in mind ?
i prefer a venue in fish . please sights .
what part of town do you have in mind ?
Reward: 0.9651211500167847

hello , welcome to the restaurant finding system . how may i help you ?
hi , i want to book a table
what part of town do you have in mind ?
i prefer a venue in north .
what kind of food would you like ?
i need a indian venue .
would you like something in the cheap , moderate , or expensive price range ?
Reward: 0.9666407704353333

hello , welcome to the restaurant finding system . how may i help you ?
hi , i want to book a table
what part of town do you have in mind ?
i prefer a venue in centre .
what kind of food would you like ?
i need a indian venue .
would you like something in the cheap , moderate , or expensive price range ?
Reward: 0.9666407704353333

hello , welcome to the restaurant finding system . how may i help you ?
i need another restaurant .
what part of town do you have in mind ?
i prefer a venue in north .
what kind of food would you like ?
i need a indian venue .
would you like something in the cheap , moderate , or expensive price range ?
Reward: 0.9666407704353333

hello , welcome to the restaurant finding system . how may i help you ?
i need another restaurant .
what part of town do you have in mind ?
i am no about what the than the restaurant price range ?
what part of town do you have in mind ?
i want a venue in any part of town .
what kind of food would you like ?
Reward: 0.9709091186523438

hello , welcome to the restaurant finding system . how may i help you ?
hi , i want to book a table
what part of town do you have in mind ?
i need a restaurant in centre .
what kind of food would you like ?
i need a chinese venue .
would you like something in the cheap , moderate , or expensive price range ?
Reward: 0.9709091186523438

hello , welcome to the restaurant finding system . how may i help you ?
i need another restaurant .
what part of town do you have in mind ?
i prefer a venue in east .
what kind of food would you like ?
i want a venue in any part of town .
what kind of food would you like ?
Reward: 0.9709091186523438

hello , welcome to the restaurant finding system . how may i help you ?
hi , i want to book a table
what part of town do you have in mind ?
i prefer a venue in north .
what kind of food would you like ?
i prefer a restaurant in the cheap price range and in the north of town .
what kind of food would you like ?
Reward: 0.9666898250579834

hello , welcome to the restaurant finding system . how may i help you ?
hi , i want to book a table
what part of town do you have in mind ?
everything is fine . i need a bouncy network . do you need to find a few months ?
what part of town do you have in mind ?
i prefer a venue price range and in the bum .
what part of town do you have in mind ?
Reward: 0.9666898250579834

hello , welcome to the restaurant finding system . how may i help you ?
hi , i want to book a table
what part of town do you have in mind ?
i prefer a venue in centre .
what kind of food would you like ?
i need a restaurant in east .
what kind of food would you like ?
Reward: 0.9666898250579834

hello , welcome to the restaurant finding system . how may i help you ?
i need another restaurant .
what part of town do you have in mind ?
i need another restaurant .
what part of town do you have in mind ?
it doesn ' t matter .
what part of town do you have in mind ?
Reward: 0.9660500884056091

hello , welcome to the restaurant finding system . how may i help you ?
i need another restaurant .
what part of town do you have in mind ?
i am okay with everything . i want a venue in the expensive price range and in the north of town .
what kind of food would you like ?
i want a venue in the south of town .
what kind of food would you like ?
Reward: 0.9660500884056091

hello , welcome to the restaurant finding system . how may i help you ?
i want a restaurant in the moderate price range and in the north of town .
what kind of food would you like ?
i need a indian venue .
the nirala is a nice place , it serves indian food , it is in the north part of town and it is in the moderate price range .
what is the town ?
the nirala is a nice place , it is in the moderate price range , it serves indian food and it is in the north part of town .
Reward: 0.9660500884056091

hello , welcome to the restaurant finding system . how may i help you ?
i need another restaurant .
what part of town do you have in mind ?
it doesn is obligation to matter .
what part of town do you have in mind ?
i need , alec am , fix .
what part of town do you have in mind ?
Reward: 0.2863694131374359

hello , welcome to the restaurant finding system . how may i help you ?
it doesn ' t matter .
i ' m having trouble understanding what you want . could you please rephrase it ?
i want a mediterranean restaurant . can you check if you
what part of town do you have in mind ?
i prefer a venue in centre .
would you like something in the cheap , moderate , or expensive price range ?
Reward: 0.2863694131374359

hello , welcome to the restaurant finding system . how may i help you ?
hi , i want to book a table
what part of town do you have in mind ?
i prefer a venue in south .
what kind of food would you like ?
i want a venue in any part of town .
what kind of food would you like ?
Reward: 0.2863694131374359

hello , welcome to the restaurant finding system . how may i help you ?
i need another restaurant .
what part of town do you have in mind ?
i want a venue serving mediterranean food and any price range is okay .
la mimosa is a nice place , it serves mediterranean food and it is in the expensive price range .
how about a 100 dollar price range ?
la mimosa is a nice place , it serves mediterranean food and it is in the expensive price range .
Reward: 0.9667248725891113

hello , welcome to the restaurant finding system . how may i help you ?
hi , i want to book a table
what part of town do you have in mind ?
i prefer a venue in south .
what kind of food would you like ?
i need a european venue .
i am sorry but there is no place , in the area of south and serving european food .
Reward: 0.9667248725891113

hello , welcome to the restaurant finding system . how may i help you ?
hi , i want to book a table
what part of town do you have in mind ?
i prefer a venue in south .
what kind of food would you like ?
you sounds like the restaurant in any expensive price range and in the centre of town .
what kind of food would you like ?
Reward: 0.9667248725891113

hello , welcome to the restaurant finding system . how may i help you ?
i need another restaurant .
what part of town do you have in mind ?
it doesn ' t matter .
what part of town do you have in mind ?
i want a venue in the expensive price range and in the north of town .
what kind of food would you like ?
Reward: 0.9043460488319397

hello , welcome to the restaurant finding system . how may i help you ?
i need another restaurant .
what part of town do you have in mind ?
i prefer a venue in north .
what kind of food would you like ?
i need a indian venue .
would you like something in the cheap , moderate , or expensive price range ?
Reward: 0.9043460488319397

hello , welcome to the restaurant finding system . how may i help you ?
hi , i want to book a table
what part of town do you have in mind ?
i prefer a venue in centre .
what kind of food would you like ?
i need a indian venue .
would you like something in the cheap , moderate , or expensive price range ?
Reward: 0.9043460488319397

hello , welcome to the restaurant finding system . how may i help you ?
i need another restaurant .
what part of town do you have in mind ?
it doesn ' t matter .
what part of town do you have in mind ?
i prefer a venue in south and in the centre of town .
what kind of food would you like ?
Reward: 0.8799181580543518

hello , welcome to the restaurant finding system . how may i help you ?
hi , i want to book a table
what part of town do you have in mind ?
i prefer a venue in centre .
what kind of food would you like ?
it doesn ' t matter .
what kind of food would you like ?
Reward: 0.8799181580543518

hello , welcome to the restaurant finding system . how may i help you ?
i need a restaurant in centre .
what kind of food would you like ?
i need a european venue .
would you like something in the cheap , moderate , or expensive price range ?
any price range is okay .
galleria is a nice place , it is in the moderate price range , it serves european food and it is in the centre of town .
Reward: 0.8799181580543518

hello , welcome to the restaurant finding system . how may i help you ?
hi , i want to book a table
what part of town do you have in mind ?
i want a restaurant in the moderate price range and in the centre of town .
what kind of food would you like ?
i need a indian venue .
i am sorry but there is no place , in the area of centre , serving indian food and in the moderate price range .
Reward: 0.9615263342857361

hello , welcome to the restaurant finding system . how may i help you ?
i need another restaurant .
what part of town do you have in mind ?
i prefer a venue in south .
what kind of food would you like ?
i want a venue in any part of town .
what kind of food would you like ?
Reward: 0.9615263342857361

hello , welcome to the restaurant finding system . how may i help you ?
hi , i want to book a table
what part of town do you have in mind ?
i prefer a venue in centre .
what kind of food would you like ?
i need a venue in south .
what kind of food would you like ?
Reward: 0.9615263342857361

hello , welcome to the restaurant finding system . how may i help you ?
hi , i want to book a table
what part of town do you have in mind ?
it doesn ' t matter .
what part of town do you have in mind ?
i prefer a venue in centre .
what kind of food would you like ?
Reward: 0.9695066809654236

hello , welcome to the restaurant finding system . how may i help you ?
hi , i want to book a table
what part of town do you have in mind ?
i 'm in a god price range and in any . please check if i need to matter and any people with a leash
what part of town do you have in mind ?
i want a venue in the area price range and in any part of town .
what kind of food would you like ?
Reward: 0.9695066809654236

hello , welcome to the restaurant finding system . how may i help you ?
hi , i want to book a table
what part of town do you have in mind ?
i want a venue in part of town .
what part of town do you have in mind ?
i prefer a venue in centre .
what kind of food would you like ?
Reward: 0.9695066809654236

hello , welcome to the restaurant finding system . how may i help you ?
hi , i want to book a table
what part of town do you have in mind ?
i prefer a venue in south .
what kind of food would you like ?
i need a mediterranean venue .
i am sorry but there is no place , in the area of south and serving mediterranean food .
Reward: 0.9648978114128113

hello , welcome to the restaurant finding system . how may i help you ?
i want a restaurant in the moderate price range .
what part of town do you have in mind ?
what is the restaurant in the centre of town
what kind of food would you like ?
i need a indian venue . please give me a venue .
i am sorry but there is no place , in the moderate price range , serving indian food and in the area of centre .
Reward: 0.9648978114128113

hello , welcome to the restaurant finding system . how may i help you ?
hi , i want to book a table
what part of town do you have in mind ?
i want a venue in the expensive price range and in the centre of town .
what kind of food would you like ?
i need a indian venue .
curry garden is a nice place , it is in the expensive price range , it serves indian food and it is in the centre of town .
Reward: 0.9648978114128113

hello , welcome to the restaurant finding system . how may i help you ?
hi , i want to book a table
what part of town do you have in mind ?
i prefer a god restaurant . i can stand up a full restaurant .
what part of town do you have in mind ?
it doesn ' t matter .
what part of town do you have in mind ?
Reward: 0.8936797380447388

hello , welcome to the restaurant finding system . how may i help you ?
hi , i want to book a table
what part of town do you have in mind ?
it doesn ' t matter .
what part of town do you have in mind ?
i am okay with everything . i want a venue in the expensive price range serving thai food .
what part of town do you have in mind ?
Reward: 0.8936797380447388

hello , welcome to the restaurant finding system . how may i help you ?
hi , i want to book a table
what part of town do you have in mind ?
i want a venue in the expensive price range and in the south
what kind of food would you like ?
i need a indian venue .
taj tandoori is a nice place , it is in the expensive price range , it serves indian food and it is in the south part of town .
Reward: 0.8936797380447388

hello , welcome to the restaurant finding system . how may i help you ?
i want a restaurant in the expensive price range .
what part of town do you have in mind ?
i prefer a venue in south .
what kind of food would you like ?
it doesn ' t matter .
what kind of food would you like ?
Reward: 0.9666040539741516

hello , welcome to the restaurant finding system . how may i help you ?
hi , i want to book a table
what part of town do you have in mind ?
i prefer a venue in south .
what kind of food would you like ?
i want a venue in any part of town .
what kind of food would you like ?
Reward: 0.9666040539741516

hello , welcome to the restaurant finding system . how may i help you ?
hi , i want to book a table
what part of town do you have in mind ?
i want a restaurant in any part of town .
what kind of food would you like ?
i need a indian venue .
would you like something in the cheap , moderate , or expensive price range ?
Reward: 0.9666040539741516

hello , welcome to the restaurant finding system . how may i help you ?
it doesn 't matter with us . i want to rush . do you need a instruct price range please
i ' m having trouble understanding what you want . could you please rephrase it ?
i prefer a venue in south . please show me to a pool
i ' m having trouble understanding what you want . could you please rephrase it ?
i need some idea soon . do you need another show ?
i ' m having trouble understanding what you want . could you please rephrase it ?
Reward: 0.9651071429252625

hello , welcome to the restaurant finding system . how may i help you ?
i need another restaurant .
what part of town do you have in mind ?
i prefer a venue in north .
what kind of food would you like ?
i want a venue in the expensive price range on on the centre of town .
what kind of food would you like ?
Reward: 0.9651071429252625

hello , welcome to the restaurant finding system . how may i help you ?
hi , i want to book a table
what part of town do you have in mind ?
i prefer a venue in south .
what kind of food would you like ?
i need a chinese venue .
would you like something in the cheap , moderate , or expensive price range ?
Reward: 0.9651071429252625

hello , welcome to the restaurant finding system . how may i help you ?
i need another restaurant .
what part of town do you have in mind ?
i prefer a venue in north .
what kind of food would you like ?
it doesn ' t matter .
what kind of food would you like ?
Reward: 0.6426092982292175

hello , welcome to the restaurant finding system . how may i help you ?
hi , i want to book a table
what part of town do you have in mind ?
i prefer a venue in south .
what kind of food would you like ?
i want a venue in south .
what kind of food would you like ?
Reward: 0.6426092982292175

hello , welcome to the restaurant finding system . how may i help you ?
i need another restaurant .
what part of town do you have in mind ?
i prefer a venue in north . any price range and in the north of town .
what kind of food would you like ?
it doesn ' t matter .
what kind of food would you like ?
Reward: 0.6426092982292175

hello , welcome to the restaurant finding system . how may i help you ?
hi , i want to book a table
what part of town do you have in mind ?
i need to follow a table for expensive .
what part of town do you have in mind ?
i want a venue in west .
what kind of food would you like ?
Reward: 0.96027010679245

hello , welcome to the restaurant finding system . how may i help you ?
i need another restaurant .
what part of town do you have in mind ?
i prefer a venue in centre .
what kind of food would you like ?
i need a indian venue .
would you like something in the cheap , moderate , or expensive price range ?
Reward: 0.96027010679245

hello , welcome to the restaurant finding system . how may i help you ?
i need another restaurant .
what part of town do you have in mind ?
i prefer a venue in north .
what kind of food would you like ?
i need a chinese venue .
would you like something in the cheap , moderate , or expensive price range ?
Reward: 0.96027010679245

hello , welcome to the restaurant finding system . how may i help you ?
i need another restaurant .
what part of town do you have in mind ?
i prefer a venue in south .
what kind of food would you like ?
i need a chinese venue .
would you like something in the cheap , moderate , or expensive price range ?
Reward: 0.9001257419586182

