hello , welcome to the restaurant finding system . how may i help you ?
hi , i want to book a table
what part of town do you have in mind ?
i want a venue in the expensive price range and in the centre of town .
what kind of food would you like ?
i need a indian venue .
curry garden is a nice place , it serves indian food , it is in the centre of town and it is in the expensive price range .
thanks for your help , goodbye .
thank you , goodbye .
Reward: 0.9769967198371887

hello , welcome to the restaurant finding system . how may i help you ?
i need another restaurant .
what part of town do you have in mind ?
it doesn ' t matter .
what part of town do you have in mind ?
i am okay with everything . i want a venue .
what part of town do you have in mind ?
i prefer a venue in south .
what kind of food would you like ?
i want a venue in the expensive price range and in the centre of town .
what kind of food would you like ?
Reward: 0.9697317481040955

hello , welcome to the restaurant finding system . how may i help you ?
i need another restaurant .
what part of town do you have in mind ?
i prefer a venue in north .
what kind of food would you like ?
i need a chinese venue .
would you like something in the cheap , moderate , or expensive price range ?
i prefer a venue in the expensive price range .
hakka is a nice place , it is in the expensive price range , it is in the north part of town and it serves chinese food .
wait , i am not looking for this . please show me another one .
the hotpot is a nice place , it serves chinese food , it is in the expensive price range and it is in the north part of town .
Reward: 0.9763572216033936

hello , welcome to the restaurant finding system . how may i help you ?
hi , i want to book a table
what part of town do you have in mind ?
i prefer a venue in centre .
what kind of food would you like ?
i need a turkish meeting .
would you like something in the cheap , moderate , or expensive price range ?
i want a venue in the expensive price range .
meze bar restaurant is a nice place , it is in the centre of town , it serves turkish food and it is in the expensive price range .
thank you .
thank you , goodbye .
Reward: 0.9782204627990723

hello , welcome to the restaurant finding system . how may i help you ?
i need another restaurant .
what part of town do you have in mind ?
it doesn isn ' t matter .
what part of town do you have in mind ?
i prefer a venue in north .
what kind of food would you like ?
i want a venue in the expensive price range and in the north of town .
what kind of food would you like ?
i want a venue in the expensive price range .
what kind of food would you like ?
Reward: 0.9697156548500061

hello , welcome to the restaurant finding system . how may i help you ?
hi , i want to book a table
what part of town do you have in mind ?
i prefer a restaurant in centre .
what kind of food would you like ?
i need a chinese venue .
would you like something in the cheap , moderate , or expensive price range ?
i want a venue in the expensive price range .
hk fusion is a nice place , it serves chinese food , it is in the expensive price range and it is in the centre of town .
thanks for your help , goodbye .
thank you , goodbye .
Reward: 0.9771632552146912

hello , welcome to the restaurant finding system . how may i help you ?
i need another restaurant .
what part of town do you have in mind ?
i want a venue in the expensive price range and in the centre of town .
what kind of food would you like ?
i need a indian venue .
curry garden is a nice place , it is in the expensive price range , it is in the centre of town and it serves indian food .
great , thanks . anything else ?
thank you , goodbye .
Reward: 0.9645529389381409

hello , welcome to the restaurant finding system . how may i help you ?
hi , i want to book a table
what part of town do you have in mind ?
i want a venue in the expensive price range and in the centre of town .
what kind of food would you like ?
i need a indian venue .
curry garden is a nice place , it is in the expensive price range , it is in the centre of town and it serves indian food .
what is the address ?
curry garden is a nice place their address is 106 regent street city centre .
thanks for your help . goodbye .
thank you , goodbye .
Reward: 0.9767225384712219

hello , welcome to the restaurant finding system . how may i help you ?
hi , i want to book a table
what part of town do you have in mind ?
i want a venue in the expensive price range and in the centre of town .
what kind of food would you like ?
i have a indian venue .
curry garden is a nice place , it serves indian food , it is in the centre of town and it is in the expensive price range .
if i want a venue in the expensive price range in the north of town .
tandoori palace is a nice place , it is in the north part of town , it is in the expensive price range and it serves indian food .
i am not looking for this . please show me another one .
i am sorry but there is no place other than tandoori palace in the area of north , serving indian food and in the expensive price range .
Reward: 0.9783356785774231

hello , welcome to the restaurant finding system . how may i help you ?
i need another restaurant .
what part of town do you have in mind ?
i prefer a venue in north .
what kind of food would you like ?
i want a venue in the moderate price range and in the north of town .
what kind of food would you like ?
it doesn ' t matter .
what kind of food would you like ?
i want a venue in the moderate price range serving turkish food .
i am sorry but there is no place , serving turkish food , in the moderate price range and in the area of north .
Reward: 0.9723318815231323

hello , welcome to the restaurant finding system . how may i help you ?
hi , i want to book a table
what part of town do you have in mind ?
i want a venue in any part of town .
what kind of food would you like ?
i want a restaurant in the cheap price range and in the centre of town .
what kind of food would you like ?
i need a venue in the one of town . please show me another price range .
what kind of food would you like ?
i prefer a venue in the expensive price range is fine . i want a venue in any part of town .
what kind of food would you like ?
Reward: 0.9697215557098389

hello , welcome to the restaurant finding system . how may i help you ?
hi , i want to book a table
what part of town do you have in mind ?
i prefer a venue in north .
what kind of food would you like ?
i need a mediterranean venue .
i am sorry but there is no place , serving mediterranean food and in the area of north .
oh , yes , i am not looking for this . any range of ?
i am sorry but there is no place , in the area of north and serving mediterranean food .
do i need to find a venue in the feet of me, , how about a ?
i am sorry but there is no place , in the area of north and serving mediterranean food .
Reward: 0.8730121850967407

hello , welcome to the restaurant finding system . how may i help you ?
i need another restaurant .
what part of town do you have in mind ?
i prefer a venue in north !
what kind of food would you like ?
i want a venue in the moderate price range and in the north of town .
what kind of food would you like ?
it doesn ' t matter . what is the address ?
what kind of food would you like ?
i prefer a venue in south .
what kind of food would you like ?
Reward: 0.9697220325469971

hello , welcome to the restaurant finding system . how may i help you ?
i need another restaurant .
what part of town do you have in mind ?
i prefer a venue in west .
what kind of food would you like ?
i prefer a venue in south .
what kind of food would you like ?
everything is fine . any price range is okay .
what kind of food would you like ?
i want a venue in west .
what kind of food would you like ?
Reward: 0.9694207906723022

hello , welcome to the restaurant finding system . how may i help you ?
i want a restaurant in any price range and in the centre of town .
what kind of food would you like ?
i want a venue in the expensive price range serving indian food .
curry garden is a nice place , it is in the expensive price range , it serves indian food and it is in the centre of town .
what is the phone number is ?
curry garden is a nice place their phone number is 0 1223 302330 .
thanks for your help , goodbye .
thank you , goodbye .
Reward: 0.8991401791572571

hello , welcome to the restaurant finding system . how may i help you ?
i need another restaurant .
what part of town do you have in mind ?
i want a venue in the expensive price range is unfortunately .
what part of town do you have in mind ?
i prefer a venue serving mediterranean food and any price range is okay .
la mimosa is a nice place , it serves mediterranean food and it is in the expensive price range .
no , i am not looking for . thanks for your help , goodbye .
thank you , goodbye .
Reward: 0.974309504032135

hello , welcome to the restaurant finding system . how may i help you ?
hi , i want to book a table
what part of town do you have in mind ?
i prefer a venue in centre .
what kind of food would you like ?
it doesn ' t matter .
what kind of food would you like ?
i want a venue in the expensive price range serving indian food .
curry garden is a nice place , it is in the centre of town , it serves indian food and it is in the expensive price range .
and what is the phone number of the restaurant ?
curry garden is a nice place their phone number is 0 1223 302330 .
Reward: 0.9743356108665466

hello , welcome to the restaurant finding system . how may i help you ?
i need another restaurant .
what part of town do you have in mind ?
i suppose i need a venue in north .
what kind of food would you like ?
i want a venue in the expensive price range serving indian food .
tandoori palace is a nice place , it is in the north part of town , it is in the expensive price range and it serves indian food .
what is the phone number of the restaurant ?
tandoori palace is a nice place their phone number is 0 1223 506055 .
what is the phone number of the restaurant ?
tandoori palace is a nice place , it serves indian food , it is in the expensive price range and it is in the north part of town .
Reward: 0.9762367606163025

hello , welcome to the restaurant finding system . how may i help you ?
hi , i want to book a table
what part of town do you have in mind ?
i want a venue in the expensive price range serving thai restaurant .
what part of town do you have in mind ?
i want a restaurant in the expensive price range and in the west of town .
sala thong is a nice place , it is in the expensive price range , it is in the west part of town and it serves thai food .
thank you very much . do i need a european venue .
cambridge lodge restaurant is a nice place , it is in the west part of town , it is in the expensive price range and it serves european food .
how about the address ?
cambridge lodge restaurant is a nice place their address is cambridge lodge hotel 139 huntingdon road city centre .
Reward: 0.9763937592506409

hello , welcome to the restaurant finding system . how may i help you ?
hi , i want to book a table
what part of town do you have in mind ?
it doesn ' t matter .
what part of town do you have in mind ?
i prefer a venue in west .
what kind of food would you like ?
it doesn ' t matter .
what kind of food would you like ?
i want a venue in any part of town .
what kind of food would you like ?
Reward: 0.9697142243385315

hello , welcome to the restaurant finding system . how may i help you ?
i need another restaurant .
what part of town do you have in mind ?
i want a venue in the cheap price range today and in the centre of town .
what kind of food would you like ?
i need a indian venue .
the gandhi is a nice place , it is in the cheap price range , it is in the centre of town and it serves indian food .
thanks for your help , goodbye .
thank you , goodbye .
Reward: 0.9769749045372009

hello , welcome to the restaurant finding system . how may i help you ?
hi , i want to book a table
what part of town do you have in mind ?
i prefer a venue in centre .
what kind of food would you like ?
i need a turkish venue .
would you like something in the cheap , moderate , or expensive price range ?
i want a venue in the expensive price range .
meze bar restaurant is a nice place , it is in the centre of town , it is in the expensive price range and it serves turkish food .
thanks for your help , goodbye .
thank you , goodbye .
Reward: 0.977169930934906

hello , welcome to the restaurant finding system . how may i help you ?
i need another restaurant .
what part of town do you have in mind ?
i prefer a venue in south .
what kind of food would you like ?
i need another restaurant .
what kind of food would you like ?
i need a european venue and i want a venue serving spanish food .
i am sorry but there is no place , in the area of south and serving european food .
oh i am not looking for this . please show me another one .
i am sorry but there is no place , in the area of south and serving european food .
Reward: 0.8993577361106873

hello , welcome to the restaurant finding system . how may i help you ?
i need another restaurant .
what part of town do you have in mind ?
i want a venue in the expensive price range and in the north of town .
what kind of food would you like ?
i want a venue in the expensive price range serving asian oriental restaurant .
saigon city is a nice place , it is in the expensive price range , it serves asian oriental food and it is in the north part of town .
thanks for your help , goodbye .
thank you , goodbye .
Reward: 0.9769747853279114

hello , welcome to the restaurant finding system . how may i help you ?
hi , i want to book a table
what part of town do you have in mind ?
i want a venue in any part of town .
what kind of food would you like ?
i want a venue in the expensive price range serving cuisin
what kind of food would you like ?
i want a venue in the moderate price range serving modern european food
galleria is a nice place , it is in the moderate price range , it is in the centre of town and it serves european food .
awesome thanks
thank you , goodbye .
Reward: 0.9763571619987488

hello , welcome to the restaurant finding system . how may i help you ?
hi , i want to book a table
what part of town do you have in mind ?
i want a venue in the expensive price range and in the north of town .
what kind of food would you like ?
i need a indian venue .
tandoori palace is a nice place , it is in the expensive price range , it is in the north part of town and it serves indian food .
what is the address ?
tandoori palace is a nice place their address is 68 histon road chesterton .
thanks for your help , goodbye !
thank you , goodbye .
Reward: 0.9782009124755859

hello , welcome to the restaurant finding system . how may i help you ?
hi , i want to book a table
what part of town do you have in mind ?
i prefer a venue in centre .
what kind of food would you like ?
it doesn ' t matter .
what kind of food would you like ?
i need a chinese venue .
would you like something in the cheap , moderate , or expensive price range ?
it doesn ' t matter .
would you like something in the cheap , moderate , or expensive price range ?
Reward: 0.9721019864082336

hello , welcome to the restaurant finding system . how may i help you ?
hi , i want to book a table
what part of town do you have in mind ?
i want a restaurant in the expensive price range and in any part of town .
what kind of food would you like ?
everything is fine . i want a venue in the expensive price range serving modern european food .
michaelhouse cafe is a nice place , it serves european food , it is in the centre of town and it is in the expensive price range .
wait , i want something else . i am thinking of a kind of else .
eraina is a nice place , it is in the centre of town , it serves european food and it is in the expensive price range .
thanks for your help , goodbye .
thank you , goodbye .
Reward: 0.9772005677223206

hello , welcome to the restaurant finding system . how may i help you ?
hi , i want to book a table
what part of town do you have in mind ?
i prefer a venue in north .
what kind of food would you like ?
i want a venue in the moderate price range serving turkish food .
i am sorry but there is no place , serving turkish food , in the moderate price range and in the area of north .
wait what is the address ?
i am sorry but there is no place , in the moderate price range , serving turkish food and in the area of north .
no , i am happening with a venue in the south of town .
i am sorry but there is no place , serving turkish food , in the moderate price range and in the area of south .
Reward: 0.9219561815261841

hello , welcome to the restaurant finding system . how may i help you ?
hi , i want to book a table
what part of town do you have in mind ?
i need a turkish restaurant .
what part of town do you have in mind ?
i prefer a venue in centre .
would you like something in the cheap , moderate , or expensive price range ?
i want a venue in the south of town .
i am sorry but there is no place , in the area of south and serving turkish food .
wait , i want a venue in the moderate price range .
i am sorry but there is no place , in the area of south , in the moderate price range and serving turkish food .
Reward: 0.7271440625190735

hello , welcome to the restaurant finding system . how may i help you ?
i need another restaurant .
what part of town do you have in mind ?
i prefer a venue in north .
what kind of food would you like ?
i need a indian venue .
would you like something in the cheap , moderate , or expensive price range ?
i want a venue in the expensive price range .
tandoori palace is a nice place , it is in the north part of town , it is in the expensive price range and it serves indian food .
no , i am not looking for this . please show me another one .
i am sorry but there is no place other than tandoori palace in the area of north , serving indian food and in the expensive price range .
Reward: 0.9782567024230957

hello , welcome to the restaurant finding system . how may i help you ?
i need another restaurant .
what part of town do you have in mind ?
i want a venue in the expensive price range and in the centre of town .
what kind of food would you like ?
any price range and in the centre of town .
what kind of food would you like ?
i need a indian venue .
the gandhi is a nice place , it serves indian food , it is in the centre of town and it is in the cheap price range .
thanks for your help , goodbye .
thank you , goodbye .
Reward: 0.9737681150436401

hello , welcome to the restaurant finding system . how may i help you ?
hi , i want to book a table
what part of town do you have in mind ?
i prefer a venue in north .
what kind of food would you like ?
i need a indian venue .
would you like something in the cheap , moderate , or expensive price range ?
i want a venue in the expensive price range .
tandoori palace is a nice place , it is in the expensive price range , it is in the north part of town and it serves indian food .
what is the address ?
tandoori palace is a nice place their address is 68 histon road chesterton .
Reward: 0.9782044291496277

hello , welcome to the restaurant finding system . how may i help you ?
hi , i want to book a table
what part of town do you have in mind ?
i want a venue in the expensive price range and in the north of town .
what kind of food would you like ?
i want a venue in the south of town .
what kind of food would you like ?
i want a venue in the north of town . do you need a spot in the centre of your system range .
what kind of food would you like ?
i want a venue in the expensive price range is okay . i want a venue in the morning .
what kind of food would you like ?
Reward: 0.9697534441947937

hello , welcome to the restaurant finding system . how may i help you ?
i need another restaurant .
what part of town do you have in mind ?
i want to have a venue in south .
what kind of food would you like ?
i want a venue in the moderate price range .
what kind of food would you like ?
i want a venue in the expensive price range serving asian oriental food .
i am sorry but there is no place , in the area of south , serving asian oriental food and in the expensive price range .
thanks for your help , goodbye .
thank you , goodbye .
Reward: 0.9749786853790283

hello , welcome to the restaurant finding system . how may i help you ?
hi , i want to book a table
what part of town do you have in mind ?
i want a restaurant in the expensive price range and in the centre of town .
what kind of food would you like ?
i need a indian venue .
curry garden is a nice place , it is in the centre of town , it serves indian food and it is in the expensive price range .
thanks for your help , goodbye !
thank you , goodbye .
Reward: 0.9768924117088318

hello , welcome to the restaurant finding system . how may i help you ?
hi , i want to book a table
what part of town do you have in mind ?
i prefer a venue in centre .
what kind of food would you like ?
i need a chinese venue .
would you like something in the cheap , moderate , or expensive price range ?
i want a venue in the avenue pm price range .
would you like something in the cheap , moderate , or expensive price range ?
i want a venue in the expensive price range .
hk fusion is a nice place , it is in the centre of town , it is in the expensive price range and it serves chinese food .
Reward: 0.9737789034843445

hello , welcome to the restaurant finding system . how may i help you ?
hi , i want to book a table
what part of town do you have in mind ?
i prefer a venue in south .
what kind of food would you like ?
i want a venue in the expensive price range .
what kind of food would you like ?
i need a chinese venue .
the good luck chinese food takeaway is a nice place , it serves chinese food , it is in the expensive price range and it is in the south part of town .
thanks for your help , goodbye .
thank you , goodbye .
Reward: 0.9750059843063354

hello , welcome to the restaurant finding system . how may i help you ?
i need another restaurant .
what part of town do you have in mind ?
i prefer a venue near the cheap price range and in the centre of town .
what kind of food would you like ?
i need a international venue .
i am sorry but there is no place , serving international food , in the area of centre and in the cheap price range .
thanks for your help , goodbye .
thank you , goodbye .
Reward: 0.9534901976585388

hello , welcome to the restaurant finding system . how may i help you ?
i want a restaurant in the moderate price range and in the west of town .
what kind of food would you like ?
i need a chinese venue .
i am sorry but there is no place , in the moderate price range , in the area of west and serving chinese food .
wait , i want a venue in the first class .
i am sorry but there is no place , serving chinese food , in the moderate price range and in the area of west .
okay , i am not looking for this . and any part of town .
golden wok is a nice place , it serves chinese food , it is in the moderate price range and it is in the north part of town .
what is the address ?
golden wok is a nice place their address is 191 histon road chesterton .
Reward: 0.9175893664360046

hello , welcome to the restaurant finding system . how may i help you ?
hi , i want to book a table
what part of town do you have in mind ?
i prefer a venue in centre .
what kind of food would you like ?
i need a indian venue .
would you like something in the cheap , moderate , or expensive price range ?
i want a venue in the expensive price range .
curry garden is a nice place , it serves indian food , it is in the expensive price range and it is in the centre of town .
thanks for your help , goodbye .
thank you , goodbye .
Reward: 0.9771519303321838

hello , welcome to the restaurant finding system . how may i help you ?
i need another restaurant .
what part of town do you have in mind ?
i am okay with everything . i want a venue . i need a venue serving extra food .
what part of town do you have in mind ?
i need something else .
the lucky star is nice
you too for your me advice . i want something else . i want something else .
cotto is nice
thanks for your help , goodbye for .
thank you , goodbye .
Reward: 0.9564334154129028

hello , welcome to the restaurant finding system . how may i help you ?
hi , i want to book a table
what part of town do you have in mind ?
i prefer a venue in south .
what kind of food would you like ?
i need a chinese venue .
would you like something in the cheap , moderate , or expensive price range ?
i want a venue in the expensive price range .
the good luck chinese food takeaway is a nice place , it is in the expensive price range , it serves chinese food and it is in the south part of town .
what is the address ?
the good luck chinese food takeaway is a nice place their address is 82 cherry hinton road cherry hinton .
Reward: 0.9768106937408447

hello , welcome to the restaurant finding system . how may i help you ?
hi , i want to book a table
what part of town do you have in mind ?
i want a venue in the expensive price range and in the centre of town .
what kind of food would you like ?
it doesn ' t matter .
what kind of food would you like ?
i need a indian venue .
curry garden is a nice place , it is in the expensive price range , it is in the centre of town and it serves indian food .
thanks for your help , goodbye .
thank you , goodbye .
Reward: 0.9750279784202576

hello , welcome to the restaurant finding system . how may i help you ?
hi , i want to book a table
what part of town do you have in mind ?
i prefer a trip in the expensive price range and in the centre of town .
what kind of food would you like ?
i need a indian venue .
curry garden is a nice place , it is in the expensive price range , it is in the centre of town and it serves indian food .
thank you . please show me another one .
thank you , goodbye .
Reward: 0.9765105247497559

hello , welcome to the restaurant finding system . how may i help you ?
i want a restaurant in the cheap price range and in the centre of town .
what kind of food would you like ?
i need a indian venue .
the gandhi is a nice place , it is in the cheap price range , it serves indian food and it is in the centre of town .
thanks for your help .
thank you , goodbye .
Reward: 0.7427670955657959

hello , welcome to the restaurant finding system . how may i help you ?
i need another restaurant .
what part of town do you have in mind ?
i prefer a venue in north .
what kind of food would you like ?
i want a venue in the moderate price range serving moderate price range .
what kind of food would you like ?
i need a british venue .
i am sorry but there is no place , serving british food , in the area of north and in the moderate price range .
wait , i want something else . i want an european restaurant .
i am sorry but there is no place , in the area of north , in the moderate price range and serving european food .
Reward: 0.9739633202552795

hello , welcome to the restaurant finding system . how may i help you ?
i need another restaurant .
what part of town do you have in mind ?
i prefer a venue in north .
what kind of food would you like ?
i need a international thing .
i am sorry but there is no place , in the area of north and serving international food .
thanks for your help , goodbye .
thank you , goodbye .
Reward: 0.907019317150116

hello , welcome to the restaurant finding system . how may i help you ?
hi , i want to book a table
what part of town do you have in mind ?
i prefer a venue in south .
what kind of food would you like ?
i need a indian venue .
taj tandoori is a nice place , it serves indian food and it is in the south part of town .
what is the address ?
taj tandoori is a nice place their address is 64 cherry hinton road cherry hinton .
no , i am not looking in the way . please remove my phone , and much .
taj tandoori is a nice place , it serves indian food and it is in the south part of town .
Reward: 0.9749104380607605

hello , welcome to the restaurant finding system . how may i help you ?
i need a restaurant in centre .
what kind of food would you like ?
i need a european venue .
would you like something in the cheap , moderate , or expensive price range ?
i prefer a venue in the expensive price range .
michaelhouse cafe is a nice place , it is in the centre of town , it is in the expensive price range and it serves european food .
what is the address ?
michaelhouse cafe is a nice place their address is st . michael ' s church trinity street city centre .
alright , thanks for your help , goodbye .
thank you , goodbye .
Reward: 0.9149997234344482

hello , welcome to the restaurant finding system . how may i help you ?
hi , i want to book a table
what part of town do you have in mind ?
i want a venue in the expensive price range and in the north of town .
what kind of food would you like ?
i want a venue in the area price range and in the south of town .
what kind of food would you like ?
i need a british venue .
i am sorry but there is no place , in the area of south , serving british food and in the expensive price range .
what is the address ?
i am sorry but there is no place , serving british food , in the area of south and in the expensive price range .
Reward: 0.975507915019989

hello , welcome to the restaurant finding system . how may i help you ?
i need another restaurant .
what part of town do you have in mind ?
i prefer a venue in south .
what kind of food would you like ?
it doesn ' t matter .
what kind of food would you like ?
i need a chinese venue .
would you like something in the cheap , moderate , or expensive price range ?
i want a venue in the expensive price range .
the good luck chinese food takeaway is a nice place , it is in the south part of town , it is in the expensive price range and it serves chinese food .
Reward: 0.9733819961547852

hello , welcome to the restaurant finding system . how may i help you ?
i need another restaurant .
what part of town do you have in mind ?
i want a venue serving spanish food and any price range is ok .
la tasca is a nice place , it is in the moderate price range and it serves spanish food .
i want a venue in any part of town .
la tasca is a nice place , it is in the centre of town , it serves spanish food and it is in the moderate price range .
what is the phone number of the restaurant ?
la tasca is a nice place their phone number is 0 1223 464630 .
thanks for your help , goodbye .
thank you , goodbye .
Reward: 0.9774781465530396

hello , welcome to the restaurant finding system . how may i help you ?
hi , i want to book a table
what part of town do you have in mind ?
i prefer a venue in south .
what kind of food would you like ?
i want a restaurant in any part of town .
what kind of food would you like ?
i want a venue in the cheap price range and in the north of town . can you a few months ?
what kind of food would you like ?
i want a venue in the area price range and in the north of town . what is the address ?
what kind of food would you like ?
Reward: 0.9696915745735168

hello , welcome to the restaurant finding system . how may i help you ?
i need a restaurant in centre .
what kind of food would you like ?
i need a indian venue .
would you like something in the cheap , moderate , or expensive price range ?
any price range is okay .
the gandhi is a nice place , it serves indian food , it is in the cheap price range and it is in the centre of town .
thanks for your help , goodbye .
thank you , goodbye .
Reward: 0.8990733027458191

hello , welcome to the restaurant finding system . how may i help you ?
i need another restaurant .
what part of town do you have in mind ?
it doesn ' t matter .
what part of town do you have in mind ?
i prefer a venue in east .
what kind of food would you like ?
i want a venue serving spanish food and any part of town .
would you like something in the cheap , moderate , or expensive price range ?
i want something else . i want a venue serving asian ai .
saigon city is a nice place , it is in the north part of town and it serves asian oriental food .
Reward: 0.9745920896530151

hello , welcome to the restaurant finding system . how may i help you ?
hi , i want to book a table
what part of town do you have in mind ?
it doesn ' t matter .
what part of town do you have in mind ?
i prefer a venue in centre .
what kind of food would you like ?
i want a venue in the morning and what is your restaurant .
what kind of food would you like ?
i need a mediterranean venue .
would you like something in the cheap , moderate , or expensive price range ?
Reward: 0.972110390663147

hello , welcome to the restaurant finding system . how may i help you ?
i need another restaurant .
what part of town do you have in mind ?
i prefer a venue in south .
what kind of food would you like ?
i need a chinese venue .
would you like something in the cheap , moderate , or expensive price range ?
i prefer a venue in south .
would you like something in the cheap , moderate , or expensive price range ?
i want a venue in the expensive price range .
the good luck chinese food takeaway is a nice place , it serves chinese food , it is in the expensive price range and it is in the south part of town .
Reward: 0.9734614491462708

hello , welcome to the restaurant finding system . how may i help you ?
i need another restaurant .
what part of town do you have in mind ?
it doesn ' t matter .
what part of town do you have in mind ?
i want a venue in the expensive price range and in the centre of town .
what kind of food would you like ?
if i need a indian venue .
curry garden is a nice place , it is in the expensive price range , it serves indian food and it is in the centre of town .
what is the only one of the restaurant ?
curry garden is a nice place , it is in the centre of town , it serves indian food and it is in the expensive price range .
Reward: 0.9737607836723328

hello , welcome to the restaurant finding system . how may i help you ?
i need another restaurant .
what part of town do you have in mind ?
everything is fine . i need a european venue .
what part of town do you have in mind ?
i prefer a venue in centre .
would you like something in the cheap , moderate , or expensive price range ?
i prefer a venue in the moderate price range .
galleria is a nice place , it is in the centre of town , it serves european food and it is in the moderate price range .
thanks for your help , goodbye .
thank you , goodbye .
Reward: 0.9721119403839111

hello , welcome to the restaurant finding system . how may i help you ?
hi , i want to book a table
what part of town do you have in mind ?
everything is fine . i need a portuguese venue .
what part of town do you have in mind ?
it doesn ' t matter .
what part of town do you have in mind ?
i am not looking for .
what part of town do you have in mind ?
i prefer a venue in north .
i am sorry but there is no place , serving portuguese food and in the area of north .
Reward: 0.8904719948768616

hello , welcome to the restaurant finding system . how may i help you ?
hi , i want to book a table
what part of town do you have in mind ?
it doesn ' t matter .
what part of town do you have in mind ?
i prefer a venue in centre .
what kind of food would you like ?
is it in the expensive price range in the centre of .
what kind of food would you like ?
i need a indian venue .
curry garden is a nice place , it is in the centre of town , it is in the expensive price range and it serves indian food .
Reward: 0.9717922806739807

hello , welcome to the restaurant finding system . how may i help you ?
hi , i want to book a table
what part of town do you have in mind ?
i prefer a venue in centre .
what kind of food would you like ?
i want a venue in the moderate price range .
what kind of food would you like ?
i want a venue in the moderate price range serving chinese food .
shanghai family restaurant is a nice place , it is in the moderate price range , it serves chinese food and it is in the centre of town .
thanks for your help , goodbye .
thank you , goodbye .
Reward: 0.975025475025177

hello , welcome to the restaurant finding system . how may i help you ?
hi , i want to book a table
what part of town do you have in mind ?
i prefer a venue serving modern european month
what part of town do you have in mind ?
everything is fine . i want a venue in the expensive price range ,
what part of town do you have in mind ?
i want a venue in the expensive price range
what part of town do you have in mind ?
i want a venue in south .
i am sorry but there is no place , in the area of south , serving european food and in the expensive price range .
Reward: 0.967526376247406

hello , welcome to the restaurant finding system . how may i help you ?
hi , i want to book a table
what part of town do you have in mind ?
i want a venue in the expensive price range and in the centre of town .
what kind of food would you like ?
any price range and in any price range is okay .
what kind of food would you like ?
the 82 of lots of 16. and how about of town . i want a venue in the expensive price range .
what kind of food would you like ?
we go with a venue in centre .
what kind of food would you like ?
Reward: 0.9464627504348755

hello , welcome to the restaurant finding system . how may i help you ?
hi , i want to book a table
what part of town do you have in mind ?
i prefer a venue in centre .
what kind of food would you like ?
i need a chinese venue .
would you like something in the cheap , moderate , or expensive price range ?
i want a venue in the expensive price range .
hk fusion is a nice place , it is in the centre of town , it serves chinese food and it is in the expensive price range .
what is the address ?
hk fusion is a nice place their address is 21 burleigh street city centre .
Reward: 0.9766224026679993

hello , welcome to the restaurant finding system . how may i help you ?
i need another restaurant .
what part of town do you have in mind ?
i want a venue in any part of town .
what kind of food would you like ?
i want a venue in the expensive price range serving modern european centre .
michaelhouse cafe is a nice place , it serves european food , it is in the centre of town and it is in the expensive price range .
what is the phone number of the restaurant ?
michaelhouse cafe is a nice place their phone number is 0 1223 309147 .
what is the address ?
michaelhouse cafe is a nice place , it is in the centre of town , it serves european food and it is in the expensive price range .
Reward: 0.9745103120803833

hello , welcome to the restaurant finding system . how may i help you ?
hi , i want to book a table
what part of town do you have in mind ?
i want a venue in the expensive price range and in the north of town .
what kind of food would you like ?
i want a venue in the expensive price range serving turkish food .
i am sorry but there is no place , in the expensive price range , serving turkish food and in the area of north .
what is the address ?
i am sorry but there is no place , serving turkish food , in the area of north and in the expensive price range .
thanks ! no , i am not looking for this .
thank you , goodbye .
Reward: 0.9088269472122192

hello , welcome to the restaurant finding system . how may i help you ?
hi , i want to book a table
what part of town do you have in mind ?
it doesn ' t matter .
what part of town do you have in mind ?
i want a restaurant in the cheap price range and west
what kind of food would you like ?
i want a venue in the expensive price range serving turkish food
i am sorry but there is no place , in the area of west , serving turkish food and in the expensive price range .
what is all price range is ?
i am sorry but there is no place , in the area of west , in the expensive price range and serving turkish food .
Reward: 0.9727603197097778

hello , welcome to the restaurant finding system . how may i help you ?
hi , i want to book a table
what part of town do you have in mind ?
i prefer a venue in centre .
what kind of food would you like ?
i want a venue in any part of town .
what kind of food would you like ?
i need a indian venue .
would you like something in the cheap , moderate , or expensive price range ?
i want a venue in the expensive price range .
tandoori palace is a nice place , it is in the north part of town , it serves indian food and it is in the expensive price range .
Reward: 0.9743937849998474

hello , welcome to the restaurant finding system . how may i help you ?
i want a restaurant in the moderate price range and in the west of town .
what kind of food would you like ?
i want a venue in the expensive price range .
what kind of food would you like ?
i want a venue in any part of town .
what kind of food would you like ?
i need a indian venue .
tandoori palace is a nice place , it is in the expensive price range , it serves indian food and it is in the north part of town .
what is the phone number of the restaurant ?
tandoori palace is a nice place their phone number is 0 1223 506055 .
Reward: 0.9019332528114319

hello , welcome to the restaurant finding system . how may i help you ?
hi , i want to book a table
what part of town do you have in mind ?
i prefer a venue in west .
what kind of food would you like ?
i prefer a venue in west .
what kind of food would you like ?
i prefer speed italian .
would you like something in the cheap , moderate , or expensive price range ?
it doesn ' t matter .
would you like something in the cheap , moderate , or expensive price range ?
Reward: 0.9720959663391113

hello , welcome to the restaurant finding system . how may i help you ?
i need another restaurant .
what part of town do you have in mind ?
i prefer a venue in north .
what kind of food would you like ?
i need a chinese venue .
would you like something in the cheap , moderate , or expensive price range ?
i want a venue in the expensive price range .
hakka is a nice place , it is in the north part of town , it serves chinese food and it is in the expensive price range .
okay , i want to use a venue . i want a venue in the long price range .
hakka is a nice place , it is in the north part of town , it is in the expensive price range and it serves chinese food .
Reward: 0.9767409563064575

hello , welcome to the restaurant finding system . how may i help you ?
hi , i want to book a table
what part of town do you have in mind ?
i want a venue in the expensive price range and in the centre of town .
what kind of food would you like ?
i need a indian venue .
curry garden is a nice place , it is in the expensive price range , it serves indian food and it is in the centre of town .
what is the phone number of any part venue ?
curry garden is a nice place their phone number is 0 1223 302330 .
i am not looking for this . please show me another one .
the golden curry is a nice place , it serves indian food , it is in the centre of town and it is in the expensive price range .
Reward: 0.9752677083015442

hello , welcome to the restaurant finding system . how may i help you ?
hi , i want to book a table
what part of town do you have in mind ?
i want a venue in the expensive price range serving underground goth food .
what part of town do you have in mind ?
it doesn ' t matter .
what part of town do you have in mind ?
i prefer something in the expensive price range and in the south of town .
what kind of food would you like ?
i want a venue in the moderate price range and in the centre of town .
what kind of food would you like ?
Reward: 0.9695817828178406

hello , welcome to the restaurant finding system . how may i help you ?
hi , i want to book a table
what part of town do you have in mind ?
i want a venue in the expensive price range and in the north of town .
what kind of food would you like ?
i need a chinese venue .
hakka is a nice place , it is in the expensive price range , it is in the north part of town and it serves chinese food .
really ? do you ' ll wait to a one of this
hakka is a nice place , it is in the expensive price range , it serves chinese food and it is in the north part of town .
no , i am not looking for this . please show me another one .
the hotpot is a nice place , it serves chinese food , it is in the north part of town and it is in the expensive price range .
Reward: 0.9762815833091736

hello , welcome to the restaurant finding system . how may i help you ?
hi , i need to book a table
what part of town do you have in mind ?
i prefer a venue in centre .
what kind of food would you like ?
i want a venue in the avenue pm women
what kind of food would you like ?
i want a restaurant in the expensive price range serving indian food .
curry garden is a nice place , it serves indian food , it is in the expensive price range and it is in the centre of town .
thanks for your help , goodbye .
thank you , goodbye .
Reward: 0.9749614596366882

hello , welcome to the restaurant finding system . how may i help you ?
hi , i want to book a table
what part of town do you have in mind ?
i prefer a venue in west .
what kind of food would you like ?
i need a european venue .
cambridge lodge restaurant is a nice place , it is in the west part of town and it serves european food .
what is the address ?
cambridge lodge restaurant is a nice place their address is cambridge lodge hotel 139 huntingdon road city centre .
and what is the address ?
cambridge lodge restaurant is a nice place , it is in the west part of town and it serves european food .
Reward: 0.974118709564209

hello , welcome to the restaurant finding system . how may i help you ?
i need another restaurant .
what part of town do you have in mind ?
i prefer a venue in north .
what kind of food would you like ?
i need a venue in west .
what kind of food would you like ?
i want a venue in the expensive price range serving alternative oriental food .
i am sorry but there is no place , in the expensive price range , in the area of west and serving asian oriental food .
that doesn ' t matter . is it canned food ?
i am sorry but there is no place , in the expensive price range , in the area of west and serving asian oriental food .
Reward: 0.9722133874893188

hello , welcome to the restaurant finding system . how may i help you ?
hi , i want to book a table
what part of town do you have in mind ?
i prefer a venue in centre .
what kind of food would you like ?
i need a indian venue .
would you like something in the cheap , moderate , or expensive price range ?
i want a venue in the expensive price range .
curry garden is a nice place , it is in the expensive price range , it serves indian food and it is in the centre of town .
what is the phone number of the restaurant ?
curry garden is a nice place their phone number is 0 1223 302330 .
Reward: 0.9764460921287537

hello , welcome to the restaurant finding system . how may i help you ?
hi , i want to book a table
what part of town do you have in mind ?
i prefer a venue in west .
what kind of food would you like ?
everything is fine . i want a venue in the expensive price range .
what kind of food would you like ?
stand up in south .
what kind of food would you like ?
i want a restaurant in the expensive price range .
what kind of food would you like ?
Reward: 0.9697157740592957

hello , welcome to the restaurant finding system . how may i help you ?
i need another restaurant .
what part of town do you have in mind ?
i prefer a venue in north .
what kind of food would you like ?
i want a venue in the expensive price range serving indian food .
tandoori palace is a nice place , it is in the north part of town , it is in the expensive price range and it serves indian food .
okay , i want something else . i want a venue in the expensive price range .
i am sorry but there is no place other than tandoori palace in the area of north , in the expensive price range and serving indian food .
what is the address ?
tandoori palace is a nice place , it serves indian food , it is in the expensive price range and it is in the north part of town .
Reward: 0.9771140813827515

hello , welcome to the restaurant finding system . how may i help you ?
i need another restaurant .
what part of town do you have in mind ?
everything is fine , i want a venue serving portuguese food .
what part of town do you have in mind ?
i prefer something else .
nandos city centre is a nice place it serves portuguese food .
how about the worries price range and in the centre of town .
nandos city centre is a nice place , it serves portuguese food and it is in the centre of town .
great , too thanks for your help , goodbye .
thank you , goodbye .
Reward: 0.8643648028373718

hello , welcome to the restaurant finding system . how may i help you ?
hi , i want to book a table
what part of town do you have in mind ?
i want a restaurant in centre .
what kind of food would you like ?
i need a chinese venue .
would you like something in the cheap , moderate , or expensive price range ?
i want a venue in the expensive price range .
hk fusion is a nice place , it is in the expensive price range , it serves chinese food and it is in the centre of town .
thanks for your help , goodbye .
thank you , goodbye .
Reward: 0.9771588444709778

hello , welcome to the restaurant finding system . how may i help you ?
i need another restaurant .
what part of town do you have in mind ?
the restaurant . i prefer a venue in north .
what kind of food would you like ?
i need a indian venue .
would you like something in the cheap , moderate , or expensive price range ?
any price range is okay .
the nirala is a nice place , it is in the north part of town , it serves indian food and it is in the moderate price range .
no , i am not looking for that . please show me another one .
meghna is a nice place , it is in the moderate price range , it serves indian food and it is in the north part of town .
Reward: 0.9765170812606812

hello , welcome to the restaurant finding system . how may i help you ?
hi , i want to book a table
what part of town do you have in mind ?
i prefer a venue in centre .
what kind of food would you like ?
i need a british venue .
would you like something in the cheap , moderate , or expensive price range ?
i want a venue in the expensive price range .
midsummer house restaurant is a nice place , it is in the centre of town , it is in the expensive price range and it serves british food .
what is the phone number of the restaurant ?
midsummer house restaurant is a nice place their phone number is 0 1223 369299 .
Reward: 0.9763801693916321

hello , welcome to the restaurant finding system . how may i help you ?
i need another restaurant .
what part of town do you have in mind ?
i prefer a venue in centre .
what kind of food would you like ?
i need a chinese venue .
would you like something in the cheap , moderate , or expensive price range ?
it doesn ' t matter .
would you like something in the cheap , moderate , or expensive price range ?
i want a venue in the expensive price range .
hk fusion is a nice place , it serves chinese food , it is in the expensive price range and it is in the centre of town .
Reward: 0.9739149808883667

hello , welcome to the restaurant finding system . how may i help you ?
i need a european restaurant .
what part of town do you have in mind ?
i need a restaurant in cheap .
i am sorry but there is no place , in the cheap price range and serving european food .
what is a gift ?
i am sorry but there is no place , serving european food and in the cheap price range .
what is the address ?
i am sorry but there is no place , serving european food and in the cheap price range .
thanks for your help
thank you , goodbye .
Reward: 0.4046232998371124

hello , welcome to the restaurant finding system . how may i help you ?
hi , i want to book a table
what part of town do you have in mind ?
it doesn ' t matter .
what part of town do you have in mind ?
i want a venue in the cheap price range and in the north of town .
what kind of food would you like ?
i need a british venue .
i am sorry but there is no place , in the cheap price range , serving british food and in the area of north .
what is the address ? please
i am sorry but there is no place , in the cheap price range , serving british food and in the area of north .
Reward: 0.9730380773544312

hello , welcome to the restaurant finding system . how may i help you ?
hi , i want to book a table
what part of town do you have in mind ?
it doesn ' t matter .
what part of town do you have in mind ?
i dont need to matter with a venue in the expensive price range and in the north
what kind of food would you like ?
i want a venue in the south of town . it doesn ' t matter .
what kind of food would you like ?
i want a venue in the south of town . i am in the north of town .
what kind of food would you like ?
Reward: 0.9697660803794861

hello , welcome to the restaurant finding system . how may i help you ?
i need another restaurant .
what part of town do you have in mind ?
i prefer a venue in north .
what kind of food would you like ?
i want a venue in the expensive price range serving cheap french food .
i am sorry but there is no place , in the area of north , in the cheap price range and serving french food .
what is the address ?
i am sorry but there is no place , in the cheap price range , in the area of north and serving french food .
what is the address ?
i am sorry but there is no place , serving french food , in the area of north and in the cheap price range .
Reward: 0.8924990892410278

hello , welcome to the restaurant finding system . how may i help you ?
i need another restaurant .
what part of town do you have in mind ?
i prefer a venue in north .
what kind of food would you like ?
i need a indian venue .
would you like something in the cheap , moderate , or expensive price range ?
i want a venue in the expensive price range .
tandoori palace is a nice place , it serves indian food , it is in the north part of town and it is in the expensive price range .
what is the phone number of the restaurant ?
tandoori palace is a nice place their phone number is 0 1223 506055 .
Reward: 0.9765284061431885

hello , welcome to the restaurant finding system . how may i help you ?
hi , i want to book a table
what part of town do you have in mind ?
i want a venue in the expensive price range and in any part of town .
what kind of food would you like ?
i need a turkish venue .
meze bar restaurant is a nice place , it is in the expensive price range , it is in the centre of town and it serves turkish food .
wait , i want something highly indian .
tandoori palace is a nice place , it is in the expensive price range , it is in the north part of town and it serves indian food .
it doesn ' t matter .
tandoori palace is a nice place , it is in the expensive price range , it serves indian food and it is in the north part of town .
Reward: 0.9761958122253418

hello , welcome to the restaurant finding system . how may i help you ?
hi , i want to book a table
what part of town do you have in mind ?
i prefer a venue in centre .
what kind of food would you like ?
i want a venue in the expensive price range .
what kind of food would you like ?
i need a indian venue .
curry garden is a nice place , it is in the centre of town , it is in the expensive price range and it serves indian food .
now i want to find a spot in any part of town . one of me . i want a venue serving portuguese food .
i am sorry but there is no place , in the expensive price range and serving portuguese food .
Reward: 0.9746283888816833

hello , welcome to the restaurant finding system . how may i help you ?
i need another restaurant .
what part of town do you have in mind ?
i prefer a venue in north .
what kind of food would you like ?
i need a chinese venue .
would you like something in the cheap , moderate , or expensive price range ?
i prefer something else . i want a venue in the expensive price range .
hakka is a nice place , it is in the expensive price range , it is in the north part of town and it serves chinese food .
oh , i am cool . i want a venue in the south of town .
the good luck chinese food takeaway is a nice place , it is in the south part of town , it serves chinese food and it is in the expensive price range .
Reward: 0.9761207103729248

hello , welcome to the restaurant finding system . how may i help you ?
hi , i want to book a table
what part of town do you have in mind ?
it doesn ' t matter .
what part of town do you have in mind ?
i prefer a venue in centre .
what kind of food would you like ?
i want a venue in the one of town . do you get a venue in the area range .
what kind of food would you like ?
i need a chinese venue .
would you like something in the cheap , moderate , or expensive price range ?
Reward: 0.9721668362617493

hello , welcome to the restaurant finding system . how may i help you ?
i need another restaurant .
what part of town do you have in mind ?
i prefer a venue in south .
what kind of food would you like ?
i want a venue in the notting north .
what kind of food would you like ?
i need a chinese venue .
would you like something in the cheap , moderate , or expensive price range ?
i want a venue in the expensive price range .
hakka is a nice place , it is in the expensive price range , it serves chinese food and it is in the north part of town .
Reward: 0.9744341969490051

hello , welcome to the restaurant finding system . how may i help you ?
hi , i want to book a table
what part of town do you have in mind ?
i prefer a restaurant in centre .
what kind of food would you like ?
i need a indian venue .
would you like something in the cheap , moderate , or expensive price range ?
any price range is okay .
the gandhi is a nice place , it is in the cheap price range , it serves indian food and it is in the centre of town .
thank you .
thank you , goodbye .
Reward: 0.9782205820083618

hello , welcome to the restaurant finding system . how may i help you ?
hi , i want to book a table
what part of town do you have in mind ?
it doesn ' t matter .
what part of town do you have in mind ?
i want a venue in any part of town .
what kind of food would you like ?
i want a venue in any part of town .
what kind of food would you like ?
i want a venue in the expensive price range and in the north of town . i want a venue in the north of town
what kind of food would you like ?
Reward: 0.9697218537330627

hello , welcome to the restaurant finding system . how may i help you ?
i need another restaurant .
what part of town do you have in mind ?
i prefer a venue in centre .
what kind of food would you like ?
i need a chinese venue .
would you like something in the cheap , moderate , or expensive price range ?
i want a venue in the expensive price range .
hk fusion is a nice place , it is in the centre of town , it serves chinese food and it is in the expensive price range .
wait , i want to add a venue . the phone number of town . of me . is it reduced ?
hk fusion is a nice place their phone number is 0 1223 355909 .
Reward: 0.976614773273468

