hello , welcome to the restaurant finding system . how may i help you ?
i want a restaurant in any price range is okay .
what part of town do you have in mind ?
i want a venue in the moderate price range and in the centre of town .
what kind of food would you like ?
i need a indian venue .
i am sorry but there is no place , serving indian food , in the area of centre and in the moderate price range .
thanks anyway , goodbye .
thank you , goodbye .
Reward: 0.6778520941734314

hello , welcome to the restaurant finding system . how may i help you ?
hi , i want to book a table
what part of town do you have in mind ?
i prefer a venue in centre .
what kind of food would you like ?
i want a restaurant in the expensive price range .
what kind of food would you like ?
i want a venue in the expensive price range and in the centre of town .
what kind of food would you like ?
i need a international venue .
i am sorry but there is no place , in the expensive price range , in the area of centre and serving international food .
i want a venue in the expensive price range and thanks for your help , goodbye .
i am sorry but there is no place , in the area of centre , in the expensive price range and serving international food .
Reward: 0.6778520941734314

hello , welcome to the restaurant finding system . how may i help you ?
hi , i want to book a table
what part of town do you have in mind ?
i want a venue in the expensive price range and in the north of town .
what kind of food would you like ?
i want a venue in the south of town .
what kind of food would you like ?
i need a indian venue .
taj tandoori is a nice place , it serves indian food , it is in the expensive price range and it is in the south part of town .
what is the address ?
taj tandoori is a nice place their address is 64 cherry hinton road cherry hinton .
i want to book a table ?
taj tandoori is a nice place , it is in the expensive price range , it serves indian food and it is in the south part of town .
Reward: 0.6778520941734314

hello , welcome to the restaurant finding system . how may i help you ?
i want a restaurant in the moderate price range .
what part of town do you have in mind ?
i prefer a venue in south .
what kind of food would you like ?
everything is fine . i want a venue serving turkish .
i am sorry but there is no place , in the area of south , serving turkish food and in the moderate price range .
thanks for your help , goodbye .
thank you , goodbye .
Reward: 0.6778520941734314

hello , welcome to the restaurant finding system . how may i help you ?
hi , i want to book a table
what part of town do you have in mind ?
i prefer a venue in south .
what kind of food would you like ?
i want a venue in any part of town .
what kind of food would you like ?
i want a venue in any part of town . i need a chinese venue .
would you like something in the cheap , moderate , or expensive price range ?
it doesn ' t matter .
would you like something in the cheap , moderate , or expensive price range ?
it doesn ' t matter .
would you like something in the cheap , moderate , or expensive price range ?
Reward: 0.9623997211456299

hello , welcome to the restaurant finding system . how may i help you ?
hi , i want to book a table
what part of town do you have in mind ?
i want a venue in the moderate price range and in the north of town .
what kind of food would you like ?
i want a venue in the south of town .
what kind of food would you like ?
i want a venue in the north of town . i want a venue in the north of town . i need something else .
the nirala is a nice place , it is in the north part of town and it is in the moderate price range .
what is the address ?
the nirala is a nice place their address is 7 milton road chesterton .
thanks for your help , goodbye .
thank you , goodbye .
Reward: 0.9623997211456299

hello , welcome to the restaurant finding system . how may i help you ?
i need another restaurant .
what part of town do you have in mind ?
i prefer a venue in north .
what kind of food would you like ?
i need a indian venue .
would you like something in the cheap , moderate , or expensive price range ?
i want a venue in the moderate price range .
the nirala is a nice place , it is in the moderate price range , it is in the north part of town and it serves indian food .
what is the address ?
the nirala is a nice place their address is 7 milton road chesterton .
thanks for your help , goodbye .
thank you , goodbye .
Reward: 0.9623997211456299

hello , welcome to the restaurant finding system . how may i help you ?
hi , i want to book a table
what part of town do you have in mind ?
i want a venue in the moderate price range and in the north of town .
what kind of food would you like ?
i need a indian venue .
the nirala is a nice place , it is in the north part of town , it serves indian food and it is in the moderate price range .
what is the address ?
the nirala is a nice place their address is 7 milton road chesterton .
thanks for your help , goodbye .
thank you , goodbye .
Reward: 0.9623997211456299

hello , welcome to the restaurant finding system . how may i help you ?
hi , i want to book a table
what part of town do you have in mind ?
i need a restaurant in centre .
what kind of food would you like ?
i need a turkish venue .
would you like something in the cheap , moderate , or expensive price range ?
i want a venue in the expensive price range .
meze bar restaurant is a nice place , it is in the centre of town , it serves turkish food and it is in the expensive price range .
what is the phone number of thanh binh ?
meze bar restaurant is a nice place i don ' t know their phone number .
thanks for your help , goodbye .
thank you , goodbye .
Reward: 0.9623997211456299

hello , welcome to the restaurant finding system . how may i help you ?
hi , i want to book a table
what part of town do you have in mind ?
hi , i want a venue in the moderate price range serving thai food .
i am sorry but there is no place , serving thai food and in the moderate price range .
any price range is okay .
what part of town do you have in mind ?
i prefer a venue in north .
i am sorry but there is no place , in the area of north and serving thai food .
please tell me the address and do .
i am sorry but there is no place , in the area of north and serving thai food .
what is the address of the restaurant ?
i am sorry but there is no place , serving thai food and in the area of north .
Reward: 0.9623997211456299

hello , welcome to the restaurant finding system . how may i help you ?
hi , i want to book a table
what part of town do you have in mind ?
i prefer a venue in centre .
what kind of food would you like ?
i need a indian venue .
would you like something in the cheap , moderate , or expensive price range ?
i want a venue in the expensive price range .
curry garden is a nice place , it is in the centre of town , it serves indian food and it is in the expensive price range .
thanks for your help , goodbye .
thank you , goodbye .
Reward: 0.979130744934082

hello , welcome to the restaurant finding system . how may i help you ?
hi , i want to book a table
what part of town do you have in mind ?
i prefer a venue in south .
what kind of food would you like ?
i need a chinese venue .
would you like something in the cheap , moderate , or expensive price range ?
i want a venue in the expensive price range .
the good luck chinese food takeaway is a nice place , it is in the south part of town , it serves chinese food and it is in the expensive price range .
thanks for your help , goodbye .
thank you , goodbye .
Reward: 0.979130744934082

hello , welcome to the restaurant finding system . how may i help you ?
hi , i want to book a table
what part of town do you have in mind ?
i prefer a venue in south .
what kind of food would you like ?
i want a restaurant in the cheap price range and in the columbus .
what kind of food would you like ?
i want a venue in the moderate price range and in the centre of town .
what kind of food would you like ?
i need a international venue .
bloomsbury restaurant is a nice place , it is in the centre of town , it is in the moderate price range and it serves international food .
i want a restaurant in the moderate price range and in the centre of town .
bloomsbury restaurant is a nice place , it is in the moderate price range , it serves international food and it is in the centre of town .
Reward: 0.979130744934082

hello , welcome to the restaurant finding system . how may i help you ?
what is the expensive price range ?
i ' m having trouble understanding what you want . could you please rephrase it ?
i need another restaurant .
what part of town do you have in mind ?
i prefer a venue in centre .
what kind of food would you like ?
i want a venue in the moderate price range and
what kind of food would you like ?
i want a venue in the moderate price range and in the centre of town .
what kind of food would you like ?
alright i want a venue in the expensive price range and behind it . i want a venue in any price range is
what kind of food would you like ?
Reward: 0.979130744934082

hello , welcome to the restaurant finding system . how may i help you ?
hi , i want to book a table
what part of town do you have in mind ?
i prefer a venue in centre .
what kind of food would you like ?
i need a turkish venue .
would you like something in the cheap , moderate , or expensive price range ?
i want a venue in the moderate price range serving chinese food .
shanghai family restaurant is a nice place , it is in the centre of town , it serves chinese food and it is in the moderate price range .
thanks for your help , goodbye .
thank you , goodbye .
Reward: 0.979130744934082

hello , welcome to the restaurant finding system . how may i help you ?
hi , i want to book a table
what part of town do you have in mind ?
i want a venue in any part of town .
what kind of food would you like ?
i need a european venue .
would you like something in the cheap , moderate , or expensive price range ?
it doesn ' t matter .
would you like something in the cheap , moderate , or expensive price range ?
i want a venue in the expensive price range .
michaelhouse cafe is a nice place , it is in the centre of town , it is in the expensive price range and it serves european food .
ok , i want a venue in the expensive price range .
michaelhouse cafe is a nice place , it is in the expensive price range , it serves european food and it is in the centre of town .
Reward: 0.979130744934082

hello , welcome to the restaurant finding system . how may i help you ?
hi , i want to book a table
what part of town do you have in mind ?
i prefer a venue in south .
what kind of food would you like ?
i need a indian venue .
taj tandoori is a nice place , it serves indian food and it is in the south part of town .
what is the phone number of your restaurant ?
taj tandoori is a nice place their phone number is 0 1223 412299 .
what is the address ?
taj tandoori is a nice place , it is in the south part of town and it serves indian food .
what is the address of centre ?
taj tandoori is a nice place , their phone number is 0 1223 412299 and their address is 64 cherry hinton road cherry hinton .
Reward: 0.8908793926239014

hello , welcome to the restaurant finding system . how may i help you ?
hi , i want to book a table
what part of town do you have in mind ?
it doesn ' t matter .
what part of town do you have in mind ?
i want a venue in the expensive price range and in the north of town .
what kind of food would you like ?
i want a venue in the south of town .
what kind of food would you like ?
i need a chinese venue .
the good luck chinese food takeaway is a nice place , it serves chinese food , it is in the expensive price range and it is in the south part of town .
thanks for your help , goodbye .
thank you , goodbye .
Reward: 0.8908793926239014

hello , welcome to the restaurant finding system . how may i help you ?
i need another restaurant .
what part of town do you have in mind ?
i prefer a venue in centre .
what kind of food would you like ?
i need a indian venue .
would you like something in the cheap , moderate , or expensive price range ?
i want a venue in the expensive price range .
curry garden is a nice place , it is in the expensive price range , it serves indian food and it is in the centre of town .
thanks for your help !
thank you , goodbye .
Reward: 0.8908793926239014

hello , welcome to the restaurant finding system . how may i help you ?
i need to book a table
what part of town do you have in mind ?
i prefer a venue in south .
what kind of food would you like ?
i need a indian venue .
taj tandoori is a nice place , it is in the south part of town and it serves indian food .
what is the phone number of the restaurant ?
taj tandoori is a nice place their phone number is 0 1223 412299 .
what is the address ?
taj tandoori is a nice place , it is in the south part of town and it serves indian food .
how wide is the address ?
taj tandoori is a nice place , their phone number is 0 1223 412299 and their address is 64 cherry hinton road cherry hinton .
Reward: 0.8908793926239014

hello , welcome to the restaurant finding system . how may i help you ?
i need another restaurant .
what part of town do you have in mind ?
i prefer a venue in north .
what kind of food would you like ?
i want a venue in the expensive price range and in the north of town .
what kind of food would you like ?
i prefer a venue in south .
what kind of food would you like ?
i want a venue in the south of town . it doesn ' t matter .
what kind of food would you like ?
i want a venue in any part of town . i want a venue in the expensive price range .
what kind of food would you like ?
Reward: 0.9616467952728271

hello , welcome to the restaurant finding system . how may i help you ?
i need another restaurant .
what part of town do you have in mind ?
i prefer a venue in north .
what kind of food would you like ?
i need a indian venue .
would you like something in the cheap , moderate , or expensive price range ?
everything is taller . i want a venue in the expensive price range .
tandoori palace is a nice place , it is in the expensive price range , it is in the north part of town and it serves indian food .
what is the address ?
tandoori palace is a nice place their address is 68 histon road chesterton .
thanks for your help , goodbye .
thank you , goodbye .
Reward: 0.9616467952728271

hello , welcome to the restaurant finding system . how may i help you ?
hi , i want to book a table
what part of town do you have in mind ?
it doesn ' t matter .
what part of town do you have in mind ?
i prefer a venue in centre .
what kind of food would you like ?
i want a venue in any part of town .
what kind of food would you like ?
i want a venue in the expensive price range serving chinese food .
hakka is a nice place , it is in the north part of town , it serves chinese food and it is in the expensive price range .
what is the address ?
hakka is a nice place their address is milton road chesterton .
Reward: 0.9616467952728271

hello , welcome to the restaurant finding system . how may i help you ?
hi , i want to book a table
what part of town do you have in mind ?
i prefer a venue in south .
what kind of food would you like ?
i need a chinese venue .
would you like something in the cheap , moderate , or expensive price range ?
i want a venue in the expensive price range .
the good luck chinese food takeaway is a nice place , it is in the expensive price range , it is in the south part of town and it serves chinese food .
okay , i need something else . is any people looking for this .
thank you , goodbye .
Reward: 0.9616467952728271

hello , welcome to the restaurant finding system . how may i help you ?
hi , i want to book a table
what part of town do you have in mind ?
i prefer a venue in centre .
what kind of food would you like ?
i want a restaurant in the moderate price range serving chinese food .
shanghai family restaurant is a nice place , it is in the moderate price range , it serves chinese food and it is in the centre of town .
thanks for your help , goodbye .
thank you , goodbye .
Reward: 0.9616467952728271

hello , welcome to the restaurant finding system . how may i help you ?
hi , i want to book a table
what part of town do you have in mind ?
i want a venue in the moderate price range and in the south of town .
what kind of food would you like ?
i want a venue in the expensive price range serving indian food .
taj tandoori is a nice place , it is in the south part of town , it serves indian food and it is in the expensive price range .
what is the address ?
taj tandoori is a nice place their address is 64 cherry hinton road cherry hinton .
thanks for your help , goodbye .
thank you , goodbye .
Reward: 0.9616467952728271

hello , welcome to the restaurant finding system . how may i help you ?
i need another restaurant .
what part of town do you have in mind ?
i prefer a venue in north .
what kind of food would you like ?
i need another restaurant .
what kind of food would you like ?
i need a indian venue .
would you like something in the cheap , moderate , or expensive price range ?
i want a venue in the expensive price range .
tandoori palace is a nice place , it is in the expensive price range , it serves indian food and it is in the north part of town .
what is the phone number of the restaurant ?
tandoori palace is a nice place their phone number is 0 1223 506055 .
Reward: 0.9656980633735657

hello , welcome to the restaurant finding system . how may i help you ?
hi , i want to book a table
what part of town do you have in mind ?
i want a venue in any part of town .
what kind of food would you like ?
i want a venue in the cheap price range and in the centre of town .
what kind of food would you like ?
i need a indian venue .
the gandhi is a nice place , it is in the cheap price range , it serves indian food and it is in the centre of town .
thanks for your help !
thank you , goodbye .
Reward: 0.9656980633735657

hello , welcome to the restaurant finding system . how may i help you ?
i need another restaurant .
what part of town do you have in mind ?
i prefer a venue in south .
what kind of food would you like ?
i need a indian venue .
taj tandoori is a nice place , it is in the south part of town and it serves indian food .
is it in north . is the expensive price range is okay .
tandoori palace is a nice place , it is in the expensive price range , it is in the north part of town and it serves indian food .
what is the number of the restaurant ?
can i help you with anything else ?
please tell me the address and any part of town . i thought is based in the expensive price range .
tandoori palace is a nice place , it is in the north part of town , it serves indian food and it is in the expensive price range .
Reward: 0.9656980633735657

hello , welcome to the restaurant finding system . how may i help you ?
hi , i want to book a table
what part of town do you have in mind ?
i prefer a venue in centre .
what kind of food would you like ?
i need a chinese venue .
would you like something in the cheap , moderate , or expensive price range ?
i want a venue in the expensive price range .
hk fusion is a nice place , it is in the centre of town , it is in the expensive price range and it serves chinese food .
what is the phone number of the restaurant ?
hk fusion is a nice place their phone number is 0 1223 355909 .
thanks for your help , goodbye .
thank you , goodbye .
Reward: 0.9656980633735657

hello , welcome to the restaurant finding system . how may i help you ?
i need a restaurant in east .
what kind of food would you like ?
i need a indian venue .
would you like something in the cheap , moderate , or expensive price range ?
it doesn ' t matter .
would you like something in the cheap , moderate , or expensive price range ?
i want a venue in the expensive price range .
pipasha restaurant is a nice place , it is in the expensive price range , it serves indian food and it is in the east part of town .
thanks for your help , tanks .
thank you , goodbye .
Reward: 0.9656980633735657

hello , welcome to the restaurant finding system . how may i help you ?
i need another restaurant .
what part of town do you have in mind ?
i prefer a venue in north .
what kind of food would you like ?
i want a venue in the moderate price range and in the south of town .
what kind of food would you like ?
everything is fine . i want a venue in the expensive price range .
what kind of food would you like ?
i want a venue in any price range is okay .
what kind of food would you like ?
i want a venue in the expensive price range serving chinese food .
the good luck chinese food takeaway is a nice place , it is in the south part of town , it serves chinese food and it is in the expensive price range .
Reward: 0.9656980633735657

hello , welcome to the restaurant finding system . how may i help you ?
i need another restaurant .
what part of town do you have in mind ?
i prefer a venue in north .
what kind of food would you like ?
i need a indian venue .
would you like something in the cheap , moderate , or expensive price range ?
i want a venue in the expensive price range .
tandoori palace is a nice place , it is in the expensive price range , it serves indian food and it is in the north part of town .
what is the phone number of the restaurant ?
tandoori palace is a nice place their phone number is 0 1223 506055 .
wait , what is the address ?
tandoori palace is a nice place , it is in the north part of town , it serves indian food and it is in the expensive price range .
Reward: 0.967854917049408

hello , welcome to the restaurant finding system . how may i help you ?
hi , i want to book a table
what part of town do you have in mind ?
i prefer a venue in north .
what kind of food would you like ?
i need a chinese venue .
would you like something in the cheap , moderate , or expensive price range ?
it doesn ' t matter .
would you like something in the cheap , moderate , or expensive price range ?
it doesn ' t matter .
would you like something in the cheap , moderate , or expensive price range ?
i want a venue in the moderate price range .
golden wok is a nice place , it is in the north part of town , it serves chinese food and it is in the moderate price range .
Reward: 0.967854917049408

hello , welcome to the restaurant finding system . how may i help you ?
i need another restaurant .
what part of town do you have in mind ?
i prefer a venue in south .
what kind of food would you like ?
i need a chinese venue .
would you like something in the cheap , moderate , or expensive price range ?
i want a venue in the expensive price range .
the good luck chinese food takeaway is a nice place , it is in the expensive price range , it serves chinese food and it is in the south part of town .
thanks for your help , goodbye .
thank you , goodbye .
Reward: 0.967854917049408

hello , welcome to the restaurant finding system . how may i help you ?
i need a restaurant in east .
what kind of food would you like ?
i want a restaurant in any price range is ok .
what kind of food would you like ?
i want a venue in any part of town .
what kind of food would you like ?
i want a venue in any part of town . i want a venue in the expensive price range .
what kind of food would you like ?
i want a venue in any part of town . i want a venue in the expensive price range .
what kind of food would you like ?
i want a venue in the moderate price range and in the centre of town .
what kind of food would you like ?
Reward: 0.967854917049408

hello , welcome to the restaurant finding system . how may i help you ?
hi , i want to book a table
what part of town do you have in mind ?
i prefer a venue in west .
what kind of food would you like ?
hi , i want a venue in the moderate price range .
what kind of food would you like ?
i want a venue in the expensive price range and in the north of town . i need a european venue .
i am sorry but there is no place , in the expensive price range , in the area of north and serving european food .
what is the expensive price range ?
i am sorry but there is no place , in the expensive price range , serving european food and in the area of north .
what is the address of the restaurant ?
i am sorry but there is no place , serving european food , in the area of north and in the expensive price range .
Reward: 0.967854917049408

hello , welcome to the restaurant finding system . how may i help you ?
hi , i want to book a table
what part of town do you have in mind ?
i prefer a venue in south .
what kind of food would you like ?
i need a chinese venue .
would you like something in the cheap , moderate , or expensive price range ?
it doesn ' t matter .
would you like something in the cheap , moderate , or expensive price range ?
i want a venue in the expensive price range .
the good luck chinese food takeaway is a nice place , it is in the south part of town , it serves chinese food and it is in the expensive price range .
wait , i want something else . please tell me another one .
peking restaurant is a nice place , it serves chinese food , it is in the south part of town and it is in the expensive price range .
Reward: 0.967854917049408

hello , welcome to the restaurant finding system . how may i help you ?
hi , i want to book a table
what part of town do you have in mind ?
i prefer a venue in centre .
what kind of food would you like ?
i want a venue in the expensive price range serving chinese food .
hk fusion is a nice place , it serves chinese food , it is in the expensive price range and it is in the centre of town .
thanks for your help , goodbye .
thank you , goodbye .
Reward: 0.976377010345459

hello , welcome to the restaurant finding system . how may i help you ?
hi , i want to book a table
what part of town do you have in mind ?
i prefer a restaurant in centre .
what kind of food would you like ?
i want a venue in any part of town .
what kind of food would you like ?
i want a venue in the expensive price range serving chinese food .
hakka is a nice place , it serves chinese food , it is in the expensive price range and it is in the north part of town .
what is the address ?
hakka is a nice place their address is milton road chesterton .
thanks for your help , goodbye .
thank you , goodbye .
Reward: 0.976377010345459

hello , welcome to the restaurant finding system . how may i help you ?
i need another restaurant .
what part of town do you have in mind ?
i prefer a venue in north .
what kind of food would you like ?
i need a chinese venue .
would you like something in the cheap , moderate , or expensive price range ?
i want a venue in the expensive price range .
hakka is a nice place , it serves chinese food , it is in the expensive price range and it is in the north part of town .
what is the phone number of the restaurant ?
hakka is a nice place their phone number is 0 1223 568988 .
thanks for your help , goodbye .
thank you , goodbye .
Reward: 0.976377010345459

hello , welcome to the restaurant finding system . how may i help you ?
hi , i want to book a table
what part of town do you have in mind ?
i want a venue in the moderate price range and in the north of town .
what kind of food would you like ?
i want a venue in the north of town . any price range is okay .
what kind of food would you like ?
i need a chinese venue .
hakka is a nice place , it is in the north part of town , it is in the expensive price range and it serves chinese food .
what is the phone number of the restaurant ?
hakka is a nice place their phone number is 0 1223 568988 .
thanks for your help , goodbye .
thank you , goodbye .
Reward: 0.976377010345459

hello , welcome to the restaurant finding system . how may i help you ?
hi , i want to book a table
what part of town do you have in mind ?
i prefer a venue in centre .
what kind of food would you like ?
i need a chinese venue .
would you like something in the cheap , moderate , or expensive price range ?
i want a venue in the expensive price range .
hk fusion is a nice place , it is in the expensive price range , it is in the centre of town and it serves chinese food .
thanks for your help , goodbye .
thank you , goodbye .
Reward: 0.976377010345459

hello , welcome to the restaurant finding system . how may i help you ?
hi , i want to book a table
what part of town do you have in mind ?
it doesn ' t matter .
what part of town do you have in mind ?
i prefer a venue in centre .
what kind of food would you like ?
i need a chinese venue .
would you like something in the cheap , moderate , or expensive price range ?
i want a venue in the expensive price range .
hk fusion is a nice place , it is in the centre of town , it is in the expensive price range and it serves chinese food .
wait , i want something else . i need a british phone .
midsummer house restaurant is a nice place , it is in the centre of town , it serves british food and it is in the expensive price range .
Reward: 0.9671563506126404

hello , welcome to the restaurant finding system . how may i help you ?
hi , i want to book a table
what part of town do you have in mind ?
i prefer a venue in north .
what kind of food would you like ?
i need a chinese venue .
would you like something in the cheap , moderate , or expensive price range ?
it doesn ' t matter .
would you like something in the cheap , moderate , or expensive price range ?
it doesn ' t matter .
would you like something in the cheap , moderate , or expensive price range ?
it doesn ' t matter .
would you like something in the cheap , moderate , or expensive price range ?
Reward: 0.9671563506126404

hello , welcome to the restaurant finding system . how may i help you ?
i need a restaurant in centre .
what kind of food would you like ?
i need a chinese venue .
would you like something in the cheap , moderate , or expensive price range ?
it doesn ' t matter .
would you like something in the cheap , moderate , or expensive price range ?
i want a venue in the moderate price range .
shanghai family restaurant is a nice place , it is in the moderate price range , it is in the centre of town and it serves chinese food .
thanks for your help , goodbye .
thank you , goodbye .
Reward: 0.9671563506126404

hello , welcome to the restaurant finding system . how may i help you ?
i want a restaurant in the cheap price range and in the centre of town .
what kind of food would you like ?
i need a indian venue .
the gandhi is a nice place , it is in the centre of town , it serves indian food and it is in the cheap price range .
thanks for your help , goodbye .
thank you , goodbye .
Reward: 0.9671563506126404

hello , welcome to the restaurant finding system . how may i help you ?
hi , i want to book a table
what part of town do you have in mind ?
i prefer a venue in north .
what kind of food would you like ?
i need a chinese venue .
would you like something in the cheap , moderate , or expensive price range ?
i want a venue in the expensive price range .
hakka is a nice place , it is in the expensive price range , it is in the north part of town and it serves chinese food .
what is the phone number of the restaurant ?
hakka is a nice place their phone number is 0 1223 568988 .
thanks for your help , goodbye .
thank you , goodbye .
Reward: 0.9671563506126404

hello , welcome to the restaurant finding system . how may i help you ?
hi , i want to book a table
what part of town do you have in mind ?
i want a venue in the moderate price range and in the north of town .
what kind of food would you like ?
i need a indian venue .
the nirala is a nice place , it is in the moderate price range , it serves indian food and it is in the north part of town .
wait , i want something else . i want a venue in the north of town .
meghna is a nice place , it is in the north part of town , it serves indian food and it is in the moderate price range .
thanks for your help , goodbye .
thank you , goodbye .
Reward: 0.9671563506126404

hello , welcome to the restaurant finding system . how may i help you ?
hi , i want to book a table
what part of town do you have in mind ?
i want a venue in any part of town .
what kind of food would you like ?
i want a venue in the expensive price range serving chinese food .
hakka is a nice place , it serves chinese food , it is in the expensive price range and it is in the north part of town .
ok , i need another restaurant .
thank you , goodbye .
Reward: 0.7633669376373291

hello , welcome to the restaurant finding system . how may i help you ?
hi , i want to book a table
what part of town do you have in mind ?
i prefer a venue in centre .
what kind of food would you like ?
i need a european venue .
would you like something in the cheap , moderate , or expensive price range ?
it doesn ' t matter .
would you like something in the cheap , moderate , or expensive price range ?
it doesn ' t matter .
would you like something in the cheap , moderate , or expensive price range ?
i want a venue in the expensive price range .
michaelhouse cafe is a nice place , it is in the expensive price range , it serves european food and it is in the centre of town .
Reward: 0.7633669376373291

hello , welcome to the restaurant finding system . how may i help you ?
hi , i want to book a table
what part of town do you have in mind ?
i want a venue in the expensive price range and in the street of town .
what part of town do you have in mind ?
i prefer a venue in centre .
what kind of food would you like ?
i need a indian venue .
curry garden is a nice place , it serves indian food , it is in the expensive price range and it is in the centre of town .
thanks for your help , goodbye .
thank you , goodbye .
Reward: 0.7633669376373291

hello , welcome to the restaurant finding system . how may i help you ?
hi , i want to book a table
what part of town do you have in mind ?
i prefer a venue in south .
what kind of food would you like ?
i need a indian venue .
taj tandoori is a nice place , it is in the south part of town and it serves indian food .
oh , i am not looking for this . any part is in the centre of town .
would you like something in the cheap , moderate , or expensive price range ?
i want a venue in the expensive price range .
curry garden is a nice place , it is in the expensive price range , it serves indian food and it is in the centre of town .
thanks for your help , goodbye .
thank you , goodbye .
Reward: 0.7633669376373291

hello , welcome to the restaurant finding system . how may i help you ?
hi , i want to book a table
what part of town do you have in mind ?
i prefer a venue in centre .
what kind of food would you like ?
i want a restaurant in the moderate price range and in the north of town .
what kind of food would you like ?
i want a venue in the north of town . i want a venue in the moderate price range .
what kind of food would you like ?
i want a venue in the north of town . i want a venue in the south of town .
what kind of food would you like ?
it doesn ' t matter .
what kind of food would you like ?
Reward: 0.7633669376373291

hello , welcome to the restaurant finding system . how may i help you ?
hi , i want to book a table
what part of town do you have in mind ?
i prefer a venue in south .
what kind of food would you like ?
i want a venue in the moderate price range serving chinese food .
i am sorry but there is no place , serving chinese food , in the area of south and in the moderate price range .
thanks for your help , goodbye .
thank you , goodbye .
Reward: 0.7633669376373291

hello , welcome to the restaurant finding system . how may i help you ?
i need another restaurant .
what part of town do you have in mind ?
i prefer a venue in north .
what kind of food would you like ?
i want a venue in the moderate price range is in east .
what kind of food would you like ?
i want a restaurant in the expensive price range serving silver .
what kind of food would you like ?
i want a venue in the expensive price range serving chinese food .
yu garden is a nice place , it serves chinese food , it is in the east part of town and it is in the expensive price range .
what is the address ?
yu garden is a nice place their address is 529 newmarket road fen ditton .
Reward: 0.9764519333839417

hello , welcome to the restaurant finding system . how may i help you ?
hi , i want to book a table
what part of town do you have in mind ?
i prefer a venue in centre .
what kind of food would you like ?
i need a chinese venue .
would you like something in the cheap , moderate , or expensive price range ?
i want a venue in the expensive price range .
hk fusion is a nice place , it is in the centre of town , it serves chinese food and it is in the expensive price range .
what is the phone number of the restaurant ?
hk fusion is a nice place their phone number is 0 1223 355909 .
thanks for your help , goodbye .
thank you , goodbye .
Reward: 0.9764519333839417

hello , welcome to the restaurant finding system . how may i help you ?
hi , i want to book a table
what part of town do you have in mind ?
i prefer a venue in centre .
what kind of food would you like ?
i want a restaurant in the moderate price range serving chinese food .
shanghai family restaurant is a nice place , it is in the moderate price range , it is in the centre of town and it serves chinese food .
thanks for your help , goodbye .
thank you , goodbye .
Reward: 0.9764519333839417

hello , welcome to the restaurant finding system . how may i help you ?
i need another restaurant .
what part of town do you have in mind ?
it doesn ' t matter .
what part of town do you have in mind ?
i prefer a venue in east .
what kind of food would you like ?
i want a venue in any part of town . i want a venue in the south of town .
what kind of food would you like ?
i need a international venue .
i am sorry but there is no place , serving international food and in the area of south .
thanks for your help , goodbye .
thank you , goodbye .
Reward: 0.9764519333839417

hello , welcome to the restaurant finding system . how may i help you ?
hi , i want to book a table
what part of town do you have in mind ?
i prefer a venue in centre .
what kind of food would you like ?
i need a indian venue .
would you like something in the cheap , moderate , or expensive price range ?
i want a venue in the expensive price range .
curry garden is a nice place , it is in the expensive price range , it serves indian food and it is in the centre of town .
thanks for your help .
thank you , goodbye .
Reward: 0.9764519333839417

hello , welcome to the restaurant finding system . how may i help you ?
i need another restaurant .
what part of town do you have in mind ?
i prefer a venue in north .
what kind of food would you like ?
i need a indian venue .
would you like something in the cheap , moderate , or expensive price range ?
everything is on the expensive price range .
tandoori palace is a nice place , it is in the north part of town , it serves indian food and it is in the expensive price range .
what is the address ?
tandoori palace is a nice place their address is 68 histon road chesterton .
thanks for your help , goodbye .
thank you , goodbye .
Reward: 0.9764278531074524

hello , welcome to the restaurant finding system . how may i help you ?
hi , i want to book a table
what part of town do you have in mind ?
i need a venue in south .
what kind of food would you like ?
it doesn ' t matter . i need a chinese venue .
would you like something in the cheap , moderate , or expensive price range ?
i want a venue in any price range and ?
the good luck chinese food takeaway is a nice place , it is in the expensive price range , it is in the south part of town and it serves chinese food .
what is the expensive price range is ?
the good luck chinese food takeaway is a nice place , it is in the expensive price range , it is in the south part of town and it serves chinese food .
thanks for your help , goodbye .
thank you , goodbye .
Reward: 0.9764278531074524

hello , welcome to the restaurant finding system . how may i help you ?
i want a restaurant in the moderate price range and in the north of town .
what kind of food would you like ?
i want a venue in the south of town .
what kind of food would you like ?
i need a indian venue .
i am sorry but there is no place , in the area of south , in the moderate price range and serving indian food .
thanks for your help , goodbye .
thank you , goodbye .
Reward: 0.9764278531074524

hello , welcome to the restaurant finding system . how may i help you ?
hi , i want a venue in the expensive price range .
i ' m having trouble understanding what you want . could you please rephrase it ?
i need another restaurant .
what part of town do you have in mind ?
i prefer a venue in centre .
what kind of food would you like ?
i want a venue in the expensive price range and in the north .
what kind of food would you like ?
i want a venue in the moderate price range and in the south of town .
what kind of food would you like ?
i want a venue in the enterprises of curiosity , what is the address ?
what kind of food would you like ?
Reward: 0.9764278531074524

hello , welcome to the restaurant finding system . how may i help you ?
hi , i want to book a table
what part of town do you have in mind ?
i prefer a venue in centre .
what kind of food would you like ?
i need a chinese venue .
would you like something in the cheap , moderate , or expensive price range ?
i want the expensive price range .
hk fusion is a nice place , it is in the expensive price range , it is in the centre of town and it serves chinese food .
what is the address ?
hk fusion is a nice place their address is 21 burleigh street city centre .
thanks for your help .
thank you , goodbye .
Reward: 0.9764278531074524

hello , welcome to the restaurant finding system . how may i help you ?
hi , i want to book a table
what part of town do you have in mind ?
i prefer a venue in north .
what kind of food would you like ?
i need a chinese venue .
would you like something in the cheap , moderate , or expensive price range ?
it doesn ' t matter .
would you like something in the cheap , moderate , or expensive price range ?
any price range is okay .
hakka is a nice place , it serves chinese food , it is in the expensive price range and it is in the north part of town .
no , i want a venue in the expensive price range and in the north of town .
hakka is a nice place , it is in the expensive price range , it serves chinese food and it is in the north part of town .
Reward: 0.9684227705001831

hello , welcome to the restaurant finding system . how may i help you ?
i need another restaurant .
what part of town do you have in mind ?
it doesn ' t matter .
what part of town do you have in mind ?
it doesn ' t matter .
what part of town do you have in mind ?
i am not looking for this . and substitute in the north of town .
what kind of food would you like ?
i want a venue in the south of town . i want to make a reservation .
what kind of food would you like ?
i need a british venue .
i am sorry but there is no place , serving british food and in the area of south .
Reward: 0.9684227705001831

hello , welcome to the restaurant finding system . how may i help you ?
i need another restaurant .
what part of town do you have in mind ?
i prefer a venue in centre .
what kind of food would you like ?
i need a chinese venue .
would you like something in the cheap , moderate , or expensive price range ?
i want a venue in the expensive price range .
hk fusion is a nice place , it is in the expensive price range , it serves chinese food and it is in the centre of town .
wait , the one . what is the phone number of the restaurant ?
hk fusion is a nice place their phone number is 0 1223 355909 .
thanks for your help , goodbye .
thank you , goodbye .
Reward: 0.9684227705001831

hello , welcome to the restaurant finding system . how may i help you ?
i want a restaurant in the cheap price range and in the centre of town .
what kind of food would you like ?
i need a international venue .
i am sorry but there is no place , serving international food , in the area of centre and in the cheap price range .
what is the address ?
i am sorry but there is no place , in the area of centre , serving international food and in the cheap price range .
what is the address ?
i am sorry but there is no place , in the cheap price range , serving international food and in the area of centre .
thanks for your help
thank you , goodbye .
Reward: 0.9684227705001831

hello , welcome to the restaurant finding system . how may i help you ?
hi , i want to book a table
what part of town do you have in mind ?
i prefer an expensive price range and in the centre of town .
what kind of food would you like ?
i am in the avenue pm
what kind of food would you like ?
i need a international venue .
i am sorry but there is no place , serving international food , in the area of centre and in the expensive price range .
what is the address ?
i am sorry but there is no place , serving international food , in the expensive price range and in the area of centre .
any part is a female and any price range is okay .
bloomsbury restaurant is a nice place , it is in the centre of town , it is in the moderate price range and it serves international food .
Reward: 0.9684227705001831

hello , welcome to the restaurant finding system . how may i help you ?
i need another restaurant .
what part of town do you have in mind ?
i prefer a venue in north .
what kind of food would you like ?
i want a venue in the expensive price range serving chinese food .
hakka is a nice place , it is in the north part of town , it is in the expensive price range and it serves chinese food .
what is the phone number of the restaurant ?
hakka is a nice place their phone number is 0 1223 568988 .
thanks for your help , goodbye .
thank you , goodbye .
Reward: 0.9684227705001831

hello , welcome to the restaurant finding system . how may i help you ?
i need another restaurant .
what part of town do you have in mind ?
i prefer a venue in south .
what kind of food would you like ?
i want a venue in the moderate price range and in the north of town .
what kind of food would you like ?
i need a indian venue .
the nirala is a nice place , it serves indian food , it is in the north part of town and it is in the moderate price range .
no , i am not looking for the , any part of the house ?
the nirala is a nice place , it is in the north part of town , it serves indian food and it is in the moderate price range .
i am ok with everything . i want a venue in the north of town . what is the address ?
the nirala is a nice place their address is 7 milton road chesterton .
Reward: 0.5161696076393127

hello , welcome to the restaurant finding system . how may i help you ?
hi , i want to book a table
what part of town do you have in mind ?
i prefer a venue in south .
what kind of food would you like ?
i need a indian venue .
taj tandoori is a nice place , it serves indian food and it is in the south part of town .
what is the phone number of the restaurant ?
taj tandoori is a nice place their phone number is 0 1223 412299 .
what is the address ?
taj tandoori is a nice place , it is in the south part of town and it serves indian food .
what is the address of the restaurant ?
taj tandoori is a nice place , their phone number is 0 1223 412299 and their address is 64 cherry hinton road cherry hinton .
Reward: 0.5161696076393127

hello , welcome to the restaurant finding system . how may i help you ?
i need another restaurant .
what part of town do you have in mind ?
it doesn ' t matter .
what part of town do you have in mind ?
i prefer a venue in north .
what kind of food would you like ?
i need a indian venue .
would you like something in the cheap , moderate , or expensive price range ?
i want a venue in the moderate price range .
the nirala is a nice place , it is in the moderate price range , it is in the north part of town and it serves indian food .
what is the address ?
the nirala is a nice place their address is 7 milton road chesterton .
Reward: 0.5161696076393127

hello , welcome to the restaurant finding system . how may i help you ?
i need another restaurant .
what part of town do you have in mind ?
it doesn ' t matter .
what part of town do you have in mind ?
i need another restaurant .
what part of town do you have in mind ?
i want a venue in north . any price range is okay .
what kind of food would you like ?
i need a chinese venue .
hakka is a nice place , it serves chinese food , it is in the expensive price range and it is in the north part of town .
what is the address ?
hakka is a nice place their address is milton road chesterton .
Reward: 0.5161696076393127

hello , welcome to the restaurant finding system . how may i help you ?
i need another restaurant .
what part of town do you have in mind ?
i prefer a venue in north .
what kind of food would you like ?
i need a chinese venue .
would you like something in the cheap , moderate , or expensive price range ?
it doesn ' t matter .
would you like something in the cheap , moderate , or expensive price range ?
i want a venue in the expensive price range .
hakka is a nice place , it is in the expensive price range , it is in the north part of town and it serves chinese food .
wait , i want something else . the show price range .
the hotpot is a nice place , it is in the expensive price range , it serves chinese food and it is in the north part of town .
Reward: 0.5161696076393127

hello , welcome to the restaurant finding system . how may i help you ?
hi , i want to book a table
what part of town do you have in mind ?
i want a venue in the cheap price range and in the centre of town .
what kind of food would you like ?
i need a international venue .
i am sorry but there is no place , serving international food , in the area of centre and in the cheap price range .
what is the phone number of centre ?
i am sorry but there is no place , in the cheap price range , serving international food and in the area of centre .
thanks for your help , it , goodbye .
thank you , goodbye .
Reward: 0.5161696076393127

hello , welcome to the restaurant finding system . how may i help you ?
hi , i want to book a table
what part of town do you have in mind ?
i prefer a venue in south .
what kind of food would you like ?
i need a indian venue .
taj tandoori is a nice place , it is in the south part of town and it serves indian food .
what is the phone number of the restaurant ?
taj tandoori is a nice place their phone number is 0 1223 412299 .
what is the address ?
taj tandoori is a nice place , it serves indian food and it is in the south part of town .
what is the address ?
taj tandoori is a nice place , their address is 64 cherry hinton road cherry hinton and their phone number is 0 1223 412299 .
Reward: 0.9764580130577087

hello , welcome to the restaurant finding system . how may i help you ?
hi , i want to book a table
what part of town do you have in mind ?
i prefer a venue in south .
what kind of food would you like ?
everything is useful . it doesn ' t matter .
what kind of food would you like ?
i prefer a chinese venue .
would you like something in the cheap , moderate , or expensive price range ?
i want a venue in the expensive price range .
the good luck chinese food takeaway is a nice place , it is in the south part of town , it serves chinese food and it is in the expensive price range .
wait , i want something else . i want a venue in the expensive price range .
peking restaurant is a nice place , it is in the expensive price range , it is in the south part of town and it serves chinese food .
Reward: 0.9764580130577087

hello , welcome to the restaurant finding system . how may i help you ?
i need another restaurant .
what part of town do you have in mind ?
it doesn ' t matter .
what part of town do you have in mind ?
i want a venue in the moderate price range and in the north of town .
what kind of food would you like ?
i want a venue in the south of town . i want to book very uhm .
what kind of food would you like ?
i want a venue in the south of town . it doesn ' t matter .
what kind of food would you like ?
i need a chinese venue .
i am sorry but there is no place , serving chinese food , in the area of south and in the moderate price range .
Reward: 0.9764580130577087

hello , welcome to the restaurant finding system . how may i help you ?
hi , i want to book a table
what part of town do you have in mind ?
i want a venue in the moderate price range and in the north of town .
what kind of food would you like ?
i want a venue in the north of town . i want a venue in the moderate price range .
what kind of food would you like ?
i need a indian venue .
the nirala is a nice place , it is in the moderate price range , it is in the north part of town and it serves indian food .
what is the address ?
the nirala is a nice place their address is 7 milton road chesterton .
thanks for your help , goodbye .
thank you , goodbye .
Reward: 0.9764580130577087

hello , welcome to the restaurant finding system . how may i help you ?
hi , i want to book a table
what part of town do you have in mind ?
i want a venue in the moderate price range and in the north of town .
what kind of food would you like ?
i want a venue in the north of town . i need a chinese venue .
golden wok is a nice place , it is in the moderate price range , it serves chinese food and it is in the north part of town .
thanks for your help , goodbye .
thank you , goodbye .
Reward: 0.9764580130577087

hello , welcome to the restaurant finding system . how may i help you ?
hi , i want to book a table
what part of town do you have in mind ?
it doesn ' t matter .
what part of town do you have in mind ?
i prefer a venue in centre .
what kind of food would you like ?
i want a venue in the cheap price range and in the north of town , , it doesn ' t matter .
what kind of food would you like ?
i need a chinese venue .
i am sorry but there is no place , in the area of north , in the cheap price range and serving chinese food .
what is the phone number of the restaurant ?
i am sorry but there is no place , in the area of north , in the cheap price range and serving chinese food .
Reward: 0.9702298641204834

hello , welcome to the restaurant finding system . how may i help you ?
hi , i want to book a table
what part of town do you have in mind ?
i want a venue in the moderate price range and in the north of town .
what kind of food would you like ?
i need a indian venue .
the nirala is a nice place , it is in the north part of town , it serves indian food and it is in the moderate price range .
what is the address ?
the nirala is a nice place their address is 7 milton road chesterton .
thanks for your help , goodbye .
thank you , goodbye .
Reward: 0.9702298641204834

hello , welcome to the restaurant finding system . how may i help you ?
hi , i want to book a table
what part of town do you have in mind ?
i prefer a venue in centre .
what kind of food would you like ?
i want a venue in the expensive price range serving chinese food .
hk fusion is a nice place , it is in the centre of town , it serves chinese food and it is in the expensive price range .
thanks for your help , goodbye .
thank you , goodbye .
Reward: 0.9702298641204834

hello , welcome to the restaurant finding system . how may i help you ?
hi , i want to book a table
what part of town do you have in mind ?
i want a venue in the moderate price range and in the south of town .
what kind of food would you like ?
i want a venue in the moderate price range serving chinese food .
i am sorry but there is no place , serving chinese food , in the area of south and in the moderate price range .
thanks for your help , goodbye .
thank you , goodbye .
Reward: 0.9702298641204834

hello , welcome to the restaurant finding system . how may i help you ?
hi , i want to book a table
what part of town do you have in mind ?
i prefer a venue in centre .
what kind of food would you like ?
i want a restaurant in the moderate price range and in the north of town .
what kind of food would you like ?
i want a venue in the moderate price range and in the north of town . i want a venue in the expensive price range
what kind of food would you like ?
a chinese venue .
golden wok is a nice place , it is in the moderate price range , it is in the north part of town and it serves chinese food .
what is the address ?
golden wok is a nice place their address is 191 histon road chesterton .
Reward: 0.9702298641204834

hello , welcome to the restaurant finding system . how may i help you ?
i need another restaurant .
what part of town do you have in mind ?
i prefer a venue in north .
what kind of food would you like ?
i need a indian venue .
would you like something in the cheap , moderate , or expensive price range ?
i need a chinese venue .
would you like something in the cheap , moderate , or expensive price range ?
i want a venue in the expensive price range .
hakka is a nice place , it is in the north part of town , it is in the expensive price range and it serves chinese food .
what is the address of the restaurant ?
hakka is a nice place their address is milton road chesterton .
Reward: 0.9702298641204834

hello , welcome to the restaurant finding system . how may i help you ?
hi , i want to book a table
what part of town do you have in mind ?
i prefer a trip in the expensive price range and in the north of town .
what kind of food would you like ?
i want a venue in the moderate price range and in the north of town .
what kind of food would you like ?
i want a venue in the south of town . i want to matter name. i need a venue .
what kind of food would you like ?
i need a indian venue .
i am sorry but there is no place , serving indian food , in the moderate price range and in the area of south .
thanks for your help , goodbye .
thank you , goodbye .
Reward: 0.9709652066230774

hello , welcome to the restaurant finding system . how may i help you ?
hi , i want to book a table
what part of town do you have in mind ?
i want a venue in the moderate price range and in the centre of town .
what kind of food would you like ?
i need a international venue .
bloomsbury restaurant is a nice place , it serves international food , it is in the centre of town and it is in the moderate price range .
what is the address ?
bloomsbury restaurant is a nice place their address is crowne plaza hotel 20 downing street .
any thanks later
thank you , goodbye .
Reward: 0.9709652066230774

hello , welcome to the restaurant finding system . how may i help you ?
i need another restaurant .
what part of town do you have in mind ?
i prefer a venue in north .
what kind of food would you like ?
i need a chinese venue .
would you like something in the cheap , moderate , or expensive price range ?
i want a venue in the expensive price range .
hakka is a nice place , it is in the expensive price range , it is in the north part of town and it serves chinese food .
what is the address ?
hakka is a nice place their address is milton road chesterton .
thanks for your help , goodbye .
thank you , goodbye .
Reward: 0.9709652066230774

hello , welcome to the restaurant finding system . how may i help you ?
hi , i want to book a table
what part of town do you have in mind ?
i prefer a venue in north .
what kind of food would you like ?
i want a venue in the cheap price range and in the centre of town .
what kind of food would you like ?
i need a international venue .
i am sorry but there is no place , serving international food , in the cheap price range and in the area of centre .
any recipes , is this ?
i am sorry but there is no place , in the cheap price range , in the area of centre and serving international food .
thank you .
thank you , goodbye .
Reward: 0.9709652066230774

hello , welcome to the restaurant finding system . how may i help you ?
hi , i want to book a table
what part of town do you have in mind ?
i prefer a venue in south .
what kind of food would you like ?
i want a restaurant in the moderate price range serving chinese food .
i am sorry but there is no place , in the moderate price range , in the area of south and serving chinese food .
thanks for your help , goodbye .
thank you , goodbye .
Reward: 0.9709652066230774

hello , welcome to the restaurant finding system . how may i help you ?
hi , i want to book a table
what part of town do you have in mind ?
i prefer a venue in south .
what kind of food would you like ?
i need a chinese venue .
would you like something in the cheap , moderate , or expensive price range ?
it doesn ' t matter .
would you like something in the cheap , moderate , or expensive price range ?
it doesn ' t matter .
would you like something in the cheap , moderate , or expensive price range ?
i want a venue in the moderate price range .
i am sorry but there is no place , in the area of south , in the moderate price range and serving chinese food .
Reward: 0.9709652066230774

hello , welcome to the restaurant finding system . how may i help you ?
hi , i want to book a table
what part of town do you have in mind ?
i prefer a venue in east .
what kind of food would you like ?
i need a british restaurant .
grafton hotel restaurant is a nice place , it serves british food and it is in the east part of town .
what is the phone number of the restaurant ?
grafton hotel restaurant is a nice place their phone number is 0 1223 241387 .
thanks for your help , goodbye .
thank you , goodbye .
Reward: 0.9625295400619507

hello , welcome to the restaurant finding system . how may i help you ?
i need another restaurant .
what part of town do you have in mind ?
i prefer a venue in north .
what kind of food would you like ?
i need a indian venue .
would you like something in the cheap , moderate , or expensive price range ?
i want a venue in the expensive price range .
tandoori palace is a nice place , it is in the north part of town , it serves indian food and it is in the expensive price range .
what is the address ?
tandoori palace is a nice place their address is 68 histon road chesterton .
thanks for your help , goodbye .
thank you , goodbye .
Reward: 0.9625295400619507

hello , welcome to the restaurant finding system . how may i help you ?
hi , i want to book a table
what part of town do you have in mind ?
i prefer a venue in north .
what kind of food would you like ?
i need a indian venue .
would you like something in the cheap , moderate , or expensive price range ?
i want a venue in the expensive price range .
tandoori palace is a nice place , it serves indian food , it is in the expensive price range and it is in the north part of town .
what is the address ?
tandoori palace is a nice place their address is 68 histon road chesterton .
thanks for your help , goodbye .
thank you , goodbye .
Reward: 0.9625295400619507

hello , welcome to the restaurant finding system . how may i help you ?
i need another restaurant .
what part of town do you have in mind ?
it doesn ' t matter .
what part of town do you have in mind ?
i prefer a venue in north .
what kind of food would you like ?
i need a indian venue .
would you like something in the cheap , moderate , or expensive price range ?
i want a venue in the moderate price range .
the nirala is a nice place , it is in the moderate price range , it is in the north part of town and it serves indian food .
what is the address ?
the nirala is a nice place their address is 7 milton road chesterton .
Reward: 0.9625295400619507

hello , welcome to the restaurant finding system . how may i help you ?
hi , i want to book a table
what part of town do you have in mind ?
it doesn ' t matter .
what part of town do you have in mind ?
i need a restaurant in centre .
what kind of food would you like ?
i would need a european venue .
would you like something in the cheap , moderate , or expensive price range ?
i want a venue in the expensive price range .
michaelhouse cafe is a nice place , it is in the centre of town , it is in the expensive price range and it serves european food .
what is the address ?
michaelhouse cafe is a nice place their address is st . michael ' s church trinity street city centre .
Reward: 0.9625295400619507

hello , welcome to the restaurant finding system . how may i help you ?
i need another restaurant .
what part of town do you have in mind ?
i prefer a venue in north .
what kind of food would you like ?
i need a indian venue .
would you like something in the cheap , moderate , or expensive price range ?
i want a venue in the expensive price range .
tandoori palace is a nice place , it serves indian food , it is in the north part of town and it is in the expensive price range .
what is the phone number of the restaurant ?
tandoori palace is a nice place their phone number is 0 1223 506055 .
thanks for your help , goodbye .
thank you , goodbye .
Reward: 0.9625295400619507

