hello , welcome to the restaurant finding system . how may i help you ?
i need a spot for me .
i ' m having trouble understanding what you want . could you please rephrase it ?
Reward: 0.20262716710567474

hello , welcome to the restaurant finding system . how may i help you ?
i want a restaurant i ' m interested located in , can you need instructions to the theme of that restaurant ?
what part of town do you have in mind ?
Reward: 0.24436995387077332

hello , welcome to the restaurant finding system . how may i help you ?
i have an apartment around this 5 people .
i ' m having trouble understanding what you want . could you please rephrase it ?
Reward: 0.2039060890674591

hello , welcome to the restaurant finding system . how may i help you ?
i need something duper italian pizza if possible
i ' m having trouble understanding what you want . could you please rephrase it ?
Reward: 0.20513656735420227

hello , welcome to the restaurant finding system . how may i help you ?
i am looking for some italian restaurants .
what part of town do you have in mind ?
Reward: 0.2028428614139557

hello , welcome to the restaurant finding system . how may i help you ?
yes , i would like to make a reservation for a table on july 2 nd .
what part of town do you have in mind ?
Reward: 0.20344166457653046

hello , welcome to the restaurant finding system . how may i help you ?
i am curious to give me an apartment for me but i would like to sort them to a table .
what part of town do you have in mind ?
Reward: 0.20289316773414612

hello , welcome to the restaurant finding system . how may i help you ?
i need to know if the closest place is restaurant worth proof , smoking restaurant .
what part of town do you have in mind ?
Reward: 0.2276301234960556

hello , welcome to the restaurant finding system . how may i help you ?
i would like to place a cheap french restaurant .
i am sorry but there is no place , in the cheap price range and serving french food .
Reward: 0.20310138165950775

hello , welcome to the restaurant finding system . how may i help you ?
i would like to reserve good olive garden . .
i ' m having trouble understanding what you want . could you please rephrase it ?
Reward: 0.20647212862968445

hello , welcome to the restaurant finding system . how may i help you ?
i want the list i have between a casual network and tomatoes . by the ths though .
i ' m having trouble understanding what you want . could you please rephrase it ?
Reward: 0.20332783460617065

hello , welcome to the restaurant finding system . how may i help you ?
i ' d like to give that for a table for an italian restaurant .
what part of town do you have in mind ?
Reward: 0.20252995193004608

hello , welcome to the restaurant finding system . how may i help you ?
i ' m looking to go with authentic dean french and id like to go with restaurant . how can i have customer sauce ?
what part of town do you have in mind ?
Reward: 0.20400160551071167

hello , welcome to the restaurant finding system . how may i help you ?
i need $ 1200 a service chargers need to be section .
i ' m having trouble understanding what you want . could you please rephrase it ?
Reward: 0.23943625390529633

hello , welcome to the restaurant finding system . how may i help you ?
i bought a different restaurant in a good place for families .
the missing sock is nice
Reward: 0.5117399096488953

hello , welcome to the restaurant finding system . how may i help you ?
i ' m looking for a certificate please .
i ' m having trouble understanding what you want . could you please rephrase it ?
Reward: 0.20260688662528992

hello , welcome to the restaurant finding system . how may i help you ?
i need an ar , casual thrity .
i ' m having trouble understanding what you want . could you please rephrase it ?
Reward: 0.2549770474433899

hello , welcome to the restaurant finding system . how may i help you ?
i want to find a restaurant but i try hissing out .
what part of town do you have in mind ?
Reward: 0.2043442577123642

hello , welcome to the restaurant finding system . how may i help you ?
i ' m looking for something 10 bucks .
i ' m having trouble understanding what you want . could you please rephrase it ?
Reward: 0.20284800231456757

hello , welcome to the restaurant finding system . how may i help you ?
i ' m thinking about a restaurant , but the chien is fine .
what part of town do you have in mind ?
Reward: 0.4955123960971832

hello , welcome to the restaurant finding system . how may i help you ?
i want it sorted with authentic french omelette doesn' t matter .
i ' m having trouble understanding what you want . could you please rephrase it ?
Reward: 0.2025066316127777

hello , welcome to the restaurant finding system . how may i help you ?
i want a few sushi for cuisine . start here .
i ' m having trouble understanding what you want . could you please rephrase it ?
Reward: 0.202640563249588

hello , welcome to the restaurant finding system . how may i help you ?
i am in a party . i can ' t make a great place .
thank you , goodbye .
Reward: 0.20688946545124054

hello , welcome to the restaurant finding system . how may i help you ?
how to open work . ? can you looking forward to an italian restaurant ?
what part of town do you have in mind ?
Reward: 0.21703501045703888

hello , welcome to the restaurant finding system . how may i help you ?
i need a place that has some cheap french cuisine .
i ' m having trouble understanding what you want . could you please rephrase it ?
Reward: 0.2026100754737854

hello , welcome to the restaurant finding system . how may i help you ?
i just need to know how to get a cheap restaurant that is expensive .
what part of town do you have in mind ?
Reward: 0.7928353548049927

hello , welcome to the restaurant finding system . how may i help you ?
i think what come in the company without italian . cause we dont serve anything involving tomatos
i ' m having trouble understanding what you want . could you please rephrase it ?
Reward: 0.20382817089557648

hello , welcome to the restaurant finding system . how may i help you ?
well , i want to have an italian restaurant .
what part of town do you have in mind ?
Reward: 0.20295409858226776

hello , welcome to the restaurant finding system . how may i help you ?
i want to know how to find an italian restaurant in denver .
what part of town do you have in mind ?
Reward: 0.202776238322258

hello , welcome to the restaurant finding system . how may i help you ?
i am looking for an italian restaurant or specific club .
what part of town do you have in mind ?
Reward: 0.2031669318675995

hello , welcome to the restaurant finding system . how may i help you ?
i need to reserve a single restaurant with homemade denver be very fancy .
what part of town do you have in mind ?
Reward: 0.21100547909736633

hello , welcome to the restaurant finding system . how may i help you ?
can you tell me if i just has a table under all of my area that 81 - 16 of them ?
what part of town do you have in mind ?
Reward: 0.5316872000694275

hello , welcome to the restaurant finding system . how may i help you ?
i said we are planning on vacation and i need to be a restaurant but she doesn ' t sound cooked but we just want
what part of town do you have in mind ?
Reward: 0.5816357135772705

hello , welcome to the restaurant finding system . how may i help you ?
my wedding , can you suggest a cheap and authentic joint .
i ' m having trouble understanding what you want . could you please rephrase it ?
Reward: 0.25440821051597595

hello , welcome to the restaurant finding system . how may i help you ?
yes , how to reserve a reservation for men
i ' m having trouble understanding what you want . could you please rephrase it ?
Reward: 0.20457127690315247

hello , welcome to the restaurant finding system . how may i help you ?
i am looking to be able to make a reservation for this date . what are my best with kim codes for me .
i ' m having trouble understanding what you want . could you please rephrase it ?
Reward: 0.20249925553798676

hello , welcome to the restaurant finding system . how may i help you ?
it 's a birthday party ... i guess it would be fine . i guess i ' m searching for for an italian restaurant .
what part of town do you have in mind ?
Reward: 0.2157878577709198

hello , welcome to the restaurant finding system . how may i help you ?
i want a few 10 people ,
i ' m having trouble understanding what you want . could you please rephrase it ?
Reward: 0.21992556750774384

hello , welcome to the restaurant finding system . how may i help you ?
i need to know if you are pinapple roll fancy .
i ' m having trouble understanding what you want . could you please rephrase it ?
Reward: 0.21427465975284576

hello , welcome to the restaurant finding system . how may i help you ?
i need some a great bars .
thank you , goodbye .
Reward: 0.22606657445430756

hello , welcome to the restaurant finding system . how may i help you ?
i need to reserve a table monday for the free at an event .
what part of town do you have in mind ?
Reward: 0.20550602674484253

hello , welcome to the restaurant finding system . how may i help you ?
i am looking up for my current one . ocean lobster has awesome pizza ill do .
i ' m having trouble understanding what you want . could you please rephrase it ?
Reward: 0.2027842104434967

hello , welcome to the restaurant finding system . how may i help you ?
i have 5 months for 3 in off . we haven ' t need any name ! . . my question is go , i
i ' m having trouble understanding what you want . could you please rephrase it ?
Reward: 0.202567458152771

hello , welcome to the restaurant finding system . how may i help you ?
i need a show for my restaurant . we ' ll be feeding him looking for a few .
what part of town do you have in mind ?
Reward: 0.20262832939624786

hello , welcome to the restaurant finding system . how may i help you ?
i ' d like to ask for more for my specific restaurant , can you provide me with recipes .
ask is a nice place their phone number is 0 1223 364917 .
Reward: 0.5156532526016235

hello , welcome to the restaurant finding system . how may i help you ?
what somehow would be expensive to be italian in an italian restaurant tonight ?
what part of town do you have in mind ?
Reward: 0.20370478928089142

hello , welcome to the restaurant finding system . how may i help you ?
i need a weather setting for my 16 restaurant . we ' m in an option .
what part of town do you have in mind ?
Reward: 0.2026621252298355

hello , welcome to the restaurant finding system . how may i help you ?
can i tell my any of crystal and involve tomatoes ? then i need change system
i ' m having trouble understanding what you want . could you please rephrase it ?
Reward: 0.5221218466758728

hello , welcome to the restaurant finding system . how may i help you ?
i ' m looking for a good place
i ' m having trouble understanding what you want . could you please rephrase it ?
Reward: 0.20503127574920654

hello , welcome to the restaurant finding system . how may i help you ?
please short with fire .
i ' m having trouble understanding what you want . could you please rephrase it ?
Reward: 0.2151273787021637

hello , welcome to the restaurant finding system . how may i help you ?
yes . i ' ll be tired of dogs . can you help me with step instructions ?
i ' m having trouble understanding what you want . could you please rephrase it ?
Reward: 0.2029058039188385

hello , welcome to the restaurant finding system . how may i help you ?
my area .
i ' m having trouble understanding what you want . could you please rephrase it ?
Reward: 0.2039026916027069

hello , welcome to the restaurant finding system . how may i help you ?
yes . where my offer area would be saturday at ?
i ' m having trouble understanding what you want . could you please rephrase it ?
Reward: 0.21566087007522583

hello , welcome to the restaurant finding system . how may i help you ?
i don i want to know and there has some good scams .
i ' m having trouble understanding what you want . could you please rephrase it ?
Reward: 0.2926228642463684

hello , welcome to the restaurant finding system . how may i help you ?
i want to find out for me in a restaurant that serves poodles .
what part of town do you have in mind ?
Reward: 0.20267491042613983

hello , welcome to the restaurant finding system . how may i help you ?
i want to find some people that like play in the entire office .
i ' m having trouble understanding what you want . could you please rephrase it ?
Reward: 0.2026374340057373

hello , welcome to the restaurant finding system . how may i help you ?
i want to know is how much space i have to cannot ?
i ' m having trouble understanding what you want . could you please rephrase it ?
Reward: 0.4091549217700958

hello , welcome to the restaurant finding system . how may i help you ?
i 'm not sure. i' d like to know if i have to share a green lobster then
i ' m having trouble understanding what you want . could you please rephrase it ?
Reward: 0.20505329966545105

hello , welcome to the restaurant finding system . how may i help you ?
i want to be authentic french .
i ' m having trouble understanding what you want . could you please rephrase it ?
Reward: 0.20275941491127014

hello , welcome to the restaurant finding system . how may i help you ?
i can me 300 restaurant of my budget of the summer .
what part of town do you have in mind ?
Reward: 0.2095075398683548

hello , welcome to the restaurant finding system . how may i help you ?
i want to go somewhere affordable right now , we does like anything to occur . i need a recommendation !
i ' m having trouble understanding what you want . could you please rephrase it ?
Reward: 0.20713159441947937

hello , welcome to the restaurant finding system . how may i help you ?
i am having an italian restaurant there . hello ?
what part of town do you have in mind ?
Reward: 0.20335611701011658

hello , welcome to the restaurant finding system . how may i help you ?
will my place cost less than families .
i ' m having trouble understanding what you want . could you please rephrase it ?
Reward: 0.20650488138198853

hello , welcome to the restaurant finding system . how may i help you ?
i want to do a place for me . and i have a few tables .
what part of town do you have in mind ?
Reward: 0.20274969935417175

hello , welcome to the restaurant finding system . how may i help you ?
i am looking on both of these dishes . for myself . can i get some about some one
i ' m having trouble understanding what you want . could you please rephrase it ?
Reward: 0.2025829553604126

hello , welcome to the restaurant finding system . how may i help you ?
i ' ll find out how i ' m in one loss .
i ' m having trouble understanding what you want . could you please rephrase it ?
Reward: 0.20254012942314148

hello , welcome to the restaurant finding system . how may i help you ?
the one mainly .
i ' m having trouble understanding what you want . could you please rephrase it ?
Reward: 0.20817424356937408

hello , welcome to the restaurant finding system . how may i help you ?
i would like to make an distance for 50 people .
i ' m having trouble understanding what you want . could you please rephrase it ?
Reward: 0.2028222382068634

hello , welcome to the restaurant finding system . how may i help you ?
my italian food only hotel . how do i find the restaurant that we ' re cooking serving anything ? i ' d like to
what part of town do you have in mind ?
Reward: 0.20304517447948456

hello , welcome to the restaurant finding system . how may i help you ?
i 'm gonna be goldfish ' s serve tomatoes .
i ' m having trouble understanding what you want . could you please rephrase it ?
Reward: 0.23268339037895203

hello , welcome to the restaurant finding system . how may i help you ?
i am looking / it for a fancy restaurant . i will do that . i would like to go , but then find me
what part of town do you have in mind ?
Reward: 0.20283620059490204

hello , welcome to the restaurant finding system . how may i help you ?
i like to make an italian restaurant .
what part of town do you have in mind ?
Reward: 0.20293378829956055

hello , welcome to the restaurant finding system . how may i help you ?
the italian suggested japanese restaurant .
what part of town do you have in mind ?
Reward: 0.20448866486549377

hello , welcome to the restaurant finding system . how may i help you ?
what is the best drink to make a cheap fancy restaurant .
what part of town do you have in mind ?
Reward: 0.20322778820991516

hello , welcome to the restaurant finding system . how may i help you ?
i need to find an eta on it .
i ' m having trouble understanding what you want . could you please rephrase it ?
Reward: 0.20316089689731598

hello , welcome to the restaurant finding system . how may i help you ?
i want to give approximate to a short story .
i ' m having trouble understanding what you want . could you please rephrase it ?
Reward: 0.20280882716178894

hello , welcome to the restaurant finding system . how may i help you ?
i want to have 5 minutes more .
i ' m having trouble understanding what you want . could you please rephrase it ?
Reward: 0.2035100907087326

hello , welcome to the restaurant finding system . how may i help you ?
i ' m not capable of my current area .
i ' m having trouble understanding what you want . could you please rephrase it ?
Reward: 0.21374832093715668

hello , welcome to the restaurant finding system . how may i help you ?
i just want to go to an italian food .
what part of town do you have in mind ?
Reward: 0.2035001516342163

hello , welcome to the restaurant finding system . how may i help you ?
i want to book a little family restaurant , and i think i ' d like to give the reservation for this restaurant .
what part of town do you have in mind ?
Reward: 0.7191078662872314

hello , welcome to the restaurant finding system . how may i help you ?
i want some french noodles
i ' m having trouble understanding what you want . could you please rephrase it ?
Reward: 0.2028045356273651

hello , welcome to the restaurant finding system . how may i help you ?
not that ! why can accommodate some of directors
i ' m having trouble understanding what you want . could you please rephrase it ?
Reward: 0.23169082403182983

hello , welcome to the restaurant finding system . how may i help you ?
i can want to go to some eggplant execs .
i ' m having trouble understanding what you want . could you please rephrase it ?
Reward: 0.202728733420372

hello , welcome to the restaurant finding system . how may i help you ?
i want to find grooming if i recommend them to go the highest rated restaurant , is that higher ?
what part of town do you have in mind ?
Reward: 0.21424604952335358

hello , welcome to the restaurant finding system . how may i help you ?
i ' d like to book an italian restaurant of burger king at the office .
what part of town do you have in mind ?
Reward: 0.21340005099773407

hello , welcome to the restaurant finding system . how may i help you ?
i would like to know if i want to make a reservation .
i ' m having trouble understanding what you want . could you please rephrase it ?
Reward: 0.2026151567697525

hello , welcome to the restaurant finding system . how may i help you ?
i want to make a reservation in the office . a nice one .
i ' m having trouble understanding what you want . could you please rephrase it ?
Reward: 0.20250782370567322

hello , welcome to the restaurant finding system . how may i help you ?
i want to eat some restaurant . please give me the nearest restaurant . to i need a table for 2 , and decide between
what part of town do you have in mind ?
Reward: 0.20366017520427704

hello , welcome to the restaurant finding system . how may i help you ?
can you provide things for me for the restaurant of a restaurant restaurant a restaurant are system doesn ' t serve anything in my area
what part of town do you have in mind ?
Reward: 0.20259812474250793

hello , welcome to the restaurant finding system . how may i help you ?
don ' t think i am expensive . can you suggest ?
i ' m having trouble understanding what you want . could you please rephrase it ?
Reward: 0.3351147472858429

hello , welcome to the restaurant finding system . how may i help you ?
i want to know how to keep all of mice , and tomato
i ' m having trouble understanding what you want . could you please rephrase it ?
Reward: 0.3432285487651825

hello , welcome to the restaurant finding system . how may i help you ?
i need to get an apple premium .
i ' m having trouble understanding what you want . could you please rephrase it ?
Reward: 0.30720052123069763

hello , welcome to the restaurant finding system . how may i help you ?
i ' d like to find a pizza like that in a restaurant .
what part of town do you have in mind ?
Reward: 0.20259210467338562

hello , welcome to the restaurant finding system . how may i help you ?
regarding my mind , do i need to count on the farthest , and i said or like it .
i ' m having trouble understanding what you want . could you please rephrase it ?
Reward: 0.514645516872406

hello , welcome to the restaurant finding system . how may i help you ?
i need to reserve a circus < make me with a restaurant that i can want me as these requirements .
what part of town do you have in mind ?
Reward: 0.20323726534843445

hello , welcome to the restaurant finding system . how may i help you ?
i need a fancy italian restaurant .
what part of town do you have in mind ?
Reward: 0.2034522444009781

hello , welcome to the restaurant finding system . how may i help you ?
i 'm wondering are tomatoes so i ' d like to get there to even what i need for me .
i ' m having trouble understanding what you want . could you please rephrase it ?
Reward: 0.4643373489379883

hello , welcome to the restaurant finding system . how may i help you ?
i am looking for a place in saskatoon .
i ' m having trouble understanding what you want . could you please rephrase it ?
Reward: 0.20254966616630554

hello , welcome to the restaurant finding system . how may i help you ?
i want to include the italian restaurant in denver .
what part of town do you have in mind ?
Reward: 0.20330116152763367

hello , welcome to the restaurant finding system . how may i help you ?
i want to make a reservation for , i ' d like to make a reservation for two this weekend .
i ' m having trouble understanding what you want . could you please rephrase it ?
Reward: 0.20251788198947906

